[2025-01-23T12:59:46.118+0000] {local_task_job_runner.py:123} INFO - ::group::Pre task execution logs
[2025-01-23T12:59:46.129+0000] {taskinstance.py:2613} INFO - Dependencies all met for dep_context=non-requeueable deps ti=<TaskInstance: taskgroupbs_edgelabels.filtering.filter_by_southeast manual__2025-01-23T12:59:42.070773+00:00 [queued]>
[2025-01-23T12:59:46.135+0000] {taskinstance.py:2613} INFO - Dependencies all met for dep_context=requeueable deps ti=<TaskInstance: taskgroupbs_edgelabels.filtering.filter_by_southeast manual__2025-01-23T12:59:42.070773+00:00 [queued]>
[2025-01-23T12:59:46.136+0000] {taskinstance.py:2866} INFO - Starting attempt 1 of 1
[2025-01-23T12:59:46.145+0000] {taskinstance.py:2889} INFO - Executing <Task(PythonOperator): filtering.filter_by_southeast> on 2025-01-23 12:59:42.070773+00:00
[2025-01-23T12:59:46.149+0000] {warnings.py:112} WARNING - /home/***/.local/lib/python3.12/site-packages/***/task/task_runner/standard_task_runner.py:70: DeprecationWarning: This process (pid=2428) is multi-threaded, use of fork() may lead to deadlocks in the child.
  pid = os.fork()

[2025-01-23T12:59:46.151+0000] {standard_task_runner.py:72} INFO - Started process 2430 to run task
[2025-01-23T12:59:46.151+0000] {standard_task_runner.py:104} INFO - Running: ['***', 'tasks', 'run', 'taskgroupbs_edgelabels', 'filtering.filter_by_southeast', 'manual__2025-01-23T12:59:42.070773+00:00', '--job-id', '414', '--raw', '--subdir', 'DAGS_FOLDER/taskgroups_edgelabels.py', '--cfg-path', '/tmp/tmpiazlr9mv']
[2025-01-23T12:59:46.152+0000] {standard_task_runner.py:105} INFO - Job 414: Subtask filtering.filter_by_southeast
[2025-01-23T12:59:46.274+0000] {task_command.py:467} INFO - Running <TaskInstance: taskgroupbs_edgelabels.filtering.filter_by_southeast manual__2025-01-23T12:59:42.070773+00:00 [running]> on host 7854821b9569
[2025-01-23T12:59:46.318+0000] {taskinstance.py:3132} INFO - Exporting env vars: AIRFLOW_CTX_DAG_OWNER='mohamed' AIRFLOW_CTX_DAG_ID='taskgroupbs_edgelabels' AIRFLOW_CTX_TASK_ID='filtering.filter_by_southeast' AIRFLOW_CTX_EXECUTION_DATE='2025-01-23T12:59:42.070773+00:00' AIRFLOW_CTX_TRY_NUMBER='1' AIRFLOW_CTX_DAG_RUN_ID='manual__2025-01-23T12:59:42.070773+00:00'
[2025-01-23T12:59:46.319+0000] {taskinstance.py:731} INFO - ::endgroup::
[2025-01-23T12:59:46.338+0000] {warnings.py:112} WARNING - /opt/***/dags/functions.py:111: FutureWarning: Passing literal json to 'read_json' is deprecated and will be removed in a future version. To read from a literal string, wrap it in a 'StringIO' object.
  df=pd.read_json(json_data)

[2025-01-23T12:59:46.356+0000] {python.py:240} INFO - Done. Returned value was: None
[2025-01-23T12:59:46.362+0000] {taskinstance.py:340} INFO - ::group::Post task execution logs
[2025-01-23T12:59:46.363+0000] {taskinstance.py:352} INFO - Marking task as SUCCESS. dag_id=taskgroupbs_edgelabels, task_id=filtering.filter_by_southeast, run_id=manual__2025-01-23T12:59:42.070773+00:00, execution_date=20250123T125942, start_date=20250123T125946, end_date=20250123T125946
[2025-01-23T12:59:46.405+0000] {local_task_job_runner.py:266} INFO - Task exited with return code 0
[2025-01-23T12:59:46.411+0000] {local_task_job_runner.py:245} INFO - ::endgroup::
