[2025-01-19T10:29:53.895+0000] {local_task_job_runner.py:123} INFO - ::group::Pre task execution logs
[2025-01-19T10:29:53.905+0000] {taskinstance.py:2613} INFO - Dependencies all met for dep_context=non-requeueable deps ti=<TaskInstance: tst.tst scheduled__2025-01-19T00:00:00+00:00 [queued]>
[2025-01-19T10:29:53.910+0000] {taskinstance.py:2613} INFO - Dependencies all met for dep_context=requeueable deps ti=<TaskInstance: tst.tst scheduled__2025-01-19T00:00:00+00:00 [queued]>
[2025-01-19T10:29:53.911+0000] {taskinstance.py:2866} INFO - Starting attempt 1 of 1
[2025-01-19T10:29:53.920+0000] {taskinstance.py:2889} INFO - Executing <Task(BashOperator): tst> on 2025-01-19 00:00:00+00:00
[2025-01-19T10:29:53.924+0000] {warnings.py:112} WARNING - /home/***/.local/lib/python3.12/site-packages/***/task/task_runner/standard_task_runner.py:70: DeprecationWarning: This process (pid=176) is multi-threaded, use of fork() may lead to deadlocks in the child.
  pid = os.fork()

[2025-01-19T10:29:53.925+0000] {standard_task_runner.py:72} INFO - Started process 177 to run task
[2025-01-19T10:29:53.925+0000] {standard_task_runner.py:104} INFO - Running: ['***', 'tasks', 'run', 'tst', 'tst', 'scheduled__2025-01-19T00:00:00+00:00', '--job-id', '40', '--raw', '--subdir', 'DAGS_FOLDER/tst.py', '--cfg-path', '/tmp/tmpntui8f8_']
[2025-01-19T10:29:53.926+0000] {standard_task_runner.py:105} INFO - Job 40: Subtask tst
[2025-01-19T10:29:53.956+0000] {task_command.py:467} INFO - Running <TaskInstance: tst.tst scheduled__2025-01-19T00:00:00+00:00 [running]> on host 3b55e2275365
[2025-01-19T10:29:53.999+0000] {taskinstance.py:3132} INFO - Exporting env vars: AIRFLOW_CTX_DAG_OWNER='***' AIRFLOW_CTX_DAG_ID='tst' AIRFLOW_CTX_TASK_ID='tst' AIRFLOW_CTX_EXECUTION_DATE='2025-01-19T00:00:00+00:00' AIRFLOW_CTX_TRY_NUMBER='1' AIRFLOW_CTX_DAG_RUN_ID='scheduled__2025-01-19T00:00:00+00:00'
[2025-01-19T10:29:54.002+0000] {taskinstance.py:731} INFO - ::endgroup::
[2025-01-19T10:29:54.018+0000] {subprocess.py:78} INFO - Tmp dir root location: /tmp
[2025-01-19T10:29:54.019+0000] {subprocess.py:88} INFO - Running command: ['/usr/bin/bash', '-c', 'echo hello']
[2025-01-19T10:29:54.025+0000] {subprocess.py:99} INFO - Output:
[2025-01-19T10:29:54.026+0000] {subprocess.py:106} INFO - hello
[2025-01-19T10:29:54.027+0000] {subprocess.py:110} INFO - Command exited with return code 0
[2025-01-19T10:29:54.044+0000] {taskinstance.py:340} INFO - ::group::Post task execution logs
[2025-01-19T10:29:54.044+0000] {taskinstance.py:352} INFO - Marking task as SUCCESS. dag_id=tst, task_id=tst, run_id=scheduled__2025-01-19T00:00:00+00:00, execution_date=20250119T000000, start_date=20250119T102953, end_date=20250119T102954
[2025-01-19T10:29:54.100+0000] {local_task_job_runner.py:266} INFO - Task exited with return code 0
[2025-01-19T10:29:54.110+0000] {taskinstance.py:3895} INFO - 0 downstream tasks scheduled from follow-on schedule check
[2025-01-19T10:29:54.114+0000] {local_task_job_runner.py:245} INFO - ::endgroup::
