[2025-01-22T11:03:25.245+0000] {local_task_job_runner.py:123} INFO - ::group::Pre task execution logs
[2025-01-22T11:03:25.254+0000] {taskinstance.py:2613} INFO - Dependencies all met for dep_context=non-requeueable deps ti=<TaskInstance: branching_variables.branch manual__2025-01-22T11:03:21.727472+00:00 [queued]>
[2025-01-22T11:03:25.259+0000] {taskinstance.py:2613} INFO - Dependencies all met for dep_context=requeueable deps ti=<TaskInstance: branching_variables.branch manual__2025-01-22T11:03:21.727472+00:00 [queued]>
[2025-01-22T11:03:25.260+0000] {taskinstance.py:2866} INFO - Starting attempt 1 of 1
[2025-01-22T11:03:25.268+0000] {taskinstance.py:2889} INFO - Executing <Task(BranchPythonOperator): branch> on 2025-01-22 11:03:21.727472+00:00
[2025-01-22T11:03:25.274+0000] {warnings.py:112} WARNING - /home/***/.local/lib/python3.12/site-packages/***/task/task_runner/standard_task_runner.py:70: DeprecationWarning: This process (pid=2314) is multi-threaded, use of fork() may lead to deadlocks in the child.
  pid = os.fork()

[2025-01-22T11:03:25.275+0000] {standard_task_runner.py:72} INFO - Started process 2316 to run task
[2025-01-22T11:03:25.275+0000] {standard_task_runner.py:104} INFO - Running: ['***', 'tasks', 'run', 'branching_variables', 'branch', 'manual__2025-01-22T11:03:21.727472+00:00', '--job-id', '252', '--raw', '--subdir', 'DAGS_FOLDER/branching_variables.py', '--cfg-path', '/tmp/tmpwak966ah']
[2025-01-22T11:03:25.277+0000] {standard_task_runner.py:105} INFO - Job 252: Subtask branch
[2025-01-22T11:03:25.307+0000] {task_command.py:467} INFO - Running <TaskInstance: branching_variables.branch manual__2025-01-22T11:03:21.727472+00:00 [running]> on host 7854821b9569
[2025-01-22T11:03:25.462+0000] {taskinstance.py:3132} INFO - Exporting env vars: AIRFLOW_CTX_DAG_OWNER='mohamed' AIRFLOW_CTX_DAG_ID='branching_variables' AIRFLOW_CTX_TASK_ID='branch' AIRFLOW_CTX_EXECUTION_DATE='2025-01-22T11:03:21.727472+00:00' AIRFLOW_CTX_TRY_NUMBER='1' AIRFLOW_CTX_DAG_RUN_ID='manual__2025-01-22T11:03:21.727472+00:00'
[2025-01-22T11:03:25.463+0000] {taskinstance.py:731} INFO - ::endgroup::
[2025-01-22T11:03:25.470+0000] {baseoperator.py:421} WARNING - BranchPythonOperator.execute cannot be called outside TaskInstance!
[2025-01-22T11:03:25.476+0000] {python.py:240} INFO - Done. Returned value was: filter_southwest
[2025-01-22T11:03:25.476+0000] {branch.py:38} INFO - Branch into filter_southwest
[2025-01-22T11:03:25.477+0000] {skipmixin.py:230} INFO - Following branch ('filter_southwest',)
[2025-01-22T11:03:25.482+0000] {skipmixin.py:278} INFO - Skipping tasks [('filter_southest', -1)]
[2025-01-22T11:03:25.502+0000] {taskinstance.py:340} INFO - ::group::Post task execution logs
[2025-01-22T11:03:25.503+0000] {taskinstance.py:352} INFO - Marking task as SUCCESS. dag_id=branching_variables, task_id=branch, run_id=manual__2025-01-22T11:03:21.727472+00:00, execution_date=20250122T110321, start_date=20250122T110325, end_date=20250122T110325
[2025-01-22T11:03:25.530+0000] {local_task_job_runner.py:266} INFO - Task exited with return code 0
[2025-01-22T11:03:25.536+0000] {local_task_job_runner.py:245} INFO - ::endgroup::
