[2025-01-19T13:26:37.279+0000] {local_task_job_runner.py:123} INFO - ::group::Pre task execution logs
[2025-01-19T13:26:37.287+0000] {taskinstance.py:2613} INFO - Dependencies all met for dep_context=non-requeueable deps ti=<TaskInstance: Data_Pipeline.agg_smoker manual__2025-01-19T13:26:33.577744+00:00 [queued]>
[2025-01-19T13:26:37.293+0000] {taskinstance.py:2613} INFO - Dependencies all met for dep_context=requeueable deps ti=<TaskInstance: Data_Pipeline.agg_smoker manual__2025-01-19T13:26:33.577744+00:00 [queued]>
[2025-01-19T13:26:37.293+0000] {taskinstance.py:2866} INFO - Starting attempt 1 of 1
[2025-01-19T13:26:37.302+0000] {taskinstance.py:2889} INFO - Executing <Task(PythonOperator): agg_smoker> on 2025-01-19 13:26:33.577744+00:00
[2025-01-19T13:26:37.307+0000] {warnings.py:112} WARNING - /home/***/.local/lib/python3.12/site-packages/***/task/task_runner/standard_task_runner.py:70: DeprecationWarning: This process (pid=366) is multi-threaded, use of fork() may lead to deadlocks in the child.
  pid = os.fork()

[2025-01-19T13:26:37.309+0000] {standard_task_runner.py:72} INFO - Started process 372 to run task
[2025-01-19T13:26:37.308+0000] {standard_task_runner.py:104} INFO - Running: ['***', 'tasks', 'run', 'Data_Pipeline', 'agg_smoker', 'manual__2025-01-19T13:26:33.577744+00:00', '--job-id', '124', '--raw', '--subdir', 'DAGS_FOLDER/code.py', '--cfg-path', '/tmp/tmpkdi5icro']
[2025-01-19T13:26:37.311+0000] {standard_task_runner.py:105} INFO - Job 124: Subtask agg_smoker
[2025-01-19T13:26:37.346+0000] {task_command.py:467} INFO - Running <TaskInstance: Data_Pipeline.agg_smoker manual__2025-01-19T13:26:33.577744+00:00 [running]> on host c9c93e379960
[2025-01-19T13:26:37.401+0000] {taskinstance.py:3132} INFO - Exporting env vars: AIRFLOW_CTX_DAG_OWNER='***' AIRFLOW_CTX_DAG_ID='Data_Pipeline' AIRFLOW_CTX_TASK_ID='agg_smoker' AIRFLOW_CTX_EXECUTION_DATE='2025-01-19T13:26:33.577744+00:00' AIRFLOW_CTX_TRY_NUMBER='1' AIRFLOW_CTX_DAG_RUN_ID='manual__2025-01-19T13:26:33.577744+00:00'
[2025-01-19T13:26:37.402+0000] {taskinstance.py:731} INFO - ::endgroup::
[2025-01-19T13:26:37.426+0000] {warnings.py:112} WARNING - /opt/***/dags/code.py:25: FutureWarning: Passing literal json to 'read_json' is deprecated and will be removed in a future version. To read from a literal string, wrap it in a 'StringIO' object.
  df=pd.read_json(data_json)

[2025-01-19T13:26:37.453+0000] {python.py:240} INFO - Done. Returned value was: None
[2025-01-19T13:26:37.459+0000] {taskinstance.py:340} INFO - ::group::Post task execution logs
[2025-01-19T13:26:37.459+0000] {taskinstance.py:352} INFO - Marking task as SUCCESS. dag_id=Data_Pipeline, task_id=agg_smoker, run_id=manual__2025-01-19T13:26:33.577744+00:00, execution_date=20250119T132633, start_date=20250119T132637, end_date=20250119T132637
[2025-01-19T13:26:37.484+0000] {local_task_job_runner.py:266} INFO - Task exited with return code 0
[2025-01-19T13:26:37.490+0000] {local_task_job_runner.py:245} INFO - ::endgroup::
