[2025-01-19T10:29:56.707+0000] {local_task_job_runner.py:123} INFO - ::group::Pre task execution logs
[2025-01-19T10:29:56.718+0000] {taskinstance.py:2613} INFO - Dependencies all met for dep_context=non-requeueable deps ti=<TaskInstance: tst.tst manual__2025-01-19T10:29:55.492149+00:00 [queued]>
[2025-01-19T10:29:56.723+0000] {taskinstance.py:2613} INFO - Dependencies all met for dep_context=requeueable deps ti=<TaskInstance: tst.tst manual__2025-01-19T10:29:55.492149+00:00 [queued]>
[2025-01-19T10:29:56.724+0000] {taskinstance.py:2866} INFO - Starting attempt 1 of 1
[2025-01-19T10:29:56.734+0000] {taskinstance.py:2889} INFO - Executing <Task(BashOperator): tst> on 2025-01-19 10:29:55.492149+00:00
[2025-01-19T10:29:56.737+0000] {warnings.py:112} WARNING - /home/***/.local/lib/python3.12/site-packages/***/task/task_runner/standard_task_runner.py:70: DeprecationWarning: This process (pid=180) is multi-threaded, use of fork() may lead to deadlocks in the child.
  pid = os.fork()

[2025-01-19T10:29:56.739+0000] {standard_task_runner.py:104} INFO - Running: ['***', 'tasks', 'run', 'tst', 'tst', 'manual__2025-01-19T10:29:55.492149+00:00', '--job-id', '41', '--raw', '--subdir', 'DAGS_FOLDER/tst.py', '--cfg-path', '/tmp/tmpkb2vxi0l']
[2025-01-19T10:29:56.739+0000] {standard_task_runner.py:72} INFO - Started process 181 to run task
[2025-01-19T10:29:56.740+0000] {standard_task_runner.py:105} INFO - Job 41: Subtask tst
[2025-01-19T10:29:56.769+0000] {task_command.py:467} INFO - Running <TaskInstance: tst.tst manual__2025-01-19T10:29:55.492149+00:00 [running]> on host 3b55e2275365
[2025-01-19T10:29:56.820+0000] {taskinstance.py:3132} INFO - Exporting env vars: AIRFLOW_CTX_DAG_OWNER='***' AIRFLOW_CTX_DAG_ID='tst' AIRFLOW_CTX_TASK_ID='tst' AIRFLOW_CTX_EXECUTION_DATE='2025-01-19T10:29:55.492149+00:00' AIRFLOW_CTX_TRY_NUMBER='1' AIRFLOW_CTX_DAG_RUN_ID='manual__2025-01-19T10:29:55.492149+00:00'
[2025-01-19T10:29:56.821+0000] {taskinstance.py:731} INFO - ::endgroup::
[2025-01-19T10:29:56.830+0000] {subprocess.py:78} INFO - Tmp dir root location: /tmp
[2025-01-19T10:29:56.831+0000] {subprocess.py:88} INFO - Running command: ['/usr/bin/bash', '-c', 'echo hello']
[2025-01-19T10:29:56.837+0000] {subprocess.py:99} INFO - Output:
[2025-01-19T10:29:56.838+0000] {subprocess.py:106} INFO - hello
[2025-01-19T10:29:56.838+0000] {subprocess.py:110} INFO - Command exited with return code 0
[2025-01-19T10:29:56.855+0000] {taskinstance.py:340} INFO - ::group::Post task execution logs
[2025-01-19T10:29:56.856+0000] {taskinstance.py:352} INFO - Marking task as SUCCESS. dag_id=tst, task_id=tst, run_id=manual__2025-01-19T10:29:55.492149+00:00, execution_date=20250119T102955, start_date=20250119T102956, end_date=20250119T102956
[2025-01-19T10:29:56.914+0000] {local_task_job_runner.py:266} INFO - Task exited with return code 0
[2025-01-19T10:29:56.925+0000] {taskinstance.py:3895} INFO - 0 downstream tasks scheduled from follow-on schedule check
[2025-01-19T10:29:56.929+0000] {local_task_job_runner.py:245} INFO - ::endgroup::
