[2025-01-22T11:11:42.626+0000] {local_task_job_runner.py:123} INFO - ::group::Pre task execution logs
[2025-01-22T11:11:42.639+0000] {taskinstance.py:2613} INFO - Dependencies all met for dep_context=non-requeueable deps ti=<TaskInstance: branching_variables.filter_southest manual__2025-01-22T11:11:38.642886+00:00 [queued]>
[2025-01-22T11:11:42.645+0000] {taskinstance.py:2613} INFO - Dependencies all met for dep_context=requeueable deps ti=<TaskInstance: branching_variables.filter_southest manual__2025-01-22T11:11:38.642886+00:00 [queued]>
[2025-01-22T11:11:42.645+0000] {taskinstance.py:2866} INFO - Starting attempt 1 of 1
[2025-01-22T11:11:42.654+0000] {taskinstance.py:2889} INFO - Executing <Task(PythonOperator): filter_southest> on 2025-01-22 11:11:38.642886+00:00
[2025-01-22T11:11:42.659+0000] {warnings.py:112} WARNING - /home/***/.local/lib/python3.12/site-packages/***/task/task_runner/standard_task_runner.py:70: DeprecationWarning: This process (pid=2486) is multi-threaded, use of fork() may lead to deadlocks in the child.
  pid = os.fork()

[2025-01-22T11:11:42.660+0000] {standard_task_runner.py:72} INFO - Started process 2488 to run task
[2025-01-22T11:11:42.661+0000] {standard_task_runner.py:104} INFO - Running: ['***', 'tasks', 'run', 'branching_variables', 'filter_southest', 'manual__2025-01-22T11:11:38.642886+00:00', '--job-id', '268', '--raw', '--subdir', 'DAGS_FOLDER/branching_variables.py', '--cfg-path', '/tmp/tmp6jq6sdnk']
[2025-01-22T11:11:42.662+0000] {standard_task_runner.py:105} INFO - Job 268: Subtask filter_southest
[2025-01-22T11:11:42.690+0000] {task_command.py:467} INFO - Running <TaskInstance: branching_variables.filter_southest manual__2025-01-22T11:11:38.642886+00:00 [running]> on host 7854821b9569
[2025-01-22T11:11:42.833+0000] {taskinstance.py:3132} INFO - Exporting env vars: AIRFLOW_CTX_DAG_OWNER='mohamed' AIRFLOW_CTX_DAG_ID='branching_variables' AIRFLOW_CTX_TASK_ID='filter_southest' AIRFLOW_CTX_EXECUTION_DATE='2025-01-22T11:11:38.642886+00:00' AIRFLOW_CTX_TRY_NUMBER='1' AIRFLOW_CTX_DAG_RUN_ID='manual__2025-01-22T11:11:38.642886+00:00'
[2025-01-22T11:11:42.834+0000] {taskinstance.py:731} INFO - ::endgroup::
[2025-01-22T11:11:42.849+0000] {warnings.py:112} WARNING - /opt/***/dags/functions.py:69: FutureWarning: Passing literal json to 'read_json' is deprecated and will be removed in a future version. To read from a literal string, wrap it in a 'StringIO' object.
  df=pd.read_json(json_data)

[2025-01-22T11:11:42.856+0000] {python.py:240} INFO - Done. Returned value was: {"age":{},"sex":{},"bmi":{},"children":{},"smoker":{},"region":{},"charges":{}}
[2025-01-22T11:11:42.869+0000] {taskinstance.py:340} INFO - ::group::Post task execution logs
[2025-01-22T11:11:42.870+0000] {taskinstance.py:352} INFO - Marking task as SUCCESS. dag_id=branching_variables, task_id=filter_southest, run_id=manual__2025-01-22T11:11:38.642886+00:00, execution_date=20250122T111138, start_date=20250122T111142, end_date=20250122T111142
[2025-01-22T11:11:42.915+0000] {local_task_job_runner.py:266} INFO - Task exited with return code 0
[2025-01-22T11:11:42.925+0000] {taskinstance.py:3895} INFO - 0 downstream tasks scheduled from follow-on schedule check
[2025-01-22T11:11:42.928+0000] {local_task_job_runner.py:245} INFO - ::endgroup::
