[2025-01-20T10:18:35.103+0000] {local_task_job_runner.py:123} INFO - ::group::Pre task execution logs
[2025-01-20T10:18:35.113+0000] {taskinstance.py:2613} INFO - Dependencies all met for dep_context=non-requeueable deps ti=<TaskInstance: Data_Pipeline.agg_smoker manual__2025-01-20T10:18:30.814849+00:00 [queued]>
[2025-01-20T10:18:35.118+0000] {taskinstance.py:2613} INFO - Dependencies all met for dep_context=requeueable deps ti=<TaskInstance: Data_Pipeline.agg_smoker manual__2025-01-20T10:18:30.814849+00:00 [queued]>
[2025-01-20T10:18:35.118+0000] {taskinstance.py:2866} INFO - Starting attempt 1 of 1
[2025-01-20T10:18:35.127+0000] {taskinstance.py:2889} INFO - Executing <Task(PythonOperator): agg_smoker> on 2025-01-20 10:18:30.814849+00:00
[2025-01-20T10:18:35.134+0000] {warnings.py:112} WARNING - /home/***/.local/lib/python3.12/site-packages/***/task/task_runner/standard_task_runner.py:70: DeprecationWarning: This process (pid=129) is multi-threaded, use of fork() may lead to deadlocks in the child.
  pid = os.fork()

[2025-01-20T10:18:35.135+0000] {standard_task_runner.py:72} INFO - Started process 135 to run task
[2025-01-20T10:18:35.135+0000] {standard_task_runner.py:104} INFO - Running: ['***', 'tasks', 'run', 'Data_Pipeline', 'agg_smoker', 'manual__2025-01-20T10:18:30.814849+00:00', '--job-id', '138', '--raw', '--subdir', 'DAGS_FOLDER/code.py', '--cfg-path', '/tmp/tmp7wq9hzy0']
[2025-01-20T10:18:35.137+0000] {standard_task_runner.py:105} INFO - Job 138: Subtask agg_smoker
[2025-01-20T10:18:35.171+0000] {task_command.py:467} INFO - Running <TaskInstance: Data_Pipeline.agg_smoker manual__2025-01-20T10:18:30.814849+00:00 [running]> on host 7854821b9569
[2025-01-20T10:18:35.223+0000] {taskinstance.py:3132} INFO - Exporting env vars: AIRFLOW_CTX_DAG_OWNER='***' AIRFLOW_CTX_DAG_ID='Data_Pipeline' AIRFLOW_CTX_TASK_ID='agg_smoker' AIRFLOW_CTX_EXECUTION_DATE='2025-01-20T10:18:30.814849+00:00' AIRFLOW_CTX_TRY_NUMBER='1' AIRFLOW_CTX_DAG_RUN_ID='manual__2025-01-20T10:18:30.814849+00:00'
[2025-01-20T10:18:35.225+0000] {taskinstance.py:731} INFO - ::endgroup::
[2025-01-20T10:18:35.249+0000] {warnings.py:112} WARNING - /opt/***/dags/code.py:25: FutureWarning: Passing literal json to 'read_json' is deprecated and will be removed in a future version. To read from a literal string, wrap it in a 'StringIO' object.
  df=pd.read_json(data_json)

[2025-01-20T10:18:35.276+0000] {python.py:240} INFO - Done. Returned value was: None
[2025-01-20T10:18:35.282+0000] {taskinstance.py:340} INFO - ::group::Post task execution logs
[2025-01-20T10:18:35.283+0000] {taskinstance.py:352} INFO - Marking task as SUCCESS. dag_id=Data_Pipeline, task_id=agg_smoker, run_id=manual__2025-01-20T10:18:30.814849+00:00, execution_date=20250120T101830, start_date=20250120T101835, end_date=20250120T101835
[2025-01-20T10:18:35.310+0000] {local_task_job_runner.py:266} INFO - Task exited with return code 0
[2025-01-20T10:18:35.324+0000] {taskinstance.py:3895} INFO - 0 downstream tasks scheduled from follow-on schedule check
[2025-01-20T10:18:35.329+0000] {local_task_job_runner.py:245} INFO - ::endgroup::
