[2025-01-22T11:48:27.358+0000] {local_task_job_runner.py:123} INFO - ::group::Pre task execution logs
[2025-01-22T11:48:27.368+0000] {taskinstance.py:2613} INFO - Dependencies all met for dep_context=non-requeueable deps ti=<TaskInstance: taskgroups_edgelabels.branch manual__2025-01-22T11:48:24.232261+00:00 [queued]>
[2025-01-22T11:48:27.374+0000] {taskinstance.py:2613} INFO - Dependencies all met for dep_context=requeueable deps ti=<TaskInstance: taskgroups_edgelabels.branch manual__2025-01-22T11:48:24.232261+00:00 [queued]>
[2025-01-22T11:48:27.375+0000] {taskinstance.py:2866} INFO - Starting attempt 1 of 1
[2025-01-22T11:48:27.384+0000] {taskinstance.py:2889} INFO - Executing <Task(BranchPythonOperator): branch> on 2025-01-22 11:48:24.232261+00:00
[2025-01-22T11:48:27.390+0000] {warnings.py:112} WARNING - /home/***/.local/lib/python3.12/site-packages/***/task/task_runner/standard_task_runner.py:70: DeprecationWarning: This process (pid=3079) is multi-threaded, use of fork() may lead to deadlocks in the child.
  pid = os.fork()

[2025-01-22T11:48:27.391+0000] {standard_task_runner.py:72} INFO - Started process 3081 to run task
[2025-01-22T11:48:27.391+0000] {standard_task_runner.py:104} INFO - Running: ['***', 'tasks', 'run', 'taskgroups_edgelabels', 'branch', 'manual__2025-01-22T11:48:24.232261+00:00', '--job-id', '296', '--raw', '--subdir', 'DAGS_FOLDER/taskgroups_edgelabels.py', '--cfg-path', '/tmp/tmpcvxzeq8a']
[2025-01-22T11:48:27.393+0000] {standard_task_runner.py:105} INFO - Job 296: Subtask branch
[2025-01-22T11:48:27.424+0000] {task_command.py:467} INFO - Running <TaskInstance: taskgroups_edgelabels.branch manual__2025-01-22T11:48:24.232261+00:00 [running]> on host 7854821b9569
[2025-01-22T11:48:27.570+0000] {taskinstance.py:3132} INFO - Exporting env vars: AIRFLOW_CTX_DAG_OWNER='mohamed' AIRFLOW_CTX_DAG_ID='taskgroups_edgelabels' AIRFLOW_CTX_TASK_ID='branch' AIRFLOW_CTX_EXECUTION_DATE='2025-01-22T11:48:24.232261+00:00' AIRFLOW_CTX_TRY_NUMBER='1' AIRFLOW_CTX_DAG_RUN_ID='manual__2025-01-22T11:48:24.232261+00:00'
[2025-01-22T11:48:27.571+0000] {taskinstance.py:731} INFO - ::endgroup::
[2025-01-22T11:48:27.579+0000] {baseoperator.py:421} WARNING - BranchPythonOperator.execute cannot be called outside TaskInstance!
[2025-01-22T11:48:27.584+0000] {python.py:240} INFO - Done. Returned value was: groupby_smoker_region
[2025-01-22T11:48:27.584+0000] {branch.py:38} INFO - Branch into groupby_smoker_region
[2025-01-22T11:48:27.585+0000] {skipmixin.py:230} INFO - Following branch ('groupby_smoker_region',)
[2025-01-22T11:48:27.592+0000] {skipmixin.py:278} INFO - Skipping tasks [('filter_southest', -1), ('filter_southwest', -1)]
[2025-01-22T11:48:27.610+0000] {taskinstance.py:340} INFO - ::group::Post task execution logs
[2025-01-22T11:48:27.611+0000] {taskinstance.py:352} INFO - Marking task as SUCCESS. dag_id=taskgroups_edgelabels, task_id=branch, run_id=manual__2025-01-22T11:48:24.232261+00:00, execution_date=20250122T114824, start_date=20250122T114827, end_date=20250122T114827
[2025-01-22T11:48:27.646+0000] {local_task_job_runner.py:266} INFO - Task exited with return code 0
[2025-01-22T11:48:27.661+0000] {taskinstance.py:3895} INFO - 1 downstream tasks scheduled from follow-on schedule check
[2025-01-22T11:48:27.665+0000] {local_task_job_runner.py:245} INFO - ::endgroup::
