[2025-01-23T09:30:53.226+0000] {local_task_job_runner.py:123} INFO - ::group::Pre task execution logs
[2025-01-23T09:30:53.236+0000] {taskinstance.py:2613} INFO - Dependencies all met for dep_context=non-requeueable deps ti=<TaskInstance: taskgroupbs_edgelabels.read_dataset manual__2025-01-23T09:30:52.390679+00:00 [queued]>
[2025-01-23T09:30:53.241+0000] {taskinstance.py:2613} INFO - Dependencies all met for dep_context=requeueable deps ti=<TaskInstance: taskgroupbs_edgelabels.read_dataset manual__2025-01-23T09:30:52.390679+00:00 [queued]>
[2025-01-23T09:30:53.242+0000] {taskinstance.py:2866} INFO - Starting attempt 1 of 1
[2025-01-23T09:30:53.252+0000] {taskinstance.py:2889} INFO - Executing <Task(PythonOperator): read_dataset> on 2025-01-23 09:30:52.390679+00:00
[2025-01-23T09:30:53.257+0000] {warnings.py:112} WARNING - /home/***/.local/lib/python3.12/site-packages/***/task/task_runner/standard_task_runner.py:70: DeprecationWarning: This process (pid=900) is multi-threaded, use of fork() may lead to deadlocks in the child.
  pid = os.fork()

[2025-01-23T09:30:53.258+0000] {standard_task_runner.py:72} INFO - Started process 904 to run task
[2025-01-23T09:30:53.258+0000] {standard_task_runner.py:104} INFO - Running: ['***', 'tasks', 'run', 'taskgroupbs_edgelabels', 'read_dataset', 'manual__2025-01-23T09:30:52.390679+00:00', '--job-id', '316', '--raw', '--subdir', 'DAGS_FOLDER/taskgroups_edgelabels.py', '--cfg-path', '/tmp/tmp1pzwm_yn']
[2025-01-23T09:30:53.260+0000] {standard_task_runner.py:105} INFO - Job 316: Subtask read_dataset
[2025-01-23T09:30:53.292+0000] {task_command.py:467} INFO - Running <TaskInstance: taskgroupbs_edgelabels.read_dataset manual__2025-01-23T09:30:52.390679+00:00 [running]> on host 7854821b9569
[2025-01-23T09:30:53.483+0000] {taskinstance.py:3132} INFO - Exporting env vars: AIRFLOW_CTX_DAG_OWNER='mohamed' AIRFLOW_CTX_DAG_ID='taskgroupbs_edgelabels' AIRFLOW_CTX_TASK_ID='read_dataset' AIRFLOW_CTX_EXECUTION_DATE='2025-01-23T09:30:52.390679+00:00' AIRFLOW_CTX_TRY_NUMBER='1' AIRFLOW_CTX_DAG_RUN_ID='manual__2025-01-23T09:30:52.390679+00:00'
[2025-01-23T09:30:53.484+0000] {taskinstance.py:731} INFO - ::endgroup::
[2025-01-23T09:30:53.494+0000] {logging_mixin.py:190} INFO - hello
[2025-01-23T09:30:53.495+0000] {python.py:240} INFO - Done. Returned value was: None
[2025-01-23T09:30:53.500+0000] {taskinstance.py:340} INFO - ::group::Post task execution logs
[2025-01-23T09:30:53.501+0000] {taskinstance.py:352} INFO - Marking task as SUCCESS. dag_id=taskgroupbs_edgelabels, task_id=read_dataset, run_id=manual__2025-01-23T09:30:52.390679+00:00, execution_date=20250123T093052, start_date=20250123T093053, end_date=20250123T093053
[2025-01-23T09:30:53.553+0000] {local_task_job_runner.py:266} INFO - Task exited with return code 0
[2025-01-23T09:30:53.562+0000] {taskinstance.py:3895} INFO - 0 downstream tasks scheduled from follow-on schedule check
[2025-01-23T09:30:53.565+0000] {local_task_job_runner.py:245} INFO - ::endgroup::
