[2025-01-23T12:51:48.255+0000] {local_task_job_runner.py:123} INFO - ::group::Pre task execution logs
[2025-01-23T12:51:48.265+0000] {taskinstance.py:2613} INFO - Dependencies all met for dep_context=non-requeueable deps ti=<TaskInstance: taskgroupbs_edgelabels.reading_data_processisng_data.drop_null manual__2025-01-23T12:51:46.205573+00:00 [queued]>
[2025-01-23T12:51:48.270+0000] {taskinstance.py:2613} INFO - Dependencies all met for dep_context=requeueable deps ti=<TaskInstance: taskgroupbs_edgelabels.reading_data_processisng_data.drop_null manual__2025-01-23T12:51:46.205573+00:00 [queued]>
[2025-01-23T12:51:48.271+0000] {taskinstance.py:2866} INFO - Starting attempt 1 of 1
[2025-01-23T12:51:48.280+0000] {taskinstance.py:2889} INFO - Executing <Task(PythonOperator): reading_data_processisng_data.drop_null> on 2025-01-23 12:51:46.205573+00:00
[2025-01-23T12:51:48.293+0000] {warnings.py:112} WARNING - /home/***/.local/lib/python3.12/site-packages/***/task/task_runner/standard_task_runner.py:70: DeprecationWarning: This process (pid=2257) is multi-threaded, use of fork() may lead to deadlocks in the child.
  pid = os.fork()

[2025-01-23T12:51:48.295+0000] {standard_task_runner.py:72} INFO - Started process 2259 to run task
[2025-01-23T12:51:48.294+0000] {standard_task_runner.py:104} INFO - Running: ['***', 'tasks', 'run', 'taskgroupbs_edgelabels', 'reading_data_processisng_data.drop_null', 'manual__2025-01-23T12:51:46.205573+00:00', '--job-id', '397', '--raw', '--subdir', 'DAGS_FOLDER/taskgroups_edgelabels.py', '--cfg-path', '/tmp/tmph1gbho8_']
[2025-01-23T12:51:48.296+0000] {standard_task_runner.py:105} INFO - Job 397: Subtask reading_data_processisng_data.drop_null
[2025-01-23T12:51:48.324+0000] {task_command.py:467} INFO - Running <TaskInstance: taskgroupbs_edgelabels.reading_data_processisng_data.drop_null manual__2025-01-23T12:51:46.205573+00:00 [running]> on host 7854821b9569
[2025-01-23T12:51:48.488+0000] {taskinstance.py:3132} INFO - Exporting env vars: AIRFLOW_CTX_DAG_OWNER='mohamed' AIRFLOW_CTX_DAG_ID='taskgroupbs_edgelabels' AIRFLOW_CTX_TASK_ID='reading_data_processisng_data.drop_null' AIRFLOW_CTX_EXECUTION_DATE='2025-01-23T12:51:46.205573+00:00' AIRFLOW_CTX_TRY_NUMBER='1' AIRFLOW_CTX_DAG_RUN_ID='manual__2025-01-23T12:51:46.205573+00:00'
[2025-01-23T12:51:48.489+0000] {taskinstance.py:731} INFO - ::endgroup::
[2025-01-23T12:51:48.512+0000] {warnings.py:112} WARNING - /opt/***/dags/functions.py:92: FutureWarning: Passing literal json to 'read_json' is deprecated and will be removed in a future version. To read from a literal string, wrap it in a 'StringIO' object.
  df=pd.read_json(json_data)

[2025-01-23T12:51:48.538+0000] {python.py:240} INFO - Done. Returned value was: None
[2025-01-23T12:51:48.543+0000] {taskinstance.py:340} INFO - ::group::Post task execution logs
[2025-01-23T12:51:48.544+0000] {taskinstance.py:352} INFO - Marking task as SUCCESS. dag_id=taskgroupbs_edgelabels, task_id=reading_data_processisng_data.drop_null, run_id=manual__2025-01-23T12:51:46.205573+00:00, execution_date=20250123T125146, start_date=20250123T125148, end_date=20250123T125148
[2025-01-23T12:51:48.590+0000] {local_task_job_runner.py:266} INFO - Task exited with return code 0
[2025-01-23T12:51:48.607+0000] {taskinstance.py:3895} INFO - 1 downstream tasks scheduled from follow-on schedule check
[2025-01-23T12:51:48.611+0000] {local_task_job_runner.py:245} INFO - ::endgroup::
