[2025-01-23T12:31:18.910+0000] {local_task_job_runner.py:123} INFO - ::group::Pre task execution logs
[2025-01-23T12:31:18.919+0000] {taskinstance.py:2613} INFO - Dependencies all met for dep_context=non-requeueable deps ti=<TaskInstance: taskgroupbs_edgelabels.branch manual__2025-01-23T12:31:15.588266+00:00 [queued]>
[2025-01-23T12:31:18.924+0000] {taskinstance.py:2613} INFO - Dependencies all met for dep_context=requeueable deps ti=<TaskInstance: taskgroupbs_edgelabels.branch manual__2025-01-23T12:31:15.588266+00:00 [queued]>
[2025-01-23T12:31:18.925+0000] {taskinstance.py:2866} INFO - Starting attempt 1 of 1
[2025-01-23T12:31:18.934+0000] {taskinstance.py:2889} INFO - Executing <Task(BranchPythonOperator): branch> on 2025-01-23 12:31:15.588266+00:00
[2025-01-23T12:31:18.939+0000] {warnings.py:112} WARNING - /home/***/.local/lib/python3.12/site-packages/***/task/task_runner/standard_task_runner.py:70: DeprecationWarning: This process (pid=1884) is multi-threaded, use of fork() may lead to deadlocks in the child.
  pid = os.fork()

[2025-01-23T12:31:18.940+0000] {standard_task_runner.py:72} INFO - Started process 1886 to run task
[2025-01-23T12:31:18.940+0000] {standard_task_runner.py:104} INFO - Running: ['***', 'tasks', 'run', 'taskgroupbs_edgelabels', 'branch', 'manual__2025-01-23T12:31:15.588266+00:00', '--job-id', '372', '--raw', '--subdir', 'DAGS_FOLDER/taskgroups_edgelabels.py', '--cfg-path', '/tmp/tmp_d470r4v']
[2025-01-23T12:31:18.942+0000] {standard_task_runner.py:105} INFO - Job 372: Subtask branch
[2025-01-23T12:31:18.970+0000] {task_command.py:467} INFO - Running <TaskInstance: taskgroupbs_edgelabels.branch manual__2025-01-23T12:31:15.588266+00:00 [running]> on host 7854821b9569
[2025-01-23T12:31:19.121+0000] {taskinstance.py:3132} INFO - Exporting env vars: AIRFLOW_CTX_DAG_OWNER='mohamed' AIRFLOW_CTX_DAG_ID='taskgroupbs_edgelabels' AIRFLOW_CTX_TASK_ID='branch' AIRFLOW_CTX_EXECUTION_DATE='2025-01-23T12:31:15.588266+00:00' AIRFLOW_CTX_TRY_NUMBER='1' AIRFLOW_CTX_DAG_RUN_ID='manual__2025-01-23T12:31:15.588266+00:00'
[2025-01-23T12:31:19.122+0000] {taskinstance.py:731} INFO - ::endgroup::
[2025-01-23T12:31:19.130+0000] {baseoperator.py:421} WARNING - BranchPythonOperator.execute cannot be called outside TaskInstance!
[2025-01-23T12:31:19.136+0000] {python.py:240} INFO - Done. Returned value was: filter_by_southeast
[2025-01-23T12:31:19.137+0000] {branch.py:38} INFO - Branch into filter_by_southeast
[2025-01-23T12:31:19.138+0000] {skipmixin.py:230} INFO - Following branch ('filter_by_southeast',)
[2025-01-23T12:31:19.144+0000] {skipmixin.py:278} INFO - Skipping tasks [('filter_by_southwest', -1), ('groupby_smoker', -1)]
[2025-01-23T12:31:19.164+0000] {taskinstance.py:340} INFO - ::group::Post task execution logs
[2025-01-23T12:31:19.165+0000] {taskinstance.py:352} INFO - Marking task as SUCCESS. dag_id=taskgroupbs_edgelabels, task_id=branch, run_id=manual__2025-01-23T12:31:15.588266+00:00, execution_date=20250123T123115, start_date=20250123T123118, end_date=20250123T123119
[2025-01-23T12:31:19.195+0000] {local_task_job_runner.py:266} INFO - Task exited with return code 0
[2025-01-23T12:31:19.211+0000] {taskinstance.py:3895} INFO - 1 downstream tasks scheduled from follow-on schedule check
[2025-01-23T12:31:19.214+0000] {local_task_job_runner.py:245} INFO - ::endgroup::
