[2025-01-19T12:48:49.761+0000] {local_task_job_runner.py:123} INFO - ::group::Pre task execution logs
[2025-01-19T12:48:49.770+0000] {taskinstance.py:2613} INFO - Dependencies all met for dep_context=non-requeueable deps ti=<TaskInstance: Data_Pipeline.agg_smoker manual__2025-01-19T12:48:46.663149+00:00 [queued]>
[2025-01-19T12:48:49.775+0000] {taskinstance.py:2613} INFO - Dependencies all met for dep_context=requeueable deps ti=<TaskInstance: Data_Pipeline.agg_smoker manual__2025-01-19T12:48:46.663149+00:00 [queued]>
[2025-01-19T12:48:49.775+0000] {taskinstance.py:2866} INFO - Starting attempt 1 of 1
[2025-01-19T12:48:49.784+0000] {taskinstance.py:2889} INFO - Executing <Task(PythonOperator): agg_smoker> on 2025-01-19 12:48:46.663149+00:00
[2025-01-19T12:48:49.789+0000] {warnings.py:112} WARNING - /home/***/.local/lib/python3.12/site-packages/***/task/task_runner/standard_task_runner.py:70: DeprecationWarning: This process (pid=1151) is multi-threaded, use of fork() may lead to deadlocks in the child.
  pid = os.fork()

[2025-01-19T12:48:49.791+0000] {standard_task_runner.py:72} INFO - Started process 1155 to run task
[2025-01-19T12:48:49.791+0000] {standard_task_runner.py:104} INFO - Running: ['***', 'tasks', 'run', 'Data_Pipeline', 'agg_smoker', 'manual__2025-01-19T12:48:46.663149+00:00', '--job-id', '76', '--raw', '--subdir', 'DAGS_FOLDER/code.py', '--cfg-path', '/tmp/tmphlnjrama']
[2025-01-19T12:48:49.793+0000] {standard_task_runner.py:105} INFO - Job 76: Subtask agg_smoker
[2025-01-19T12:48:49.830+0000] {task_command.py:467} INFO - Running <TaskInstance: Data_Pipeline.agg_smoker manual__2025-01-19T12:48:46.663149+00:00 [running]> on host d862c0b259f4
[2025-01-19T12:48:49.887+0000] {taskinstance.py:3132} INFO - Exporting env vars: AIRFLOW_CTX_DAG_OWNER='***' AIRFLOW_CTX_DAG_ID='Data_Pipeline' AIRFLOW_CTX_TASK_ID='agg_smoker' AIRFLOW_CTX_EXECUTION_DATE='2025-01-19T12:48:46.663149+00:00' AIRFLOW_CTX_TRY_NUMBER='1' AIRFLOW_CTX_DAG_RUN_ID='manual__2025-01-19T12:48:46.663149+00:00'
[2025-01-19T12:48:49.888+0000] {taskinstance.py:731} INFO - ::endgroup::
[2025-01-19T12:48:49.910+0000] {warnings.py:112} WARNING - /opt/***/dags/code.py:19: FutureWarning: Passing literal json to 'read_json' is deprecated and will be removed in a future version. To read from a literal string, wrap it in a 'StringIO' object.
  df=pd.read_json(data_json)

[2025-01-19T12:48:49.920+0000] {python.py:240} INFO - Done. Returned value was: 39.182156133829
[2025-01-19T12:48:49.938+0000] {taskinstance.py:340} INFO - ::group::Post task execution logs
[2025-01-19T12:48:49.938+0000] {taskinstance.py:352} INFO - Marking task as SUCCESS. dag_id=Data_Pipeline, task_id=agg_smoker, run_id=manual__2025-01-19T12:48:46.663149+00:00, execution_date=20250119T124846, start_date=20250119T124849, end_date=20250119T124849
[2025-01-19T12:48:49.965+0000] {local_task_job_runner.py:266} INFO - Task exited with return code 0
[2025-01-19T12:48:49.975+0000] {taskinstance.py:3895} INFO - 0 downstream tasks scheduled from follow-on schedule check
[2025-01-19T12:48:49.978+0000] {local_task_job_runner.py:245} INFO - ::endgroup::
