[2025-01-19T13:28:51.923+0000] {local_task_job_runner.py:123} INFO - ::group::Pre task execution logs
[2025-01-19T13:28:51.933+0000] {taskinstance.py:2613} INFO - Dependencies all met for dep_context=non-requeueable deps ti=<TaskInstance: Data_Pipeline.agg_region manual__2025-01-19T13:28:48.429566+00:00 [queued]>
[2025-01-19T13:28:51.938+0000] {taskinstance.py:2613} INFO - Dependencies all met for dep_context=requeueable deps ti=<TaskInstance: Data_Pipeline.agg_region manual__2025-01-19T13:28:48.429566+00:00 [queued]>
[2025-01-19T13:28:51.939+0000] {taskinstance.py:2866} INFO - Starting attempt 1 of 1
[2025-01-19T13:28:51.948+0000] {taskinstance.py:2889} INFO - Executing <Task(PythonOperator): agg_region> on 2025-01-19 13:28:48.429566+00:00
[2025-01-19T13:28:51.953+0000] {warnings.py:112} WARNING - /home/***/.local/lib/python3.12/site-packages/***/task/task_runner/standard_task_runner.py:70: DeprecationWarning: This process (pid=415) is multi-threaded, use of fork() may lead to deadlocks in the child.
  pid = os.fork()

[2025-01-19T13:28:51.954+0000] {standard_task_runner.py:72} INFO - Started process 422 to run task
[2025-01-19T13:28:51.954+0000] {standard_task_runner.py:104} INFO - Running: ['***', 'tasks', 'run', 'Data_Pipeline', 'agg_region', 'manual__2025-01-19T13:28:48.429566+00:00', '--job-id', '129', '--raw', '--subdir', 'DAGS_FOLDER/code.py', '--cfg-path', '/tmp/tmpny384dqk']
[2025-01-19T13:28:51.956+0000] {standard_task_runner.py:105} INFO - Job 129: Subtask agg_region
[2025-01-19T13:28:51.991+0000] {task_command.py:467} INFO - Running <TaskInstance: Data_Pipeline.agg_region manual__2025-01-19T13:28:48.429566+00:00 [running]> on host c9c93e379960
[2025-01-19T13:28:52.045+0000] {taskinstance.py:3132} INFO - Exporting env vars: AIRFLOW_CTX_DAG_OWNER='***' AIRFLOW_CTX_DAG_ID='Data_Pipeline' AIRFLOW_CTX_TASK_ID='agg_region' AIRFLOW_CTX_EXECUTION_DATE='2025-01-19T13:28:48.429566+00:00' AIRFLOW_CTX_TRY_NUMBER='1' AIRFLOW_CTX_DAG_RUN_ID='manual__2025-01-19T13:28:48.429566+00:00'
[2025-01-19T13:28:52.046+0000] {taskinstance.py:731} INFO - ::endgroup::
[2025-01-19T13:28:52.067+0000] {warnings.py:112} WARNING - /opt/***/dags/code.py:35: FutureWarning: Passing literal json to 'read_json' is deprecated and will be removed in a future version. To read from a literal string, wrap it in a 'StringIO' object.
  df=pd.read_json(data_json)

[2025-01-19T13:28:52.094+0000] {python.py:240} INFO - Done. Returned value was: None
[2025-01-19T13:28:52.100+0000] {taskinstance.py:340} INFO - ::group::Post task execution logs
[2025-01-19T13:28:52.101+0000] {taskinstance.py:352} INFO - Marking task as SUCCESS. dag_id=Data_Pipeline, task_id=agg_region, run_id=manual__2025-01-19T13:28:48.429566+00:00, execution_date=20250119T132848, start_date=20250119T132851, end_date=20250119T132852
[2025-01-19T13:28:52.129+0000] {local_task_job_runner.py:266} INFO - Task exited with return code 0
[2025-01-19T13:28:52.138+0000] {taskinstance.py:3895} INFO - 0 downstream tasks scheduled from follow-on schedule check
[2025-01-19T13:28:52.144+0000] {local_task_job_runner.py:245} INFO - ::endgroup::
