[2025-01-22T11:55:38.354+0000] {local_task_job_runner.py:123} INFO - ::group::Pre task execution logs
[2025-01-22T11:55:38.364+0000] {taskinstance.py:2613} INFO - Dependencies all met for dep_context=non-requeueable deps ti=<TaskInstance: taskgroups_edgelabels.drop_null manual__2025-01-22T11:55:35.140836+00:00 [queued]>
[2025-01-22T11:55:38.369+0000] {taskinstance.py:2613} INFO - Dependencies all met for dep_context=requeueable deps ti=<TaskInstance: taskgroups_edgelabels.drop_null manual__2025-01-22T11:55:35.140836+00:00 [queued]>
[2025-01-22T11:55:38.370+0000] {taskinstance.py:2866} INFO - Starting attempt 1 of 1
[2025-01-22T11:55:38.379+0000] {taskinstance.py:2889} INFO - Executing <Task(PythonOperator): drop_null> on 2025-01-22 11:55:35.140836+00:00
[2025-01-22T11:55:38.383+0000] {warnings.py:112} WARNING - /home/***/.local/lib/python3.12/site-packages/***/task/task_runner/standard_task_runner.py:70: DeprecationWarning: This process (pid=3205) is multi-threaded, use of fork() may lead to deadlocks in the child.
  pid = os.fork()

[2025-01-22T11:55:38.385+0000] {standard_task_runner.py:72} INFO - Started process 3207 to run task
[2025-01-22T11:55:38.385+0000] {standard_task_runner.py:104} INFO - Running: ['***', 'tasks', 'run', 'taskgroups_edgelabels', 'drop_null', 'manual__2025-01-22T11:55:35.140836+00:00', '--job-id', '303', '--raw', '--subdir', 'DAGS_FOLDER/taskgroups_edgelabels.py', '--cfg-path', '/tmp/tmp84vti81n']
[2025-01-22T11:55:38.387+0000] {standard_task_runner.py:105} INFO - Job 303: Subtask drop_null
[2025-01-22T11:55:38.416+0000] {task_command.py:467} INFO - Running <TaskInstance: taskgroups_edgelabels.drop_null manual__2025-01-22T11:55:35.140836+00:00 [running]> on host 7854821b9569
[2025-01-22T11:55:38.559+0000] {taskinstance.py:3132} INFO - Exporting env vars: AIRFLOW_CTX_DAG_OWNER='mohamed' AIRFLOW_CTX_DAG_ID='taskgroups_edgelabels' AIRFLOW_CTX_TASK_ID='drop_null' AIRFLOW_CTX_EXECUTION_DATE='2025-01-22T11:55:35.140836+00:00' AIRFLOW_CTX_TRY_NUMBER='1' AIRFLOW_CTX_DAG_RUN_ID='manual__2025-01-22T11:55:35.140836+00:00'
[2025-01-22T11:55:38.560+0000] {taskinstance.py:731} INFO - ::endgroup::
[2025-01-22T11:55:38.578+0000] {warnings.py:112} WARNING - /opt/***/dags/functions.py:92: FutureWarning: Passing literal json to 'read_json' is deprecated and will be removed in a future version. To read from a literal string, wrap it in a 'StringIO' object.
  df=pd.read_json(json_data)

[2025-01-22T11:55:38.604+0000] {python.py:240} INFO - Done. Returned value was: None
[2025-01-22T11:55:38.609+0000] {taskinstance.py:340} INFO - ::group::Post task execution logs
[2025-01-22T11:55:38.610+0000] {taskinstance.py:352} INFO - Marking task as SUCCESS. dag_id=taskgroups_edgelabels, task_id=drop_null, run_id=manual__2025-01-22T11:55:35.140836+00:00, execution_date=20250122T115535, start_date=20250122T115538, end_date=20250122T115538
[2025-01-22T11:55:38.640+0000] {local_task_job_runner.py:266} INFO - Task exited with return code 0
[2025-01-22T11:55:38.653+0000] {taskinstance.py:3895} INFO - 1 downstream tasks scheduled from follow-on schedule check
[2025-01-22T11:55:38.657+0000] {local_task_job_runner.py:245} INFO - ::endgroup::
