[2025-01-23T12:59:45.055+0000] {local_task_job_runner.py:123} INFO - ::group::Pre task execution logs
[2025-01-23T12:59:45.064+0000] {taskinstance.py:2613} INFO - Dependencies all met for dep_context=non-requeueable deps ti=<TaskInstance: taskgroupbs_edgelabels.branch manual__2025-01-23T12:59:42.070773+00:00 [queued]>
[2025-01-23T12:59:45.069+0000] {taskinstance.py:2613} INFO - Dependencies all met for dep_context=requeueable deps ti=<TaskInstance: taskgroupbs_edgelabels.branch manual__2025-01-23T12:59:42.070773+00:00 [queued]>
[2025-01-23T12:59:45.070+0000] {taskinstance.py:2866} INFO - Starting attempt 1 of 1
[2025-01-23T12:59:45.078+0000] {taskinstance.py:2889} INFO - Executing <Task(BranchPythonOperator): branch> on 2025-01-23 12:59:42.070773+00:00
[2025-01-23T12:59:45.083+0000] {warnings.py:112} WARNING - /home/***/.local/lib/python3.12/site-packages/***/task/task_runner/standard_task_runner.py:70: DeprecationWarning: This process (pid=2424) is multi-threaded, use of fork() may lead to deadlocks in the child.
  pid = os.fork()

[2025-01-23T12:59:45.084+0000] {standard_task_runner.py:72} INFO - Started process 2426 to run task
[2025-01-23T12:59:45.084+0000] {standard_task_runner.py:104} INFO - Running: ['***', 'tasks', 'run', 'taskgroupbs_edgelabels', 'branch', 'manual__2025-01-23T12:59:42.070773+00:00', '--job-id', '413', '--raw', '--subdir', 'DAGS_FOLDER/taskgroups_edgelabels.py', '--cfg-path', '/tmp/tmppk2c3_8b']
[2025-01-23T12:59:45.086+0000] {standard_task_runner.py:105} INFO - Job 413: Subtask branch
[2025-01-23T12:59:45.113+0000] {task_command.py:467} INFO - Running <TaskInstance: taskgroupbs_edgelabels.branch manual__2025-01-23T12:59:42.070773+00:00 [running]> on host 7854821b9569
[2025-01-23T12:59:45.268+0000] {taskinstance.py:3132} INFO - Exporting env vars: AIRFLOW_CTX_DAG_OWNER='mohamed' AIRFLOW_CTX_DAG_ID='taskgroupbs_edgelabels' AIRFLOW_CTX_TASK_ID='branch' AIRFLOW_CTX_EXECUTION_DATE='2025-01-23T12:59:42.070773+00:00' AIRFLOW_CTX_TRY_NUMBER='1' AIRFLOW_CTX_DAG_RUN_ID='manual__2025-01-23T12:59:42.070773+00:00'
[2025-01-23T12:59:45.270+0000] {taskinstance.py:731} INFO - ::endgroup::
[2025-01-23T12:59:45.277+0000] {baseoperator.py:421} WARNING - BranchPythonOperator.execute cannot be called outside TaskInstance!
[2025-01-23T12:59:45.283+0000] {python.py:240} INFO - Done. Returned value was: filtering.filter_by_southeast
[2025-01-23T12:59:45.284+0000] {branch.py:38} INFO - Branch into filtering.filter_by_southeast
[2025-01-23T12:59:45.285+0000] {skipmixin.py:230} INFO - Following branch ('filtering.filter_by_southeast',)
[2025-01-23T12:59:45.292+0000] {skipmixin.py:278} INFO - Skipping tasks [('grouping.groupby_smoker_', -1), ('filtering.filter_by_southwest', -1)]
[2025-01-23T12:59:45.313+0000] {taskinstance.py:340} INFO - ::group::Post task execution logs
[2025-01-23T12:59:45.314+0000] {taskinstance.py:352} INFO - Marking task as SUCCESS. dag_id=taskgroupbs_edgelabels, task_id=branch, run_id=manual__2025-01-23T12:59:42.070773+00:00, execution_date=20250123T125942, start_date=20250123T125945, end_date=20250123T125945
[2025-01-23T12:59:45.378+0000] {local_task_job_runner.py:266} INFO - Task exited with return code 0
[2025-01-23T12:59:45.492+0000] {taskinstance.py:3895} INFO - 1 downstream tasks scheduled from follow-on schedule check
[2025-01-23T12:59:45.500+0000] {local_task_job_runner.py:245} INFO - ::endgroup::
