[2025-01-23T12:36:46.689+0000] {local_task_job_runner.py:123} INFO - ::group::Pre task execution logs
[2025-01-23T12:36:46.702+0000] {taskinstance.py:2613} INFO - Dependencies all met for dep_context=non-requeueable deps ti=<TaskInstance: taskgroupbs_edgelabels.groupby_smoker_ manual__2025-01-23T12:36:42.335071+00:00 [queued]>
[2025-01-23T12:36:46.708+0000] {taskinstance.py:2613} INFO - Dependencies all met for dep_context=requeueable deps ti=<TaskInstance: taskgroupbs_edgelabels.groupby_smoker_ manual__2025-01-23T12:36:42.335071+00:00 [queued]>
[2025-01-23T12:36:46.709+0000] {taskinstance.py:2866} INFO - Starting attempt 1 of 1
[2025-01-23T12:36:46.718+0000] {taskinstance.py:2889} INFO - Executing <Task(PythonOperator): groupby_smoker_> on 2025-01-23 12:36:42.335071+00:00
[2025-01-23T12:36:46.723+0000] {warnings.py:112} WARNING - /home/***/.local/lib/python3.12/site-packages/***/task/task_runner/standard_task_runner.py:70: DeprecationWarning: This process (pid=2042) is multi-threaded, use of fork() may lead to deadlocks in the child.
  pid = os.fork()

[2025-01-23T12:36:46.725+0000] {standard_task_runner.py:72} INFO - Started process 2044 to run task
[2025-01-23T12:36:46.724+0000] {standard_task_runner.py:104} INFO - Running: ['***', 'tasks', 'run', 'taskgroupbs_edgelabels', 'groupby_smoker_', 'manual__2025-01-23T12:36:42.335071+00:00', '--job-id', '394', '--raw', '--subdir', 'DAGS_FOLDER/taskgroups_edgelabels.py', '--cfg-path', '/tmp/tmp5zb_7x7l']
[2025-01-23T12:36:46.726+0000] {standard_task_runner.py:105} INFO - Job 394: Subtask groupby_smoker_
[2025-01-23T12:36:46.752+0000] {task_command.py:467} INFO - Running <TaskInstance: taskgroupbs_edgelabels.groupby_smoker_ manual__2025-01-23T12:36:42.335071+00:00 [running]> on host 7854821b9569
[2025-01-23T12:36:46.926+0000] {taskinstance.py:3132} INFO - Exporting env vars: AIRFLOW_CTX_DAG_OWNER='mohamed' AIRFLOW_CTX_DAG_ID='taskgroupbs_edgelabels' AIRFLOW_CTX_TASK_ID='groupby_smoker_' AIRFLOW_CTX_EXECUTION_DATE='2025-01-23T12:36:42.335071+00:00' AIRFLOW_CTX_TRY_NUMBER='1' AIRFLOW_CTX_DAG_RUN_ID='manual__2025-01-23T12:36:42.335071+00:00'
[2025-01-23T12:36:46.927+0000] {taskinstance.py:731} INFO - ::endgroup::
[2025-01-23T12:36:46.954+0000] {warnings.py:112} WARNING - /opt/***/dags/functions.py:117: FutureWarning: Passing literal json to 'read_json' is deprecated and will be removed in a future version. To read from a literal string, wrap it in a 'StringIO' object.
  df=pd.read_json(json_data)

[2025-01-23T12:36:46.977+0000] {python.py:240} INFO - Done. Returned value was: None
[2025-01-23T12:36:46.982+0000] {taskinstance.py:340} INFO - ::group::Post task execution logs
[2025-01-23T12:36:46.983+0000] {taskinstance.py:352} INFO - Marking task as SUCCESS. dag_id=taskgroupbs_edgelabels, task_id=groupby_smoker_, run_id=manual__2025-01-23T12:36:42.335071+00:00, execution_date=20250123T123642, start_date=20250123T123646, end_date=20250123T123646
[2025-01-23T12:36:47.019+0000] {local_task_job_runner.py:266} INFO - Task exited with return code 0
[2025-01-23T12:36:47.029+0000] {taskinstance.py:3895} INFO - 0 downstream tasks scheduled from follow-on schedule check
[2025-01-23T12:36:47.032+0000] {local_task_job_runner.py:245} INFO - ::endgroup::
