[2024-11-20T14:27:50.750+0000] {processor.py:186} INFO - Started process (PID=102) to work on /home/airflow/.local/lib/python3.12/site-packages/airflow/example_dags/example_sensors.py
[2024-11-20T14:27:50.751+0000] {processor.py:914} INFO - Processing file /home/airflow/.local/lib/python3.12/site-packages/airflow/example_dags/example_sensors.py for tasks to queue
[2024-11-20T14:27:50.752+0000] {logging_mixin.py:190} INFO - [2024-11-20T14:27:50.752+0000] {dagbag.py:588} INFO - Filling up the DagBag from /home/airflow/.local/lib/python3.12/site-packages/airflow/example_dags/example_sensors.py
[2024-11-20T14:27:50.761+0000] {processor.py:925} INFO - DAG(s) 'example_sensors' retrieved from /home/airflow/.local/lib/python3.12/site-packages/airflow/example_dags/example_sensors.py
[2024-11-20T14:27:50.830+0000] {logging_mixin.py:190} INFO - [2024-11-20T14:27:50.830+0000] {override.py:1911} INFO - Created Permission View: can read on DAG:example_sensors
[2024-11-20T14:27:50.838+0000] {logging_mixin.py:190} INFO - [2024-11-20T14:27:50.838+0000] {override.py:1911} INFO - Created Permission View: can edit on DAG:example_sensors
[2024-11-20T14:27:50.847+0000] {logging_mixin.py:190} INFO - [2024-11-20T14:27:50.847+0000] {override.py:1911} INFO - Created Permission View: can delete on DAG:example_sensors
[2024-11-20T14:27:50.855+0000] {logging_mixin.py:190} INFO - [2024-11-20T14:27:50.855+0000] {override.py:1911} INFO - Created Permission View: can read on DAG Run:example_sensors
[2024-11-20T14:27:50.861+0000] {logging_mixin.py:190} INFO - [2024-11-20T14:27:50.861+0000] {override.py:1911} INFO - Created Permission View: menu access on DAG Run:example_sensors
[2024-11-20T14:27:50.867+0000] {logging_mixin.py:190} INFO - [2024-11-20T14:27:50.866+0000] {override.py:1911} INFO - Created Permission View: can create on DAG Run:example_sensors
[2024-11-20T14:27:50.876+0000] {logging_mixin.py:190} INFO - [2024-11-20T14:27:50.875+0000] {override.py:1911} INFO - Created Permission View: can delete on DAG Run:example_sensors
[2024-11-20T14:27:50.876+0000] {logging_mixin.py:190} INFO - [2024-11-20T14:27:50.876+0000] {dag.py:3239} INFO - Sync 1 DAGs
[2024-11-20T14:27:50.884+0000] {logging_mixin.py:190} INFO - [2024-11-20T14:27:50.884+0000] {dag.py:3262} INFO - Creating ORM DAG for example_sensors
[2024-11-20T14:27:50.885+0000] {logging_mixin.py:190} INFO - [2024-11-20T14:27:50.885+0000] {dag.py:4180} INFO - Setting next_dagrun for example_sensors to None, run_after=None
[2024-11-20T14:27:50.897+0000] {processor.py:208} INFO - Processing /home/airflow/.local/lib/python3.12/site-packages/airflow/example_dags/example_sensors.py took 0.151 seconds
[2024-11-20T14:28:21.286+0000] {processor.py:186} INFO - Started process (PID=171) to work on /home/airflow/.local/lib/python3.12/site-packages/airflow/example_dags/example_sensors.py
[2024-11-20T14:28:21.287+0000] {processor.py:914} INFO - Processing file /home/airflow/.local/lib/python3.12/site-packages/airflow/example_dags/example_sensors.py for tasks to queue
[2024-11-20T14:28:21.289+0000] {logging_mixin.py:190} INFO - [2024-11-20T14:28:21.289+0000] {dagbag.py:588} INFO - Filling up the DagBag from /home/airflow/.local/lib/python3.12/site-packages/airflow/example_dags/example_sensors.py
[2024-11-20T14:28:21.296+0000] {processor.py:925} INFO - DAG(s) 'example_sensors' retrieved from /home/airflow/.local/lib/python3.12/site-packages/airflow/example_dags/example_sensors.py
[2024-11-20T14:28:21.314+0000] {logging_mixin.py:190} INFO - [2024-11-20T14:28:21.313+0000] {dag.py:3239} INFO - Sync 1 DAGs
[2024-11-20T14:28:21.323+0000] {logging_mixin.py:190} INFO - [2024-11-20T14:28:21.322+0000] {dag.py:4180} INFO - Setting next_dagrun for example_sensors to None, run_after=None
[2024-11-20T14:28:21.339+0000] {processor.py:208} INFO - Processing /home/airflow/.local/lib/python3.12/site-packages/airflow/example_dags/example_sensors.py took 0.057 seconds
[2024-11-20T14:28:51.638+0000] {processor.py:186} INFO - Started process (PID=234) to work on /home/airflow/.local/lib/python3.12/site-packages/airflow/example_dags/example_sensors.py
[2024-11-20T14:28:51.639+0000] {processor.py:914} INFO - Processing file /home/airflow/.local/lib/python3.12/site-packages/airflow/example_dags/example_sensors.py for tasks to queue
[2024-11-20T14:28:51.641+0000] {logging_mixin.py:190} INFO - [2024-11-20T14:28:51.640+0000] {dagbag.py:588} INFO - Filling up the DagBag from /home/airflow/.local/lib/python3.12/site-packages/airflow/example_dags/example_sensors.py
[2024-11-20T14:28:51.648+0000] {processor.py:925} INFO - DAG(s) 'example_sensors' retrieved from /home/airflow/.local/lib/python3.12/site-packages/airflow/example_dags/example_sensors.py
[2024-11-20T14:28:51.665+0000] {logging_mixin.py:190} INFO - [2024-11-20T14:28:51.665+0000] {dag.py:3239} INFO - Sync 1 DAGs
[2024-11-20T14:28:51.675+0000] {logging_mixin.py:190} INFO - [2024-11-20T14:28:51.675+0000] {dag.py:4180} INFO - Setting next_dagrun for example_sensors to None, run_after=None
[2024-11-20T14:28:51.691+0000] {processor.py:208} INFO - Processing /home/airflow/.local/lib/python3.12/site-packages/airflow/example_dags/example_sensors.py took 0.058 seconds
[2024-11-20T14:29:22.013+0000] {processor.py:186} INFO - Started process (PID=295) to work on /home/airflow/.local/lib/python3.12/site-packages/airflow/example_dags/example_sensors.py
[2024-11-20T14:29:22.014+0000] {processor.py:914} INFO - Processing file /home/airflow/.local/lib/python3.12/site-packages/airflow/example_dags/example_sensors.py for tasks to queue
[2024-11-20T14:29:22.016+0000] {logging_mixin.py:190} INFO - [2024-11-20T14:29:22.016+0000] {dagbag.py:588} INFO - Filling up the DagBag from /home/airflow/.local/lib/python3.12/site-packages/airflow/example_dags/example_sensors.py
[2024-11-20T14:29:22.024+0000] {processor.py:925} INFO - DAG(s) 'example_sensors' retrieved from /home/airflow/.local/lib/python3.12/site-packages/airflow/example_dags/example_sensors.py
[2024-11-20T14:29:22.047+0000] {logging_mixin.py:190} INFO - [2024-11-20T14:29:22.047+0000] {dag.py:3239} INFO - Sync 1 DAGs
[2024-11-20T14:29:22.057+0000] {logging_mixin.py:190} INFO - [2024-11-20T14:29:22.057+0000] {dag.py:4180} INFO - Setting next_dagrun for example_sensors to None, run_after=None
[2024-11-20T14:29:22.073+0000] {processor.py:208} INFO - Processing /home/airflow/.local/lib/python3.12/site-packages/airflow/example_dags/example_sensors.py took 0.064 seconds
[2024-11-20T14:29:52.433+0000] {processor.py:186} INFO - Started process (PID=358) to work on /home/airflow/.local/lib/python3.12/site-packages/airflow/example_dags/example_sensors.py
[2024-11-20T14:29:52.434+0000] {processor.py:914} INFO - Processing file /home/airflow/.local/lib/python3.12/site-packages/airflow/example_dags/example_sensors.py for tasks to queue
[2024-11-20T14:29:52.436+0000] {logging_mixin.py:190} INFO - [2024-11-20T14:29:52.436+0000] {dagbag.py:588} INFO - Filling up the DagBag from /home/airflow/.local/lib/python3.12/site-packages/airflow/example_dags/example_sensors.py
[2024-11-20T14:29:52.443+0000] {processor.py:925} INFO - DAG(s) 'example_sensors' retrieved from /home/airflow/.local/lib/python3.12/site-packages/airflow/example_dags/example_sensors.py
[2024-11-20T14:29:52.461+0000] {logging_mixin.py:190} INFO - [2024-11-20T14:29:52.461+0000] {dag.py:3239} INFO - Sync 1 DAGs
[2024-11-20T14:29:52.471+0000] {logging_mixin.py:190} INFO - [2024-11-20T14:29:52.471+0000] {dag.py:4180} INFO - Setting next_dagrun for example_sensors to None, run_after=None
[2024-11-20T14:29:52.486+0000] {processor.py:208} INFO - Processing /home/airflow/.local/lib/python3.12/site-packages/airflow/example_dags/example_sensors.py took 0.057 seconds
[2024-11-20T14:30:23.200+0000] {processor.py:186} INFO - Started process (PID=421) to work on /home/airflow/.local/lib/python3.12/site-packages/airflow/example_dags/example_sensors.py
[2024-11-20T14:30:23.200+0000] {processor.py:914} INFO - Processing file /home/airflow/.local/lib/python3.12/site-packages/airflow/example_dags/example_sensors.py for tasks to queue
[2024-11-20T14:30:23.202+0000] {logging_mixin.py:190} INFO - [2024-11-20T14:30:23.202+0000] {dagbag.py:588} INFO - Filling up the DagBag from /home/airflow/.local/lib/python3.12/site-packages/airflow/example_dags/example_sensors.py
[2024-11-20T14:30:23.209+0000] {processor.py:925} INFO - DAG(s) 'example_sensors' retrieved from /home/airflow/.local/lib/python3.12/site-packages/airflow/example_dags/example_sensors.py
[2024-11-20T14:30:23.225+0000] {logging_mixin.py:190} INFO - [2024-11-20T14:30:23.225+0000] {dag.py:3239} INFO - Sync 1 DAGs
[2024-11-20T14:30:23.234+0000] {logging_mixin.py:190} INFO - [2024-11-20T14:30:23.234+0000] {dag.py:4180} INFO - Setting next_dagrun for example_sensors to None, run_after=None
[2024-11-20T14:30:23.247+0000] {processor.py:208} INFO - Processing /home/airflow/.local/lib/python3.12/site-packages/airflow/example_dags/example_sensors.py took 0.051 seconds
[2024-11-20T14:30:54.204+0000] {processor.py:186} INFO - Started process (PID=485) to work on /home/airflow/.local/lib/python3.12/site-packages/airflow/example_dags/example_sensors.py
[2024-11-20T14:30:54.205+0000] {processor.py:914} INFO - Processing file /home/airflow/.local/lib/python3.12/site-packages/airflow/example_dags/example_sensors.py for tasks to queue
[2024-11-20T14:30:54.207+0000] {logging_mixin.py:190} INFO - [2024-11-20T14:30:54.207+0000] {dagbag.py:588} INFO - Filling up the DagBag from /home/airflow/.local/lib/python3.12/site-packages/airflow/example_dags/example_sensors.py
[2024-11-20T14:30:54.215+0000] {processor.py:925} INFO - DAG(s) 'example_sensors' retrieved from /home/airflow/.local/lib/python3.12/site-packages/airflow/example_dags/example_sensors.py
[2024-11-20T14:30:54.234+0000] {logging_mixin.py:190} INFO - [2024-11-20T14:30:54.234+0000] {dag.py:3239} INFO - Sync 1 DAGs
[2024-11-20T14:30:54.243+0000] {logging_mixin.py:190} INFO - [2024-11-20T14:30:54.243+0000] {dag.py:4180} INFO - Setting next_dagrun for example_sensors to None, run_after=None
[2024-11-20T14:30:54.296+0000] {processor.py:208} INFO - Processing /home/airflow/.local/lib/python3.12/site-packages/airflow/example_dags/example_sensors.py took 0.098 seconds
[2024-11-20T14:31:24.538+0000] {processor.py:186} INFO - Started process (PID=548) to work on /home/airflow/.local/lib/python3.12/site-packages/airflow/example_dags/example_sensors.py
[2024-11-20T14:31:24.539+0000] {processor.py:914} INFO - Processing file /home/airflow/.local/lib/python3.12/site-packages/airflow/example_dags/example_sensors.py for tasks to queue
[2024-11-20T14:31:24.541+0000] {logging_mixin.py:190} INFO - [2024-11-20T14:31:24.540+0000] {dagbag.py:588} INFO - Filling up the DagBag from /home/airflow/.local/lib/python3.12/site-packages/airflow/example_dags/example_sensors.py
[2024-11-20T14:31:24.547+0000] {processor.py:925} INFO - DAG(s) 'example_sensors' retrieved from /home/airflow/.local/lib/python3.12/site-packages/airflow/example_dags/example_sensors.py
[2024-11-20T14:31:24.572+0000] {logging_mixin.py:190} INFO - [2024-11-20T14:31:24.572+0000] {dag.py:3239} INFO - Sync 1 DAGs
[2024-11-20T14:31:24.585+0000] {logging_mixin.py:190} INFO - [2024-11-20T14:31:24.585+0000] {dag.py:4180} INFO - Setting next_dagrun for example_sensors to None, run_after=None
[2024-11-20T14:31:24.610+0000] {processor.py:208} INFO - Processing /home/airflow/.local/lib/python3.12/site-packages/airflow/example_dags/example_sensors.py took 0.076 seconds
[2024-11-20T14:31:55.033+0000] {processor.py:186} INFO - Started process (PID=611) to work on /home/airflow/.local/lib/python3.12/site-packages/airflow/example_dags/example_sensors.py
[2024-11-20T14:31:55.034+0000] {processor.py:914} INFO - Processing file /home/airflow/.local/lib/python3.12/site-packages/airflow/example_dags/example_sensors.py for tasks to queue
[2024-11-20T14:31:55.036+0000] {logging_mixin.py:190} INFO - [2024-11-20T14:31:55.036+0000] {dagbag.py:588} INFO - Filling up the DagBag from /home/airflow/.local/lib/python3.12/site-packages/airflow/example_dags/example_sensors.py
[2024-11-20T14:31:55.044+0000] {processor.py:925} INFO - DAG(s) 'example_sensors' retrieved from /home/airflow/.local/lib/python3.12/site-packages/airflow/example_dags/example_sensors.py
[2024-11-20T14:31:55.061+0000] {logging_mixin.py:190} INFO - [2024-11-20T14:31:55.061+0000] {dag.py:3239} INFO - Sync 1 DAGs
[2024-11-20T14:31:55.071+0000] {logging_mixin.py:190} INFO - [2024-11-20T14:31:55.071+0000] {dag.py:4180} INFO - Setting next_dagrun for example_sensors to None, run_after=None
[2024-11-20T14:31:55.088+0000] {processor.py:208} INFO - Processing /home/airflow/.local/lib/python3.12/site-packages/airflow/example_dags/example_sensors.py took 0.059 seconds
[2024-11-20T14:32:26.892+0000] {processor.py:186} INFO - Started process (PID=675) to work on /home/airflow/.local/lib/python3.12/site-packages/airflow/example_dags/example_sensors.py
[2024-11-20T14:32:26.893+0000] {processor.py:914} INFO - Processing file /home/airflow/.local/lib/python3.12/site-packages/airflow/example_dags/example_sensors.py for tasks to queue
[2024-11-20T14:32:26.895+0000] {logging_mixin.py:190} INFO - [2024-11-20T14:32:26.895+0000] {dagbag.py:588} INFO - Filling up the DagBag from /home/airflow/.local/lib/python3.12/site-packages/airflow/example_dags/example_sensors.py
[2024-11-20T14:32:26.902+0000] {processor.py:925} INFO - DAG(s) 'example_sensors' retrieved from /home/airflow/.local/lib/python3.12/site-packages/airflow/example_dags/example_sensors.py
[2024-11-20T14:32:26.919+0000] {logging_mixin.py:190} INFO - [2024-11-20T14:32:26.919+0000] {dag.py:3239} INFO - Sync 1 DAGs
[2024-11-20T14:32:26.928+0000] {logging_mixin.py:190} INFO - [2024-11-20T14:32:26.928+0000] {dag.py:4180} INFO - Setting next_dagrun for example_sensors to None, run_after=None
[2024-11-20T14:32:26.945+0000] {processor.py:208} INFO - Processing /home/airflow/.local/lib/python3.12/site-packages/airflow/example_dags/example_sensors.py took 0.058 seconds
[2024-11-20T14:32:57.670+0000] {processor.py:186} INFO - Started process (PID=737) to work on /home/airflow/.local/lib/python3.12/site-packages/airflow/example_dags/example_sensors.py
[2024-11-20T14:32:57.670+0000] {processor.py:914} INFO - Processing file /home/airflow/.local/lib/python3.12/site-packages/airflow/example_dags/example_sensors.py for tasks to queue
[2024-11-20T14:32:57.672+0000] {logging_mixin.py:190} INFO - [2024-11-20T14:32:57.672+0000] {dagbag.py:588} INFO - Filling up the DagBag from /home/airflow/.local/lib/python3.12/site-packages/airflow/example_dags/example_sensors.py
[2024-11-20T14:32:57.679+0000] {processor.py:925} INFO - DAG(s) 'example_sensors' retrieved from /home/airflow/.local/lib/python3.12/site-packages/airflow/example_dags/example_sensors.py
[2024-11-20T14:32:57.695+0000] {logging_mixin.py:190} INFO - [2024-11-20T14:32:57.695+0000] {dag.py:3239} INFO - Sync 1 DAGs
[2024-11-20T14:32:57.704+0000] {logging_mixin.py:190} INFO - [2024-11-20T14:32:57.704+0000] {dag.py:4180} INFO - Setting next_dagrun for example_sensors to None, run_after=None
[2024-11-20T14:32:57.720+0000] {processor.py:208} INFO - Processing /home/airflow/.local/lib/python3.12/site-packages/airflow/example_dags/example_sensors.py took 0.055 seconds
[2024-11-20T14:33:28.179+0000] {processor.py:186} INFO - Started process (PID=800) to work on /home/airflow/.local/lib/python3.12/site-packages/airflow/example_dags/example_sensors.py
[2024-11-20T14:33:28.180+0000] {processor.py:914} INFO - Processing file /home/airflow/.local/lib/python3.12/site-packages/airflow/example_dags/example_sensors.py for tasks to queue
[2024-11-20T14:33:28.182+0000] {logging_mixin.py:190} INFO - [2024-11-20T14:33:28.182+0000] {dagbag.py:588} INFO - Filling up the DagBag from /home/airflow/.local/lib/python3.12/site-packages/airflow/example_dags/example_sensors.py
[2024-11-20T14:33:28.189+0000] {processor.py:925} INFO - DAG(s) 'example_sensors' retrieved from /home/airflow/.local/lib/python3.12/site-packages/airflow/example_dags/example_sensors.py
[2024-11-20T14:33:28.206+0000] {logging_mixin.py:190} INFO - [2024-11-20T14:33:28.206+0000] {dag.py:3239} INFO - Sync 1 DAGs
[2024-11-20T14:33:28.215+0000] {logging_mixin.py:190} INFO - [2024-11-20T14:33:28.215+0000] {dag.py:4180} INFO - Setting next_dagrun for example_sensors to None, run_after=None
[2024-11-20T14:33:28.231+0000] {processor.py:208} INFO - Processing /home/airflow/.local/lib/python3.12/site-packages/airflow/example_dags/example_sensors.py took 0.056 seconds
[2024-11-20T14:33:58.772+0000] {processor.py:186} INFO - Started process (PID=863) to work on /home/airflow/.local/lib/python3.12/site-packages/airflow/example_dags/example_sensors.py
[2024-11-20T14:33:58.773+0000] {processor.py:914} INFO - Processing file /home/airflow/.local/lib/python3.12/site-packages/airflow/example_dags/example_sensors.py for tasks to queue
[2024-11-20T14:33:58.775+0000] {logging_mixin.py:190} INFO - [2024-11-20T14:33:58.775+0000] {dagbag.py:588} INFO - Filling up the DagBag from /home/airflow/.local/lib/python3.12/site-packages/airflow/example_dags/example_sensors.py
[2024-11-20T14:33:58.782+0000] {processor.py:925} INFO - DAG(s) 'example_sensors' retrieved from /home/airflow/.local/lib/python3.12/site-packages/airflow/example_dags/example_sensors.py
[2024-11-20T14:33:58.800+0000] {logging_mixin.py:190} INFO - [2024-11-20T14:33:58.800+0000] {dag.py:3239} INFO - Sync 1 DAGs
[2024-11-20T14:33:58.810+0000] {logging_mixin.py:190} INFO - [2024-11-20T14:33:58.810+0000] {dag.py:4180} INFO - Setting next_dagrun for example_sensors to None, run_after=None
[2024-11-20T14:33:58.829+0000] {processor.py:208} INFO - Processing /home/airflow/.local/lib/python3.12/site-packages/airflow/example_dags/example_sensors.py took 0.061 seconds
[2024-11-20T14:34:29.395+0000] {processor.py:186} INFO - Started process (PID=926) to work on /home/airflow/.local/lib/python3.12/site-packages/airflow/example_dags/example_sensors.py
[2024-11-20T14:34:29.397+0000] {processor.py:914} INFO - Processing file /home/airflow/.local/lib/python3.12/site-packages/airflow/example_dags/example_sensors.py for tasks to queue
[2024-11-20T14:34:29.403+0000] {logging_mixin.py:190} INFO - [2024-11-20T14:34:29.403+0000] {dagbag.py:588} INFO - Filling up the DagBag from /home/airflow/.local/lib/python3.12/site-packages/airflow/example_dags/example_sensors.py
[2024-11-20T14:34:29.413+0000] {processor.py:925} INFO - DAG(s) 'example_sensors' retrieved from /home/airflow/.local/lib/python3.12/site-packages/airflow/example_dags/example_sensors.py
[2024-11-20T14:34:29.430+0000] {logging_mixin.py:190} INFO - [2024-11-20T14:34:29.430+0000] {dag.py:3239} INFO - Sync 1 DAGs
[2024-11-20T14:34:29.440+0000] {logging_mixin.py:190} INFO - [2024-11-20T14:34:29.440+0000] {dag.py:4180} INFO - Setting next_dagrun for example_sensors to None, run_after=None
[2024-11-20T14:34:29.457+0000] {processor.py:208} INFO - Processing /home/airflow/.local/lib/python3.12/site-packages/airflow/example_dags/example_sensors.py took 0.065 seconds
[2024-11-20T14:35:00.185+0000] {processor.py:186} INFO - Started process (PID=988) to work on /home/airflow/.local/lib/python3.12/site-packages/airflow/example_dags/example_sensors.py
[2024-11-20T14:35:00.186+0000] {processor.py:914} INFO - Processing file /home/airflow/.local/lib/python3.12/site-packages/airflow/example_dags/example_sensors.py for tasks to queue
[2024-11-20T14:35:00.188+0000] {logging_mixin.py:190} INFO - [2024-11-20T14:35:00.188+0000] {dagbag.py:588} INFO - Filling up the DagBag from /home/airflow/.local/lib/python3.12/site-packages/airflow/example_dags/example_sensors.py
[2024-11-20T14:35:00.195+0000] {processor.py:925} INFO - DAG(s) 'example_sensors' retrieved from /home/airflow/.local/lib/python3.12/site-packages/airflow/example_dags/example_sensors.py
[2024-11-20T14:35:00.213+0000] {logging_mixin.py:190} INFO - [2024-11-20T14:35:00.212+0000] {dag.py:3239} INFO - Sync 1 DAGs
[2024-11-20T14:35:00.222+0000] {logging_mixin.py:190} INFO - [2024-11-20T14:35:00.221+0000] {dag.py:4180} INFO - Setting next_dagrun for example_sensors to None, run_after=None
[2024-11-20T14:35:00.236+0000] {processor.py:208} INFO - Processing /home/airflow/.local/lib/python3.12/site-packages/airflow/example_dags/example_sensors.py took 0.055 seconds
[2024-11-20T14:35:30.738+0000] {processor.py:186} INFO - Started process (PID=1051) to work on /home/airflow/.local/lib/python3.12/site-packages/airflow/example_dags/example_sensors.py
[2024-11-20T14:35:30.740+0000] {processor.py:914} INFO - Processing file /home/airflow/.local/lib/python3.12/site-packages/airflow/example_dags/example_sensors.py for tasks to queue
[2024-11-20T14:35:30.741+0000] {logging_mixin.py:190} INFO - [2024-11-20T14:35:30.741+0000] {dagbag.py:588} INFO - Filling up the DagBag from /home/airflow/.local/lib/python3.12/site-packages/airflow/example_dags/example_sensors.py
[2024-11-20T14:35:30.748+0000] {processor.py:925} INFO - DAG(s) 'example_sensors' retrieved from /home/airflow/.local/lib/python3.12/site-packages/airflow/example_dags/example_sensors.py
[2024-11-20T14:35:30.764+0000] {logging_mixin.py:190} INFO - [2024-11-20T14:35:30.764+0000] {dag.py:3239} INFO - Sync 1 DAGs
[2024-11-20T14:35:30.773+0000] {logging_mixin.py:190} INFO - [2024-11-20T14:35:30.773+0000] {dag.py:4180} INFO - Setting next_dagrun for example_sensors to None, run_after=None
[2024-11-20T14:35:30.786+0000] {processor.py:208} INFO - Processing /home/airflow/.local/lib/python3.12/site-packages/airflow/example_dags/example_sensors.py took 0.052 seconds
[2024-11-20T14:36:01.489+0000] {processor.py:186} INFO - Started process (PID=1114) to work on /home/airflow/.local/lib/python3.12/site-packages/airflow/example_dags/example_sensors.py
[2024-11-20T14:36:01.490+0000] {processor.py:914} INFO - Processing file /home/airflow/.local/lib/python3.12/site-packages/airflow/example_dags/example_sensors.py for tasks to queue
[2024-11-20T14:36:01.492+0000] {logging_mixin.py:190} INFO - [2024-11-20T14:36:01.491+0000] {dagbag.py:588} INFO - Filling up the DagBag from /home/airflow/.local/lib/python3.12/site-packages/airflow/example_dags/example_sensors.py
[2024-11-20T14:36:01.499+0000] {processor.py:925} INFO - DAG(s) 'example_sensors' retrieved from /home/airflow/.local/lib/python3.12/site-packages/airflow/example_dags/example_sensors.py
[2024-11-20T14:36:01.517+0000] {logging_mixin.py:190} INFO - [2024-11-20T14:36:01.517+0000] {dag.py:3239} INFO - Sync 1 DAGs
[2024-11-20T14:36:01.527+0000] {logging_mixin.py:190} INFO - [2024-11-20T14:36:01.527+0000] {dag.py:4180} INFO - Setting next_dagrun for example_sensors to None, run_after=None
[2024-11-20T14:36:01.542+0000] {processor.py:208} INFO - Processing /home/airflow/.local/lib/python3.12/site-packages/airflow/example_dags/example_sensors.py took 0.057 seconds
[2024-11-20T14:36:32.185+0000] {processor.py:186} INFO - Started process (PID=1177) to work on /home/airflow/.local/lib/python3.12/site-packages/airflow/example_dags/example_sensors.py
[2024-11-20T14:36:32.186+0000] {processor.py:914} INFO - Processing file /home/airflow/.local/lib/python3.12/site-packages/airflow/example_dags/example_sensors.py for tasks to queue
[2024-11-20T14:36:32.188+0000] {logging_mixin.py:190} INFO - [2024-11-20T14:36:32.187+0000] {dagbag.py:588} INFO - Filling up the DagBag from /home/airflow/.local/lib/python3.12/site-packages/airflow/example_dags/example_sensors.py
[2024-11-20T14:36:32.194+0000] {processor.py:925} INFO - DAG(s) 'example_sensors' retrieved from /home/airflow/.local/lib/python3.12/site-packages/airflow/example_dags/example_sensors.py
[2024-11-20T14:36:32.210+0000] {logging_mixin.py:190} INFO - [2024-11-20T14:36:32.210+0000] {dag.py:3239} INFO - Sync 1 DAGs
[2024-11-20T14:36:32.218+0000] {logging_mixin.py:190} INFO - [2024-11-20T14:36:32.218+0000] {dag.py:4180} INFO - Setting next_dagrun for example_sensors to None, run_after=None
[2024-11-20T14:36:32.231+0000] {processor.py:208} INFO - Processing /home/airflow/.local/lib/python3.12/site-packages/airflow/example_dags/example_sensors.py took 0.050 seconds
[2024-11-20T14:37:02.582+0000] {processor.py:186} INFO - Started process (PID=1240) to work on /home/airflow/.local/lib/python3.12/site-packages/airflow/example_dags/example_sensors.py
[2024-11-20T14:37:02.583+0000] {processor.py:914} INFO - Processing file /home/airflow/.local/lib/python3.12/site-packages/airflow/example_dags/example_sensors.py for tasks to queue
[2024-11-20T14:37:02.585+0000] {logging_mixin.py:190} INFO - [2024-11-20T14:37:02.585+0000] {dagbag.py:588} INFO - Filling up the DagBag from /home/airflow/.local/lib/python3.12/site-packages/airflow/example_dags/example_sensors.py
[2024-11-20T14:37:02.592+0000] {processor.py:925} INFO - DAG(s) 'example_sensors' retrieved from /home/airflow/.local/lib/python3.12/site-packages/airflow/example_dags/example_sensors.py
[2024-11-20T14:37:02.609+0000] {logging_mixin.py:190} INFO - [2024-11-20T14:37:02.609+0000] {dag.py:3239} INFO - Sync 1 DAGs
[2024-11-20T14:37:02.623+0000] {logging_mixin.py:190} INFO - [2024-11-20T14:37:02.623+0000] {dag.py:4180} INFO - Setting next_dagrun for example_sensors to None, run_after=None
[2024-11-20T14:37:02.638+0000] {processor.py:208} INFO - Processing /home/airflow/.local/lib/python3.12/site-packages/airflow/example_dags/example_sensors.py took 0.060 seconds
[2024-11-20T14:37:33.381+0000] {processor.py:186} INFO - Started process (PID=1303) to work on /home/airflow/.local/lib/python3.12/site-packages/airflow/example_dags/example_sensors.py
[2024-11-20T14:37:33.382+0000] {processor.py:914} INFO - Processing file /home/airflow/.local/lib/python3.12/site-packages/airflow/example_dags/example_sensors.py for tasks to queue
[2024-11-20T14:37:33.384+0000] {logging_mixin.py:190} INFO - [2024-11-20T14:37:33.384+0000] {dagbag.py:588} INFO - Filling up the DagBag from /home/airflow/.local/lib/python3.12/site-packages/airflow/example_dags/example_sensors.py
[2024-11-20T14:37:33.391+0000] {processor.py:925} INFO - DAG(s) 'example_sensors' retrieved from /home/airflow/.local/lib/python3.12/site-packages/airflow/example_dags/example_sensors.py
[2024-11-20T14:37:33.408+0000] {logging_mixin.py:190} INFO - [2024-11-20T14:37:33.408+0000] {dag.py:3239} INFO - Sync 1 DAGs
[2024-11-20T14:37:33.417+0000] {logging_mixin.py:190} INFO - [2024-11-20T14:37:33.417+0000] {dag.py:4180} INFO - Setting next_dagrun for example_sensors to None, run_after=None
[2024-11-20T14:37:33.430+0000] {processor.py:208} INFO - Processing /home/airflow/.local/lib/python3.12/site-packages/airflow/example_dags/example_sensors.py took 0.053 seconds
[2024-11-20T14:38:03.948+0000] {processor.py:186} INFO - Started process (PID=1366) to work on /home/airflow/.local/lib/python3.12/site-packages/airflow/example_dags/example_sensors.py
[2024-11-20T14:38:03.949+0000] {processor.py:914} INFO - Processing file /home/airflow/.local/lib/python3.12/site-packages/airflow/example_dags/example_sensors.py for tasks to queue
[2024-11-20T14:38:03.951+0000] {logging_mixin.py:190} INFO - [2024-11-20T14:38:03.950+0000] {dagbag.py:588} INFO - Filling up the DagBag from /home/airflow/.local/lib/python3.12/site-packages/airflow/example_dags/example_sensors.py
[2024-11-20T14:38:03.957+0000] {processor.py:925} INFO - DAG(s) 'example_sensors' retrieved from /home/airflow/.local/lib/python3.12/site-packages/airflow/example_dags/example_sensors.py
[2024-11-20T14:38:03.975+0000] {logging_mixin.py:190} INFO - [2024-11-20T14:38:03.975+0000] {dag.py:3239} INFO - Sync 1 DAGs
[2024-11-20T14:38:03.984+0000] {logging_mixin.py:190} INFO - [2024-11-20T14:38:03.984+0000] {dag.py:4180} INFO - Setting next_dagrun for example_sensors to None, run_after=None
[2024-11-20T14:38:04.000+0000] {processor.py:208} INFO - Processing /home/airflow/.local/lib/python3.12/site-packages/airflow/example_dags/example_sensors.py took 0.055 seconds
[2024-11-20T14:38:34.337+0000] {processor.py:186} INFO - Started process (PID=1428) to work on /home/airflow/.local/lib/python3.12/site-packages/airflow/example_dags/example_sensors.py
[2024-11-20T14:38:34.338+0000] {processor.py:914} INFO - Processing file /home/airflow/.local/lib/python3.12/site-packages/airflow/example_dags/example_sensors.py for tasks to queue
[2024-11-20T14:38:34.340+0000] {logging_mixin.py:190} INFO - [2024-11-20T14:38:34.340+0000] {dagbag.py:588} INFO - Filling up the DagBag from /home/airflow/.local/lib/python3.12/site-packages/airflow/example_dags/example_sensors.py
[2024-11-20T14:38:34.347+0000] {processor.py:925} INFO - DAG(s) 'example_sensors' retrieved from /home/airflow/.local/lib/python3.12/site-packages/airflow/example_dags/example_sensors.py
[2024-11-20T14:38:34.363+0000] {logging_mixin.py:190} INFO - [2024-11-20T14:38:34.363+0000] {dag.py:3239} INFO - Sync 1 DAGs
[2024-11-20T14:38:34.372+0000] {logging_mixin.py:190} INFO - [2024-11-20T14:38:34.372+0000] {dag.py:4180} INFO - Setting next_dagrun for example_sensors to None, run_after=None
[2024-11-20T14:38:34.390+0000] {processor.py:208} INFO - Processing /home/airflow/.local/lib/python3.12/site-packages/airflow/example_dags/example_sensors.py took 0.057 seconds
[2024-11-20T14:39:04.600+0000] {processor.py:186} INFO - Started process (PID=1491) to work on /home/airflow/.local/lib/python3.12/site-packages/airflow/example_dags/example_sensors.py
[2024-11-20T14:39:04.601+0000] {processor.py:914} INFO - Processing file /home/airflow/.local/lib/python3.12/site-packages/airflow/example_dags/example_sensors.py for tasks to queue
[2024-11-20T14:39:04.602+0000] {logging_mixin.py:190} INFO - [2024-11-20T14:39:04.602+0000] {dagbag.py:588} INFO - Filling up the DagBag from /home/airflow/.local/lib/python3.12/site-packages/airflow/example_dags/example_sensors.py
[2024-11-20T14:39:04.610+0000] {processor.py:925} INFO - DAG(s) 'example_sensors' retrieved from /home/airflow/.local/lib/python3.12/site-packages/airflow/example_dags/example_sensors.py
[2024-11-20T14:39:04.626+0000] {logging_mixin.py:190} INFO - [2024-11-20T14:39:04.625+0000] {dag.py:3239} INFO - Sync 1 DAGs
[2024-11-20T14:39:04.634+0000] {logging_mixin.py:190} INFO - [2024-11-20T14:39:04.634+0000] {dag.py:4180} INFO - Setting next_dagrun for example_sensors to None, run_after=None
[2024-11-20T14:39:04.654+0000] {processor.py:208} INFO - Processing /home/airflow/.local/lib/python3.12/site-packages/airflow/example_dags/example_sensors.py took 0.058 seconds
[2024-11-20T14:39:34.769+0000] {processor.py:186} INFO - Started process (PID=1554) to work on /home/airflow/.local/lib/python3.12/site-packages/airflow/example_dags/example_sensors.py
[2024-11-20T14:39:34.770+0000] {processor.py:914} INFO - Processing file /home/airflow/.local/lib/python3.12/site-packages/airflow/example_dags/example_sensors.py for tasks to queue
[2024-11-20T14:39:34.772+0000] {logging_mixin.py:190} INFO - [2024-11-20T14:39:34.772+0000] {dagbag.py:588} INFO - Filling up the DagBag from /home/airflow/.local/lib/python3.12/site-packages/airflow/example_dags/example_sensors.py
[2024-11-20T14:39:34.780+0000] {processor.py:925} INFO - DAG(s) 'example_sensors' retrieved from /home/airflow/.local/lib/python3.12/site-packages/airflow/example_dags/example_sensors.py
[2024-11-20T14:39:34.798+0000] {logging_mixin.py:190} INFO - [2024-11-20T14:39:34.798+0000] {dag.py:3239} INFO - Sync 1 DAGs
[2024-11-20T14:39:34.808+0000] {logging_mixin.py:190} INFO - [2024-11-20T14:39:34.808+0000] {dag.py:4180} INFO - Setting next_dagrun for example_sensors to None, run_after=None
[2024-11-20T14:39:34.828+0000] {processor.py:208} INFO - Processing /home/airflow/.local/lib/python3.12/site-packages/airflow/example_dags/example_sensors.py took 0.066 seconds
[2024-11-20T14:40:05.269+0000] {processor.py:186} INFO - Started process (PID=1617) to work on /home/airflow/.local/lib/python3.12/site-packages/airflow/example_dags/example_sensors.py
[2024-11-20T14:40:05.270+0000] {processor.py:914} INFO - Processing file /home/airflow/.local/lib/python3.12/site-packages/airflow/example_dags/example_sensors.py for tasks to queue
[2024-11-20T14:40:05.272+0000] {logging_mixin.py:190} INFO - [2024-11-20T14:40:05.272+0000] {dagbag.py:588} INFO - Filling up the DagBag from /home/airflow/.local/lib/python3.12/site-packages/airflow/example_dags/example_sensors.py
[2024-11-20T14:40:05.280+0000] {processor.py:925} INFO - DAG(s) 'example_sensors' retrieved from /home/airflow/.local/lib/python3.12/site-packages/airflow/example_dags/example_sensors.py
[2024-11-20T14:40:05.297+0000] {logging_mixin.py:190} INFO - [2024-11-20T14:40:05.297+0000] {dag.py:3239} INFO - Sync 1 DAGs
[2024-11-20T14:40:05.306+0000] {logging_mixin.py:190} INFO - [2024-11-20T14:40:05.306+0000] {dag.py:4180} INFO - Setting next_dagrun for example_sensors to None, run_after=None
[2024-11-20T14:40:05.320+0000] {processor.py:208} INFO - Processing /home/airflow/.local/lib/python3.12/site-packages/airflow/example_dags/example_sensors.py took 0.057 seconds
[2024-11-20T14:40:36.230+0000] {processor.py:186} INFO - Started process (PID=1680) to work on /home/airflow/.local/lib/python3.12/site-packages/airflow/example_dags/example_sensors.py
[2024-11-20T14:40:36.231+0000] {processor.py:914} INFO - Processing file /home/airflow/.local/lib/python3.12/site-packages/airflow/example_dags/example_sensors.py for tasks to queue
[2024-11-20T14:40:36.233+0000] {logging_mixin.py:190} INFO - [2024-11-20T14:40:36.232+0000] {dagbag.py:588} INFO - Filling up the DagBag from /home/airflow/.local/lib/python3.12/site-packages/airflow/example_dags/example_sensors.py
[2024-11-20T14:40:36.240+0000] {processor.py:925} INFO - DAG(s) 'example_sensors' retrieved from /home/airflow/.local/lib/python3.12/site-packages/airflow/example_dags/example_sensors.py
[2024-11-20T14:40:36.259+0000] {logging_mixin.py:190} INFO - [2024-11-20T14:40:36.258+0000] {dag.py:3239} INFO - Sync 1 DAGs
[2024-11-20T14:40:36.268+0000] {logging_mixin.py:190} INFO - [2024-11-20T14:40:36.268+0000] {dag.py:4180} INFO - Setting next_dagrun for example_sensors to None, run_after=None
[2024-11-20T14:40:36.285+0000] {processor.py:208} INFO - Processing /home/airflow/.local/lib/python3.12/site-packages/airflow/example_dags/example_sensors.py took 0.059 seconds
[2024-11-20T14:41:07.046+0000] {processor.py:186} INFO - Started process (PID=1743) to work on /home/airflow/.local/lib/python3.12/site-packages/airflow/example_dags/example_sensors.py
[2024-11-20T14:41:07.047+0000] {processor.py:914} INFO - Processing file /home/airflow/.local/lib/python3.12/site-packages/airflow/example_dags/example_sensors.py for tasks to queue
[2024-11-20T14:41:07.049+0000] {logging_mixin.py:190} INFO - [2024-11-20T14:41:07.049+0000] {dagbag.py:588} INFO - Filling up the DagBag from /home/airflow/.local/lib/python3.12/site-packages/airflow/example_dags/example_sensors.py
[2024-11-20T14:41:07.057+0000] {processor.py:925} INFO - DAG(s) 'example_sensors' retrieved from /home/airflow/.local/lib/python3.12/site-packages/airflow/example_dags/example_sensors.py
[2024-11-20T14:41:07.074+0000] {logging_mixin.py:190} INFO - [2024-11-20T14:41:07.074+0000] {dag.py:3239} INFO - Sync 1 DAGs
[2024-11-20T14:41:07.084+0000] {logging_mixin.py:190} INFO - [2024-11-20T14:41:07.084+0000] {dag.py:4180} INFO - Setting next_dagrun for example_sensors to None, run_after=None
[2024-11-20T14:41:07.098+0000] {processor.py:208} INFO - Processing /home/airflow/.local/lib/python3.12/site-packages/airflow/example_dags/example_sensors.py took 0.057 seconds
[2024-11-20T14:41:37.802+0000] {processor.py:186} INFO - Started process (PID=1806) to work on /home/airflow/.local/lib/python3.12/site-packages/airflow/example_dags/example_sensors.py
[2024-11-20T14:41:37.803+0000] {processor.py:914} INFO - Processing file /home/airflow/.local/lib/python3.12/site-packages/airflow/example_dags/example_sensors.py for tasks to queue
[2024-11-20T14:41:37.805+0000] {logging_mixin.py:190} INFO - [2024-11-20T14:41:37.805+0000] {dagbag.py:588} INFO - Filling up the DagBag from /home/airflow/.local/lib/python3.12/site-packages/airflow/example_dags/example_sensors.py
[2024-11-20T14:41:37.813+0000] {processor.py:925} INFO - DAG(s) 'example_sensors' retrieved from /home/airflow/.local/lib/python3.12/site-packages/airflow/example_dags/example_sensors.py
[2024-11-20T14:41:37.830+0000] {logging_mixin.py:190} INFO - [2024-11-20T14:41:37.830+0000] {dag.py:3239} INFO - Sync 1 DAGs
[2024-11-20T14:41:37.839+0000] {logging_mixin.py:190} INFO - [2024-11-20T14:41:37.839+0000] {dag.py:4180} INFO - Setting next_dagrun for example_sensors to None, run_after=None
[2024-11-20T14:41:37.852+0000] {processor.py:208} INFO - Processing /home/airflow/.local/lib/python3.12/site-packages/airflow/example_dags/example_sensors.py took 0.054 seconds
[2024-11-20T14:42:08.494+0000] {processor.py:186} INFO - Started process (PID=1869) to work on /home/airflow/.local/lib/python3.12/site-packages/airflow/example_dags/example_sensors.py
[2024-11-20T14:42:08.496+0000] {processor.py:914} INFO - Processing file /home/airflow/.local/lib/python3.12/site-packages/airflow/example_dags/example_sensors.py for tasks to queue
[2024-11-20T14:42:08.498+0000] {logging_mixin.py:190} INFO - [2024-11-20T14:42:08.497+0000] {dagbag.py:588} INFO - Filling up the DagBag from /home/airflow/.local/lib/python3.12/site-packages/airflow/example_dags/example_sensors.py
[2024-11-20T14:42:08.505+0000] {processor.py:925} INFO - DAG(s) 'example_sensors' retrieved from /home/airflow/.local/lib/python3.12/site-packages/airflow/example_dags/example_sensors.py
[2024-11-20T14:42:08.522+0000] {logging_mixin.py:190} INFO - [2024-11-20T14:42:08.522+0000] {dag.py:3239} INFO - Sync 1 DAGs
[2024-11-20T14:42:08.531+0000] {logging_mixin.py:190} INFO - [2024-11-20T14:42:08.531+0000] {dag.py:4180} INFO - Setting next_dagrun for example_sensors to None, run_after=None
[2024-11-20T14:42:08.545+0000] {processor.py:208} INFO - Processing /home/airflow/.local/lib/python3.12/site-packages/airflow/example_dags/example_sensors.py took 0.055 seconds
[2024-11-20T14:42:40.090+0000] {processor.py:186} INFO - Started process (PID=1932) to work on /home/airflow/.local/lib/python3.12/site-packages/airflow/example_dags/example_sensors.py
[2024-11-20T14:42:40.091+0000] {processor.py:914} INFO - Processing file /home/airflow/.local/lib/python3.12/site-packages/airflow/example_dags/example_sensors.py for tasks to queue
[2024-11-20T14:42:40.093+0000] {logging_mixin.py:190} INFO - [2024-11-20T14:42:40.092+0000] {dagbag.py:588} INFO - Filling up the DagBag from /home/airflow/.local/lib/python3.12/site-packages/airflow/example_dags/example_sensors.py
[2024-11-20T14:42:40.100+0000] {processor.py:925} INFO - DAG(s) 'example_sensors' retrieved from /home/airflow/.local/lib/python3.12/site-packages/airflow/example_dags/example_sensors.py
[2024-11-20T14:42:40.117+0000] {logging_mixin.py:190} INFO - [2024-11-20T14:42:40.117+0000] {dag.py:3239} INFO - Sync 1 DAGs
[2024-11-20T14:42:40.127+0000] {logging_mixin.py:190} INFO - [2024-11-20T14:42:40.127+0000] {dag.py:4180} INFO - Setting next_dagrun for example_sensors to None, run_after=None
[2024-11-20T14:42:40.145+0000] {processor.py:208} INFO - Processing /home/airflow/.local/lib/python3.12/site-packages/airflow/example_dags/example_sensors.py took 0.059 seconds
[2024-11-20T14:43:10.337+0000] {processor.py:186} INFO - Started process (PID=1995) to work on /home/airflow/.local/lib/python3.12/site-packages/airflow/example_dags/example_sensors.py
[2024-11-20T14:43:10.338+0000] {processor.py:914} INFO - Processing file /home/airflow/.local/lib/python3.12/site-packages/airflow/example_dags/example_sensors.py for tasks to queue
[2024-11-20T14:43:10.340+0000] {logging_mixin.py:190} INFO - [2024-11-20T14:43:10.339+0000] {dagbag.py:588} INFO - Filling up the DagBag from /home/airflow/.local/lib/python3.12/site-packages/airflow/example_dags/example_sensors.py
[2024-11-20T14:43:10.347+0000] {processor.py:925} INFO - DAG(s) 'example_sensors' retrieved from /home/airflow/.local/lib/python3.12/site-packages/airflow/example_dags/example_sensors.py
[2024-11-20T14:43:10.365+0000] {logging_mixin.py:190} INFO - [2024-11-20T14:43:10.365+0000] {dag.py:3239} INFO - Sync 1 DAGs
[2024-11-20T14:43:10.375+0000] {logging_mixin.py:190} INFO - [2024-11-20T14:43:10.375+0000] {dag.py:4180} INFO - Setting next_dagrun for example_sensors to None, run_after=None
[2024-11-20T14:43:10.393+0000] {processor.py:208} INFO - Processing /home/airflow/.local/lib/python3.12/site-packages/airflow/example_dags/example_sensors.py took 0.060 seconds
[2024-11-20T14:49:51.409+0000] {processor.py:186} INFO - Started process (PID=2062) to work on /home/airflow/.local/lib/python3.12/site-packages/airflow/example_dags/example_sensors.py
[2024-11-20T14:49:51.410+0000] {processor.py:914} INFO - Processing file /home/airflow/.local/lib/python3.12/site-packages/airflow/example_dags/example_sensors.py for tasks to queue
[2024-11-20T14:49:51.412+0000] {logging_mixin.py:190} INFO - [2024-11-20T14:49:51.412+0000] {dagbag.py:588} INFO - Filling up the DagBag from /home/airflow/.local/lib/python3.12/site-packages/airflow/example_dags/example_sensors.py
[2024-11-20T14:49:51.419+0000] {processor.py:925} INFO - DAG(s) 'example_sensors' retrieved from /home/airflow/.local/lib/python3.12/site-packages/airflow/example_dags/example_sensors.py
[2024-11-20T14:49:51.433+0000] {logging_mixin.py:190} INFO - [2024-11-20T14:49:51.433+0000] {dag.py:3239} INFO - Sync 1 DAGs
[2024-11-20T14:49:51.442+0000] {logging_mixin.py:190} INFO - [2024-11-20T14:49:51.442+0000] {dag.py:4180} INFO - Setting next_dagrun for example_sensors to None, run_after=None
[2024-11-20T14:49:51.454+0000] {processor.py:208} INFO - Processing /home/airflow/.local/lib/python3.12/site-packages/airflow/example_dags/example_sensors.py took 0.048 seconds
[2024-11-20T14:50:23.187+0000] {processor.py:186} INFO - Started process (PID=2125) to work on /home/airflow/.local/lib/python3.12/site-packages/airflow/example_dags/example_sensors.py
[2024-11-20T14:50:23.188+0000] {processor.py:914} INFO - Processing file /home/airflow/.local/lib/python3.12/site-packages/airflow/example_dags/example_sensors.py for tasks to queue
[2024-11-20T14:50:23.190+0000] {logging_mixin.py:190} INFO - [2024-11-20T14:50:23.189+0000] {dagbag.py:588} INFO - Filling up the DagBag from /home/airflow/.local/lib/python3.12/site-packages/airflow/example_dags/example_sensors.py
[2024-11-20T14:50:23.198+0000] {processor.py:925} INFO - DAG(s) 'example_sensors' retrieved from /home/airflow/.local/lib/python3.12/site-packages/airflow/example_dags/example_sensors.py
[2024-11-20T14:50:23.213+0000] {logging_mixin.py:190} INFO - [2024-11-20T14:50:23.213+0000] {dag.py:3239} INFO - Sync 1 DAGs
[2024-11-20T14:50:23.223+0000] {logging_mixin.py:190} INFO - [2024-11-20T14:50:23.223+0000] {dag.py:4180} INFO - Setting next_dagrun for example_sensors to None, run_after=None
[2024-11-20T14:50:23.240+0000] {processor.py:208} INFO - Processing /home/airflow/.local/lib/python3.12/site-packages/airflow/example_dags/example_sensors.py took 0.056 seconds
[2024-11-20T14:50:53.953+0000] {processor.py:186} INFO - Started process (PID=2188) to work on /home/airflow/.local/lib/python3.12/site-packages/airflow/example_dags/example_sensors.py
[2024-11-20T14:50:53.954+0000] {processor.py:914} INFO - Processing file /home/airflow/.local/lib/python3.12/site-packages/airflow/example_dags/example_sensors.py for tasks to queue
[2024-11-20T14:50:53.956+0000] {logging_mixin.py:190} INFO - [2024-11-20T14:50:53.955+0000] {dagbag.py:588} INFO - Filling up the DagBag from /home/airflow/.local/lib/python3.12/site-packages/airflow/example_dags/example_sensors.py
[2024-11-20T14:50:53.963+0000] {processor.py:925} INFO - DAG(s) 'example_sensors' retrieved from /home/airflow/.local/lib/python3.12/site-packages/airflow/example_dags/example_sensors.py
[2024-11-20T14:50:53.981+0000] {logging_mixin.py:190} INFO - [2024-11-20T14:50:53.980+0000] {dag.py:3239} INFO - Sync 1 DAGs
[2024-11-20T14:50:53.990+0000] {logging_mixin.py:190} INFO - [2024-11-20T14:50:53.990+0000] {dag.py:4180} INFO - Setting next_dagrun for example_sensors to None, run_after=None
[2024-11-20T14:50:54.006+0000] {processor.py:208} INFO - Processing /home/airflow/.local/lib/python3.12/site-packages/airflow/example_dags/example_sensors.py took 0.058 seconds
[2024-11-20T14:51:24.623+0000] {processor.py:186} INFO - Started process (PID=2251) to work on /home/airflow/.local/lib/python3.12/site-packages/airflow/example_dags/example_sensors.py
[2024-11-20T14:51:24.624+0000] {processor.py:914} INFO - Processing file /home/airflow/.local/lib/python3.12/site-packages/airflow/example_dags/example_sensors.py for tasks to queue
[2024-11-20T14:51:24.625+0000] {logging_mixin.py:190} INFO - [2024-11-20T14:51:24.625+0000] {dagbag.py:588} INFO - Filling up the DagBag from /home/airflow/.local/lib/python3.12/site-packages/airflow/example_dags/example_sensors.py
[2024-11-20T14:51:24.633+0000] {processor.py:925} INFO - DAG(s) 'example_sensors' retrieved from /home/airflow/.local/lib/python3.12/site-packages/airflow/example_dags/example_sensors.py
[2024-11-20T14:51:24.649+0000] {logging_mixin.py:190} INFO - [2024-11-20T14:51:24.649+0000] {dag.py:3239} INFO - Sync 1 DAGs
[2024-11-20T14:51:24.658+0000] {logging_mixin.py:190} INFO - [2024-11-20T14:51:24.658+0000] {dag.py:4180} INFO - Setting next_dagrun for example_sensors to None, run_after=None
[2024-11-20T14:51:24.676+0000] {processor.py:208} INFO - Processing /home/airflow/.local/lib/python3.12/site-packages/airflow/example_dags/example_sensors.py took 0.057 seconds
[2024-11-20T14:51:55.169+0000] {processor.py:186} INFO - Started process (PID=2314) to work on /home/airflow/.local/lib/python3.12/site-packages/airflow/example_dags/example_sensors.py
[2024-11-20T14:51:55.170+0000] {processor.py:914} INFO - Processing file /home/airflow/.local/lib/python3.12/site-packages/airflow/example_dags/example_sensors.py for tasks to queue
[2024-11-20T14:51:55.172+0000] {logging_mixin.py:190} INFO - [2024-11-20T14:51:55.172+0000] {dagbag.py:588} INFO - Filling up the DagBag from /home/airflow/.local/lib/python3.12/site-packages/airflow/example_dags/example_sensors.py
[2024-11-20T14:51:55.179+0000] {processor.py:925} INFO - DAG(s) 'example_sensors' retrieved from /home/airflow/.local/lib/python3.12/site-packages/airflow/example_dags/example_sensors.py
[2024-11-20T14:51:55.197+0000] {logging_mixin.py:190} INFO - [2024-11-20T14:51:55.196+0000] {dag.py:3239} INFO - Sync 1 DAGs
[2024-11-20T14:51:55.206+0000] {logging_mixin.py:190} INFO - [2024-11-20T14:51:55.206+0000] {dag.py:4180} INFO - Setting next_dagrun for example_sensors to None, run_after=None
[2024-11-20T14:51:55.222+0000] {processor.py:208} INFO - Processing /home/airflow/.local/lib/python3.12/site-packages/airflow/example_dags/example_sensors.py took 0.058 seconds
[2024-11-20T14:52:26.014+0000] {processor.py:186} INFO - Started process (PID=2377) to work on /home/airflow/.local/lib/python3.12/site-packages/airflow/example_dags/example_sensors.py
[2024-11-20T14:52:26.014+0000] {processor.py:914} INFO - Processing file /home/airflow/.local/lib/python3.12/site-packages/airflow/example_dags/example_sensors.py for tasks to queue
[2024-11-20T14:52:26.016+0000] {logging_mixin.py:190} INFO - [2024-11-20T14:52:26.016+0000] {dagbag.py:588} INFO - Filling up the DagBag from /home/airflow/.local/lib/python3.12/site-packages/airflow/example_dags/example_sensors.py
[2024-11-20T14:52:26.023+0000] {processor.py:925} INFO - DAG(s) 'example_sensors' retrieved from /home/airflow/.local/lib/python3.12/site-packages/airflow/example_dags/example_sensors.py
[2024-11-20T14:52:26.040+0000] {logging_mixin.py:190} INFO - [2024-11-20T14:52:26.040+0000] {dag.py:3239} INFO - Sync 1 DAGs
[2024-11-20T14:52:26.050+0000] {logging_mixin.py:190} INFO - [2024-11-20T14:52:26.050+0000] {dag.py:4180} INFO - Setting next_dagrun for example_sensors to None, run_after=None
[2024-11-20T14:52:26.066+0000] {processor.py:208} INFO - Processing /home/airflow/.local/lib/python3.12/site-packages/airflow/example_dags/example_sensors.py took 0.057 seconds
[2024-11-20T14:52:56.247+0000] {processor.py:186} INFO - Started process (PID=2439) to work on /home/airflow/.local/lib/python3.12/site-packages/airflow/example_dags/example_sensors.py
[2024-11-20T14:52:56.249+0000] {processor.py:914} INFO - Processing file /home/airflow/.local/lib/python3.12/site-packages/airflow/example_dags/example_sensors.py for tasks to queue
[2024-11-20T14:52:56.251+0000] {logging_mixin.py:190} INFO - [2024-11-20T14:52:56.250+0000] {dagbag.py:588} INFO - Filling up the DagBag from /home/airflow/.local/lib/python3.12/site-packages/airflow/example_dags/example_sensors.py
[2024-11-20T14:52:56.258+0000] {processor.py:925} INFO - DAG(s) 'example_sensors' retrieved from /home/airflow/.local/lib/python3.12/site-packages/airflow/example_dags/example_sensors.py
[2024-11-20T14:52:56.276+0000] {logging_mixin.py:190} INFO - [2024-11-20T14:52:56.275+0000] {dag.py:3239} INFO - Sync 1 DAGs
[2024-11-20T14:52:56.285+0000] {logging_mixin.py:190} INFO - [2024-11-20T14:52:56.285+0000] {dag.py:4180} INFO - Setting next_dagrun for example_sensors to None, run_after=None
[2024-11-20T14:52:56.302+0000] {processor.py:208} INFO - Processing /home/airflow/.local/lib/python3.12/site-packages/airflow/example_dags/example_sensors.py took 0.059 seconds
[2024-11-20T14:53:26.837+0000] {processor.py:186} INFO - Started process (PID=2502) to work on /home/airflow/.local/lib/python3.12/site-packages/airflow/example_dags/example_sensors.py
[2024-11-20T14:53:26.838+0000] {processor.py:914} INFO - Processing file /home/airflow/.local/lib/python3.12/site-packages/airflow/example_dags/example_sensors.py for tasks to queue
[2024-11-20T14:53:26.840+0000] {logging_mixin.py:190} INFO - [2024-11-20T14:53:26.839+0000] {dagbag.py:588} INFO - Filling up the DagBag from /home/airflow/.local/lib/python3.12/site-packages/airflow/example_dags/example_sensors.py
[2024-11-20T14:53:26.847+0000] {processor.py:925} INFO - DAG(s) 'example_sensors' retrieved from /home/airflow/.local/lib/python3.12/site-packages/airflow/example_dags/example_sensors.py
[2024-11-20T14:53:26.863+0000] {logging_mixin.py:190} INFO - [2024-11-20T14:53:26.863+0000] {dag.py:3239} INFO - Sync 1 DAGs
[2024-11-20T14:53:26.873+0000] {logging_mixin.py:190} INFO - [2024-11-20T14:53:26.873+0000] {dag.py:4180} INFO - Setting next_dagrun for example_sensors to None, run_after=None
[2024-11-20T14:53:26.889+0000] {processor.py:208} INFO - Processing /home/airflow/.local/lib/python3.12/site-packages/airflow/example_dags/example_sensors.py took 0.056 seconds
[2024-11-20T14:53:57.183+0000] {processor.py:186} INFO - Started process (PID=2565) to work on /home/airflow/.local/lib/python3.12/site-packages/airflow/example_dags/example_sensors.py
[2024-11-20T14:53:57.187+0000] {processor.py:914} INFO - Processing file /home/airflow/.local/lib/python3.12/site-packages/airflow/example_dags/example_sensors.py for tasks to queue
[2024-11-20T14:53:57.189+0000] {logging_mixin.py:190} INFO - [2024-11-20T14:53:57.189+0000] {dagbag.py:588} INFO - Filling up the DagBag from /home/airflow/.local/lib/python3.12/site-packages/airflow/example_dags/example_sensors.py
[2024-11-20T14:53:57.197+0000] {processor.py:925} INFO - DAG(s) 'example_sensors' retrieved from /home/airflow/.local/lib/python3.12/site-packages/airflow/example_dags/example_sensors.py
[2024-11-20T14:53:57.216+0000] {logging_mixin.py:190} INFO - [2024-11-20T14:53:57.216+0000] {dag.py:3239} INFO - Sync 1 DAGs
[2024-11-20T14:53:57.226+0000] {logging_mixin.py:190} INFO - [2024-11-20T14:53:57.226+0000] {dag.py:4180} INFO - Setting next_dagrun for example_sensors to None, run_after=None
[2024-11-20T14:53:57.247+0000] {processor.py:208} INFO - Processing /home/airflow/.local/lib/python3.12/site-packages/airflow/example_dags/example_sensors.py took 0.069 seconds
[2024-11-20T14:54:27.814+0000] {processor.py:186} INFO - Started process (PID=2628) to work on /home/airflow/.local/lib/python3.12/site-packages/airflow/example_dags/example_sensors.py
[2024-11-20T14:54:27.815+0000] {processor.py:914} INFO - Processing file /home/airflow/.local/lib/python3.12/site-packages/airflow/example_dags/example_sensors.py for tasks to queue
[2024-11-20T14:54:27.817+0000] {logging_mixin.py:190} INFO - [2024-11-20T14:54:27.817+0000] {dagbag.py:588} INFO - Filling up the DagBag from /home/airflow/.local/lib/python3.12/site-packages/airflow/example_dags/example_sensors.py
[2024-11-20T14:54:27.824+0000] {processor.py:925} INFO - DAG(s) 'example_sensors' retrieved from /home/airflow/.local/lib/python3.12/site-packages/airflow/example_dags/example_sensors.py
[2024-11-20T14:54:27.843+0000] {logging_mixin.py:190} INFO - [2024-11-20T14:54:27.843+0000] {dag.py:3239} INFO - Sync 1 DAGs
[2024-11-20T14:54:27.852+0000] {logging_mixin.py:190} INFO - [2024-11-20T14:54:27.852+0000] {dag.py:4180} INFO - Setting next_dagrun for example_sensors to None, run_after=None
[2024-11-20T14:54:27.870+0000] {processor.py:208} INFO - Processing /home/airflow/.local/lib/python3.12/site-packages/airflow/example_dags/example_sensors.py took 0.061 seconds
[2024-11-20T14:54:58.288+0000] {processor.py:186} INFO - Started process (PID=2690) to work on /home/airflow/.local/lib/python3.12/site-packages/airflow/example_dags/example_sensors.py
[2024-11-20T14:54:58.290+0000] {processor.py:914} INFO - Processing file /home/airflow/.local/lib/python3.12/site-packages/airflow/example_dags/example_sensors.py for tasks to queue
[2024-11-20T14:54:58.292+0000] {logging_mixin.py:190} INFO - [2024-11-20T14:54:58.292+0000] {dagbag.py:588} INFO - Filling up the DagBag from /home/airflow/.local/lib/python3.12/site-packages/airflow/example_dags/example_sensors.py
[2024-11-20T14:54:58.299+0000] {processor.py:925} INFO - DAG(s) 'example_sensors' retrieved from /home/airflow/.local/lib/python3.12/site-packages/airflow/example_dags/example_sensors.py
[2024-11-20T14:54:58.316+0000] {logging_mixin.py:190} INFO - [2024-11-20T14:54:58.315+0000] {dag.py:3239} INFO - Sync 1 DAGs
[2024-11-20T14:54:58.325+0000] {logging_mixin.py:190} INFO - [2024-11-20T14:54:58.325+0000] {dag.py:4180} INFO - Setting next_dagrun for example_sensors to None, run_after=None
[2024-11-20T14:54:58.341+0000] {processor.py:208} INFO - Processing /home/airflow/.local/lib/python3.12/site-packages/airflow/example_dags/example_sensors.py took 0.056 seconds
[2024-11-20T14:55:28.724+0000] {processor.py:186} INFO - Started process (PID=2753) to work on /home/airflow/.local/lib/python3.12/site-packages/airflow/example_dags/example_sensors.py
[2024-11-20T14:55:28.725+0000] {processor.py:914} INFO - Processing file /home/airflow/.local/lib/python3.12/site-packages/airflow/example_dags/example_sensors.py for tasks to queue
[2024-11-20T14:55:28.728+0000] {logging_mixin.py:190} INFO - [2024-11-20T14:55:28.727+0000] {dagbag.py:588} INFO - Filling up the DagBag from /home/airflow/.local/lib/python3.12/site-packages/airflow/example_dags/example_sensors.py
[2024-11-20T14:55:28.735+0000] {processor.py:925} INFO - DAG(s) 'example_sensors' retrieved from /home/airflow/.local/lib/python3.12/site-packages/airflow/example_dags/example_sensors.py
[2024-11-20T14:55:28.751+0000] {logging_mixin.py:190} INFO - [2024-11-20T14:55:28.751+0000] {dag.py:3239} INFO - Sync 1 DAGs
[2024-11-20T14:55:28.760+0000] {logging_mixin.py:190} INFO - [2024-11-20T14:55:28.760+0000] {dag.py:4180} INFO - Setting next_dagrun for example_sensors to None, run_after=None
[2024-11-20T14:55:28.776+0000] {processor.py:208} INFO - Processing /home/airflow/.local/lib/python3.12/site-packages/airflow/example_dags/example_sensors.py took 0.056 seconds
[2024-11-20T14:55:59.689+0000] {processor.py:186} INFO - Started process (PID=2817) to work on /home/airflow/.local/lib/python3.12/site-packages/airflow/example_dags/example_sensors.py
[2024-11-20T14:55:59.690+0000] {processor.py:914} INFO - Processing file /home/airflow/.local/lib/python3.12/site-packages/airflow/example_dags/example_sensors.py for tasks to queue
[2024-11-20T14:55:59.692+0000] {logging_mixin.py:190} INFO - [2024-11-20T14:55:59.692+0000] {dagbag.py:588} INFO - Filling up the DagBag from /home/airflow/.local/lib/python3.12/site-packages/airflow/example_dags/example_sensors.py
[2024-11-20T14:55:59.699+0000] {processor.py:925} INFO - DAG(s) 'example_sensors' retrieved from /home/airflow/.local/lib/python3.12/site-packages/airflow/example_dags/example_sensors.py
[2024-11-20T14:55:59.719+0000] {logging_mixin.py:190} INFO - [2024-11-20T14:55:59.719+0000] {dag.py:3239} INFO - Sync 1 DAGs
[2024-11-20T14:55:59.728+0000] {logging_mixin.py:190} INFO - [2024-11-20T14:55:59.728+0000] {dag.py:4180} INFO - Setting next_dagrun for example_sensors to None, run_after=None
[2024-11-20T14:55:59.746+0000] {processor.py:208} INFO - Processing /home/airflow/.local/lib/python3.12/site-packages/airflow/example_dags/example_sensors.py took 0.061 seconds
[2024-11-20T14:56:30.095+0000] {processor.py:186} INFO - Started process (PID=2879) to work on /home/airflow/.local/lib/python3.12/site-packages/airflow/example_dags/example_sensors.py
[2024-11-20T14:56:30.095+0000] {processor.py:914} INFO - Processing file /home/airflow/.local/lib/python3.12/site-packages/airflow/example_dags/example_sensors.py for tasks to queue
[2024-11-20T14:56:30.097+0000] {logging_mixin.py:190} INFO - [2024-11-20T14:56:30.097+0000] {dagbag.py:588} INFO - Filling up the DagBag from /home/airflow/.local/lib/python3.12/site-packages/airflow/example_dags/example_sensors.py
[2024-11-20T14:56:30.104+0000] {processor.py:925} INFO - DAG(s) 'example_sensors' retrieved from /home/airflow/.local/lib/python3.12/site-packages/airflow/example_dags/example_sensors.py
[2024-11-20T14:56:30.119+0000] {logging_mixin.py:190} INFO - [2024-11-20T14:56:30.119+0000] {dag.py:3239} INFO - Sync 1 DAGs
[2024-11-20T14:56:30.128+0000] {logging_mixin.py:190} INFO - [2024-11-20T14:56:30.128+0000] {dag.py:4180} INFO - Setting next_dagrun for example_sensors to None, run_after=None
[2024-11-20T14:56:30.143+0000] {processor.py:208} INFO - Processing /home/airflow/.local/lib/python3.12/site-packages/airflow/example_dags/example_sensors.py took 0.053 seconds
[2024-11-20T14:57:00.255+0000] {processor.py:186} INFO - Started process (PID=2942) to work on /home/airflow/.local/lib/python3.12/site-packages/airflow/example_dags/example_sensors.py
[2024-11-20T14:57:00.256+0000] {processor.py:914} INFO - Processing file /home/airflow/.local/lib/python3.12/site-packages/airflow/example_dags/example_sensors.py for tasks to queue
[2024-11-20T14:57:00.258+0000] {logging_mixin.py:190} INFO - [2024-11-20T14:57:00.258+0000] {dagbag.py:588} INFO - Filling up the DagBag from /home/airflow/.local/lib/python3.12/site-packages/airflow/example_dags/example_sensors.py
[2024-11-20T14:57:00.266+0000] {processor.py:925} INFO - DAG(s) 'example_sensors' retrieved from /home/airflow/.local/lib/python3.12/site-packages/airflow/example_dags/example_sensors.py
[2024-11-20T14:57:00.281+0000] {logging_mixin.py:190} INFO - [2024-11-20T14:57:00.281+0000] {dag.py:3239} INFO - Sync 1 DAGs
[2024-11-20T14:57:00.290+0000] {logging_mixin.py:190} INFO - [2024-11-20T14:57:00.290+0000] {dag.py:4180} INFO - Setting next_dagrun for example_sensors to None, run_after=None
[2024-11-20T14:57:00.417+0000] {processor.py:208} INFO - Processing /home/airflow/.local/lib/python3.12/site-packages/airflow/example_dags/example_sensors.py took 0.166 seconds
[2024-11-20T14:57:30.508+0000] {processor.py:186} INFO - Started process (PID=3005) to work on /home/airflow/.local/lib/python3.12/site-packages/airflow/example_dags/example_sensors.py
[2024-11-20T14:57:30.509+0000] {processor.py:914} INFO - Processing file /home/airflow/.local/lib/python3.12/site-packages/airflow/example_dags/example_sensors.py for tasks to queue
[2024-11-20T14:57:30.512+0000] {logging_mixin.py:190} INFO - [2024-11-20T14:57:30.511+0000] {dagbag.py:588} INFO - Filling up the DagBag from /home/airflow/.local/lib/python3.12/site-packages/airflow/example_dags/example_sensors.py
[2024-11-20T14:57:30.520+0000] {processor.py:925} INFO - DAG(s) 'example_sensors' retrieved from /home/airflow/.local/lib/python3.12/site-packages/airflow/example_dags/example_sensors.py
[2024-11-20T14:57:30.536+0000] {logging_mixin.py:190} INFO - [2024-11-20T14:57:30.536+0000] {dag.py:3239} INFO - Sync 1 DAGs
[2024-11-20T14:57:30.546+0000] {logging_mixin.py:190} INFO - [2024-11-20T14:57:30.546+0000] {dag.py:4180} INFO - Setting next_dagrun for example_sensors to None, run_after=None
[2024-11-20T14:57:30.585+0000] {processor.py:208} INFO - Processing /home/airflow/.local/lib/python3.12/site-packages/airflow/example_dags/example_sensors.py took 0.085 seconds
[2024-11-20T14:58:00.711+0000] {processor.py:186} INFO - Started process (PID=3068) to work on /home/airflow/.local/lib/python3.12/site-packages/airflow/example_dags/example_sensors.py
[2024-11-20T14:58:00.713+0000] {processor.py:914} INFO - Processing file /home/airflow/.local/lib/python3.12/site-packages/airflow/example_dags/example_sensors.py for tasks to queue
[2024-11-20T14:58:00.715+0000] {logging_mixin.py:190} INFO - [2024-11-20T14:58:00.715+0000] {dagbag.py:588} INFO - Filling up the DagBag from /home/airflow/.local/lib/python3.12/site-packages/airflow/example_dags/example_sensors.py
[2024-11-20T14:58:00.723+0000] {processor.py:925} INFO - DAG(s) 'example_sensors' retrieved from /home/airflow/.local/lib/python3.12/site-packages/airflow/example_dags/example_sensors.py
[2024-11-20T14:58:00.741+0000] {logging_mixin.py:190} INFO - [2024-11-20T14:58:00.741+0000] {dag.py:3239} INFO - Sync 1 DAGs
[2024-11-20T14:58:00.750+0000] {logging_mixin.py:190} INFO - [2024-11-20T14:58:00.750+0000] {dag.py:4180} INFO - Setting next_dagrun for example_sensors to None, run_after=None
[2024-11-20T14:58:00.763+0000] {processor.py:208} INFO - Processing /home/airflow/.local/lib/python3.12/site-packages/airflow/example_dags/example_sensors.py took 0.062 seconds
[2024-11-20T14:58:31.346+0000] {processor.py:186} INFO - Started process (PID=3131) to work on /home/airflow/.local/lib/python3.12/site-packages/airflow/example_dags/example_sensors.py
[2024-11-20T14:58:31.347+0000] {processor.py:914} INFO - Processing file /home/airflow/.local/lib/python3.12/site-packages/airflow/example_dags/example_sensors.py for tasks to queue
[2024-11-20T14:58:31.349+0000] {logging_mixin.py:190} INFO - [2024-11-20T14:58:31.349+0000] {dagbag.py:588} INFO - Filling up the DagBag from /home/airflow/.local/lib/python3.12/site-packages/airflow/example_dags/example_sensors.py
[2024-11-20T14:58:31.356+0000] {processor.py:925} INFO - DAG(s) 'example_sensors' retrieved from /home/airflow/.local/lib/python3.12/site-packages/airflow/example_dags/example_sensors.py
[2024-11-20T14:58:31.371+0000] {logging_mixin.py:190} INFO - [2024-11-20T14:58:31.371+0000] {dag.py:3239} INFO - Sync 1 DAGs
[2024-11-20T14:58:31.381+0000] {logging_mixin.py:190} INFO - [2024-11-20T14:58:31.381+0000] {dag.py:4180} INFO - Setting next_dagrun for example_sensors to None, run_after=None
[2024-11-20T14:58:31.397+0000] {processor.py:208} INFO - Processing /home/airflow/.local/lib/python3.12/site-packages/airflow/example_dags/example_sensors.py took 0.055 seconds
[2024-11-20T14:59:01.710+0000] {processor.py:186} INFO - Started process (PID=3194) to work on /home/airflow/.local/lib/python3.12/site-packages/airflow/example_dags/example_sensors.py
[2024-11-20T14:59:01.711+0000] {processor.py:914} INFO - Processing file /home/airflow/.local/lib/python3.12/site-packages/airflow/example_dags/example_sensors.py for tasks to queue
[2024-11-20T14:59:01.712+0000] {logging_mixin.py:190} INFO - [2024-11-20T14:59:01.712+0000] {dagbag.py:588} INFO - Filling up the DagBag from /home/airflow/.local/lib/python3.12/site-packages/airflow/example_dags/example_sensors.py
[2024-11-20T14:59:01.719+0000] {processor.py:925} INFO - DAG(s) 'example_sensors' retrieved from /home/airflow/.local/lib/python3.12/site-packages/airflow/example_dags/example_sensors.py
[2024-11-20T14:59:01.738+0000] {logging_mixin.py:190} INFO - [2024-11-20T14:59:01.738+0000] {dag.py:3239} INFO - Sync 1 DAGs
[2024-11-20T14:59:01.852+0000] {logging_mixin.py:190} INFO - [2024-11-20T14:59:01.852+0000] {dag.py:4180} INFO - Setting next_dagrun for example_sensors to None, run_after=None
[2024-11-20T14:59:01.870+0000] {processor.py:208} INFO - Processing /home/airflow/.local/lib/python3.12/site-packages/airflow/example_dags/example_sensors.py took 0.165 seconds
[2024-11-20T14:59:32.773+0000] {processor.py:186} INFO - Started process (PID=3257) to work on /home/airflow/.local/lib/python3.12/site-packages/airflow/example_dags/example_sensors.py
[2024-11-20T14:59:32.774+0000] {processor.py:914} INFO - Processing file /home/airflow/.local/lib/python3.12/site-packages/airflow/example_dags/example_sensors.py for tasks to queue
[2024-11-20T14:59:32.775+0000] {logging_mixin.py:190} INFO - [2024-11-20T14:59:32.775+0000] {dagbag.py:588} INFO - Filling up the DagBag from /home/airflow/.local/lib/python3.12/site-packages/airflow/example_dags/example_sensors.py
[2024-11-20T14:59:32.783+0000] {processor.py:925} INFO - DAG(s) 'example_sensors' retrieved from /home/airflow/.local/lib/python3.12/site-packages/airflow/example_dags/example_sensors.py
[2024-11-20T14:59:32.799+0000] {logging_mixin.py:190} INFO - [2024-11-20T14:59:32.799+0000] {dag.py:3239} INFO - Sync 1 DAGs
[2024-11-20T14:59:32.809+0000] {logging_mixin.py:190} INFO - [2024-11-20T14:59:32.809+0000] {dag.py:4180} INFO - Setting next_dagrun for example_sensors to None, run_after=None
[2024-11-20T14:59:32.938+0000] {processor.py:208} INFO - Processing /home/airflow/.local/lib/python3.12/site-packages/airflow/example_dags/example_sensors.py took 0.169 seconds
[2024-11-20T15:00:03.391+0000] {processor.py:186} INFO - Started process (PID=3320) to work on /home/airflow/.local/lib/python3.12/site-packages/airflow/example_dags/example_sensors.py
[2024-11-20T15:00:03.392+0000] {processor.py:914} INFO - Processing file /home/airflow/.local/lib/python3.12/site-packages/airflow/example_dags/example_sensors.py for tasks to queue
[2024-11-20T15:00:03.394+0000] {logging_mixin.py:190} INFO - [2024-11-20T15:00:03.394+0000] {dagbag.py:588} INFO - Filling up the DagBag from /home/airflow/.local/lib/python3.12/site-packages/airflow/example_dags/example_sensors.py
[2024-11-20T15:00:03.402+0000] {processor.py:925} INFO - DAG(s) 'example_sensors' retrieved from /home/airflow/.local/lib/python3.12/site-packages/airflow/example_dags/example_sensors.py
[2024-11-20T15:00:03.420+0000] {logging_mixin.py:190} INFO - [2024-11-20T15:00:03.420+0000] {dag.py:3239} INFO - Sync 1 DAGs
[2024-11-20T15:00:03.429+0000] {logging_mixin.py:190} INFO - [2024-11-20T15:00:03.429+0000] {dag.py:4180} INFO - Setting next_dagrun for example_sensors to None, run_after=None
[2024-11-20T15:00:03.448+0000] {processor.py:208} INFO - Processing /home/airflow/.local/lib/python3.12/site-packages/airflow/example_dags/example_sensors.py took 0.061 seconds
[2024-11-20T15:00:33.791+0000] {processor.py:186} INFO - Started process (PID=3383) to work on /home/airflow/.local/lib/python3.12/site-packages/airflow/example_dags/example_sensors.py
[2024-11-20T15:00:33.792+0000] {processor.py:914} INFO - Processing file /home/airflow/.local/lib/python3.12/site-packages/airflow/example_dags/example_sensors.py for tasks to queue
[2024-11-20T15:00:33.794+0000] {logging_mixin.py:190} INFO - [2024-11-20T15:00:33.794+0000] {dagbag.py:588} INFO - Filling up the DagBag from /home/airflow/.local/lib/python3.12/site-packages/airflow/example_dags/example_sensors.py
[2024-11-20T15:00:33.802+0000] {processor.py:925} INFO - DAG(s) 'example_sensors' retrieved from /home/airflow/.local/lib/python3.12/site-packages/airflow/example_dags/example_sensors.py
[2024-11-20T15:00:33.819+0000] {logging_mixin.py:190} INFO - [2024-11-20T15:00:33.819+0000] {dag.py:3239} INFO - Sync 1 DAGs
[2024-11-20T15:00:33.828+0000] {logging_mixin.py:190} INFO - [2024-11-20T15:00:33.828+0000] {dag.py:4180} INFO - Setting next_dagrun for example_sensors to None, run_after=None
[2024-11-20T15:00:33.844+0000] {processor.py:208} INFO - Processing /home/airflow/.local/lib/python3.12/site-packages/airflow/example_dags/example_sensors.py took 0.058 seconds
[2024-11-20T15:01:04.716+0000] {processor.py:186} INFO - Started process (PID=3446) to work on /home/airflow/.local/lib/python3.12/site-packages/airflow/example_dags/example_sensors.py
[2024-11-20T15:01:04.717+0000] {processor.py:914} INFO - Processing file /home/airflow/.local/lib/python3.12/site-packages/airflow/example_dags/example_sensors.py for tasks to queue
[2024-11-20T15:01:04.719+0000] {logging_mixin.py:190} INFO - [2024-11-20T15:01:04.718+0000] {dagbag.py:588} INFO - Filling up the DagBag from /home/airflow/.local/lib/python3.12/site-packages/airflow/example_dags/example_sensors.py
[2024-11-20T15:01:04.726+0000] {processor.py:925} INFO - DAG(s) 'example_sensors' retrieved from /home/airflow/.local/lib/python3.12/site-packages/airflow/example_dags/example_sensors.py
[2024-11-20T15:01:04.744+0000] {logging_mixin.py:190} INFO - [2024-11-20T15:01:04.744+0000] {dag.py:3239} INFO - Sync 1 DAGs
[2024-11-20T15:01:04.753+0000] {logging_mixin.py:190} INFO - [2024-11-20T15:01:04.753+0000] {dag.py:4180} INFO - Setting next_dagrun for example_sensors to None, run_after=None
[2024-11-20T15:01:04.772+0000] {processor.py:208} INFO - Processing /home/airflow/.local/lib/python3.12/site-packages/airflow/example_dags/example_sensors.py took 0.060 seconds
[2024-11-20T15:01:35.565+0000] {processor.py:186} INFO - Started process (PID=3509) to work on /home/airflow/.local/lib/python3.12/site-packages/airflow/example_dags/example_sensors.py
[2024-11-20T15:01:35.566+0000] {processor.py:914} INFO - Processing file /home/airflow/.local/lib/python3.12/site-packages/airflow/example_dags/example_sensors.py for tasks to queue
[2024-11-20T15:01:35.568+0000] {logging_mixin.py:190} INFO - [2024-11-20T15:01:35.568+0000] {dagbag.py:588} INFO - Filling up the DagBag from /home/airflow/.local/lib/python3.12/site-packages/airflow/example_dags/example_sensors.py
[2024-11-20T15:01:35.576+0000] {processor.py:925} INFO - DAG(s) 'example_sensors' retrieved from /home/airflow/.local/lib/python3.12/site-packages/airflow/example_dags/example_sensors.py
[2024-11-20T15:01:35.593+0000] {logging_mixin.py:190} INFO - [2024-11-20T15:01:35.593+0000] {dag.py:3239} INFO - Sync 1 DAGs
[2024-11-20T15:01:35.603+0000] {logging_mixin.py:190} INFO - [2024-11-20T15:01:35.603+0000] {dag.py:4180} INFO - Setting next_dagrun for example_sensors to None, run_after=None
[2024-11-20T15:01:35.618+0000] {processor.py:208} INFO - Processing /home/airflow/.local/lib/python3.12/site-packages/airflow/example_dags/example_sensors.py took 0.057 seconds
[2024-11-20T15:02:05.824+0000] {processor.py:186} INFO - Started process (PID=3572) to work on /home/airflow/.local/lib/python3.12/site-packages/airflow/example_dags/example_sensors.py
[2024-11-20T15:02:05.825+0000] {processor.py:914} INFO - Processing file /home/airflow/.local/lib/python3.12/site-packages/airflow/example_dags/example_sensors.py for tasks to queue
[2024-11-20T15:02:05.827+0000] {logging_mixin.py:190} INFO - [2024-11-20T15:02:05.827+0000] {dagbag.py:588} INFO - Filling up the DagBag from /home/airflow/.local/lib/python3.12/site-packages/airflow/example_dags/example_sensors.py
[2024-11-20T15:02:05.834+0000] {processor.py:925} INFO - DAG(s) 'example_sensors' retrieved from /home/airflow/.local/lib/python3.12/site-packages/airflow/example_dags/example_sensors.py
[2024-11-20T15:02:05.850+0000] {logging_mixin.py:190} INFO - [2024-11-20T15:02:05.850+0000] {dag.py:3239} INFO - Sync 1 DAGs
[2024-11-20T15:02:05.859+0000] {logging_mixin.py:190} INFO - [2024-11-20T15:02:05.859+0000] {dag.py:4180} INFO - Setting next_dagrun for example_sensors to None, run_after=None
[2024-11-20T15:02:05.874+0000] {processor.py:208} INFO - Processing /home/airflow/.local/lib/python3.12/site-packages/airflow/example_dags/example_sensors.py took 0.054 seconds
[2024-11-20T15:02:36.637+0000] {processor.py:186} INFO - Started process (PID=3635) to work on /home/airflow/.local/lib/python3.12/site-packages/airflow/example_dags/example_sensors.py
[2024-11-20T15:02:36.638+0000] {processor.py:914} INFO - Processing file /home/airflow/.local/lib/python3.12/site-packages/airflow/example_dags/example_sensors.py for tasks to queue
[2024-11-20T15:02:36.640+0000] {logging_mixin.py:190} INFO - [2024-11-20T15:02:36.640+0000] {dagbag.py:588} INFO - Filling up the DagBag from /home/airflow/.local/lib/python3.12/site-packages/airflow/example_dags/example_sensors.py
[2024-11-20T15:02:36.647+0000] {processor.py:925} INFO - DAG(s) 'example_sensors' retrieved from /home/airflow/.local/lib/python3.12/site-packages/airflow/example_dags/example_sensors.py
[2024-11-20T15:02:36.666+0000] {logging_mixin.py:190} INFO - [2024-11-20T15:02:36.665+0000] {dag.py:3239} INFO - Sync 1 DAGs
[2024-11-20T15:02:36.675+0000] {logging_mixin.py:190} INFO - [2024-11-20T15:02:36.675+0000] {dag.py:4180} INFO - Setting next_dagrun for example_sensors to None, run_after=None
[2024-11-20T15:02:36.693+0000] {processor.py:208} INFO - Processing /home/airflow/.local/lib/python3.12/site-packages/airflow/example_dags/example_sensors.py took 0.059 seconds
