[2024-11-20T14:27:51.540+0000] {processor.py:186} INFO - Started process (PID=114) to work on /home/airflow/.local/lib/python3.12/site-packages/airflow/example_dags/example_params_ui_tutorial.py
[2024-11-20T14:27:51.541+0000] {processor.py:914} INFO - Processing file /home/airflow/.local/lib/python3.12/site-packages/airflow/example_dags/example_params_ui_tutorial.py for tasks to queue
[2024-11-20T14:27:51.543+0000] {logging_mixin.py:190} INFO - [2024-11-20T14:27:51.543+0000] {dagbag.py:588} INFO - Filling up the DagBag from /home/airflow/.local/lib/python3.12/site-packages/airflow/example_dags/example_params_ui_tutorial.py
[2024-11-20T14:27:51.551+0000] {processor.py:925} INFO - DAG(s) 'example_params_ui_tutorial' retrieved from /home/airflow/.local/lib/python3.12/site-packages/airflow/example_dags/example_params_ui_tutorial.py
[2024-11-20T14:27:51.635+0000] {logging_mixin.py:190} INFO - [2024-11-20T14:27:51.635+0000] {override.py:1911} INFO - Created Permission View: can read on DAG:example_params_ui_tutorial
[2024-11-20T14:27:51.645+0000] {logging_mixin.py:190} INFO - [2024-11-20T14:27:51.645+0000] {override.py:1911} INFO - Created Permission View: can edit on DAG:example_params_ui_tutorial
[2024-11-20T14:27:51.651+0000] {logging_mixin.py:190} INFO - [2024-11-20T14:27:51.651+0000] {override.py:1911} INFO - Created Permission View: can delete on DAG:example_params_ui_tutorial
[2024-11-20T14:27:51.662+0000] {logging_mixin.py:190} INFO - [2024-11-20T14:27:51.662+0000] {override.py:1911} INFO - Created Permission View: can read on DAG Run:example_params_ui_tutorial
[2024-11-20T14:27:51.674+0000] {logging_mixin.py:190} INFO - [2024-11-20T14:27:51.674+0000] {override.py:1911} INFO - Created Permission View: menu access on DAG Run:example_params_ui_tutorial
[2024-11-20T14:27:51.680+0000] {logging_mixin.py:190} INFO - [2024-11-20T14:27:51.680+0000] {override.py:1911} INFO - Created Permission View: can create on DAG Run:example_params_ui_tutorial
[2024-11-20T14:27:51.686+0000] {logging_mixin.py:190} INFO - [2024-11-20T14:27:51.686+0000] {override.py:1911} INFO - Created Permission View: can delete on DAG Run:example_params_ui_tutorial
[2024-11-20T14:27:51.687+0000] {logging_mixin.py:190} INFO - [2024-11-20T14:27:51.687+0000] {dag.py:3239} INFO - Sync 1 DAGs
[2024-11-20T14:27:51.696+0000] {logging_mixin.py:190} INFO - [2024-11-20T14:27:51.696+0000] {dag.py:3262} INFO - Creating ORM DAG for example_params_ui_tutorial
[2024-11-20T14:27:51.697+0000] {logging_mixin.py:190} INFO - [2024-11-20T14:27:51.697+0000] {dag.py:4180} INFO - Setting next_dagrun for example_params_ui_tutorial to None, run_after=None
[2024-11-20T14:27:51.713+0000] {processor.py:208} INFO - Processing /home/airflow/.local/lib/python3.12/site-packages/airflow/example_dags/example_params_ui_tutorial.py took 0.177 seconds
[2024-11-20T14:28:21.776+0000] {processor.py:186} INFO - Started process (PID=176) to work on /home/airflow/.local/lib/python3.12/site-packages/airflow/example_dags/example_params_ui_tutorial.py
[2024-11-20T14:28:21.777+0000] {processor.py:914} INFO - Processing file /home/airflow/.local/lib/python3.12/site-packages/airflow/example_dags/example_params_ui_tutorial.py for tasks to queue
[2024-11-20T14:28:21.779+0000] {logging_mixin.py:190} INFO - [2024-11-20T14:28:21.779+0000] {dagbag.py:588} INFO - Filling up the DagBag from /home/airflow/.local/lib/python3.12/site-packages/airflow/example_dags/example_params_ui_tutorial.py
[2024-11-20T14:28:21.786+0000] {processor.py:925} INFO - DAG(s) 'example_params_ui_tutorial' retrieved from /home/airflow/.local/lib/python3.12/site-packages/airflow/example_dags/example_params_ui_tutorial.py
[2024-11-20T14:28:21.813+0000] {logging_mixin.py:190} INFO - [2024-11-20T14:28:21.813+0000] {dag.py:3239} INFO - Sync 1 DAGs
[2024-11-20T14:28:21.822+0000] {logging_mixin.py:190} INFO - [2024-11-20T14:28:21.822+0000] {dag.py:4180} INFO - Setting next_dagrun for example_params_ui_tutorial to None, run_after=None
[2024-11-20T14:28:21.838+0000] {processor.py:208} INFO - Processing /home/airflow/.local/lib/python3.12/site-packages/airflow/example_dags/example_params_ui_tutorial.py took 0.066 seconds
[2024-11-20T14:28:52.004+0000] {processor.py:186} INFO - Started process (PID=239) to work on /home/airflow/.local/lib/python3.12/site-packages/airflow/example_dags/example_params_ui_tutorial.py
[2024-11-20T14:28:52.005+0000] {processor.py:914} INFO - Processing file /home/airflow/.local/lib/python3.12/site-packages/airflow/example_dags/example_params_ui_tutorial.py for tasks to queue
[2024-11-20T14:28:52.007+0000] {logging_mixin.py:190} INFO - [2024-11-20T14:28:52.006+0000] {dagbag.py:588} INFO - Filling up the DagBag from /home/airflow/.local/lib/python3.12/site-packages/airflow/example_dags/example_params_ui_tutorial.py
[2024-11-20T14:28:52.013+0000] {processor.py:925} INFO - DAG(s) 'example_params_ui_tutorial' retrieved from /home/airflow/.local/lib/python3.12/site-packages/airflow/example_dags/example_params_ui_tutorial.py
[2024-11-20T14:28:52.041+0000] {logging_mixin.py:190} INFO - [2024-11-20T14:28:52.041+0000] {dag.py:3239} INFO - Sync 1 DAGs
[2024-11-20T14:28:52.050+0000] {logging_mixin.py:190} INFO - [2024-11-20T14:28:52.050+0000] {dag.py:4180} INFO - Setting next_dagrun for example_params_ui_tutorial to None, run_after=None
[2024-11-20T14:28:52.067+0000] {processor.py:208} INFO - Processing /home/airflow/.local/lib/python3.12/site-packages/airflow/example_dags/example_params_ui_tutorial.py took 0.067 seconds
[2024-11-20T14:29:22.420+0000] {processor.py:186} INFO - Started process (PID=301) to work on /home/airflow/.local/lib/python3.12/site-packages/airflow/example_dags/example_params_ui_tutorial.py
[2024-11-20T14:29:22.421+0000] {processor.py:914} INFO - Processing file /home/airflow/.local/lib/python3.12/site-packages/airflow/example_dags/example_params_ui_tutorial.py for tasks to queue
[2024-11-20T14:29:22.422+0000] {logging_mixin.py:190} INFO - [2024-11-20T14:29:22.422+0000] {dagbag.py:588} INFO - Filling up the DagBag from /home/airflow/.local/lib/python3.12/site-packages/airflow/example_dags/example_params_ui_tutorial.py
[2024-11-20T14:29:22.429+0000] {processor.py:925} INFO - DAG(s) 'example_params_ui_tutorial' retrieved from /home/airflow/.local/lib/python3.12/site-packages/airflow/example_dags/example_params_ui_tutorial.py
[2024-11-20T14:29:22.458+0000] {logging_mixin.py:190} INFO - [2024-11-20T14:29:22.458+0000] {dag.py:3239} INFO - Sync 1 DAGs
[2024-11-20T14:29:22.468+0000] {logging_mixin.py:190} INFO - [2024-11-20T14:29:22.468+0000] {dag.py:4180} INFO - Setting next_dagrun for example_params_ui_tutorial to None, run_after=None
[2024-11-20T14:29:22.485+0000] {processor.py:208} INFO - Processing /home/airflow/.local/lib/python3.12/site-packages/airflow/example_dags/example_params_ui_tutorial.py took 0.070 seconds
[2024-11-20T14:29:52.749+0000] {processor.py:186} INFO - Started process (PID=363) to work on /home/airflow/.local/lib/python3.12/site-packages/airflow/example_dags/example_params_ui_tutorial.py
[2024-11-20T14:29:52.750+0000] {processor.py:914} INFO - Processing file /home/airflow/.local/lib/python3.12/site-packages/airflow/example_dags/example_params_ui_tutorial.py for tasks to queue
[2024-11-20T14:29:52.752+0000] {logging_mixin.py:190} INFO - [2024-11-20T14:29:52.752+0000] {dagbag.py:588} INFO - Filling up the DagBag from /home/airflow/.local/lib/python3.12/site-packages/airflow/example_dags/example_params_ui_tutorial.py
[2024-11-20T14:29:52.758+0000] {processor.py:925} INFO - DAG(s) 'example_params_ui_tutorial' retrieved from /home/airflow/.local/lib/python3.12/site-packages/airflow/example_dags/example_params_ui_tutorial.py
[2024-11-20T14:29:52.785+0000] {logging_mixin.py:190} INFO - [2024-11-20T14:29:52.785+0000] {dag.py:3239} INFO - Sync 1 DAGs
[2024-11-20T14:29:52.794+0000] {logging_mixin.py:190} INFO - [2024-11-20T14:29:52.794+0000] {dag.py:4180} INFO - Setting next_dagrun for example_params_ui_tutorial to None, run_after=None
[2024-11-20T14:29:52.812+0000] {processor.py:208} INFO - Processing /home/airflow/.local/lib/python3.12/site-packages/airflow/example_dags/example_params_ui_tutorial.py took 0.068 seconds
[2024-11-20T14:30:23.528+0000] {processor.py:186} INFO - Started process (PID=426) to work on /home/airflow/.local/lib/python3.12/site-packages/airflow/example_dags/example_params_ui_tutorial.py
[2024-11-20T14:30:23.529+0000] {processor.py:914} INFO - Processing file /home/airflow/.local/lib/python3.12/site-packages/airflow/example_dags/example_params_ui_tutorial.py for tasks to queue
[2024-11-20T14:30:23.531+0000] {logging_mixin.py:190} INFO - [2024-11-20T14:30:23.531+0000] {dagbag.py:588} INFO - Filling up the DagBag from /home/airflow/.local/lib/python3.12/site-packages/airflow/example_dags/example_params_ui_tutorial.py
[2024-11-20T14:30:23.538+0000] {processor.py:925} INFO - DAG(s) 'example_params_ui_tutorial' retrieved from /home/airflow/.local/lib/python3.12/site-packages/airflow/example_dags/example_params_ui_tutorial.py
[2024-11-20T14:30:23.567+0000] {logging_mixin.py:190} INFO - [2024-11-20T14:30:23.567+0000] {dag.py:3239} INFO - Sync 1 DAGs
[2024-11-20T14:30:23.577+0000] {logging_mixin.py:190} INFO - [2024-11-20T14:30:23.576+0000] {dag.py:4180} INFO - Setting next_dagrun for example_params_ui_tutorial to None, run_after=None
[2024-11-20T14:30:23.592+0000] {processor.py:208} INFO - Processing /home/airflow/.local/lib/python3.12/site-packages/airflow/example_dags/example_params_ui_tutorial.py took 0.068 seconds
[2024-11-20T14:30:54.753+0000] {processor.py:186} INFO - Started process (PID=491) to work on /home/airflow/.local/lib/python3.12/site-packages/airflow/example_dags/example_params_ui_tutorial.py
[2024-11-20T14:30:54.754+0000] {processor.py:914} INFO - Processing file /home/airflow/.local/lib/python3.12/site-packages/airflow/example_dags/example_params_ui_tutorial.py for tasks to queue
[2024-11-20T14:30:54.756+0000] {logging_mixin.py:190} INFO - [2024-11-20T14:30:54.756+0000] {dagbag.py:588} INFO - Filling up the DagBag from /home/airflow/.local/lib/python3.12/site-packages/airflow/example_dags/example_params_ui_tutorial.py
[2024-11-20T14:30:54.762+0000] {processor.py:925} INFO - DAG(s) 'example_params_ui_tutorial' retrieved from /home/airflow/.local/lib/python3.12/site-packages/airflow/example_dags/example_params_ui_tutorial.py
[2024-11-20T14:30:54.791+0000] {logging_mixin.py:190} INFO - [2024-11-20T14:30:54.791+0000] {dag.py:3239} INFO - Sync 1 DAGs
[2024-11-20T14:30:54.802+0000] {logging_mixin.py:190} INFO - [2024-11-20T14:30:54.801+0000] {dag.py:4180} INFO - Setting next_dagrun for example_params_ui_tutorial to None, run_after=None
[2024-11-20T14:30:54.817+0000] {processor.py:208} INFO - Processing /home/airflow/.local/lib/python3.12/site-packages/airflow/example_dags/example_params_ui_tutorial.py took 0.067 seconds
[2024-11-20T14:31:25.109+0000] {processor.py:186} INFO - Started process (PID=554) to work on /home/airflow/.local/lib/python3.12/site-packages/airflow/example_dags/example_params_ui_tutorial.py
[2024-11-20T14:31:25.110+0000] {processor.py:914} INFO - Processing file /home/airflow/.local/lib/python3.12/site-packages/airflow/example_dags/example_params_ui_tutorial.py for tasks to queue
[2024-11-20T14:31:25.112+0000] {logging_mixin.py:190} INFO - [2024-11-20T14:31:25.112+0000] {dagbag.py:588} INFO - Filling up the DagBag from /home/airflow/.local/lib/python3.12/site-packages/airflow/example_dags/example_params_ui_tutorial.py
[2024-11-20T14:31:25.119+0000] {processor.py:925} INFO - DAG(s) 'example_params_ui_tutorial' retrieved from /home/airflow/.local/lib/python3.12/site-packages/airflow/example_dags/example_params_ui_tutorial.py
[2024-11-20T14:31:25.147+0000] {logging_mixin.py:190} INFO - [2024-11-20T14:31:25.147+0000] {dag.py:3239} INFO - Sync 1 DAGs
[2024-11-20T14:31:25.158+0000] {logging_mixin.py:190} INFO - [2024-11-20T14:31:25.158+0000] {dag.py:4180} INFO - Setting next_dagrun for example_params_ui_tutorial to None, run_after=None
[2024-11-20T14:31:25.173+0000] {processor.py:208} INFO - Processing /home/airflow/.local/lib/python3.12/site-packages/airflow/example_dags/example_params_ui_tutorial.py took 0.068 seconds
[2024-11-20T14:31:55.392+0000] {processor.py:186} INFO - Started process (PID=616) to work on /home/airflow/.local/lib/python3.12/site-packages/airflow/example_dags/example_params_ui_tutorial.py
[2024-11-20T14:31:55.393+0000] {processor.py:914} INFO - Processing file /home/airflow/.local/lib/python3.12/site-packages/airflow/example_dags/example_params_ui_tutorial.py for tasks to queue
[2024-11-20T14:31:55.395+0000] {logging_mixin.py:190} INFO - [2024-11-20T14:31:55.394+0000] {dagbag.py:588} INFO - Filling up the DagBag from /home/airflow/.local/lib/python3.12/site-packages/airflow/example_dags/example_params_ui_tutorial.py
[2024-11-20T14:31:55.400+0000] {processor.py:925} INFO - DAG(s) 'example_params_ui_tutorial' retrieved from /home/airflow/.local/lib/python3.12/site-packages/airflow/example_dags/example_params_ui_tutorial.py
[2024-11-20T14:31:55.427+0000] {logging_mixin.py:190} INFO - [2024-11-20T14:31:55.427+0000] {dag.py:3239} INFO - Sync 1 DAGs
[2024-11-20T14:31:55.437+0000] {logging_mixin.py:190} INFO - [2024-11-20T14:31:55.437+0000] {dag.py:4180} INFO - Setting next_dagrun for example_params_ui_tutorial to None, run_after=None
[2024-11-20T14:31:55.451+0000] {processor.py:208} INFO - Processing /home/airflow/.local/lib/python3.12/site-packages/airflow/example_dags/example_params_ui_tutorial.py took 0.063 seconds
[2024-11-20T14:32:27.161+0000] {processor.py:186} INFO - Started process (PID=680) to work on /home/airflow/.local/lib/python3.12/site-packages/airflow/example_dags/example_params_ui_tutorial.py
[2024-11-20T14:32:27.162+0000] {processor.py:914} INFO - Processing file /home/airflow/.local/lib/python3.12/site-packages/airflow/example_dags/example_params_ui_tutorial.py for tasks to queue
[2024-11-20T14:32:27.163+0000] {logging_mixin.py:190} INFO - [2024-11-20T14:32:27.163+0000] {dagbag.py:588} INFO - Filling up the DagBag from /home/airflow/.local/lib/python3.12/site-packages/airflow/example_dags/example_params_ui_tutorial.py
[2024-11-20T14:32:27.169+0000] {processor.py:925} INFO - DAG(s) 'example_params_ui_tutorial' retrieved from /home/airflow/.local/lib/python3.12/site-packages/airflow/example_dags/example_params_ui_tutorial.py
[2024-11-20T14:32:27.197+0000] {logging_mixin.py:190} INFO - [2024-11-20T14:32:27.196+0000] {dag.py:3239} INFO - Sync 1 DAGs
[2024-11-20T14:32:27.206+0000] {logging_mixin.py:190} INFO - [2024-11-20T14:32:27.205+0000] {dag.py:4180} INFO - Setting next_dagrun for example_params_ui_tutorial to None, run_after=None
[2024-11-20T14:32:27.220+0000] {processor.py:208} INFO - Processing /home/airflow/.local/lib/python3.12/site-packages/airflow/example_dags/example_params_ui_tutorial.py took 0.063 seconds
[2024-11-20T14:32:58.019+0000] {processor.py:186} INFO - Started process (PID=742) to work on /home/airflow/.local/lib/python3.12/site-packages/airflow/example_dags/example_params_ui_tutorial.py
[2024-11-20T14:32:58.020+0000] {processor.py:914} INFO - Processing file /home/airflow/.local/lib/python3.12/site-packages/airflow/example_dags/example_params_ui_tutorial.py for tasks to queue
[2024-11-20T14:32:58.022+0000] {logging_mixin.py:190} INFO - [2024-11-20T14:32:58.021+0000] {dagbag.py:588} INFO - Filling up the DagBag from /home/airflow/.local/lib/python3.12/site-packages/airflow/example_dags/example_params_ui_tutorial.py
[2024-11-20T14:32:58.028+0000] {processor.py:925} INFO - DAG(s) 'example_params_ui_tutorial' retrieved from /home/airflow/.local/lib/python3.12/site-packages/airflow/example_dags/example_params_ui_tutorial.py
[2024-11-20T14:32:58.055+0000] {logging_mixin.py:190} INFO - [2024-11-20T14:32:58.054+0000] {dag.py:3239} INFO - Sync 1 DAGs
[2024-11-20T14:32:58.064+0000] {logging_mixin.py:190} INFO - [2024-11-20T14:32:58.064+0000] {dag.py:4180} INFO - Setting next_dagrun for example_params_ui_tutorial to None, run_after=None
[2024-11-20T14:32:58.077+0000] {processor.py:208} INFO - Processing /home/airflow/.local/lib/python3.12/site-packages/airflow/example_dags/example_params_ui_tutorial.py took 0.062 seconds
[2024-11-20T14:33:28.587+0000] {processor.py:186} INFO - Started process (PID=805) to work on /home/airflow/.local/lib/python3.12/site-packages/airflow/example_dags/example_params_ui_tutorial.py
[2024-11-20T14:33:28.588+0000] {processor.py:914} INFO - Processing file /home/airflow/.local/lib/python3.12/site-packages/airflow/example_dags/example_params_ui_tutorial.py for tasks to queue
[2024-11-20T14:33:28.589+0000] {logging_mixin.py:190} INFO - [2024-11-20T14:33:28.589+0000] {dagbag.py:588} INFO - Filling up the DagBag from /home/airflow/.local/lib/python3.12/site-packages/airflow/example_dags/example_params_ui_tutorial.py
[2024-11-20T14:33:28.595+0000] {processor.py:925} INFO - DAG(s) 'example_params_ui_tutorial' retrieved from /home/airflow/.local/lib/python3.12/site-packages/airflow/example_dags/example_params_ui_tutorial.py
[2024-11-20T14:33:28.623+0000] {logging_mixin.py:190} INFO - [2024-11-20T14:33:28.623+0000] {dag.py:3239} INFO - Sync 1 DAGs
[2024-11-20T14:33:28.632+0000] {logging_mixin.py:190} INFO - [2024-11-20T14:33:28.632+0000] {dag.py:4180} INFO - Setting next_dagrun for example_params_ui_tutorial to None, run_after=None
[2024-11-20T14:33:28.646+0000] {processor.py:208} INFO - Processing /home/airflow/.local/lib/python3.12/site-packages/airflow/example_dags/example_params_ui_tutorial.py took 0.063 seconds
[2024-11-20T14:33:59.159+0000] {processor.py:186} INFO - Started process (PID=868) to work on /home/airflow/.local/lib/python3.12/site-packages/airflow/example_dags/example_params_ui_tutorial.py
[2024-11-20T14:33:59.160+0000] {processor.py:914} INFO - Processing file /home/airflow/.local/lib/python3.12/site-packages/airflow/example_dags/example_params_ui_tutorial.py for tasks to queue
[2024-11-20T14:33:59.162+0000] {logging_mixin.py:190} INFO - [2024-11-20T14:33:59.161+0000] {dagbag.py:588} INFO - Filling up the DagBag from /home/airflow/.local/lib/python3.12/site-packages/airflow/example_dags/example_params_ui_tutorial.py
[2024-11-20T14:33:59.168+0000] {processor.py:925} INFO - DAG(s) 'example_params_ui_tutorial' retrieved from /home/airflow/.local/lib/python3.12/site-packages/airflow/example_dags/example_params_ui_tutorial.py
[2024-11-20T14:33:59.195+0000] {logging_mixin.py:190} INFO - [2024-11-20T14:33:59.195+0000] {dag.py:3239} INFO - Sync 1 DAGs
[2024-11-20T14:33:59.206+0000] {logging_mixin.py:190} INFO - [2024-11-20T14:33:59.206+0000] {dag.py:4180} INFO - Setting next_dagrun for example_params_ui_tutorial to None, run_after=None
[2024-11-20T14:33:59.219+0000] {processor.py:208} INFO - Processing /home/airflow/.local/lib/python3.12/site-packages/airflow/example_dags/example_params_ui_tutorial.py took 0.064 seconds
[2024-11-20T14:34:29.774+0000] {processor.py:186} INFO - Started process (PID=931) to work on /home/airflow/.local/lib/python3.12/site-packages/airflow/example_dags/example_params_ui_tutorial.py
[2024-11-20T14:34:29.775+0000] {processor.py:914} INFO - Processing file /home/airflow/.local/lib/python3.12/site-packages/airflow/example_dags/example_params_ui_tutorial.py for tasks to queue
[2024-11-20T14:34:29.777+0000] {logging_mixin.py:190} INFO - [2024-11-20T14:34:29.777+0000] {dagbag.py:588} INFO - Filling up the DagBag from /home/airflow/.local/lib/python3.12/site-packages/airflow/example_dags/example_params_ui_tutorial.py
[2024-11-20T14:34:29.783+0000] {processor.py:925} INFO - DAG(s) 'example_params_ui_tutorial' retrieved from /home/airflow/.local/lib/python3.12/site-packages/airflow/example_dags/example_params_ui_tutorial.py
[2024-11-20T14:34:29.810+0000] {logging_mixin.py:190} INFO - [2024-11-20T14:34:29.810+0000] {dag.py:3239} INFO - Sync 1 DAGs
[2024-11-20T14:34:29.818+0000] {logging_mixin.py:190} INFO - [2024-11-20T14:34:29.818+0000] {dag.py:4180} INFO - Setting next_dagrun for example_params_ui_tutorial to None, run_after=None
[2024-11-20T14:34:29.833+0000] {processor.py:208} INFO - Processing /home/airflow/.local/lib/python3.12/site-packages/airflow/example_dags/example_params_ui_tutorial.py took 0.063 seconds
[2024-11-20T14:35:00.700+0000] {processor.py:186} INFO - Started process (PID=994) to work on /home/airflow/.local/lib/python3.12/site-packages/airflow/example_dags/example_params_ui_tutorial.py
[2024-11-20T14:35:00.701+0000] {processor.py:914} INFO - Processing file /home/airflow/.local/lib/python3.12/site-packages/airflow/example_dags/example_params_ui_tutorial.py for tasks to queue
[2024-11-20T14:35:00.703+0000] {logging_mixin.py:190} INFO - [2024-11-20T14:35:00.703+0000] {dagbag.py:588} INFO - Filling up the DagBag from /home/airflow/.local/lib/python3.12/site-packages/airflow/example_dags/example_params_ui_tutorial.py
[2024-11-20T14:35:00.709+0000] {processor.py:925} INFO - DAG(s) 'example_params_ui_tutorial' retrieved from /home/airflow/.local/lib/python3.12/site-packages/airflow/example_dags/example_params_ui_tutorial.py
[2024-11-20T14:35:00.736+0000] {logging_mixin.py:190} INFO - [2024-11-20T14:35:00.736+0000] {dag.py:3239} INFO - Sync 1 DAGs
[2024-11-20T14:35:00.746+0000] {logging_mixin.py:190} INFO - [2024-11-20T14:35:00.745+0000] {dag.py:4180} INFO - Setting next_dagrun for example_params_ui_tutorial to None, run_after=None
[2024-11-20T14:35:00.761+0000] {processor.py:208} INFO - Processing /home/airflow/.local/lib/python3.12/site-packages/airflow/example_dags/example_params_ui_tutorial.py took 0.064 seconds
[2024-11-20T14:35:31.154+0000] {processor.py:186} INFO - Started process (PID=1057) to work on /home/airflow/.local/lib/python3.12/site-packages/airflow/example_dags/example_params_ui_tutorial.py
[2024-11-20T14:35:31.155+0000] {processor.py:914} INFO - Processing file /home/airflow/.local/lib/python3.12/site-packages/airflow/example_dags/example_params_ui_tutorial.py for tasks to queue
[2024-11-20T14:35:31.157+0000] {logging_mixin.py:190} INFO - [2024-11-20T14:35:31.157+0000] {dagbag.py:588} INFO - Filling up the DagBag from /home/airflow/.local/lib/python3.12/site-packages/airflow/example_dags/example_params_ui_tutorial.py
[2024-11-20T14:35:31.164+0000] {processor.py:925} INFO - DAG(s) 'example_params_ui_tutorial' retrieved from /home/airflow/.local/lib/python3.12/site-packages/airflow/example_dags/example_params_ui_tutorial.py
[2024-11-20T14:35:31.194+0000] {logging_mixin.py:190} INFO - [2024-11-20T14:35:31.194+0000] {dag.py:3239} INFO - Sync 1 DAGs
[2024-11-20T14:35:31.205+0000] {logging_mixin.py:190} INFO - [2024-11-20T14:35:31.205+0000] {dag.py:4180} INFO - Setting next_dagrun for example_params_ui_tutorial to None, run_after=None
[2024-11-20T14:35:31.222+0000] {processor.py:208} INFO - Processing /home/airflow/.local/lib/python3.12/site-packages/airflow/example_dags/example_params_ui_tutorial.py took 0.072 seconds
[2024-11-20T14:36:02.226+0000] {processor.py:186} INFO - Started process (PID=1120) to work on /home/airflow/.local/lib/python3.12/site-packages/airflow/example_dags/example_params_ui_tutorial.py
[2024-11-20T14:36:02.227+0000] {processor.py:914} INFO - Processing file /home/airflow/.local/lib/python3.12/site-packages/airflow/example_dags/example_params_ui_tutorial.py for tasks to queue
[2024-11-20T14:36:02.228+0000] {logging_mixin.py:190} INFO - [2024-11-20T14:36:02.228+0000] {dagbag.py:588} INFO - Filling up the DagBag from /home/airflow/.local/lib/python3.12/site-packages/airflow/example_dags/example_params_ui_tutorial.py
[2024-11-20T14:36:02.235+0000] {processor.py:925} INFO - DAG(s) 'example_params_ui_tutorial' retrieved from /home/airflow/.local/lib/python3.12/site-packages/airflow/example_dags/example_params_ui_tutorial.py
[2024-11-20T14:36:02.262+0000] {logging_mixin.py:190} INFO - [2024-11-20T14:36:02.262+0000] {dag.py:3239} INFO - Sync 1 DAGs
[2024-11-20T14:36:02.271+0000] {logging_mixin.py:190} INFO - [2024-11-20T14:36:02.271+0000] {dag.py:4180} INFO - Setting next_dagrun for example_params_ui_tutorial to None, run_after=None
[2024-11-20T14:36:02.285+0000] {processor.py:208} INFO - Processing /home/airflow/.local/lib/python3.12/site-packages/airflow/example_dags/example_params_ui_tutorial.py took 0.063 seconds
[2024-11-20T14:36:32.631+0000] {processor.py:186} INFO - Started process (PID=1183) to work on /home/airflow/.local/lib/python3.12/site-packages/airflow/example_dags/example_params_ui_tutorial.py
[2024-11-20T14:36:32.632+0000] {processor.py:914} INFO - Processing file /home/airflow/.local/lib/python3.12/site-packages/airflow/example_dags/example_params_ui_tutorial.py for tasks to queue
[2024-11-20T14:36:32.633+0000] {logging_mixin.py:190} INFO - [2024-11-20T14:36:32.633+0000] {dagbag.py:588} INFO - Filling up the DagBag from /home/airflow/.local/lib/python3.12/site-packages/airflow/example_dags/example_params_ui_tutorial.py
[2024-11-20T14:36:32.639+0000] {processor.py:925} INFO - DAG(s) 'example_params_ui_tutorial' retrieved from /home/airflow/.local/lib/python3.12/site-packages/airflow/example_dags/example_params_ui_tutorial.py
[2024-11-20T14:36:32.671+0000] {logging_mixin.py:190} INFO - [2024-11-20T14:36:32.671+0000] {dag.py:3239} INFO - Sync 1 DAGs
[2024-11-20T14:36:32.680+0000] {logging_mixin.py:190} INFO - [2024-11-20T14:36:32.679+0000] {dag.py:4180} INFO - Setting next_dagrun for example_params_ui_tutorial to None, run_after=None
[2024-11-20T14:36:32.692+0000] {processor.py:208} INFO - Processing /home/airflow/.local/lib/python3.12/site-packages/airflow/example_dags/example_params_ui_tutorial.py took 0.065 seconds
[2024-11-20T14:37:03.063+0000] {processor.py:186} INFO - Started process (PID=1246) to work on /home/airflow/.local/lib/python3.12/site-packages/airflow/example_dags/example_params_ui_tutorial.py
[2024-11-20T14:37:03.063+0000] {processor.py:914} INFO - Processing file /home/airflow/.local/lib/python3.12/site-packages/airflow/example_dags/example_params_ui_tutorial.py for tasks to queue
[2024-11-20T14:37:03.065+0000] {logging_mixin.py:190} INFO - [2024-11-20T14:37:03.065+0000] {dagbag.py:588} INFO - Filling up the DagBag from /home/airflow/.local/lib/python3.12/site-packages/airflow/example_dags/example_params_ui_tutorial.py
[2024-11-20T14:37:03.071+0000] {processor.py:925} INFO - DAG(s) 'example_params_ui_tutorial' retrieved from /home/airflow/.local/lib/python3.12/site-packages/airflow/example_dags/example_params_ui_tutorial.py
[2024-11-20T14:37:03.097+0000] {logging_mixin.py:190} INFO - [2024-11-20T14:37:03.097+0000] {dag.py:3239} INFO - Sync 1 DAGs
[2024-11-20T14:37:03.106+0000] {logging_mixin.py:190} INFO - [2024-11-20T14:37:03.106+0000] {dag.py:4180} INFO - Setting next_dagrun for example_params_ui_tutorial to None, run_after=None
[2024-11-20T14:37:03.121+0000] {processor.py:208} INFO - Processing /home/airflow/.local/lib/python3.12/site-packages/airflow/example_dags/example_params_ui_tutorial.py took 0.062 seconds
[2024-11-20T14:37:33.794+0000] {processor.py:186} INFO - Started process (PID=1309) to work on /home/airflow/.local/lib/python3.12/site-packages/airflow/example_dags/example_params_ui_tutorial.py
[2024-11-20T14:37:33.794+0000] {processor.py:914} INFO - Processing file /home/airflow/.local/lib/python3.12/site-packages/airflow/example_dags/example_params_ui_tutorial.py for tasks to queue
[2024-11-20T14:37:33.796+0000] {logging_mixin.py:190} INFO - [2024-11-20T14:37:33.796+0000] {dagbag.py:588} INFO - Filling up the DagBag from /home/airflow/.local/lib/python3.12/site-packages/airflow/example_dags/example_params_ui_tutorial.py
[2024-11-20T14:37:33.802+0000] {processor.py:925} INFO - DAG(s) 'example_params_ui_tutorial' retrieved from /home/airflow/.local/lib/python3.12/site-packages/airflow/example_dags/example_params_ui_tutorial.py
[2024-11-20T14:37:33.830+0000] {logging_mixin.py:190} INFO - [2024-11-20T14:37:33.830+0000] {dag.py:3239} INFO - Sync 1 DAGs
[2024-11-20T14:37:33.840+0000] {logging_mixin.py:190} INFO - [2024-11-20T14:37:33.839+0000] {dag.py:4180} INFO - Setting next_dagrun for example_params_ui_tutorial to None, run_after=None
[2024-11-20T14:37:33.857+0000] {processor.py:208} INFO - Processing /home/airflow/.local/lib/python3.12/site-packages/airflow/example_dags/example_params_ui_tutorial.py took 0.068 seconds
[2024-11-20T14:38:04.423+0000] {processor.py:186} INFO - Started process (PID=1371) to work on /home/airflow/.local/lib/python3.12/site-packages/airflow/example_dags/example_params_ui_tutorial.py
[2024-11-20T14:38:04.424+0000] {processor.py:914} INFO - Processing file /home/airflow/.local/lib/python3.12/site-packages/airflow/example_dags/example_params_ui_tutorial.py for tasks to queue
[2024-11-20T14:38:04.426+0000] {logging_mixin.py:190} INFO - [2024-11-20T14:38:04.426+0000] {dagbag.py:588} INFO - Filling up the DagBag from /home/airflow/.local/lib/python3.12/site-packages/airflow/example_dags/example_params_ui_tutorial.py
[2024-11-20T14:38:04.432+0000] {processor.py:925} INFO - DAG(s) 'example_params_ui_tutorial' retrieved from /home/airflow/.local/lib/python3.12/site-packages/airflow/example_dags/example_params_ui_tutorial.py
[2024-11-20T14:38:04.459+0000] {logging_mixin.py:190} INFO - [2024-11-20T14:38:04.458+0000] {dag.py:3239} INFO - Sync 1 DAGs
[2024-11-20T14:38:04.468+0000] {logging_mixin.py:190} INFO - [2024-11-20T14:38:04.467+0000] {dag.py:4180} INFO - Setting next_dagrun for example_params_ui_tutorial to None, run_after=None
[2024-11-20T14:38:04.480+0000] {processor.py:208} INFO - Processing /home/airflow/.local/lib/python3.12/site-packages/airflow/example_dags/example_params_ui_tutorial.py took 0.061 seconds
[2024-11-20T14:38:35.013+0000] {processor.py:186} INFO - Started process (PID=1434) to work on /home/airflow/.local/lib/python3.12/site-packages/airflow/example_dags/example_params_ui_tutorial.py
[2024-11-20T14:38:35.014+0000] {processor.py:914} INFO - Processing file /home/airflow/.local/lib/python3.12/site-packages/airflow/example_dags/example_params_ui_tutorial.py for tasks to queue
[2024-11-20T14:38:35.016+0000] {logging_mixin.py:190} INFO - [2024-11-20T14:38:35.015+0000] {dagbag.py:588} INFO - Filling up the DagBag from /home/airflow/.local/lib/python3.12/site-packages/airflow/example_dags/example_params_ui_tutorial.py
[2024-11-20T14:38:35.022+0000] {processor.py:925} INFO - DAG(s) 'example_params_ui_tutorial' retrieved from /home/airflow/.local/lib/python3.12/site-packages/airflow/example_dags/example_params_ui_tutorial.py
[2024-11-20T14:38:35.049+0000] {logging_mixin.py:190} INFO - [2024-11-20T14:38:35.049+0000] {dag.py:3239} INFO - Sync 1 DAGs
[2024-11-20T14:38:35.058+0000] {logging_mixin.py:190} INFO - [2024-11-20T14:38:35.058+0000] {dag.py:4180} INFO - Setting next_dagrun for example_params_ui_tutorial to None, run_after=None
[2024-11-20T14:38:35.074+0000] {processor.py:208} INFO - Processing /home/airflow/.local/lib/python3.12/site-packages/airflow/example_dags/example_params_ui_tutorial.py took 0.065 seconds
[2024-11-20T14:39:06.376+0000] {processor.py:186} INFO - Started process (PID=1498) to work on /home/airflow/.local/lib/python3.12/site-packages/airflow/example_dags/example_params_ui_tutorial.py
[2024-11-20T14:39:06.376+0000] {processor.py:914} INFO - Processing file /home/airflow/.local/lib/python3.12/site-packages/airflow/example_dags/example_params_ui_tutorial.py for tasks to queue
[2024-11-20T14:39:06.378+0000] {logging_mixin.py:190} INFO - [2024-11-20T14:39:06.378+0000] {dagbag.py:588} INFO - Filling up the DagBag from /home/airflow/.local/lib/python3.12/site-packages/airflow/example_dags/example_params_ui_tutorial.py
[2024-11-20T14:39:06.384+0000] {processor.py:925} INFO - DAG(s) 'example_params_ui_tutorial' retrieved from /home/airflow/.local/lib/python3.12/site-packages/airflow/example_dags/example_params_ui_tutorial.py
[2024-11-20T14:39:06.410+0000] {logging_mixin.py:190} INFO - [2024-11-20T14:39:06.409+0000] {dag.py:3239} INFO - Sync 1 DAGs
[2024-11-20T14:39:06.418+0000] {logging_mixin.py:190} INFO - [2024-11-20T14:39:06.418+0000] {dag.py:4180} INFO - Setting next_dagrun for example_params_ui_tutorial to None, run_after=None
[2024-11-20T14:39:06.432+0000] {processor.py:208} INFO - Processing /home/airflow/.local/lib/python3.12/site-packages/airflow/example_dags/example_params_ui_tutorial.py took 0.061 seconds
[2024-11-20T14:39:37.709+0000] {processor.py:186} INFO - Started process (PID=1561) to work on /home/airflow/.local/lib/python3.12/site-packages/airflow/example_dags/example_params_ui_tutorial.py
[2024-11-20T14:39:37.710+0000] {processor.py:914} INFO - Processing file /home/airflow/.local/lib/python3.12/site-packages/airflow/example_dags/example_params_ui_tutorial.py for tasks to queue
[2024-11-20T14:39:37.711+0000] {logging_mixin.py:190} INFO - [2024-11-20T14:39:37.711+0000] {dagbag.py:588} INFO - Filling up the DagBag from /home/airflow/.local/lib/python3.12/site-packages/airflow/example_dags/example_params_ui_tutorial.py
[2024-11-20T14:39:37.717+0000] {processor.py:925} INFO - DAG(s) 'example_params_ui_tutorial' retrieved from /home/airflow/.local/lib/python3.12/site-packages/airflow/example_dags/example_params_ui_tutorial.py
[2024-11-20T14:39:37.745+0000] {logging_mixin.py:190} INFO - [2024-11-20T14:39:37.744+0000] {dag.py:3239} INFO - Sync 1 DAGs
[2024-11-20T14:39:37.754+0000] {logging_mixin.py:190} INFO - [2024-11-20T14:39:37.754+0000] {dag.py:4180} INFO - Setting next_dagrun for example_params_ui_tutorial to None, run_after=None
[2024-11-20T14:39:37.768+0000] {processor.py:208} INFO - Processing /home/airflow/.local/lib/python3.12/site-packages/airflow/example_dags/example_params_ui_tutorial.py took 0.063 seconds
[2024-11-20T14:40:08.038+0000] {processor.py:186} INFO - Started process (PID=1624) to work on /home/airflow/.local/lib/python3.12/site-packages/airflow/example_dags/example_params_ui_tutorial.py
[2024-11-20T14:40:08.039+0000] {processor.py:914} INFO - Processing file /home/airflow/.local/lib/python3.12/site-packages/airflow/example_dags/example_params_ui_tutorial.py for tasks to queue
[2024-11-20T14:40:08.041+0000] {logging_mixin.py:190} INFO - [2024-11-20T14:40:08.041+0000] {dagbag.py:588} INFO - Filling up the DagBag from /home/airflow/.local/lib/python3.12/site-packages/airflow/example_dags/example_params_ui_tutorial.py
[2024-11-20T14:40:08.047+0000] {processor.py:925} INFO - DAG(s) 'example_params_ui_tutorial' retrieved from /home/airflow/.local/lib/python3.12/site-packages/airflow/example_dags/example_params_ui_tutorial.py
[2024-11-20T14:40:08.075+0000] {logging_mixin.py:190} INFO - [2024-11-20T14:40:08.075+0000] {dag.py:3239} INFO - Sync 1 DAGs
[2024-11-20T14:40:08.084+0000] {logging_mixin.py:190} INFO - [2024-11-20T14:40:08.084+0000] {dag.py:4180} INFO - Setting next_dagrun for example_params_ui_tutorial to None, run_after=None
[2024-11-20T14:40:08.100+0000] {processor.py:208} INFO - Processing /home/airflow/.local/lib/python3.12/site-packages/airflow/example_dags/example_params_ui_tutorial.py took 0.066 seconds
[2024-11-20T14:40:39.067+0000] {processor.py:186} INFO - Started process (PID=1687) to work on /home/airflow/.local/lib/python3.12/site-packages/airflow/example_dags/example_params_ui_tutorial.py
[2024-11-20T14:40:39.068+0000] {processor.py:914} INFO - Processing file /home/airflow/.local/lib/python3.12/site-packages/airflow/example_dags/example_params_ui_tutorial.py for tasks to queue
[2024-11-20T14:40:39.070+0000] {logging_mixin.py:190} INFO - [2024-11-20T14:40:39.070+0000] {dagbag.py:588} INFO - Filling up the DagBag from /home/airflow/.local/lib/python3.12/site-packages/airflow/example_dags/example_params_ui_tutorial.py
[2024-11-20T14:40:39.076+0000] {processor.py:925} INFO - DAG(s) 'example_params_ui_tutorial' retrieved from /home/airflow/.local/lib/python3.12/site-packages/airflow/example_dags/example_params_ui_tutorial.py
[2024-11-20T14:40:39.103+0000] {logging_mixin.py:190} INFO - [2024-11-20T14:40:39.103+0000] {dag.py:3239} INFO - Sync 1 DAGs
[2024-11-20T14:40:39.112+0000] {logging_mixin.py:190} INFO - [2024-11-20T14:40:39.112+0000] {dag.py:4180} INFO - Setting next_dagrun for example_params_ui_tutorial to None, run_after=None
[2024-11-20T14:40:39.127+0000] {processor.py:208} INFO - Processing /home/airflow/.local/lib/python3.12/site-packages/airflow/example_dags/example_params_ui_tutorial.py took 0.063 seconds
[2024-11-20T14:41:09.757+0000] {processor.py:186} INFO - Started process (PID=1750) to work on /home/airflow/.local/lib/python3.12/site-packages/airflow/example_dags/example_params_ui_tutorial.py
[2024-11-20T14:41:09.758+0000] {processor.py:914} INFO - Processing file /home/airflow/.local/lib/python3.12/site-packages/airflow/example_dags/example_params_ui_tutorial.py for tasks to queue
[2024-11-20T14:41:09.760+0000] {logging_mixin.py:190} INFO - [2024-11-20T14:41:09.759+0000] {dagbag.py:588} INFO - Filling up the DagBag from /home/airflow/.local/lib/python3.12/site-packages/airflow/example_dags/example_params_ui_tutorial.py
[2024-11-20T14:41:09.766+0000] {processor.py:925} INFO - DAG(s) 'example_params_ui_tutorial' retrieved from /home/airflow/.local/lib/python3.12/site-packages/airflow/example_dags/example_params_ui_tutorial.py
[2024-11-20T14:41:09.794+0000] {logging_mixin.py:190} INFO - [2024-11-20T14:41:09.794+0000] {dag.py:3239} INFO - Sync 1 DAGs
[2024-11-20T14:41:09.804+0000] {logging_mixin.py:190} INFO - [2024-11-20T14:41:09.804+0000] {dag.py:4180} INFO - Setting next_dagrun for example_params_ui_tutorial to None, run_after=None
[2024-11-20T14:41:09.819+0000] {processor.py:208} INFO - Processing /home/airflow/.local/lib/python3.12/site-packages/airflow/example_dags/example_params_ui_tutorial.py took 0.067 seconds
[2024-11-20T14:41:40.656+0000] {processor.py:186} INFO - Started process (PID=1813) to work on /home/airflow/.local/lib/python3.12/site-packages/airflow/example_dags/example_params_ui_tutorial.py
[2024-11-20T14:41:40.657+0000] {processor.py:914} INFO - Processing file /home/airflow/.local/lib/python3.12/site-packages/airflow/example_dags/example_params_ui_tutorial.py for tasks to queue
[2024-11-20T14:41:40.658+0000] {logging_mixin.py:190} INFO - [2024-11-20T14:41:40.658+0000] {dagbag.py:588} INFO - Filling up the DagBag from /home/airflow/.local/lib/python3.12/site-packages/airflow/example_dags/example_params_ui_tutorial.py
[2024-11-20T14:41:40.664+0000] {processor.py:925} INFO - DAG(s) 'example_params_ui_tutorial' retrieved from /home/airflow/.local/lib/python3.12/site-packages/airflow/example_dags/example_params_ui_tutorial.py
[2024-11-20T14:41:40.688+0000] {logging_mixin.py:190} INFO - [2024-11-20T14:41:40.687+0000] {dag.py:3239} INFO - Sync 1 DAGs
[2024-11-20T14:41:40.696+0000] {logging_mixin.py:190} INFO - [2024-11-20T14:41:40.696+0000] {dag.py:4180} INFO - Setting next_dagrun for example_params_ui_tutorial to None, run_after=None
[2024-11-20T14:41:40.709+0000] {processor.py:208} INFO - Processing /home/airflow/.local/lib/python3.12/site-packages/airflow/example_dags/example_params_ui_tutorial.py took 0.057 seconds
[2024-11-20T14:42:11.493+0000] {processor.py:186} INFO - Started process (PID=1877) to work on /home/airflow/.local/lib/python3.12/site-packages/airflow/example_dags/example_params_ui_tutorial.py
[2024-11-20T14:42:11.494+0000] {processor.py:914} INFO - Processing file /home/airflow/.local/lib/python3.12/site-packages/airflow/example_dags/example_params_ui_tutorial.py for tasks to queue
[2024-11-20T14:42:11.495+0000] {logging_mixin.py:190} INFO - [2024-11-20T14:42:11.495+0000] {dagbag.py:588} INFO - Filling up the DagBag from /home/airflow/.local/lib/python3.12/site-packages/airflow/example_dags/example_params_ui_tutorial.py
[2024-11-20T14:42:11.502+0000] {processor.py:925} INFO - DAG(s) 'example_params_ui_tutorial' retrieved from /home/airflow/.local/lib/python3.12/site-packages/airflow/example_dags/example_params_ui_tutorial.py
[2024-11-20T14:42:11.529+0000] {logging_mixin.py:190} INFO - [2024-11-20T14:42:11.529+0000] {dag.py:3239} INFO - Sync 1 DAGs
[2024-11-20T14:42:11.539+0000] {logging_mixin.py:190} INFO - [2024-11-20T14:42:11.539+0000] {dag.py:4180} INFO - Setting next_dagrun for example_params_ui_tutorial to None, run_after=None
[2024-11-20T14:42:11.555+0000] {processor.py:208} INFO - Processing /home/airflow/.local/lib/python3.12/site-packages/airflow/example_dags/example_params_ui_tutorial.py took 0.066 seconds
[2024-11-20T14:42:41.908+0000] {processor.py:186} INFO - Started process (PID=1939) to work on /home/airflow/.local/lib/python3.12/site-packages/airflow/example_dags/example_params_ui_tutorial.py
[2024-11-20T14:42:41.909+0000] {processor.py:914} INFO - Processing file /home/airflow/.local/lib/python3.12/site-packages/airflow/example_dags/example_params_ui_tutorial.py for tasks to queue
[2024-11-20T14:42:41.911+0000] {logging_mixin.py:190} INFO - [2024-11-20T14:42:41.911+0000] {dagbag.py:588} INFO - Filling up the DagBag from /home/airflow/.local/lib/python3.12/site-packages/airflow/example_dags/example_params_ui_tutorial.py
[2024-11-20T14:42:41.917+0000] {processor.py:925} INFO - DAG(s) 'example_params_ui_tutorial' retrieved from /home/airflow/.local/lib/python3.12/site-packages/airflow/example_dags/example_params_ui_tutorial.py
[2024-11-20T14:42:41.945+0000] {logging_mixin.py:190} INFO - [2024-11-20T14:42:41.944+0000] {dag.py:3239} INFO - Sync 1 DAGs
[2024-11-20T14:42:41.954+0000] {logging_mixin.py:190} INFO - [2024-11-20T14:42:41.954+0000] {dag.py:4180} INFO - Setting next_dagrun for example_params_ui_tutorial to None, run_after=None
[2024-11-20T14:42:41.968+0000] {processor.py:208} INFO - Processing /home/airflow/.local/lib/python3.12/site-packages/airflow/example_dags/example_params_ui_tutorial.py took 0.063 seconds
[2024-11-20T14:43:13.109+0000] {processor.py:186} INFO - Started process (PID=2002) to work on /home/airflow/.local/lib/python3.12/site-packages/airflow/example_dags/example_params_ui_tutorial.py
[2024-11-20T14:43:13.110+0000] {processor.py:914} INFO - Processing file /home/airflow/.local/lib/python3.12/site-packages/airflow/example_dags/example_params_ui_tutorial.py for tasks to queue
[2024-11-20T14:43:13.112+0000] {logging_mixin.py:190} INFO - [2024-11-20T14:43:13.112+0000] {dagbag.py:588} INFO - Filling up the DagBag from /home/airflow/.local/lib/python3.12/site-packages/airflow/example_dags/example_params_ui_tutorial.py
[2024-11-20T14:43:13.117+0000] {processor.py:925} INFO - DAG(s) 'example_params_ui_tutorial' retrieved from /home/airflow/.local/lib/python3.12/site-packages/airflow/example_dags/example_params_ui_tutorial.py
[2024-11-20T14:43:13.141+0000] {logging_mixin.py:190} INFO - [2024-11-20T14:43:13.141+0000] {dag.py:3239} INFO - Sync 1 DAGs
[2024-11-20T14:43:13.149+0000] {logging_mixin.py:190} INFO - [2024-11-20T14:43:13.149+0000] {dag.py:4180} INFO - Setting next_dagrun for example_params_ui_tutorial to None, run_after=None
[2024-11-20T14:43:13.161+0000] {processor.py:208} INFO - Processing /home/airflow/.local/lib/python3.12/site-packages/airflow/example_dags/example_params_ui_tutorial.py took 0.055 seconds
[2024-11-20T14:49:51.858+0000] {processor.py:186} INFO - Started process (PID=2068) to work on /home/airflow/.local/lib/python3.12/site-packages/airflow/example_dags/example_params_ui_tutorial.py
[2024-11-20T14:49:51.859+0000] {processor.py:914} INFO - Processing file /home/airflow/.local/lib/python3.12/site-packages/airflow/example_dags/example_params_ui_tutorial.py for tasks to queue
[2024-11-20T14:49:51.861+0000] {logging_mixin.py:190} INFO - [2024-11-20T14:49:51.860+0000] {dagbag.py:588} INFO - Filling up the DagBag from /home/airflow/.local/lib/python3.12/site-packages/airflow/example_dags/example_params_ui_tutorial.py
[2024-11-20T14:49:51.867+0000] {processor.py:925} INFO - DAG(s) 'example_params_ui_tutorial' retrieved from /home/airflow/.local/lib/python3.12/site-packages/airflow/example_dags/example_params_ui_tutorial.py
[2024-11-20T14:49:51.892+0000] {logging_mixin.py:190} INFO - [2024-11-20T14:49:51.892+0000] {dag.py:3239} INFO - Sync 1 DAGs
[2024-11-20T14:49:51.901+0000] {logging_mixin.py:190} INFO - [2024-11-20T14:49:51.901+0000] {dag.py:4180} INFO - Setting next_dagrun for example_params_ui_tutorial to None, run_after=None
[2024-11-20T14:49:51.914+0000] {processor.py:208} INFO - Processing /home/airflow/.local/lib/python3.12/site-packages/airflow/example_dags/example_params_ui_tutorial.py took 0.060 seconds
[2024-11-20T14:50:23.564+0000] {processor.py:186} INFO - Started process (PID=2131) to work on /home/airflow/.local/lib/python3.12/site-packages/airflow/example_dags/example_params_ui_tutorial.py
[2024-11-20T14:50:23.564+0000] {processor.py:914} INFO - Processing file /home/airflow/.local/lib/python3.12/site-packages/airflow/example_dags/example_params_ui_tutorial.py for tasks to queue
[2024-11-20T14:50:23.566+0000] {logging_mixin.py:190} INFO - [2024-11-20T14:50:23.566+0000] {dagbag.py:588} INFO - Filling up the DagBag from /home/airflow/.local/lib/python3.12/site-packages/airflow/example_dags/example_params_ui_tutorial.py
[2024-11-20T14:50:23.572+0000] {processor.py:925} INFO - DAG(s) 'example_params_ui_tutorial' retrieved from /home/airflow/.local/lib/python3.12/site-packages/airflow/example_dags/example_params_ui_tutorial.py
[2024-11-20T14:50:23.601+0000] {logging_mixin.py:190} INFO - [2024-11-20T14:50:23.599+0000] {dag.py:3239} INFO - Sync 1 DAGs
[2024-11-20T14:50:23.614+0000] {logging_mixin.py:190} INFO - [2024-11-20T14:50:23.613+0000] {dag.py:4180} INFO - Setting next_dagrun for example_params_ui_tutorial to None, run_after=None
[2024-11-20T14:50:23.629+0000] {processor.py:208} INFO - Processing /home/airflow/.local/lib/python3.12/site-packages/airflow/example_dags/example_params_ui_tutorial.py took 0.069 seconds
[2024-11-20T14:50:54.627+0000] {processor.py:186} INFO - Started process (PID=2194) to work on /home/airflow/.local/lib/python3.12/site-packages/airflow/example_dags/example_params_ui_tutorial.py
[2024-11-20T14:50:54.628+0000] {processor.py:914} INFO - Processing file /home/airflow/.local/lib/python3.12/site-packages/airflow/example_dags/example_params_ui_tutorial.py for tasks to queue
[2024-11-20T14:50:54.630+0000] {logging_mixin.py:190} INFO - [2024-11-20T14:50:54.630+0000] {dagbag.py:588} INFO - Filling up the DagBag from /home/airflow/.local/lib/python3.12/site-packages/airflow/example_dags/example_params_ui_tutorial.py
[2024-11-20T14:50:54.637+0000] {processor.py:925} INFO - DAG(s) 'example_params_ui_tutorial' retrieved from /home/airflow/.local/lib/python3.12/site-packages/airflow/example_dags/example_params_ui_tutorial.py
[2024-11-20T14:50:54.664+0000] {logging_mixin.py:190} INFO - [2024-11-20T14:50:54.664+0000] {dag.py:3239} INFO - Sync 1 DAGs
[2024-11-20T14:50:54.674+0000] {logging_mixin.py:190} INFO - [2024-11-20T14:50:54.674+0000] {dag.py:4180} INFO - Setting next_dagrun for example_params_ui_tutorial to None, run_after=None
[2024-11-20T14:50:54.687+0000] {processor.py:208} INFO - Processing /home/airflow/.local/lib/python3.12/site-packages/airflow/example_dags/example_params_ui_tutorial.py took 0.064 seconds
[2024-11-20T14:51:25.259+0000] {processor.py:186} INFO - Started process (PID=2257) to work on /home/airflow/.local/lib/python3.12/site-packages/airflow/example_dags/example_params_ui_tutorial.py
[2024-11-20T14:51:25.260+0000] {processor.py:914} INFO - Processing file /home/airflow/.local/lib/python3.12/site-packages/airflow/example_dags/example_params_ui_tutorial.py for tasks to queue
[2024-11-20T14:51:25.261+0000] {logging_mixin.py:190} INFO - [2024-11-20T14:51:25.261+0000] {dagbag.py:588} INFO - Filling up the DagBag from /home/airflow/.local/lib/python3.12/site-packages/airflow/example_dags/example_params_ui_tutorial.py
[2024-11-20T14:51:25.267+0000] {processor.py:925} INFO - DAG(s) 'example_params_ui_tutorial' retrieved from /home/airflow/.local/lib/python3.12/site-packages/airflow/example_dags/example_params_ui_tutorial.py
[2024-11-20T14:51:25.294+0000] {logging_mixin.py:190} INFO - [2024-11-20T14:51:25.294+0000] {dag.py:3239} INFO - Sync 1 DAGs
[2024-11-20T14:51:25.304+0000] {logging_mixin.py:190} INFO - [2024-11-20T14:51:25.304+0000] {dag.py:4180} INFO - Setting next_dagrun for example_params_ui_tutorial to None, run_after=None
[2024-11-20T14:51:25.318+0000] {processor.py:208} INFO - Processing /home/airflow/.local/lib/python3.12/site-packages/airflow/example_dags/example_params_ui_tutorial.py took 0.063 seconds
[2024-11-20T14:51:55.948+0000] {processor.py:186} INFO - Started process (PID=2320) to work on /home/airflow/.local/lib/python3.12/site-packages/airflow/example_dags/example_params_ui_tutorial.py
[2024-11-20T14:51:55.950+0000] {processor.py:914} INFO - Processing file /home/airflow/.local/lib/python3.12/site-packages/airflow/example_dags/example_params_ui_tutorial.py for tasks to queue
[2024-11-20T14:51:55.952+0000] {logging_mixin.py:190} INFO - [2024-11-20T14:51:55.951+0000] {dagbag.py:588} INFO - Filling up the DagBag from /home/airflow/.local/lib/python3.12/site-packages/airflow/example_dags/example_params_ui_tutorial.py
[2024-11-20T14:51:55.958+0000] {processor.py:925} INFO - DAG(s) 'example_params_ui_tutorial' retrieved from /home/airflow/.local/lib/python3.12/site-packages/airflow/example_dags/example_params_ui_tutorial.py
[2024-11-20T14:51:55.986+0000] {logging_mixin.py:190} INFO - [2024-11-20T14:51:55.986+0000] {dag.py:3239} INFO - Sync 1 DAGs
[2024-11-20T14:51:55.995+0000] {logging_mixin.py:190} INFO - [2024-11-20T14:51:55.995+0000] {dag.py:4180} INFO - Setting next_dagrun for example_params_ui_tutorial to None, run_after=None
[2024-11-20T14:51:56.009+0000] {processor.py:208} INFO - Processing /home/airflow/.local/lib/python3.12/site-packages/airflow/example_dags/example_params_ui_tutorial.py took 0.065 seconds
[2024-11-20T14:52:26.535+0000] {processor.py:186} INFO - Started process (PID=2383) to work on /home/airflow/.local/lib/python3.12/site-packages/airflow/example_dags/example_params_ui_tutorial.py
[2024-11-20T14:52:26.536+0000] {processor.py:914} INFO - Processing file /home/airflow/.local/lib/python3.12/site-packages/airflow/example_dags/example_params_ui_tutorial.py for tasks to queue
[2024-11-20T14:52:26.538+0000] {logging_mixin.py:190} INFO - [2024-11-20T14:52:26.537+0000] {dagbag.py:588} INFO - Filling up the DagBag from /home/airflow/.local/lib/python3.12/site-packages/airflow/example_dags/example_params_ui_tutorial.py
[2024-11-20T14:52:26.544+0000] {processor.py:925} INFO - DAG(s) 'example_params_ui_tutorial' retrieved from /home/airflow/.local/lib/python3.12/site-packages/airflow/example_dags/example_params_ui_tutorial.py
[2024-11-20T14:52:26.569+0000] {logging_mixin.py:190} INFO - [2024-11-20T14:52:26.569+0000] {dag.py:3239} INFO - Sync 1 DAGs
[2024-11-20T14:52:26.578+0000] {logging_mixin.py:190} INFO - [2024-11-20T14:52:26.577+0000] {dag.py:4180} INFO - Setting next_dagrun for example_params_ui_tutorial to None, run_after=None
[2024-11-20T14:52:26.593+0000] {processor.py:208} INFO - Processing /home/airflow/.local/lib/python3.12/site-packages/airflow/example_dags/example_params_ui_tutorial.py took 0.062 seconds
[2024-11-20T14:52:56.752+0000] {processor.py:186} INFO - Started process (PID=2445) to work on /home/airflow/.local/lib/python3.12/site-packages/airflow/example_dags/example_params_ui_tutorial.py
[2024-11-20T14:52:56.753+0000] {processor.py:914} INFO - Processing file /home/airflow/.local/lib/python3.12/site-packages/airflow/example_dags/example_params_ui_tutorial.py for tasks to queue
[2024-11-20T14:52:56.755+0000] {logging_mixin.py:190} INFO - [2024-11-20T14:52:56.755+0000] {dagbag.py:588} INFO - Filling up the DagBag from /home/airflow/.local/lib/python3.12/site-packages/airflow/example_dags/example_params_ui_tutorial.py
[2024-11-20T14:52:56.762+0000] {processor.py:925} INFO - DAG(s) 'example_params_ui_tutorial' retrieved from /home/airflow/.local/lib/python3.12/site-packages/airflow/example_dags/example_params_ui_tutorial.py
[2024-11-20T14:52:56.791+0000] {logging_mixin.py:190} INFO - [2024-11-20T14:52:56.791+0000] {dag.py:3239} INFO - Sync 1 DAGs
[2024-11-20T14:52:56.802+0000] {logging_mixin.py:190} INFO - [2024-11-20T14:52:56.802+0000] {dag.py:4180} INFO - Setting next_dagrun for example_params_ui_tutorial to None, run_after=None
[2024-11-20T14:52:56.817+0000] {processor.py:208} INFO - Processing /home/airflow/.local/lib/python3.12/site-packages/airflow/example_dags/example_params_ui_tutorial.py took 0.070 seconds
[2024-11-20T14:53:27.039+0000] {processor.py:186} INFO - Started process (PID=2507) to work on /home/airflow/.local/lib/python3.12/site-packages/airflow/example_dags/example_params_ui_tutorial.py
[2024-11-20T14:53:27.040+0000] {processor.py:914} INFO - Processing file /home/airflow/.local/lib/python3.12/site-packages/airflow/example_dags/example_params_ui_tutorial.py for tasks to queue
[2024-11-20T14:53:27.042+0000] {logging_mixin.py:190} INFO - [2024-11-20T14:53:27.042+0000] {dagbag.py:588} INFO - Filling up the DagBag from /home/airflow/.local/lib/python3.12/site-packages/airflow/example_dags/example_params_ui_tutorial.py
[2024-11-20T14:53:27.052+0000] {processor.py:925} INFO - DAG(s) 'example_params_ui_tutorial' retrieved from /home/airflow/.local/lib/python3.12/site-packages/airflow/example_dags/example_params_ui_tutorial.py
[2024-11-20T14:53:27.078+0000] {logging_mixin.py:190} INFO - [2024-11-20T14:53:27.078+0000] {dag.py:3239} INFO - Sync 1 DAGs
[2024-11-20T14:53:27.087+0000] {logging_mixin.py:190} INFO - [2024-11-20T14:53:27.087+0000] {dag.py:4180} INFO - Setting next_dagrun for example_params_ui_tutorial to None, run_after=None
[2024-11-20T14:53:27.104+0000] {processor.py:208} INFO - Processing /home/airflow/.local/lib/python3.12/site-packages/airflow/example_dags/example_params_ui_tutorial.py took 0.069 seconds
[2024-11-20T14:53:57.783+0000] {processor.py:186} INFO - Started process (PID=2569) to work on /home/airflow/.local/lib/python3.12/site-packages/airflow/example_dags/example_params_ui_tutorial.py
[2024-11-20T14:53:57.784+0000] {processor.py:914} INFO - Processing file /home/airflow/.local/lib/python3.12/site-packages/airflow/example_dags/example_params_ui_tutorial.py for tasks to queue
[2024-11-20T14:53:57.786+0000] {logging_mixin.py:190} INFO - [2024-11-20T14:53:57.786+0000] {dagbag.py:588} INFO - Filling up the DagBag from /home/airflow/.local/lib/python3.12/site-packages/airflow/example_dags/example_params_ui_tutorial.py
[2024-11-20T14:53:57.792+0000] {processor.py:925} INFO - DAG(s) 'example_params_ui_tutorial' retrieved from /home/airflow/.local/lib/python3.12/site-packages/airflow/example_dags/example_params_ui_tutorial.py
[2024-11-20T14:53:57.820+0000] {logging_mixin.py:190} INFO - [2024-11-20T14:53:57.820+0000] {dag.py:3239} INFO - Sync 1 DAGs
[2024-11-20T14:53:57.830+0000] {logging_mixin.py:190} INFO - [2024-11-20T14:53:57.830+0000] {dag.py:4180} INFO - Setting next_dagrun for example_params_ui_tutorial to None, run_after=None
[2024-11-20T14:53:57.845+0000] {processor.py:208} INFO - Processing /home/airflow/.local/lib/python3.12/site-packages/airflow/example_dags/example_params_ui_tutorial.py took 0.065 seconds
[2024-11-20T14:54:28.299+0000] {processor.py:186} INFO - Started process (PID=2633) to work on /home/airflow/.local/lib/python3.12/site-packages/airflow/example_dags/example_params_ui_tutorial.py
[2024-11-20T14:54:28.301+0000] {processor.py:914} INFO - Processing file /home/airflow/.local/lib/python3.12/site-packages/airflow/example_dags/example_params_ui_tutorial.py for tasks to queue
[2024-11-20T14:54:28.303+0000] {logging_mixin.py:190} INFO - [2024-11-20T14:54:28.302+0000] {dagbag.py:588} INFO - Filling up the DagBag from /home/airflow/.local/lib/python3.12/site-packages/airflow/example_dags/example_params_ui_tutorial.py
[2024-11-20T14:54:28.311+0000] {processor.py:925} INFO - DAG(s) 'example_params_ui_tutorial' retrieved from /home/airflow/.local/lib/python3.12/site-packages/airflow/example_dags/example_params_ui_tutorial.py
[2024-11-20T14:54:28.341+0000] {logging_mixin.py:190} INFO - [2024-11-20T14:54:28.340+0000] {dag.py:3239} INFO - Sync 1 DAGs
[2024-11-20T14:54:28.350+0000] {logging_mixin.py:190} INFO - [2024-11-20T14:54:28.350+0000] {dag.py:4180} INFO - Setting next_dagrun for example_params_ui_tutorial to None, run_after=None
[2024-11-20T14:54:28.365+0000] {processor.py:208} INFO - Processing /home/airflow/.local/lib/python3.12/site-packages/airflow/example_dags/example_params_ui_tutorial.py took 0.070 seconds
[2024-11-20T14:54:58.638+0000] {processor.py:186} INFO - Started process (PID=2696) to work on /home/airflow/.local/lib/python3.12/site-packages/airflow/example_dags/example_params_ui_tutorial.py
[2024-11-20T14:54:58.640+0000] {processor.py:914} INFO - Processing file /home/airflow/.local/lib/python3.12/site-packages/airflow/example_dags/example_params_ui_tutorial.py for tasks to queue
[2024-11-20T14:54:58.642+0000] {logging_mixin.py:190} INFO - [2024-11-20T14:54:58.642+0000] {dagbag.py:588} INFO - Filling up the DagBag from /home/airflow/.local/lib/python3.12/site-packages/airflow/example_dags/example_params_ui_tutorial.py
[2024-11-20T14:54:58.648+0000] {processor.py:925} INFO - DAG(s) 'example_params_ui_tutorial' retrieved from /home/airflow/.local/lib/python3.12/site-packages/airflow/example_dags/example_params_ui_tutorial.py
[2024-11-20T14:54:58.677+0000] {logging_mixin.py:190} INFO - [2024-11-20T14:54:58.677+0000] {dag.py:3239} INFO - Sync 1 DAGs
[2024-11-20T14:54:58.687+0000] {logging_mixin.py:190} INFO - [2024-11-20T14:54:58.687+0000] {dag.py:4180} INFO - Setting next_dagrun for example_params_ui_tutorial to None, run_after=None
[2024-11-20T14:54:58.707+0000] {processor.py:208} INFO - Processing /home/airflow/.local/lib/python3.12/site-packages/airflow/example_dags/example_params_ui_tutorial.py took 0.072 seconds
[2024-11-20T14:55:29.187+0000] {processor.py:186} INFO - Started process (PID=2759) to work on /home/airflow/.local/lib/python3.12/site-packages/airflow/example_dags/example_params_ui_tutorial.py
[2024-11-20T14:55:29.187+0000] {processor.py:914} INFO - Processing file /home/airflow/.local/lib/python3.12/site-packages/airflow/example_dags/example_params_ui_tutorial.py for tasks to queue
[2024-11-20T14:55:29.189+0000] {logging_mixin.py:190} INFO - [2024-11-20T14:55:29.189+0000] {dagbag.py:588} INFO - Filling up the DagBag from /home/airflow/.local/lib/python3.12/site-packages/airflow/example_dags/example_params_ui_tutorial.py
[2024-11-20T14:55:29.195+0000] {processor.py:925} INFO - DAG(s) 'example_params_ui_tutorial' retrieved from /home/airflow/.local/lib/python3.12/site-packages/airflow/example_dags/example_params_ui_tutorial.py
[2024-11-20T14:55:29.224+0000] {logging_mixin.py:190} INFO - [2024-11-20T14:55:29.224+0000] {dag.py:3239} INFO - Sync 1 DAGs
[2024-11-20T14:55:29.234+0000] {logging_mixin.py:190} INFO - [2024-11-20T14:55:29.234+0000] {dag.py:4180} INFO - Setting next_dagrun for example_params_ui_tutorial to None, run_after=None
[2024-11-20T14:55:29.250+0000] {processor.py:208} INFO - Processing /home/airflow/.local/lib/python3.12/site-packages/airflow/example_dags/example_params_ui_tutorial.py took 0.068 seconds
[2024-11-20T14:56:00.193+0000] {processor.py:186} INFO - Started process (PID=2822) to work on /home/airflow/.local/lib/python3.12/site-packages/airflow/example_dags/example_params_ui_tutorial.py
[2024-11-20T14:56:00.194+0000] {processor.py:914} INFO - Processing file /home/airflow/.local/lib/python3.12/site-packages/airflow/example_dags/example_params_ui_tutorial.py for tasks to queue
[2024-11-20T14:56:00.196+0000] {logging_mixin.py:190} INFO - [2024-11-20T14:56:00.195+0000] {dagbag.py:588} INFO - Filling up the DagBag from /home/airflow/.local/lib/python3.12/site-packages/airflow/example_dags/example_params_ui_tutorial.py
[2024-11-20T14:56:00.202+0000] {processor.py:925} INFO - DAG(s) 'example_params_ui_tutorial' retrieved from /home/airflow/.local/lib/python3.12/site-packages/airflow/example_dags/example_params_ui_tutorial.py
[2024-11-20T14:56:00.231+0000] {logging_mixin.py:190} INFO - [2024-11-20T14:56:00.230+0000] {dag.py:3239} INFO - Sync 1 DAGs
[2024-11-20T14:56:00.241+0000] {logging_mixin.py:190} INFO - [2024-11-20T14:56:00.241+0000] {dag.py:4180} INFO - Setting next_dagrun for example_params_ui_tutorial to None, run_after=None
[2024-11-20T14:56:00.257+0000] {processor.py:208} INFO - Processing /home/airflow/.local/lib/python3.12/site-packages/airflow/example_dags/example_params_ui_tutorial.py took 0.069 seconds
[2024-11-20T14:56:30.722+0000] {processor.py:186} INFO - Started process (PID=2885) to work on /home/airflow/.local/lib/python3.12/site-packages/airflow/example_dags/example_params_ui_tutorial.py
[2024-11-20T14:56:30.723+0000] {processor.py:914} INFO - Processing file /home/airflow/.local/lib/python3.12/site-packages/airflow/example_dags/example_params_ui_tutorial.py for tasks to queue
[2024-11-20T14:56:30.725+0000] {logging_mixin.py:190} INFO - [2024-11-20T14:56:30.724+0000] {dagbag.py:588} INFO - Filling up the DagBag from /home/airflow/.local/lib/python3.12/site-packages/airflow/example_dags/example_params_ui_tutorial.py
[2024-11-20T14:56:30.731+0000] {processor.py:925} INFO - DAG(s) 'example_params_ui_tutorial' retrieved from /home/airflow/.local/lib/python3.12/site-packages/airflow/example_dags/example_params_ui_tutorial.py
[2024-11-20T14:56:30.758+0000] {logging_mixin.py:190} INFO - [2024-11-20T14:56:30.758+0000] {dag.py:3239} INFO - Sync 1 DAGs
[2024-11-20T14:56:30.768+0000] {logging_mixin.py:190} INFO - [2024-11-20T14:56:30.768+0000] {dag.py:4180} INFO - Setting next_dagrun for example_params_ui_tutorial to None, run_after=None
[2024-11-20T14:56:30.782+0000] {processor.py:208} INFO - Processing /home/airflow/.local/lib/python3.12/site-packages/airflow/example_dags/example_params_ui_tutorial.py took 0.064 seconds
[2024-11-20T14:57:01.872+0000] {processor.py:186} INFO - Started process (PID=2948) to work on /home/airflow/.local/lib/python3.12/site-packages/airflow/example_dags/example_params_ui_tutorial.py
[2024-11-20T14:57:01.873+0000] {processor.py:914} INFO - Processing file /home/airflow/.local/lib/python3.12/site-packages/airflow/example_dags/example_params_ui_tutorial.py for tasks to queue
[2024-11-20T14:57:01.875+0000] {logging_mixin.py:190} INFO - [2024-11-20T14:57:01.875+0000] {dagbag.py:588} INFO - Filling up the DagBag from /home/airflow/.local/lib/python3.12/site-packages/airflow/example_dags/example_params_ui_tutorial.py
[2024-11-20T14:57:01.882+0000] {processor.py:925} INFO - DAG(s) 'example_params_ui_tutorial' retrieved from /home/airflow/.local/lib/python3.12/site-packages/airflow/example_dags/example_params_ui_tutorial.py
[2024-11-20T14:57:01.909+0000] {logging_mixin.py:190} INFO - [2024-11-20T14:57:01.909+0000] {dag.py:3239} INFO - Sync 1 DAGs
[2024-11-20T14:57:01.919+0000] {logging_mixin.py:190} INFO - [2024-11-20T14:57:01.918+0000] {dag.py:4180} INFO - Setting next_dagrun for example_params_ui_tutorial to None, run_after=None
[2024-11-20T14:57:02.039+0000] {processor.py:208} INFO - Processing /home/airflow/.local/lib/python3.12/site-packages/airflow/example_dags/example_params_ui_tutorial.py took 0.172 seconds
[2024-11-20T14:57:33.050+0000] {processor.py:186} INFO - Started process (PID=3011) to work on /home/airflow/.local/lib/python3.12/site-packages/airflow/example_dags/example_params_ui_tutorial.py
[2024-11-20T14:57:33.051+0000] {processor.py:914} INFO - Processing file /home/airflow/.local/lib/python3.12/site-packages/airflow/example_dags/example_params_ui_tutorial.py for tasks to queue
[2024-11-20T14:57:33.053+0000] {logging_mixin.py:190} INFO - [2024-11-20T14:57:33.053+0000] {dagbag.py:588} INFO - Filling up the DagBag from /home/airflow/.local/lib/python3.12/site-packages/airflow/example_dags/example_params_ui_tutorial.py
[2024-11-20T14:57:33.059+0000] {processor.py:925} INFO - DAG(s) 'example_params_ui_tutorial' retrieved from /home/airflow/.local/lib/python3.12/site-packages/airflow/example_dags/example_params_ui_tutorial.py
[2024-11-20T14:57:33.086+0000] {logging_mixin.py:190} INFO - [2024-11-20T14:57:33.086+0000] {dag.py:3239} INFO - Sync 1 DAGs
[2024-11-20T14:57:33.095+0000] {logging_mixin.py:190} INFO - [2024-11-20T14:57:33.095+0000] {dag.py:4180} INFO - Setting next_dagrun for example_params_ui_tutorial to None, run_after=None
[2024-11-20T14:57:33.110+0000] {processor.py:208} INFO - Processing /home/airflow/.local/lib/python3.12/site-packages/airflow/example_dags/example_params_ui_tutorial.py took 0.064 seconds
[2024-11-20T14:58:04.175+0000] {processor.py:186} INFO - Started process (PID=3074) to work on /home/airflow/.local/lib/python3.12/site-packages/airflow/example_dags/example_params_ui_tutorial.py
[2024-11-20T14:58:04.176+0000] {processor.py:914} INFO - Processing file /home/airflow/.local/lib/python3.12/site-packages/airflow/example_dags/example_params_ui_tutorial.py for tasks to queue
[2024-11-20T14:58:04.178+0000] {logging_mixin.py:190} INFO - [2024-11-20T14:58:04.178+0000] {dagbag.py:588} INFO - Filling up the DagBag from /home/airflow/.local/lib/python3.12/site-packages/airflow/example_dags/example_params_ui_tutorial.py
[2024-11-20T14:58:04.184+0000] {processor.py:925} INFO - DAG(s) 'example_params_ui_tutorial' retrieved from /home/airflow/.local/lib/python3.12/site-packages/airflow/example_dags/example_params_ui_tutorial.py
[2024-11-20T14:58:04.211+0000] {logging_mixin.py:190} INFO - [2024-11-20T14:58:04.211+0000] {dag.py:3239} INFO - Sync 1 DAGs
[2024-11-20T14:58:04.221+0000] {logging_mixin.py:190} INFO - [2024-11-20T14:58:04.221+0000] {dag.py:4180} INFO - Setting next_dagrun for example_params_ui_tutorial to None, run_after=None
[2024-11-20T14:58:04.236+0000] {processor.py:208} INFO - Processing /home/airflow/.local/lib/python3.12/site-packages/airflow/example_dags/example_params_ui_tutorial.py took 0.065 seconds
[2024-11-20T14:58:34.814+0000] {processor.py:186} INFO - Started process (PID=3137) to work on /home/airflow/.local/lib/python3.12/site-packages/airflow/example_dags/example_params_ui_tutorial.py
[2024-11-20T14:58:34.815+0000] {processor.py:914} INFO - Processing file /home/airflow/.local/lib/python3.12/site-packages/airflow/example_dags/example_params_ui_tutorial.py for tasks to queue
[2024-11-20T14:58:34.816+0000] {logging_mixin.py:190} INFO - [2024-11-20T14:58:34.816+0000] {dagbag.py:588} INFO - Filling up the DagBag from /home/airflow/.local/lib/python3.12/site-packages/airflow/example_dags/example_params_ui_tutorial.py
[2024-11-20T14:58:34.824+0000] {processor.py:925} INFO - DAG(s) 'example_params_ui_tutorial' retrieved from /home/airflow/.local/lib/python3.12/site-packages/airflow/example_dags/example_params_ui_tutorial.py
[2024-11-20T14:58:34.851+0000] {logging_mixin.py:190} INFO - [2024-11-20T14:58:34.850+0000] {dag.py:3239} INFO - Sync 1 DAGs
[2024-11-20T14:58:34.860+0000] {logging_mixin.py:190} INFO - [2024-11-20T14:58:34.860+0000] {dag.py:4180} INFO - Setting next_dagrun for example_params_ui_tutorial to None, run_after=None
[2024-11-20T14:58:34.873+0000] {processor.py:208} INFO - Processing /home/airflow/.local/lib/python3.12/site-packages/airflow/example_dags/example_params_ui_tutorial.py took 0.064 seconds
[2024-11-20T14:59:05.448+0000] {processor.py:186} INFO - Started process (PID=3200) to work on /home/airflow/.local/lib/python3.12/site-packages/airflow/example_dags/example_params_ui_tutorial.py
[2024-11-20T14:59:05.449+0000] {processor.py:914} INFO - Processing file /home/airflow/.local/lib/python3.12/site-packages/airflow/example_dags/example_params_ui_tutorial.py for tasks to queue
[2024-11-20T14:59:05.451+0000] {logging_mixin.py:190} INFO - [2024-11-20T14:59:05.451+0000] {dagbag.py:588} INFO - Filling up the DagBag from /home/airflow/.local/lib/python3.12/site-packages/airflow/example_dags/example_params_ui_tutorial.py
[2024-11-20T14:59:05.458+0000] {processor.py:925} INFO - DAG(s) 'example_params_ui_tutorial' retrieved from /home/airflow/.local/lib/python3.12/site-packages/airflow/example_dags/example_params_ui_tutorial.py
[2024-11-20T14:59:05.485+0000] {logging_mixin.py:190} INFO - [2024-11-20T14:59:05.485+0000] {dag.py:3239} INFO - Sync 1 DAGs
[2024-11-20T14:59:05.596+0000] {logging_mixin.py:190} INFO - [2024-11-20T14:59:05.596+0000] {dag.py:4180} INFO - Setting next_dagrun for example_params_ui_tutorial to None, run_after=None
[2024-11-20T14:59:05.613+0000] {processor.py:208} INFO - Processing /home/airflow/.local/lib/python3.12/site-packages/airflow/example_dags/example_params_ui_tutorial.py took 0.169 seconds
[2024-11-20T14:59:36.499+0000] {processor.py:186} INFO - Started process (PID=3263) to work on /home/airflow/.local/lib/python3.12/site-packages/airflow/example_dags/example_params_ui_tutorial.py
[2024-11-20T14:59:36.500+0000] {processor.py:914} INFO - Processing file /home/airflow/.local/lib/python3.12/site-packages/airflow/example_dags/example_params_ui_tutorial.py for tasks to queue
[2024-11-20T14:59:36.502+0000] {logging_mixin.py:190} INFO - [2024-11-20T14:59:36.502+0000] {dagbag.py:588} INFO - Filling up the DagBag from /home/airflow/.local/lib/python3.12/site-packages/airflow/example_dags/example_params_ui_tutorial.py
[2024-11-20T14:59:36.509+0000] {processor.py:925} INFO - DAG(s) 'example_params_ui_tutorial' retrieved from /home/airflow/.local/lib/python3.12/site-packages/airflow/example_dags/example_params_ui_tutorial.py
[2024-11-20T14:59:36.537+0000] {logging_mixin.py:190} INFO - [2024-11-20T14:59:36.537+0000] {dag.py:3239} INFO - Sync 1 DAGs
[2024-11-20T14:59:36.653+0000] {logging_mixin.py:190} INFO - [2024-11-20T14:59:36.653+0000] {dag.py:4180} INFO - Setting next_dagrun for example_params_ui_tutorial to None, run_after=None
[2024-11-20T14:59:36.668+0000] {processor.py:208} INFO - Processing /home/airflow/.local/lib/python3.12/site-packages/airflow/example_dags/example_params_ui_tutorial.py took 0.173 seconds
[2024-11-20T15:00:06.882+0000] {processor.py:186} INFO - Started process (PID=3326) to work on /home/airflow/.local/lib/python3.12/site-packages/airflow/example_dags/example_params_ui_tutorial.py
[2024-11-20T15:00:06.882+0000] {processor.py:914} INFO - Processing file /home/airflow/.local/lib/python3.12/site-packages/airflow/example_dags/example_params_ui_tutorial.py for tasks to queue
[2024-11-20T15:00:06.884+0000] {logging_mixin.py:190} INFO - [2024-11-20T15:00:06.884+0000] {dagbag.py:588} INFO - Filling up the DagBag from /home/airflow/.local/lib/python3.12/site-packages/airflow/example_dags/example_params_ui_tutorial.py
[2024-11-20T15:00:06.890+0000] {processor.py:925} INFO - DAG(s) 'example_params_ui_tutorial' retrieved from /home/airflow/.local/lib/python3.12/site-packages/airflow/example_dags/example_params_ui_tutorial.py
[2024-11-20T15:00:06.918+0000] {logging_mixin.py:190} INFO - [2024-11-20T15:00:06.918+0000] {dag.py:3239} INFO - Sync 1 DAGs
[2024-11-20T15:00:06.927+0000] {logging_mixin.py:190} INFO - [2024-11-20T15:00:06.927+0000] {dag.py:4180} INFO - Setting next_dagrun for example_params_ui_tutorial to None, run_after=None
[2024-11-20T15:00:06.943+0000] {processor.py:208} INFO - Processing /home/airflow/.local/lib/python3.12/site-packages/airflow/example_dags/example_params_ui_tutorial.py took 0.065 seconds
[2024-11-20T15:00:37.008+0000] {processor.py:186} INFO - Started process (PID=3388) to work on /home/airflow/.local/lib/python3.12/site-packages/airflow/example_dags/example_params_ui_tutorial.py
[2024-11-20T15:00:37.009+0000] {processor.py:914} INFO - Processing file /home/airflow/.local/lib/python3.12/site-packages/airflow/example_dags/example_params_ui_tutorial.py for tasks to queue
[2024-11-20T15:00:37.011+0000] {logging_mixin.py:190} INFO - [2024-11-20T15:00:37.011+0000] {dagbag.py:588} INFO - Filling up the DagBag from /home/airflow/.local/lib/python3.12/site-packages/airflow/example_dags/example_params_ui_tutorial.py
[2024-11-20T15:00:37.018+0000] {processor.py:925} INFO - DAG(s) 'example_params_ui_tutorial' retrieved from /home/airflow/.local/lib/python3.12/site-packages/airflow/example_dags/example_params_ui_tutorial.py
[2024-11-20T15:00:37.046+0000] {logging_mixin.py:190} INFO - [2024-11-20T15:00:37.046+0000] {dag.py:3239} INFO - Sync 1 DAGs
[2024-11-20T15:00:37.056+0000] {logging_mixin.py:190} INFO - [2024-11-20T15:00:37.056+0000] {dag.py:4180} INFO - Setting next_dagrun for example_params_ui_tutorial to None, run_after=None
[2024-11-20T15:00:37.074+0000] {processor.py:208} INFO - Processing /home/airflow/.local/lib/python3.12/site-packages/airflow/example_dags/example_params_ui_tutorial.py took 0.070 seconds
[2024-11-20T15:01:07.969+0000] {processor.py:186} INFO - Started process (PID=3457) to work on /home/airflow/.local/lib/python3.12/site-packages/airflow/example_dags/example_params_ui_tutorial.py
[2024-11-20T15:01:07.970+0000] {processor.py:914} INFO - Processing file /home/airflow/.local/lib/python3.12/site-packages/airflow/example_dags/example_params_ui_tutorial.py for tasks to queue
[2024-11-20T15:01:07.972+0000] {logging_mixin.py:190} INFO - [2024-11-20T15:01:07.972+0000] {dagbag.py:588} INFO - Filling up the DagBag from /home/airflow/.local/lib/python3.12/site-packages/airflow/example_dags/example_params_ui_tutorial.py
[2024-11-20T15:01:07.979+0000] {processor.py:925} INFO - DAG(s) 'example_params_ui_tutorial' retrieved from /home/airflow/.local/lib/python3.12/site-packages/airflow/example_dags/example_params_ui_tutorial.py
[2024-11-20T15:01:08.008+0000] {logging_mixin.py:190} INFO - [2024-11-20T15:01:08.008+0000] {dag.py:3239} INFO - Sync 1 DAGs
[2024-11-20T15:01:08.019+0000] {logging_mixin.py:190} INFO - [2024-11-20T15:01:08.019+0000] {dag.py:4180} INFO - Setting next_dagrun for example_params_ui_tutorial to None, run_after=None
[2024-11-20T15:01:08.037+0000] {processor.py:208} INFO - Processing /home/airflow/.local/lib/python3.12/site-packages/airflow/example_dags/example_params_ui_tutorial.py took 0.073 seconds
[2024-11-20T15:01:38.818+0000] {processor.py:186} INFO - Started process (PID=3520) to work on /home/airflow/.local/lib/python3.12/site-packages/airflow/example_dags/example_params_ui_tutorial.py
[2024-11-20T15:01:38.818+0000] {processor.py:914} INFO - Processing file /home/airflow/.local/lib/python3.12/site-packages/airflow/example_dags/example_params_ui_tutorial.py for tasks to queue
[2024-11-20T15:01:38.820+0000] {logging_mixin.py:190} INFO - [2024-11-20T15:01:38.820+0000] {dagbag.py:588} INFO - Filling up the DagBag from /home/airflow/.local/lib/python3.12/site-packages/airflow/example_dags/example_params_ui_tutorial.py
[2024-11-20T15:01:38.826+0000] {processor.py:925} INFO - DAG(s) 'example_params_ui_tutorial' retrieved from /home/airflow/.local/lib/python3.12/site-packages/airflow/example_dags/example_params_ui_tutorial.py
[2024-11-20T15:01:38.854+0000] {logging_mixin.py:190} INFO - [2024-11-20T15:01:38.854+0000] {dag.py:3239} INFO - Sync 1 DAGs
[2024-11-20T15:01:38.864+0000] {logging_mixin.py:190} INFO - [2024-11-20T15:01:38.864+0000] {dag.py:4180} INFO - Setting next_dagrun for example_params_ui_tutorial to None, run_after=None
[2024-11-20T15:01:38.881+0000] {processor.py:208} INFO - Processing /home/airflow/.local/lib/python3.12/site-packages/airflow/example_dags/example_params_ui_tutorial.py took 0.067 seconds
[2024-11-20T15:02:09.058+0000] {processor.py:186} INFO - Started process (PID=3583) to work on /home/airflow/.local/lib/python3.12/site-packages/airflow/example_dags/example_params_ui_tutorial.py
[2024-11-20T15:02:09.059+0000] {processor.py:914} INFO - Processing file /home/airflow/.local/lib/python3.12/site-packages/airflow/example_dags/example_params_ui_tutorial.py for tasks to queue
[2024-11-20T15:02:09.061+0000] {logging_mixin.py:190} INFO - [2024-11-20T15:02:09.060+0000] {dagbag.py:588} INFO - Filling up the DagBag from /home/airflow/.local/lib/python3.12/site-packages/airflow/example_dags/example_params_ui_tutorial.py
[2024-11-20T15:02:09.067+0000] {processor.py:925} INFO - DAG(s) 'example_params_ui_tutorial' retrieved from /home/airflow/.local/lib/python3.12/site-packages/airflow/example_dags/example_params_ui_tutorial.py
[2024-11-20T15:02:09.095+0000] {logging_mixin.py:190} INFO - [2024-11-20T15:02:09.094+0000] {dag.py:3239} INFO - Sync 1 DAGs
[2024-11-20T15:02:09.104+0000] {logging_mixin.py:190} INFO - [2024-11-20T15:02:09.104+0000] {dag.py:4180} INFO - Setting next_dagrun for example_params_ui_tutorial to None, run_after=None
[2024-11-20T15:02:09.119+0000] {processor.py:208} INFO - Processing /home/airflow/.local/lib/python3.12/site-packages/airflow/example_dags/example_params_ui_tutorial.py took 0.065 seconds
[2024-11-20T15:02:39.863+0000] {processor.py:186} INFO - Started process (PID=3646) to work on /home/airflow/.local/lib/python3.12/site-packages/airflow/example_dags/example_params_ui_tutorial.py
[2024-11-20T15:02:39.863+0000] {processor.py:914} INFO - Processing file /home/airflow/.local/lib/python3.12/site-packages/airflow/example_dags/example_params_ui_tutorial.py for tasks to queue
[2024-11-20T15:02:39.865+0000] {logging_mixin.py:190} INFO - [2024-11-20T15:02:39.865+0000] {dagbag.py:588} INFO - Filling up the DagBag from /home/airflow/.local/lib/python3.12/site-packages/airflow/example_dags/example_params_ui_tutorial.py
[2024-11-20T15:02:39.871+0000] {processor.py:925} INFO - DAG(s) 'example_params_ui_tutorial' retrieved from /home/airflow/.local/lib/python3.12/site-packages/airflow/example_dags/example_params_ui_tutorial.py
[2024-11-20T15:02:39.899+0000] {logging_mixin.py:190} INFO - [2024-11-20T15:02:39.898+0000] {dag.py:3239} INFO - Sync 1 DAGs
[2024-11-20T15:02:39.908+0000] {logging_mixin.py:190} INFO - [2024-11-20T15:02:39.908+0000] {dag.py:4180} INFO - Setting next_dagrun for example_params_ui_tutorial to None, run_after=None
[2024-11-20T15:02:39.922+0000] {processor.py:208} INFO - Processing /home/airflow/.local/lib/python3.12/site-packages/airflow/example_dags/example_params_ui_tutorial.py took 0.064 seconds
