[2024-11-20T14:27:49.771+0000] {processor.py:186} INFO - Started process (PID=96) to work on /home/airflow/.local/lib/python3.12/site-packages/airflow/example_dags/example_bash_operator.py
[2024-11-20T14:27:49.772+0000] {processor.py:914} INFO - Processing file /home/airflow/.local/lib/python3.12/site-packages/airflow/example_dags/example_bash_operator.py for tasks to queue
[2024-11-20T14:27:49.777+0000] {logging_mixin.py:190} INFO - [2024-11-20T14:27:49.776+0000] {dagbag.py:588} INFO - Filling up the DagBag from /home/airflow/.local/lib/python3.12/site-packages/airflow/example_dags/example_bash_operator.py
[2024-11-20T14:27:49.786+0000] {processor.py:925} INFO - DAG(s) 'example_bash_operator' retrieved from /home/airflow/.local/lib/python3.12/site-packages/airflow/example_dags/example_bash_operator.py
[2024-11-20T14:27:49.863+0000] {logging_mixin.py:190} INFO - [2024-11-20T14:27:49.863+0000] {override.py:1911} INFO - Created Permission View: can read on DAG:example_bash_operator
[2024-11-20T14:27:49.872+0000] {logging_mixin.py:190} INFO - [2024-11-20T14:27:49.872+0000] {override.py:1911} INFO - Created Permission View: can edit on DAG:example_bash_operator
[2024-11-20T14:27:49.879+0000] {logging_mixin.py:190} INFO - [2024-11-20T14:27:49.879+0000] {override.py:1911} INFO - Created Permission View: can delete on DAG:example_bash_operator
[2024-11-20T14:27:49.889+0000] {logging_mixin.py:190} INFO - [2024-11-20T14:27:49.889+0000] {override.py:1911} INFO - Created Permission View: can read on DAG Run:example_bash_operator
[2024-11-20T14:27:49.920+0000] {logging_mixin.py:190} INFO - [2024-11-20T14:27:49.920+0000] {override.py:1911} INFO - Created Permission View: menu access on DAG Run:example_bash_operator
[2024-11-20T14:27:49.928+0000] {logging_mixin.py:190} INFO - [2024-11-20T14:27:49.927+0000] {override.py:1911} INFO - Created Permission View: can create on DAG Run:example_bash_operator
[2024-11-20T14:27:49.935+0000] {logging_mixin.py:190} INFO - [2024-11-20T14:27:49.934+0000] {override.py:1911} INFO - Created Permission View: can delete on DAG Run:example_bash_operator
[2024-11-20T14:27:49.935+0000] {logging_mixin.py:190} INFO - [2024-11-20T14:27:49.935+0000] {dag.py:3239} INFO - Sync 1 DAGs
[2024-11-20T14:27:49.961+0000] {logging_mixin.py:190} INFO - [2024-11-20T14:27:49.961+0000] {dag.py:3262} INFO - Creating ORM DAG for example_bash_operator
[2024-11-20T14:27:49.968+0000] {logging_mixin.py:190} INFO - [2024-11-20T14:27:49.968+0000] {dag.py:4180} INFO - Setting next_dagrun for example_bash_operator to 2024-11-19 00:00:00+00:00, run_after=2024-11-20 00:00:00+00:00
[2024-11-20T14:27:49.981+0000] {processor.py:208} INFO - Processing /home/airflow/.local/lib/python3.12/site-packages/airflow/example_dags/example_bash_operator.py took 0.215 seconds
[2024-11-20T14:28:20.578+0000] {processor.py:186} INFO - Started process (PID=159) to work on /home/airflow/.local/lib/python3.12/site-packages/airflow/example_dags/example_bash_operator.py
[2024-11-20T14:28:20.579+0000] {processor.py:914} INFO - Processing file /home/airflow/.local/lib/python3.12/site-packages/airflow/example_dags/example_bash_operator.py for tasks to queue
[2024-11-20T14:28:20.581+0000] {logging_mixin.py:190} INFO - [2024-11-20T14:28:20.581+0000] {dagbag.py:588} INFO - Filling up the DagBag from /home/airflow/.local/lib/python3.12/site-packages/airflow/example_dags/example_bash_operator.py
[2024-11-20T14:28:20.592+0000] {processor.py:925} INFO - DAG(s) 'example_bash_operator' retrieved from /home/airflow/.local/lib/python3.12/site-packages/airflow/example_dags/example_bash_operator.py
[2024-11-20T14:28:20.610+0000] {logging_mixin.py:190} INFO - [2024-11-20T14:28:20.610+0000] {dag.py:3239} INFO - Sync 1 DAGs
[2024-11-20T14:28:20.626+0000] {logging_mixin.py:190} INFO - [2024-11-20T14:28:20.626+0000] {dag.py:4180} INFO - Setting next_dagrun for example_bash_operator to 2024-11-19 00:00:00+00:00, run_after=2024-11-20 00:00:00+00:00
[2024-11-20T14:28:20.641+0000] {processor.py:208} INFO - Processing /home/airflow/.local/lib/python3.12/site-packages/airflow/example_dags/example_bash_operator.py took 0.068 seconds
[2024-11-20T14:28:51.309+0000] {processor.py:186} INFO - Started process (PID=228) to work on /home/airflow/.local/lib/python3.12/site-packages/airflow/example_dags/example_bash_operator.py
[2024-11-20T14:28:51.310+0000] {processor.py:914} INFO - Processing file /home/airflow/.local/lib/python3.12/site-packages/airflow/example_dags/example_bash_operator.py for tasks to queue
[2024-11-20T14:28:51.312+0000] {logging_mixin.py:190} INFO - [2024-11-20T14:28:51.312+0000] {dagbag.py:588} INFO - Filling up the DagBag from /home/airflow/.local/lib/python3.12/site-packages/airflow/example_dags/example_bash_operator.py
[2024-11-20T14:28:51.321+0000] {processor.py:925} INFO - DAG(s) 'example_bash_operator' retrieved from /home/airflow/.local/lib/python3.12/site-packages/airflow/example_dags/example_bash_operator.py
[2024-11-20T14:28:51.340+0000] {logging_mixin.py:190} INFO - [2024-11-20T14:28:51.340+0000] {dag.py:3239} INFO - Sync 1 DAGs
[2024-11-20T14:28:51.357+0000] {logging_mixin.py:190} INFO - [2024-11-20T14:28:51.357+0000] {dag.py:4180} INFO - Setting next_dagrun for example_bash_operator to 2024-11-19 00:00:00+00:00, run_after=2024-11-20 00:00:00+00:00
[2024-11-20T14:28:51.372+0000] {processor.py:208} INFO - Processing /home/airflow/.local/lib/python3.12/site-packages/airflow/example_dags/example_bash_operator.py took 0.067 seconds
[2024-11-20T14:29:21.519+0000] {processor.py:186} INFO - Started process (PID=290) to work on /home/airflow/.local/lib/python3.12/site-packages/airflow/example_dags/example_bash_operator.py
[2024-11-20T14:29:21.520+0000] {processor.py:914} INFO - Processing file /home/airflow/.local/lib/python3.12/site-packages/airflow/example_dags/example_bash_operator.py for tasks to queue
[2024-11-20T14:29:21.522+0000] {logging_mixin.py:190} INFO - [2024-11-20T14:29:21.522+0000] {dagbag.py:588} INFO - Filling up the DagBag from /home/airflow/.local/lib/python3.12/site-packages/airflow/example_dags/example_bash_operator.py
[2024-11-20T14:29:21.530+0000] {processor.py:925} INFO - DAG(s) 'example_bash_operator' retrieved from /home/airflow/.local/lib/python3.12/site-packages/airflow/example_dags/example_bash_operator.py
[2024-11-20T14:29:21.549+0000] {logging_mixin.py:190} INFO - [2024-11-20T14:29:21.549+0000] {dag.py:3239} INFO - Sync 1 DAGs
[2024-11-20T14:29:21.564+0000] {logging_mixin.py:190} INFO - [2024-11-20T14:29:21.563+0000] {dag.py:4180} INFO - Setting next_dagrun for example_bash_operator to 2024-11-19 00:00:00+00:00, run_after=2024-11-20 00:00:00+00:00
[2024-11-20T14:29:21.581+0000] {processor.py:208} INFO - Processing /home/airflow/.local/lib/python3.12/site-packages/airflow/example_dags/example_bash_operator.py took 0.066 seconds
[2024-11-20T14:29:51.937+0000] {processor.py:186} INFO - Started process (PID=352) to work on /home/airflow/.local/lib/python3.12/site-packages/airflow/example_dags/example_bash_operator.py
[2024-11-20T14:29:51.939+0000] {processor.py:914} INFO - Processing file /home/airflow/.local/lib/python3.12/site-packages/airflow/example_dags/example_bash_operator.py for tasks to queue
[2024-11-20T14:29:51.941+0000] {logging_mixin.py:190} INFO - [2024-11-20T14:29:51.941+0000] {dagbag.py:588} INFO - Filling up the DagBag from /home/airflow/.local/lib/python3.12/site-packages/airflow/example_dags/example_bash_operator.py
[2024-11-20T14:29:51.950+0000] {processor.py:925} INFO - DAG(s) 'example_bash_operator' retrieved from /home/airflow/.local/lib/python3.12/site-packages/airflow/example_dags/example_bash_operator.py
[2024-11-20T14:29:51.967+0000] {logging_mixin.py:190} INFO - [2024-11-20T14:29:51.967+0000] {dag.py:3239} INFO - Sync 1 DAGs
[2024-11-20T14:29:51.984+0000] {logging_mixin.py:190} INFO - [2024-11-20T14:29:51.984+0000] {dag.py:4180} INFO - Setting next_dagrun for example_bash_operator to 2024-11-19 00:00:00+00:00, run_after=2024-11-20 00:00:00+00:00
[2024-11-20T14:29:51.999+0000] {processor.py:208} INFO - Processing /home/airflow/.local/lib/python3.12/site-packages/airflow/example_dags/example_bash_operator.py took 0.066 seconds
[2024-11-20T14:30:22.997+0000] {processor.py:186} INFO - Started process (PID=416) to work on /home/airflow/.local/lib/python3.12/site-packages/airflow/example_dags/example_bash_operator.py
[2024-11-20T14:30:22.998+0000] {processor.py:914} INFO - Processing file /home/airflow/.local/lib/python3.12/site-packages/airflow/example_dags/example_bash_operator.py for tasks to queue
[2024-11-20T14:30:23.001+0000] {logging_mixin.py:190} INFO - [2024-11-20T14:30:23.001+0000] {dagbag.py:588} INFO - Filling up the DagBag from /home/airflow/.local/lib/python3.12/site-packages/airflow/example_dags/example_bash_operator.py
[2024-11-20T14:30:23.010+0000] {processor.py:925} INFO - DAG(s) 'example_bash_operator' retrieved from /home/airflow/.local/lib/python3.12/site-packages/airflow/example_dags/example_bash_operator.py
[2024-11-20T14:30:23.029+0000] {logging_mixin.py:190} INFO - [2024-11-20T14:30:23.028+0000] {dag.py:3239} INFO - Sync 1 DAGs
[2024-11-20T14:30:23.043+0000] {logging_mixin.py:190} INFO - [2024-11-20T14:30:23.043+0000] {dag.py:4180} INFO - Setting next_dagrun for example_bash_operator to 2024-11-19 00:00:00+00:00, run_after=2024-11-20 00:00:00+00:00
[2024-11-20T14:30:23.060+0000] {processor.py:208} INFO - Processing /home/airflow/.local/lib/python3.12/site-packages/airflow/example_dags/example_bash_operator.py took 0.067 seconds
[2024-11-20T14:30:53.858+0000] {processor.py:186} INFO - Started process (PID=480) to work on /home/airflow/.local/lib/python3.12/site-packages/airflow/example_dags/example_bash_operator.py
[2024-11-20T14:30:53.860+0000] {processor.py:914} INFO - Processing file /home/airflow/.local/lib/python3.12/site-packages/airflow/example_dags/example_bash_operator.py for tasks to queue
[2024-11-20T14:30:53.862+0000] {logging_mixin.py:190} INFO - [2024-11-20T14:30:53.862+0000] {dagbag.py:588} INFO - Filling up the DagBag from /home/airflow/.local/lib/python3.12/site-packages/airflow/example_dags/example_bash_operator.py
[2024-11-20T14:30:53.874+0000] {processor.py:925} INFO - DAG(s) 'example_bash_operator' retrieved from /home/airflow/.local/lib/python3.12/site-packages/airflow/example_dags/example_bash_operator.py
[2024-11-20T14:30:53.900+0000] {logging_mixin.py:190} INFO - [2024-11-20T14:30:53.900+0000] {dag.py:3239} INFO - Sync 1 DAGs
[2024-11-20T14:30:53.925+0000] {logging_mixin.py:190} INFO - [2024-11-20T14:30:53.925+0000] {dag.py:4180} INFO - Setting next_dagrun for example_bash_operator to 2024-11-19 00:00:00+00:00, run_after=2024-11-20 00:00:00+00:00
[2024-11-20T14:30:53.944+0000] {processor.py:208} INFO - Processing /home/airflow/.local/lib/python3.12/site-packages/airflow/example_dags/example_bash_operator.py took 0.093 seconds
[2024-11-20T14:31:24.010+0000] {processor.py:186} INFO - Started process (PID=543) to work on /home/airflow/.local/lib/python3.12/site-packages/airflow/example_dags/example_bash_operator.py
[2024-11-20T14:31:24.011+0000] {processor.py:914} INFO - Processing file /home/airflow/.local/lib/python3.12/site-packages/airflow/example_dags/example_bash_operator.py for tasks to queue
[2024-11-20T14:31:24.014+0000] {logging_mixin.py:190} INFO - [2024-11-20T14:31:24.013+0000] {dagbag.py:588} INFO - Filling up the DagBag from /home/airflow/.local/lib/python3.12/site-packages/airflow/example_dags/example_bash_operator.py
[2024-11-20T14:31:24.029+0000] {processor.py:925} INFO - DAG(s) 'example_bash_operator' retrieved from /home/airflow/.local/lib/python3.12/site-packages/airflow/example_dags/example_bash_operator.py
[2024-11-20T14:31:24.054+0000] {logging_mixin.py:190} INFO - [2024-11-20T14:31:24.054+0000] {dag.py:3239} INFO - Sync 1 DAGs
[2024-11-20T14:31:24.077+0000] {logging_mixin.py:190} INFO - [2024-11-20T14:31:24.077+0000] {dag.py:4180} INFO - Setting next_dagrun for example_bash_operator to 2024-11-19 00:00:00+00:00, run_after=2024-11-20 00:00:00+00:00
[2024-11-20T14:31:24.092+0000] {processor.py:208} INFO - Processing /home/airflow/.local/lib/python3.12/site-packages/airflow/example_dags/example_bash_operator.py took 0.090 seconds
[2024-11-20T14:31:54.656+0000] {processor.py:186} INFO - Started process (PID=605) to work on /home/airflow/.local/lib/python3.12/site-packages/airflow/example_dags/example_bash_operator.py
[2024-11-20T14:31:54.657+0000] {processor.py:914} INFO - Processing file /home/airflow/.local/lib/python3.12/site-packages/airflow/example_dags/example_bash_operator.py for tasks to queue
[2024-11-20T14:31:54.658+0000] {logging_mixin.py:190} INFO - [2024-11-20T14:31:54.658+0000] {dagbag.py:588} INFO - Filling up the DagBag from /home/airflow/.local/lib/python3.12/site-packages/airflow/example_dags/example_bash_operator.py
[2024-11-20T14:31:54.667+0000] {processor.py:925} INFO - DAG(s) 'example_bash_operator' retrieved from /home/airflow/.local/lib/python3.12/site-packages/airflow/example_dags/example_bash_operator.py
[2024-11-20T14:31:54.684+0000] {logging_mixin.py:190} INFO - [2024-11-20T14:31:54.684+0000] {dag.py:3239} INFO - Sync 1 DAGs
[2024-11-20T14:31:54.700+0000] {logging_mixin.py:190} INFO - [2024-11-20T14:31:54.699+0000] {dag.py:4180} INFO - Setting next_dagrun for example_bash_operator to 2024-11-19 00:00:00+00:00, run_after=2024-11-20 00:00:00+00:00
[2024-11-20T14:31:54.717+0000] {processor.py:208} INFO - Processing /home/airflow/.local/lib/python3.12/site-packages/airflow/example_dags/example_bash_operator.py took 0.065 seconds
[2024-11-20T14:32:25.854+0000] {processor.py:186} INFO - Started process (PID=668) to work on /home/airflow/.local/lib/python3.12/site-packages/airflow/example_dags/example_bash_operator.py
[2024-11-20T14:32:25.862+0000] {processor.py:914} INFO - Processing file /home/airflow/.local/lib/python3.12/site-packages/airflow/example_dags/example_bash_operator.py for tasks to queue
[2024-11-20T14:32:25.878+0000] {logging_mixin.py:190} INFO - [2024-11-20T14:32:25.878+0000] {dagbag.py:588} INFO - Filling up the DagBag from /home/airflow/.local/lib/python3.12/site-packages/airflow/example_dags/example_bash_operator.py
[2024-11-20T14:32:25.922+0000] {processor.py:925} INFO - DAG(s) 'example_bash_operator' retrieved from /home/airflow/.local/lib/python3.12/site-packages/airflow/example_dags/example_bash_operator.py
[2024-11-20T14:32:25.943+0000] {logging_mixin.py:190} INFO - [2024-11-20T14:32:25.943+0000] {dag.py:3239} INFO - Sync 1 DAGs
[2024-11-20T14:32:25.963+0000] {logging_mixin.py:190} INFO - [2024-11-20T14:32:25.963+0000] {dag.py:4180} INFO - Setting next_dagrun for example_bash_operator to 2024-11-19 00:00:00+00:00, run_after=2024-11-20 00:00:00+00:00
[2024-11-20T14:32:25.980+0000] {processor.py:208} INFO - Processing /home/airflow/.local/lib/python3.12/site-packages/airflow/example_dags/example_bash_operator.py took 0.132 seconds
[2024-11-20T14:32:56.890+0000] {processor.py:186} INFO - Started process (PID=731) to work on /home/airflow/.local/lib/python3.12/site-packages/airflow/example_dags/example_bash_operator.py
[2024-11-20T14:32:56.891+0000] {processor.py:914} INFO - Processing file /home/airflow/.local/lib/python3.12/site-packages/airflow/example_dags/example_bash_operator.py for tasks to queue
[2024-11-20T14:32:56.893+0000] {logging_mixin.py:190} INFO - [2024-11-20T14:32:56.892+0000] {dagbag.py:588} INFO - Filling up the DagBag from /home/airflow/.local/lib/python3.12/site-packages/airflow/example_dags/example_bash_operator.py
[2024-11-20T14:32:56.902+0000] {processor.py:925} INFO - DAG(s) 'example_bash_operator' retrieved from /home/airflow/.local/lib/python3.12/site-packages/airflow/example_dags/example_bash_operator.py
[2024-11-20T14:32:56.920+0000] {logging_mixin.py:190} INFO - [2024-11-20T14:32:56.920+0000] {dag.py:3239} INFO - Sync 1 DAGs
[2024-11-20T14:32:56.936+0000] {logging_mixin.py:190} INFO - [2024-11-20T14:32:56.936+0000] {dag.py:4180} INFO - Setting next_dagrun for example_bash_operator to 2024-11-19 00:00:00+00:00, run_after=2024-11-20 00:00:00+00:00
[2024-11-20T14:32:56.953+0000] {processor.py:208} INFO - Processing /home/airflow/.local/lib/python3.12/site-packages/airflow/example_dags/example_bash_operator.py took 0.067 seconds
[2024-11-20T14:33:27.160+0000] {processor.py:186} INFO - Started process (PID=793) to work on /home/airflow/.local/lib/python3.12/site-packages/airflow/example_dags/example_bash_operator.py
[2024-11-20T14:33:27.162+0000] {processor.py:914} INFO - Processing file /home/airflow/.local/lib/python3.12/site-packages/airflow/example_dags/example_bash_operator.py for tasks to queue
[2024-11-20T14:33:27.165+0000] {logging_mixin.py:190} INFO - [2024-11-20T14:33:27.164+0000] {dagbag.py:588} INFO - Filling up the DagBag from /home/airflow/.local/lib/python3.12/site-packages/airflow/example_dags/example_bash_operator.py
[2024-11-20T14:33:27.174+0000] {processor.py:925} INFO - DAG(s) 'example_bash_operator' retrieved from /home/airflow/.local/lib/python3.12/site-packages/airflow/example_dags/example_bash_operator.py
[2024-11-20T14:33:27.192+0000] {logging_mixin.py:190} INFO - [2024-11-20T14:33:27.192+0000] {dag.py:3239} INFO - Sync 1 DAGs
[2024-11-20T14:33:27.208+0000] {logging_mixin.py:190} INFO - [2024-11-20T14:33:27.207+0000] {dag.py:4180} INFO - Setting next_dagrun for example_bash_operator to 2024-11-19 00:00:00+00:00, run_after=2024-11-20 00:00:00+00:00
[2024-11-20T14:33:27.225+0000] {processor.py:208} INFO - Processing /home/airflow/.local/lib/python3.12/site-packages/airflow/example_dags/example_bash_operator.py took 0.072 seconds
[2024-11-20T14:33:58.285+0000] {processor.py:186} INFO - Started process (PID=857) to work on /home/airflow/.local/lib/python3.12/site-packages/airflow/example_dags/example_bash_operator.py
[2024-11-20T14:33:58.286+0000] {processor.py:914} INFO - Processing file /home/airflow/.local/lib/python3.12/site-packages/airflow/example_dags/example_bash_operator.py for tasks to queue
[2024-11-20T14:33:58.288+0000] {logging_mixin.py:190} INFO - [2024-11-20T14:33:58.288+0000] {dagbag.py:588} INFO - Filling up the DagBag from /home/airflow/.local/lib/python3.12/site-packages/airflow/example_dags/example_bash_operator.py
[2024-11-20T14:33:58.297+0000] {processor.py:925} INFO - DAG(s) 'example_bash_operator' retrieved from /home/airflow/.local/lib/python3.12/site-packages/airflow/example_dags/example_bash_operator.py
[2024-11-20T14:33:58.317+0000] {logging_mixin.py:190} INFO - [2024-11-20T14:33:58.317+0000] {dag.py:3239} INFO - Sync 1 DAGs
[2024-11-20T14:33:58.333+0000] {logging_mixin.py:190} INFO - [2024-11-20T14:33:58.333+0000] {dag.py:4180} INFO - Setting next_dagrun for example_bash_operator to 2024-11-19 00:00:00+00:00, run_after=2024-11-20 00:00:00+00:00
[2024-11-20T14:33:58.353+0000] {processor.py:208} INFO - Processing /home/airflow/.local/lib/python3.12/site-packages/airflow/example_dags/example_bash_operator.py took 0.072 seconds
[2024-11-20T14:34:28.952+0000] {processor.py:186} INFO - Started process (PID=920) to work on /home/airflow/.local/lib/python3.12/site-packages/airflow/example_dags/example_bash_operator.py
[2024-11-20T14:34:28.953+0000] {processor.py:914} INFO - Processing file /home/airflow/.local/lib/python3.12/site-packages/airflow/example_dags/example_bash_operator.py for tasks to queue
[2024-11-20T14:34:28.955+0000] {logging_mixin.py:190} INFO - [2024-11-20T14:34:28.955+0000] {dagbag.py:588} INFO - Filling up the DagBag from /home/airflow/.local/lib/python3.12/site-packages/airflow/example_dags/example_bash_operator.py
[2024-11-20T14:34:28.964+0000] {processor.py:925} INFO - DAG(s) 'example_bash_operator' retrieved from /home/airflow/.local/lib/python3.12/site-packages/airflow/example_dags/example_bash_operator.py
[2024-11-20T14:34:28.983+0000] {logging_mixin.py:190} INFO - [2024-11-20T14:34:28.983+0000] {dag.py:3239} INFO - Sync 1 DAGs
[2024-11-20T14:34:28.998+0000] {logging_mixin.py:190} INFO - [2024-11-20T14:34:28.998+0000] {dag.py:4180} INFO - Setting next_dagrun for example_bash_operator to 2024-11-19 00:00:00+00:00, run_after=2024-11-20 00:00:00+00:00
[2024-11-20T14:34:29.013+0000] {processor.py:208} INFO - Processing /home/airflow/.local/lib/python3.12/site-packages/airflow/example_dags/example_bash_operator.py took 0.066 seconds
[2024-11-20T14:34:59.889+0000] {processor.py:186} INFO - Started process (PID=983) to work on /home/airflow/.local/lib/python3.12/site-packages/airflow/example_dags/example_bash_operator.py
[2024-11-20T14:34:59.891+0000] {processor.py:914} INFO - Processing file /home/airflow/.local/lib/python3.12/site-packages/airflow/example_dags/example_bash_operator.py for tasks to queue
[2024-11-20T14:34:59.893+0000] {logging_mixin.py:190} INFO - [2024-11-20T14:34:59.893+0000] {dagbag.py:588} INFO - Filling up the DagBag from /home/airflow/.local/lib/python3.12/site-packages/airflow/example_dags/example_bash_operator.py
[2024-11-20T14:34:59.902+0000] {processor.py:925} INFO - DAG(s) 'example_bash_operator' retrieved from /home/airflow/.local/lib/python3.12/site-packages/airflow/example_dags/example_bash_operator.py
[2024-11-20T14:34:59.920+0000] {logging_mixin.py:190} INFO - [2024-11-20T14:34:59.920+0000] {dag.py:3239} INFO - Sync 1 DAGs
[2024-11-20T14:34:59.935+0000] {logging_mixin.py:190} INFO - [2024-11-20T14:34:59.935+0000] {dag.py:4180} INFO - Setting next_dagrun for example_bash_operator to 2024-11-19 00:00:00+00:00, run_after=2024-11-20 00:00:00+00:00
[2024-11-20T14:34:59.952+0000] {processor.py:208} INFO - Processing /home/airflow/.local/lib/python3.12/site-packages/airflow/example_dags/example_bash_operator.py took 0.067 seconds
[2024-11-20T14:35:30.437+0000] {processor.py:186} INFO - Started process (PID=1046) to work on /home/airflow/.local/lib/python3.12/site-packages/airflow/example_dags/example_bash_operator.py
[2024-11-20T14:35:30.438+0000] {processor.py:914} INFO - Processing file /home/airflow/.local/lib/python3.12/site-packages/airflow/example_dags/example_bash_operator.py for tasks to queue
[2024-11-20T14:35:30.440+0000] {logging_mixin.py:190} INFO - [2024-11-20T14:35:30.440+0000] {dagbag.py:588} INFO - Filling up the DagBag from /home/airflow/.local/lib/python3.12/site-packages/airflow/example_dags/example_bash_operator.py
[2024-11-20T14:35:30.449+0000] {processor.py:925} INFO - DAG(s) 'example_bash_operator' retrieved from /home/airflow/.local/lib/python3.12/site-packages/airflow/example_dags/example_bash_operator.py
[2024-11-20T14:35:30.466+0000] {logging_mixin.py:190} INFO - [2024-11-20T14:35:30.466+0000] {dag.py:3239} INFO - Sync 1 DAGs
[2024-11-20T14:35:30.481+0000] {logging_mixin.py:190} INFO - [2024-11-20T14:35:30.480+0000] {dag.py:4180} INFO - Setting next_dagrun for example_bash_operator to 2024-11-19 00:00:00+00:00, run_after=2024-11-20 00:00:00+00:00
[2024-11-20T14:35:30.493+0000] {processor.py:208} INFO - Processing /home/airflow/.local/lib/python3.12/site-packages/airflow/example_dags/example_bash_operator.py took 0.060 seconds
[2024-11-20T14:36:01.201+0000] {processor.py:186} INFO - Started process (PID=1109) to work on /home/airflow/.local/lib/python3.12/site-packages/airflow/example_dags/example_bash_operator.py
[2024-11-20T14:36:01.202+0000] {processor.py:914} INFO - Processing file /home/airflow/.local/lib/python3.12/site-packages/airflow/example_dags/example_bash_operator.py for tasks to queue
[2024-11-20T14:36:01.204+0000] {logging_mixin.py:190} INFO - [2024-11-20T14:36:01.204+0000] {dagbag.py:588} INFO - Filling up the DagBag from /home/airflow/.local/lib/python3.12/site-packages/airflow/example_dags/example_bash_operator.py
[2024-11-20T14:36:01.213+0000] {processor.py:925} INFO - DAG(s) 'example_bash_operator' retrieved from /home/airflow/.local/lib/python3.12/site-packages/airflow/example_dags/example_bash_operator.py
[2024-11-20T14:36:01.231+0000] {logging_mixin.py:190} INFO - [2024-11-20T14:36:01.231+0000] {dag.py:3239} INFO - Sync 1 DAGs
[2024-11-20T14:36:01.246+0000] {logging_mixin.py:190} INFO - [2024-11-20T14:36:01.246+0000] {dag.py:4180} INFO - Setting next_dagrun for example_bash_operator to 2024-11-19 00:00:00+00:00, run_after=2024-11-20 00:00:00+00:00
[2024-11-20T14:36:01.260+0000] {processor.py:208} INFO - Processing /home/airflow/.local/lib/python3.12/site-packages/airflow/example_dags/example_bash_operator.py took 0.063 seconds
[2024-11-20T14:36:31.892+0000] {processor.py:186} INFO - Started process (PID=1172) to work on /home/airflow/.local/lib/python3.12/site-packages/airflow/example_dags/example_bash_operator.py
[2024-11-20T14:36:31.893+0000] {processor.py:914} INFO - Processing file /home/airflow/.local/lib/python3.12/site-packages/airflow/example_dags/example_bash_operator.py for tasks to queue
[2024-11-20T14:36:31.895+0000] {logging_mixin.py:190} INFO - [2024-11-20T14:36:31.895+0000] {dagbag.py:588} INFO - Filling up the DagBag from /home/airflow/.local/lib/python3.12/site-packages/airflow/example_dags/example_bash_operator.py
[2024-11-20T14:36:31.902+0000] {processor.py:925} INFO - DAG(s) 'example_bash_operator' retrieved from /home/airflow/.local/lib/python3.12/site-packages/airflow/example_dags/example_bash_operator.py
[2024-11-20T14:36:31.919+0000] {logging_mixin.py:190} INFO - [2024-11-20T14:36:31.918+0000] {dag.py:3239} INFO - Sync 1 DAGs
[2024-11-20T14:36:31.932+0000] {logging_mixin.py:190} INFO - [2024-11-20T14:36:31.932+0000] {dag.py:4180} INFO - Setting next_dagrun for example_bash_operator to 2024-11-19 00:00:00+00:00, run_after=2024-11-20 00:00:00+00:00
[2024-11-20T14:36:31.943+0000] {processor.py:208} INFO - Processing /home/airflow/.local/lib/python3.12/site-packages/airflow/example_dags/example_bash_operator.py took 0.054 seconds
[2024-11-20T14:37:02.062+0000] {processor.py:186} INFO - Started process (PID=1234) to work on /home/airflow/.local/lib/python3.12/site-packages/airflow/example_dags/example_bash_operator.py
[2024-11-20T14:37:02.063+0000] {processor.py:914} INFO - Processing file /home/airflow/.local/lib/python3.12/site-packages/airflow/example_dags/example_bash_operator.py for tasks to queue
[2024-11-20T14:37:02.065+0000] {logging_mixin.py:190} INFO - [2024-11-20T14:37:02.065+0000] {dagbag.py:588} INFO - Filling up the DagBag from /home/airflow/.local/lib/python3.12/site-packages/airflow/example_dags/example_bash_operator.py
[2024-11-20T14:37:02.074+0000] {processor.py:925} INFO - DAG(s) 'example_bash_operator' retrieved from /home/airflow/.local/lib/python3.12/site-packages/airflow/example_dags/example_bash_operator.py
[2024-11-20T14:37:02.094+0000] {logging_mixin.py:190} INFO - [2024-11-20T14:37:02.094+0000] {dag.py:3239} INFO - Sync 1 DAGs
[2024-11-20T14:37:02.111+0000] {logging_mixin.py:190} INFO - [2024-11-20T14:37:02.111+0000] {dag.py:4180} INFO - Setting next_dagrun for example_bash_operator to 2024-11-19 00:00:00+00:00, run_after=2024-11-20 00:00:00+00:00
[2024-11-20T14:37:02.127+0000] {processor.py:208} INFO - Processing /home/airflow/.local/lib/python3.12/site-packages/airflow/example_dags/example_bash_operator.py took 0.070 seconds
[2024-11-20T14:37:32.567+0000] {processor.py:186} INFO - Started process (PID=1297) to work on /home/airflow/.local/lib/python3.12/site-packages/airflow/example_dags/example_bash_operator.py
[2024-11-20T14:37:32.568+0000] {processor.py:914} INFO - Processing file /home/airflow/.local/lib/python3.12/site-packages/airflow/example_dags/example_bash_operator.py for tasks to queue
[2024-11-20T14:37:32.570+0000] {logging_mixin.py:190} INFO - [2024-11-20T14:37:32.569+0000] {dagbag.py:588} INFO - Filling up the DagBag from /home/airflow/.local/lib/python3.12/site-packages/airflow/example_dags/example_bash_operator.py
[2024-11-20T14:37:32.578+0000] {processor.py:925} INFO - DAG(s) 'example_bash_operator' retrieved from /home/airflow/.local/lib/python3.12/site-packages/airflow/example_dags/example_bash_operator.py
[2024-11-20T14:37:32.595+0000] {logging_mixin.py:190} INFO - [2024-11-20T14:37:32.594+0000] {dag.py:3239} INFO - Sync 1 DAGs
[2024-11-20T14:37:32.609+0000] {logging_mixin.py:190} INFO - [2024-11-20T14:37:32.609+0000] {dag.py:4180} INFO - Setting next_dagrun for example_bash_operator to 2024-11-19 00:00:00+00:00, run_after=2024-11-20 00:00:00+00:00
[2024-11-20T14:37:32.627+0000] {processor.py:208} INFO - Processing /home/airflow/.local/lib/python3.12/site-packages/airflow/example_dags/example_bash_operator.py took 0.064 seconds
[2024-11-20T14:38:02.695+0000] {processor.py:186} INFO - Started process (PID=1360) to work on /home/airflow/.local/lib/python3.12/site-packages/airflow/example_dags/example_bash_operator.py
[2024-11-20T14:38:02.696+0000] {processor.py:914} INFO - Processing file /home/airflow/.local/lib/python3.12/site-packages/airflow/example_dags/example_bash_operator.py for tasks to queue
[2024-11-20T14:38:02.698+0000] {logging_mixin.py:190} INFO - [2024-11-20T14:38:02.698+0000] {dagbag.py:588} INFO - Filling up the DagBag from /home/airflow/.local/lib/python3.12/site-packages/airflow/example_dags/example_bash_operator.py
[2024-11-20T14:38:02.707+0000] {processor.py:925} INFO - DAG(s) 'example_bash_operator' retrieved from /home/airflow/.local/lib/python3.12/site-packages/airflow/example_dags/example_bash_operator.py
[2024-11-20T14:38:02.722+0000] {logging_mixin.py:190} INFO - [2024-11-20T14:38:02.722+0000] {dag.py:3239} INFO - Sync 1 DAGs
[2024-11-20T14:38:02.737+0000] {logging_mixin.py:190} INFO - [2024-11-20T14:38:02.737+0000] {dag.py:4180} INFO - Setting next_dagrun for example_bash_operator to 2024-11-19 00:00:00+00:00, run_after=2024-11-20 00:00:00+00:00
[2024-11-20T14:38:02.751+0000] {processor.py:208} INFO - Processing /home/airflow/.local/lib/python3.12/site-packages/airflow/example_dags/example_bash_operator.py took 0.060 seconds
[2024-11-20T14:38:33.121+0000] {processor.py:186} INFO - Started process (PID=1423) to work on /home/airflow/.local/lib/python3.12/site-packages/airflow/example_dags/example_bash_operator.py
[2024-11-20T14:38:33.122+0000] {processor.py:914} INFO - Processing file /home/airflow/.local/lib/python3.12/site-packages/airflow/example_dags/example_bash_operator.py for tasks to queue
[2024-11-20T14:38:33.124+0000] {logging_mixin.py:190} INFO - [2024-11-20T14:38:33.124+0000] {dagbag.py:588} INFO - Filling up the DagBag from /home/airflow/.local/lib/python3.12/site-packages/airflow/example_dags/example_bash_operator.py
[2024-11-20T14:38:33.132+0000] {processor.py:925} INFO - DAG(s) 'example_bash_operator' retrieved from /home/airflow/.local/lib/python3.12/site-packages/airflow/example_dags/example_bash_operator.py
[2024-11-20T14:38:33.149+0000] {logging_mixin.py:190} INFO - [2024-11-20T14:38:33.149+0000] {dag.py:3239} INFO - Sync 1 DAGs
[2024-11-20T14:38:33.165+0000] {logging_mixin.py:190} INFO - [2024-11-20T14:38:33.164+0000] {dag.py:4180} INFO - Setting next_dagrun for example_bash_operator to 2024-11-19 00:00:00+00:00, run_after=2024-11-20 00:00:00+00:00
[2024-11-20T14:38:33.181+0000] {processor.py:208} INFO - Processing /home/airflow/.local/lib/python3.12/site-packages/airflow/example_dags/example_bash_operator.py took 0.064 seconds
[2024-11-20T14:39:03.381+0000] {processor.py:186} INFO - Started process (PID=1486) to work on /home/airflow/.local/lib/python3.12/site-packages/airflow/example_dags/example_bash_operator.py
[2024-11-20T14:39:03.382+0000] {processor.py:914} INFO - Processing file /home/airflow/.local/lib/python3.12/site-packages/airflow/example_dags/example_bash_operator.py for tasks to queue
[2024-11-20T14:39:03.384+0000] {logging_mixin.py:190} INFO - [2024-11-20T14:39:03.383+0000] {dagbag.py:588} INFO - Filling up the DagBag from /home/airflow/.local/lib/python3.12/site-packages/airflow/example_dags/example_bash_operator.py
[2024-11-20T14:39:03.392+0000] {processor.py:925} INFO - DAG(s) 'example_bash_operator' retrieved from /home/airflow/.local/lib/python3.12/site-packages/airflow/example_dags/example_bash_operator.py
[2024-11-20T14:39:03.412+0000] {logging_mixin.py:190} INFO - [2024-11-20T14:39:03.412+0000] {dag.py:3239} INFO - Sync 1 DAGs
[2024-11-20T14:39:03.431+0000] {logging_mixin.py:190} INFO - [2024-11-20T14:39:03.431+0000] {dag.py:4180} INFO - Setting next_dagrun for example_bash_operator to 2024-11-19 00:00:00+00:00, run_after=2024-11-20 00:00:00+00:00
[2024-11-20T14:39:03.446+0000] {processor.py:208} INFO - Processing /home/airflow/.local/lib/python3.12/site-packages/airflow/example_dags/example_bash_operator.py took 0.068 seconds
[2024-11-20T14:39:34.404+0000] {processor.py:186} INFO - Started process (PID=1549) to work on /home/airflow/.local/lib/python3.12/site-packages/airflow/example_dags/example_bash_operator.py
[2024-11-20T14:39:34.405+0000] {processor.py:914} INFO - Processing file /home/airflow/.local/lib/python3.12/site-packages/airflow/example_dags/example_bash_operator.py for tasks to queue
[2024-11-20T14:39:34.408+0000] {logging_mixin.py:190} INFO - [2024-11-20T14:39:34.408+0000] {dagbag.py:588} INFO - Filling up the DagBag from /home/airflow/.local/lib/python3.12/site-packages/airflow/example_dags/example_bash_operator.py
[2024-11-20T14:39:34.418+0000] {processor.py:925} INFO - DAG(s) 'example_bash_operator' retrieved from /home/airflow/.local/lib/python3.12/site-packages/airflow/example_dags/example_bash_operator.py
[2024-11-20T14:39:34.437+0000] {logging_mixin.py:190} INFO - [2024-11-20T14:39:34.437+0000] {dag.py:3239} INFO - Sync 1 DAGs
[2024-11-20T14:39:34.451+0000] {logging_mixin.py:190} INFO - [2024-11-20T14:39:34.451+0000] {dag.py:4180} INFO - Setting next_dagrun for example_bash_operator to 2024-11-19 00:00:00+00:00, run_after=2024-11-20 00:00:00+00:00
[2024-11-20T14:39:34.469+0000] {processor.py:208} INFO - Processing /home/airflow/.local/lib/python3.12/site-packages/airflow/example_dags/example_bash_operator.py took 0.070 seconds
[2024-11-20T14:40:04.938+0000] {processor.py:186} INFO - Started process (PID=1612) to work on /home/airflow/.local/lib/python3.12/site-packages/airflow/example_dags/example_bash_operator.py
[2024-11-20T14:40:04.939+0000] {processor.py:914} INFO - Processing file /home/airflow/.local/lib/python3.12/site-packages/airflow/example_dags/example_bash_operator.py for tasks to queue
[2024-11-20T14:40:04.941+0000] {logging_mixin.py:190} INFO - [2024-11-20T14:40:04.940+0000] {dagbag.py:588} INFO - Filling up the DagBag from /home/airflow/.local/lib/python3.12/site-packages/airflow/example_dags/example_bash_operator.py
[2024-11-20T14:40:04.949+0000] {processor.py:925} INFO - DAG(s) 'example_bash_operator' retrieved from /home/airflow/.local/lib/python3.12/site-packages/airflow/example_dags/example_bash_operator.py
[2024-11-20T14:40:04.967+0000] {logging_mixin.py:190} INFO - [2024-11-20T14:40:04.967+0000] {dag.py:3239} INFO - Sync 1 DAGs
[2024-11-20T14:40:04.982+0000] {logging_mixin.py:190} INFO - [2024-11-20T14:40:04.982+0000] {dag.py:4180} INFO - Setting next_dagrun for example_bash_operator to 2024-11-19 00:00:00+00:00, run_after=2024-11-20 00:00:00+00:00
[2024-11-20T14:40:04.994+0000] {processor.py:208} INFO - Processing /home/airflow/.local/lib/python3.12/site-packages/airflow/example_dags/example_bash_operator.py took 0.060 seconds
[2024-11-20T14:40:35.893+0000] {processor.py:186} INFO - Started process (PID=1675) to work on /home/airflow/.local/lib/python3.12/site-packages/airflow/example_dags/example_bash_operator.py
[2024-11-20T14:40:35.894+0000] {processor.py:914} INFO - Processing file /home/airflow/.local/lib/python3.12/site-packages/airflow/example_dags/example_bash_operator.py for tasks to queue
[2024-11-20T14:40:35.895+0000] {logging_mixin.py:190} INFO - [2024-11-20T14:40:35.895+0000] {dagbag.py:588} INFO - Filling up the DagBag from /home/airflow/.local/lib/python3.12/site-packages/airflow/example_dags/example_bash_operator.py
[2024-11-20T14:40:35.905+0000] {processor.py:925} INFO - DAG(s) 'example_bash_operator' retrieved from /home/airflow/.local/lib/python3.12/site-packages/airflow/example_dags/example_bash_operator.py
[2024-11-20T14:40:35.922+0000] {logging_mixin.py:190} INFO - [2024-11-20T14:40:35.922+0000] {dag.py:3239} INFO - Sync 1 DAGs
[2024-11-20T14:40:35.943+0000] {logging_mixin.py:190} INFO - [2024-11-20T14:40:35.943+0000] {dag.py:4180} INFO - Setting next_dagrun for example_bash_operator to 2024-11-19 00:00:00+00:00, run_after=2024-11-20 00:00:00+00:00
[2024-11-20T14:40:35.957+0000] {processor.py:208} INFO - Processing /home/airflow/.local/lib/python3.12/site-packages/airflow/example_dags/example_bash_operator.py took 0.068 seconds
[2024-11-20T14:41:06.720+0000] {processor.py:186} INFO - Started process (PID=1738) to work on /home/airflow/.local/lib/python3.12/site-packages/airflow/example_dags/example_bash_operator.py
[2024-11-20T14:41:06.721+0000] {processor.py:914} INFO - Processing file /home/airflow/.local/lib/python3.12/site-packages/airflow/example_dags/example_bash_operator.py for tasks to queue
[2024-11-20T14:41:06.722+0000] {logging_mixin.py:190} INFO - [2024-11-20T14:41:06.722+0000] {dagbag.py:588} INFO - Filling up the DagBag from /home/airflow/.local/lib/python3.12/site-packages/airflow/example_dags/example_bash_operator.py
[2024-11-20T14:41:06.731+0000] {processor.py:925} INFO - DAG(s) 'example_bash_operator' retrieved from /home/airflow/.local/lib/python3.12/site-packages/airflow/example_dags/example_bash_operator.py
[2024-11-20T14:41:06.749+0000] {logging_mixin.py:190} INFO - [2024-11-20T14:41:06.749+0000] {dag.py:3239} INFO - Sync 1 DAGs
[2024-11-20T14:41:06.764+0000] {logging_mixin.py:190} INFO - [2024-11-20T14:41:06.764+0000] {dag.py:4180} INFO - Setting next_dagrun for example_bash_operator to 2024-11-19 00:00:00+00:00, run_after=2024-11-20 00:00:00+00:00
[2024-11-20T14:41:06.778+0000] {processor.py:208} INFO - Processing /home/airflow/.local/lib/python3.12/site-packages/airflow/example_dags/example_bash_operator.py took 0.062 seconds
[2024-11-20T14:41:37.471+0000] {processor.py:186} INFO - Started process (PID=1801) to work on /home/airflow/.local/lib/python3.12/site-packages/airflow/example_dags/example_bash_operator.py
[2024-11-20T14:41:37.472+0000] {processor.py:914} INFO - Processing file /home/airflow/.local/lib/python3.12/site-packages/airflow/example_dags/example_bash_operator.py for tasks to queue
[2024-11-20T14:41:37.474+0000] {logging_mixin.py:190} INFO - [2024-11-20T14:41:37.474+0000] {dagbag.py:588} INFO - Filling up the DagBag from /home/airflow/.local/lib/python3.12/site-packages/airflow/example_dags/example_bash_operator.py
[2024-11-20T14:41:37.482+0000] {processor.py:925} INFO - DAG(s) 'example_bash_operator' retrieved from /home/airflow/.local/lib/python3.12/site-packages/airflow/example_dags/example_bash_operator.py
[2024-11-20T14:41:37.500+0000] {logging_mixin.py:190} INFO - [2024-11-20T14:41:37.500+0000] {dag.py:3239} INFO - Sync 1 DAGs
[2024-11-20T14:41:37.515+0000] {logging_mixin.py:190} INFO - [2024-11-20T14:41:37.515+0000] {dag.py:4180} INFO - Setting next_dagrun for example_bash_operator to 2024-11-19 00:00:00+00:00, run_after=2024-11-20 00:00:00+00:00
[2024-11-20T14:41:37.530+0000] {processor.py:208} INFO - Processing /home/airflow/.local/lib/python3.12/site-packages/airflow/example_dags/example_bash_operator.py took 0.066 seconds
[2024-11-20T14:42:08.149+0000] {processor.py:186} INFO - Started process (PID=1864) to work on /home/airflow/.local/lib/python3.12/site-packages/airflow/example_dags/example_bash_operator.py
[2024-11-20T14:42:08.151+0000] {processor.py:914} INFO - Processing file /home/airflow/.local/lib/python3.12/site-packages/airflow/example_dags/example_bash_operator.py for tasks to queue
[2024-11-20T14:42:08.152+0000] {logging_mixin.py:190} INFO - [2024-11-20T14:42:08.152+0000] {dagbag.py:588} INFO - Filling up the DagBag from /home/airflow/.local/lib/python3.12/site-packages/airflow/example_dags/example_bash_operator.py
[2024-11-20T14:42:08.161+0000] {processor.py:925} INFO - DAG(s) 'example_bash_operator' retrieved from /home/airflow/.local/lib/python3.12/site-packages/airflow/example_dags/example_bash_operator.py
[2024-11-20T14:42:08.179+0000] {logging_mixin.py:190} INFO - [2024-11-20T14:42:08.179+0000] {dag.py:3239} INFO - Sync 1 DAGs
[2024-11-20T14:42:08.195+0000] {logging_mixin.py:190} INFO - [2024-11-20T14:42:08.195+0000] {dag.py:4180} INFO - Setting next_dagrun for example_bash_operator to 2024-11-19 00:00:00+00:00, run_after=2024-11-20 00:00:00+00:00
[2024-11-20T14:42:08.209+0000] {processor.py:208} INFO - Processing /home/airflow/.local/lib/python3.12/site-packages/airflow/example_dags/example_bash_operator.py took 0.064 seconds
[2024-11-20T14:42:38.884+0000] {processor.py:186} INFO - Started process (PID=1927) to work on /home/airflow/.local/lib/python3.12/site-packages/airflow/example_dags/example_bash_operator.py
[2024-11-20T14:42:38.885+0000] {processor.py:914} INFO - Processing file /home/airflow/.local/lib/python3.12/site-packages/airflow/example_dags/example_bash_operator.py for tasks to queue
[2024-11-20T14:42:38.887+0000] {logging_mixin.py:190} INFO - [2024-11-20T14:42:38.887+0000] {dagbag.py:588} INFO - Filling up the DagBag from /home/airflow/.local/lib/python3.12/site-packages/airflow/example_dags/example_bash_operator.py
[2024-11-20T14:42:38.896+0000] {processor.py:925} INFO - DAG(s) 'example_bash_operator' retrieved from /home/airflow/.local/lib/python3.12/site-packages/airflow/example_dags/example_bash_operator.py
[2024-11-20T14:42:38.914+0000] {logging_mixin.py:190} INFO - [2024-11-20T14:42:38.913+0000] {dag.py:3239} INFO - Sync 1 DAGs
[2024-11-20T14:42:38.929+0000] {logging_mixin.py:190} INFO - [2024-11-20T14:42:38.928+0000] {dag.py:4180} INFO - Setting next_dagrun for example_bash_operator to 2024-11-19 00:00:00+00:00, run_after=2024-11-20 00:00:00+00:00
[2024-11-20T14:42:38.946+0000] {processor.py:208} INFO - Processing /home/airflow/.local/lib/python3.12/site-packages/airflow/example_dags/example_bash_operator.py took 0.065 seconds
[2024-11-20T14:43:09.091+0000] {processor.py:186} INFO - Started process (PID=1990) to work on /home/airflow/.local/lib/python3.12/site-packages/airflow/example_dags/example_bash_operator.py
[2024-11-20T14:43:09.092+0000] {processor.py:914} INFO - Processing file /home/airflow/.local/lib/python3.12/site-packages/airflow/example_dags/example_bash_operator.py for tasks to queue
[2024-11-20T14:43:09.094+0000] {logging_mixin.py:190} INFO - [2024-11-20T14:43:09.094+0000] {dagbag.py:588} INFO - Filling up the DagBag from /home/airflow/.local/lib/python3.12/site-packages/airflow/example_dags/example_bash_operator.py
[2024-11-20T14:43:09.102+0000] {processor.py:925} INFO - DAG(s) 'example_bash_operator' retrieved from /home/airflow/.local/lib/python3.12/site-packages/airflow/example_dags/example_bash_operator.py
[2024-11-20T14:43:09.119+0000] {logging_mixin.py:190} INFO - [2024-11-20T14:43:09.118+0000] {dag.py:3239} INFO - Sync 1 DAGs
[2024-11-20T14:43:09.134+0000] {logging_mixin.py:190} INFO - [2024-11-20T14:43:09.134+0000] {dag.py:4180} INFO - Setting next_dagrun for example_bash_operator to 2024-11-19 00:00:00+00:00, run_after=2024-11-20 00:00:00+00:00
[2024-11-20T14:43:09.149+0000] {processor.py:208} INFO - Processing /home/airflow/.local/lib/python3.12/site-packages/airflow/example_dags/example_bash_operator.py took 0.061 seconds
[2024-11-20T14:49:51.048+0000] {processor.py:186} INFO - Started process (PID=2056) to work on /home/airflow/.local/lib/python3.12/site-packages/airflow/example_dags/example_bash_operator.py
[2024-11-20T14:49:51.049+0000] {processor.py:914} INFO - Processing file /home/airflow/.local/lib/python3.12/site-packages/airflow/example_dags/example_bash_operator.py for tasks to queue
[2024-11-20T14:49:51.051+0000] {logging_mixin.py:190} INFO - [2024-11-20T14:49:51.051+0000] {dagbag.py:588} INFO - Filling up the DagBag from /home/airflow/.local/lib/python3.12/site-packages/airflow/example_dags/example_bash_operator.py
[2024-11-20T14:49:51.060+0000] {processor.py:925} INFO - DAG(s) 'example_bash_operator' retrieved from /home/airflow/.local/lib/python3.12/site-packages/airflow/example_dags/example_bash_operator.py
[2024-11-20T14:49:51.076+0000] {logging_mixin.py:190} INFO - [2024-11-20T14:49:51.076+0000] {dag.py:3239} INFO - Sync 1 DAGs
[2024-11-20T14:49:51.092+0000] {logging_mixin.py:190} INFO - [2024-11-20T14:49:51.092+0000] {dag.py:4180} INFO - Setting next_dagrun for example_bash_operator to 2024-11-19 00:00:00+00:00, run_after=2024-11-20 00:00:00+00:00
[2024-11-20T14:49:51.105+0000] {processor.py:208} INFO - Processing /home/airflow/.local/lib/python3.12/site-packages/airflow/example_dags/example_bash_operator.py took 0.061 seconds
[2024-11-20T14:50:22.384+0000] {processor.py:186} INFO - Started process (PID=2119) to work on /home/airflow/.local/lib/python3.12/site-packages/airflow/example_dags/example_bash_operator.py
[2024-11-20T14:50:22.384+0000] {processor.py:914} INFO - Processing file /home/airflow/.local/lib/python3.12/site-packages/airflow/example_dags/example_bash_operator.py for tasks to queue
[2024-11-20T14:50:22.386+0000] {logging_mixin.py:190} INFO - [2024-11-20T14:50:22.386+0000] {dagbag.py:588} INFO - Filling up the DagBag from /home/airflow/.local/lib/python3.12/site-packages/airflow/example_dags/example_bash_operator.py
[2024-11-20T14:50:22.395+0000] {processor.py:925} INFO - DAG(s) 'example_bash_operator' retrieved from /home/airflow/.local/lib/python3.12/site-packages/airflow/example_dags/example_bash_operator.py
[2024-11-20T14:50:22.413+0000] {logging_mixin.py:190} INFO - [2024-11-20T14:50:22.413+0000] {dag.py:3239} INFO - Sync 1 DAGs
[2024-11-20T14:50:22.430+0000] {logging_mixin.py:190} INFO - [2024-11-20T14:50:22.430+0000] {dag.py:4180} INFO - Setting next_dagrun for example_bash_operator to 2024-11-19 00:00:00+00:00, run_after=2024-11-20 00:00:00+00:00
[2024-11-20T14:50:22.447+0000] {processor.py:208} INFO - Processing /home/airflow/.local/lib/python3.12/site-packages/airflow/example_dags/example_bash_operator.py took 0.067 seconds
[2024-11-20T14:50:52.717+0000] {processor.py:186} INFO - Started process (PID=2182) to work on /home/airflow/.local/lib/python3.12/site-packages/airflow/example_dags/example_bash_operator.py
[2024-11-20T14:50:52.718+0000] {processor.py:914} INFO - Processing file /home/airflow/.local/lib/python3.12/site-packages/airflow/example_dags/example_bash_operator.py for tasks to queue
[2024-11-20T14:50:52.720+0000] {logging_mixin.py:190} INFO - [2024-11-20T14:50:52.719+0000] {dagbag.py:588} INFO - Filling up the DagBag from /home/airflow/.local/lib/python3.12/site-packages/airflow/example_dags/example_bash_operator.py
[2024-11-20T14:50:52.728+0000] {processor.py:925} INFO - DAG(s) 'example_bash_operator' retrieved from /home/airflow/.local/lib/python3.12/site-packages/airflow/example_dags/example_bash_operator.py
[2024-11-20T14:50:52.744+0000] {logging_mixin.py:190} INFO - [2024-11-20T14:50:52.744+0000] {dag.py:3239} INFO - Sync 1 DAGs
[2024-11-20T14:50:52.759+0000] {logging_mixin.py:190} INFO - [2024-11-20T14:50:52.759+0000] {dag.py:4180} INFO - Setting next_dagrun for example_bash_operator to 2024-11-19 00:00:00+00:00, run_after=2024-11-20 00:00:00+00:00
[2024-11-20T14:50:52.772+0000] {processor.py:208} INFO - Processing /home/airflow/.local/lib/python3.12/site-packages/airflow/example_dags/example_bash_operator.py took 0.058 seconds
[2024-11-20T14:51:23.318+0000] {processor.py:186} INFO - Started process (PID=2245) to work on /home/airflow/.local/lib/python3.12/site-packages/airflow/example_dags/example_bash_operator.py
[2024-11-20T14:51:23.319+0000] {processor.py:914} INFO - Processing file /home/airflow/.local/lib/python3.12/site-packages/airflow/example_dags/example_bash_operator.py for tasks to queue
[2024-11-20T14:51:23.321+0000] {logging_mixin.py:190} INFO - [2024-11-20T14:51:23.321+0000] {dagbag.py:588} INFO - Filling up the DagBag from /home/airflow/.local/lib/python3.12/site-packages/airflow/example_dags/example_bash_operator.py
[2024-11-20T14:51:23.329+0000] {processor.py:925} INFO - DAG(s) 'example_bash_operator' retrieved from /home/airflow/.local/lib/python3.12/site-packages/airflow/example_dags/example_bash_operator.py
[2024-11-20T14:51:23.347+0000] {logging_mixin.py:190} INFO - [2024-11-20T14:51:23.347+0000] {dag.py:3239} INFO - Sync 1 DAGs
[2024-11-20T14:51:23.362+0000] {logging_mixin.py:190} INFO - [2024-11-20T14:51:23.362+0000] {dag.py:4180} INFO - Setting next_dagrun for example_bash_operator to 2024-11-19 00:00:00+00:00, run_after=2024-11-20 00:00:00+00:00
[2024-11-20T14:51:23.377+0000] {processor.py:208} INFO - Processing /home/airflow/.local/lib/python3.12/site-packages/airflow/example_dags/example_bash_operator.py took 0.062 seconds
[2024-11-20T14:51:53.842+0000] {processor.py:186} INFO - Started process (PID=2308) to work on /home/airflow/.local/lib/python3.12/site-packages/airflow/example_dags/example_bash_operator.py
[2024-11-20T14:51:53.843+0000] {processor.py:914} INFO - Processing file /home/airflow/.local/lib/python3.12/site-packages/airflow/example_dags/example_bash_operator.py for tasks to queue
[2024-11-20T14:51:53.845+0000] {logging_mixin.py:190} INFO - [2024-11-20T14:51:53.845+0000] {dagbag.py:588} INFO - Filling up the DagBag from /home/airflow/.local/lib/python3.12/site-packages/airflow/example_dags/example_bash_operator.py
[2024-11-20T14:51:53.854+0000] {processor.py:925} INFO - DAG(s) 'example_bash_operator' retrieved from /home/airflow/.local/lib/python3.12/site-packages/airflow/example_dags/example_bash_operator.py
[2024-11-20T14:51:53.872+0000] {logging_mixin.py:190} INFO - [2024-11-20T14:51:53.872+0000] {dag.py:3239} INFO - Sync 1 DAGs
[2024-11-20T14:51:53.888+0000] {logging_mixin.py:190} INFO - [2024-11-20T14:51:53.888+0000] {dag.py:4180} INFO - Setting next_dagrun for example_bash_operator to 2024-11-19 00:00:00+00:00, run_after=2024-11-20 00:00:00+00:00
[2024-11-20T14:51:53.906+0000] {processor.py:208} INFO - Processing /home/airflow/.local/lib/python3.12/site-packages/airflow/example_dags/example_bash_operator.py took 0.069 seconds
[2024-11-20T14:52:24.637+0000] {processor.py:186} INFO - Started process (PID=2371) to work on /home/airflow/.local/lib/python3.12/site-packages/airflow/example_dags/example_bash_operator.py
[2024-11-20T14:52:24.638+0000] {processor.py:914} INFO - Processing file /home/airflow/.local/lib/python3.12/site-packages/airflow/example_dags/example_bash_operator.py for tasks to queue
[2024-11-20T14:52:24.640+0000] {logging_mixin.py:190} INFO - [2024-11-20T14:52:24.640+0000] {dagbag.py:588} INFO - Filling up the DagBag from /home/airflow/.local/lib/python3.12/site-packages/airflow/example_dags/example_bash_operator.py
[2024-11-20T14:52:24.649+0000] {processor.py:925} INFO - DAG(s) 'example_bash_operator' retrieved from /home/airflow/.local/lib/python3.12/site-packages/airflow/example_dags/example_bash_operator.py
[2024-11-20T14:52:24.668+0000] {logging_mixin.py:190} INFO - [2024-11-20T14:52:24.668+0000] {dag.py:3239} INFO - Sync 1 DAGs
[2024-11-20T14:52:24.683+0000] {logging_mixin.py:190} INFO - [2024-11-20T14:52:24.683+0000] {dag.py:4180} INFO - Setting next_dagrun for example_bash_operator to 2024-11-19 00:00:00+00:00, run_after=2024-11-20 00:00:00+00:00
[2024-11-20T14:52:24.697+0000] {processor.py:208} INFO - Processing /home/airflow/.local/lib/python3.12/site-packages/airflow/example_dags/example_bash_operator.py took 0.065 seconds
[2024-11-20T14:52:54.769+0000] {processor.py:186} INFO - Started process (PID=2433) to work on /home/airflow/.local/lib/python3.12/site-packages/airflow/example_dags/example_bash_operator.py
[2024-11-20T14:52:54.770+0000] {processor.py:914} INFO - Processing file /home/airflow/.local/lib/python3.12/site-packages/airflow/example_dags/example_bash_operator.py for tasks to queue
[2024-11-20T14:52:54.772+0000] {logging_mixin.py:190} INFO - [2024-11-20T14:52:54.772+0000] {dagbag.py:588} INFO - Filling up the DagBag from /home/airflow/.local/lib/python3.12/site-packages/airflow/example_dags/example_bash_operator.py
[2024-11-20T14:52:54.783+0000] {processor.py:925} INFO - DAG(s) 'example_bash_operator' retrieved from /home/airflow/.local/lib/python3.12/site-packages/airflow/example_dags/example_bash_operator.py
[2024-11-20T14:52:54.803+0000] {logging_mixin.py:190} INFO - [2024-11-20T14:52:54.803+0000] {dag.py:3239} INFO - Sync 1 DAGs
[2024-11-20T14:52:54.819+0000] {logging_mixin.py:190} INFO - [2024-11-20T14:52:54.819+0000] {dag.py:4180} INFO - Setting next_dagrun for example_bash_operator to 2024-11-19 00:00:00+00:00, run_after=2024-11-20 00:00:00+00:00
[2024-11-20T14:52:54.833+0000] {processor.py:208} INFO - Processing /home/airflow/.local/lib/python3.12/site-packages/airflow/example_dags/example_bash_operator.py took 0.069 seconds
[2024-11-20T14:53:25.385+0000] {processor.py:186} INFO - Started process (PID=2496) to work on /home/airflow/.local/lib/python3.12/site-packages/airflow/example_dags/example_bash_operator.py
[2024-11-20T14:53:25.386+0000] {processor.py:914} INFO - Processing file /home/airflow/.local/lib/python3.12/site-packages/airflow/example_dags/example_bash_operator.py for tasks to queue
[2024-11-20T14:53:25.388+0000] {logging_mixin.py:190} INFO - [2024-11-20T14:53:25.388+0000] {dagbag.py:588} INFO - Filling up the DagBag from /home/airflow/.local/lib/python3.12/site-packages/airflow/example_dags/example_bash_operator.py
[2024-11-20T14:53:25.397+0000] {processor.py:925} INFO - DAG(s) 'example_bash_operator' retrieved from /home/airflow/.local/lib/python3.12/site-packages/airflow/example_dags/example_bash_operator.py
[2024-11-20T14:53:25.414+0000] {logging_mixin.py:190} INFO - [2024-11-20T14:53:25.414+0000] {dag.py:3239} INFO - Sync 1 DAGs
[2024-11-20T14:53:25.430+0000] {logging_mixin.py:190} INFO - [2024-11-20T14:53:25.430+0000] {dag.py:4180} INFO - Setting next_dagrun for example_bash_operator to 2024-11-19 00:00:00+00:00, run_after=2024-11-20 00:00:00+00:00
[2024-11-20T14:53:25.445+0000] {processor.py:208} INFO - Processing /home/airflow/.local/lib/python3.12/site-packages/airflow/example_dags/example_bash_operator.py took 0.064 seconds
[2024-11-20T14:53:55.801+0000] {processor.py:186} INFO - Started process (PID=2559) to work on /home/airflow/.local/lib/python3.12/site-packages/airflow/example_dags/example_bash_operator.py
[2024-11-20T14:53:55.802+0000] {processor.py:914} INFO - Processing file /home/airflow/.local/lib/python3.12/site-packages/airflow/example_dags/example_bash_operator.py for tasks to queue
[2024-11-20T14:53:55.804+0000] {logging_mixin.py:190} INFO - [2024-11-20T14:53:55.804+0000] {dagbag.py:588} INFO - Filling up the DagBag from /home/airflow/.local/lib/python3.12/site-packages/airflow/example_dags/example_bash_operator.py
[2024-11-20T14:53:55.814+0000] {processor.py:925} INFO - DAG(s) 'example_bash_operator' retrieved from /home/airflow/.local/lib/python3.12/site-packages/airflow/example_dags/example_bash_operator.py
[2024-11-20T14:53:55.832+0000] {logging_mixin.py:190} INFO - [2024-11-20T14:53:55.832+0000] {dag.py:3239} INFO - Sync 1 DAGs
[2024-11-20T14:53:55.849+0000] {logging_mixin.py:190} INFO - [2024-11-20T14:53:55.849+0000] {dag.py:4180} INFO - Setting next_dagrun for example_bash_operator to 2024-11-19 00:00:00+00:00, run_after=2024-11-20 00:00:00+00:00
[2024-11-20T14:53:55.870+0000] {processor.py:208} INFO - Processing /home/airflow/.local/lib/python3.12/site-packages/airflow/example_dags/example_bash_operator.py took 0.076 seconds
[2024-11-20T14:54:26.484+0000] {processor.py:186} INFO - Started process (PID=2622) to work on /home/airflow/.local/lib/python3.12/site-packages/airflow/example_dags/example_bash_operator.py
[2024-11-20T14:54:26.486+0000] {processor.py:914} INFO - Processing file /home/airflow/.local/lib/python3.12/site-packages/airflow/example_dags/example_bash_operator.py for tasks to queue
[2024-11-20T14:54:26.489+0000] {logging_mixin.py:190} INFO - [2024-11-20T14:54:26.489+0000] {dagbag.py:588} INFO - Filling up the DagBag from /home/airflow/.local/lib/python3.12/site-packages/airflow/example_dags/example_bash_operator.py
[2024-11-20T14:54:26.501+0000] {processor.py:925} INFO - DAG(s) 'example_bash_operator' retrieved from /home/airflow/.local/lib/python3.12/site-packages/airflow/example_dags/example_bash_operator.py
[2024-11-20T14:54:26.521+0000] {logging_mixin.py:190} INFO - [2024-11-20T14:54:26.521+0000] {dag.py:3239} INFO - Sync 1 DAGs
[2024-11-20T14:54:26.538+0000] {logging_mixin.py:190} INFO - [2024-11-20T14:54:26.537+0000] {dag.py:4180} INFO - Setting next_dagrun for example_bash_operator to 2024-11-19 00:00:00+00:00, run_after=2024-11-20 00:00:00+00:00
[2024-11-20T14:54:26.555+0000] {processor.py:208} INFO - Processing /home/airflow/.local/lib/python3.12/site-packages/airflow/example_dags/example_bash_operator.py took 0.078 seconds
[2024-11-20T14:54:56.934+0000] {processor.py:186} INFO - Started process (PID=2685) to work on /home/airflow/.local/lib/python3.12/site-packages/airflow/example_dags/example_bash_operator.py
[2024-11-20T14:54:56.934+0000] {processor.py:914} INFO - Processing file /home/airflow/.local/lib/python3.12/site-packages/airflow/example_dags/example_bash_operator.py for tasks to queue
[2024-11-20T14:54:56.937+0000] {logging_mixin.py:190} INFO - [2024-11-20T14:54:56.936+0000] {dagbag.py:588} INFO - Filling up the DagBag from /home/airflow/.local/lib/python3.12/site-packages/airflow/example_dags/example_bash_operator.py
[2024-11-20T14:54:56.945+0000] {processor.py:925} INFO - DAG(s) 'example_bash_operator' retrieved from /home/airflow/.local/lib/python3.12/site-packages/airflow/example_dags/example_bash_operator.py
[2024-11-20T14:54:56.962+0000] {logging_mixin.py:190} INFO - [2024-11-20T14:54:56.962+0000] {dag.py:3239} INFO - Sync 1 DAGs
[2024-11-20T14:54:56.977+0000] {logging_mixin.py:190} INFO - [2024-11-20T14:54:56.977+0000] {dag.py:4180} INFO - Setting next_dagrun for example_bash_operator to 2024-11-19 00:00:00+00:00, run_after=2024-11-20 00:00:00+00:00
[2024-11-20T14:54:56.992+0000] {processor.py:208} INFO - Processing /home/airflow/.local/lib/python3.12/site-packages/airflow/example_dags/example_bash_operator.py took 0.063 seconds
[2024-11-20T14:55:27.367+0000] {processor.py:186} INFO - Started process (PID=2748) to work on /home/airflow/.local/lib/python3.12/site-packages/airflow/example_dags/example_bash_operator.py
[2024-11-20T14:55:27.368+0000] {processor.py:914} INFO - Processing file /home/airflow/.local/lib/python3.12/site-packages/airflow/example_dags/example_bash_operator.py for tasks to queue
[2024-11-20T14:55:27.371+0000] {logging_mixin.py:190} INFO - [2024-11-20T14:55:27.371+0000] {dagbag.py:588} INFO - Filling up the DagBag from /home/airflow/.local/lib/python3.12/site-packages/airflow/example_dags/example_bash_operator.py
[2024-11-20T14:55:27.381+0000] {processor.py:925} INFO - DAG(s) 'example_bash_operator' retrieved from /home/airflow/.local/lib/python3.12/site-packages/airflow/example_dags/example_bash_operator.py
[2024-11-20T14:55:27.402+0000] {logging_mixin.py:190} INFO - [2024-11-20T14:55:27.401+0000] {dag.py:3239} INFO - Sync 1 DAGs
[2024-11-20T14:55:27.418+0000] {logging_mixin.py:190} INFO - [2024-11-20T14:55:27.417+0000] {dag.py:4180} INFO - Setting next_dagrun for example_bash_operator to 2024-11-19 00:00:00+00:00, run_after=2024-11-20 00:00:00+00:00
[2024-11-20T14:55:27.436+0000] {processor.py:208} INFO - Processing /home/airflow/.local/lib/python3.12/site-packages/airflow/example_dags/example_bash_operator.py took 0.076 seconds
[2024-11-20T14:55:58.446+0000] {processor.py:186} INFO - Started process (PID=2811) to work on /home/airflow/.local/lib/python3.12/site-packages/airflow/example_dags/example_bash_operator.py
[2024-11-20T14:55:58.447+0000] {processor.py:914} INFO - Processing file /home/airflow/.local/lib/python3.12/site-packages/airflow/example_dags/example_bash_operator.py for tasks to queue
[2024-11-20T14:55:58.448+0000] {logging_mixin.py:190} INFO - [2024-11-20T14:55:58.448+0000] {dagbag.py:588} INFO - Filling up the DagBag from /home/airflow/.local/lib/python3.12/site-packages/airflow/example_dags/example_bash_operator.py
[2024-11-20T14:55:58.457+0000] {processor.py:925} INFO - DAG(s) 'example_bash_operator' retrieved from /home/airflow/.local/lib/python3.12/site-packages/airflow/example_dags/example_bash_operator.py
[2024-11-20T14:55:58.474+0000] {logging_mixin.py:190} INFO - [2024-11-20T14:55:58.474+0000] {dag.py:3239} INFO - Sync 1 DAGs
[2024-11-20T14:55:58.489+0000] {logging_mixin.py:190} INFO - [2024-11-20T14:55:58.489+0000] {dag.py:4180} INFO - Setting next_dagrun for example_bash_operator to 2024-11-19 00:00:00+00:00, run_after=2024-11-20 00:00:00+00:00
[2024-11-20T14:55:58.505+0000] {processor.py:208} INFO - Processing /home/airflow/.local/lib/python3.12/site-packages/airflow/example_dags/example_bash_operator.py took 0.063 seconds
[2024-11-20T14:56:28.859+0000] {processor.py:186} INFO - Started process (PID=2874) to work on /home/airflow/.local/lib/python3.12/site-packages/airflow/example_dags/example_bash_operator.py
[2024-11-20T14:56:28.860+0000] {processor.py:914} INFO - Processing file /home/airflow/.local/lib/python3.12/site-packages/airflow/example_dags/example_bash_operator.py for tasks to queue
[2024-11-20T14:56:28.862+0000] {logging_mixin.py:190} INFO - [2024-11-20T14:56:28.861+0000] {dagbag.py:588} INFO - Filling up the DagBag from /home/airflow/.local/lib/python3.12/site-packages/airflow/example_dags/example_bash_operator.py
[2024-11-20T14:56:28.870+0000] {processor.py:925} INFO - DAG(s) 'example_bash_operator' retrieved from /home/airflow/.local/lib/python3.12/site-packages/airflow/example_dags/example_bash_operator.py
[2024-11-20T14:56:28.886+0000] {logging_mixin.py:190} INFO - [2024-11-20T14:56:28.886+0000] {dag.py:3239} INFO - Sync 1 DAGs
[2024-11-20T14:56:28.901+0000] {logging_mixin.py:190} INFO - [2024-11-20T14:56:28.901+0000] {dag.py:4180} INFO - Setting next_dagrun for example_bash_operator to 2024-11-19 00:00:00+00:00, run_after=2024-11-20 00:00:00+00:00
[2024-11-20T14:56:28.916+0000] {processor.py:208} INFO - Processing /home/airflow/.local/lib/python3.12/site-packages/airflow/example_dags/example_bash_operator.py took 0.061 seconds
[2024-11-20T14:56:59.008+0000] {processor.py:186} INFO - Started process (PID=2937) to work on /home/airflow/.local/lib/python3.12/site-packages/airflow/example_dags/example_bash_operator.py
[2024-11-20T14:56:59.009+0000] {processor.py:914} INFO - Processing file /home/airflow/.local/lib/python3.12/site-packages/airflow/example_dags/example_bash_operator.py for tasks to queue
[2024-11-20T14:56:59.011+0000] {logging_mixin.py:190} INFO - [2024-11-20T14:56:59.011+0000] {dagbag.py:588} INFO - Filling up the DagBag from /home/airflow/.local/lib/python3.12/site-packages/airflow/example_dags/example_bash_operator.py
[2024-11-20T14:56:59.020+0000] {processor.py:925} INFO - DAG(s) 'example_bash_operator' retrieved from /home/airflow/.local/lib/python3.12/site-packages/airflow/example_dags/example_bash_operator.py
[2024-11-20T14:56:59.036+0000] {logging_mixin.py:190} INFO - [2024-11-20T14:56:59.036+0000] {dag.py:3239} INFO - Sync 1 DAGs
[2024-11-20T14:56:59.051+0000] {logging_mixin.py:190} INFO - [2024-11-20T14:56:59.051+0000] {dag.py:4180} INFO - Setting next_dagrun for example_bash_operator to 2024-11-19 00:00:00+00:00, run_after=2024-11-20 00:00:00+00:00
[2024-11-20T14:56:59.173+0000] {processor.py:208} INFO - Processing /home/airflow/.local/lib/python3.12/site-packages/airflow/example_dags/example_bash_operator.py took 0.169 seconds
[2024-11-20T14:57:29.246+0000] {processor.py:186} INFO - Started process (PID=3001) to work on /home/airflow/.local/lib/python3.12/site-packages/airflow/example_dags/example_bash_operator.py
[2024-11-20T14:57:29.248+0000] {processor.py:914} INFO - Processing file /home/airflow/.local/lib/python3.12/site-packages/airflow/example_dags/example_bash_operator.py for tasks to queue
[2024-11-20T14:57:29.250+0000] {logging_mixin.py:190} INFO - [2024-11-20T14:57:29.249+0000] {dagbag.py:588} INFO - Filling up the DagBag from /home/airflow/.local/lib/python3.12/site-packages/airflow/example_dags/example_bash_operator.py
[2024-11-20T14:57:29.259+0000] {processor.py:925} INFO - DAG(s) 'example_bash_operator' retrieved from /home/airflow/.local/lib/python3.12/site-packages/airflow/example_dags/example_bash_operator.py
[2024-11-20T14:57:29.277+0000] {logging_mixin.py:190} INFO - [2024-11-20T14:57:29.277+0000] {dag.py:3239} INFO - Sync 1 DAGs
[2024-11-20T14:57:29.292+0000] {logging_mixin.py:190} INFO - [2024-11-20T14:57:29.292+0000] {dag.py:4180} INFO - Setting next_dagrun for example_bash_operator to 2024-11-19 00:00:00+00:00, run_after=2024-11-20 00:00:00+00:00
[2024-11-20T14:57:29.307+0000] {processor.py:208} INFO - Processing /home/airflow/.local/lib/python3.12/site-packages/airflow/example_dags/example_bash_operator.py took 0.065 seconds
[2024-11-20T14:57:59.432+0000] {processor.py:186} INFO - Started process (PID=3063) to work on /home/airflow/.local/lib/python3.12/site-packages/airflow/example_dags/example_bash_operator.py
[2024-11-20T14:57:59.433+0000] {processor.py:914} INFO - Processing file /home/airflow/.local/lib/python3.12/site-packages/airflow/example_dags/example_bash_operator.py for tasks to queue
[2024-11-20T14:57:59.435+0000] {logging_mixin.py:190} INFO - [2024-11-20T14:57:59.434+0000] {dagbag.py:588} INFO - Filling up the DagBag from /home/airflow/.local/lib/python3.12/site-packages/airflow/example_dags/example_bash_operator.py
[2024-11-20T14:57:59.443+0000] {processor.py:925} INFO - DAG(s) 'example_bash_operator' retrieved from /home/airflow/.local/lib/python3.12/site-packages/airflow/example_dags/example_bash_operator.py
[2024-11-20T14:57:59.460+0000] {logging_mixin.py:190} INFO - [2024-11-20T14:57:59.460+0000] {dag.py:3239} INFO - Sync 1 DAGs
[2024-11-20T14:57:59.475+0000] {logging_mixin.py:190} INFO - [2024-11-20T14:57:59.475+0000] {dag.py:4180} INFO - Setting next_dagrun for example_bash_operator to 2024-11-19 00:00:00+00:00, run_after=2024-11-20 00:00:00+00:00
[2024-11-20T14:57:59.490+0000] {processor.py:208} INFO - Processing /home/airflow/.local/lib/python3.12/site-packages/airflow/example_dags/example_bash_operator.py took 0.062 seconds
[2024-11-20T14:58:30.045+0000] {processor.py:186} INFO - Started process (PID=3126) to work on /home/airflow/.local/lib/python3.12/site-packages/airflow/example_dags/example_bash_operator.py
[2024-11-20T14:58:30.046+0000] {processor.py:914} INFO - Processing file /home/airflow/.local/lib/python3.12/site-packages/airflow/example_dags/example_bash_operator.py for tasks to queue
[2024-11-20T14:58:30.049+0000] {logging_mixin.py:190} INFO - [2024-11-20T14:58:30.048+0000] {dagbag.py:588} INFO - Filling up the DagBag from /home/airflow/.local/lib/python3.12/site-packages/airflow/example_dags/example_bash_operator.py
[2024-11-20T14:58:30.058+0000] {processor.py:925} INFO - DAG(s) 'example_bash_operator' retrieved from /home/airflow/.local/lib/python3.12/site-packages/airflow/example_dags/example_bash_operator.py
[2024-11-20T14:58:30.076+0000] {logging_mixin.py:190} INFO - [2024-11-20T14:58:30.075+0000] {dag.py:3239} INFO - Sync 1 DAGs
[2024-11-20T14:58:30.091+0000] {logging_mixin.py:190} INFO - [2024-11-20T14:58:30.091+0000] {dag.py:4180} INFO - Setting next_dagrun for example_bash_operator to 2024-11-19 00:00:00+00:00, run_after=2024-11-20 00:00:00+00:00
[2024-11-20T14:58:30.107+0000] {processor.py:208} INFO - Processing /home/airflow/.local/lib/python3.12/site-packages/airflow/example_dags/example_bash_operator.py took 0.067 seconds
[2024-11-20T14:59:01.006+0000] {processor.py:186} INFO - Started process (PID=3189) to work on /home/airflow/.local/lib/python3.12/site-packages/airflow/example_dags/example_bash_operator.py
[2024-11-20T14:59:01.006+0000] {processor.py:914} INFO - Processing file /home/airflow/.local/lib/python3.12/site-packages/airflow/example_dags/example_bash_operator.py for tasks to queue
[2024-11-20T14:59:01.008+0000] {logging_mixin.py:190} INFO - [2024-11-20T14:59:01.008+0000] {dagbag.py:588} INFO - Filling up the DagBag from /home/airflow/.local/lib/python3.12/site-packages/airflow/example_dags/example_bash_operator.py
[2024-11-20T14:59:01.017+0000] {processor.py:925} INFO - DAG(s) 'example_bash_operator' retrieved from /home/airflow/.local/lib/python3.12/site-packages/airflow/example_dags/example_bash_operator.py
[2024-11-20T14:59:01.034+0000] {logging_mixin.py:190} INFO - [2024-11-20T14:59:01.034+0000] {dag.py:3239} INFO - Sync 1 DAGs
[2024-11-20T14:59:01.160+0000] {logging_mixin.py:190} INFO - [2024-11-20T14:59:01.160+0000] {dag.py:4180} INFO - Setting next_dagrun for example_bash_operator to 2024-11-19 00:00:00+00:00, run_after=2024-11-20 00:00:00+00:00
[2024-11-20T14:59:01.175+0000] {processor.py:208} INFO - Processing /home/airflow/.local/lib/python3.12/site-packages/airflow/example_dags/example_bash_operator.py took 0.174 seconds
[2024-11-20T14:59:31.319+0000] {processor.py:186} INFO - Started process (PID=3252) to work on /home/airflow/.local/lib/python3.12/site-packages/airflow/example_dags/example_bash_operator.py
[2024-11-20T14:59:31.320+0000] {processor.py:914} INFO - Processing file /home/airflow/.local/lib/python3.12/site-packages/airflow/example_dags/example_bash_operator.py for tasks to queue
[2024-11-20T14:59:31.321+0000] {logging_mixin.py:190} INFO - [2024-11-20T14:59:31.321+0000] {dagbag.py:588} INFO - Filling up the DagBag from /home/airflow/.local/lib/python3.12/site-packages/airflow/example_dags/example_bash_operator.py
[2024-11-20T14:59:31.330+0000] {processor.py:925} INFO - DAG(s) 'example_bash_operator' retrieved from /home/airflow/.local/lib/python3.12/site-packages/airflow/example_dags/example_bash_operator.py
[2024-11-20T14:59:31.347+0000] {logging_mixin.py:190} INFO - [2024-11-20T14:59:31.347+0000] {dag.py:3239} INFO - Sync 1 DAGs
[2024-11-20T14:59:31.363+0000] {logging_mixin.py:190} INFO - [2024-11-20T14:59:31.363+0000] {dag.py:4180} INFO - Setting next_dagrun for example_bash_operator to 2024-11-19 00:00:00+00:00, run_after=2024-11-20 00:00:00+00:00
[2024-11-20T14:59:31.490+0000] {processor.py:208} INFO - Processing /home/airflow/.local/lib/python3.12/site-packages/airflow/example_dags/example_bash_operator.py took 0.176 seconds
[2024-11-20T15:00:02.168+0000] {processor.py:186} INFO - Started process (PID=3315) to work on /home/airflow/.local/lib/python3.12/site-packages/airflow/example_dags/example_bash_operator.py
[2024-11-20T15:00:02.169+0000] {processor.py:914} INFO - Processing file /home/airflow/.local/lib/python3.12/site-packages/airflow/example_dags/example_bash_operator.py for tasks to queue
[2024-11-20T15:00:02.171+0000] {logging_mixin.py:190} INFO - [2024-11-20T15:00:02.171+0000] {dagbag.py:588} INFO - Filling up the DagBag from /home/airflow/.local/lib/python3.12/site-packages/airflow/example_dags/example_bash_operator.py
[2024-11-20T15:00:02.180+0000] {processor.py:925} INFO - DAG(s) 'example_bash_operator' retrieved from /home/airflow/.local/lib/python3.12/site-packages/airflow/example_dags/example_bash_operator.py
[2024-11-20T15:00:02.196+0000] {logging_mixin.py:190} INFO - [2024-11-20T15:00:02.196+0000] {dag.py:3239} INFO - Sync 1 DAGs
[2024-11-20T15:00:02.212+0000] {logging_mixin.py:190} INFO - [2024-11-20T15:00:02.212+0000] {dag.py:4180} INFO - Setting next_dagrun for example_bash_operator to 2024-11-19 00:00:00+00:00, run_after=2024-11-20 00:00:00+00:00
[2024-11-20T15:00:02.226+0000] {processor.py:208} INFO - Processing /home/airflow/.local/lib/python3.12/site-packages/airflow/example_dags/example_bash_operator.py took 0.061 seconds
[2024-11-20T15:00:32.560+0000] {processor.py:186} INFO - Started process (PID=3378) to work on /home/airflow/.local/lib/python3.12/site-packages/airflow/example_dags/example_bash_operator.py
[2024-11-20T15:00:32.561+0000] {processor.py:914} INFO - Processing file /home/airflow/.local/lib/python3.12/site-packages/airflow/example_dags/example_bash_operator.py for tasks to queue
[2024-11-20T15:00:32.562+0000] {logging_mixin.py:190} INFO - [2024-11-20T15:00:32.562+0000] {dagbag.py:588} INFO - Filling up the DagBag from /home/airflow/.local/lib/python3.12/site-packages/airflow/example_dags/example_bash_operator.py
[2024-11-20T15:00:32.571+0000] {processor.py:925} INFO - DAG(s) 'example_bash_operator' retrieved from /home/airflow/.local/lib/python3.12/site-packages/airflow/example_dags/example_bash_operator.py
[2024-11-20T15:00:32.588+0000] {logging_mixin.py:190} INFO - [2024-11-20T15:00:32.588+0000] {dag.py:3239} INFO - Sync 1 DAGs
[2024-11-20T15:00:32.603+0000] {logging_mixin.py:190} INFO - [2024-11-20T15:00:32.603+0000] {dag.py:4180} INFO - Setting next_dagrun for example_bash_operator to 2024-11-19 00:00:00+00:00, run_after=2024-11-20 00:00:00+00:00
[2024-11-20T15:00:32.617+0000] {processor.py:208} INFO - Processing /home/airflow/.local/lib/python3.12/site-packages/airflow/example_dags/example_bash_operator.py took 0.062 seconds
[2024-11-20T15:01:03.383+0000] {processor.py:186} INFO - Started process (PID=3441) to work on /home/airflow/.local/lib/python3.12/site-packages/airflow/example_dags/example_bash_operator.py
[2024-11-20T15:01:03.384+0000] {processor.py:914} INFO - Processing file /home/airflow/.local/lib/python3.12/site-packages/airflow/example_dags/example_bash_operator.py for tasks to queue
[2024-11-20T15:01:03.386+0000] {logging_mixin.py:190} INFO - [2024-11-20T15:01:03.386+0000] {dagbag.py:588} INFO - Filling up the DagBag from /home/airflow/.local/lib/python3.12/site-packages/airflow/example_dags/example_bash_operator.py
[2024-11-20T15:01:03.395+0000] {processor.py:925} INFO - DAG(s) 'example_bash_operator' retrieved from /home/airflow/.local/lib/python3.12/site-packages/airflow/example_dags/example_bash_operator.py
[2024-11-20T15:01:03.413+0000] {logging_mixin.py:190} INFO - [2024-11-20T15:01:03.413+0000] {dag.py:3239} INFO - Sync 1 DAGs
[2024-11-20T15:01:03.428+0000] {logging_mixin.py:190} INFO - [2024-11-20T15:01:03.428+0000] {dag.py:4180} INFO - Setting next_dagrun for example_bash_operator to 2024-11-19 00:00:00+00:00, run_after=2024-11-20 00:00:00+00:00
[2024-11-20T15:01:03.441+0000] {processor.py:208} INFO - Processing /home/airflow/.local/lib/python3.12/site-packages/airflow/example_dags/example_bash_operator.py took 0.063 seconds
[2024-11-20T15:01:34.132+0000] {processor.py:186} INFO - Started process (PID=3504) to work on /home/airflow/.local/lib/python3.12/site-packages/airflow/example_dags/example_bash_operator.py
[2024-11-20T15:01:34.133+0000] {processor.py:914} INFO - Processing file /home/airflow/.local/lib/python3.12/site-packages/airflow/example_dags/example_bash_operator.py for tasks to queue
[2024-11-20T15:01:34.135+0000] {logging_mixin.py:190} INFO - [2024-11-20T15:01:34.135+0000] {dagbag.py:588} INFO - Filling up the DagBag from /home/airflow/.local/lib/python3.12/site-packages/airflow/example_dags/example_bash_operator.py
[2024-11-20T15:01:34.144+0000] {processor.py:925} INFO - DAG(s) 'example_bash_operator' retrieved from /home/airflow/.local/lib/python3.12/site-packages/airflow/example_dags/example_bash_operator.py
[2024-11-20T15:01:34.161+0000] {logging_mixin.py:190} INFO - [2024-11-20T15:01:34.161+0000] {dag.py:3239} INFO - Sync 1 DAGs
[2024-11-20T15:01:34.176+0000] {logging_mixin.py:190} INFO - [2024-11-20T15:01:34.176+0000] {dag.py:4180} INFO - Setting next_dagrun for example_bash_operator to 2024-11-19 00:00:00+00:00, run_after=2024-11-20 00:00:00+00:00
[2024-11-20T15:01:34.193+0000] {processor.py:208} INFO - Processing /home/airflow/.local/lib/python3.12/site-packages/airflow/example_dags/example_bash_operator.py took 0.065 seconds
[2024-11-20T15:02:04.611+0000] {processor.py:186} INFO - Started process (PID=3567) to work on /home/airflow/.local/lib/python3.12/site-packages/airflow/example_dags/example_bash_operator.py
[2024-11-20T15:02:04.612+0000] {processor.py:914} INFO - Processing file /home/airflow/.local/lib/python3.12/site-packages/airflow/example_dags/example_bash_operator.py for tasks to queue
[2024-11-20T15:02:04.615+0000] {logging_mixin.py:190} INFO - [2024-11-20T15:02:04.614+0000] {dagbag.py:588} INFO - Filling up the DagBag from /home/airflow/.local/lib/python3.12/site-packages/airflow/example_dags/example_bash_operator.py
[2024-11-20T15:02:04.624+0000] {processor.py:925} INFO - DAG(s) 'example_bash_operator' retrieved from /home/airflow/.local/lib/python3.12/site-packages/airflow/example_dags/example_bash_operator.py
[2024-11-20T15:02:04.642+0000] {logging_mixin.py:190} INFO - [2024-11-20T15:02:04.642+0000] {dag.py:3239} INFO - Sync 1 DAGs
[2024-11-20T15:02:04.658+0000] {logging_mixin.py:190} INFO - [2024-11-20T15:02:04.658+0000] {dag.py:4180} INFO - Setting next_dagrun for example_bash_operator to 2024-11-19 00:00:00+00:00, run_after=2024-11-20 00:00:00+00:00
[2024-11-20T15:02:04.672+0000] {processor.py:208} INFO - Processing /home/airflow/.local/lib/python3.12/site-packages/airflow/example_dags/example_bash_operator.py took 0.068 seconds
[2024-11-20T15:02:35.320+0000] {processor.py:186} INFO - Started process (PID=3630) to work on /home/airflow/.local/lib/python3.12/site-packages/airflow/example_dags/example_bash_operator.py
[2024-11-20T15:02:35.321+0000] {processor.py:914} INFO - Processing file /home/airflow/.local/lib/python3.12/site-packages/airflow/example_dags/example_bash_operator.py for tasks to queue
[2024-11-20T15:02:35.323+0000] {logging_mixin.py:190} INFO - [2024-11-20T15:02:35.323+0000] {dagbag.py:588} INFO - Filling up the DagBag from /home/airflow/.local/lib/python3.12/site-packages/airflow/example_dags/example_bash_operator.py
[2024-11-20T15:02:35.333+0000] {processor.py:925} INFO - DAG(s) 'example_bash_operator' retrieved from /home/airflow/.local/lib/python3.12/site-packages/airflow/example_dags/example_bash_operator.py
[2024-11-20T15:02:35.352+0000] {logging_mixin.py:190} INFO - [2024-11-20T15:02:35.352+0000] {dag.py:3239} INFO - Sync 1 DAGs
[2024-11-20T15:02:35.369+0000] {logging_mixin.py:190} INFO - [2024-11-20T15:02:35.368+0000] {dag.py:4180} INFO - Setting next_dagrun for example_bash_operator to 2024-11-19 00:00:00+00:00, run_after=2024-11-20 00:00:00+00:00
[2024-11-20T15:02:35.381+0000] {processor.py:208} INFO - Processing /home/airflow/.local/lib/python3.12/site-packages/airflow/example_dags/example_bash_operator.py took 0.066 seconds
