[2024-11-20T14:27:51.138+0000] {processor.py:186} INFO - Started process (PID=112) to work on /home/airflow/.local/lib/python3.12/site-packages/airflow/example_dags/example_setup_teardown.py
[2024-11-20T14:27:51.139+0000] {processor.py:914} INFO - Processing file /home/airflow/.local/lib/python3.12/site-packages/airflow/example_dags/example_setup_teardown.py for tasks to queue
[2024-11-20T14:27:51.141+0000] {logging_mixin.py:190} INFO - [2024-11-20T14:27:51.140+0000] {dagbag.py:588} INFO - Filling up the DagBag from /home/airflow/.local/lib/python3.12/site-packages/airflow/example_dags/example_setup_teardown.py
[2024-11-20T14:27:51.147+0000] {processor.py:925} INFO - DAG(s) 'example_setup_teardown' retrieved from /home/airflow/.local/lib/python3.12/site-packages/airflow/example_dags/example_setup_teardown.py
[2024-11-20T14:27:51.220+0000] {logging_mixin.py:190} INFO - [2024-11-20T14:27:51.220+0000] {override.py:1911} INFO - Created Permission View: can read on DAG:example_setup_teardown
[2024-11-20T14:27:51.229+0000] {logging_mixin.py:190} INFO - [2024-11-20T14:27:51.229+0000] {override.py:1911} INFO - Created Permission View: can edit on DAG:example_setup_teardown
[2024-11-20T14:27:51.235+0000] {logging_mixin.py:190} INFO - [2024-11-20T14:27:51.235+0000] {override.py:1911} INFO - Created Permission View: can delete on DAG:example_setup_teardown
[2024-11-20T14:27:51.249+0000] {logging_mixin.py:190} INFO - [2024-11-20T14:27:51.249+0000] {override.py:1911} INFO - Created Permission View: can read on DAG Run:example_setup_teardown
[2024-11-20T14:27:51.256+0000] {logging_mixin.py:190} INFO - [2024-11-20T14:27:51.256+0000] {override.py:1911} INFO - Created Permission View: menu access on DAG Run:example_setup_teardown
[2024-11-20T14:27:51.262+0000] {logging_mixin.py:190} INFO - [2024-11-20T14:27:51.261+0000] {override.py:1911} INFO - Created Permission View: can create on DAG Run:example_setup_teardown
[2024-11-20T14:27:51.268+0000] {logging_mixin.py:190} INFO - [2024-11-20T14:27:51.268+0000] {override.py:1911} INFO - Created Permission View: can delete on DAG Run:example_setup_teardown
[2024-11-20T14:27:51.268+0000] {logging_mixin.py:190} INFO - [2024-11-20T14:27:51.268+0000] {dag.py:3239} INFO - Sync 1 DAGs
[2024-11-20T14:27:51.276+0000] {logging_mixin.py:190} INFO - [2024-11-20T14:27:51.276+0000] {dag.py:3262} INFO - Creating ORM DAG for example_setup_teardown
[2024-11-20T14:27:51.277+0000] {logging_mixin.py:190} INFO - [2024-11-20T14:27:51.277+0000] {dag.py:4180} INFO - Setting next_dagrun for example_setup_teardown to None, run_after=None
[2024-11-20T14:27:51.293+0000] {processor.py:208} INFO - Processing /home/airflow/.local/lib/python3.12/site-packages/airflow/example_dags/example_setup_teardown.py took 0.159 seconds
[2024-11-20T14:28:21.645+0000] {processor.py:186} INFO - Started process (PID=174) to work on /home/airflow/.local/lib/python3.12/site-packages/airflow/example_dags/example_setup_teardown.py
[2024-11-20T14:28:21.646+0000] {processor.py:914} INFO - Processing file /home/airflow/.local/lib/python3.12/site-packages/airflow/example_dags/example_setup_teardown.py for tasks to queue
[2024-11-20T14:28:21.647+0000] {logging_mixin.py:190} INFO - [2024-11-20T14:28:21.647+0000] {dagbag.py:588} INFO - Filling up the DagBag from /home/airflow/.local/lib/python3.12/site-packages/airflow/example_dags/example_setup_teardown.py
[2024-11-20T14:28:21.653+0000] {processor.py:925} INFO - DAG(s) 'example_setup_teardown' retrieved from /home/airflow/.local/lib/python3.12/site-packages/airflow/example_dags/example_setup_teardown.py
[2024-11-20T14:28:21.666+0000] {logging_mixin.py:190} INFO - [2024-11-20T14:28:21.666+0000] {dag.py:3239} INFO - Sync 1 DAGs
[2024-11-20T14:28:21.675+0000] {logging_mixin.py:190} INFO - [2024-11-20T14:28:21.675+0000] {dag.py:4180} INFO - Setting next_dagrun for example_setup_teardown to None, run_after=None
[2024-11-20T14:28:21.690+0000] {processor.py:208} INFO - Processing /home/airflow/.local/lib/python3.12/site-packages/airflow/example_dags/example_setup_teardown.py took 0.049 seconds
[2024-11-20T14:28:51.919+0000] {processor.py:186} INFO - Started process (PID=237) to work on /home/airflow/.local/lib/python3.12/site-packages/airflow/example_dags/example_setup_teardown.py
[2024-11-20T14:28:51.920+0000] {processor.py:914} INFO - Processing file /home/airflow/.local/lib/python3.12/site-packages/airflow/example_dags/example_setup_teardown.py for tasks to queue
[2024-11-20T14:28:51.922+0000] {logging_mixin.py:190} INFO - [2024-11-20T14:28:51.922+0000] {dagbag.py:588} INFO - Filling up the DagBag from /home/airflow/.local/lib/python3.12/site-packages/airflow/example_dags/example_setup_teardown.py
[2024-11-20T14:28:51.928+0000] {processor.py:925} INFO - DAG(s) 'example_setup_teardown' retrieved from /home/airflow/.local/lib/python3.12/site-packages/airflow/example_dags/example_setup_teardown.py
[2024-11-20T14:28:51.943+0000] {logging_mixin.py:190} INFO - [2024-11-20T14:28:51.942+0000] {dag.py:3239} INFO - Sync 1 DAGs
[2024-11-20T14:28:51.952+0000] {logging_mixin.py:190} INFO - [2024-11-20T14:28:51.952+0000] {dag.py:4180} INFO - Setting next_dagrun for example_setup_teardown to None, run_after=None
[2024-11-20T14:28:51.966+0000] {processor.py:208} INFO - Processing /home/airflow/.local/lib/python3.12/site-packages/airflow/example_dags/example_setup_teardown.py took 0.051 seconds
[2024-11-20T14:29:22.205+0000] {processor.py:186} INFO - Started process (PID=299) to work on /home/airflow/.local/lib/python3.12/site-packages/airflow/example_dags/example_setup_teardown.py
[2024-11-20T14:29:22.206+0000] {processor.py:914} INFO - Processing file /home/airflow/.local/lib/python3.12/site-packages/airflow/example_dags/example_setup_teardown.py for tasks to queue
[2024-11-20T14:29:22.207+0000] {logging_mixin.py:190} INFO - [2024-11-20T14:29:22.207+0000] {dagbag.py:588} INFO - Filling up the DagBag from /home/airflow/.local/lib/python3.12/site-packages/airflow/example_dags/example_setup_teardown.py
[2024-11-20T14:29:22.213+0000] {processor.py:925} INFO - DAG(s) 'example_setup_teardown' retrieved from /home/airflow/.local/lib/python3.12/site-packages/airflow/example_dags/example_setup_teardown.py
[2024-11-20T14:29:22.227+0000] {logging_mixin.py:190} INFO - [2024-11-20T14:29:22.227+0000] {dag.py:3239} INFO - Sync 1 DAGs
[2024-11-20T14:29:22.236+0000] {logging_mixin.py:190} INFO - [2024-11-20T14:29:22.236+0000] {dag.py:4180} INFO - Setting next_dagrun for example_setup_teardown to None, run_after=None
[2024-11-20T14:29:22.252+0000] {processor.py:208} INFO - Processing /home/airflow/.local/lib/python3.12/site-packages/airflow/example_dags/example_setup_teardown.py took 0.051 seconds
[2024-11-20T14:29:52.619+0000] {processor.py:186} INFO - Started process (PID=361) to work on /home/airflow/.local/lib/python3.12/site-packages/airflow/example_dags/example_setup_teardown.py
[2024-11-20T14:29:52.621+0000] {processor.py:914} INFO - Processing file /home/airflow/.local/lib/python3.12/site-packages/airflow/example_dags/example_setup_teardown.py for tasks to queue
[2024-11-20T14:29:52.668+0000] {logging_mixin.py:190} INFO - [2024-11-20T14:29:52.668+0000] {dagbag.py:588} INFO - Filling up the DagBag from /home/airflow/.local/lib/python3.12/site-packages/airflow/example_dags/example_setup_teardown.py
[2024-11-20T14:29:52.674+0000] {processor.py:925} INFO - DAG(s) 'example_setup_teardown' retrieved from /home/airflow/.local/lib/python3.12/site-packages/airflow/example_dags/example_setup_teardown.py
[2024-11-20T14:29:52.689+0000] {logging_mixin.py:190} INFO - [2024-11-20T14:29:52.688+0000] {dag.py:3239} INFO - Sync 1 DAGs
[2024-11-20T14:29:52.698+0000] {logging_mixin.py:190} INFO - [2024-11-20T14:29:52.697+0000] {dag.py:4180} INFO - Setting next_dagrun for example_setup_teardown to None, run_after=None
[2024-11-20T14:29:52.712+0000] {processor.py:208} INFO - Processing /home/airflow/.local/lib/python3.12/site-packages/airflow/example_dags/example_setup_teardown.py took 0.097 seconds
[2024-11-20T14:30:23.416+0000] {processor.py:186} INFO - Started process (PID=424) to work on /home/airflow/.local/lib/python3.12/site-packages/airflow/example_dags/example_setup_teardown.py
[2024-11-20T14:30:23.422+0000] {processor.py:914} INFO - Processing file /home/airflow/.local/lib/python3.12/site-packages/airflow/example_dags/example_setup_teardown.py for tasks to queue
[2024-11-20T14:30:23.426+0000] {logging_mixin.py:190} INFO - [2024-11-20T14:30:23.425+0000] {dagbag.py:588} INFO - Filling up the DagBag from /home/airflow/.local/lib/python3.12/site-packages/airflow/example_dags/example_setup_teardown.py
[2024-11-20T14:30:23.433+0000] {processor.py:925} INFO - DAG(s) 'example_setup_teardown' retrieved from /home/airflow/.local/lib/python3.12/site-packages/airflow/example_dags/example_setup_teardown.py
[2024-11-20T14:30:23.450+0000] {logging_mixin.py:190} INFO - [2024-11-20T14:30:23.450+0000] {dag.py:3239} INFO - Sync 1 DAGs
[2024-11-20T14:30:23.461+0000] {logging_mixin.py:190} INFO - [2024-11-20T14:30:23.461+0000] {dag.py:4180} INFO - Setting next_dagrun for example_setup_teardown to None, run_after=None
[2024-11-20T14:30:23.479+0000] {processor.py:208} INFO - Processing /home/airflow/.local/lib/python3.12/site-packages/airflow/example_dags/example_setup_teardown.py took 0.070 seconds
[2024-11-20T14:30:54.537+0000] {processor.py:186} INFO - Started process (PID=489) to work on /home/airflow/.local/lib/python3.12/site-packages/airflow/example_dags/example_setup_teardown.py
[2024-11-20T14:30:54.538+0000] {processor.py:914} INFO - Processing file /home/airflow/.local/lib/python3.12/site-packages/airflow/example_dags/example_setup_teardown.py for tasks to queue
[2024-11-20T14:30:54.540+0000] {logging_mixin.py:190} INFO - [2024-11-20T14:30:54.539+0000] {dagbag.py:588} INFO - Filling up the DagBag from /home/airflow/.local/lib/python3.12/site-packages/airflow/example_dags/example_setup_teardown.py
[2024-11-20T14:30:54.546+0000] {processor.py:925} INFO - DAG(s) 'example_setup_teardown' retrieved from /home/airflow/.local/lib/python3.12/site-packages/airflow/example_dags/example_setup_teardown.py
[2024-11-20T14:30:54.560+0000] {logging_mixin.py:190} INFO - [2024-11-20T14:30:54.560+0000] {dag.py:3239} INFO - Sync 1 DAGs
[2024-11-20T14:30:54.571+0000] {logging_mixin.py:190} INFO - [2024-11-20T14:30:54.571+0000] {dag.py:4180} INFO - Setting next_dagrun for example_setup_teardown to None, run_after=None
[2024-11-20T14:30:54.588+0000] {processor.py:208} INFO - Processing /home/airflow/.local/lib/python3.12/site-packages/airflow/example_dags/example_setup_teardown.py took 0.056 seconds
[2024-11-20T14:31:24.867+0000] {processor.py:186} INFO - Started process (PID=552) to work on /home/airflow/.local/lib/python3.12/site-packages/airflow/example_dags/example_setup_teardown.py
[2024-11-20T14:31:24.868+0000] {processor.py:914} INFO - Processing file /home/airflow/.local/lib/python3.12/site-packages/airflow/example_dags/example_setup_teardown.py for tasks to queue
[2024-11-20T14:31:24.870+0000] {logging_mixin.py:190} INFO - [2024-11-20T14:31:24.870+0000] {dagbag.py:588} INFO - Filling up the DagBag from /home/airflow/.local/lib/python3.12/site-packages/airflow/example_dags/example_setup_teardown.py
[2024-11-20T14:31:24.876+0000] {processor.py:925} INFO - DAG(s) 'example_setup_teardown' retrieved from /home/airflow/.local/lib/python3.12/site-packages/airflow/example_dags/example_setup_teardown.py
[2024-11-20T14:31:24.890+0000] {logging_mixin.py:190} INFO - [2024-11-20T14:31:24.890+0000] {dag.py:3239} INFO - Sync 1 DAGs
[2024-11-20T14:31:24.900+0000] {logging_mixin.py:190} INFO - [2024-11-20T14:31:24.900+0000] {dag.py:4180} INFO - Setting next_dagrun for example_setup_teardown to None, run_after=None
[2024-11-20T14:31:24.917+0000] {processor.py:208} INFO - Processing /home/airflow/.local/lib/python3.12/site-packages/airflow/example_dags/example_setup_teardown.py took 0.054 seconds
[2024-11-20T14:31:55.309+0000] {processor.py:186} INFO - Started process (PID=614) to work on /home/airflow/.local/lib/python3.12/site-packages/airflow/example_dags/example_setup_teardown.py
[2024-11-20T14:31:55.309+0000] {processor.py:914} INFO - Processing file /home/airflow/.local/lib/python3.12/site-packages/airflow/example_dags/example_setup_teardown.py for tasks to queue
[2024-11-20T14:31:55.311+0000] {logging_mixin.py:190} INFO - [2024-11-20T14:31:55.311+0000] {dagbag.py:588} INFO - Filling up the DagBag from /home/airflow/.local/lib/python3.12/site-packages/airflow/example_dags/example_setup_teardown.py
[2024-11-20T14:31:55.317+0000] {processor.py:925} INFO - DAG(s) 'example_setup_teardown' retrieved from /home/airflow/.local/lib/python3.12/site-packages/airflow/example_dags/example_setup_teardown.py
[2024-11-20T14:31:55.334+0000] {logging_mixin.py:190} INFO - [2024-11-20T14:31:55.334+0000] {dag.py:3239} INFO - Sync 1 DAGs
[2024-11-20T14:31:55.344+0000] {logging_mixin.py:190} INFO - [2024-11-20T14:31:55.344+0000] {dag.py:4180} INFO - Setting next_dagrun for example_setup_teardown to None, run_after=None
[2024-11-20T14:31:55.358+0000] {processor.py:208} INFO - Processing /home/airflow/.local/lib/python3.12/site-packages/airflow/example_dags/example_setup_teardown.py took 0.053 seconds
[2024-11-20T14:32:27.080+0000] {processor.py:186} INFO - Started process (PID=678) to work on /home/airflow/.local/lib/python3.12/site-packages/airflow/example_dags/example_setup_teardown.py
[2024-11-20T14:32:27.081+0000] {processor.py:914} INFO - Processing file /home/airflow/.local/lib/python3.12/site-packages/airflow/example_dags/example_setup_teardown.py for tasks to queue
[2024-11-20T14:32:27.083+0000] {logging_mixin.py:190} INFO - [2024-11-20T14:32:27.083+0000] {dagbag.py:588} INFO - Filling up the DagBag from /home/airflow/.local/lib/python3.12/site-packages/airflow/example_dags/example_setup_teardown.py
[2024-11-20T14:32:27.089+0000] {processor.py:925} INFO - DAG(s) 'example_setup_teardown' retrieved from /home/airflow/.local/lib/python3.12/site-packages/airflow/example_dags/example_setup_teardown.py
[2024-11-20T14:32:27.102+0000] {logging_mixin.py:190} INFO - [2024-11-20T14:32:27.102+0000] {dag.py:3239} INFO - Sync 1 DAGs
[2024-11-20T14:32:27.111+0000] {logging_mixin.py:190} INFO - [2024-11-20T14:32:27.111+0000] {dag.py:4180} INFO - Setting next_dagrun for example_setup_teardown to None, run_after=None
[2024-11-20T14:32:27.125+0000] {processor.py:208} INFO - Processing /home/airflow/.local/lib/python3.12/site-packages/airflow/example_dags/example_setup_teardown.py took 0.049 seconds
[2024-11-20T14:32:57.766+0000] {processor.py:186} INFO - Started process (PID=740) to work on /home/airflow/.local/lib/python3.12/site-packages/airflow/example_dags/example_setup_teardown.py
[2024-11-20T14:32:57.767+0000] {processor.py:914} INFO - Processing file /home/airflow/.local/lib/python3.12/site-packages/airflow/example_dags/example_setup_teardown.py for tasks to queue
[2024-11-20T14:32:57.769+0000] {logging_mixin.py:190} INFO - [2024-11-20T14:32:57.769+0000] {dagbag.py:588} INFO - Filling up the DagBag from /home/airflow/.local/lib/python3.12/site-packages/airflow/example_dags/example_setup_teardown.py
[2024-11-20T14:32:57.774+0000] {processor.py:925} INFO - DAG(s) 'example_setup_teardown' retrieved from /home/airflow/.local/lib/python3.12/site-packages/airflow/example_dags/example_setup_teardown.py
[2024-11-20T14:32:57.789+0000] {logging_mixin.py:190} INFO - [2024-11-20T14:32:57.789+0000] {dag.py:3239} INFO - Sync 1 DAGs
[2024-11-20T14:32:57.797+0000] {logging_mixin.py:190} INFO - [2024-11-20T14:32:57.797+0000] {dag.py:4180} INFO - Setting next_dagrun for example_setup_teardown to None, run_after=None
[2024-11-20T14:32:57.812+0000] {processor.py:208} INFO - Processing /home/airflow/.local/lib/python3.12/site-packages/airflow/example_dags/example_setup_teardown.py took 0.050 seconds
[2024-11-20T14:33:28.365+0000] {processor.py:186} INFO - Started process (PID=803) to work on /home/airflow/.local/lib/python3.12/site-packages/airflow/example_dags/example_setup_teardown.py
[2024-11-20T14:33:28.365+0000] {processor.py:914} INFO - Processing file /home/airflow/.local/lib/python3.12/site-packages/airflow/example_dags/example_setup_teardown.py for tasks to queue
[2024-11-20T14:33:28.367+0000] {logging_mixin.py:190} INFO - [2024-11-20T14:33:28.367+0000] {dagbag.py:588} INFO - Filling up the DagBag from /home/airflow/.local/lib/python3.12/site-packages/airflow/example_dags/example_setup_teardown.py
[2024-11-20T14:33:28.372+0000] {processor.py:925} INFO - DAG(s) 'example_setup_teardown' retrieved from /home/airflow/.local/lib/python3.12/site-packages/airflow/example_dags/example_setup_teardown.py
[2024-11-20T14:33:28.386+0000] {logging_mixin.py:190} INFO - [2024-11-20T14:33:28.386+0000] {dag.py:3239} INFO - Sync 1 DAGs
[2024-11-20T14:33:28.397+0000] {logging_mixin.py:190} INFO - [2024-11-20T14:33:28.397+0000] {dag.py:4180} INFO - Setting next_dagrun for example_setup_teardown to None, run_after=None
[2024-11-20T14:33:28.413+0000] {processor.py:208} INFO - Processing /home/airflow/.local/lib/python3.12/site-packages/airflow/example_dags/example_setup_teardown.py took 0.052 seconds
[2024-11-20T14:33:59.076+0000] {processor.py:186} INFO - Started process (PID=866) to work on /home/airflow/.local/lib/python3.12/site-packages/airflow/example_dags/example_setup_teardown.py
[2024-11-20T14:33:59.078+0000] {processor.py:914} INFO - Processing file /home/airflow/.local/lib/python3.12/site-packages/airflow/example_dags/example_setup_teardown.py for tasks to queue
[2024-11-20T14:33:59.079+0000] {logging_mixin.py:190} INFO - [2024-11-20T14:33:59.079+0000] {dagbag.py:588} INFO - Filling up the DagBag from /home/airflow/.local/lib/python3.12/site-packages/airflow/example_dags/example_setup_teardown.py
[2024-11-20T14:33:59.085+0000] {processor.py:925} INFO - DAG(s) 'example_setup_teardown' retrieved from /home/airflow/.local/lib/python3.12/site-packages/airflow/example_dags/example_setup_teardown.py
[2024-11-20T14:33:59.098+0000] {logging_mixin.py:190} INFO - [2024-11-20T14:33:59.098+0000] {dag.py:3239} INFO - Sync 1 DAGs
[2024-11-20T14:33:59.107+0000] {logging_mixin.py:190} INFO - [2024-11-20T14:33:59.107+0000] {dag.py:4180} INFO - Setting next_dagrun for example_setup_teardown to None, run_after=None
[2024-11-20T14:33:59.122+0000] {processor.py:208} INFO - Processing /home/airflow/.local/lib/python3.12/site-packages/airflow/example_dags/example_setup_teardown.py took 0.050 seconds
[2024-11-20T14:34:29.694+0000] {processor.py:186} INFO - Started process (PID=929) to work on /home/airflow/.local/lib/python3.12/site-packages/airflow/example_dags/example_setup_teardown.py
[2024-11-20T14:34:29.695+0000] {processor.py:914} INFO - Processing file /home/airflow/.local/lib/python3.12/site-packages/airflow/example_dags/example_setup_teardown.py for tasks to queue
[2024-11-20T14:34:29.697+0000] {logging_mixin.py:190} INFO - [2024-11-20T14:34:29.697+0000] {dagbag.py:588} INFO - Filling up the DagBag from /home/airflow/.local/lib/python3.12/site-packages/airflow/example_dags/example_setup_teardown.py
[2024-11-20T14:34:29.703+0000] {processor.py:925} INFO - DAG(s) 'example_setup_teardown' retrieved from /home/airflow/.local/lib/python3.12/site-packages/airflow/example_dags/example_setup_teardown.py
[2024-11-20T14:34:29.717+0000] {logging_mixin.py:190} INFO - [2024-11-20T14:34:29.717+0000] {dag.py:3239} INFO - Sync 1 DAGs
[2024-11-20T14:34:29.726+0000] {logging_mixin.py:190} INFO - [2024-11-20T14:34:29.726+0000] {dag.py:4180} INFO - Setting next_dagrun for example_setup_teardown to None, run_after=None
[2024-11-20T14:34:29.740+0000] {processor.py:208} INFO - Processing /home/airflow/.local/lib/python3.12/site-packages/airflow/example_dags/example_setup_teardown.py took 0.050 seconds
[2024-11-20T14:35:00.474+0000] {processor.py:186} INFO - Started process (PID=992) to work on /home/airflow/.local/lib/python3.12/site-packages/airflow/example_dags/example_setup_teardown.py
[2024-11-20T14:35:00.476+0000] {processor.py:914} INFO - Processing file /home/airflow/.local/lib/python3.12/site-packages/airflow/example_dags/example_setup_teardown.py for tasks to queue
[2024-11-20T14:35:00.478+0000] {logging_mixin.py:190} INFO - [2024-11-20T14:35:00.477+0000] {dagbag.py:588} INFO - Filling up the DagBag from /home/airflow/.local/lib/python3.12/site-packages/airflow/example_dags/example_setup_teardown.py
[2024-11-20T14:35:00.484+0000] {processor.py:925} INFO - DAG(s) 'example_setup_teardown' retrieved from /home/airflow/.local/lib/python3.12/site-packages/airflow/example_dags/example_setup_teardown.py
[2024-11-20T14:35:00.499+0000] {logging_mixin.py:190} INFO - [2024-11-20T14:35:00.499+0000] {dag.py:3239} INFO - Sync 1 DAGs
[2024-11-20T14:35:00.509+0000] {logging_mixin.py:190} INFO - [2024-11-20T14:35:00.509+0000] {dag.py:4180} INFO - Setting next_dagrun for example_setup_teardown to None, run_after=None
[2024-11-20T14:35:00.524+0000] {processor.py:208} INFO - Processing /home/airflow/.local/lib/python3.12/site-packages/airflow/example_dags/example_setup_teardown.py took 0.054 seconds
[2024-11-20T14:35:30.886+0000] {processor.py:186} INFO - Started process (PID=1054) to work on /home/airflow/.local/lib/python3.12/site-packages/airflow/example_dags/example_setup_teardown.py
[2024-11-20T14:35:30.891+0000] {processor.py:914} INFO - Processing file /home/airflow/.local/lib/python3.12/site-packages/airflow/example_dags/example_setup_teardown.py for tasks to queue
[2024-11-20T14:35:30.900+0000] {logging_mixin.py:190} INFO - [2024-11-20T14:35:30.899+0000] {dagbag.py:588} INFO - Filling up the DagBag from /home/airflow/.local/lib/python3.12/site-packages/airflow/example_dags/example_setup_teardown.py
[2024-11-20T14:35:30.905+0000] {processor.py:925} INFO - DAG(s) 'example_setup_teardown' retrieved from /home/airflow/.local/lib/python3.12/site-packages/airflow/example_dags/example_setup_teardown.py
[2024-11-20T14:35:30.923+0000] {logging_mixin.py:190} INFO - [2024-11-20T14:35:30.923+0000] {dag.py:3239} INFO - Sync 1 DAGs
[2024-11-20T14:35:30.933+0000] {logging_mixin.py:190} INFO - [2024-11-20T14:35:30.933+0000] {dag.py:4180} INFO - Setting next_dagrun for example_setup_teardown to None, run_after=None
[2024-11-20T14:35:30.948+0000] {processor.py:208} INFO - Processing /home/airflow/.local/lib/python3.12/site-packages/airflow/example_dags/example_setup_teardown.py took 0.066 seconds
[2024-11-20T14:36:02.147+0000] {processor.py:186} INFO - Started process (PID=1118) to work on /home/airflow/.local/lib/python3.12/site-packages/airflow/example_dags/example_setup_teardown.py
[2024-11-20T14:36:02.148+0000] {processor.py:914} INFO - Processing file /home/airflow/.local/lib/python3.12/site-packages/airflow/example_dags/example_setup_teardown.py for tasks to queue
[2024-11-20T14:36:02.149+0000] {logging_mixin.py:190} INFO - [2024-11-20T14:36:02.149+0000] {dagbag.py:588} INFO - Filling up the DagBag from /home/airflow/.local/lib/python3.12/site-packages/airflow/example_dags/example_setup_teardown.py
[2024-11-20T14:36:02.155+0000] {processor.py:925} INFO - DAG(s) 'example_setup_teardown' retrieved from /home/airflow/.local/lib/python3.12/site-packages/airflow/example_dags/example_setup_teardown.py
[2024-11-20T14:36:02.169+0000] {logging_mixin.py:190} INFO - [2024-11-20T14:36:02.169+0000] {dag.py:3239} INFO - Sync 1 DAGs
[2024-11-20T14:36:02.178+0000] {logging_mixin.py:190} INFO - [2024-11-20T14:36:02.178+0000] {dag.py:4180} INFO - Setting next_dagrun for example_setup_teardown to None, run_after=None
[2024-11-20T14:36:02.192+0000] {processor.py:208} INFO - Processing /home/airflow/.local/lib/python3.12/site-packages/airflow/example_dags/example_setup_teardown.py took 0.050 seconds
[2024-11-20T14:36:32.441+0000] {processor.py:186} INFO - Started process (PID=1181) to work on /home/airflow/.local/lib/python3.12/site-packages/airflow/example_dags/example_setup_teardown.py
[2024-11-20T14:36:32.442+0000] {processor.py:914} INFO - Processing file /home/airflow/.local/lib/python3.12/site-packages/airflow/example_dags/example_setup_teardown.py for tasks to queue
[2024-11-20T14:36:32.443+0000] {logging_mixin.py:190} INFO - [2024-11-20T14:36:32.443+0000] {dagbag.py:588} INFO - Filling up the DagBag from /home/airflow/.local/lib/python3.12/site-packages/airflow/example_dags/example_setup_teardown.py
[2024-11-20T14:36:32.449+0000] {processor.py:925} INFO - DAG(s) 'example_setup_teardown' retrieved from /home/airflow/.local/lib/python3.12/site-packages/airflow/example_dags/example_setup_teardown.py
[2024-11-20T14:36:32.463+0000] {logging_mixin.py:190} INFO - [2024-11-20T14:36:32.462+0000] {dag.py:3239} INFO - Sync 1 DAGs
[2024-11-20T14:36:32.471+0000] {logging_mixin.py:190} INFO - [2024-11-20T14:36:32.471+0000] {dag.py:4180} INFO - Setting next_dagrun for example_setup_teardown to None, run_after=None
[2024-11-20T14:36:32.485+0000] {processor.py:208} INFO - Processing /home/airflow/.local/lib/python3.12/site-packages/airflow/example_dags/example_setup_teardown.py took 0.048 seconds
[2024-11-20T14:37:02.852+0000] {processor.py:186} INFO - Started process (PID=1244) to work on /home/airflow/.local/lib/python3.12/site-packages/airflow/example_dags/example_setup_teardown.py
[2024-11-20T14:37:02.853+0000] {processor.py:914} INFO - Processing file /home/airflow/.local/lib/python3.12/site-packages/airflow/example_dags/example_setup_teardown.py for tasks to queue
[2024-11-20T14:37:02.855+0000] {logging_mixin.py:190} INFO - [2024-11-20T14:37:02.855+0000] {dagbag.py:588} INFO - Filling up the DagBag from /home/airflow/.local/lib/python3.12/site-packages/airflow/example_dags/example_setup_teardown.py
[2024-11-20T14:37:02.861+0000] {processor.py:925} INFO - DAG(s) 'example_setup_teardown' retrieved from /home/airflow/.local/lib/python3.12/site-packages/airflow/example_dags/example_setup_teardown.py
[2024-11-20T14:37:02.874+0000] {logging_mixin.py:190} INFO - [2024-11-20T14:37:02.874+0000] {dag.py:3239} INFO - Sync 1 DAGs
[2024-11-20T14:37:02.884+0000] {logging_mixin.py:190} INFO - [2024-11-20T14:37:02.884+0000] {dag.py:4180} INFO - Setting next_dagrun for example_setup_teardown to None, run_after=None
[2024-11-20T14:37:02.898+0000] {processor.py:208} INFO - Processing /home/airflow/.local/lib/python3.12/site-packages/airflow/example_dags/example_setup_teardown.py took 0.050 seconds
[2024-11-20T14:37:33.554+0000] {processor.py:186} INFO - Started process (PID=1307) to work on /home/airflow/.local/lib/python3.12/site-packages/airflow/example_dags/example_setup_teardown.py
[2024-11-20T14:37:33.555+0000] {processor.py:914} INFO - Processing file /home/airflow/.local/lib/python3.12/site-packages/airflow/example_dags/example_setup_teardown.py for tasks to queue
[2024-11-20T14:37:33.557+0000] {logging_mixin.py:190} INFO - [2024-11-20T14:37:33.557+0000] {dagbag.py:588} INFO - Filling up the DagBag from /home/airflow/.local/lib/python3.12/site-packages/airflow/example_dags/example_setup_teardown.py
[2024-11-20T14:37:33.563+0000] {processor.py:925} INFO - DAG(s) 'example_setup_teardown' retrieved from /home/airflow/.local/lib/python3.12/site-packages/airflow/example_dags/example_setup_teardown.py
[2024-11-20T14:37:33.576+0000] {logging_mixin.py:190} INFO - [2024-11-20T14:37:33.576+0000] {dag.py:3239} INFO - Sync 1 DAGs
[2024-11-20T14:37:33.586+0000] {logging_mixin.py:190} INFO - [2024-11-20T14:37:33.586+0000] {dag.py:4180} INFO - Setting next_dagrun for example_setup_teardown to None, run_after=None
[2024-11-20T14:37:33.605+0000] {processor.py:208} INFO - Processing /home/airflow/.local/lib/python3.12/site-packages/airflow/example_dags/example_setup_teardown.py took 0.055 seconds
[2024-11-20T14:38:04.229+0000] {processor.py:186} INFO - Started process (PID=1369) to work on /home/airflow/.local/lib/python3.12/site-packages/airflow/example_dags/example_setup_teardown.py
[2024-11-20T14:38:04.230+0000] {processor.py:914} INFO - Processing file /home/airflow/.local/lib/python3.12/site-packages/airflow/example_dags/example_setup_teardown.py for tasks to queue
[2024-11-20T14:38:04.232+0000] {logging_mixin.py:190} INFO - [2024-11-20T14:38:04.232+0000] {dagbag.py:588} INFO - Filling up the DagBag from /home/airflow/.local/lib/python3.12/site-packages/airflow/example_dags/example_setup_teardown.py
[2024-11-20T14:38:04.238+0000] {processor.py:925} INFO - DAG(s) 'example_setup_teardown' retrieved from /home/airflow/.local/lib/python3.12/site-packages/airflow/example_dags/example_setup_teardown.py
[2024-11-20T14:38:04.251+0000] {logging_mixin.py:190} INFO - [2024-11-20T14:38:04.251+0000] {dag.py:3239} INFO - Sync 1 DAGs
[2024-11-20T14:38:04.259+0000] {logging_mixin.py:190} INFO - [2024-11-20T14:38:04.259+0000] {dag.py:4180} INFO - Setting next_dagrun for example_setup_teardown to None, run_after=None
[2024-11-20T14:38:04.276+0000] {processor.py:208} INFO - Processing /home/airflow/.local/lib/python3.12/site-packages/airflow/example_dags/example_setup_teardown.py took 0.051 seconds
[2024-11-20T14:38:34.447+0000] {processor.py:186} INFO - Started process (PID=1431) to work on /home/airflow/.local/lib/python3.12/site-packages/airflow/example_dags/example_setup_teardown.py
[2024-11-20T14:38:34.448+0000] {processor.py:914} INFO - Processing file /home/airflow/.local/lib/python3.12/site-packages/airflow/example_dags/example_setup_teardown.py for tasks to queue
[2024-11-20T14:38:34.449+0000] {logging_mixin.py:190} INFO - [2024-11-20T14:38:34.449+0000] {dagbag.py:588} INFO - Filling up the DagBag from /home/airflow/.local/lib/python3.12/site-packages/airflow/example_dags/example_setup_teardown.py
[2024-11-20T14:38:34.455+0000] {processor.py:925} INFO - DAG(s) 'example_setup_teardown' retrieved from /home/airflow/.local/lib/python3.12/site-packages/airflow/example_dags/example_setup_teardown.py
[2024-11-20T14:38:34.467+0000] {logging_mixin.py:190} INFO - [2024-11-20T14:38:34.467+0000] {dag.py:3239} INFO - Sync 1 DAGs
[2024-11-20T14:38:34.476+0000] {logging_mixin.py:190} INFO - [2024-11-20T14:38:34.476+0000] {dag.py:4180} INFO - Setting next_dagrun for example_setup_teardown to None, run_after=None
[2024-11-20T14:38:34.490+0000] {processor.py:208} INFO - Processing /home/airflow/.local/lib/python3.12/site-packages/airflow/example_dags/example_setup_teardown.py took 0.047 seconds
[2024-11-20T14:39:04.718+0000] {processor.py:186} INFO - Started process (PID=1494) to work on /home/airflow/.local/lib/python3.12/site-packages/airflow/example_dags/example_setup_teardown.py
[2024-11-20T14:39:04.719+0000] {processor.py:914} INFO - Processing file /home/airflow/.local/lib/python3.12/site-packages/airflow/example_dags/example_setup_teardown.py for tasks to queue
[2024-11-20T14:39:04.721+0000] {logging_mixin.py:190} INFO - [2024-11-20T14:39:04.721+0000] {dagbag.py:588} INFO - Filling up the DagBag from /home/airflow/.local/lib/python3.12/site-packages/airflow/example_dags/example_setup_teardown.py
[2024-11-20T14:39:04.727+0000] {processor.py:925} INFO - DAG(s) 'example_setup_teardown' retrieved from /home/airflow/.local/lib/python3.12/site-packages/airflow/example_dags/example_setup_teardown.py
[2024-11-20T14:39:04.739+0000] {logging_mixin.py:190} INFO - [2024-11-20T14:39:04.739+0000] {dag.py:3239} INFO - Sync 1 DAGs
[2024-11-20T14:39:04.748+0000] {logging_mixin.py:190} INFO - [2024-11-20T14:39:04.748+0000] {dag.py:4180} INFO - Setting next_dagrun for example_setup_teardown to None, run_after=None
[2024-11-20T14:39:04.764+0000] {processor.py:208} INFO - Processing /home/airflow/.local/lib/python3.12/site-packages/airflow/example_dags/example_setup_teardown.py took 0.050 seconds
[2024-11-20T14:39:35.017+0000] {processor.py:186} INFO - Started process (PID=1557) to work on /home/airflow/.local/lib/python3.12/site-packages/airflow/example_dags/example_setup_teardown.py
[2024-11-20T14:39:35.018+0000] {processor.py:914} INFO - Processing file /home/airflow/.local/lib/python3.12/site-packages/airflow/example_dags/example_setup_teardown.py for tasks to queue
[2024-11-20T14:39:35.020+0000] {logging_mixin.py:190} INFO - [2024-11-20T14:39:35.020+0000] {dagbag.py:588} INFO - Filling up the DagBag from /home/airflow/.local/lib/python3.12/site-packages/airflow/example_dags/example_setup_teardown.py
[2024-11-20T14:39:35.026+0000] {processor.py:925} INFO - DAG(s) 'example_setup_teardown' retrieved from /home/airflow/.local/lib/python3.12/site-packages/airflow/example_dags/example_setup_teardown.py
[2024-11-20T14:39:35.040+0000] {logging_mixin.py:190} INFO - [2024-11-20T14:39:35.040+0000] {dag.py:3239} INFO - Sync 1 DAGs
[2024-11-20T14:39:35.049+0000] {logging_mixin.py:190} INFO - [2024-11-20T14:39:35.049+0000] {dag.py:4180} INFO - Setting next_dagrun for example_setup_teardown to None, run_after=None
[2024-11-20T14:39:35.071+0000] {processor.py:208} INFO - Processing /home/airflow/.local/lib/python3.12/site-packages/airflow/example_dags/example_setup_teardown.py took 0.058 seconds
[2024-11-20T14:40:05.452+0000] {processor.py:186} INFO - Started process (PID=1620) to work on /home/airflow/.local/lib/python3.12/site-packages/airflow/example_dags/example_setup_teardown.py
[2024-11-20T14:40:05.453+0000] {processor.py:914} INFO - Processing file /home/airflow/.local/lib/python3.12/site-packages/airflow/example_dags/example_setup_teardown.py for tasks to queue
[2024-11-20T14:40:05.455+0000] {logging_mixin.py:190} INFO - [2024-11-20T14:40:05.455+0000] {dagbag.py:588} INFO - Filling up the DagBag from /home/airflow/.local/lib/python3.12/site-packages/airflow/example_dags/example_setup_teardown.py
[2024-11-20T14:40:05.461+0000] {processor.py:925} INFO - DAG(s) 'example_setup_teardown' retrieved from /home/airflow/.local/lib/python3.12/site-packages/airflow/example_dags/example_setup_teardown.py
[2024-11-20T14:40:05.474+0000] {logging_mixin.py:190} INFO - [2024-11-20T14:40:05.474+0000] {dag.py:3239} INFO - Sync 1 DAGs
[2024-11-20T14:40:05.483+0000] {logging_mixin.py:190} INFO - [2024-11-20T14:40:05.483+0000] {dag.py:4180} INFO - Setting next_dagrun for example_setup_teardown to None, run_after=None
[2024-11-20T14:40:05.499+0000] {processor.py:208} INFO - Processing /home/airflow/.local/lib/python3.12/site-packages/airflow/example_dags/example_setup_teardown.py took 0.051 seconds
[2024-11-20T14:40:36.430+0000] {processor.py:186} INFO - Started process (PID=1683) to work on /home/airflow/.local/lib/python3.12/site-packages/airflow/example_dags/example_setup_teardown.py
[2024-11-20T14:40:36.431+0000] {processor.py:914} INFO - Processing file /home/airflow/.local/lib/python3.12/site-packages/airflow/example_dags/example_setup_teardown.py for tasks to queue
[2024-11-20T14:40:36.433+0000] {logging_mixin.py:190} INFO - [2024-11-20T14:40:36.433+0000] {dagbag.py:588} INFO - Filling up the DagBag from /home/airflow/.local/lib/python3.12/site-packages/airflow/example_dags/example_setup_teardown.py
[2024-11-20T14:40:36.439+0000] {processor.py:925} INFO - DAG(s) 'example_setup_teardown' retrieved from /home/airflow/.local/lib/python3.12/site-packages/airflow/example_dags/example_setup_teardown.py
[2024-11-20T14:40:36.451+0000] {logging_mixin.py:190} INFO - [2024-11-20T14:40:36.451+0000] {dag.py:3239} INFO - Sync 1 DAGs
[2024-11-20T14:40:36.461+0000] {logging_mixin.py:190} INFO - [2024-11-20T14:40:36.461+0000] {dag.py:4180} INFO - Setting next_dagrun for example_setup_teardown to None, run_after=None
[2024-11-20T14:40:36.476+0000] {processor.py:208} INFO - Processing /home/airflow/.local/lib/python3.12/site-packages/airflow/example_dags/example_setup_teardown.py took 0.050 seconds
[2024-11-20T14:41:07.225+0000] {processor.py:186} INFO - Started process (PID=1746) to work on /home/airflow/.local/lib/python3.12/site-packages/airflow/example_dags/example_setup_teardown.py
[2024-11-20T14:41:07.226+0000] {processor.py:914} INFO - Processing file /home/airflow/.local/lib/python3.12/site-packages/airflow/example_dags/example_setup_teardown.py for tasks to queue
[2024-11-20T14:41:07.227+0000] {logging_mixin.py:190} INFO - [2024-11-20T14:41:07.227+0000] {dagbag.py:588} INFO - Filling up the DagBag from /home/airflow/.local/lib/python3.12/site-packages/airflow/example_dags/example_setup_teardown.py
[2024-11-20T14:41:07.233+0000] {processor.py:925} INFO - DAG(s) 'example_setup_teardown' retrieved from /home/airflow/.local/lib/python3.12/site-packages/airflow/example_dags/example_setup_teardown.py
[2024-11-20T14:41:07.247+0000] {logging_mixin.py:190} INFO - [2024-11-20T14:41:07.247+0000] {dag.py:3239} INFO - Sync 1 DAGs
[2024-11-20T14:41:07.256+0000] {logging_mixin.py:190} INFO - [2024-11-20T14:41:07.256+0000] {dag.py:4180} INFO - Setting next_dagrun for example_setup_teardown to None, run_after=None
[2024-11-20T14:41:07.272+0000] {processor.py:208} INFO - Processing /home/airflow/.local/lib/python3.12/site-packages/airflow/example_dags/example_setup_teardown.py took 0.051 seconds
[2024-11-20T14:41:37.976+0000] {processor.py:186} INFO - Started process (PID=1809) to work on /home/airflow/.local/lib/python3.12/site-packages/airflow/example_dags/example_setup_teardown.py
[2024-11-20T14:41:37.977+0000] {processor.py:914} INFO - Processing file /home/airflow/.local/lib/python3.12/site-packages/airflow/example_dags/example_setup_teardown.py for tasks to queue
[2024-11-20T14:41:37.979+0000] {logging_mixin.py:190} INFO - [2024-11-20T14:41:37.979+0000] {dagbag.py:588} INFO - Filling up the DagBag from /home/airflow/.local/lib/python3.12/site-packages/airflow/example_dags/example_setup_teardown.py
[2024-11-20T14:41:37.985+0000] {processor.py:925} INFO - DAG(s) 'example_setup_teardown' retrieved from /home/airflow/.local/lib/python3.12/site-packages/airflow/example_dags/example_setup_teardown.py
[2024-11-20T14:41:37.998+0000] {logging_mixin.py:190} INFO - [2024-11-20T14:41:37.998+0000] {dag.py:3239} INFO - Sync 1 DAGs
[2024-11-20T14:41:38.007+0000] {logging_mixin.py:190} INFO - [2024-11-20T14:41:38.007+0000] {dag.py:4180} INFO - Setting next_dagrun for example_setup_teardown to None, run_after=None
[2024-11-20T14:41:38.020+0000] {processor.py:208} INFO - Processing /home/airflow/.local/lib/python3.12/site-packages/airflow/example_dags/example_setup_teardown.py took 0.048 seconds
[2024-11-20T14:42:08.702+0000] {processor.py:186} INFO - Started process (PID=1872) to work on /home/airflow/.local/lib/python3.12/site-packages/airflow/example_dags/example_setup_teardown.py
[2024-11-20T14:42:08.703+0000] {processor.py:914} INFO - Processing file /home/airflow/.local/lib/python3.12/site-packages/airflow/example_dags/example_setup_teardown.py for tasks to queue
[2024-11-20T14:42:08.705+0000] {logging_mixin.py:190} INFO - [2024-11-20T14:42:08.704+0000] {dagbag.py:588} INFO - Filling up the DagBag from /home/airflow/.local/lib/python3.12/site-packages/airflow/example_dags/example_setup_teardown.py
[2024-11-20T14:42:08.711+0000] {processor.py:925} INFO - DAG(s) 'example_setup_teardown' retrieved from /home/airflow/.local/lib/python3.12/site-packages/airflow/example_dags/example_setup_teardown.py
[2024-11-20T14:42:08.725+0000] {logging_mixin.py:190} INFO - [2024-11-20T14:42:08.724+0000] {dag.py:3239} INFO - Sync 1 DAGs
[2024-11-20T14:42:08.735+0000] {logging_mixin.py:190} INFO - [2024-11-20T14:42:08.735+0000] {dag.py:4180} INFO - Setting next_dagrun for example_setup_teardown to None, run_after=None
[2024-11-20T14:42:08.752+0000] {processor.py:208} INFO - Processing /home/airflow/.local/lib/python3.12/site-packages/airflow/example_dags/example_setup_teardown.py took 0.054 seconds
[2024-11-20T14:42:40.209+0000] {processor.py:186} INFO - Started process (PID=1935) to work on /home/airflow/.local/lib/python3.12/site-packages/airflow/example_dags/example_setup_teardown.py
[2024-11-20T14:42:40.210+0000] {processor.py:914} INFO - Processing file /home/airflow/.local/lib/python3.12/site-packages/airflow/example_dags/example_setup_teardown.py for tasks to queue
[2024-11-20T14:42:40.212+0000] {logging_mixin.py:190} INFO - [2024-11-20T14:42:40.212+0000] {dagbag.py:588} INFO - Filling up the DagBag from /home/airflow/.local/lib/python3.12/site-packages/airflow/example_dags/example_setup_teardown.py
[2024-11-20T14:42:40.218+0000] {processor.py:925} INFO - DAG(s) 'example_setup_teardown' retrieved from /home/airflow/.local/lib/python3.12/site-packages/airflow/example_dags/example_setup_teardown.py
[2024-11-20T14:42:40.232+0000] {logging_mixin.py:190} INFO - [2024-11-20T14:42:40.231+0000] {dag.py:3239} INFO - Sync 1 DAGs
[2024-11-20T14:42:40.241+0000] {logging_mixin.py:190} INFO - [2024-11-20T14:42:40.241+0000] {dag.py:4180} INFO - Setting next_dagrun for example_setup_teardown to None, run_after=None
[2024-11-20T14:42:40.254+0000] {processor.py:208} INFO - Processing /home/airflow/.local/lib/python3.12/site-packages/airflow/example_dags/example_setup_teardown.py took 0.050 seconds
[2024-11-20T14:43:10.441+0000] {processor.py:186} INFO - Started process (PID=1998) to work on /home/airflow/.local/lib/python3.12/site-packages/airflow/example_dags/example_setup_teardown.py
[2024-11-20T14:43:10.442+0000] {processor.py:914} INFO - Processing file /home/airflow/.local/lib/python3.12/site-packages/airflow/example_dags/example_setup_teardown.py for tasks to queue
[2024-11-20T14:43:10.444+0000] {logging_mixin.py:190} INFO - [2024-11-20T14:43:10.444+0000] {dagbag.py:588} INFO - Filling up the DagBag from /home/airflow/.local/lib/python3.12/site-packages/airflow/example_dags/example_setup_teardown.py
[2024-11-20T14:43:10.450+0000] {processor.py:925} INFO - DAG(s) 'example_setup_teardown' retrieved from /home/airflow/.local/lib/python3.12/site-packages/airflow/example_dags/example_setup_teardown.py
[2024-11-20T14:43:10.464+0000] {logging_mixin.py:190} INFO - [2024-11-20T14:43:10.464+0000] {dag.py:3239} INFO - Sync 1 DAGs
[2024-11-20T14:43:10.474+0000] {logging_mixin.py:190} INFO - [2024-11-20T14:43:10.474+0000] {dag.py:4180} INFO - Setting next_dagrun for example_setup_teardown to None, run_after=None
[2024-11-20T14:43:10.489+0000] {processor.py:208} INFO - Processing /home/airflow/.local/lib/python3.12/site-packages/airflow/example_dags/example_setup_teardown.py took 0.051 seconds
[2024-11-20T14:49:51.662+0000] {processor.py:186} INFO - Started process (PID=2066) to work on /home/airflow/.local/lib/python3.12/site-packages/airflow/example_dags/example_setup_teardown.py
[2024-11-20T14:49:51.663+0000] {processor.py:914} INFO - Processing file /home/airflow/.local/lib/python3.12/site-packages/airflow/example_dags/example_setup_teardown.py for tasks to queue
[2024-11-20T14:49:51.664+0000] {logging_mixin.py:190} INFO - [2024-11-20T14:49:51.664+0000] {dagbag.py:588} INFO - Filling up the DagBag from /home/airflow/.local/lib/python3.12/site-packages/airflow/example_dags/example_setup_teardown.py
[2024-11-20T14:49:51.670+0000] {processor.py:925} INFO - DAG(s) 'example_setup_teardown' retrieved from /home/airflow/.local/lib/python3.12/site-packages/airflow/example_dags/example_setup_teardown.py
[2024-11-20T14:49:51.682+0000] {logging_mixin.py:190} INFO - [2024-11-20T14:49:51.682+0000] {dag.py:3239} INFO - Sync 1 DAGs
[2024-11-20T14:49:51.691+0000] {logging_mixin.py:190} INFO - [2024-11-20T14:49:51.691+0000] {dag.py:4180} INFO - Setting next_dagrun for example_setup_teardown to None, run_after=None
[2024-11-20T14:49:51.705+0000] {processor.py:208} INFO - Processing /home/airflow/.local/lib/python3.12/site-packages/airflow/example_dags/example_setup_teardown.py took 0.046 seconds
[2024-11-20T14:50:23.357+0000] {processor.py:186} INFO - Started process (PID=2129) to work on /home/airflow/.local/lib/python3.12/site-packages/airflow/example_dags/example_setup_teardown.py
[2024-11-20T14:50:23.358+0000] {processor.py:914} INFO - Processing file /home/airflow/.local/lib/python3.12/site-packages/airflow/example_dags/example_setup_teardown.py for tasks to queue
[2024-11-20T14:50:23.360+0000] {logging_mixin.py:190} INFO - [2024-11-20T14:50:23.360+0000] {dagbag.py:588} INFO - Filling up the DagBag from /home/airflow/.local/lib/python3.12/site-packages/airflow/example_dags/example_setup_teardown.py
[2024-11-20T14:50:23.366+0000] {processor.py:925} INFO - DAG(s) 'example_setup_teardown' retrieved from /home/airflow/.local/lib/python3.12/site-packages/airflow/example_dags/example_setup_teardown.py
[2024-11-20T14:50:23.379+0000] {logging_mixin.py:190} INFO - [2024-11-20T14:50:23.378+0000] {dag.py:3239} INFO - Sync 1 DAGs
[2024-11-20T14:50:23.388+0000] {logging_mixin.py:190} INFO - [2024-11-20T14:50:23.388+0000] {dag.py:4180} INFO - Setting next_dagrun for example_setup_teardown to None, run_after=None
[2024-11-20T14:50:23.403+0000] {processor.py:208} INFO - Processing /home/airflow/.local/lib/python3.12/site-packages/airflow/example_dags/example_setup_teardown.py took 0.050 seconds
[2024-11-20T14:50:54.420+0000] {processor.py:186} INFO - Started process (PID=2192) to work on /home/airflow/.local/lib/python3.12/site-packages/airflow/example_dags/example_setup_teardown.py
[2024-11-20T14:50:54.421+0000] {processor.py:914} INFO - Processing file /home/airflow/.local/lib/python3.12/site-packages/airflow/example_dags/example_setup_teardown.py for tasks to queue
[2024-11-20T14:50:54.423+0000] {logging_mixin.py:190} INFO - [2024-11-20T14:50:54.423+0000] {dagbag.py:588} INFO - Filling up the DagBag from /home/airflow/.local/lib/python3.12/site-packages/airflow/example_dags/example_setup_teardown.py
[2024-11-20T14:50:54.429+0000] {processor.py:925} INFO - DAG(s) 'example_setup_teardown' retrieved from /home/airflow/.local/lib/python3.12/site-packages/airflow/example_dags/example_setup_teardown.py
[2024-11-20T14:50:54.444+0000] {logging_mixin.py:190} INFO - [2024-11-20T14:50:54.444+0000] {dag.py:3239} INFO - Sync 1 DAGs
[2024-11-20T14:50:54.453+0000] {logging_mixin.py:190} INFO - [2024-11-20T14:50:54.453+0000] {dag.py:4180} INFO - Setting next_dagrun for example_setup_teardown to None, run_after=None
[2024-11-20T14:50:54.469+0000] {processor.py:208} INFO - Processing /home/airflow/.local/lib/python3.12/site-packages/airflow/example_dags/example_setup_teardown.py took 0.053 seconds
[2024-11-20T14:51:24.930+0000] {processor.py:186} INFO - Started process (PID=2254) to work on /home/airflow/.local/lib/python3.12/site-packages/airflow/example_dags/example_setup_teardown.py
[2024-11-20T14:51:24.932+0000] {processor.py:914} INFO - Processing file /home/airflow/.local/lib/python3.12/site-packages/airflow/example_dags/example_setup_teardown.py for tasks to queue
[2024-11-20T14:51:24.935+0000] {logging_mixin.py:190} INFO - [2024-11-20T14:51:24.935+0000] {dagbag.py:588} INFO - Filling up the DagBag from /home/airflow/.local/lib/python3.12/site-packages/airflow/example_dags/example_setup_teardown.py
[2024-11-20T14:51:24.942+0000] {processor.py:925} INFO - DAG(s) 'example_setup_teardown' retrieved from /home/airflow/.local/lib/python3.12/site-packages/airflow/example_dags/example_setup_teardown.py
[2024-11-20T14:51:24.956+0000] {logging_mixin.py:190} INFO - [2024-11-20T14:51:24.956+0000] {dag.py:3239} INFO - Sync 1 DAGs
[2024-11-20T14:51:24.966+0000] {logging_mixin.py:190} INFO - [2024-11-20T14:51:24.966+0000] {dag.py:4180} INFO - Setting next_dagrun for example_setup_teardown to None, run_after=None
[2024-11-20T14:51:24.979+0000] {processor.py:208} INFO - Processing /home/airflow/.local/lib/python3.12/site-packages/airflow/example_dags/example_setup_teardown.py took 0.052 seconds
[2024-11-20T14:51:55.722+0000] {processor.py:186} INFO - Started process (PID=2317) to work on /home/airflow/.local/lib/python3.12/site-packages/airflow/example_dags/example_setup_teardown.py
[2024-11-20T14:51:55.723+0000] {processor.py:914} INFO - Processing file /home/airflow/.local/lib/python3.12/site-packages/airflow/example_dags/example_setup_teardown.py for tasks to queue
[2024-11-20T14:51:55.725+0000] {logging_mixin.py:190} INFO - [2024-11-20T14:51:55.725+0000] {dagbag.py:588} INFO - Filling up the DagBag from /home/airflow/.local/lib/python3.12/site-packages/airflow/example_dags/example_setup_teardown.py
[2024-11-20T14:51:55.731+0000] {processor.py:925} INFO - DAG(s) 'example_setup_teardown' retrieved from /home/airflow/.local/lib/python3.12/site-packages/airflow/example_dags/example_setup_teardown.py
[2024-11-20T14:51:55.744+0000] {logging_mixin.py:190} INFO - [2024-11-20T14:51:55.743+0000] {dag.py:3239} INFO - Sync 1 DAGs
[2024-11-20T14:51:55.752+0000] {logging_mixin.py:190} INFO - [2024-11-20T14:51:55.752+0000] {dag.py:4180} INFO - Setting next_dagrun for example_setup_teardown to None, run_after=None
[2024-11-20T14:51:55.767+0000] {processor.py:208} INFO - Processing /home/airflow/.local/lib/python3.12/site-packages/airflow/example_dags/example_setup_teardown.py took 0.049 seconds
[2024-11-20T14:52:26.310+0000] {processor.py:186} INFO - Started process (PID=2380) to work on /home/airflow/.local/lib/python3.12/site-packages/airflow/example_dags/example_setup_teardown.py
[2024-11-20T14:52:26.311+0000] {processor.py:914} INFO - Processing file /home/airflow/.local/lib/python3.12/site-packages/airflow/example_dags/example_setup_teardown.py for tasks to queue
[2024-11-20T14:52:26.313+0000] {logging_mixin.py:190} INFO - [2024-11-20T14:52:26.313+0000] {dagbag.py:588} INFO - Filling up the DagBag from /home/airflow/.local/lib/python3.12/site-packages/airflow/example_dags/example_setup_teardown.py
[2024-11-20T14:52:26.319+0000] {processor.py:925} INFO - DAG(s) 'example_setup_teardown' retrieved from /home/airflow/.local/lib/python3.12/site-packages/airflow/example_dags/example_setup_teardown.py
[2024-11-20T14:52:26.332+0000] {logging_mixin.py:190} INFO - [2024-11-20T14:52:26.332+0000] {dag.py:3239} INFO - Sync 1 DAGs
[2024-11-20T14:52:26.341+0000] {logging_mixin.py:190} INFO - [2024-11-20T14:52:26.341+0000] {dag.py:4180} INFO - Setting next_dagrun for example_setup_teardown to None, run_after=None
[2024-11-20T14:52:26.357+0000] {processor.py:208} INFO - Processing /home/airflow/.local/lib/python3.12/site-packages/airflow/example_dags/example_setup_teardown.py took 0.051 seconds
[2024-11-20T14:52:56.495+0000] {processor.py:186} INFO - Started process (PID=2442) to work on /home/airflow/.local/lib/python3.12/site-packages/airflow/example_dags/example_setup_teardown.py
[2024-11-20T14:52:56.496+0000] {processor.py:914} INFO - Processing file /home/airflow/.local/lib/python3.12/site-packages/airflow/example_dags/example_setup_teardown.py for tasks to queue
[2024-11-20T14:52:56.499+0000] {logging_mixin.py:190} INFO - [2024-11-20T14:52:56.499+0000] {dagbag.py:588} INFO - Filling up the DagBag from /home/airflow/.local/lib/python3.12/site-packages/airflow/example_dags/example_setup_teardown.py
[2024-11-20T14:52:56.505+0000] {processor.py:925} INFO - DAG(s) 'example_setup_teardown' retrieved from /home/airflow/.local/lib/python3.12/site-packages/airflow/example_dags/example_setup_teardown.py
[2024-11-20T14:52:56.522+0000] {logging_mixin.py:190} INFO - [2024-11-20T14:52:56.522+0000] {dag.py:3239} INFO - Sync 1 DAGs
[2024-11-20T14:52:56.531+0000] {logging_mixin.py:190} INFO - [2024-11-20T14:52:56.531+0000] {dag.py:4180} INFO - Setting next_dagrun for example_setup_teardown to None, run_after=None
[2024-11-20T14:52:56.550+0000] {processor.py:208} INFO - Processing /home/airflow/.local/lib/python3.12/site-packages/airflow/example_dags/example_setup_teardown.py took 0.065 seconds
[2024-11-20T14:53:26.953+0000] {processor.py:186} INFO - Started process (PID=2505) to work on /home/airflow/.local/lib/python3.12/site-packages/airflow/example_dags/example_setup_teardown.py
[2024-11-20T14:53:26.954+0000] {processor.py:914} INFO - Processing file /home/airflow/.local/lib/python3.12/site-packages/airflow/example_dags/example_setup_teardown.py for tasks to queue
[2024-11-20T14:53:26.957+0000] {logging_mixin.py:190} INFO - [2024-11-20T14:53:26.956+0000] {dagbag.py:588} INFO - Filling up the DagBag from /home/airflow/.local/lib/python3.12/site-packages/airflow/example_dags/example_setup_teardown.py
[2024-11-20T14:53:26.963+0000] {processor.py:925} INFO - DAG(s) 'example_setup_teardown' retrieved from /home/airflow/.local/lib/python3.12/site-packages/airflow/example_dags/example_setup_teardown.py
[2024-11-20T14:53:26.977+0000] {logging_mixin.py:190} INFO - [2024-11-20T14:53:26.977+0000] {dag.py:3239} INFO - Sync 1 DAGs
[2024-11-20T14:53:26.987+0000] {logging_mixin.py:190} INFO - [2024-11-20T14:53:26.986+0000] {dag.py:4180} INFO - Setting next_dagrun for example_setup_teardown to None, run_after=None
[2024-11-20T14:53:27.002+0000] {processor.py:208} INFO - Processing /home/airflow/.local/lib/python3.12/site-packages/airflow/example_dags/example_setup_teardown.py took 0.052 seconds
[2024-11-20T14:53:57.779+0000] {processor.py:186} INFO - Started process (PID=2568) to work on /home/airflow/.local/lib/python3.12/site-packages/airflow/example_dags/example_setup_teardown.py
[2024-11-20T14:53:57.780+0000] {processor.py:914} INFO - Processing file /home/airflow/.local/lib/python3.12/site-packages/airflow/example_dags/example_setup_teardown.py for tasks to queue
[2024-11-20T14:53:57.782+0000] {logging_mixin.py:190} INFO - [2024-11-20T14:53:57.782+0000] {dagbag.py:588} INFO - Filling up the DagBag from /home/airflow/.local/lib/python3.12/site-packages/airflow/example_dags/example_setup_teardown.py
[2024-11-20T14:53:57.788+0000] {processor.py:925} INFO - DAG(s) 'example_setup_teardown' retrieved from /home/airflow/.local/lib/python3.12/site-packages/airflow/example_dags/example_setup_teardown.py
[2024-11-20T14:53:57.801+0000] {logging_mixin.py:190} INFO - [2024-11-20T14:53:57.801+0000] {dag.py:3239} INFO - Sync 1 DAGs
[2024-11-20T14:53:57.811+0000] {logging_mixin.py:190} INFO - [2024-11-20T14:53:57.811+0000] {dag.py:4180} INFO - Setting next_dagrun for example_setup_teardown to None, run_after=None
[2024-11-20T14:53:57.831+0000] {processor.py:208} INFO - Processing /home/airflow/.local/lib/python3.12/site-packages/airflow/example_dags/example_setup_teardown.py took 0.056 seconds
[2024-11-20T14:54:28.137+0000] {processor.py:186} INFO - Started process (PID=2631) to work on /home/airflow/.local/lib/python3.12/site-packages/airflow/example_dags/example_setup_teardown.py
[2024-11-20T14:54:28.138+0000] {processor.py:914} INFO - Processing file /home/airflow/.local/lib/python3.12/site-packages/airflow/example_dags/example_setup_teardown.py for tasks to queue
[2024-11-20T14:54:28.140+0000] {logging_mixin.py:190} INFO - [2024-11-20T14:54:28.139+0000] {dagbag.py:588} INFO - Filling up the DagBag from /home/airflow/.local/lib/python3.12/site-packages/airflow/example_dags/example_setup_teardown.py
[2024-11-20T14:54:28.145+0000] {processor.py:925} INFO - DAG(s) 'example_setup_teardown' retrieved from /home/airflow/.local/lib/python3.12/site-packages/airflow/example_dags/example_setup_teardown.py
[2024-11-20T14:54:28.159+0000] {logging_mixin.py:190} INFO - [2024-11-20T14:54:28.159+0000] {dag.py:3239} INFO - Sync 1 DAGs
[2024-11-20T14:54:28.168+0000] {logging_mixin.py:190} INFO - [2024-11-20T14:54:28.168+0000] {dag.py:4180} INFO - Setting next_dagrun for example_setup_teardown to None, run_after=None
[2024-11-20T14:54:28.185+0000] {processor.py:208} INFO - Processing /home/airflow/.local/lib/python3.12/site-packages/airflow/example_dags/example_setup_teardown.py took 0.051 seconds
[2024-11-20T14:54:58.397+0000] {processor.py:186} INFO - Started process (PID=2693) to work on /home/airflow/.local/lib/python3.12/site-packages/airflow/example_dags/example_setup_teardown.py
[2024-11-20T14:54:58.398+0000] {processor.py:914} INFO - Processing file /home/airflow/.local/lib/python3.12/site-packages/airflow/example_dags/example_setup_teardown.py for tasks to queue
[2024-11-20T14:54:58.400+0000] {logging_mixin.py:190} INFO - [2024-11-20T14:54:58.400+0000] {dagbag.py:588} INFO - Filling up the DagBag from /home/airflow/.local/lib/python3.12/site-packages/airflow/example_dags/example_setup_teardown.py
[2024-11-20T14:54:58.406+0000] {processor.py:925} INFO - DAG(s) 'example_setup_teardown' retrieved from /home/airflow/.local/lib/python3.12/site-packages/airflow/example_dags/example_setup_teardown.py
[2024-11-20T14:54:58.420+0000] {logging_mixin.py:190} INFO - [2024-11-20T14:54:58.420+0000] {dag.py:3239} INFO - Sync 1 DAGs
[2024-11-20T14:54:58.429+0000] {logging_mixin.py:190} INFO - [2024-11-20T14:54:58.429+0000] {dag.py:4180} INFO - Setting next_dagrun for example_setup_teardown to None, run_after=None
[2024-11-20T14:54:58.444+0000] {processor.py:208} INFO - Processing /home/airflow/.local/lib/python3.12/site-packages/airflow/example_dags/example_setup_teardown.py took 0.051 seconds
[2024-11-20T14:55:28.834+0000] {processor.py:186} INFO - Started process (PID=2756) to work on /home/airflow/.local/lib/python3.12/site-packages/airflow/example_dags/example_setup_teardown.py
[2024-11-20T14:55:28.834+0000] {processor.py:914} INFO - Processing file /home/airflow/.local/lib/python3.12/site-packages/airflow/example_dags/example_setup_teardown.py for tasks to queue
[2024-11-20T14:55:28.836+0000] {logging_mixin.py:190} INFO - [2024-11-20T14:55:28.836+0000] {dagbag.py:588} INFO - Filling up the DagBag from /home/airflow/.local/lib/python3.12/site-packages/airflow/example_dags/example_setup_teardown.py
[2024-11-20T14:55:28.841+0000] {processor.py:925} INFO - DAG(s) 'example_setup_teardown' retrieved from /home/airflow/.local/lib/python3.12/site-packages/airflow/example_dags/example_setup_teardown.py
[2024-11-20T14:55:28.857+0000] {logging_mixin.py:190} INFO - [2024-11-20T14:55:28.857+0000] {dag.py:3239} INFO - Sync 1 DAGs
[2024-11-20T14:55:28.866+0000] {logging_mixin.py:190} INFO - [2024-11-20T14:55:28.866+0000] {dag.py:4180} INFO - Setting next_dagrun for example_setup_teardown to None, run_after=None
[2024-11-20T14:55:28.881+0000] {processor.py:208} INFO - Processing /home/airflow/.local/lib/python3.12/site-packages/airflow/example_dags/example_setup_teardown.py took 0.051 seconds
[2024-11-20T14:55:59.990+0000] {processor.py:186} INFO - Started process (PID=2820) to work on /home/airflow/.local/lib/python3.12/site-packages/airflow/example_dags/example_setup_teardown.py
[2024-11-20T14:55:59.991+0000] {processor.py:914} INFO - Processing file /home/airflow/.local/lib/python3.12/site-packages/airflow/example_dags/example_setup_teardown.py for tasks to queue
[2024-11-20T14:55:59.993+0000] {logging_mixin.py:190} INFO - [2024-11-20T14:55:59.993+0000] {dagbag.py:588} INFO - Filling up the DagBag from /home/airflow/.local/lib/python3.12/site-packages/airflow/example_dags/example_setup_teardown.py
[2024-11-20T14:55:59.999+0000] {processor.py:925} INFO - DAG(s) 'example_setup_teardown' retrieved from /home/airflow/.local/lib/python3.12/site-packages/airflow/example_dags/example_setup_teardown.py
[2024-11-20T14:56:00.013+0000] {logging_mixin.py:190} INFO - [2024-11-20T14:56:00.013+0000] {dag.py:3239} INFO - Sync 1 DAGs
[2024-11-20T14:56:00.027+0000] {logging_mixin.py:190} INFO - [2024-11-20T14:56:00.027+0000] {dag.py:4180} INFO - Setting next_dagrun for example_setup_teardown to None, run_after=None
[2024-11-20T14:56:00.043+0000] {processor.py:208} INFO - Processing /home/airflow/.local/lib/python3.12/site-packages/airflow/example_dags/example_setup_teardown.py took 0.057 seconds
[2024-11-20T14:56:30.200+0000] {processor.py:186} INFO - Started process (PID=2882) to work on /home/airflow/.local/lib/python3.12/site-packages/airflow/example_dags/example_setup_teardown.py
[2024-11-20T14:56:30.201+0000] {processor.py:914} INFO - Processing file /home/airflow/.local/lib/python3.12/site-packages/airflow/example_dags/example_setup_teardown.py for tasks to queue
[2024-11-20T14:56:30.202+0000] {logging_mixin.py:190} INFO - [2024-11-20T14:56:30.202+0000] {dagbag.py:588} INFO - Filling up the DagBag from /home/airflow/.local/lib/python3.12/site-packages/airflow/example_dags/example_setup_teardown.py
[2024-11-20T14:56:30.209+0000] {processor.py:925} INFO - DAG(s) 'example_setup_teardown' retrieved from /home/airflow/.local/lib/python3.12/site-packages/airflow/example_dags/example_setup_teardown.py
[2024-11-20T14:56:30.222+0000] {logging_mixin.py:190} INFO - [2024-11-20T14:56:30.222+0000] {dag.py:3239} INFO - Sync 1 DAGs
[2024-11-20T14:56:30.231+0000] {logging_mixin.py:190} INFO - [2024-11-20T14:56:30.231+0000] {dag.py:4180} INFO - Setting next_dagrun for example_setup_teardown to None, run_after=None
[2024-11-20T14:56:30.249+0000] {processor.py:208} INFO - Processing /home/airflow/.local/lib/python3.12/site-packages/airflow/example_dags/example_setup_teardown.py took 0.054 seconds
[2024-11-20T14:57:00.488+0000] {processor.py:186} INFO - Started process (PID=2945) to work on /home/airflow/.local/lib/python3.12/site-packages/airflow/example_dags/example_setup_teardown.py
[2024-11-20T14:57:00.489+0000] {processor.py:914} INFO - Processing file /home/airflow/.local/lib/python3.12/site-packages/airflow/example_dags/example_setup_teardown.py for tasks to queue
[2024-11-20T14:57:00.491+0000] {logging_mixin.py:190} INFO - [2024-11-20T14:57:00.491+0000] {dagbag.py:588} INFO - Filling up the DagBag from /home/airflow/.local/lib/python3.12/site-packages/airflow/example_dags/example_setup_teardown.py
[2024-11-20T14:57:00.497+0000] {processor.py:925} INFO - DAG(s) 'example_setup_teardown' retrieved from /home/airflow/.local/lib/python3.12/site-packages/airflow/example_dags/example_setup_teardown.py
[2024-11-20T14:57:00.510+0000] {logging_mixin.py:190} INFO - [2024-11-20T14:57:00.510+0000] {dag.py:3239} INFO - Sync 1 DAGs
[2024-11-20T14:57:00.520+0000] {logging_mixin.py:190} INFO - [2024-11-20T14:57:00.520+0000] {dag.py:4180} INFO - Setting next_dagrun for example_setup_teardown to None, run_after=None
[2024-11-20T14:57:00.542+0000] {processor.py:208} INFO - Processing /home/airflow/.local/lib/python3.12/site-packages/airflow/example_dags/example_setup_teardown.py took 0.057 seconds
[2024-11-20T14:57:30.621+0000] {processor.py:186} INFO - Started process (PID=3007) to work on /home/airflow/.local/lib/python3.12/site-packages/airflow/example_dags/example_setup_teardown.py
[2024-11-20T14:57:30.622+0000] {processor.py:914} INFO - Processing file /home/airflow/.local/lib/python3.12/site-packages/airflow/example_dags/example_setup_teardown.py for tasks to queue
[2024-11-20T14:57:30.655+0000] {logging_mixin.py:190} INFO - [2024-11-20T14:57:30.655+0000] {dagbag.py:588} INFO - Filling up the DagBag from /home/airflow/.local/lib/python3.12/site-packages/airflow/example_dags/example_setup_teardown.py
[2024-11-20T14:57:30.667+0000] {processor.py:925} INFO - DAG(s) 'example_setup_teardown' retrieved from /home/airflow/.local/lib/python3.12/site-packages/airflow/example_dags/example_setup_teardown.py
[2024-11-20T14:57:30.701+0000] {logging_mixin.py:190} INFO - [2024-11-20T14:57:30.701+0000] {dag.py:3239} INFO - Sync 1 DAGs
[2024-11-20T14:57:30.717+0000] {logging_mixin.py:190} INFO - [2024-11-20T14:57:30.717+0000] {dag.py:4180} INFO - Setting next_dagrun for example_setup_teardown to None, run_after=None
[2024-11-20T14:57:30.741+0000] {processor.py:208} INFO - Processing /home/airflow/.local/lib/python3.12/site-packages/airflow/example_dags/example_setup_teardown.py took 0.125 seconds
[2024-11-20T14:58:00.797+0000] {processor.py:186} INFO - Started process (PID=3070) to work on /home/airflow/.local/lib/python3.12/site-packages/airflow/example_dags/example_setup_teardown.py
[2024-11-20T14:58:00.798+0000] {processor.py:914} INFO - Processing file /home/airflow/.local/lib/python3.12/site-packages/airflow/example_dags/example_setup_teardown.py for tasks to queue
[2024-11-20T14:58:00.800+0000] {logging_mixin.py:190} INFO - [2024-11-20T14:58:00.800+0000] {dagbag.py:588} INFO - Filling up the DagBag from /home/airflow/.local/lib/python3.12/site-packages/airflow/example_dags/example_setup_teardown.py
[2024-11-20T14:58:00.806+0000] {processor.py:925} INFO - DAG(s) 'example_setup_teardown' retrieved from /home/airflow/.local/lib/python3.12/site-packages/airflow/example_dags/example_setup_teardown.py
[2024-11-20T14:58:00.821+0000] {logging_mixin.py:190} INFO - [2024-11-20T14:58:00.821+0000] {dag.py:3239} INFO - Sync 1 DAGs
[2024-11-20T14:58:00.831+0000] {logging_mixin.py:190} INFO - [2024-11-20T14:58:00.831+0000] {dag.py:4180} INFO - Setting next_dagrun for example_setup_teardown to None, run_after=None
[2024-11-20T14:58:00.846+0000] {processor.py:208} INFO - Processing /home/airflow/.local/lib/python3.12/site-packages/airflow/example_dags/example_setup_teardown.py took 0.053 seconds
[2024-11-20T14:58:31.461+0000] {processor.py:186} INFO - Started process (PID=3134) to work on /home/airflow/.local/lib/python3.12/site-packages/airflow/example_dags/example_setup_teardown.py
[2024-11-20T14:58:31.461+0000] {processor.py:914} INFO - Processing file /home/airflow/.local/lib/python3.12/site-packages/airflow/example_dags/example_setup_teardown.py for tasks to queue
[2024-11-20T14:58:31.463+0000] {logging_mixin.py:190} INFO - [2024-11-20T14:58:31.463+0000] {dagbag.py:588} INFO - Filling up the DagBag from /home/airflow/.local/lib/python3.12/site-packages/airflow/example_dags/example_setup_teardown.py
[2024-11-20T14:58:31.469+0000] {processor.py:925} INFO - DAG(s) 'example_setup_teardown' retrieved from /home/airflow/.local/lib/python3.12/site-packages/airflow/example_dags/example_setup_teardown.py
[2024-11-20T14:58:31.481+0000] {logging_mixin.py:190} INFO - [2024-11-20T14:58:31.481+0000] {dag.py:3239} INFO - Sync 1 DAGs
[2024-11-20T14:58:31.490+0000] {logging_mixin.py:190} INFO - [2024-11-20T14:58:31.490+0000] {dag.py:4180} INFO - Setting next_dagrun for example_setup_teardown to None, run_after=None
[2024-11-20T14:58:31.506+0000] {processor.py:208} INFO - Processing /home/airflow/.local/lib/python3.12/site-packages/airflow/example_dags/example_setup_teardown.py took 0.049 seconds
[2024-11-20T14:59:02.191+0000] {processor.py:186} INFO - Started process (PID=3197) to work on /home/airflow/.local/lib/python3.12/site-packages/airflow/example_dags/example_setup_teardown.py
[2024-11-20T14:59:02.192+0000] {processor.py:914} INFO - Processing file /home/airflow/.local/lib/python3.12/site-packages/airflow/example_dags/example_setup_teardown.py for tasks to queue
[2024-11-20T14:59:02.195+0000] {logging_mixin.py:190} INFO - [2024-11-20T14:59:02.195+0000] {dagbag.py:588} INFO - Filling up the DagBag from /home/airflow/.local/lib/python3.12/site-packages/airflow/example_dags/example_setup_teardown.py
[2024-11-20T14:59:02.202+0000] {processor.py:925} INFO - DAG(s) 'example_setup_teardown' retrieved from /home/airflow/.local/lib/python3.12/site-packages/airflow/example_dags/example_setup_teardown.py
[2024-11-20T14:59:02.216+0000] {logging_mixin.py:190} INFO - [2024-11-20T14:59:02.216+0000] {dag.py:3239} INFO - Sync 1 DAGs
[2024-11-20T14:59:02.333+0000] {logging_mixin.py:190} INFO - [2024-11-20T14:59:02.333+0000] {dag.py:4180} INFO - Setting next_dagrun for example_setup_teardown to None, run_after=None
[2024-11-20T14:59:02.353+0000] {processor.py:208} INFO - Processing /home/airflow/.local/lib/python3.12/site-packages/airflow/example_dags/example_setup_teardown.py took 0.170 seconds
[2024-11-20T14:59:33.215+0000] {processor.py:186} INFO - Started process (PID=3260) to work on /home/airflow/.local/lib/python3.12/site-packages/airflow/example_dags/example_setup_teardown.py
[2024-11-20T14:59:33.216+0000] {processor.py:914} INFO - Processing file /home/airflow/.local/lib/python3.12/site-packages/airflow/example_dags/example_setup_teardown.py for tasks to queue
[2024-11-20T14:59:33.218+0000] {logging_mixin.py:190} INFO - [2024-11-20T14:59:33.218+0000] {dagbag.py:588} INFO - Filling up the DagBag from /home/airflow/.local/lib/python3.12/site-packages/airflow/example_dags/example_setup_teardown.py
[2024-11-20T14:59:33.224+0000] {processor.py:925} INFO - DAG(s) 'example_setup_teardown' retrieved from /home/airflow/.local/lib/python3.12/site-packages/airflow/example_dags/example_setup_teardown.py
[2024-11-20T14:59:33.237+0000] {logging_mixin.py:190} INFO - [2024-11-20T14:59:33.237+0000] {dag.py:3239} INFO - Sync 1 DAGs
[2024-11-20T14:59:33.246+0000] {logging_mixin.py:190} INFO - [2024-11-20T14:59:33.246+0000] {dag.py:4180} INFO - Setting next_dagrun for example_setup_teardown to None, run_after=None
[2024-11-20T14:59:33.374+0000] {processor.py:208} INFO - Processing /home/airflow/.local/lib/python3.12/site-packages/airflow/example_dags/example_setup_teardown.py took 0.163 seconds
[2024-11-20T15:00:03.577+0000] {processor.py:186} INFO - Started process (PID=3323) to work on /home/airflow/.local/lib/python3.12/site-packages/airflow/example_dags/example_setup_teardown.py
[2024-11-20T15:00:03.578+0000] {processor.py:914} INFO - Processing file /home/airflow/.local/lib/python3.12/site-packages/airflow/example_dags/example_setup_teardown.py for tasks to queue
[2024-11-20T15:00:03.580+0000] {logging_mixin.py:190} INFO - [2024-11-20T15:00:03.580+0000] {dagbag.py:588} INFO - Filling up the DagBag from /home/airflow/.local/lib/python3.12/site-packages/airflow/example_dags/example_setup_teardown.py
[2024-11-20T15:00:03.586+0000] {processor.py:925} INFO - DAG(s) 'example_setup_teardown' retrieved from /home/airflow/.local/lib/python3.12/site-packages/airflow/example_dags/example_setup_teardown.py
[2024-11-20T15:00:03.600+0000] {logging_mixin.py:190} INFO - [2024-11-20T15:00:03.600+0000] {dag.py:3239} INFO - Sync 1 DAGs
[2024-11-20T15:00:03.609+0000] {logging_mixin.py:190} INFO - [2024-11-20T15:00:03.609+0000] {dag.py:4180} INFO - Setting next_dagrun for example_setup_teardown to None, run_after=None
[2024-11-20T15:00:03.623+0000] {processor.py:208} INFO - Processing /home/airflow/.local/lib/python3.12/site-packages/airflow/example_dags/example_setup_teardown.py took 0.050 seconds
[2024-11-20T15:00:33.905+0000] {processor.py:186} INFO - Started process (PID=3386) to work on /home/airflow/.local/lib/python3.12/site-packages/airflow/example_dags/example_setup_teardown.py
[2024-11-20T15:00:33.906+0000] {processor.py:914} INFO - Processing file /home/airflow/.local/lib/python3.12/site-packages/airflow/example_dags/example_setup_teardown.py for tasks to queue
[2024-11-20T15:00:33.908+0000] {logging_mixin.py:190} INFO - [2024-11-20T15:00:33.907+0000] {dagbag.py:588} INFO - Filling up the DagBag from /home/airflow/.local/lib/python3.12/site-packages/airflow/example_dags/example_setup_teardown.py
[2024-11-20T15:00:33.914+0000] {processor.py:925} INFO - DAG(s) 'example_setup_teardown' retrieved from /home/airflow/.local/lib/python3.12/site-packages/airflow/example_dags/example_setup_teardown.py
[2024-11-20T15:00:33.927+0000] {logging_mixin.py:190} INFO - [2024-11-20T15:00:33.927+0000] {dag.py:3239} INFO - Sync 1 DAGs
[2024-11-20T15:00:33.936+0000] {logging_mixin.py:190} INFO - [2024-11-20T15:00:33.936+0000] {dag.py:4180} INFO - Setting next_dagrun for example_setup_teardown to None, run_after=None
[2024-11-20T15:00:33.950+0000] {processor.py:208} INFO - Processing /home/airflow/.local/lib/python3.12/site-packages/airflow/example_dags/example_setup_teardown.py took 0.050 seconds
[2024-11-20T15:01:04.938+0000] {processor.py:186} INFO - Started process (PID=3449) to work on /home/airflow/.local/lib/python3.12/site-packages/airflow/example_dags/example_setup_teardown.py
[2024-11-20T15:01:04.939+0000] {processor.py:914} INFO - Processing file /home/airflow/.local/lib/python3.12/site-packages/airflow/example_dags/example_setup_teardown.py for tasks to queue
[2024-11-20T15:01:04.941+0000] {logging_mixin.py:190} INFO - [2024-11-20T15:01:04.941+0000] {dagbag.py:588} INFO - Filling up the DagBag from /home/airflow/.local/lib/python3.12/site-packages/airflow/example_dags/example_setup_teardown.py
[2024-11-20T15:01:04.948+0000] {processor.py:925} INFO - DAG(s) 'example_setup_teardown' retrieved from /home/airflow/.local/lib/python3.12/site-packages/airflow/example_dags/example_setup_teardown.py
[2024-11-20T15:01:04.961+0000] {logging_mixin.py:190} INFO - [2024-11-20T15:01:04.960+0000] {dag.py:3239} INFO - Sync 1 DAGs
[2024-11-20T15:01:04.970+0000] {logging_mixin.py:190} INFO - [2024-11-20T15:01:04.970+0000] {dag.py:4180} INFO - Setting next_dagrun for example_setup_teardown to None, run_after=None
[2024-11-20T15:01:04.983+0000] {processor.py:208} INFO - Processing /home/airflow/.local/lib/python3.12/site-packages/airflow/example_dags/example_setup_teardown.py took 0.049 seconds
[2024-11-20T15:01:35.758+0000] {processor.py:186} INFO - Started process (PID=3512) to work on /home/airflow/.local/lib/python3.12/site-packages/airflow/example_dags/example_setup_teardown.py
[2024-11-20T15:01:35.759+0000] {processor.py:914} INFO - Processing file /home/airflow/.local/lib/python3.12/site-packages/airflow/example_dags/example_setup_teardown.py for tasks to queue
[2024-11-20T15:01:35.761+0000] {logging_mixin.py:190} INFO - [2024-11-20T15:01:35.761+0000] {dagbag.py:588} INFO - Filling up the DagBag from /home/airflow/.local/lib/python3.12/site-packages/airflow/example_dags/example_setup_teardown.py
[2024-11-20T15:01:35.767+0000] {processor.py:925} INFO - DAG(s) 'example_setup_teardown' retrieved from /home/airflow/.local/lib/python3.12/site-packages/airflow/example_dags/example_setup_teardown.py
[2024-11-20T15:01:35.781+0000] {logging_mixin.py:190} INFO - [2024-11-20T15:01:35.781+0000] {dag.py:3239} INFO - Sync 1 DAGs
[2024-11-20T15:01:35.791+0000] {logging_mixin.py:190} INFO - [2024-11-20T15:01:35.790+0000] {dag.py:4180} INFO - Setting next_dagrun for example_setup_teardown to None, run_after=None
[2024-11-20T15:01:35.805+0000] {processor.py:208} INFO - Processing /home/airflow/.local/lib/python3.12/site-packages/airflow/example_dags/example_setup_teardown.py took 0.051 seconds
[2024-11-20T15:02:06.018+0000] {processor.py:186} INFO - Started process (PID=3575) to work on /home/airflow/.local/lib/python3.12/site-packages/airflow/example_dags/example_setup_teardown.py
[2024-11-20T15:02:06.023+0000] {processor.py:914} INFO - Processing file /home/airflow/.local/lib/python3.12/site-packages/airflow/example_dags/example_setup_teardown.py for tasks to queue
[2024-11-20T15:02:06.025+0000] {logging_mixin.py:190} INFO - [2024-11-20T15:02:06.025+0000] {dagbag.py:588} INFO - Filling up the DagBag from /home/airflow/.local/lib/python3.12/site-packages/airflow/example_dags/example_setup_teardown.py
[2024-11-20T15:02:06.032+0000] {processor.py:925} INFO - DAG(s) 'example_setup_teardown' retrieved from /home/airflow/.local/lib/python3.12/site-packages/airflow/example_dags/example_setup_teardown.py
[2024-11-20T15:02:06.055+0000] {logging_mixin.py:190} INFO - [2024-11-20T15:02:06.055+0000] {dag.py:3239} INFO - Sync 1 DAGs
[2024-11-20T15:02:06.064+0000] {logging_mixin.py:190} INFO - [2024-11-20T15:02:06.064+0000] {dag.py:4180} INFO - Setting next_dagrun for example_setup_teardown to None, run_after=None
[2024-11-20T15:02:06.080+0000] {processor.py:208} INFO - Processing /home/airflow/.local/lib/python3.12/site-packages/airflow/example_dags/example_setup_teardown.py took 0.066 seconds
[2024-11-20T15:02:36.842+0000] {processor.py:186} INFO - Started process (PID=3638) to work on /home/airflow/.local/lib/python3.12/site-packages/airflow/example_dags/example_setup_teardown.py
[2024-11-20T15:02:36.843+0000] {processor.py:914} INFO - Processing file /home/airflow/.local/lib/python3.12/site-packages/airflow/example_dags/example_setup_teardown.py for tasks to queue
[2024-11-20T15:02:36.845+0000] {logging_mixin.py:190} INFO - [2024-11-20T15:02:36.844+0000] {dagbag.py:588} INFO - Filling up the DagBag from /home/airflow/.local/lib/python3.12/site-packages/airflow/example_dags/example_setup_teardown.py
[2024-11-20T15:02:36.851+0000] {processor.py:925} INFO - DAG(s) 'example_setup_teardown' retrieved from /home/airflow/.local/lib/python3.12/site-packages/airflow/example_dags/example_setup_teardown.py
[2024-11-20T15:02:36.864+0000] {logging_mixin.py:190} INFO - [2024-11-20T15:02:36.863+0000] {dag.py:3239} INFO - Sync 1 DAGs
[2024-11-20T15:02:36.873+0000] {logging_mixin.py:190} INFO - [2024-11-20T15:02:36.873+0000] {dag.py:4180} INFO - Setting next_dagrun for example_setup_teardown to None, run_after=None
[2024-11-20T15:02:36.889+0000] {processor.py:208} INFO - Processing /home/airflow/.local/lib/python3.12/site-packages/airflow/example_dags/example_setup_teardown.py took 0.052 seconds
