[2024-11-20T14:27:54.064+0000] {processor.py:186} INFO - Started process (PID=128) to work on /home/airflow/.local/lib/python3.12/site-packages/airflow/example_dags/example_branch_operator.py
[2024-11-20T14:27:54.065+0000] {processor.py:914} INFO - Processing file /home/airflow/.local/lib/python3.12/site-packages/airflow/example_dags/example_branch_operator.py for tasks to queue
[2024-11-20T14:27:54.067+0000] {logging_mixin.py:190} INFO - [2024-11-20T14:27:54.066+0000] {dagbag.py:588} INFO - Filling up the DagBag from /home/airflow/.local/lib/python3.12/site-packages/airflow/example_dags/example_branch_operator.py
[2024-11-20T14:27:54.085+0000] {processor.py:925} INFO - DAG(s) 'example_branch_operator' retrieved from /home/airflow/.local/lib/python3.12/site-packages/airflow/example_dags/example_branch_operator.py
[2024-11-20T14:27:54.171+0000] {logging_mixin.py:190} INFO - [2024-11-20T14:27:54.170+0000] {override.py:1911} INFO - Created Permission View: can read on DAG:example_branch_operator
[2024-11-20T14:27:54.179+0000] {logging_mixin.py:190} INFO - [2024-11-20T14:27:54.179+0000] {override.py:1911} INFO - Created Permission View: can edit on DAG:example_branch_operator
[2024-11-20T14:27:54.189+0000] {logging_mixin.py:190} INFO - [2024-11-20T14:27:54.189+0000] {override.py:1911} INFO - Created Permission View: can delete on DAG:example_branch_operator
[2024-11-20T14:27:54.201+0000] {logging_mixin.py:190} INFO - [2024-11-20T14:27:54.201+0000] {override.py:1911} INFO - Created Permission View: can read on DAG Run:example_branch_operator
[2024-11-20T14:27:54.208+0000] {logging_mixin.py:190} INFO - [2024-11-20T14:27:54.207+0000] {override.py:1911} INFO - Created Permission View: menu access on DAG Run:example_branch_operator
[2024-11-20T14:27:54.214+0000] {logging_mixin.py:190} INFO - [2024-11-20T14:27:54.214+0000] {override.py:1911} INFO - Created Permission View: can create on DAG Run:example_branch_operator
[2024-11-20T14:27:54.220+0000] {logging_mixin.py:190} INFO - [2024-11-20T14:27:54.220+0000] {override.py:1911} INFO - Created Permission View: can delete on DAG Run:example_branch_operator
[2024-11-20T14:27:54.221+0000] {logging_mixin.py:190} INFO - [2024-11-20T14:27:54.220+0000] {dag.py:3239} INFO - Sync 1 DAGs
[2024-11-20T14:27:54.228+0000] {logging_mixin.py:190} INFO - [2024-11-20T14:27:54.228+0000] {dag.py:3262} INFO - Creating ORM DAG for example_branch_operator
[2024-11-20T14:27:54.235+0000] {logging_mixin.py:190} INFO - [2024-11-20T14:27:54.235+0000] {dag.py:4180} INFO - Setting next_dagrun for example_branch_operator to 2024-11-19 00:00:00+00:00, run_after=2024-11-20 00:00:00+00:00
[2024-11-20T14:27:54.248+0000] {processor.py:208} INFO - Processing /home/airflow/.local/lib/python3.12/site-packages/airflow/example_dags/example_branch_operator.py took 0.188 seconds
[2024-11-20T14:28:25.272+0000] {processor.py:186} INFO - Started process (PID=191) to work on /home/airflow/.local/lib/python3.12/site-packages/airflow/example_dags/example_branch_operator.py
[2024-11-20T14:28:25.273+0000] {processor.py:914} INFO - Processing file /home/airflow/.local/lib/python3.12/site-packages/airflow/example_dags/example_branch_operator.py for tasks to queue
[2024-11-20T14:28:25.275+0000] {logging_mixin.py:190} INFO - [2024-11-20T14:28:25.275+0000] {dagbag.py:588} INFO - Filling up the DagBag from /home/airflow/.local/lib/python3.12/site-packages/airflow/example_dags/example_branch_operator.py
[2024-11-20T14:28:25.287+0000] {processor.py:925} INFO - DAG(s) 'example_branch_operator' retrieved from /home/airflow/.local/lib/python3.12/site-packages/airflow/example_dags/example_branch_operator.py
[2024-11-20T14:28:25.306+0000] {logging_mixin.py:190} INFO - [2024-11-20T14:28:25.305+0000] {dag.py:3239} INFO - Sync 1 DAGs
[2024-11-20T14:28:25.322+0000] {logging_mixin.py:190} INFO - [2024-11-20T14:28:25.322+0000] {dag.py:4180} INFO - Setting next_dagrun for example_branch_operator to 2024-11-19 00:00:00+00:00, run_after=2024-11-20 00:00:00+00:00
[2024-11-20T14:28:25.337+0000] {processor.py:208} INFO - Processing /home/airflow/.local/lib/python3.12/site-packages/airflow/example_dags/example_branch_operator.py took 0.069 seconds
[2024-11-20T14:28:56.512+0000] {processor.py:186} INFO - Started process (PID=254) to work on /home/airflow/.local/lib/python3.12/site-packages/airflow/example_dags/example_branch_operator.py
[2024-11-20T14:28:56.513+0000] {processor.py:914} INFO - Processing file /home/airflow/.local/lib/python3.12/site-packages/airflow/example_dags/example_branch_operator.py for tasks to queue
[2024-11-20T14:28:56.515+0000] {logging_mixin.py:190} INFO - [2024-11-20T14:28:56.515+0000] {dagbag.py:588} INFO - Filling up the DagBag from /home/airflow/.local/lib/python3.12/site-packages/airflow/example_dags/example_branch_operator.py
[2024-11-20T14:28:56.527+0000] {processor.py:925} INFO - DAG(s) 'example_branch_operator' retrieved from /home/airflow/.local/lib/python3.12/site-packages/airflow/example_dags/example_branch_operator.py
[2024-11-20T14:28:56.550+0000] {logging_mixin.py:190} INFO - [2024-11-20T14:28:56.550+0000] {dag.py:3239} INFO - Sync 1 DAGs
[2024-11-20T14:28:56.567+0000] {logging_mixin.py:190} INFO - [2024-11-20T14:28:56.567+0000] {dag.py:4180} INFO - Setting next_dagrun for example_branch_operator to 2024-11-19 00:00:00+00:00, run_after=2024-11-20 00:00:00+00:00
[2024-11-20T14:28:56.583+0000] {processor.py:208} INFO - Processing /home/airflow/.local/lib/python3.12/site-packages/airflow/example_dags/example_branch_operator.py took 0.076 seconds
[2024-11-20T14:29:27.246+0000] {processor.py:186} INFO - Started process (PID=316) to work on /home/airflow/.local/lib/python3.12/site-packages/airflow/example_dags/example_branch_operator.py
[2024-11-20T14:29:27.247+0000] {processor.py:914} INFO - Processing file /home/airflow/.local/lib/python3.12/site-packages/airflow/example_dags/example_branch_operator.py for tasks to queue
[2024-11-20T14:29:27.250+0000] {logging_mixin.py:190} INFO - [2024-11-20T14:29:27.249+0000] {dagbag.py:588} INFO - Filling up the DagBag from /home/airflow/.local/lib/python3.12/site-packages/airflow/example_dags/example_branch_operator.py
[2024-11-20T14:29:27.262+0000] {processor.py:925} INFO - DAG(s) 'example_branch_operator' retrieved from /home/airflow/.local/lib/python3.12/site-packages/airflow/example_dags/example_branch_operator.py
[2024-11-20T14:29:27.280+0000] {logging_mixin.py:190} INFO - [2024-11-20T14:29:27.280+0000] {dag.py:3239} INFO - Sync 1 DAGs
[2024-11-20T14:29:27.296+0000] {logging_mixin.py:190} INFO - [2024-11-20T14:29:27.296+0000] {dag.py:4180} INFO - Setting next_dagrun for example_branch_operator to 2024-11-19 00:00:00+00:00, run_after=2024-11-20 00:00:00+00:00
[2024-11-20T14:29:27.312+0000] {processor.py:208} INFO - Processing /home/airflow/.local/lib/python3.12/site-packages/airflow/example_dags/example_branch_operator.py took 0.070 seconds
[2024-11-20T14:29:58.072+0000] {processor.py:186} INFO - Started process (PID=379) to work on /home/airflow/.local/lib/python3.12/site-packages/airflow/example_dags/example_branch_operator.py
[2024-11-20T14:29:58.073+0000] {processor.py:914} INFO - Processing file /home/airflow/.local/lib/python3.12/site-packages/airflow/example_dags/example_branch_operator.py for tasks to queue
[2024-11-20T14:29:58.075+0000] {logging_mixin.py:190} INFO - [2024-11-20T14:29:58.075+0000] {dagbag.py:588} INFO - Filling up the DagBag from /home/airflow/.local/lib/python3.12/site-packages/airflow/example_dags/example_branch_operator.py
[2024-11-20T14:29:58.088+0000] {processor.py:925} INFO - DAG(s) 'example_branch_operator' retrieved from /home/airflow/.local/lib/python3.12/site-packages/airflow/example_dags/example_branch_operator.py
[2024-11-20T14:29:58.107+0000] {logging_mixin.py:190} INFO - [2024-11-20T14:29:58.106+0000] {dag.py:3239} INFO - Sync 1 DAGs
[2024-11-20T14:29:58.122+0000] {logging_mixin.py:190} INFO - [2024-11-20T14:29:58.121+0000] {dag.py:4180} INFO - Setting next_dagrun for example_branch_operator to 2024-11-19 00:00:00+00:00, run_after=2024-11-20 00:00:00+00:00
[2024-11-20T14:29:58.141+0000] {processor.py:208} INFO - Processing /home/airflow/.local/lib/python3.12/site-packages/airflow/example_dags/example_branch_operator.py took 0.073 seconds
[2024-11-20T14:30:28.542+0000] {processor.py:186} INFO - Started process (PID=442) to work on /home/airflow/.local/lib/python3.12/site-packages/airflow/example_dags/example_branch_operator.py
[2024-11-20T14:30:28.542+0000] {processor.py:914} INFO - Processing file /home/airflow/.local/lib/python3.12/site-packages/airflow/example_dags/example_branch_operator.py for tasks to queue
[2024-11-20T14:30:28.544+0000] {logging_mixin.py:190} INFO - [2024-11-20T14:30:28.544+0000] {dagbag.py:588} INFO - Filling up the DagBag from /home/airflow/.local/lib/python3.12/site-packages/airflow/example_dags/example_branch_operator.py
[2024-11-20T14:30:28.556+0000] {processor.py:925} INFO - DAG(s) 'example_branch_operator' retrieved from /home/airflow/.local/lib/python3.12/site-packages/airflow/example_dags/example_branch_operator.py
[2024-11-20T14:30:28.574+0000] {logging_mixin.py:190} INFO - [2024-11-20T14:30:28.573+0000] {dag.py:3239} INFO - Sync 1 DAGs
[2024-11-20T14:30:28.589+0000] {logging_mixin.py:190} INFO - [2024-11-20T14:30:28.589+0000] {dag.py:4180} INFO - Setting next_dagrun for example_branch_operator to 2024-11-19 00:00:00+00:00, run_after=2024-11-20 00:00:00+00:00
[2024-11-20T14:30:28.606+0000] {processor.py:208} INFO - Processing /home/airflow/.local/lib/python3.12/site-packages/airflow/example_dags/example_branch_operator.py took 0.068 seconds
[2024-11-20T14:30:58.995+0000] {processor.py:186} INFO - Started process (PID=505) to work on /home/airflow/.local/lib/python3.12/site-packages/airflow/example_dags/example_branch_operator.py
[2024-11-20T14:30:58.995+0000] {processor.py:914} INFO - Processing file /home/airflow/.local/lib/python3.12/site-packages/airflow/example_dags/example_branch_operator.py for tasks to queue
[2024-11-20T14:30:58.997+0000] {logging_mixin.py:190} INFO - [2024-11-20T14:30:58.997+0000] {dagbag.py:588} INFO - Filling up the DagBag from /home/airflow/.local/lib/python3.12/site-packages/airflow/example_dags/example_branch_operator.py
[2024-11-20T14:30:59.010+0000] {processor.py:925} INFO - DAG(s) 'example_branch_operator' retrieved from /home/airflow/.local/lib/python3.12/site-packages/airflow/example_dags/example_branch_operator.py
[2024-11-20T14:30:59.028+0000] {logging_mixin.py:190} INFO - [2024-11-20T14:30:59.028+0000] {dag.py:3239} INFO - Sync 1 DAGs
[2024-11-20T14:30:59.044+0000] {logging_mixin.py:190} INFO - [2024-11-20T14:30:59.044+0000] {dag.py:4180} INFO - Setting next_dagrun for example_branch_operator to 2024-11-19 00:00:00+00:00, run_after=2024-11-20 00:00:00+00:00
[2024-11-20T14:30:59.061+0000] {processor.py:208} INFO - Processing /home/airflow/.local/lib/python3.12/site-packages/airflow/example_dags/example_branch_operator.py took 0.070 seconds
[2024-11-20T14:31:29.292+0000] {processor.py:186} INFO - Started process (PID=567) to work on /home/airflow/.local/lib/python3.12/site-packages/airflow/example_dags/example_branch_operator.py
[2024-11-20T14:31:29.293+0000] {processor.py:914} INFO - Processing file /home/airflow/.local/lib/python3.12/site-packages/airflow/example_dags/example_branch_operator.py for tasks to queue
[2024-11-20T14:31:29.295+0000] {logging_mixin.py:190} INFO - [2024-11-20T14:31:29.295+0000] {dagbag.py:588} INFO - Filling up the DagBag from /home/airflow/.local/lib/python3.12/site-packages/airflow/example_dags/example_branch_operator.py
[2024-11-20T14:31:29.306+0000] {processor.py:925} INFO - DAG(s) 'example_branch_operator' retrieved from /home/airflow/.local/lib/python3.12/site-packages/airflow/example_dags/example_branch_operator.py
[2024-11-20T14:31:29.323+0000] {logging_mixin.py:190} INFO - [2024-11-20T14:31:29.323+0000] {dag.py:3239} INFO - Sync 1 DAGs
[2024-11-20T14:31:29.339+0000] {logging_mixin.py:190} INFO - [2024-11-20T14:31:29.339+0000] {dag.py:4180} INFO - Setting next_dagrun for example_branch_operator to 2024-11-19 00:00:00+00:00, run_after=2024-11-20 00:00:00+00:00
[2024-11-20T14:31:29.354+0000] {processor.py:208} INFO - Processing /home/airflow/.local/lib/python3.12/site-packages/airflow/example_dags/example_branch_operator.py took 0.065 seconds
[2024-11-20T14:31:59.624+0000] {processor.py:186} INFO - Started process (PID=630) to work on /home/airflow/.local/lib/python3.12/site-packages/airflow/example_dags/example_branch_operator.py
[2024-11-20T14:31:59.625+0000] {processor.py:914} INFO - Processing file /home/airflow/.local/lib/python3.12/site-packages/airflow/example_dags/example_branch_operator.py for tasks to queue
[2024-11-20T14:31:59.627+0000] {logging_mixin.py:190} INFO - [2024-11-20T14:31:59.626+0000] {dagbag.py:588} INFO - Filling up the DagBag from /home/airflow/.local/lib/python3.12/site-packages/airflow/example_dags/example_branch_operator.py
[2024-11-20T14:31:59.638+0000] {processor.py:925} INFO - DAG(s) 'example_branch_operator' retrieved from /home/airflow/.local/lib/python3.12/site-packages/airflow/example_dags/example_branch_operator.py
[2024-11-20T14:31:59.658+0000] {logging_mixin.py:190} INFO - [2024-11-20T14:31:59.658+0000] {dag.py:3239} INFO - Sync 1 DAGs
[2024-11-20T14:31:59.673+0000] {logging_mixin.py:190} INFO - [2024-11-20T14:31:59.673+0000] {dag.py:4180} INFO - Setting next_dagrun for example_branch_operator to 2024-11-19 00:00:00+00:00, run_after=2024-11-20 00:00:00+00:00
[2024-11-20T14:31:59.690+0000] {processor.py:208} INFO - Processing /home/airflow/.local/lib/python3.12/site-packages/airflow/example_dags/example_branch_operator.py took 0.070 seconds
[2024-11-20T14:32:29.808+0000] {processor.py:186} INFO - Started process (PID=692) to work on /home/airflow/.local/lib/python3.12/site-packages/airflow/example_dags/example_branch_operator.py
[2024-11-20T14:32:29.809+0000] {processor.py:914} INFO - Processing file /home/airflow/.local/lib/python3.12/site-packages/airflow/example_dags/example_branch_operator.py for tasks to queue
[2024-11-20T14:32:29.811+0000] {logging_mixin.py:190} INFO - [2024-11-20T14:32:29.811+0000] {dagbag.py:588} INFO - Filling up the DagBag from /home/airflow/.local/lib/python3.12/site-packages/airflow/example_dags/example_branch_operator.py
[2024-11-20T14:32:29.823+0000] {processor.py:925} INFO - DAG(s) 'example_branch_operator' retrieved from /home/airflow/.local/lib/python3.12/site-packages/airflow/example_dags/example_branch_operator.py
[2024-11-20T14:32:29.843+0000] {logging_mixin.py:190} INFO - [2024-11-20T14:32:29.843+0000] {dag.py:3239} INFO - Sync 1 DAGs
[2024-11-20T14:32:29.859+0000] {logging_mixin.py:190} INFO - [2024-11-20T14:32:29.859+0000] {dag.py:4180} INFO - Setting next_dagrun for example_branch_operator to 2024-11-19 00:00:00+00:00, run_after=2024-11-20 00:00:00+00:00
[2024-11-20T14:32:29.875+0000] {processor.py:208} INFO - Processing /home/airflow/.local/lib/python3.12/site-packages/airflow/example_dags/example_branch_operator.py took 0.073 seconds
[2024-11-20T14:33:00.560+0000] {processor.py:186} INFO - Started process (PID=754) to work on /home/airflow/.local/lib/python3.12/site-packages/airflow/example_dags/example_branch_operator.py
[2024-11-20T14:33:00.561+0000] {processor.py:914} INFO - Processing file /home/airflow/.local/lib/python3.12/site-packages/airflow/example_dags/example_branch_operator.py for tasks to queue
[2024-11-20T14:33:00.563+0000] {logging_mixin.py:190} INFO - [2024-11-20T14:33:00.563+0000] {dagbag.py:588} INFO - Filling up the DagBag from /home/airflow/.local/lib/python3.12/site-packages/airflow/example_dags/example_branch_operator.py
[2024-11-20T14:33:00.574+0000] {processor.py:925} INFO - DAG(s) 'example_branch_operator' retrieved from /home/airflow/.local/lib/python3.12/site-packages/airflow/example_dags/example_branch_operator.py
[2024-11-20T14:33:00.590+0000] {logging_mixin.py:190} INFO - [2024-11-20T14:33:00.590+0000] {dag.py:3239} INFO - Sync 1 DAGs
[2024-11-20T14:33:00.606+0000] {logging_mixin.py:190} INFO - [2024-11-20T14:33:00.606+0000] {dag.py:4180} INFO - Setting next_dagrun for example_branch_operator to 2024-11-19 00:00:00+00:00, run_after=2024-11-20 00:00:00+00:00
[2024-11-20T14:33:00.619+0000] {processor.py:208} INFO - Processing /home/airflow/.local/lib/python3.12/site-packages/airflow/example_dags/example_branch_operator.py took 0.063 seconds
[2024-11-20T14:33:31.139+0000] {processor.py:186} INFO - Started process (PID=817) to work on /home/airflow/.local/lib/python3.12/site-packages/airflow/example_dags/example_branch_operator.py
[2024-11-20T14:33:31.140+0000] {processor.py:914} INFO - Processing file /home/airflow/.local/lib/python3.12/site-packages/airflow/example_dags/example_branch_operator.py for tasks to queue
[2024-11-20T14:33:31.142+0000] {logging_mixin.py:190} INFO - [2024-11-20T14:33:31.142+0000] {dagbag.py:588} INFO - Filling up the DagBag from /home/airflow/.local/lib/python3.12/site-packages/airflow/example_dags/example_branch_operator.py
[2024-11-20T14:33:31.153+0000] {processor.py:925} INFO - DAG(s) 'example_branch_operator' retrieved from /home/airflow/.local/lib/python3.12/site-packages/airflow/example_dags/example_branch_operator.py
[2024-11-20T14:33:31.171+0000] {logging_mixin.py:190} INFO - [2024-11-20T14:33:31.171+0000] {dag.py:3239} INFO - Sync 1 DAGs
[2024-11-20T14:33:31.187+0000] {logging_mixin.py:190} INFO - [2024-11-20T14:33:31.187+0000] {dag.py:4180} INFO - Setting next_dagrun for example_branch_operator to 2024-11-19 00:00:00+00:00, run_after=2024-11-20 00:00:00+00:00
[2024-11-20T14:33:31.202+0000] {processor.py:208} INFO - Processing /home/airflow/.local/lib/python3.12/site-packages/airflow/example_dags/example_branch_operator.py took 0.066 seconds
[2024-11-20T14:34:01.695+0000] {processor.py:186} INFO - Started process (PID=880) to work on /home/airflow/.local/lib/python3.12/site-packages/airflow/example_dags/example_branch_operator.py
[2024-11-20T14:34:01.696+0000] {processor.py:914} INFO - Processing file /home/airflow/.local/lib/python3.12/site-packages/airflow/example_dags/example_branch_operator.py for tasks to queue
[2024-11-20T14:34:01.698+0000] {logging_mixin.py:190} INFO - [2024-11-20T14:34:01.697+0000] {dagbag.py:588} INFO - Filling up the DagBag from /home/airflow/.local/lib/python3.12/site-packages/airflow/example_dags/example_branch_operator.py
[2024-11-20T14:34:01.709+0000] {processor.py:925} INFO - DAG(s) 'example_branch_operator' retrieved from /home/airflow/.local/lib/python3.12/site-packages/airflow/example_dags/example_branch_operator.py
[2024-11-20T14:34:01.725+0000] {logging_mixin.py:190} INFO - [2024-11-20T14:34:01.725+0000] {dag.py:3239} INFO - Sync 1 DAGs
[2024-11-20T14:34:01.741+0000] {logging_mixin.py:190} INFO - [2024-11-20T14:34:01.741+0000] {dag.py:4180} INFO - Setting next_dagrun for example_branch_operator to 2024-11-19 00:00:00+00:00, run_after=2024-11-20 00:00:00+00:00
[2024-11-20T14:34:01.755+0000] {processor.py:208} INFO - Processing /home/airflow/.local/lib/python3.12/site-packages/airflow/example_dags/example_branch_operator.py took 0.064 seconds
[2024-11-20T14:34:32.568+0000] {processor.py:186} INFO - Started process (PID=943) to work on /home/airflow/.local/lib/python3.12/site-packages/airflow/example_dags/example_branch_operator.py
[2024-11-20T14:34:32.569+0000] {processor.py:914} INFO - Processing file /home/airflow/.local/lib/python3.12/site-packages/airflow/example_dags/example_branch_operator.py for tasks to queue
[2024-11-20T14:34:32.572+0000] {logging_mixin.py:190} INFO - [2024-11-20T14:34:32.571+0000] {dagbag.py:588} INFO - Filling up the DagBag from /home/airflow/.local/lib/python3.12/site-packages/airflow/example_dags/example_branch_operator.py
[2024-11-20T14:34:32.584+0000] {processor.py:925} INFO - DAG(s) 'example_branch_operator' retrieved from /home/airflow/.local/lib/python3.12/site-packages/airflow/example_dags/example_branch_operator.py
[2024-11-20T14:34:32.607+0000] {logging_mixin.py:190} INFO - [2024-11-20T14:34:32.607+0000] {dag.py:3239} INFO - Sync 1 DAGs
[2024-11-20T14:34:32.623+0000] {logging_mixin.py:190} INFO - [2024-11-20T14:34:32.623+0000] {dag.py:4180} INFO - Setting next_dagrun for example_branch_operator to 2024-11-19 00:00:00+00:00, run_after=2024-11-20 00:00:00+00:00
[2024-11-20T14:34:32.638+0000] {processor.py:208} INFO - Processing /home/airflow/.local/lib/python3.12/site-packages/airflow/example_dags/example_branch_operator.py took 0.077 seconds
[2024-11-20T14:35:03.284+0000] {processor.py:186} INFO - Started process (PID=1006) to work on /home/airflow/.local/lib/python3.12/site-packages/airflow/example_dags/example_branch_operator.py
[2024-11-20T14:35:03.285+0000] {processor.py:914} INFO - Processing file /home/airflow/.local/lib/python3.12/site-packages/airflow/example_dags/example_branch_operator.py for tasks to queue
[2024-11-20T14:35:03.286+0000] {logging_mixin.py:190} INFO - [2024-11-20T14:35:03.286+0000] {dagbag.py:588} INFO - Filling up the DagBag from /home/airflow/.local/lib/python3.12/site-packages/airflow/example_dags/example_branch_operator.py
[2024-11-20T14:35:03.297+0000] {processor.py:925} INFO - DAG(s) 'example_branch_operator' retrieved from /home/airflow/.local/lib/python3.12/site-packages/airflow/example_dags/example_branch_operator.py
[2024-11-20T14:35:03.314+0000] {logging_mixin.py:190} INFO - [2024-11-20T14:35:03.314+0000] {dag.py:3239} INFO - Sync 1 DAGs
[2024-11-20T14:35:03.328+0000] {logging_mixin.py:190} INFO - [2024-11-20T14:35:03.327+0000] {dag.py:4180} INFO - Setting next_dagrun for example_branch_operator to 2024-11-19 00:00:00+00:00, run_after=2024-11-20 00:00:00+00:00
[2024-11-20T14:35:03.343+0000] {processor.py:208} INFO - Processing /home/airflow/.local/lib/python3.12/site-packages/airflow/example_dags/example_branch_operator.py took 0.063 seconds
[2024-11-20T14:35:34.010+0000] {processor.py:186} INFO - Started process (PID=1069) to work on /home/airflow/.local/lib/python3.12/site-packages/airflow/example_dags/example_branch_operator.py
[2024-11-20T14:35:34.011+0000] {processor.py:914} INFO - Processing file /home/airflow/.local/lib/python3.12/site-packages/airflow/example_dags/example_branch_operator.py for tasks to queue
[2024-11-20T14:35:34.014+0000] {logging_mixin.py:190} INFO - [2024-11-20T14:35:34.013+0000] {dagbag.py:588} INFO - Filling up the DagBag from /home/airflow/.local/lib/python3.12/site-packages/airflow/example_dags/example_branch_operator.py
[2024-11-20T14:35:34.025+0000] {processor.py:925} INFO - DAG(s) 'example_branch_operator' retrieved from /home/airflow/.local/lib/python3.12/site-packages/airflow/example_dags/example_branch_operator.py
[2024-11-20T14:35:34.043+0000] {logging_mixin.py:190} INFO - [2024-11-20T14:35:34.043+0000] {dag.py:3239} INFO - Sync 1 DAGs
[2024-11-20T14:35:34.058+0000] {logging_mixin.py:190} INFO - [2024-11-20T14:35:34.058+0000] {dag.py:4180} INFO - Setting next_dagrun for example_branch_operator to 2024-11-19 00:00:00+00:00, run_after=2024-11-20 00:00:00+00:00
[2024-11-20T14:35:34.073+0000] {processor.py:208} INFO - Processing /home/airflow/.local/lib/python3.12/site-packages/airflow/example_dags/example_branch_operator.py took 0.066 seconds
[2024-11-20T14:36:04.770+0000] {processor.py:186} INFO - Started process (PID=1132) to work on /home/airflow/.local/lib/python3.12/site-packages/airflow/example_dags/example_branch_operator.py
[2024-11-20T14:36:04.772+0000] {processor.py:914} INFO - Processing file /home/airflow/.local/lib/python3.12/site-packages/airflow/example_dags/example_branch_operator.py for tasks to queue
[2024-11-20T14:36:04.773+0000] {logging_mixin.py:190} INFO - [2024-11-20T14:36:04.773+0000] {dagbag.py:588} INFO - Filling up the DagBag from /home/airflow/.local/lib/python3.12/site-packages/airflow/example_dags/example_branch_operator.py
[2024-11-20T14:36:04.785+0000] {processor.py:925} INFO - DAG(s) 'example_branch_operator' retrieved from /home/airflow/.local/lib/python3.12/site-packages/airflow/example_dags/example_branch_operator.py
[2024-11-20T14:36:04.805+0000] {logging_mixin.py:190} INFO - [2024-11-20T14:36:04.805+0000] {dag.py:3239} INFO - Sync 1 DAGs
[2024-11-20T14:36:04.820+0000] {logging_mixin.py:190} INFO - [2024-11-20T14:36:04.819+0000] {dag.py:4180} INFO - Setting next_dagrun for example_branch_operator to 2024-11-19 00:00:00+00:00, run_after=2024-11-20 00:00:00+00:00
[2024-11-20T14:36:04.834+0000] {processor.py:208} INFO - Processing /home/airflow/.local/lib/python3.12/site-packages/airflow/example_dags/example_branch_operator.py took 0.068 seconds
[2024-11-20T14:36:35.330+0000] {processor.py:186} INFO - Started process (PID=1195) to work on /home/airflow/.local/lib/python3.12/site-packages/airflow/example_dags/example_branch_operator.py
[2024-11-20T14:36:35.331+0000] {processor.py:914} INFO - Processing file /home/airflow/.local/lib/python3.12/site-packages/airflow/example_dags/example_branch_operator.py for tasks to queue
[2024-11-20T14:36:35.332+0000] {logging_mixin.py:190} INFO - [2024-11-20T14:36:35.332+0000] {dagbag.py:588} INFO - Filling up the DagBag from /home/airflow/.local/lib/python3.12/site-packages/airflow/example_dags/example_branch_operator.py
[2024-11-20T14:36:35.344+0000] {processor.py:925} INFO - DAG(s) 'example_branch_operator' retrieved from /home/airflow/.local/lib/python3.12/site-packages/airflow/example_dags/example_branch_operator.py
[2024-11-20T14:36:35.362+0000] {logging_mixin.py:190} INFO - [2024-11-20T14:36:35.361+0000] {dag.py:3239} INFO - Sync 1 DAGs
[2024-11-20T14:36:35.376+0000] {logging_mixin.py:190} INFO - [2024-11-20T14:36:35.376+0000] {dag.py:4180} INFO - Setting next_dagrun for example_branch_operator to 2024-11-19 00:00:00+00:00, run_after=2024-11-20 00:00:00+00:00
[2024-11-20T14:36:35.391+0000] {processor.py:208} INFO - Processing /home/airflow/.local/lib/python3.12/site-packages/airflow/example_dags/example_branch_operator.py took 0.065 seconds
[2024-11-20T14:37:05.752+0000] {processor.py:186} INFO - Started process (PID=1258) to work on /home/airflow/.local/lib/python3.12/site-packages/airflow/example_dags/example_branch_operator.py
[2024-11-20T14:37:05.753+0000] {processor.py:914} INFO - Processing file /home/airflow/.local/lib/python3.12/site-packages/airflow/example_dags/example_branch_operator.py for tasks to queue
[2024-11-20T14:37:05.755+0000] {logging_mixin.py:190} INFO - [2024-11-20T14:37:05.755+0000] {dagbag.py:588} INFO - Filling up the DagBag from /home/airflow/.local/lib/python3.12/site-packages/airflow/example_dags/example_branch_operator.py
[2024-11-20T14:37:05.766+0000] {processor.py:925} INFO - DAG(s) 'example_branch_operator' retrieved from /home/airflow/.local/lib/python3.12/site-packages/airflow/example_dags/example_branch_operator.py
[2024-11-20T14:37:05.785+0000] {logging_mixin.py:190} INFO - [2024-11-20T14:37:05.785+0000] {dag.py:3239} INFO - Sync 1 DAGs
[2024-11-20T14:37:05.800+0000] {logging_mixin.py:190} INFO - [2024-11-20T14:37:05.800+0000] {dag.py:4180} INFO - Setting next_dagrun for example_branch_operator to 2024-11-19 00:00:00+00:00, run_after=2024-11-20 00:00:00+00:00
[2024-11-20T14:37:05.813+0000] {processor.py:208} INFO - Processing /home/airflow/.local/lib/python3.12/site-packages/airflow/example_dags/example_branch_operator.py took 0.064 seconds
[2024-11-20T14:37:36.599+0000] {processor.py:186} INFO - Started process (PID=1321) to work on /home/airflow/.local/lib/python3.12/site-packages/airflow/example_dags/example_branch_operator.py
[2024-11-20T14:37:36.600+0000] {processor.py:914} INFO - Processing file /home/airflow/.local/lib/python3.12/site-packages/airflow/example_dags/example_branch_operator.py for tasks to queue
[2024-11-20T14:37:36.602+0000] {logging_mixin.py:190} INFO - [2024-11-20T14:37:36.602+0000] {dagbag.py:588} INFO - Filling up the DagBag from /home/airflow/.local/lib/python3.12/site-packages/airflow/example_dags/example_branch_operator.py
[2024-11-20T14:37:36.614+0000] {processor.py:925} INFO - DAG(s) 'example_branch_operator' retrieved from /home/airflow/.local/lib/python3.12/site-packages/airflow/example_dags/example_branch_operator.py
[2024-11-20T14:37:36.634+0000] {logging_mixin.py:190} INFO - [2024-11-20T14:37:36.634+0000] {dag.py:3239} INFO - Sync 1 DAGs
[2024-11-20T14:37:36.649+0000] {logging_mixin.py:190} INFO - [2024-11-20T14:37:36.649+0000] {dag.py:4180} INFO - Setting next_dagrun for example_branch_operator to 2024-11-19 00:00:00+00:00, run_after=2024-11-20 00:00:00+00:00
[2024-11-20T14:37:36.664+0000] {processor.py:208} INFO - Processing /home/airflow/.local/lib/python3.12/site-packages/airflow/example_dags/example_branch_operator.py took 0.069 seconds
[2024-11-20T14:38:07.166+0000] {processor.py:186} INFO - Started process (PID=1384) to work on /home/airflow/.local/lib/python3.12/site-packages/airflow/example_dags/example_branch_operator.py
[2024-11-20T14:38:07.167+0000] {processor.py:914} INFO - Processing file /home/airflow/.local/lib/python3.12/site-packages/airflow/example_dags/example_branch_operator.py for tasks to queue
[2024-11-20T14:38:07.169+0000] {logging_mixin.py:190} INFO - [2024-11-20T14:38:07.169+0000] {dagbag.py:588} INFO - Filling up the DagBag from /home/airflow/.local/lib/python3.12/site-packages/airflow/example_dags/example_branch_operator.py
[2024-11-20T14:38:07.179+0000] {processor.py:925} INFO - DAG(s) 'example_branch_operator' retrieved from /home/airflow/.local/lib/python3.12/site-packages/airflow/example_dags/example_branch_operator.py
[2024-11-20T14:38:07.195+0000] {logging_mixin.py:190} INFO - [2024-11-20T14:38:07.195+0000] {dag.py:3239} INFO - Sync 1 DAGs
[2024-11-20T14:38:07.208+0000] {logging_mixin.py:190} INFO - [2024-11-20T14:38:07.208+0000] {dag.py:4180} INFO - Setting next_dagrun for example_branch_operator to 2024-11-19 00:00:00+00:00, run_after=2024-11-20 00:00:00+00:00
[2024-11-20T14:38:07.222+0000] {processor.py:208} INFO - Processing /home/airflow/.local/lib/python3.12/site-packages/airflow/example_dags/example_branch_operator.py took 0.062 seconds
[2024-11-20T14:38:37.886+0000] {processor.py:186} INFO - Started process (PID=1447) to work on /home/airflow/.local/lib/python3.12/site-packages/airflow/example_dags/example_branch_operator.py
[2024-11-20T14:38:37.887+0000] {processor.py:914} INFO - Processing file /home/airflow/.local/lib/python3.12/site-packages/airflow/example_dags/example_branch_operator.py for tasks to queue
[2024-11-20T14:38:37.889+0000] {logging_mixin.py:190} INFO - [2024-11-20T14:38:37.889+0000] {dagbag.py:588} INFO - Filling up the DagBag from /home/airflow/.local/lib/python3.12/site-packages/airflow/example_dags/example_branch_operator.py
[2024-11-20T14:38:37.907+0000] {processor.py:925} INFO - DAG(s) 'example_branch_operator' retrieved from /home/airflow/.local/lib/python3.12/site-packages/airflow/example_dags/example_branch_operator.py
[2024-11-20T14:38:37.926+0000] {logging_mixin.py:190} INFO - [2024-11-20T14:38:37.926+0000] {dag.py:3239} INFO - Sync 1 DAGs
[2024-11-20T14:38:37.941+0000] {logging_mixin.py:190} INFO - [2024-11-20T14:38:37.941+0000] {dag.py:4180} INFO - Setting next_dagrun for example_branch_operator to 2024-11-19 00:00:00+00:00, run_after=2024-11-20 00:00:00+00:00
[2024-11-20T14:38:37.957+0000] {processor.py:208} INFO - Processing /home/airflow/.local/lib/python3.12/site-packages/airflow/example_dags/example_branch_operator.py took 0.075 seconds
[2024-11-20T14:39:08.064+0000] {processor.py:186} INFO - Started process (PID=1510) to work on /home/airflow/.local/lib/python3.12/site-packages/airflow/example_dags/example_branch_operator.py
[2024-11-20T14:39:08.065+0000] {processor.py:914} INFO - Processing file /home/airflow/.local/lib/python3.12/site-packages/airflow/example_dags/example_branch_operator.py for tasks to queue
[2024-11-20T14:39:08.067+0000] {logging_mixin.py:190} INFO - [2024-11-20T14:39:08.067+0000] {dagbag.py:588} INFO - Filling up the DagBag from /home/airflow/.local/lib/python3.12/site-packages/airflow/example_dags/example_branch_operator.py
[2024-11-20T14:39:08.079+0000] {processor.py:925} INFO - DAG(s) 'example_branch_operator' retrieved from /home/airflow/.local/lib/python3.12/site-packages/airflow/example_dags/example_branch_operator.py
[2024-11-20T14:39:08.096+0000] {logging_mixin.py:190} INFO - [2024-11-20T14:39:08.096+0000] {dag.py:3239} INFO - Sync 1 DAGs
[2024-11-20T14:39:08.112+0000] {logging_mixin.py:190} INFO - [2024-11-20T14:39:08.111+0000] {dag.py:4180} INFO - Setting next_dagrun for example_branch_operator to 2024-11-19 00:00:00+00:00, run_after=2024-11-20 00:00:00+00:00
[2024-11-20T14:39:08.127+0000] {processor.py:208} INFO - Processing /home/airflow/.local/lib/python3.12/site-packages/airflow/example_dags/example_branch_operator.py took 0.067 seconds
[2024-11-20T14:39:38.596+0000] {processor.py:186} INFO - Started process (PID=1573) to work on /home/airflow/.local/lib/python3.12/site-packages/airflow/example_dags/example_branch_operator.py
[2024-11-20T14:39:38.596+0000] {processor.py:914} INFO - Processing file /home/airflow/.local/lib/python3.12/site-packages/airflow/example_dags/example_branch_operator.py for tasks to queue
[2024-11-20T14:39:38.598+0000] {logging_mixin.py:190} INFO - [2024-11-20T14:39:38.598+0000] {dagbag.py:588} INFO - Filling up the DagBag from /home/airflow/.local/lib/python3.12/site-packages/airflow/example_dags/example_branch_operator.py
[2024-11-20T14:39:38.610+0000] {processor.py:925} INFO - DAG(s) 'example_branch_operator' retrieved from /home/airflow/.local/lib/python3.12/site-packages/airflow/example_dags/example_branch_operator.py
[2024-11-20T14:39:38.631+0000] {logging_mixin.py:190} INFO - [2024-11-20T14:39:38.631+0000] {dag.py:3239} INFO - Sync 1 DAGs
[2024-11-20T14:39:38.646+0000] {logging_mixin.py:190} INFO - [2024-11-20T14:39:38.646+0000] {dag.py:4180} INFO - Setting next_dagrun for example_branch_operator to 2024-11-19 00:00:00+00:00, run_after=2024-11-20 00:00:00+00:00
[2024-11-20T14:39:38.660+0000] {processor.py:208} INFO - Processing /home/airflow/.local/lib/python3.12/site-packages/airflow/example_dags/example_branch_operator.py took 0.069 seconds
[2024-11-20T14:40:08.895+0000] {processor.py:186} INFO - Started process (PID=1636) to work on /home/airflow/.local/lib/python3.12/site-packages/airflow/example_dags/example_branch_operator.py
[2024-11-20T14:40:08.897+0000] {processor.py:914} INFO - Processing file /home/airflow/.local/lib/python3.12/site-packages/airflow/example_dags/example_branch_operator.py for tasks to queue
[2024-11-20T14:40:08.899+0000] {logging_mixin.py:190} INFO - [2024-11-20T14:40:08.899+0000] {dagbag.py:588} INFO - Filling up the DagBag from /home/airflow/.local/lib/python3.12/site-packages/airflow/example_dags/example_branch_operator.py
[2024-11-20T14:40:08.912+0000] {processor.py:925} INFO - DAG(s) 'example_branch_operator' retrieved from /home/airflow/.local/lib/python3.12/site-packages/airflow/example_dags/example_branch_operator.py
[2024-11-20T14:40:08.932+0000] {logging_mixin.py:190} INFO - [2024-11-20T14:40:08.932+0000] {dag.py:3239} INFO - Sync 1 DAGs
[2024-11-20T14:40:08.949+0000] {logging_mixin.py:190} INFO - [2024-11-20T14:40:08.949+0000] {dag.py:4180} INFO - Setting next_dagrun for example_branch_operator to 2024-11-19 00:00:00+00:00, run_after=2024-11-20 00:00:00+00:00
[2024-11-20T14:40:08.967+0000] {processor.py:208} INFO - Processing /home/airflow/.local/lib/python3.12/site-packages/airflow/example_dags/example_branch_operator.py took 0.078 seconds
[2024-11-20T14:40:39.603+0000] {processor.py:186} INFO - Started process (PID=1699) to work on /home/airflow/.local/lib/python3.12/site-packages/airflow/example_dags/example_branch_operator.py
[2024-11-20T14:40:39.604+0000] {processor.py:914} INFO - Processing file /home/airflow/.local/lib/python3.12/site-packages/airflow/example_dags/example_branch_operator.py for tasks to queue
[2024-11-20T14:40:39.607+0000] {logging_mixin.py:190} INFO - [2024-11-20T14:40:39.607+0000] {dagbag.py:588} INFO - Filling up the DagBag from /home/airflow/.local/lib/python3.12/site-packages/airflow/example_dags/example_branch_operator.py
[2024-11-20T14:40:39.619+0000] {processor.py:925} INFO - DAG(s) 'example_branch_operator' retrieved from /home/airflow/.local/lib/python3.12/site-packages/airflow/example_dags/example_branch_operator.py
[2024-11-20T14:40:39.637+0000] {logging_mixin.py:190} INFO - [2024-11-20T14:40:39.637+0000] {dag.py:3239} INFO - Sync 1 DAGs
[2024-11-20T14:40:39.652+0000] {logging_mixin.py:190} INFO - [2024-11-20T14:40:39.651+0000] {dag.py:4180} INFO - Setting next_dagrun for example_branch_operator to 2024-11-19 00:00:00+00:00, run_after=2024-11-20 00:00:00+00:00
[2024-11-20T14:40:39.665+0000] {processor.py:208} INFO - Processing /home/airflow/.local/lib/python3.12/site-packages/airflow/example_dags/example_branch_operator.py took 0.066 seconds
[2024-11-20T14:41:10.492+0000] {processor.py:186} INFO - Started process (PID=1762) to work on /home/airflow/.local/lib/python3.12/site-packages/airflow/example_dags/example_branch_operator.py
[2024-11-20T14:41:10.494+0000] {processor.py:914} INFO - Processing file /home/airflow/.local/lib/python3.12/site-packages/airflow/example_dags/example_branch_operator.py for tasks to queue
[2024-11-20T14:41:10.496+0000] {logging_mixin.py:190} INFO - [2024-11-20T14:41:10.495+0000] {dagbag.py:588} INFO - Filling up the DagBag from /home/airflow/.local/lib/python3.12/site-packages/airflow/example_dags/example_branch_operator.py
[2024-11-20T14:41:10.507+0000] {processor.py:925} INFO - DAG(s) 'example_branch_operator' retrieved from /home/airflow/.local/lib/python3.12/site-packages/airflow/example_dags/example_branch_operator.py
[2024-11-20T14:41:10.527+0000] {logging_mixin.py:190} INFO - [2024-11-20T14:41:10.526+0000] {dag.py:3239} INFO - Sync 1 DAGs
[2024-11-20T14:41:10.541+0000] {logging_mixin.py:190} INFO - [2024-11-20T14:41:10.541+0000] {dag.py:4180} INFO - Setting next_dagrun for example_branch_operator to 2024-11-19 00:00:00+00:00, run_after=2024-11-20 00:00:00+00:00
[2024-11-20T14:41:10.556+0000] {processor.py:208} INFO - Processing /home/airflow/.local/lib/python3.12/site-packages/airflow/example_dags/example_branch_operator.py took 0.068 seconds
[2024-11-20T14:41:41.128+0000] {processor.py:186} INFO - Started process (PID=1825) to work on /home/airflow/.local/lib/python3.12/site-packages/airflow/example_dags/example_branch_operator.py
[2024-11-20T14:41:41.129+0000] {processor.py:914} INFO - Processing file /home/airflow/.local/lib/python3.12/site-packages/airflow/example_dags/example_branch_operator.py for tasks to queue
[2024-11-20T14:41:41.131+0000] {logging_mixin.py:190} INFO - [2024-11-20T14:41:41.131+0000] {dagbag.py:588} INFO - Filling up the DagBag from /home/airflow/.local/lib/python3.12/site-packages/airflow/example_dags/example_branch_operator.py
[2024-11-20T14:41:41.141+0000] {processor.py:925} INFO - DAG(s) 'example_branch_operator' retrieved from /home/airflow/.local/lib/python3.12/site-packages/airflow/example_dags/example_branch_operator.py
[2024-11-20T14:41:41.158+0000] {logging_mixin.py:190} INFO - [2024-11-20T14:41:41.158+0000] {dag.py:3239} INFO - Sync 1 DAGs
[2024-11-20T14:41:41.171+0000] {logging_mixin.py:190} INFO - [2024-11-20T14:41:41.171+0000] {dag.py:4180} INFO - Setting next_dagrun for example_branch_operator to 2024-11-19 00:00:00+00:00, run_after=2024-11-20 00:00:00+00:00
[2024-11-20T14:41:41.183+0000] {processor.py:208} INFO - Processing /home/airflow/.local/lib/python3.12/site-packages/airflow/example_dags/example_branch_operator.py took 0.058 seconds
[2024-11-20T14:42:12.278+0000] {processor.py:186} INFO - Started process (PID=1888) to work on /home/airflow/.local/lib/python3.12/site-packages/airflow/example_dags/example_branch_operator.py
[2024-11-20T14:42:12.280+0000] {processor.py:914} INFO - Processing file /home/airflow/.local/lib/python3.12/site-packages/airflow/example_dags/example_branch_operator.py for tasks to queue
[2024-11-20T14:42:12.283+0000] {logging_mixin.py:190} INFO - [2024-11-20T14:42:12.283+0000] {dagbag.py:588} INFO - Filling up the DagBag from /home/airflow/.local/lib/python3.12/site-packages/airflow/example_dags/example_branch_operator.py
[2024-11-20T14:42:12.302+0000] {processor.py:925} INFO - DAG(s) 'example_branch_operator' retrieved from /home/airflow/.local/lib/python3.12/site-packages/airflow/example_dags/example_branch_operator.py
[2024-11-20T14:42:12.325+0000] {logging_mixin.py:190} INFO - [2024-11-20T14:42:12.325+0000] {dag.py:3239} INFO - Sync 1 DAGs
[2024-11-20T14:42:12.341+0000] {logging_mixin.py:190} INFO - [2024-11-20T14:42:12.340+0000] {dag.py:4180} INFO - Setting next_dagrun for example_branch_operator to 2024-11-19 00:00:00+00:00, run_after=2024-11-20 00:00:00+00:00
[2024-11-20T14:42:12.355+0000] {processor.py:208} INFO - Processing /home/airflow/.local/lib/python3.12/site-packages/airflow/example_dags/example_branch_operator.py took 0.085 seconds
[2024-11-20T14:42:42.613+0000] {processor.py:186} INFO - Started process (PID=1951) to work on /home/airflow/.local/lib/python3.12/site-packages/airflow/example_dags/example_branch_operator.py
[2024-11-20T14:42:42.614+0000] {processor.py:914} INFO - Processing file /home/airflow/.local/lib/python3.12/site-packages/airflow/example_dags/example_branch_operator.py for tasks to queue
[2024-11-20T14:42:42.615+0000] {logging_mixin.py:190} INFO - [2024-11-20T14:42:42.615+0000] {dagbag.py:588} INFO - Filling up the DagBag from /home/airflow/.local/lib/python3.12/site-packages/airflow/example_dags/example_branch_operator.py
[2024-11-20T14:42:42.627+0000] {processor.py:925} INFO - DAG(s) 'example_branch_operator' retrieved from /home/airflow/.local/lib/python3.12/site-packages/airflow/example_dags/example_branch_operator.py
[2024-11-20T14:42:42.647+0000] {logging_mixin.py:190} INFO - [2024-11-20T14:42:42.647+0000] {dag.py:3239} INFO - Sync 1 DAGs
[2024-11-20T14:42:42.663+0000] {logging_mixin.py:190} INFO - [2024-11-20T14:42:42.662+0000] {dag.py:4180} INFO - Setting next_dagrun for example_branch_operator to 2024-11-19 00:00:00+00:00, run_after=2024-11-20 00:00:00+00:00
[2024-11-20T14:42:42.678+0000] {processor.py:208} INFO - Processing /home/airflow/.local/lib/python3.12/site-packages/airflow/example_dags/example_branch_operator.py took 0.069 seconds
[2024-11-20T14:43:13.577+0000] {processor.py:186} INFO - Started process (PID=2014) to work on /home/airflow/.local/lib/python3.12/site-packages/airflow/example_dags/example_branch_operator.py
[2024-11-20T14:43:13.578+0000] {processor.py:914} INFO - Processing file /home/airflow/.local/lib/python3.12/site-packages/airflow/example_dags/example_branch_operator.py for tasks to queue
[2024-11-20T14:43:13.581+0000] {logging_mixin.py:190} INFO - [2024-11-20T14:43:13.581+0000] {dagbag.py:588} INFO - Filling up the DagBag from /home/airflow/.local/lib/python3.12/site-packages/airflow/example_dags/example_branch_operator.py
[2024-11-20T14:43:13.592+0000] {processor.py:925} INFO - DAG(s) 'example_branch_operator' retrieved from /home/airflow/.local/lib/python3.12/site-packages/airflow/example_dags/example_branch_operator.py
[2024-11-20T14:43:13.608+0000] {logging_mixin.py:190} INFO - [2024-11-20T14:43:13.608+0000] {dag.py:3239} INFO - Sync 1 DAGs
[2024-11-20T14:43:13.622+0000] {logging_mixin.py:190} INFO - [2024-11-20T14:43:13.621+0000] {dag.py:4180} INFO - Setting next_dagrun for example_branch_operator to 2024-11-19 00:00:00+00:00, run_after=2024-11-20 00:00:00+00:00
[2024-11-20T14:43:13.641+0000] {processor.py:208} INFO - Processing /home/airflow/.local/lib/python3.12/site-packages/airflow/example_dags/example_branch_operator.py took 0.068 seconds
[2024-11-20T14:49:52.973+0000] {processor.py:186} INFO - Started process (PID=2082) to work on /home/airflow/.local/lib/python3.12/site-packages/airflow/example_dags/example_branch_operator.py
[2024-11-20T14:49:52.974+0000] {processor.py:914} INFO - Processing file /home/airflow/.local/lib/python3.12/site-packages/airflow/example_dags/example_branch_operator.py for tasks to queue
[2024-11-20T14:49:52.976+0000] {logging_mixin.py:190} INFO - [2024-11-20T14:49:52.976+0000] {dagbag.py:588} INFO - Filling up the DagBag from /home/airflow/.local/lib/python3.12/site-packages/airflow/example_dags/example_branch_operator.py
[2024-11-20T14:49:52.987+0000] {processor.py:925} INFO - DAG(s) 'example_branch_operator' retrieved from /home/airflow/.local/lib/python3.12/site-packages/airflow/example_dags/example_branch_operator.py
[2024-11-20T14:49:53.006+0000] {logging_mixin.py:190} INFO - [2024-11-20T14:49:53.006+0000] {dag.py:3239} INFO - Sync 1 DAGs
[2024-11-20T14:49:53.020+0000] {logging_mixin.py:190} INFO - [2024-11-20T14:49:53.020+0000] {dag.py:4180} INFO - Setting next_dagrun for example_branch_operator to 2024-11-19 00:00:00+00:00, run_after=2024-11-20 00:00:00+00:00
[2024-11-20T14:49:53.037+0000] {processor.py:208} INFO - Processing /home/airflow/.local/lib/python3.12/site-packages/airflow/example_dags/example_branch_operator.py took 0.070 seconds
[2024-11-20T14:50:24.807+0000] {processor.py:186} INFO - Started process (PID=2145) to work on /home/airflow/.local/lib/python3.12/site-packages/airflow/example_dags/example_branch_operator.py
[2024-11-20T14:50:24.807+0000] {processor.py:914} INFO - Processing file /home/airflow/.local/lib/python3.12/site-packages/airflow/example_dags/example_branch_operator.py for tasks to queue
[2024-11-20T14:50:24.809+0000] {logging_mixin.py:190} INFO - [2024-11-20T14:50:24.809+0000] {dagbag.py:588} INFO - Filling up the DagBag from /home/airflow/.local/lib/python3.12/site-packages/airflow/example_dags/example_branch_operator.py
[2024-11-20T14:50:24.820+0000] {processor.py:925} INFO - DAG(s) 'example_branch_operator' retrieved from /home/airflow/.local/lib/python3.12/site-packages/airflow/example_dags/example_branch_operator.py
[2024-11-20T14:50:24.837+0000] {logging_mixin.py:190} INFO - [2024-11-20T14:50:24.837+0000] {dag.py:3239} INFO - Sync 1 DAGs
[2024-11-20T14:50:24.852+0000] {logging_mixin.py:190} INFO - [2024-11-20T14:50:24.852+0000] {dag.py:4180} INFO - Setting next_dagrun for example_branch_operator to 2024-11-19 00:00:00+00:00, run_after=2024-11-20 00:00:00+00:00
[2024-11-20T14:50:24.868+0000] {processor.py:208} INFO - Processing /home/airflow/.local/lib/python3.12/site-packages/airflow/example_dags/example_branch_operator.py took 0.066 seconds
[2024-11-20T14:50:56.018+0000] {processor.py:186} INFO - Started process (PID=2208) to work on /home/airflow/.local/lib/python3.12/site-packages/airflow/example_dags/example_branch_operator.py
[2024-11-20T14:50:56.019+0000] {processor.py:914} INFO - Processing file /home/airflow/.local/lib/python3.12/site-packages/airflow/example_dags/example_branch_operator.py for tasks to queue
[2024-11-20T14:50:56.020+0000] {logging_mixin.py:190} INFO - [2024-11-20T14:50:56.020+0000] {dagbag.py:588} INFO - Filling up the DagBag from /home/airflow/.local/lib/python3.12/site-packages/airflow/example_dags/example_branch_operator.py
[2024-11-20T14:50:56.032+0000] {processor.py:925} INFO - DAG(s) 'example_branch_operator' retrieved from /home/airflow/.local/lib/python3.12/site-packages/airflow/example_dags/example_branch_operator.py
[2024-11-20T14:50:56.050+0000] {logging_mixin.py:190} INFO - [2024-11-20T14:50:56.050+0000] {dag.py:3239} INFO - Sync 1 DAGs
[2024-11-20T14:50:56.066+0000] {logging_mixin.py:190} INFO - [2024-11-20T14:50:56.065+0000] {dag.py:4180} INFO - Setting next_dagrun for example_branch_operator to 2024-11-19 00:00:00+00:00, run_after=2024-11-20 00:00:00+00:00
[2024-11-20T14:50:56.079+0000] {processor.py:208} INFO - Processing /home/airflow/.local/lib/python3.12/site-packages/airflow/example_dags/example_branch_operator.py took 0.065 seconds
[2024-11-20T14:51:26.514+0000] {processor.py:186} INFO - Started process (PID=2271) to work on /home/airflow/.local/lib/python3.12/site-packages/airflow/example_dags/example_branch_operator.py
[2024-11-20T14:51:26.515+0000] {processor.py:914} INFO - Processing file /home/airflow/.local/lib/python3.12/site-packages/airflow/example_dags/example_branch_operator.py for tasks to queue
[2024-11-20T14:51:26.517+0000] {logging_mixin.py:190} INFO - [2024-11-20T14:51:26.517+0000] {dagbag.py:588} INFO - Filling up the DagBag from /home/airflow/.local/lib/python3.12/site-packages/airflow/example_dags/example_branch_operator.py
[2024-11-20T14:51:26.527+0000] {processor.py:925} INFO - DAG(s) 'example_branch_operator' retrieved from /home/airflow/.local/lib/python3.12/site-packages/airflow/example_dags/example_branch_operator.py
[2024-11-20T14:51:26.544+0000] {logging_mixin.py:190} INFO - [2024-11-20T14:51:26.544+0000] {dag.py:3239} INFO - Sync 1 DAGs
[2024-11-20T14:51:26.558+0000] {logging_mixin.py:190} INFO - [2024-11-20T14:51:26.558+0000] {dag.py:4180} INFO - Setting next_dagrun for example_branch_operator to 2024-11-19 00:00:00+00:00, run_after=2024-11-20 00:00:00+00:00
[2024-11-20T14:51:26.575+0000] {processor.py:208} INFO - Processing /home/airflow/.local/lib/python3.12/site-packages/airflow/example_dags/example_branch_operator.py took 0.065 seconds
[2024-11-20T14:51:57.223+0000] {processor.py:186} INFO - Started process (PID=2334) to work on /home/airflow/.local/lib/python3.12/site-packages/airflow/example_dags/example_branch_operator.py
[2024-11-20T14:51:57.225+0000] {processor.py:914} INFO - Processing file /home/airflow/.local/lib/python3.12/site-packages/airflow/example_dags/example_branch_operator.py for tasks to queue
[2024-11-20T14:51:57.231+0000] {logging_mixin.py:190} INFO - [2024-11-20T14:51:57.230+0000] {dagbag.py:588} INFO - Filling up the DagBag from /home/airflow/.local/lib/python3.12/site-packages/airflow/example_dags/example_branch_operator.py
[2024-11-20T14:51:57.245+0000] {processor.py:925} INFO - DAG(s) 'example_branch_operator' retrieved from /home/airflow/.local/lib/python3.12/site-packages/airflow/example_dags/example_branch_operator.py
[2024-11-20T14:51:57.264+0000] {logging_mixin.py:190} INFO - [2024-11-20T14:51:57.264+0000] {dag.py:3239} INFO - Sync 1 DAGs
[2024-11-20T14:51:57.280+0000] {logging_mixin.py:190} INFO - [2024-11-20T14:51:57.280+0000] {dag.py:4180} INFO - Setting next_dagrun for example_branch_operator to 2024-11-19 00:00:00+00:00, run_after=2024-11-20 00:00:00+00:00
[2024-11-20T14:51:57.296+0000] {processor.py:208} INFO - Processing /home/airflow/.local/lib/python3.12/site-packages/airflow/example_dags/example_branch_operator.py took 0.080 seconds
[2024-11-20T14:52:27.682+0000] {processor.py:186} INFO - Started process (PID=2397) to work on /home/airflow/.local/lib/python3.12/site-packages/airflow/example_dags/example_branch_operator.py
[2024-11-20T14:52:27.683+0000] {processor.py:914} INFO - Processing file /home/airflow/.local/lib/python3.12/site-packages/airflow/example_dags/example_branch_operator.py for tasks to queue
[2024-11-20T14:52:27.685+0000] {logging_mixin.py:190} INFO - [2024-11-20T14:52:27.684+0000] {dagbag.py:588} INFO - Filling up the DagBag from /home/airflow/.local/lib/python3.12/site-packages/airflow/example_dags/example_branch_operator.py
[2024-11-20T14:52:27.696+0000] {processor.py:925} INFO - DAG(s) 'example_branch_operator' retrieved from /home/airflow/.local/lib/python3.12/site-packages/airflow/example_dags/example_branch_operator.py
[2024-11-20T14:52:27.714+0000] {logging_mixin.py:190} INFO - [2024-11-20T14:52:27.714+0000] {dag.py:3239} INFO - Sync 1 DAGs
[2024-11-20T14:52:27.730+0000] {logging_mixin.py:190} INFO - [2024-11-20T14:52:27.730+0000] {dag.py:4180} INFO - Setting next_dagrun for example_branch_operator to 2024-11-19 00:00:00+00:00, run_after=2024-11-20 00:00:00+00:00
[2024-11-20T14:52:27.748+0000] {processor.py:208} INFO - Processing /home/airflow/.local/lib/python3.12/site-packages/airflow/example_dags/example_branch_operator.py took 0.070 seconds
[2024-11-20T14:52:58.260+0000] {processor.py:186} INFO - Started process (PID=2460) to work on /home/airflow/.local/lib/python3.12/site-packages/airflow/example_dags/example_branch_operator.py
[2024-11-20T14:52:58.261+0000] {processor.py:914} INFO - Processing file /home/airflow/.local/lib/python3.12/site-packages/airflow/example_dags/example_branch_operator.py for tasks to queue
[2024-11-20T14:52:58.263+0000] {logging_mixin.py:190} INFO - [2024-11-20T14:52:58.262+0000] {dagbag.py:588} INFO - Filling up the DagBag from /home/airflow/.local/lib/python3.12/site-packages/airflow/example_dags/example_branch_operator.py
[2024-11-20T14:52:58.274+0000] {processor.py:925} INFO - DAG(s) 'example_branch_operator' retrieved from /home/airflow/.local/lib/python3.12/site-packages/airflow/example_dags/example_branch_operator.py
[2024-11-20T14:52:58.293+0000] {logging_mixin.py:190} INFO - [2024-11-20T14:52:58.293+0000] {dag.py:3239} INFO - Sync 1 DAGs
[2024-11-20T14:52:58.308+0000] {logging_mixin.py:190} INFO - [2024-11-20T14:52:58.308+0000] {dag.py:4180} INFO - Setting next_dagrun for example_branch_operator to 2024-11-19 00:00:00+00:00, run_after=2024-11-20 00:00:00+00:00
[2024-11-20T14:52:58.324+0000] {processor.py:208} INFO - Processing /home/airflow/.local/lib/python3.12/site-packages/airflow/example_dags/example_branch_operator.py took 0.067 seconds
[2024-11-20T14:53:28.798+0000] {processor.py:186} INFO - Started process (PID=2523) to work on /home/airflow/.local/lib/python3.12/site-packages/airflow/example_dags/example_branch_operator.py
[2024-11-20T14:53:28.799+0000] {processor.py:914} INFO - Processing file /home/airflow/.local/lib/python3.12/site-packages/airflow/example_dags/example_branch_operator.py for tasks to queue
[2024-11-20T14:53:28.801+0000] {logging_mixin.py:190} INFO - [2024-11-20T14:53:28.801+0000] {dagbag.py:588} INFO - Filling up the DagBag from /home/airflow/.local/lib/python3.12/site-packages/airflow/example_dags/example_branch_operator.py
[2024-11-20T14:53:28.813+0000] {processor.py:925} INFO - DAG(s) 'example_branch_operator' retrieved from /home/airflow/.local/lib/python3.12/site-packages/airflow/example_dags/example_branch_operator.py
[2024-11-20T14:53:28.831+0000] {logging_mixin.py:190} INFO - [2024-11-20T14:53:28.831+0000] {dag.py:3239} INFO - Sync 1 DAGs
[2024-11-20T14:53:28.847+0000] {logging_mixin.py:190} INFO - [2024-11-20T14:53:28.846+0000] {dag.py:4180} INFO - Setting next_dagrun for example_branch_operator to 2024-11-19 00:00:00+00:00, run_after=2024-11-20 00:00:00+00:00
[2024-11-20T14:53:28.861+0000] {processor.py:208} INFO - Processing /home/airflow/.local/lib/python3.12/site-packages/airflow/example_dags/example_branch_operator.py took 0.067 seconds
[2024-11-20T14:53:59.073+0000] {processor.py:186} INFO - Started process (PID=2585) to work on /home/airflow/.local/lib/python3.12/site-packages/airflow/example_dags/example_branch_operator.py
[2024-11-20T14:53:59.074+0000] {processor.py:914} INFO - Processing file /home/airflow/.local/lib/python3.12/site-packages/airflow/example_dags/example_branch_operator.py for tasks to queue
[2024-11-20T14:53:59.076+0000] {logging_mixin.py:190} INFO - [2024-11-20T14:53:59.076+0000] {dagbag.py:588} INFO - Filling up the DagBag from /home/airflow/.local/lib/python3.12/site-packages/airflow/example_dags/example_branch_operator.py
[2024-11-20T14:53:59.088+0000] {processor.py:925} INFO - DAG(s) 'example_branch_operator' retrieved from /home/airflow/.local/lib/python3.12/site-packages/airflow/example_dags/example_branch_operator.py
[2024-11-20T14:53:59.108+0000] {logging_mixin.py:190} INFO - [2024-11-20T14:53:59.108+0000] {dag.py:3239} INFO - Sync 1 DAGs
[2024-11-20T14:53:59.124+0000] {logging_mixin.py:190} INFO - [2024-11-20T14:53:59.124+0000] {dag.py:4180} INFO - Setting next_dagrun for example_branch_operator to 2024-11-19 00:00:00+00:00, run_after=2024-11-20 00:00:00+00:00
[2024-11-20T14:53:59.141+0000] {processor.py:208} INFO - Processing /home/airflow/.local/lib/python3.12/site-packages/airflow/example_dags/example_branch_operator.py took 0.072 seconds
[2024-11-20T14:54:29.305+0000] {processor.py:186} INFO - Started process (PID=2647) to work on /home/airflow/.local/lib/python3.12/site-packages/airflow/example_dags/example_branch_operator.py
[2024-11-20T14:54:29.306+0000] {processor.py:914} INFO - Processing file /home/airflow/.local/lib/python3.12/site-packages/airflow/example_dags/example_branch_operator.py for tasks to queue
[2024-11-20T14:54:29.308+0000] {logging_mixin.py:190} INFO - [2024-11-20T14:54:29.308+0000] {dagbag.py:588} INFO - Filling up the DagBag from /home/airflow/.local/lib/python3.12/site-packages/airflow/example_dags/example_branch_operator.py
[2024-11-20T14:54:29.320+0000] {processor.py:925} INFO - DAG(s) 'example_branch_operator' retrieved from /home/airflow/.local/lib/python3.12/site-packages/airflow/example_dags/example_branch_operator.py
[2024-11-20T14:54:29.339+0000] {logging_mixin.py:190} INFO - [2024-11-20T14:54:29.338+0000] {dag.py:3239} INFO - Sync 1 DAGs
[2024-11-20T14:54:29.369+0000] {logging_mixin.py:190} INFO - [2024-11-20T14:54:29.369+0000] {dag.py:4180} INFO - Setting next_dagrun for example_branch_operator to 2024-11-19 00:00:00+00:00, run_after=2024-11-20 00:00:00+00:00
[2024-11-20T14:54:29.384+0000] {processor.py:208} INFO - Processing /home/airflow/.local/lib/python3.12/site-packages/airflow/example_dags/example_branch_operator.py took 0.083 seconds
[2024-11-20T14:54:59.675+0000] {processor.py:186} INFO - Started process (PID=2710) to work on /home/airflow/.local/lib/python3.12/site-packages/airflow/example_dags/example_branch_operator.py
[2024-11-20T14:54:59.677+0000] {processor.py:914} INFO - Processing file /home/airflow/.local/lib/python3.12/site-packages/airflow/example_dags/example_branch_operator.py for tasks to queue
[2024-11-20T14:54:59.682+0000] {logging_mixin.py:190} INFO - [2024-11-20T14:54:59.681+0000] {dagbag.py:588} INFO - Filling up the DagBag from /home/airflow/.local/lib/python3.12/site-packages/airflow/example_dags/example_branch_operator.py
[2024-11-20T14:54:59.694+0000] {processor.py:925} INFO - DAG(s) 'example_branch_operator' retrieved from /home/airflow/.local/lib/python3.12/site-packages/airflow/example_dags/example_branch_operator.py
[2024-11-20T14:54:59.722+0000] {logging_mixin.py:190} INFO - [2024-11-20T14:54:59.722+0000] {dag.py:3239} INFO - Sync 1 DAGs
[2024-11-20T14:54:59.738+0000] {logging_mixin.py:190} INFO - [2024-11-20T14:54:59.738+0000] {dag.py:4180} INFO - Setting next_dagrun for example_branch_operator to 2024-11-19 00:00:00+00:00, run_after=2024-11-20 00:00:00+00:00
[2024-11-20T14:54:59.755+0000] {processor.py:208} INFO - Processing /home/airflow/.local/lib/python3.12/site-packages/airflow/example_dags/example_branch_operator.py took 0.084 seconds
[2024-11-20T14:55:31.190+0000] {processor.py:186} INFO - Started process (PID=2774) to work on /home/airflow/.local/lib/python3.12/site-packages/airflow/example_dags/example_branch_operator.py
[2024-11-20T14:55:31.191+0000] {processor.py:914} INFO - Processing file /home/airflow/.local/lib/python3.12/site-packages/airflow/example_dags/example_branch_operator.py for tasks to queue
[2024-11-20T14:55:31.193+0000] {logging_mixin.py:190} INFO - [2024-11-20T14:55:31.193+0000] {dagbag.py:588} INFO - Filling up the DagBag from /home/airflow/.local/lib/python3.12/site-packages/airflow/example_dags/example_branch_operator.py
[2024-11-20T14:55:31.204+0000] {processor.py:925} INFO - DAG(s) 'example_branch_operator' retrieved from /home/airflow/.local/lib/python3.12/site-packages/airflow/example_dags/example_branch_operator.py
[2024-11-20T14:55:31.223+0000] {logging_mixin.py:190} INFO - [2024-11-20T14:55:31.223+0000] {dag.py:3239} INFO - Sync 1 DAGs
[2024-11-20T14:55:31.238+0000] {logging_mixin.py:190} INFO - [2024-11-20T14:55:31.238+0000] {dag.py:4180} INFO - Setting next_dagrun for example_branch_operator to 2024-11-19 00:00:00+00:00, run_after=2024-11-20 00:00:00+00:00
[2024-11-20T14:55:31.255+0000] {processor.py:208} INFO - Processing /home/airflow/.local/lib/python3.12/site-packages/airflow/example_dags/example_branch_operator.py took 0.069 seconds
[2024-11-20T14:56:02.530+0000] {processor.py:186} INFO - Started process (PID=2837) to work on /home/airflow/.local/lib/python3.12/site-packages/airflow/example_dags/example_branch_operator.py
[2024-11-20T14:56:02.531+0000] {processor.py:914} INFO - Processing file /home/airflow/.local/lib/python3.12/site-packages/airflow/example_dags/example_branch_operator.py for tasks to queue
[2024-11-20T14:56:02.533+0000] {logging_mixin.py:190} INFO - [2024-11-20T14:56:02.533+0000] {dagbag.py:588} INFO - Filling up the DagBag from /home/airflow/.local/lib/python3.12/site-packages/airflow/example_dags/example_branch_operator.py
[2024-11-20T14:56:02.546+0000] {processor.py:925} INFO - DAG(s) 'example_branch_operator' retrieved from /home/airflow/.local/lib/python3.12/site-packages/airflow/example_dags/example_branch_operator.py
[2024-11-20T14:56:02.563+0000] {logging_mixin.py:190} INFO - [2024-11-20T14:56:02.563+0000] {dag.py:3239} INFO - Sync 1 DAGs
[2024-11-20T14:56:02.577+0000] {logging_mixin.py:190} INFO - [2024-11-20T14:56:02.577+0000] {dag.py:4180} INFO - Setting next_dagrun for example_branch_operator to 2024-11-19 00:00:00+00:00, run_after=2024-11-20 00:00:00+00:00
[2024-11-20T14:56:02.590+0000] {processor.py:208} INFO - Processing /home/airflow/.local/lib/python3.12/site-packages/airflow/example_dags/example_branch_operator.py took 0.064 seconds
[2024-11-20T14:56:33.582+0000] {processor.py:186} INFO - Started process (PID=2900) to work on /home/airflow/.local/lib/python3.12/site-packages/airflow/example_dags/example_branch_operator.py
[2024-11-20T14:56:33.583+0000] {processor.py:914} INFO - Processing file /home/airflow/.local/lib/python3.12/site-packages/airflow/example_dags/example_branch_operator.py for tasks to queue
[2024-11-20T14:56:33.585+0000] {logging_mixin.py:190} INFO - [2024-11-20T14:56:33.585+0000] {dagbag.py:588} INFO - Filling up the DagBag from /home/airflow/.local/lib/python3.12/site-packages/airflow/example_dags/example_branch_operator.py
[2024-11-20T14:56:33.597+0000] {processor.py:925} INFO - DAG(s) 'example_branch_operator' retrieved from /home/airflow/.local/lib/python3.12/site-packages/airflow/example_dags/example_branch_operator.py
[2024-11-20T14:56:33.615+0000] {logging_mixin.py:190} INFO - [2024-11-20T14:56:33.615+0000] {dag.py:3239} INFO - Sync 1 DAGs
[2024-11-20T14:56:33.630+0000] {logging_mixin.py:190} INFO - [2024-11-20T14:56:33.630+0000] {dag.py:4180} INFO - Setting next_dagrun for example_branch_operator to 2024-11-19 00:00:00+00:00, run_after=2024-11-20 00:00:00+00:00
[2024-11-20T14:56:33.643+0000] {processor.py:208} INFO - Processing /home/airflow/.local/lib/python3.12/site-packages/airflow/example_dags/example_branch_operator.py took 0.065 seconds
[2024-11-20T14:57:04.813+0000] {processor.py:186} INFO - Started process (PID=2963) to work on /home/airflow/.local/lib/python3.12/site-packages/airflow/example_dags/example_branch_operator.py
[2024-11-20T14:57:04.815+0000] {processor.py:914} INFO - Processing file /home/airflow/.local/lib/python3.12/site-packages/airflow/example_dags/example_branch_operator.py for tasks to queue
[2024-11-20T14:57:04.816+0000] {logging_mixin.py:190} INFO - [2024-11-20T14:57:04.816+0000] {dagbag.py:588} INFO - Filling up the DagBag from /home/airflow/.local/lib/python3.12/site-packages/airflow/example_dags/example_branch_operator.py
[2024-11-20T14:57:04.828+0000] {processor.py:925} INFO - DAG(s) 'example_branch_operator' retrieved from /home/airflow/.local/lib/python3.12/site-packages/airflow/example_dags/example_branch_operator.py
[2024-11-20T14:57:04.848+0000] {logging_mixin.py:190} INFO - [2024-11-20T14:57:04.848+0000] {dag.py:3239} INFO - Sync 1 DAGs
[2024-11-20T14:57:04.862+0000] {logging_mixin.py:190} INFO - [2024-11-20T14:57:04.862+0000] {dag.py:4180} INFO - Setting next_dagrun for example_branch_operator to 2024-11-19 00:00:00+00:00, run_after=2024-11-20 00:00:00+00:00
[2024-11-20T14:57:04.876+0000] {processor.py:208} INFO - Processing /home/airflow/.local/lib/python3.12/site-packages/airflow/example_dags/example_branch_operator.py took 0.067 seconds
[2024-11-20T14:57:35.722+0000] {processor.py:186} INFO - Started process (PID=3026) to work on /home/airflow/.local/lib/python3.12/site-packages/airflow/example_dags/example_branch_operator.py
[2024-11-20T14:57:35.723+0000] {processor.py:914} INFO - Processing file /home/airflow/.local/lib/python3.12/site-packages/airflow/example_dags/example_branch_operator.py for tasks to queue
[2024-11-20T14:57:35.725+0000] {logging_mixin.py:190} INFO - [2024-11-20T14:57:35.724+0000] {dagbag.py:588} INFO - Filling up the DagBag from /home/airflow/.local/lib/python3.12/site-packages/airflow/example_dags/example_branch_operator.py
[2024-11-20T14:57:35.737+0000] {processor.py:925} INFO - DAG(s) 'example_branch_operator' retrieved from /home/airflow/.local/lib/python3.12/site-packages/airflow/example_dags/example_branch_operator.py
[2024-11-20T14:57:35.754+0000] {logging_mixin.py:190} INFO - [2024-11-20T14:57:35.754+0000] {dag.py:3239} INFO - Sync 1 DAGs
[2024-11-20T14:57:35.770+0000] {logging_mixin.py:190} INFO - [2024-11-20T14:57:35.770+0000] {dag.py:4180} INFO - Setting next_dagrun for example_branch_operator to 2024-11-19 00:00:00+00:00, run_after=2024-11-20 00:00:00+00:00
[2024-11-20T14:57:35.783+0000] {processor.py:208} INFO - Processing /home/airflow/.local/lib/python3.12/site-packages/airflow/example_dags/example_branch_operator.py took 0.065 seconds
[2024-11-20T14:58:06.647+0000] {processor.py:186} INFO - Started process (PID=3089) to work on /home/airflow/.local/lib/python3.12/site-packages/airflow/example_dags/example_branch_operator.py
[2024-11-20T14:58:06.648+0000] {processor.py:914} INFO - Processing file /home/airflow/.local/lib/python3.12/site-packages/airflow/example_dags/example_branch_operator.py for tasks to queue
[2024-11-20T14:58:06.650+0000] {logging_mixin.py:190} INFO - [2024-11-20T14:58:06.650+0000] {dagbag.py:588} INFO - Filling up the DagBag from /home/airflow/.local/lib/python3.12/site-packages/airflow/example_dags/example_branch_operator.py
[2024-11-20T14:58:06.662+0000] {processor.py:925} INFO - DAG(s) 'example_branch_operator' retrieved from /home/airflow/.local/lib/python3.12/site-packages/airflow/example_dags/example_branch_operator.py
[2024-11-20T14:58:06.680+0000] {logging_mixin.py:190} INFO - [2024-11-20T14:58:06.680+0000] {dag.py:3239} INFO - Sync 1 DAGs
[2024-11-20T14:58:06.808+0000] {logging_mixin.py:190} INFO - [2024-11-20T14:58:06.807+0000] {dag.py:4180} INFO - Setting next_dagrun for example_branch_operator to 2024-11-19 00:00:00+00:00, run_after=2024-11-20 00:00:00+00:00
[2024-11-20T14:58:06.823+0000] {processor.py:208} INFO - Processing /home/airflow/.local/lib/python3.12/site-packages/airflow/example_dags/example_branch_operator.py took 0.181 seconds
[2024-11-20T14:58:37.412+0000] {processor.py:186} INFO - Started process (PID=3158) to work on /home/airflow/.local/lib/python3.12/site-packages/airflow/example_dags/example_branch_operator.py
[2024-11-20T14:58:37.413+0000] {processor.py:914} INFO - Processing file /home/airflow/.local/lib/python3.12/site-packages/airflow/example_dags/example_branch_operator.py for tasks to queue
[2024-11-20T14:58:37.415+0000] {logging_mixin.py:190} INFO - [2024-11-20T14:58:37.415+0000] {dagbag.py:588} INFO - Filling up the DagBag from /home/airflow/.local/lib/python3.12/site-packages/airflow/example_dags/example_branch_operator.py
[2024-11-20T14:58:37.427+0000] {processor.py:925} INFO - DAG(s) 'example_branch_operator' retrieved from /home/airflow/.local/lib/python3.12/site-packages/airflow/example_dags/example_branch_operator.py
[2024-11-20T14:58:37.444+0000] {logging_mixin.py:190} INFO - [2024-11-20T14:58:37.444+0000] {dag.py:3239} INFO - Sync 1 DAGs
[2024-11-20T14:58:37.459+0000] {logging_mixin.py:190} INFO - [2024-11-20T14:58:37.459+0000] {dag.py:4180} INFO - Setting next_dagrun for example_branch_operator to 2024-11-19 00:00:00+00:00, run_after=2024-11-20 00:00:00+00:00
[2024-11-20T14:58:37.473+0000] {processor.py:208} INFO - Processing /home/airflow/.local/lib/python3.12/site-packages/airflow/example_dags/example_branch_operator.py took 0.066 seconds
[2024-11-20T14:59:08.023+0000] {processor.py:186} INFO - Started process (PID=3221) to work on /home/airflow/.local/lib/python3.12/site-packages/airflow/example_dags/example_branch_operator.py
[2024-11-20T14:59:08.024+0000] {processor.py:914} INFO - Processing file /home/airflow/.local/lib/python3.12/site-packages/airflow/example_dags/example_branch_operator.py for tasks to queue
[2024-11-20T14:59:08.026+0000] {logging_mixin.py:190} INFO - [2024-11-20T14:59:08.026+0000] {dagbag.py:588} INFO - Filling up the DagBag from /home/airflow/.local/lib/python3.12/site-packages/airflow/example_dags/example_branch_operator.py
[2024-11-20T14:59:08.038+0000] {processor.py:925} INFO - DAG(s) 'example_branch_operator' retrieved from /home/airflow/.local/lib/python3.12/site-packages/airflow/example_dags/example_branch_operator.py
[2024-11-20T14:59:08.057+0000] {logging_mixin.py:190} INFO - [2024-11-20T14:59:08.057+0000] {dag.py:3239} INFO - Sync 1 DAGs
[2024-11-20T14:59:08.073+0000] {logging_mixin.py:190} INFO - [2024-11-20T14:59:08.073+0000] {dag.py:4180} INFO - Setting next_dagrun for example_branch_operator to 2024-11-19 00:00:00+00:00, run_after=2024-11-20 00:00:00+00:00
[2024-11-20T14:59:08.087+0000] {processor.py:208} INFO - Processing /home/airflow/.local/lib/python3.12/site-packages/airflow/example_dags/example_branch_operator.py took 0.069 seconds
[2024-11-20T14:59:39.140+0000] {processor.py:186} INFO - Started process (PID=3284) to work on /home/airflow/.local/lib/python3.12/site-packages/airflow/example_dags/example_branch_operator.py
[2024-11-20T14:59:39.141+0000] {processor.py:914} INFO - Processing file /home/airflow/.local/lib/python3.12/site-packages/airflow/example_dags/example_branch_operator.py for tasks to queue
[2024-11-20T14:59:39.143+0000] {logging_mixin.py:190} INFO - [2024-11-20T14:59:39.143+0000] {dagbag.py:588} INFO - Filling up the DagBag from /home/airflow/.local/lib/python3.12/site-packages/airflow/example_dags/example_branch_operator.py
[2024-11-20T14:59:39.154+0000] {processor.py:925} INFO - DAG(s) 'example_branch_operator' retrieved from /home/airflow/.local/lib/python3.12/site-packages/airflow/example_dags/example_branch_operator.py
[2024-11-20T14:59:39.299+0000] {logging_mixin.py:190} INFO - [2024-11-20T14:59:39.299+0000] {dag.py:3239} INFO - Sync 1 DAGs
[2024-11-20T14:59:39.314+0000] {logging_mixin.py:190} INFO - [2024-11-20T14:59:39.314+0000] {dag.py:4180} INFO - Setting next_dagrun for example_branch_operator to 2024-11-19 00:00:00+00:00, run_after=2024-11-20 00:00:00+00:00
[2024-11-20T14:59:39.339+0000] {processor.py:208} INFO - Processing /home/airflow/.local/lib/python3.12/site-packages/airflow/example_dags/example_branch_operator.py took 0.203 seconds
[2024-11-20T15:00:09.467+0000] {processor.py:186} INFO - Started process (PID=3346) to work on /home/airflow/.local/lib/python3.12/site-packages/airflow/example_dags/example_branch_operator.py
[2024-11-20T15:00:09.468+0000] {processor.py:914} INFO - Processing file /home/airflow/.local/lib/python3.12/site-packages/airflow/example_dags/example_branch_operator.py for tasks to queue
[2024-11-20T15:00:09.470+0000] {logging_mixin.py:190} INFO - [2024-11-20T15:00:09.470+0000] {dagbag.py:588} INFO - Filling up the DagBag from /home/airflow/.local/lib/python3.12/site-packages/airflow/example_dags/example_branch_operator.py
[2024-11-20T15:00:09.482+0000] {processor.py:925} INFO - DAG(s) 'example_branch_operator' retrieved from /home/airflow/.local/lib/python3.12/site-packages/airflow/example_dags/example_branch_operator.py
[2024-11-20T15:00:09.608+0000] {logging_mixin.py:190} INFO - [2024-11-20T15:00:09.608+0000] {dag.py:3239} INFO - Sync 1 DAGs
[2024-11-20T15:00:09.623+0000] {logging_mixin.py:190} INFO - [2024-11-20T15:00:09.622+0000] {dag.py:4180} INFO - Setting next_dagrun for example_branch_operator to 2024-11-19 00:00:00+00:00, run_after=2024-11-20 00:00:00+00:00
[2024-11-20T15:00:09.634+0000] {processor.py:208} INFO - Processing /home/airflow/.local/lib/python3.12/site-packages/airflow/example_dags/example_branch_operator.py took 0.171 seconds
[2024-11-20T15:00:40.452+0000] {processor.py:186} INFO - Started process (PID=3409) to work on /home/airflow/.local/lib/python3.12/site-packages/airflow/example_dags/example_branch_operator.py
[2024-11-20T15:00:40.453+0000] {processor.py:914} INFO - Processing file /home/airflow/.local/lib/python3.12/site-packages/airflow/example_dags/example_branch_operator.py for tasks to queue
[2024-11-20T15:00:40.455+0000] {logging_mixin.py:190} INFO - [2024-11-20T15:00:40.455+0000] {dagbag.py:588} INFO - Filling up the DagBag from /home/airflow/.local/lib/python3.12/site-packages/airflow/example_dags/example_branch_operator.py
[2024-11-20T15:00:40.467+0000] {processor.py:925} INFO - DAG(s) 'example_branch_operator' retrieved from /home/airflow/.local/lib/python3.12/site-packages/airflow/example_dags/example_branch_operator.py
[2024-11-20T15:00:40.486+0000] {logging_mixin.py:190} INFO - [2024-11-20T15:00:40.486+0000] {dag.py:3239} INFO - Sync 1 DAGs
[2024-11-20T15:00:40.502+0000] {logging_mixin.py:190} INFO - [2024-11-20T15:00:40.502+0000] {dag.py:4180} INFO - Setting next_dagrun for example_branch_operator to 2024-11-19 00:00:00+00:00, run_after=2024-11-20 00:00:00+00:00
[2024-11-20T15:00:40.518+0000] {processor.py:208} INFO - Processing /home/airflow/.local/lib/python3.12/site-packages/airflow/example_dags/example_branch_operator.py took 0.070 seconds
[2024-11-20T15:01:11.152+0000] {processor.py:186} INFO - Started process (PID=3472) to work on /home/airflow/.local/lib/python3.12/site-packages/airflow/example_dags/example_branch_operator.py
[2024-11-20T15:01:11.153+0000] {processor.py:914} INFO - Processing file /home/airflow/.local/lib/python3.12/site-packages/airflow/example_dags/example_branch_operator.py for tasks to queue
[2024-11-20T15:01:11.156+0000] {logging_mixin.py:190} INFO - [2024-11-20T15:01:11.155+0000] {dagbag.py:588} INFO - Filling up the DagBag from /home/airflow/.local/lib/python3.12/site-packages/airflow/example_dags/example_branch_operator.py
[2024-11-20T15:01:11.171+0000] {processor.py:925} INFO - DAG(s) 'example_branch_operator' retrieved from /home/airflow/.local/lib/python3.12/site-packages/airflow/example_dags/example_branch_operator.py
[2024-11-20T15:01:11.192+0000] {logging_mixin.py:190} INFO - [2024-11-20T15:01:11.192+0000] {dag.py:3239} INFO - Sync 1 DAGs
[2024-11-20T15:01:11.209+0000] {logging_mixin.py:190} INFO - [2024-11-20T15:01:11.209+0000] {dag.py:4180} INFO - Setting next_dagrun for example_branch_operator to 2024-11-19 00:00:00+00:00, run_after=2024-11-20 00:00:00+00:00
[2024-11-20T15:01:11.226+0000] {processor.py:208} INFO - Processing /home/airflow/.local/lib/python3.12/site-packages/airflow/example_dags/example_branch_operator.py took 0.079 seconds
[2024-11-20T15:01:42.074+0000] {processor.py:186} INFO - Started process (PID=3535) to work on /home/airflow/.local/lib/python3.12/site-packages/airflow/example_dags/example_branch_operator.py
[2024-11-20T15:01:42.074+0000] {processor.py:914} INFO - Processing file /home/airflow/.local/lib/python3.12/site-packages/airflow/example_dags/example_branch_operator.py for tasks to queue
[2024-11-20T15:01:42.076+0000] {logging_mixin.py:190} INFO - [2024-11-20T15:01:42.076+0000] {dagbag.py:588} INFO - Filling up the DagBag from /home/airflow/.local/lib/python3.12/site-packages/airflow/example_dags/example_branch_operator.py
[2024-11-20T15:01:42.089+0000] {processor.py:925} INFO - DAG(s) 'example_branch_operator' retrieved from /home/airflow/.local/lib/python3.12/site-packages/airflow/example_dags/example_branch_operator.py
[2024-11-20T15:01:42.106+0000] {logging_mixin.py:190} INFO - [2024-11-20T15:01:42.106+0000] {dag.py:3239} INFO - Sync 1 DAGs
[2024-11-20T15:01:42.121+0000] {logging_mixin.py:190} INFO - [2024-11-20T15:01:42.121+0000] {dag.py:4180} INFO - Setting next_dagrun for example_branch_operator to 2024-11-19 00:00:00+00:00, run_after=2024-11-20 00:00:00+00:00
[2024-11-20T15:01:42.134+0000] {processor.py:208} INFO - Processing /home/airflow/.local/lib/python3.12/site-packages/airflow/example_dags/example_branch_operator.py took 0.065 seconds
[2024-11-20T15:02:13.423+0000] {processor.py:186} INFO - Started process (PID=3599) to work on /home/airflow/.local/lib/python3.12/site-packages/airflow/example_dags/example_branch_operator.py
[2024-11-20T15:02:13.424+0000] {processor.py:914} INFO - Processing file /home/airflow/.local/lib/python3.12/site-packages/airflow/example_dags/example_branch_operator.py for tasks to queue
[2024-11-20T15:02:13.426+0000] {logging_mixin.py:190} INFO - [2024-11-20T15:02:13.426+0000] {dagbag.py:588} INFO - Filling up the DagBag from /home/airflow/.local/lib/python3.12/site-packages/airflow/example_dags/example_branch_operator.py
[2024-11-20T15:02:13.437+0000] {processor.py:925} INFO - DAG(s) 'example_branch_operator' retrieved from /home/airflow/.local/lib/python3.12/site-packages/airflow/example_dags/example_branch_operator.py
[2024-11-20T15:02:13.457+0000] {logging_mixin.py:190} INFO - [2024-11-20T15:02:13.456+0000] {dag.py:3239} INFO - Sync 1 DAGs
[2024-11-20T15:02:13.472+0000] {logging_mixin.py:190} INFO - [2024-11-20T15:02:13.472+0000] {dag.py:4180} INFO - Setting next_dagrun for example_branch_operator to 2024-11-19 00:00:00+00:00, run_after=2024-11-20 00:00:00+00:00
[2024-11-20T15:02:13.486+0000] {processor.py:208} INFO - Processing /home/airflow/.local/lib/python3.12/site-packages/airflow/example_dags/example_branch_operator.py took 0.067 seconds
[2024-11-20T15:02:44.055+0000] {processor.py:186} INFO - Started process (PID=3662) to work on /home/airflow/.local/lib/python3.12/site-packages/airflow/example_dags/example_branch_operator.py
[2024-11-20T15:02:44.056+0000] {processor.py:914} INFO - Processing file /home/airflow/.local/lib/python3.12/site-packages/airflow/example_dags/example_branch_operator.py for tasks to queue
[2024-11-20T15:02:44.058+0000] {logging_mixin.py:190} INFO - [2024-11-20T15:02:44.058+0000] {dagbag.py:588} INFO - Filling up the DagBag from /home/airflow/.local/lib/python3.12/site-packages/airflow/example_dags/example_branch_operator.py
[2024-11-20T15:02:44.069+0000] {processor.py:925} INFO - DAG(s) 'example_branch_operator' retrieved from /home/airflow/.local/lib/python3.12/site-packages/airflow/example_dags/example_branch_operator.py
[2024-11-20T15:02:44.087+0000] {logging_mixin.py:190} INFO - [2024-11-20T15:02:44.087+0000] {dag.py:3239} INFO - Sync 1 DAGs
[2024-11-20T15:02:44.101+0000] {logging_mixin.py:190} INFO - [2024-11-20T15:02:44.101+0000] {dag.py:4180} INFO - Setting next_dagrun for example_branch_operator to 2024-11-19 00:00:00+00:00, run_after=2024-11-20 00:00:00+00:00
[2024-11-20T15:02:44.115+0000] {processor.py:208} INFO - Processing /home/airflow/.local/lib/python3.12/site-packages/airflow/example_dags/example_branch_operator.py took 0.063 seconds
