[2024-11-20T14:27:54.880+0000] {processor.py:186} INFO - Started process (PID=133) to work on /home/airflow/.local/lib/python3.12/site-packages/airflow/example_dags/example_branch_day_of_week_operator.py
[2024-11-20T14:27:54.881+0000] {processor.py:914} INFO - Processing file /home/airflow/.local/lib/python3.12/site-packages/airflow/example_dags/example_branch_day_of_week_operator.py for tasks to queue
[2024-11-20T14:27:54.883+0000] {logging_mixin.py:190} INFO - [2024-11-20T14:27:54.883+0000] {dagbag.py:588} INFO - Filling up the DagBag from /home/airflow/.local/lib/python3.12/site-packages/airflow/example_dags/example_branch_day_of_week_operator.py
[2024-11-20T14:27:54.891+0000] {processor.py:925} INFO - DAG(s) 'example_weekday_branch_operator' retrieved from /home/airflow/.local/lib/python3.12/site-packages/airflow/example_dags/example_branch_day_of_week_operator.py
[2024-11-20T14:27:54.963+0000] {logging_mixin.py:190} INFO - [2024-11-20T14:27:54.963+0000] {override.py:1911} INFO - Created Permission View: can read on DAG:example_weekday_branch_operator
[2024-11-20T14:27:54.974+0000] {logging_mixin.py:190} INFO - [2024-11-20T14:27:54.974+0000] {override.py:1911} INFO - Created Permission View: can edit on DAG:example_weekday_branch_operator
[2024-11-20T14:27:54.982+0000] {logging_mixin.py:190} INFO - [2024-11-20T14:27:54.981+0000] {override.py:1911} INFO - Created Permission View: can delete on DAG:example_weekday_branch_operator
[2024-11-20T14:27:54.992+0000] {logging_mixin.py:190} INFO - [2024-11-20T14:27:54.992+0000] {override.py:1911} INFO - Created Permission View: can read on DAG Run:example_weekday_branch_operator
[2024-11-20T14:27:55.001+0000] {logging_mixin.py:190} INFO - [2024-11-20T14:27:55.001+0000] {override.py:1911} INFO - Created Permission View: menu access on DAG Run:example_weekday_branch_operator
[2024-11-20T14:27:55.011+0000] {logging_mixin.py:190} INFO - [2024-11-20T14:27:55.011+0000] {override.py:1911} INFO - Created Permission View: can create on DAG Run:example_weekday_branch_operator
[2024-11-20T14:27:55.018+0000] {logging_mixin.py:190} INFO - [2024-11-20T14:27:55.018+0000] {override.py:1911} INFO - Created Permission View: can delete on DAG Run:example_weekday_branch_operator
[2024-11-20T14:27:55.019+0000] {logging_mixin.py:190} INFO - [2024-11-20T14:27:55.019+0000] {dag.py:3239} INFO - Sync 1 DAGs
[2024-11-20T14:27:55.029+0000] {logging_mixin.py:190} INFO - [2024-11-20T14:27:55.028+0000] {dag.py:3262} INFO - Creating ORM DAG for example_weekday_branch_operator
[2024-11-20T14:27:55.037+0000] {logging_mixin.py:190} INFO - [2024-11-20T14:27:55.037+0000] {dag.py:4180} INFO - Setting next_dagrun for example_weekday_branch_operator to 2024-11-19 00:00:00+00:00, run_after=2024-11-20 00:00:00+00:00
[2024-11-20T14:27:55.053+0000] {processor.py:208} INFO - Processing /home/airflow/.local/lib/python3.12/site-packages/airflow/example_dags/example_branch_day_of_week_operator.py took 0.176 seconds
[2024-11-20T14:28:25.551+0000] {processor.py:186} INFO - Started process (PID=196) to work on /home/airflow/.local/lib/python3.12/site-packages/airflow/example_dags/example_branch_day_of_week_operator.py
[2024-11-20T14:28:25.551+0000] {processor.py:914} INFO - Processing file /home/airflow/.local/lib/python3.12/site-packages/airflow/example_dags/example_branch_day_of_week_operator.py for tasks to queue
[2024-11-20T14:28:25.553+0000] {logging_mixin.py:190} INFO - [2024-11-20T14:28:25.553+0000] {dagbag.py:588} INFO - Filling up the DagBag from /home/airflow/.local/lib/python3.12/site-packages/airflow/example_dags/example_branch_day_of_week_operator.py
[2024-11-20T14:28:25.560+0000] {processor.py:925} INFO - DAG(s) 'example_weekday_branch_operator' retrieved from /home/airflow/.local/lib/python3.12/site-packages/airflow/example_dags/example_branch_day_of_week_operator.py
[2024-11-20T14:28:25.577+0000] {logging_mixin.py:190} INFO - [2024-11-20T14:28:25.577+0000] {dag.py:3239} INFO - Sync 1 DAGs
[2024-11-20T14:28:25.593+0000] {logging_mixin.py:190} INFO - [2024-11-20T14:28:25.593+0000] {dag.py:4180} INFO - Setting next_dagrun for example_weekday_branch_operator to 2024-11-19 00:00:00+00:00, run_after=2024-11-20 00:00:00+00:00
[2024-11-20T14:28:25.608+0000] {processor.py:208} INFO - Processing /home/airflow/.local/lib/python3.12/site-packages/airflow/example_dags/example_branch_day_of_week_operator.py took 0.061 seconds
[2024-11-20T14:28:56.839+0000] {processor.py:186} INFO - Started process (PID=259) to work on /home/airflow/.local/lib/python3.12/site-packages/airflow/example_dags/example_branch_day_of_week_operator.py
[2024-11-20T14:28:56.840+0000] {processor.py:914} INFO - Processing file /home/airflow/.local/lib/python3.12/site-packages/airflow/example_dags/example_branch_day_of_week_operator.py for tasks to queue
[2024-11-20T14:28:56.842+0000] {logging_mixin.py:190} INFO - [2024-11-20T14:28:56.842+0000] {dagbag.py:588} INFO - Filling up the DagBag from /home/airflow/.local/lib/python3.12/site-packages/airflow/example_dags/example_branch_day_of_week_operator.py
[2024-11-20T14:28:56.849+0000] {processor.py:925} INFO - DAG(s) 'example_weekday_branch_operator' retrieved from /home/airflow/.local/lib/python3.12/site-packages/airflow/example_dags/example_branch_day_of_week_operator.py
[2024-11-20T14:28:56.864+0000] {logging_mixin.py:190} INFO - [2024-11-20T14:28:56.864+0000] {dag.py:3239} INFO - Sync 1 DAGs
[2024-11-20T14:28:56.880+0000] {logging_mixin.py:190} INFO - [2024-11-20T14:28:56.880+0000] {dag.py:4180} INFO - Setting next_dagrun for example_weekday_branch_operator to 2024-11-19 00:00:00+00:00, run_after=2024-11-20 00:00:00+00:00
[2024-11-20T14:28:56.896+0000] {processor.py:208} INFO - Processing /home/airflow/.local/lib/python3.12/site-packages/airflow/example_dags/example_branch_day_of_week_operator.py took 0.061 seconds
[2024-11-20T14:29:27.518+0000] {processor.py:186} INFO - Started process (PID=321) to work on /home/airflow/.local/lib/python3.12/site-packages/airflow/example_dags/example_branch_day_of_week_operator.py
[2024-11-20T14:29:27.519+0000] {processor.py:914} INFO - Processing file /home/airflow/.local/lib/python3.12/site-packages/airflow/example_dags/example_branch_day_of_week_operator.py for tasks to queue
[2024-11-20T14:29:27.521+0000] {logging_mixin.py:190} INFO - [2024-11-20T14:29:27.521+0000] {dagbag.py:588} INFO - Filling up the DagBag from /home/airflow/.local/lib/python3.12/site-packages/airflow/example_dags/example_branch_day_of_week_operator.py
[2024-11-20T14:29:27.527+0000] {processor.py:925} INFO - DAG(s) 'example_weekday_branch_operator' retrieved from /home/airflow/.local/lib/python3.12/site-packages/airflow/example_dags/example_branch_day_of_week_operator.py
[2024-11-20T14:29:27.541+0000] {logging_mixin.py:190} INFO - [2024-11-20T14:29:27.540+0000] {dag.py:3239} INFO - Sync 1 DAGs
[2024-11-20T14:29:27.556+0000] {logging_mixin.py:190} INFO - [2024-11-20T14:29:27.556+0000] {dag.py:4180} INFO - Setting next_dagrun for example_weekday_branch_operator to 2024-11-19 00:00:00+00:00, run_after=2024-11-20 00:00:00+00:00
[2024-11-20T14:29:27.572+0000] {processor.py:208} INFO - Processing /home/airflow/.local/lib/python3.12/site-packages/airflow/example_dags/example_branch_day_of_week_operator.py took 0.057 seconds
[2024-11-20T14:29:58.384+0000] {processor.py:186} INFO - Started process (PID=384) to work on /home/airflow/.local/lib/python3.12/site-packages/airflow/example_dags/example_branch_day_of_week_operator.py
[2024-11-20T14:29:58.385+0000] {processor.py:914} INFO - Processing file /home/airflow/.local/lib/python3.12/site-packages/airflow/example_dags/example_branch_day_of_week_operator.py for tasks to queue
[2024-11-20T14:29:58.386+0000] {logging_mixin.py:190} INFO - [2024-11-20T14:29:58.386+0000] {dagbag.py:588} INFO - Filling up the DagBag from /home/airflow/.local/lib/python3.12/site-packages/airflow/example_dags/example_branch_day_of_week_operator.py
[2024-11-20T14:29:58.392+0000] {processor.py:925} INFO - DAG(s) 'example_weekday_branch_operator' retrieved from /home/airflow/.local/lib/python3.12/site-packages/airflow/example_dags/example_branch_day_of_week_operator.py
[2024-11-20T14:29:58.406+0000] {logging_mixin.py:190} INFO - [2024-11-20T14:29:58.405+0000] {dag.py:3239} INFO - Sync 1 DAGs
[2024-11-20T14:29:58.420+0000] {logging_mixin.py:190} INFO - [2024-11-20T14:29:58.420+0000] {dag.py:4180} INFO - Setting next_dagrun for example_weekday_branch_operator to 2024-11-19 00:00:00+00:00, run_after=2024-11-20 00:00:00+00:00
[2024-11-20T14:29:58.439+0000] {processor.py:208} INFO - Processing /home/airflow/.local/lib/python3.12/site-packages/airflow/example_dags/example_branch_day_of_week_operator.py took 0.059 seconds
[2024-11-20T14:30:28.994+0000] {processor.py:186} INFO - Started process (PID=447) to work on /home/airflow/.local/lib/python3.12/site-packages/airflow/example_dags/example_branch_day_of_week_operator.py
[2024-11-20T14:30:28.995+0000] {processor.py:914} INFO - Processing file /home/airflow/.local/lib/python3.12/site-packages/airflow/example_dags/example_branch_day_of_week_operator.py for tasks to queue
[2024-11-20T14:30:28.996+0000] {logging_mixin.py:190} INFO - [2024-11-20T14:30:28.996+0000] {dagbag.py:588} INFO - Filling up the DagBag from /home/airflow/.local/lib/python3.12/site-packages/airflow/example_dags/example_branch_day_of_week_operator.py
[2024-11-20T14:30:29.003+0000] {processor.py:925} INFO - DAG(s) 'example_weekday_branch_operator' retrieved from /home/airflow/.local/lib/python3.12/site-packages/airflow/example_dags/example_branch_day_of_week_operator.py
[2024-11-20T14:30:29.016+0000] {logging_mixin.py:190} INFO - [2024-11-20T14:30:29.016+0000] {dag.py:3239} INFO - Sync 1 DAGs
[2024-11-20T14:30:29.032+0000] {logging_mixin.py:190} INFO - [2024-11-20T14:30:29.032+0000] {dag.py:4180} INFO - Setting next_dagrun for example_weekday_branch_operator to 2024-11-19 00:00:00+00:00, run_after=2024-11-20 00:00:00+00:00
[2024-11-20T14:30:29.046+0000] {processor.py:208} INFO - Processing /home/airflow/.local/lib/python3.12/site-packages/airflow/example_dags/example_branch_day_of_week_operator.py took 0.056 seconds
[2024-11-20T14:30:59.553+0000] {processor.py:186} INFO - Started process (PID=511) to work on /home/airflow/.local/lib/python3.12/site-packages/airflow/example_dags/example_branch_day_of_week_operator.py
[2024-11-20T14:30:59.554+0000] {processor.py:914} INFO - Processing file /home/airflow/.local/lib/python3.12/site-packages/airflow/example_dags/example_branch_day_of_week_operator.py for tasks to queue
[2024-11-20T14:30:59.555+0000] {logging_mixin.py:190} INFO - [2024-11-20T14:30:59.555+0000] {dagbag.py:588} INFO - Filling up the DagBag from /home/airflow/.local/lib/python3.12/site-packages/airflow/example_dags/example_branch_day_of_week_operator.py
[2024-11-20T14:30:59.562+0000] {processor.py:925} INFO - DAG(s) 'example_weekday_branch_operator' retrieved from /home/airflow/.local/lib/python3.12/site-packages/airflow/example_dags/example_branch_day_of_week_operator.py
[2024-11-20T14:30:59.577+0000] {logging_mixin.py:190} INFO - [2024-11-20T14:30:59.576+0000] {dag.py:3239} INFO - Sync 1 DAGs
[2024-11-20T14:30:59.592+0000] {logging_mixin.py:190} INFO - [2024-11-20T14:30:59.592+0000] {dag.py:4180} INFO - Setting next_dagrun for example_weekday_branch_operator to 2024-11-19 00:00:00+00:00, run_after=2024-11-20 00:00:00+00:00
[2024-11-20T14:30:59.608+0000] {processor.py:208} INFO - Processing /home/airflow/.local/lib/python3.12/site-packages/airflow/example_dags/example_branch_day_of_week_operator.py took 0.059 seconds
[2024-11-20T14:31:30.098+0000] {processor.py:186} INFO - Started process (PID=574) to work on /home/airflow/.local/lib/python3.12/site-packages/airflow/example_dags/example_branch_day_of_week_operator.py
[2024-11-20T14:31:30.099+0000] {processor.py:914} INFO - Processing file /home/airflow/.local/lib/python3.12/site-packages/airflow/example_dags/example_branch_day_of_week_operator.py for tasks to queue
[2024-11-20T14:31:30.102+0000] {logging_mixin.py:190} INFO - [2024-11-20T14:31:30.102+0000] {dagbag.py:588} INFO - Filling up the DagBag from /home/airflow/.local/lib/python3.12/site-packages/airflow/example_dags/example_branch_day_of_week_operator.py
[2024-11-20T14:31:30.109+0000] {processor.py:925} INFO - DAG(s) 'example_weekday_branch_operator' retrieved from /home/airflow/.local/lib/python3.12/site-packages/airflow/example_dags/example_branch_day_of_week_operator.py
[2024-11-20T14:31:30.124+0000] {logging_mixin.py:190} INFO - [2024-11-20T14:31:30.124+0000] {dag.py:3239} INFO - Sync 1 DAGs
[2024-11-20T14:31:30.140+0000] {logging_mixin.py:190} INFO - [2024-11-20T14:31:30.140+0000] {dag.py:4180} INFO - Setting next_dagrun for example_weekday_branch_operator to 2024-11-19 00:00:00+00:00, run_after=2024-11-20 00:00:00+00:00
[2024-11-20T14:31:30.156+0000] {processor.py:208} INFO - Processing /home/airflow/.local/lib/python3.12/site-packages/airflow/example_dags/example_branch_day_of_week_operator.py took 0.062 seconds
[2024-11-20T14:32:00.263+0000] {processor.py:186} INFO - Started process (PID=636) to work on /home/airflow/.local/lib/python3.12/site-packages/airflow/example_dags/example_branch_day_of_week_operator.py
[2024-11-20T14:32:00.264+0000] {processor.py:914} INFO - Processing file /home/airflow/.local/lib/python3.12/site-packages/airflow/example_dags/example_branch_day_of_week_operator.py for tasks to queue
[2024-11-20T14:32:00.266+0000] {logging_mixin.py:190} INFO - [2024-11-20T14:32:00.266+0000] {dagbag.py:588} INFO - Filling up the DagBag from /home/airflow/.local/lib/python3.12/site-packages/airflow/example_dags/example_branch_day_of_week_operator.py
[2024-11-20T14:32:00.273+0000] {processor.py:925} INFO - DAG(s) 'example_weekday_branch_operator' retrieved from /home/airflow/.local/lib/python3.12/site-packages/airflow/example_dags/example_branch_day_of_week_operator.py
[2024-11-20T14:32:00.286+0000] {logging_mixin.py:190} INFO - [2024-11-20T14:32:00.286+0000] {dag.py:3239} INFO - Sync 1 DAGs
[2024-11-20T14:32:00.301+0000] {logging_mixin.py:190} INFO - [2024-11-20T14:32:00.301+0000] {dag.py:4180} INFO - Setting next_dagrun for example_weekday_branch_operator to 2024-11-19 00:00:00+00:00, run_after=2024-11-20 00:00:00+00:00
[2024-11-20T14:32:00.315+0000] {processor.py:208} INFO - Processing /home/airflow/.local/lib/python3.12/site-packages/airflow/example_dags/example_branch_day_of_week_operator.py took 0.057 seconds
[2024-11-20T14:32:31.611+0000] {processor.py:186} INFO - Started process (PID=700) to work on /home/airflow/.local/lib/python3.12/site-packages/airflow/example_dags/example_branch_day_of_week_operator.py
[2024-11-20T14:32:31.612+0000] {processor.py:914} INFO - Processing file /home/airflow/.local/lib/python3.12/site-packages/airflow/example_dags/example_branch_day_of_week_operator.py for tasks to queue
[2024-11-20T14:32:31.614+0000] {logging_mixin.py:190} INFO - [2024-11-20T14:32:31.613+0000] {dagbag.py:588} INFO - Filling up the DagBag from /home/airflow/.local/lib/python3.12/site-packages/airflow/example_dags/example_branch_day_of_week_operator.py
[2024-11-20T14:32:31.620+0000] {processor.py:925} INFO - DAG(s) 'example_weekday_branch_operator' retrieved from /home/airflow/.local/lib/python3.12/site-packages/airflow/example_dags/example_branch_day_of_week_operator.py
[2024-11-20T14:32:31.633+0000] {logging_mixin.py:190} INFO - [2024-11-20T14:32:31.633+0000] {dag.py:3239} INFO - Sync 1 DAGs
[2024-11-20T14:32:31.648+0000] {logging_mixin.py:190} INFO - [2024-11-20T14:32:31.648+0000] {dag.py:4180} INFO - Setting next_dagrun for example_weekday_branch_operator to 2024-11-19 00:00:00+00:00, run_after=2024-11-20 00:00:00+00:00
[2024-11-20T14:32:31.661+0000] {processor.py:208} INFO - Processing /home/airflow/.local/lib/python3.12/site-packages/airflow/example_dags/example_branch_day_of_week_operator.py took 0.054 seconds
[2024-11-20T14:33:02.254+0000] {processor.py:186} INFO - Started process (PID=762) to work on /home/airflow/.local/lib/python3.12/site-packages/airflow/example_dags/example_branch_day_of_week_operator.py
[2024-11-20T14:33:02.256+0000] {processor.py:914} INFO - Processing file /home/airflow/.local/lib/python3.12/site-packages/airflow/example_dags/example_branch_day_of_week_operator.py for tasks to queue
[2024-11-20T14:33:02.258+0000] {logging_mixin.py:190} INFO - [2024-11-20T14:33:02.258+0000] {dagbag.py:588} INFO - Filling up the DagBag from /home/airflow/.local/lib/python3.12/site-packages/airflow/example_dags/example_branch_day_of_week_operator.py
[2024-11-20T14:33:02.265+0000] {processor.py:925} INFO - DAG(s) 'example_weekday_branch_operator' retrieved from /home/airflow/.local/lib/python3.12/site-packages/airflow/example_dags/example_branch_day_of_week_operator.py
[2024-11-20T14:33:02.278+0000] {logging_mixin.py:190} INFO - [2024-11-20T14:33:02.277+0000] {dag.py:3239} INFO - Sync 1 DAGs
[2024-11-20T14:33:02.293+0000] {logging_mixin.py:190} INFO - [2024-11-20T14:33:02.292+0000] {dag.py:4180} INFO - Setting next_dagrun for example_weekday_branch_operator to 2024-11-19 00:00:00+00:00, run_after=2024-11-20 00:00:00+00:00
[2024-11-20T14:33:02.306+0000] {processor.py:208} INFO - Processing /home/airflow/.local/lib/python3.12/site-packages/airflow/example_dags/example_branch_day_of_week_operator.py took 0.056 seconds
[2024-11-20T14:33:32.883+0000] {processor.py:186} INFO - Started process (PID=825) to work on /home/airflow/.local/lib/python3.12/site-packages/airflow/example_dags/example_branch_day_of_week_operator.py
[2024-11-20T14:33:32.884+0000] {processor.py:914} INFO - Processing file /home/airflow/.local/lib/python3.12/site-packages/airflow/example_dags/example_branch_day_of_week_operator.py for tasks to queue
[2024-11-20T14:33:32.886+0000] {logging_mixin.py:190} INFO - [2024-11-20T14:33:32.886+0000] {dagbag.py:588} INFO - Filling up the DagBag from /home/airflow/.local/lib/python3.12/site-packages/airflow/example_dags/example_branch_day_of_week_operator.py
[2024-11-20T14:33:32.893+0000] {processor.py:925} INFO - DAG(s) 'example_weekday_branch_operator' retrieved from /home/airflow/.local/lib/python3.12/site-packages/airflow/example_dags/example_branch_day_of_week_operator.py
[2024-11-20T14:33:32.907+0000] {logging_mixin.py:190} INFO - [2024-11-20T14:33:32.907+0000] {dag.py:3239} INFO - Sync 1 DAGs
[2024-11-20T14:33:32.923+0000] {logging_mixin.py:190} INFO - [2024-11-20T14:33:32.923+0000] {dag.py:4180} INFO - Setting next_dagrun for example_weekday_branch_operator to 2024-11-19 00:00:00+00:00, run_after=2024-11-20 00:00:00+00:00
[2024-11-20T14:33:32.937+0000] {processor.py:208} INFO - Processing /home/airflow/.local/lib/python3.12/site-packages/airflow/example_dags/example_branch_day_of_week_operator.py took 0.057 seconds
[2024-11-20T14:34:03.495+0000] {processor.py:186} INFO - Started process (PID=888) to work on /home/airflow/.local/lib/python3.12/site-packages/airflow/example_dags/example_branch_day_of_week_operator.py
[2024-11-20T14:34:03.495+0000] {processor.py:914} INFO - Processing file /home/airflow/.local/lib/python3.12/site-packages/airflow/example_dags/example_branch_day_of_week_operator.py for tasks to queue
[2024-11-20T14:34:03.497+0000] {logging_mixin.py:190} INFO - [2024-11-20T14:34:03.497+0000] {dagbag.py:588} INFO - Filling up the DagBag from /home/airflow/.local/lib/python3.12/site-packages/airflow/example_dags/example_branch_day_of_week_operator.py
[2024-11-20T14:34:03.504+0000] {processor.py:925} INFO - DAG(s) 'example_weekday_branch_operator' retrieved from /home/airflow/.local/lib/python3.12/site-packages/airflow/example_dags/example_branch_day_of_week_operator.py
[2024-11-20T14:34:03.519+0000] {logging_mixin.py:190} INFO - [2024-11-20T14:34:03.518+0000] {dag.py:3239} INFO - Sync 1 DAGs
[2024-11-20T14:34:03.534+0000] {logging_mixin.py:190} INFO - [2024-11-20T14:34:03.534+0000] {dag.py:4180} INFO - Setting next_dagrun for example_weekday_branch_operator to 2024-11-19 00:00:00+00:00, run_after=2024-11-20 00:00:00+00:00
[2024-11-20T14:34:03.551+0000] {processor.py:208} INFO - Processing /home/airflow/.local/lib/python3.12/site-packages/airflow/example_dags/example_branch_day_of_week_operator.py took 0.061 seconds
[2024-11-20T14:34:34.235+0000] {processor.py:186} INFO - Started process (PID=950) to work on /home/airflow/.local/lib/python3.12/site-packages/airflow/example_dags/example_branch_day_of_week_operator.py
[2024-11-20T14:34:34.236+0000] {processor.py:914} INFO - Processing file /home/airflow/.local/lib/python3.12/site-packages/airflow/example_dags/example_branch_day_of_week_operator.py for tasks to queue
[2024-11-20T14:34:34.239+0000] {logging_mixin.py:190} INFO - [2024-11-20T14:34:34.238+0000] {dagbag.py:588} INFO - Filling up the DagBag from /home/airflow/.local/lib/python3.12/site-packages/airflow/example_dags/example_branch_day_of_week_operator.py
[2024-11-20T14:34:34.245+0000] {processor.py:925} INFO - DAG(s) 'example_weekday_branch_operator' retrieved from /home/airflow/.local/lib/python3.12/site-packages/airflow/example_dags/example_branch_day_of_week_operator.py
[2024-11-20T14:34:34.259+0000] {logging_mixin.py:190} INFO - [2024-11-20T14:34:34.259+0000] {dag.py:3239} INFO - Sync 1 DAGs
[2024-11-20T14:34:34.276+0000] {logging_mixin.py:190} INFO - [2024-11-20T14:34:34.276+0000] {dag.py:4180} INFO - Setting next_dagrun for example_weekday_branch_operator to 2024-11-19 00:00:00+00:00, run_after=2024-11-20 00:00:00+00:00
[2024-11-20T14:34:34.290+0000] {processor.py:208} INFO - Processing /home/airflow/.local/lib/python3.12/site-packages/airflow/example_dags/example_branch_day_of_week_operator.py took 0.058 seconds
[2024-11-20T14:35:04.882+0000] {processor.py:186} INFO - Started process (PID=1013) to work on /home/airflow/.local/lib/python3.12/site-packages/airflow/example_dags/example_branch_day_of_week_operator.py
[2024-11-20T14:35:04.883+0000] {processor.py:914} INFO - Processing file /home/airflow/.local/lib/python3.12/site-packages/airflow/example_dags/example_branch_day_of_week_operator.py for tasks to queue
[2024-11-20T14:35:04.885+0000] {logging_mixin.py:190} INFO - [2024-11-20T14:35:04.885+0000] {dagbag.py:588} INFO - Filling up the DagBag from /home/airflow/.local/lib/python3.12/site-packages/airflow/example_dags/example_branch_day_of_week_operator.py
[2024-11-20T14:35:04.891+0000] {processor.py:925} INFO - DAG(s) 'example_weekday_branch_operator' retrieved from /home/airflow/.local/lib/python3.12/site-packages/airflow/example_dags/example_branch_day_of_week_operator.py
[2024-11-20T14:35:04.903+0000] {logging_mixin.py:190} INFO - [2024-11-20T14:35:04.903+0000] {dag.py:3239} INFO - Sync 1 DAGs
[2024-11-20T14:35:04.916+0000] {logging_mixin.py:190} INFO - [2024-11-20T14:35:04.916+0000] {dag.py:4180} INFO - Setting next_dagrun for example_weekday_branch_operator to 2024-11-19 00:00:00+00:00, run_after=2024-11-20 00:00:00+00:00
[2024-11-20T14:35:04.929+0000] {processor.py:208} INFO - Processing /home/airflow/.local/lib/python3.12/site-packages/airflow/example_dags/example_branch_day_of_week_operator.py took 0.050 seconds
[2024-11-20T14:35:35.629+0000] {processor.py:186} INFO - Started process (PID=1076) to work on /home/airflow/.local/lib/python3.12/site-packages/airflow/example_dags/example_branch_day_of_week_operator.py
[2024-11-20T14:35:35.630+0000] {processor.py:914} INFO - Processing file /home/airflow/.local/lib/python3.12/site-packages/airflow/example_dags/example_branch_day_of_week_operator.py for tasks to queue
[2024-11-20T14:35:35.632+0000] {logging_mixin.py:190} INFO - [2024-11-20T14:35:35.632+0000] {dagbag.py:588} INFO - Filling up the DagBag from /home/airflow/.local/lib/python3.12/site-packages/airflow/example_dags/example_branch_day_of_week_operator.py
[2024-11-20T14:35:35.638+0000] {processor.py:925} INFO - DAG(s) 'example_weekday_branch_operator' retrieved from /home/airflow/.local/lib/python3.12/site-packages/airflow/example_dags/example_branch_day_of_week_operator.py
[2024-11-20T14:35:35.651+0000] {logging_mixin.py:190} INFO - [2024-11-20T14:35:35.651+0000] {dag.py:3239} INFO - Sync 1 DAGs
[2024-11-20T14:35:35.669+0000] {logging_mixin.py:190} INFO - [2024-11-20T14:35:35.669+0000] {dag.py:4180} INFO - Setting next_dagrun for example_weekday_branch_operator to 2024-11-19 00:00:00+00:00, run_after=2024-11-20 00:00:00+00:00
[2024-11-20T14:35:35.684+0000] {processor.py:208} INFO - Processing /home/airflow/.local/lib/python3.12/site-packages/airflow/example_dags/example_branch_day_of_week_operator.py took 0.059 seconds
[2024-11-20T14:36:06.472+0000] {processor.py:186} INFO - Started process (PID=1139) to work on /home/airflow/.local/lib/python3.12/site-packages/airflow/example_dags/example_branch_day_of_week_operator.py
[2024-11-20T14:36:06.473+0000] {processor.py:914} INFO - Processing file /home/airflow/.local/lib/python3.12/site-packages/airflow/example_dags/example_branch_day_of_week_operator.py for tasks to queue
[2024-11-20T14:36:06.475+0000] {logging_mixin.py:190} INFO - [2024-11-20T14:36:06.474+0000] {dagbag.py:588} INFO - Filling up the DagBag from /home/airflow/.local/lib/python3.12/site-packages/airflow/example_dags/example_branch_day_of_week_operator.py
[2024-11-20T14:36:06.481+0000] {processor.py:925} INFO - DAG(s) 'example_weekday_branch_operator' retrieved from /home/airflow/.local/lib/python3.12/site-packages/airflow/example_dags/example_branch_day_of_week_operator.py
[2024-11-20T14:36:06.494+0000] {logging_mixin.py:190} INFO - [2024-11-20T14:36:06.494+0000] {dag.py:3239} INFO - Sync 1 DAGs
[2024-11-20T14:36:06.508+0000] {logging_mixin.py:190} INFO - [2024-11-20T14:36:06.508+0000] {dag.py:4180} INFO - Setting next_dagrun for example_weekday_branch_operator to 2024-11-19 00:00:00+00:00, run_after=2024-11-20 00:00:00+00:00
[2024-11-20T14:36:06.522+0000] {processor.py:208} INFO - Processing /home/airflow/.local/lib/python3.12/site-packages/airflow/example_dags/example_branch_day_of_week_operator.py took 0.053 seconds
[2024-11-20T14:36:37.051+0000] {processor.py:186} INFO - Started process (PID=1202) to work on /home/airflow/.local/lib/python3.12/site-packages/airflow/example_dags/example_branch_day_of_week_operator.py
[2024-11-20T14:36:37.052+0000] {processor.py:914} INFO - Processing file /home/airflow/.local/lib/python3.12/site-packages/airflow/example_dags/example_branch_day_of_week_operator.py for tasks to queue
[2024-11-20T14:36:37.054+0000] {logging_mixin.py:190} INFO - [2024-11-20T14:36:37.054+0000] {dagbag.py:588} INFO - Filling up the DagBag from /home/airflow/.local/lib/python3.12/site-packages/airflow/example_dags/example_branch_day_of_week_operator.py
[2024-11-20T14:36:37.061+0000] {processor.py:925} INFO - DAG(s) 'example_weekday_branch_operator' retrieved from /home/airflow/.local/lib/python3.12/site-packages/airflow/example_dags/example_branch_day_of_week_operator.py
[2024-11-20T14:36:37.074+0000] {logging_mixin.py:190} INFO - [2024-11-20T14:36:37.074+0000] {dag.py:3239} INFO - Sync 1 DAGs
[2024-11-20T14:36:37.089+0000] {logging_mixin.py:190} INFO - [2024-11-20T14:36:37.089+0000] {dag.py:4180} INFO - Setting next_dagrun for example_weekday_branch_operator to 2024-11-19 00:00:00+00:00, run_after=2024-11-20 00:00:00+00:00
[2024-11-20T14:36:37.106+0000] {processor.py:208} INFO - Processing /home/airflow/.local/lib/python3.12/site-packages/airflow/example_dags/example_branch_day_of_week_operator.py took 0.058 seconds
[2024-11-20T14:37:07.599+0000] {processor.py:186} INFO - Started process (PID=1265) to work on /home/airflow/.local/lib/python3.12/site-packages/airflow/example_dags/example_branch_day_of_week_operator.py
[2024-11-20T14:37:07.600+0000] {processor.py:914} INFO - Processing file /home/airflow/.local/lib/python3.12/site-packages/airflow/example_dags/example_branch_day_of_week_operator.py for tasks to queue
[2024-11-20T14:37:07.602+0000] {logging_mixin.py:190} INFO - [2024-11-20T14:37:07.602+0000] {dagbag.py:588} INFO - Filling up the DagBag from /home/airflow/.local/lib/python3.12/site-packages/airflow/example_dags/example_branch_day_of_week_operator.py
[2024-11-20T14:37:07.610+0000] {processor.py:925} INFO - DAG(s) 'example_weekday_branch_operator' retrieved from /home/airflow/.local/lib/python3.12/site-packages/airflow/example_dags/example_branch_day_of_week_operator.py
[2024-11-20T14:37:07.623+0000] {logging_mixin.py:190} INFO - [2024-11-20T14:37:07.623+0000] {dag.py:3239} INFO - Sync 1 DAGs
[2024-11-20T14:37:07.639+0000] {logging_mixin.py:190} INFO - [2024-11-20T14:37:07.639+0000] {dag.py:4180} INFO - Setting next_dagrun for example_weekday_branch_operator to 2024-11-19 00:00:00+00:00, run_after=2024-11-20 00:00:00+00:00
[2024-11-20T14:37:07.657+0000] {processor.py:208} INFO - Processing /home/airflow/.local/lib/python3.12/site-packages/airflow/example_dags/example_branch_day_of_week_operator.py took 0.062 seconds
[2024-11-20T14:37:37.962+0000] {processor.py:186} INFO - Started process (PID=1327) to work on /home/airflow/.local/lib/python3.12/site-packages/airflow/example_dags/example_branch_day_of_week_operator.py
[2024-11-20T14:37:37.963+0000] {processor.py:914} INFO - Processing file /home/airflow/.local/lib/python3.12/site-packages/airflow/example_dags/example_branch_day_of_week_operator.py for tasks to queue
[2024-11-20T14:37:37.965+0000] {logging_mixin.py:190} INFO - [2024-11-20T14:37:37.965+0000] {dagbag.py:588} INFO - Filling up the DagBag from /home/airflow/.local/lib/python3.12/site-packages/airflow/example_dags/example_branch_day_of_week_operator.py
[2024-11-20T14:37:37.972+0000] {processor.py:925} INFO - DAG(s) 'example_weekday_branch_operator' retrieved from /home/airflow/.local/lib/python3.12/site-packages/airflow/example_dags/example_branch_day_of_week_operator.py
[2024-11-20T14:37:37.987+0000] {logging_mixin.py:190} INFO - [2024-11-20T14:37:37.987+0000] {dag.py:3239} INFO - Sync 1 DAGs
[2024-11-20T14:37:38.002+0000] {logging_mixin.py:190} INFO - [2024-11-20T14:37:38.002+0000] {dag.py:4180} INFO - Setting next_dagrun for example_weekday_branch_operator to 2024-11-19 00:00:00+00:00, run_after=2024-11-20 00:00:00+00:00
[2024-11-20T14:37:38.019+0000] {processor.py:208} INFO - Processing /home/airflow/.local/lib/python3.12/site-packages/airflow/example_dags/example_branch_day_of_week_operator.py took 0.061 seconds
[2024-11-20T14:38:08.297+0000] {processor.py:186} INFO - Started process (PID=1389) to work on /home/airflow/.local/lib/python3.12/site-packages/airflow/example_dags/example_branch_day_of_week_operator.py
[2024-11-20T14:38:08.298+0000] {processor.py:914} INFO - Processing file /home/airflow/.local/lib/python3.12/site-packages/airflow/example_dags/example_branch_day_of_week_operator.py for tasks to queue
[2024-11-20T14:38:08.300+0000] {logging_mixin.py:190} INFO - [2024-11-20T14:38:08.300+0000] {dagbag.py:588} INFO - Filling up the DagBag from /home/airflow/.local/lib/python3.12/site-packages/airflow/example_dags/example_branch_day_of_week_operator.py
[2024-11-20T14:38:08.307+0000] {processor.py:925} INFO - DAG(s) 'example_weekday_branch_operator' retrieved from /home/airflow/.local/lib/python3.12/site-packages/airflow/example_dags/example_branch_day_of_week_operator.py
[2024-11-20T14:38:08.321+0000] {logging_mixin.py:190} INFO - [2024-11-20T14:38:08.321+0000] {dag.py:3239} INFO - Sync 1 DAGs
[2024-11-20T14:38:08.335+0000] {logging_mixin.py:190} INFO - [2024-11-20T14:38:08.335+0000] {dag.py:4180} INFO - Setting next_dagrun for example_weekday_branch_operator to 2024-11-19 00:00:00+00:00, run_after=2024-11-20 00:00:00+00:00
[2024-11-20T14:38:08.350+0000] {processor.py:208} INFO - Processing /home/airflow/.local/lib/python3.12/site-packages/airflow/example_dags/example_branch_day_of_week_operator.py took 0.061 seconds
[2024-11-20T14:38:39.181+0000] {processor.py:186} INFO - Started process (PID=1453) to work on /home/airflow/.local/lib/python3.12/site-packages/airflow/example_dags/example_branch_day_of_week_operator.py
[2024-11-20T14:38:39.181+0000] {processor.py:914} INFO - Processing file /home/airflow/.local/lib/python3.12/site-packages/airflow/example_dags/example_branch_day_of_week_operator.py for tasks to queue
[2024-11-20T14:38:39.183+0000] {logging_mixin.py:190} INFO - [2024-11-20T14:38:39.183+0000] {dagbag.py:588} INFO - Filling up the DagBag from /home/airflow/.local/lib/python3.12/site-packages/airflow/example_dags/example_branch_day_of_week_operator.py
[2024-11-20T14:38:39.189+0000] {processor.py:925} INFO - DAG(s) 'example_weekday_branch_operator' retrieved from /home/airflow/.local/lib/python3.12/site-packages/airflow/example_dags/example_branch_day_of_week_operator.py
[2024-11-20T14:38:39.203+0000] {logging_mixin.py:190} INFO - [2024-11-20T14:38:39.203+0000] {dag.py:3239} INFO - Sync 1 DAGs
[2024-11-20T14:38:39.219+0000] {logging_mixin.py:190} INFO - [2024-11-20T14:38:39.219+0000] {dag.py:4180} INFO - Setting next_dagrun for example_weekday_branch_operator to 2024-11-19 00:00:00+00:00, run_after=2024-11-20 00:00:00+00:00
[2024-11-20T14:38:39.233+0000] {processor.py:208} INFO - Processing /home/airflow/.local/lib/python3.12/site-packages/airflow/example_dags/example_branch_day_of_week_operator.py took 0.057 seconds
[2024-11-20T14:39:09.338+0000] {processor.py:186} INFO - Started process (PID=1515) to work on /home/airflow/.local/lib/python3.12/site-packages/airflow/example_dags/example_branch_day_of_week_operator.py
[2024-11-20T14:39:09.338+0000] {processor.py:914} INFO - Processing file /home/airflow/.local/lib/python3.12/site-packages/airflow/example_dags/example_branch_day_of_week_operator.py for tasks to queue
[2024-11-20T14:39:09.340+0000] {logging_mixin.py:190} INFO - [2024-11-20T14:39:09.340+0000] {dagbag.py:588} INFO - Filling up the DagBag from /home/airflow/.local/lib/python3.12/site-packages/airflow/example_dags/example_branch_day_of_week_operator.py
[2024-11-20T14:39:09.346+0000] {processor.py:925} INFO - DAG(s) 'example_weekday_branch_operator' retrieved from /home/airflow/.local/lib/python3.12/site-packages/airflow/example_dags/example_branch_day_of_week_operator.py
[2024-11-20T14:39:09.361+0000] {logging_mixin.py:190} INFO - [2024-11-20T14:39:09.361+0000] {dag.py:3239} INFO - Sync 1 DAGs
[2024-11-20T14:39:09.376+0000] {logging_mixin.py:190} INFO - [2024-11-20T14:39:09.376+0000] {dag.py:4180} INFO - Setting next_dagrun for example_weekday_branch_operator to 2024-11-19 00:00:00+00:00, run_after=2024-11-20 00:00:00+00:00
[2024-11-20T14:39:09.392+0000] {processor.py:208} INFO - Processing /home/airflow/.local/lib/python3.12/site-packages/airflow/example_dags/example_branch_day_of_week_operator.py took 0.058 seconds
[2024-11-20T14:39:39.833+0000] {processor.py:186} INFO - Started process (PID=1578) to work on /home/airflow/.local/lib/python3.12/site-packages/airflow/example_dags/example_branch_day_of_week_operator.py
[2024-11-20T14:39:39.834+0000] {processor.py:914} INFO - Processing file /home/airflow/.local/lib/python3.12/site-packages/airflow/example_dags/example_branch_day_of_week_operator.py for tasks to queue
[2024-11-20T14:39:39.836+0000] {logging_mixin.py:190} INFO - [2024-11-20T14:39:39.836+0000] {dagbag.py:588} INFO - Filling up the DagBag from /home/airflow/.local/lib/python3.12/site-packages/airflow/example_dags/example_branch_day_of_week_operator.py
[2024-11-20T14:39:39.842+0000] {processor.py:925} INFO - DAG(s) 'example_weekday_branch_operator' retrieved from /home/airflow/.local/lib/python3.12/site-packages/airflow/example_dags/example_branch_day_of_week_operator.py
[2024-11-20T14:39:39.858+0000] {logging_mixin.py:190} INFO - [2024-11-20T14:39:39.858+0000] {dag.py:3239} INFO - Sync 1 DAGs
[2024-11-20T14:39:39.874+0000] {logging_mixin.py:190} INFO - [2024-11-20T14:39:39.873+0000] {dag.py:4180} INFO - Setting next_dagrun for example_weekday_branch_operator to 2024-11-19 00:00:00+00:00, run_after=2024-11-20 00:00:00+00:00
[2024-11-20T14:39:39.891+0000] {processor.py:208} INFO - Processing /home/airflow/.local/lib/python3.12/site-packages/airflow/example_dags/example_branch_day_of_week_operator.py took 0.064 seconds
[2024-11-20T14:40:10.124+0000] {processor.py:186} INFO - Started process (PID=1641) to work on /home/airflow/.local/lib/python3.12/site-packages/airflow/example_dags/example_branch_day_of_week_operator.py
[2024-11-20T14:40:10.125+0000] {processor.py:914} INFO - Processing file /home/airflow/.local/lib/python3.12/site-packages/airflow/example_dags/example_branch_day_of_week_operator.py for tasks to queue
[2024-11-20T14:40:10.127+0000] {logging_mixin.py:190} INFO - [2024-11-20T14:40:10.126+0000] {dagbag.py:588} INFO - Filling up the DagBag from /home/airflow/.local/lib/python3.12/site-packages/airflow/example_dags/example_branch_day_of_week_operator.py
[2024-11-20T14:40:10.134+0000] {processor.py:925} INFO - DAG(s) 'example_weekday_branch_operator' retrieved from /home/airflow/.local/lib/python3.12/site-packages/airflow/example_dags/example_branch_day_of_week_operator.py
[2024-11-20T14:40:10.149+0000] {logging_mixin.py:190} INFO - [2024-11-20T14:40:10.148+0000] {dag.py:3239} INFO - Sync 1 DAGs
[2024-11-20T14:40:10.163+0000] {logging_mixin.py:190} INFO - [2024-11-20T14:40:10.163+0000] {dag.py:4180} INFO - Setting next_dagrun for example_weekday_branch_operator to 2024-11-19 00:00:00+00:00, run_after=2024-11-20 00:00:00+00:00
[2024-11-20T14:40:10.179+0000] {processor.py:208} INFO - Processing /home/airflow/.local/lib/python3.12/site-packages/airflow/example_dags/example_branch_day_of_week_operator.py took 0.060 seconds
[2024-11-20T14:40:40.794+0000] {processor.py:186} INFO - Started process (PID=1704) to work on /home/airflow/.local/lib/python3.12/site-packages/airflow/example_dags/example_branch_day_of_week_operator.py
[2024-11-20T14:40:40.795+0000] {processor.py:914} INFO - Processing file /home/airflow/.local/lib/python3.12/site-packages/airflow/example_dags/example_branch_day_of_week_operator.py for tasks to queue
[2024-11-20T14:40:40.796+0000] {logging_mixin.py:190} INFO - [2024-11-20T14:40:40.796+0000] {dagbag.py:588} INFO - Filling up the DagBag from /home/airflow/.local/lib/python3.12/site-packages/airflow/example_dags/example_branch_day_of_week_operator.py
[2024-11-20T14:40:40.803+0000] {processor.py:925} INFO - DAG(s) 'example_weekday_branch_operator' retrieved from /home/airflow/.local/lib/python3.12/site-packages/airflow/example_dags/example_branch_day_of_week_operator.py
[2024-11-20T14:40:40.818+0000] {logging_mixin.py:190} INFO - [2024-11-20T14:40:40.818+0000] {dag.py:3239} INFO - Sync 1 DAGs
[2024-11-20T14:40:40.840+0000] {logging_mixin.py:190} INFO - [2024-11-20T14:40:40.840+0000] {dag.py:4180} INFO - Setting next_dagrun for example_weekday_branch_operator to 2024-11-19 00:00:00+00:00, run_after=2024-11-20 00:00:00+00:00
[2024-11-20T14:40:40.857+0000] {processor.py:208} INFO - Processing /home/airflow/.local/lib/python3.12/site-packages/airflow/example_dags/example_branch_day_of_week_operator.py took 0.067 seconds
[2024-11-20T14:41:11.720+0000] {processor.py:186} INFO - Started process (PID=1767) to work on /home/airflow/.local/lib/python3.12/site-packages/airflow/example_dags/example_branch_day_of_week_operator.py
[2024-11-20T14:41:11.721+0000] {processor.py:914} INFO - Processing file /home/airflow/.local/lib/python3.12/site-packages/airflow/example_dags/example_branch_day_of_week_operator.py for tasks to queue
[2024-11-20T14:41:11.723+0000] {logging_mixin.py:190} INFO - [2024-11-20T14:41:11.722+0000] {dagbag.py:588} INFO - Filling up the DagBag from /home/airflow/.local/lib/python3.12/site-packages/airflow/example_dags/example_branch_day_of_week_operator.py
[2024-11-20T14:41:11.729+0000] {processor.py:925} INFO - DAG(s) 'example_weekday_branch_operator' retrieved from /home/airflow/.local/lib/python3.12/site-packages/airflow/example_dags/example_branch_day_of_week_operator.py
[2024-11-20T14:41:11.743+0000] {logging_mixin.py:190} INFO - [2024-11-20T14:41:11.742+0000] {dag.py:3239} INFO - Sync 1 DAGs
[2024-11-20T14:41:11.757+0000] {logging_mixin.py:190} INFO - [2024-11-20T14:41:11.757+0000] {dag.py:4180} INFO - Setting next_dagrun for example_weekday_branch_operator to 2024-11-19 00:00:00+00:00, run_after=2024-11-20 00:00:00+00:00
[2024-11-20T14:41:11.773+0000] {processor.py:208} INFO - Processing /home/airflow/.local/lib/python3.12/site-packages/airflow/example_dags/example_branch_day_of_week_operator.py took 0.057 seconds
[2024-11-20T14:41:42.316+0000] {processor.py:186} INFO - Started process (PID=1830) to work on /home/airflow/.local/lib/python3.12/site-packages/airflow/example_dags/example_branch_day_of_week_operator.py
[2024-11-20T14:41:42.317+0000] {processor.py:914} INFO - Processing file /home/airflow/.local/lib/python3.12/site-packages/airflow/example_dags/example_branch_day_of_week_operator.py for tasks to queue
[2024-11-20T14:41:42.319+0000] {logging_mixin.py:190} INFO - [2024-11-20T14:41:42.319+0000] {dagbag.py:588} INFO - Filling up the DagBag from /home/airflow/.local/lib/python3.12/site-packages/airflow/example_dags/example_branch_day_of_week_operator.py
[2024-11-20T14:41:42.325+0000] {processor.py:925} INFO - DAG(s) 'example_weekday_branch_operator' retrieved from /home/airflow/.local/lib/python3.12/site-packages/airflow/example_dags/example_branch_day_of_week_operator.py
[2024-11-20T14:41:42.339+0000] {logging_mixin.py:190} INFO - [2024-11-20T14:41:42.339+0000] {dag.py:3239} INFO - Sync 1 DAGs
[2024-11-20T14:41:42.353+0000] {logging_mixin.py:190} INFO - [2024-11-20T14:41:42.353+0000] {dag.py:4180} INFO - Setting next_dagrun for example_weekday_branch_operator to 2024-11-19 00:00:00+00:00, run_after=2024-11-20 00:00:00+00:00
[2024-11-20T14:41:42.369+0000] {processor.py:208} INFO - Processing /home/airflow/.local/lib/python3.12/site-packages/airflow/example_dags/example_branch_day_of_week_operator.py took 0.058 seconds
[2024-11-20T14:42:12.603+0000] {processor.py:186} INFO - Started process (PID=1893) to work on /home/airflow/.local/lib/python3.12/site-packages/airflow/example_dags/example_branch_day_of_week_operator.py
[2024-11-20T14:42:12.604+0000] {processor.py:914} INFO - Processing file /home/airflow/.local/lib/python3.12/site-packages/airflow/example_dags/example_branch_day_of_week_operator.py for tasks to queue
[2024-11-20T14:42:12.606+0000] {logging_mixin.py:190} INFO - [2024-11-20T14:42:12.606+0000] {dagbag.py:588} INFO - Filling up the DagBag from /home/airflow/.local/lib/python3.12/site-packages/airflow/example_dags/example_branch_day_of_week_operator.py
[2024-11-20T14:42:12.613+0000] {processor.py:925} INFO - DAG(s) 'example_weekday_branch_operator' retrieved from /home/airflow/.local/lib/python3.12/site-packages/airflow/example_dags/example_branch_day_of_week_operator.py
[2024-11-20T14:42:12.629+0000] {logging_mixin.py:190} INFO - [2024-11-20T14:42:12.629+0000] {dag.py:3239} INFO - Sync 1 DAGs
[2024-11-20T14:42:12.644+0000] {logging_mixin.py:190} INFO - [2024-11-20T14:42:12.644+0000] {dag.py:4180} INFO - Setting next_dagrun for example_weekday_branch_operator to 2024-11-19 00:00:00+00:00, run_after=2024-11-20 00:00:00+00:00
[2024-11-20T14:42:12.659+0000] {processor.py:208} INFO - Processing /home/airflow/.local/lib/python3.12/site-packages/airflow/example_dags/example_branch_day_of_week_operator.py took 0.060 seconds
[2024-11-20T14:42:42.927+0000] {processor.py:186} INFO - Started process (PID=1956) to work on /home/airflow/.local/lib/python3.12/site-packages/airflow/example_dags/example_branch_day_of_week_operator.py
[2024-11-20T14:42:42.928+0000] {processor.py:914} INFO - Processing file /home/airflow/.local/lib/python3.12/site-packages/airflow/example_dags/example_branch_day_of_week_operator.py for tasks to queue
[2024-11-20T14:42:42.930+0000] {logging_mixin.py:190} INFO - [2024-11-20T14:42:42.930+0000] {dagbag.py:588} INFO - Filling up the DagBag from /home/airflow/.local/lib/python3.12/site-packages/airflow/example_dags/example_branch_day_of_week_operator.py
[2024-11-20T14:42:42.936+0000] {processor.py:925} INFO - DAG(s) 'example_weekday_branch_operator' retrieved from /home/airflow/.local/lib/python3.12/site-packages/airflow/example_dags/example_branch_day_of_week_operator.py
[2024-11-20T14:42:42.951+0000] {logging_mixin.py:190} INFO - [2024-11-20T14:42:42.951+0000] {dag.py:3239} INFO - Sync 1 DAGs
[2024-11-20T14:42:42.966+0000] {logging_mixin.py:190} INFO - [2024-11-20T14:42:42.966+0000] {dag.py:4180} INFO - Setting next_dagrun for example_weekday_branch_operator to 2024-11-19 00:00:00+00:00, run_after=2024-11-20 00:00:00+00:00
[2024-11-20T14:42:42.982+0000] {processor.py:208} INFO - Processing /home/airflow/.local/lib/python3.12/site-packages/airflow/example_dags/example_branch_day_of_week_operator.py took 0.058 seconds
[2024-11-20T14:43:13.830+0000] {processor.py:186} INFO - Started process (PID=2019) to work on /home/airflow/.local/lib/python3.12/site-packages/airflow/example_dags/example_branch_day_of_week_operator.py
[2024-11-20T14:43:13.831+0000] {processor.py:914} INFO - Processing file /home/airflow/.local/lib/python3.12/site-packages/airflow/example_dags/example_branch_day_of_week_operator.py for tasks to queue
[2024-11-20T14:43:13.832+0000] {logging_mixin.py:190} INFO - [2024-11-20T14:43:13.832+0000] {dagbag.py:588} INFO - Filling up the DagBag from /home/airflow/.local/lib/python3.12/site-packages/airflow/example_dags/example_branch_day_of_week_operator.py
[2024-11-20T14:43:13.838+0000] {processor.py:925} INFO - DAG(s) 'example_weekday_branch_operator' retrieved from /home/airflow/.local/lib/python3.12/site-packages/airflow/example_dags/example_branch_day_of_week_operator.py
[2024-11-20T14:43:13.852+0000] {logging_mixin.py:190} INFO - [2024-11-20T14:43:13.852+0000] {dag.py:3239} INFO - Sync 1 DAGs
[2024-11-20T14:43:13.867+0000] {logging_mixin.py:190} INFO - [2024-11-20T14:43:13.867+0000] {dag.py:4180} INFO - Setting next_dagrun for example_weekday_branch_operator to 2024-11-19 00:00:00+00:00, run_after=2024-11-20 00:00:00+00:00
[2024-11-20T14:43:13.885+0000] {processor.py:208} INFO - Processing /home/airflow/.local/lib/python3.12/site-packages/airflow/example_dags/example_branch_day_of_week_operator.py took 0.059 seconds
[2024-11-20T14:49:53.303+0000] {processor.py:186} INFO - Started process (PID=2087) to work on /home/airflow/.local/lib/python3.12/site-packages/airflow/example_dags/example_branch_day_of_week_operator.py
[2024-11-20T14:49:53.304+0000] {processor.py:914} INFO - Processing file /home/airflow/.local/lib/python3.12/site-packages/airflow/example_dags/example_branch_day_of_week_operator.py for tasks to queue
[2024-11-20T14:49:53.305+0000] {logging_mixin.py:190} INFO - [2024-11-20T14:49:53.305+0000] {dagbag.py:588} INFO - Filling up the DagBag from /home/airflow/.local/lib/python3.12/site-packages/airflow/example_dags/example_branch_day_of_week_operator.py
[2024-11-20T14:49:53.311+0000] {processor.py:925} INFO - DAG(s) 'example_weekday_branch_operator' retrieved from /home/airflow/.local/lib/python3.12/site-packages/airflow/example_dags/example_branch_day_of_week_operator.py
[2024-11-20T14:49:53.325+0000] {logging_mixin.py:190} INFO - [2024-11-20T14:49:53.325+0000] {dag.py:3239} INFO - Sync 1 DAGs
[2024-11-20T14:49:53.340+0000] {logging_mixin.py:190} INFO - [2024-11-20T14:49:53.340+0000] {dag.py:4180} INFO - Setting next_dagrun for example_weekday_branch_operator to 2024-11-19 00:00:00+00:00, run_after=2024-11-20 00:00:00+00:00
[2024-11-20T14:49:53.368+0000] {processor.py:208} INFO - Processing /home/airflow/.local/lib/python3.12/site-packages/airflow/example_dags/example_branch_day_of_week_operator.py took 0.069 seconds
[2024-11-20T14:50:24.981+0000] {processor.py:186} INFO - Started process (PID=2150) to work on /home/airflow/.local/lib/python3.12/site-packages/airflow/example_dags/example_branch_day_of_week_operator.py
[2024-11-20T14:50:24.982+0000] {processor.py:914} INFO - Processing file /home/airflow/.local/lib/python3.12/site-packages/airflow/example_dags/example_branch_day_of_week_operator.py for tasks to queue
[2024-11-20T14:50:24.984+0000] {logging_mixin.py:190} INFO - [2024-11-20T14:50:24.984+0000] {dagbag.py:588} INFO - Filling up the DagBag from /home/airflow/.local/lib/python3.12/site-packages/airflow/example_dags/example_branch_day_of_week_operator.py
[2024-11-20T14:50:24.990+0000] {processor.py:925} INFO - DAG(s) 'example_weekday_branch_operator' retrieved from /home/airflow/.local/lib/python3.12/site-packages/airflow/example_dags/example_branch_day_of_week_operator.py
[2024-11-20T14:50:25.003+0000] {logging_mixin.py:190} INFO - [2024-11-20T14:50:25.003+0000] {dag.py:3239} INFO - Sync 1 DAGs
[2024-11-20T14:50:25.017+0000] {logging_mixin.py:190} INFO - [2024-11-20T14:50:25.017+0000] {dag.py:4180} INFO - Setting next_dagrun for example_weekday_branch_operator to 2024-11-19 00:00:00+00:00, run_after=2024-11-20 00:00:00+00:00
[2024-11-20T14:50:25.033+0000] {processor.py:208} INFO - Processing /home/airflow/.local/lib/python3.12/site-packages/airflow/example_dags/example_branch_day_of_week_operator.py took 0.055 seconds
[2024-11-20T14:50:56.311+0000] {processor.py:186} INFO - Started process (PID=2213) to work on /home/airflow/.local/lib/python3.12/site-packages/airflow/example_dags/example_branch_day_of_week_operator.py
[2024-11-20T14:50:56.312+0000] {processor.py:914} INFO - Processing file /home/airflow/.local/lib/python3.12/site-packages/airflow/example_dags/example_branch_day_of_week_operator.py for tasks to queue
[2024-11-20T14:50:56.314+0000] {logging_mixin.py:190} INFO - [2024-11-20T14:50:56.314+0000] {dagbag.py:588} INFO - Filling up the DagBag from /home/airflow/.local/lib/python3.12/site-packages/airflow/example_dags/example_branch_day_of_week_operator.py
[2024-11-20T14:50:56.320+0000] {processor.py:925} INFO - DAG(s) 'example_weekday_branch_operator' retrieved from /home/airflow/.local/lib/python3.12/site-packages/airflow/example_dags/example_branch_day_of_week_operator.py
[2024-11-20T14:50:56.334+0000] {logging_mixin.py:190} INFO - [2024-11-20T14:50:56.333+0000] {dag.py:3239} INFO - Sync 1 DAGs
[2024-11-20T14:50:56.349+0000] {logging_mixin.py:190} INFO - [2024-11-20T14:50:56.349+0000] {dag.py:4180} INFO - Setting next_dagrun for example_weekday_branch_operator to 2024-11-19 00:00:00+00:00, run_after=2024-11-20 00:00:00+00:00
[2024-11-20T14:50:56.365+0000] {processor.py:208} INFO - Processing /home/airflow/.local/lib/python3.12/site-packages/airflow/example_dags/example_branch_day_of_week_operator.py took 0.057 seconds
[2024-11-20T14:51:26.788+0000] {processor.py:186} INFO - Started process (PID=2276) to work on /home/airflow/.local/lib/python3.12/site-packages/airflow/example_dags/example_branch_day_of_week_operator.py
[2024-11-20T14:51:26.789+0000] {processor.py:914} INFO - Processing file /home/airflow/.local/lib/python3.12/site-packages/airflow/example_dags/example_branch_day_of_week_operator.py for tasks to queue
[2024-11-20T14:51:26.790+0000] {logging_mixin.py:190} INFO - [2024-11-20T14:51:26.790+0000] {dagbag.py:588} INFO - Filling up the DagBag from /home/airflow/.local/lib/python3.12/site-packages/airflow/example_dags/example_branch_day_of_week_operator.py
[2024-11-20T14:51:26.796+0000] {processor.py:925} INFO - DAG(s) 'example_weekday_branch_operator' retrieved from /home/airflow/.local/lib/python3.12/site-packages/airflow/example_dags/example_branch_day_of_week_operator.py
[2024-11-20T14:51:26.808+0000] {logging_mixin.py:190} INFO - [2024-11-20T14:51:26.807+0000] {dag.py:3239} INFO - Sync 1 DAGs
[2024-11-20T14:51:26.821+0000] {logging_mixin.py:190} INFO - [2024-11-20T14:51:26.821+0000] {dag.py:4180} INFO - Setting next_dagrun for example_weekday_branch_operator to 2024-11-19 00:00:00+00:00, run_after=2024-11-20 00:00:00+00:00
[2024-11-20T14:51:26.835+0000] {processor.py:208} INFO - Processing /home/airflow/.local/lib/python3.12/site-packages/airflow/example_dags/example_branch_day_of_week_operator.py took 0.051 seconds
[2024-11-20T14:51:57.683+0000] {processor.py:186} INFO - Started process (PID=2339) to work on /home/airflow/.local/lib/python3.12/site-packages/airflow/example_dags/example_branch_day_of_week_operator.py
[2024-11-20T14:51:57.684+0000] {processor.py:914} INFO - Processing file /home/airflow/.local/lib/python3.12/site-packages/airflow/example_dags/example_branch_day_of_week_operator.py for tasks to queue
[2024-11-20T14:51:57.686+0000] {logging_mixin.py:190} INFO - [2024-11-20T14:51:57.686+0000] {dagbag.py:588} INFO - Filling up the DagBag from /home/airflow/.local/lib/python3.12/site-packages/airflow/example_dags/example_branch_day_of_week_operator.py
[2024-11-20T14:51:57.693+0000] {processor.py:925} INFO - DAG(s) 'example_weekday_branch_operator' retrieved from /home/airflow/.local/lib/python3.12/site-packages/airflow/example_dags/example_branch_day_of_week_operator.py
[2024-11-20T14:51:57.708+0000] {logging_mixin.py:190} INFO - [2024-11-20T14:51:57.708+0000] {dag.py:3239} INFO - Sync 1 DAGs
[2024-11-20T14:51:57.725+0000] {logging_mixin.py:190} INFO - [2024-11-20T14:51:57.725+0000] {dag.py:4180} INFO - Setting next_dagrun for example_weekday_branch_operator to 2024-11-19 00:00:00+00:00, run_after=2024-11-20 00:00:00+00:00
[2024-11-20T14:51:57.745+0000] {processor.py:208} INFO - Processing /home/airflow/.local/lib/python3.12/site-packages/airflow/example_dags/example_branch_day_of_week_operator.py took 0.067 seconds
[2024-11-20T14:52:28.163+0000] {processor.py:186} INFO - Started process (PID=2402) to work on /home/airflow/.local/lib/python3.12/site-packages/airflow/example_dags/example_branch_day_of_week_operator.py
[2024-11-20T14:52:28.164+0000] {processor.py:914} INFO - Processing file /home/airflow/.local/lib/python3.12/site-packages/airflow/example_dags/example_branch_day_of_week_operator.py for tasks to queue
[2024-11-20T14:52:28.166+0000] {logging_mixin.py:190} INFO - [2024-11-20T14:52:28.166+0000] {dagbag.py:588} INFO - Filling up the DagBag from /home/airflow/.local/lib/python3.12/site-packages/airflow/example_dags/example_branch_day_of_week_operator.py
[2024-11-20T14:52:28.173+0000] {processor.py:925} INFO - DAG(s) 'example_weekday_branch_operator' retrieved from /home/airflow/.local/lib/python3.12/site-packages/airflow/example_dags/example_branch_day_of_week_operator.py
[2024-11-20T14:52:28.187+0000] {logging_mixin.py:190} INFO - [2024-11-20T14:52:28.187+0000] {dag.py:3239} INFO - Sync 1 DAGs
[2024-11-20T14:52:28.203+0000] {logging_mixin.py:190} INFO - [2024-11-20T14:52:28.202+0000] {dag.py:4180} INFO - Setting next_dagrun for example_weekday_branch_operator to 2024-11-19 00:00:00+00:00, run_after=2024-11-20 00:00:00+00:00
[2024-11-20T14:52:28.219+0000] {processor.py:208} INFO - Processing /home/airflow/.local/lib/python3.12/site-packages/airflow/example_dags/example_branch_day_of_week_operator.py took 0.060 seconds
[2024-11-20T14:52:58.751+0000] {processor.py:186} INFO - Started process (PID=2465) to work on /home/airflow/.local/lib/python3.12/site-packages/airflow/example_dags/example_branch_day_of_week_operator.py
[2024-11-20T14:52:58.753+0000] {processor.py:914} INFO - Processing file /home/airflow/.local/lib/python3.12/site-packages/airflow/example_dags/example_branch_day_of_week_operator.py for tasks to queue
[2024-11-20T14:52:58.755+0000] {logging_mixin.py:190} INFO - [2024-11-20T14:52:58.755+0000] {dagbag.py:588} INFO - Filling up the DagBag from /home/airflow/.local/lib/python3.12/site-packages/airflow/example_dags/example_branch_day_of_week_operator.py
[2024-11-20T14:52:58.762+0000] {processor.py:925} INFO - DAG(s) 'example_weekday_branch_operator' retrieved from /home/airflow/.local/lib/python3.12/site-packages/airflow/example_dags/example_branch_day_of_week_operator.py
[2024-11-20T14:52:58.779+0000] {logging_mixin.py:190} INFO - [2024-11-20T14:52:58.778+0000] {dag.py:3239} INFO - Sync 1 DAGs
[2024-11-20T14:52:58.795+0000] {logging_mixin.py:190} INFO - [2024-11-20T14:52:58.795+0000] {dag.py:4180} INFO - Setting next_dagrun for example_weekday_branch_operator to 2024-11-19 00:00:00+00:00, run_after=2024-11-20 00:00:00+00:00
[2024-11-20T14:52:58.815+0000] {processor.py:208} INFO - Processing /home/airflow/.local/lib/python3.12/site-packages/airflow/example_dags/example_branch_day_of_week_operator.py took 0.069 seconds
[2024-11-20T14:53:29.269+0000] {processor.py:186} INFO - Started process (PID=2528) to work on /home/airflow/.local/lib/python3.12/site-packages/airflow/example_dags/example_branch_day_of_week_operator.py
[2024-11-20T14:53:29.270+0000] {processor.py:914} INFO - Processing file /home/airflow/.local/lib/python3.12/site-packages/airflow/example_dags/example_branch_day_of_week_operator.py for tasks to queue
[2024-11-20T14:53:29.272+0000] {logging_mixin.py:190} INFO - [2024-11-20T14:53:29.271+0000] {dagbag.py:588} INFO - Filling up the DagBag from /home/airflow/.local/lib/python3.12/site-packages/airflow/example_dags/example_branch_day_of_week_operator.py
[2024-11-20T14:53:29.278+0000] {processor.py:925} INFO - DAG(s) 'example_weekday_branch_operator' retrieved from /home/airflow/.local/lib/python3.12/site-packages/airflow/example_dags/example_branch_day_of_week_operator.py
[2024-11-20T14:53:29.293+0000] {logging_mixin.py:190} INFO - [2024-11-20T14:53:29.293+0000] {dag.py:3239} INFO - Sync 1 DAGs
[2024-11-20T14:53:29.308+0000] {logging_mixin.py:190} INFO - [2024-11-20T14:53:29.308+0000] {dag.py:4180} INFO - Setting next_dagrun for example_weekday_branch_operator to 2024-11-19 00:00:00+00:00, run_after=2024-11-20 00:00:00+00:00
[2024-11-20T14:53:29.325+0000] {processor.py:208} INFO - Processing /home/airflow/.local/lib/python3.12/site-packages/airflow/example_dags/example_branch_day_of_week_operator.py took 0.060 seconds
[2024-11-20T14:53:59.843+0000] {processor.py:186} INFO - Started process (PID=2591) to work on /home/airflow/.local/lib/python3.12/site-packages/airflow/example_dags/example_branch_day_of_week_operator.py
[2024-11-20T14:53:59.844+0000] {processor.py:914} INFO - Processing file /home/airflow/.local/lib/python3.12/site-packages/airflow/example_dags/example_branch_day_of_week_operator.py for tasks to queue
[2024-11-20T14:53:59.846+0000] {logging_mixin.py:190} INFO - [2024-11-20T14:53:59.846+0000] {dagbag.py:588} INFO - Filling up the DagBag from /home/airflow/.local/lib/python3.12/site-packages/airflow/example_dags/example_branch_day_of_week_operator.py
[2024-11-20T14:53:59.853+0000] {processor.py:925} INFO - DAG(s) 'example_weekday_branch_operator' retrieved from /home/airflow/.local/lib/python3.12/site-packages/airflow/example_dags/example_branch_day_of_week_operator.py
[2024-11-20T14:53:59.866+0000] {logging_mixin.py:190} INFO - [2024-11-20T14:53:59.866+0000] {dag.py:3239} INFO - Sync 1 DAGs
[2024-11-20T14:53:59.881+0000] {logging_mixin.py:190} INFO - [2024-11-20T14:53:59.881+0000] {dag.py:4180} INFO - Setting next_dagrun for example_weekday_branch_operator to 2024-11-19 00:00:00+00:00, run_after=2024-11-20 00:00:00+00:00
[2024-11-20T14:53:59.894+0000] {processor.py:208} INFO - Processing /home/airflow/.local/lib/python3.12/site-packages/airflow/example_dags/example_branch_day_of_week_operator.py took 0.055 seconds
[2024-11-20T14:54:30.222+0000] {processor.py:186} INFO - Started process (PID=2654) to work on /home/airflow/.local/lib/python3.12/site-packages/airflow/example_dags/example_branch_day_of_week_operator.py
[2024-11-20T14:54:30.223+0000] {processor.py:914} INFO - Processing file /home/airflow/.local/lib/python3.12/site-packages/airflow/example_dags/example_branch_day_of_week_operator.py for tasks to queue
[2024-11-20T14:54:30.225+0000] {logging_mixin.py:190} INFO - [2024-11-20T14:54:30.225+0000] {dagbag.py:588} INFO - Filling up the DagBag from /home/airflow/.local/lib/python3.12/site-packages/airflow/example_dags/example_branch_day_of_week_operator.py
[2024-11-20T14:54:30.231+0000] {processor.py:925} INFO - DAG(s) 'example_weekday_branch_operator' retrieved from /home/airflow/.local/lib/python3.12/site-packages/airflow/example_dags/example_branch_day_of_week_operator.py
[2024-11-20T14:54:30.244+0000] {logging_mixin.py:190} INFO - [2024-11-20T14:54:30.244+0000] {dag.py:3239} INFO - Sync 1 DAGs
[2024-11-20T14:54:30.259+0000] {logging_mixin.py:190} INFO - [2024-11-20T14:54:30.259+0000] {dag.py:4180} INFO - Setting next_dagrun for example_weekday_branch_operator to 2024-11-19 00:00:00+00:00, run_after=2024-11-20 00:00:00+00:00
[2024-11-20T14:54:30.272+0000] {processor.py:208} INFO - Processing /home/airflow/.local/lib/python3.12/site-packages/airflow/example_dags/example_branch_day_of_week_operator.py took 0.055 seconds
[2024-11-20T14:55:00.417+0000] {processor.py:186} INFO - Started process (PID=2716) to work on /home/airflow/.local/lib/python3.12/site-packages/airflow/example_dags/example_branch_day_of_week_operator.py
[2024-11-20T14:55:00.418+0000] {processor.py:914} INFO - Processing file /home/airflow/.local/lib/python3.12/site-packages/airflow/example_dags/example_branch_day_of_week_operator.py for tasks to queue
[2024-11-20T14:55:00.420+0000] {logging_mixin.py:190} INFO - [2024-11-20T14:55:00.419+0000] {dagbag.py:588} INFO - Filling up the DagBag from /home/airflow/.local/lib/python3.12/site-packages/airflow/example_dags/example_branch_day_of_week_operator.py
[2024-11-20T14:55:00.426+0000] {processor.py:925} INFO - DAG(s) 'example_weekday_branch_operator' retrieved from /home/airflow/.local/lib/python3.12/site-packages/airflow/example_dags/example_branch_day_of_week_operator.py
[2024-11-20T14:55:00.440+0000] {logging_mixin.py:190} INFO - [2024-11-20T14:55:00.440+0000] {dag.py:3239} INFO - Sync 1 DAGs
[2024-11-20T14:55:00.456+0000] {logging_mixin.py:190} INFO - [2024-11-20T14:55:00.455+0000] {dag.py:4180} INFO - Setting next_dagrun for example_weekday_branch_operator to 2024-11-19 00:00:00+00:00, run_after=2024-11-20 00:00:00+00:00
[2024-11-20T14:55:00.471+0000] {processor.py:208} INFO - Processing /home/airflow/.local/lib/python3.12/site-packages/airflow/example_dags/example_branch_day_of_week_operator.py took 0.058 seconds
[2024-11-20T14:55:31.648+0000] {processor.py:186} INFO - Started process (PID=2779) to work on /home/airflow/.local/lib/python3.12/site-packages/airflow/example_dags/example_branch_day_of_week_operator.py
[2024-11-20T14:55:31.649+0000] {processor.py:914} INFO - Processing file /home/airflow/.local/lib/python3.12/site-packages/airflow/example_dags/example_branch_day_of_week_operator.py for tasks to queue
[2024-11-20T14:55:31.651+0000] {logging_mixin.py:190} INFO - [2024-11-20T14:55:31.651+0000] {dagbag.py:588} INFO - Filling up the DagBag from /home/airflow/.local/lib/python3.12/site-packages/airflow/example_dags/example_branch_day_of_week_operator.py
[2024-11-20T14:55:31.658+0000] {processor.py:925} INFO - DAG(s) 'example_weekday_branch_operator' retrieved from /home/airflow/.local/lib/python3.12/site-packages/airflow/example_dags/example_branch_day_of_week_operator.py
[2024-11-20T14:55:31.671+0000] {logging_mixin.py:190} INFO - [2024-11-20T14:55:31.671+0000] {dag.py:3239} INFO - Sync 1 DAGs
[2024-11-20T14:55:31.687+0000] {logging_mixin.py:190} INFO - [2024-11-20T14:55:31.687+0000] {dag.py:4180} INFO - Setting next_dagrun for example_weekday_branch_operator to 2024-11-19 00:00:00+00:00, run_after=2024-11-20 00:00:00+00:00
[2024-11-20T14:55:31.706+0000] {processor.py:208} INFO - Processing /home/airflow/.local/lib/python3.12/site-packages/airflow/example_dags/example_branch_day_of_week_operator.py took 0.061 seconds
[2024-11-20T14:56:02.894+0000] {processor.py:186} INFO - Started process (PID=2842) to work on /home/airflow/.local/lib/python3.12/site-packages/airflow/example_dags/example_branch_day_of_week_operator.py
[2024-11-20T14:56:02.921+0000] {processor.py:914} INFO - Processing file /home/airflow/.local/lib/python3.12/site-packages/airflow/example_dags/example_branch_day_of_week_operator.py for tasks to queue
[2024-11-20T14:56:02.927+0000] {logging_mixin.py:190} INFO - [2024-11-20T14:56:02.926+0000] {dagbag.py:588} INFO - Filling up the DagBag from /home/airflow/.local/lib/python3.12/site-packages/airflow/example_dags/example_branch_day_of_week_operator.py
[2024-11-20T14:56:02.934+0000] {processor.py:925} INFO - DAG(s) 'example_weekday_branch_operator' retrieved from /home/airflow/.local/lib/python3.12/site-packages/airflow/example_dags/example_branch_day_of_week_operator.py
[2024-11-20T14:56:02.948+0000] {logging_mixin.py:190} INFO - [2024-11-20T14:56:02.948+0000] {dag.py:3239} INFO - Sync 1 DAGs
[2024-11-20T14:56:02.963+0000] {logging_mixin.py:190} INFO - [2024-11-20T14:56:02.963+0000] {dag.py:4180} INFO - Setting next_dagrun for example_weekday_branch_operator to 2024-11-19 00:00:00+00:00, run_after=2024-11-20 00:00:00+00:00
[2024-11-20T14:56:02.982+0000] {processor.py:208} INFO - Processing /home/airflow/.local/lib/python3.12/site-packages/airflow/example_dags/example_branch_day_of_week_operator.py took 0.093 seconds
[2024-11-20T14:56:33.788+0000] {processor.py:186} INFO - Started process (PID=2905) to work on /home/airflow/.local/lib/python3.12/site-packages/airflow/example_dags/example_branch_day_of_week_operator.py
[2024-11-20T14:56:33.789+0000] {processor.py:914} INFO - Processing file /home/airflow/.local/lib/python3.12/site-packages/airflow/example_dags/example_branch_day_of_week_operator.py for tasks to queue
[2024-11-20T14:56:33.790+0000] {logging_mixin.py:190} INFO - [2024-11-20T14:56:33.790+0000] {dagbag.py:588} INFO - Filling up the DagBag from /home/airflow/.local/lib/python3.12/site-packages/airflow/example_dags/example_branch_day_of_week_operator.py
[2024-11-20T14:56:33.797+0000] {processor.py:925} INFO - DAG(s) 'example_weekday_branch_operator' retrieved from /home/airflow/.local/lib/python3.12/site-packages/airflow/example_dags/example_branch_day_of_week_operator.py
[2024-11-20T14:56:33.809+0000] {logging_mixin.py:190} INFO - [2024-11-20T14:56:33.809+0000] {dag.py:3239} INFO - Sync 1 DAGs
[2024-11-20T14:56:33.824+0000] {logging_mixin.py:190} INFO - [2024-11-20T14:56:33.824+0000] {dag.py:4180} INFO - Setting next_dagrun for example_weekday_branch_operator to 2024-11-19 00:00:00+00:00, run_after=2024-11-20 00:00:00+00:00
[2024-11-20T14:56:33.838+0000] {processor.py:208} INFO - Processing /home/airflow/.local/lib/python3.12/site-packages/airflow/example_dags/example_branch_day_of_week_operator.py took 0.054 seconds
[2024-11-20T14:57:05.020+0000] {processor.py:186} INFO - Started process (PID=2968) to work on /home/airflow/.local/lib/python3.12/site-packages/airflow/example_dags/example_branch_day_of_week_operator.py
[2024-11-20T14:57:05.020+0000] {processor.py:914} INFO - Processing file /home/airflow/.local/lib/python3.12/site-packages/airflow/example_dags/example_branch_day_of_week_operator.py for tasks to queue
[2024-11-20T14:57:05.022+0000] {logging_mixin.py:190} INFO - [2024-11-20T14:57:05.022+0000] {dagbag.py:588} INFO - Filling up the DagBag from /home/airflow/.local/lib/python3.12/site-packages/airflow/example_dags/example_branch_day_of_week_operator.py
[2024-11-20T14:57:05.029+0000] {processor.py:925} INFO - DAG(s) 'example_weekday_branch_operator' retrieved from /home/airflow/.local/lib/python3.12/site-packages/airflow/example_dags/example_branch_day_of_week_operator.py
[2024-11-20T14:57:05.042+0000] {logging_mixin.py:190} INFO - [2024-11-20T14:57:05.042+0000] {dag.py:3239} INFO - Sync 1 DAGs
[2024-11-20T14:57:05.057+0000] {logging_mixin.py:190} INFO - [2024-11-20T14:57:05.057+0000] {dag.py:4180} INFO - Setting next_dagrun for example_weekday_branch_operator to 2024-11-19 00:00:00+00:00, run_after=2024-11-20 00:00:00+00:00
[2024-11-20T14:57:05.071+0000] {processor.py:208} INFO - Processing /home/airflow/.local/lib/python3.12/site-packages/airflow/example_dags/example_branch_day_of_week_operator.py took 0.055 seconds
[2024-11-20T14:57:36.106+0000] {processor.py:186} INFO - Started process (PID=3031) to work on /home/airflow/.local/lib/python3.12/site-packages/airflow/example_dags/example_branch_day_of_week_operator.py
[2024-11-20T14:57:36.107+0000] {processor.py:914} INFO - Processing file /home/airflow/.local/lib/python3.12/site-packages/airflow/example_dags/example_branch_day_of_week_operator.py for tasks to queue
[2024-11-20T14:57:36.109+0000] {logging_mixin.py:190} INFO - [2024-11-20T14:57:36.109+0000] {dagbag.py:588} INFO - Filling up the DagBag from /home/airflow/.local/lib/python3.12/site-packages/airflow/example_dags/example_branch_day_of_week_operator.py
[2024-11-20T14:57:36.115+0000] {processor.py:925} INFO - DAG(s) 'example_weekday_branch_operator' retrieved from /home/airflow/.local/lib/python3.12/site-packages/airflow/example_dags/example_branch_day_of_week_operator.py
[2024-11-20T14:57:36.130+0000] {logging_mixin.py:190} INFO - [2024-11-20T14:57:36.130+0000] {dag.py:3239} INFO - Sync 1 DAGs
[2024-11-20T14:57:36.147+0000] {logging_mixin.py:190} INFO - [2024-11-20T14:57:36.147+0000] {dag.py:4180} INFO - Setting next_dagrun for example_weekday_branch_operator to 2024-11-19 00:00:00+00:00, run_after=2024-11-20 00:00:00+00:00
[2024-11-20T14:57:36.159+0000] {processor.py:208} INFO - Processing /home/airflow/.local/lib/python3.12/site-packages/airflow/example_dags/example_branch_day_of_week_operator.py took 0.058 seconds
[2024-11-20T14:58:07.234+0000] {processor.py:186} INFO - Started process (PID=3101) to work on /home/airflow/.local/lib/python3.12/site-packages/airflow/example_dags/example_branch_day_of_week_operator.py
[2024-11-20T14:58:07.235+0000] {processor.py:914} INFO - Processing file /home/airflow/.local/lib/python3.12/site-packages/airflow/example_dags/example_branch_day_of_week_operator.py for tasks to queue
[2024-11-20T14:58:07.237+0000] {logging_mixin.py:190} INFO - [2024-11-20T14:58:07.237+0000] {dagbag.py:588} INFO - Filling up the DagBag from /home/airflow/.local/lib/python3.12/site-packages/airflow/example_dags/example_branch_day_of_week_operator.py
[2024-11-20T14:58:07.245+0000] {processor.py:925} INFO - DAG(s) 'example_weekday_branch_operator' retrieved from /home/airflow/.local/lib/python3.12/site-packages/airflow/example_dags/example_branch_day_of_week_operator.py
[2024-11-20T14:58:07.262+0000] {logging_mixin.py:190} INFO - [2024-11-20T14:58:07.262+0000] {dag.py:3239} INFO - Sync 1 DAGs
[2024-11-20T14:58:07.279+0000] {logging_mixin.py:190} INFO - [2024-11-20T14:58:07.279+0000] {dag.py:4180} INFO - Setting next_dagrun for example_weekday_branch_operator to 2024-11-19 00:00:00+00:00, run_after=2024-11-20 00:00:00+00:00
[2024-11-20T14:58:07.407+0000] {processor.py:208} INFO - Processing /home/airflow/.local/lib/python3.12/site-packages/airflow/example_dags/example_branch_day_of_week_operator.py took 0.179 seconds
[2024-11-20T14:58:37.706+0000] {processor.py:186} INFO - Started process (PID=3163) to work on /home/airflow/.local/lib/python3.12/site-packages/airflow/example_dags/example_branch_day_of_week_operator.py
[2024-11-20T14:58:37.707+0000] {processor.py:914} INFO - Processing file /home/airflow/.local/lib/python3.12/site-packages/airflow/example_dags/example_branch_day_of_week_operator.py for tasks to queue
[2024-11-20T14:58:37.709+0000] {logging_mixin.py:190} INFO - [2024-11-20T14:58:37.709+0000] {dagbag.py:588} INFO - Filling up the DagBag from /home/airflow/.local/lib/python3.12/site-packages/airflow/example_dags/example_branch_day_of_week_operator.py
[2024-11-20T14:58:37.716+0000] {processor.py:925} INFO - DAG(s) 'example_weekday_branch_operator' retrieved from /home/airflow/.local/lib/python3.12/site-packages/airflow/example_dags/example_branch_day_of_week_operator.py
[2024-11-20T14:58:37.732+0000] {logging_mixin.py:190} INFO - [2024-11-20T14:58:37.732+0000] {dag.py:3239} INFO - Sync 1 DAGs
[2024-11-20T14:58:37.749+0000] {logging_mixin.py:190} INFO - [2024-11-20T14:58:37.749+0000] {dag.py:4180} INFO - Setting next_dagrun for example_weekday_branch_operator to 2024-11-19 00:00:00+00:00, run_after=2024-11-20 00:00:00+00:00
[2024-11-20T14:58:37.766+0000] {processor.py:208} INFO - Processing /home/airflow/.local/lib/python3.12/site-packages/airflow/example_dags/example_branch_day_of_week_operator.py took 0.065 seconds
[2024-11-20T14:59:08.232+0000] {processor.py:186} INFO - Started process (PID=3226) to work on /home/airflow/.local/lib/python3.12/site-packages/airflow/example_dags/example_branch_day_of_week_operator.py
[2024-11-20T14:59:08.233+0000] {processor.py:914} INFO - Processing file /home/airflow/.local/lib/python3.12/site-packages/airflow/example_dags/example_branch_day_of_week_operator.py for tasks to queue
[2024-11-20T14:59:08.235+0000] {logging_mixin.py:190} INFO - [2024-11-20T14:59:08.235+0000] {dagbag.py:588} INFO - Filling up the DagBag from /home/airflow/.local/lib/python3.12/site-packages/airflow/example_dags/example_branch_day_of_week_operator.py
[2024-11-20T14:59:08.242+0000] {processor.py:925} INFO - DAG(s) 'example_weekday_branch_operator' retrieved from /home/airflow/.local/lib/python3.12/site-packages/airflow/example_dags/example_branch_day_of_week_operator.py
[2024-11-20T14:59:08.257+0000] {logging_mixin.py:190} INFO - [2024-11-20T14:59:08.257+0000] {dag.py:3239} INFO - Sync 1 DAGs
[2024-11-20T14:59:08.272+0000] {logging_mixin.py:190} INFO - [2024-11-20T14:59:08.272+0000] {dag.py:4180} INFO - Setting next_dagrun for example_weekday_branch_operator to 2024-11-19 00:00:00+00:00, run_after=2024-11-20 00:00:00+00:00
[2024-11-20T14:59:08.286+0000] {processor.py:208} INFO - Processing /home/airflow/.local/lib/python3.12/site-packages/airflow/example_dags/example_branch_day_of_week_operator.py took 0.058 seconds
[2024-11-20T14:59:39.826+0000] {processor.py:186} INFO - Started process (PID=3289) to work on /home/airflow/.local/lib/python3.12/site-packages/airflow/example_dags/example_branch_day_of_week_operator.py
[2024-11-20T14:59:39.827+0000] {processor.py:914} INFO - Processing file /home/airflow/.local/lib/python3.12/site-packages/airflow/example_dags/example_branch_day_of_week_operator.py for tasks to queue
[2024-11-20T14:59:39.829+0000] {logging_mixin.py:190} INFO - [2024-11-20T14:59:39.829+0000] {dagbag.py:588} INFO - Filling up the DagBag from /home/airflow/.local/lib/python3.12/site-packages/airflow/example_dags/example_branch_day_of_week_operator.py
[2024-11-20T14:59:39.836+0000] {processor.py:925} INFO - DAG(s) 'example_weekday_branch_operator' retrieved from /home/airflow/.local/lib/python3.12/site-packages/airflow/example_dags/example_branch_day_of_week_operator.py
[2024-11-20T14:59:39.849+0000] {logging_mixin.py:190} INFO - [2024-11-20T14:59:39.849+0000] {dag.py:3239} INFO - Sync 1 DAGs
[2024-11-20T14:59:39.865+0000] {logging_mixin.py:190} INFO - [2024-11-20T14:59:39.865+0000] {dag.py:4180} INFO - Setting next_dagrun for example_weekday_branch_operator to 2024-11-19 00:00:00+00:00, run_after=2024-11-20 00:00:00+00:00
[2024-11-20T14:59:39.881+0000] {processor.py:208} INFO - Processing /home/airflow/.local/lib/python3.12/site-packages/airflow/example_dags/example_branch_day_of_week_operator.py took 0.061 seconds
[2024-11-20T15:00:10.407+0000] {processor.py:186} INFO - Started process (PID=3352) to work on /home/airflow/.local/lib/python3.12/site-packages/airflow/example_dags/example_branch_day_of_week_operator.py
[2024-11-20T15:00:10.409+0000] {processor.py:914} INFO - Processing file /home/airflow/.local/lib/python3.12/site-packages/airflow/example_dags/example_branch_day_of_week_operator.py for tasks to queue
[2024-11-20T15:00:10.411+0000] {logging_mixin.py:190} INFO - [2024-11-20T15:00:10.411+0000] {dagbag.py:588} INFO - Filling up the DagBag from /home/airflow/.local/lib/python3.12/site-packages/airflow/example_dags/example_branch_day_of_week_operator.py
[2024-11-20T15:00:10.419+0000] {processor.py:925} INFO - DAG(s) 'example_weekday_branch_operator' retrieved from /home/airflow/.local/lib/python3.12/site-packages/airflow/example_dags/example_branch_day_of_week_operator.py
[2024-11-20T15:00:10.434+0000] {logging_mixin.py:190} INFO - [2024-11-20T15:00:10.433+0000] {dag.py:3239} INFO - Sync 1 DAGs
[2024-11-20T15:00:10.555+0000] {logging_mixin.py:190} INFO - [2024-11-20T15:00:10.555+0000] {dag.py:4180} INFO - Setting next_dagrun for example_weekday_branch_operator to 2024-11-19 00:00:00+00:00, run_after=2024-11-20 00:00:00+00:00
[2024-11-20T15:00:10.570+0000] {processor.py:208} INFO - Processing /home/airflow/.local/lib/python3.12/site-packages/airflow/example_dags/example_branch_day_of_week_operator.py took 0.167 seconds
[2024-11-20T15:00:40.918+0000] {processor.py:186} INFO - Started process (PID=3415) to work on /home/airflow/.local/lib/python3.12/site-packages/airflow/example_dags/example_branch_day_of_week_operator.py
[2024-11-20T15:00:40.920+0000] {processor.py:914} INFO - Processing file /home/airflow/.local/lib/python3.12/site-packages/airflow/example_dags/example_branch_day_of_week_operator.py for tasks to queue
[2024-11-20T15:00:40.921+0000] {logging_mixin.py:190} INFO - [2024-11-20T15:00:40.921+0000] {dagbag.py:588} INFO - Filling up the DagBag from /home/airflow/.local/lib/python3.12/site-packages/airflow/example_dags/example_branch_day_of_week_operator.py
[2024-11-20T15:00:40.928+0000] {processor.py:925} INFO - DAG(s) 'example_weekday_branch_operator' retrieved from /home/airflow/.local/lib/python3.12/site-packages/airflow/example_dags/example_branch_day_of_week_operator.py
[2024-11-20T15:00:40.941+0000] {logging_mixin.py:190} INFO - [2024-11-20T15:00:40.941+0000] {dag.py:3239} INFO - Sync 1 DAGs
[2024-11-20T15:00:40.957+0000] {logging_mixin.py:190} INFO - [2024-11-20T15:00:40.956+0000] {dag.py:4180} INFO - Setting next_dagrun for example_weekday_branch_operator to 2024-11-19 00:00:00+00:00, run_after=2024-11-20 00:00:00+00:00
[2024-11-20T15:00:40.976+0000] {processor.py:208} INFO - Processing /home/airflow/.local/lib/python3.12/site-packages/airflow/example_dags/example_branch_day_of_week_operator.py took 0.062 seconds
[2024-11-20T15:01:11.552+0000] {processor.py:186} INFO - Started process (PID=3478) to work on /home/airflow/.local/lib/python3.12/site-packages/airflow/example_dags/example_branch_day_of_week_operator.py
[2024-11-20T15:01:11.553+0000] {processor.py:914} INFO - Processing file /home/airflow/.local/lib/python3.12/site-packages/airflow/example_dags/example_branch_day_of_week_operator.py for tasks to queue
[2024-11-20T15:01:11.555+0000] {logging_mixin.py:190} INFO - [2024-11-20T15:01:11.555+0000] {dagbag.py:588} INFO - Filling up the DagBag from /home/airflow/.local/lib/python3.12/site-packages/airflow/example_dags/example_branch_day_of_week_operator.py
[2024-11-20T15:01:11.562+0000] {processor.py:925} INFO - DAG(s) 'example_weekday_branch_operator' retrieved from /home/airflow/.local/lib/python3.12/site-packages/airflow/example_dags/example_branch_day_of_week_operator.py
[2024-11-20T15:01:11.577+0000] {logging_mixin.py:190} INFO - [2024-11-20T15:01:11.577+0000] {dag.py:3239} INFO - Sync 1 DAGs
[2024-11-20T15:01:11.592+0000] {logging_mixin.py:190} INFO - [2024-11-20T15:01:11.592+0000] {dag.py:4180} INFO - Setting next_dagrun for example_weekday_branch_operator to 2024-11-19 00:00:00+00:00, run_after=2024-11-20 00:00:00+00:00
[2024-11-20T15:01:11.606+0000] {processor.py:208} INFO - Processing /home/airflow/.local/lib/python3.12/site-packages/airflow/example_dags/example_branch_day_of_week_operator.py took 0.058 seconds
[2024-11-20T15:01:42.555+0000] {processor.py:186} INFO - Started process (PID=3541) to work on /home/airflow/.local/lib/python3.12/site-packages/airflow/example_dags/example_branch_day_of_week_operator.py
[2024-11-20T15:01:42.556+0000] {processor.py:914} INFO - Processing file /home/airflow/.local/lib/python3.12/site-packages/airflow/example_dags/example_branch_day_of_week_operator.py for tasks to queue
[2024-11-20T15:01:42.558+0000] {logging_mixin.py:190} INFO - [2024-11-20T15:01:42.558+0000] {dagbag.py:588} INFO - Filling up the DagBag from /home/airflow/.local/lib/python3.12/site-packages/airflow/example_dags/example_branch_day_of_week_operator.py
[2024-11-20T15:01:42.565+0000] {processor.py:925} INFO - DAG(s) 'example_weekday_branch_operator' retrieved from /home/airflow/.local/lib/python3.12/site-packages/airflow/example_dags/example_branch_day_of_week_operator.py
[2024-11-20T15:01:42.577+0000] {logging_mixin.py:190} INFO - [2024-11-20T15:01:42.577+0000] {dag.py:3239} INFO - Sync 1 DAGs
[2024-11-20T15:01:42.592+0000] {logging_mixin.py:190} INFO - [2024-11-20T15:01:42.592+0000] {dag.py:4180} INFO - Setting next_dagrun for example_weekday_branch_operator to 2024-11-19 00:00:00+00:00, run_after=2024-11-20 00:00:00+00:00
[2024-11-20T15:01:42.607+0000] {processor.py:208} INFO - Processing /home/airflow/.local/lib/python3.12/site-packages/airflow/example_dags/example_branch_day_of_week_operator.py took 0.056 seconds
[2024-11-20T15:02:13.788+0000] {processor.py:186} INFO - Started process (PID=3604) to work on /home/airflow/.local/lib/python3.12/site-packages/airflow/example_dags/example_branch_day_of_week_operator.py
[2024-11-20T15:02:13.790+0000] {processor.py:914} INFO - Processing file /home/airflow/.local/lib/python3.12/site-packages/airflow/example_dags/example_branch_day_of_week_operator.py for tasks to queue
[2024-11-20T15:02:13.792+0000] {logging_mixin.py:190} INFO - [2024-11-20T15:02:13.791+0000] {dagbag.py:588} INFO - Filling up the DagBag from /home/airflow/.local/lib/python3.12/site-packages/airflow/example_dags/example_branch_day_of_week_operator.py
[2024-11-20T15:02:13.798+0000] {processor.py:925} INFO - DAG(s) 'example_weekday_branch_operator' retrieved from /home/airflow/.local/lib/python3.12/site-packages/airflow/example_dags/example_branch_day_of_week_operator.py
[2024-11-20T15:02:13.813+0000] {logging_mixin.py:190} INFO - [2024-11-20T15:02:13.813+0000] {dag.py:3239} INFO - Sync 1 DAGs
[2024-11-20T15:02:13.829+0000] {logging_mixin.py:190} INFO - [2024-11-20T15:02:13.829+0000] {dag.py:4180} INFO - Setting next_dagrun for example_weekday_branch_operator to 2024-11-19 00:00:00+00:00, run_after=2024-11-20 00:00:00+00:00
[2024-11-20T15:02:13.845+0000] {processor.py:208} INFO - Processing /home/airflow/.local/lib/python3.12/site-packages/airflow/example_dags/example_branch_day_of_week_operator.py took 0.062 seconds
[2024-11-20T15:02:44.404+0000] {processor.py:186} INFO - Started process (PID=3667) to work on /home/airflow/.local/lib/python3.12/site-packages/airflow/example_dags/example_branch_day_of_week_operator.py
[2024-11-20T15:02:44.405+0000] {processor.py:914} INFO - Processing file /home/airflow/.local/lib/python3.12/site-packages/airflow/example_dags/example_branch_day_of_week_operator.py for tasks to queue
[2024-11-20T15:02:44.407+0000] {logging_mixin.py:190} INFO - [2024-11-20T15:02:44.407+0000] {dagbag.py:588} INFO - Filling up the DagBag from /home/airflow/.local/lib/python3.12/site-packages/airflow/example_dags/example_branch_day_of_week_operator.py
[2024-11-20T15:02:44.415+0000] {processor.py:925} INFO - DAG(s) 'example_weekday_branch_operator' retrieved from /home/airflow/.local/lib/python3.12/site-packages/airflow/example_dags/example_branch_day_of_week_operator.py
[2024-11-20T15:02:44.429+0000] {logging_mixin.py:190} INFO - [2024-11-20T15:02:44.428+0000] {dag.py:3239} INFO - Sync 1 DAGs
[2024-11-20T15:02:44.444+0000] {logging_mixin.py:190} INFO - [2024-11-20T15:02:44.444+0000] {dag.py:4180} INFO - Setting next_dagrun for example_weekday_branch_operator to 2024-11-19 00:00:00+00:00, run_after=2024-11-20 00:00:00+00:00
[2024-11-20T15:02:44.458+0000] {processor.py:208} INFO - Processing /home/airflow/.local/lib/python3.12/site-packages/airflow/example_dags/example_branch_day_of_week_operator.py took 0.058 seconds
