[2024-11-20T14:27:54.064+0000] {processor.py:186} INFO - Started process (PID=127) to work on /home/airflow/.local/lib/python3.12/site-packages/airflow/example_dags/example_inlet_event_extra.py
[2024-11-20T14:27:54.065+0000] {processor.py:914} INFO - Processing file /home/airflow/.local/lib/python3.12/site-packages/airflow/example_dags/example_inlet_event_extra.py for tasks to queue
[2024-11-20T14:27:54.067+0000] {logging_mixin.py:190} INFO - [2024-11-20T14:27:54.066+0000] {dagbag.py:588} INFO - Filling up the DagBag from /home/airflow/.local/lib/python3.12/site-packages/airflow/example_dags/example_inlet_event_extra.py
[2024-11-20T14:27:54.484+0000] {processor.py:925} INFO - DAG(s) 'read_dataset_event', 'read_dataset_event_from_classic' retrieved from /home/airflow/.local/lib/python3.12/site-packages/airflow/example_dags/example_inlet_event_extra.py
[2024-11-20T14:27:54.548+0000] {logging_mixin.py:190} INFO - [2024-11-20T14:27:54.547+0000] {override.py:1911} INFO - Created Permission View: can read on DAG:read_dataset_event
[2024-11-20T14:27:54.560+0000] {logging_mixin.py:190} INFO - [2024-11-20T14:27:54.560+0000] {override.py:1911} INFO - Created Permission View: can edit on DAG:read_dataset_event
[2024-11-20T14:27:54.567+0000] {logging_mixin.py:190} INFO - [2024-11-20T14:27:54.567+0000] {override.py:1911} INFO - Created Permission View: can delete on DAG:read_dataset_event
[2024-11-20T14:27:54.589+0000] {logging_mixin.py:190} INFO - [2024-11-20T14:27:54.589+0000] {override.py:1911} INFO - Created Permission View: can read on DAG Run:read_dataset_event
[2024-11-20T14:27:54.598+0000] {logging_mixin.py:190} INFO - [2024-11-20T14:27:54.598+0000] {override.py:1911} INFO - Created Permission View: menu access on DAG Run:read_dataset_event
[2024-11-20T14:27:54.605+0000] {logging_mixin.py:190} INFO - [2024-11-20T14:27:54.605+0000] {override.py:1911} INFO - Created Permission View: can create on DAG Run:read_dataset_event
[2024-11-20T14:27:54.613+0000] {logging_mixin.py:190} INFO - [2024-11-20T14:27:54.613+0000] {override.py:1911} INFO - Created Permission View: can delete on DAG Run:read_dataset_event
[2024-11-20T14:27:54.627+0000] {logging_mixin.py:190} INFO - [2024-11-20T14:27:54.626+0000] {override.py:1911} INFO - Created Permission View: can read on DAG:read_dataset_event_from_classic
[2024-11-20T14:27:54.633+0000] {logging_mixin.py:190} INFO - [2024-11-20T14:27:54.633+0000] {override.py:1911} INFO - Created Permission View: can edit on DAG:read_dataset_event_from_classic
[2024-11-20T14:27:54.639+0000] {logging_mixin.py:190} INFO - [2024-11-20T14:27:54.639+0000] {override.py:1911} INFO - Created Permission View: can delete on DAG:read_dataset_event_from_classic
[2024-11-20T14:27:54.650+0000] {logging_mixin.py:190} INFO - [2024-11-20T14:27:54.650+0000] {override.py:1911} INFO - Created Permission View: can read on DAG Run:read_dataset_event_from_classic
[2024-11-20T14:27:54.656+0000] {logging_mixin.py:190} INFO - [2024-11-20T14:27:54.656+0000] {override.py:1911} INFO - Created Permission View: menu access on DAG Run:read_dataset_event_from_classic
[2024-11-20T14:27:54.662+0000] {logging_mixin.py:190} INFO - [2024-11-20T14:27:54.662+0000] {override.py:1911} INFO - Created Permission View: can create on DAG Run:read_dataset_event_from_classic
[2024-11-20T14:27:54.673+0000] {logging_mixin.py:190} INFO - [2024-11-20T14:27:54.673+0000] {override.py:1911} INFO - Created Permission View: can delete on DAG Run:read_dataset_event_from_classic
[2024-11-20T14:27:54.673+0000] {logging_mixin.py:190} INFO - [2024-11-20T14:27:54.673+0000] {dag.py:3239} INFO - Sync 2 DAGs
[2024-11-20T14:27:54.683+0000] {logging_mixin.py:190} INFO - [2024-11-20T14:27:54.683+0000] {dag.py:3262} INFO - Creating ORM DAG for read_dataset_event_from_classic
[2024-11-20T14:27:54.684+0000] {logging_mixin.py:190} INFO - [2024-11-20T14:27:54.684+0000] {dag.py:3262} INFO - Creating ORM DAG for read_dataset_event
[2024-11-20T14:27:54.692+0000] {logging_mixin.py:190} INFO - [2024-11-20T14:27:54.691+0000] {dag.py:4180} INFO - Setting next_dagrun for read_dataset_event to 2024-11-19 00:00:00+00:00, run_after=2024-11-20 00:00:00+00:00
[2024-11-20T14:27:54.694+0000] {logging_mixin.py:190} INFO - [2024-11-20T14:27:54.693+0000] {dag.py:4180} INFO - Setting next_dagrun for read_dataset_event_from_classic to 2024-11-19 00:00:00+00:00, run_after=2024-11-20 00:00:00+00:00
[2024-11-20T14:27:54.707+0000] {processor.py:208} INFO - Processing /home/airflow/.local/lib/python3.12/site-packages/airflow/example_dags/example_inlet_event_extra.py took 0.647 seconds
[2024-11-20T14:28:24.800+0000] {processor.py:186} INFO - Started process (PID=190) to work on /home/airflow/.local/lib/python3.12/site-packages/airflow/example_dags/example_inlet_event_extra.py
[2024-11-20T14:28:24.801+0000] {processor.py:914} INFO - Processing file /home/airflow/.local/lib/python3.12/site-packages/airflow/example_dags/example_inlet_event_extra.py for tasks to queue
[2024-11-20T14:28:24.803+0000] {logging_mixin.py:190} INFO - [2024-11-20T14:28:24.803+0000] {dagbag.py:588} INFO - Filling up the DagBag from /home/airflow/.local/lib/python3.12/site-packages/airflow/example_dags/example_inlet_event_extra.py
[2024-11-20T14:28:25.183+0000] {processor.py:925} INFO - DAG(s) 'read_dataset_event', 'read_dataset_event_from_classic' retrieved from /home/airflow/.local/lib/python3.12/site-packages/airflow/example_dags/example_inlet_event_extra.py
[2024-11-20T14:28:25.196+0000] {logging_mixin.py:190} INFO - [2024-11-20T14:28:25.196+0000] {dag.py:3239} INFO - Sync 2 DAGs
[2024-11-20T14:28:25.210+0000] {logging_mixin.py:190} INFO - [2024-11-20T14:28:25.210+0000] {dag.py:4180} INFO - Setting next_dagrun for read_dataset_event to 2024-11-19 00:00:00+00:00, run_after=2024-11-20 00:00:00+00:00
[2024-11-20T14:28:25.214+0000] {logging_mixin.py:190} INFO - [2024-11-20T14:28:25.213+0000] {dag.py:4180} INFO - Setting next_dagrun for read_dataset_event_from_classic to 2024-11-19 00:00:00+00:00, run_after=2024-11-20 00:00:00+00:00
[2024-11-20T14:28:25.227+0000] {processor.py:208} INFO - Processing /home/airflow/.local/lib/python3.12/site-packages/airflow/example_dags/example_inlet_event_extra.py took 0.431 seconds
[2024-11-20T14:28:56.036+0000] {processor.py:186} INFO - Started process (PID=253) to work on /home/airflow/.local/lib/python3.12/site-packages/airflow/example_dags/example_inlet_event_extra.py
[2024-11-20T14:28:56.037+0000] {processor.py:914} INFO - Processing file /home/airflow/.local/lib/python3.12/site-packages/airflow/example_dags/example_inlet_event_extra.py for tasks to queue
[2024-11-20T14:28:56.039+0000] {logging_mixin.py:190} INFO - [2024-11-20T14:28:56.039+0000] {dagbag.py:588} INFO - Filling up the DagBag from /home/airflow/.local/lib/python3.12/site-packages/airflow/example_dags/example_inlet_event_extra.py
[2024-11-20T14:28:56.432+0000] {processor.py:925} INFO - DAG(s) 'read_dataset_event', 'read_dataset_event_from_classic' retrieved from /home/airflow/.local/lib/python3.12/site-packages/airflow/example_dags/example_inlet_event_extra.py
[2024-11-20T14:28:56.446+0000] {logging_mixin.py:190} INFO - [2024-11-20T14:28:56.446+0000] {dag.py:3239} INFO - Sync 2 DAGs
[2024-11-20T14:28:56.462+0000] {logging_mixin.py:190} INFO - [2024-11-20T14:28:56.462+0000] {dag.py:4180} INFO - Setting next_dagrun for read_dataset_event to 2024-11-19 00:00:00+00:00, run_after=2024-11-20 00:00:00+00:00
[2024-11-20T14:28:56.465+0000] {logging_mixin.py:190} INFO - [2024-11-20T14:28:56.465+0000] {dag.py:4180} INFO - Setting next_dagrun for read_dataset_event_from_classic to 2024-11-19 00:00:00+00:00, run_after=2024-11-20 00:00:00+00:00
[2024-11-20T14:28:56.479+0000] {processor.py:208} INFO - Processing /home/airflow/.local/lib/python3.12/site-packages/airflow/example_dags/example_inlet_event_extra.py took 0.448 seconds
[2024-11-20T14:29:26.732+0000] {processor.py:186} INFO - Started process (PID=315) to work on /home/airflow/.local/lib/python3.12/site-packages/airflow/example_dags/example_inlet_event_extra.py
[2024-11-20T14:29:26.733+0000] {processor.py:914} INFO - Processing file /home/airflow/.local/lib/python3.12/site-packages/airflow/example_dags/example_inlet_event_extra.py for tasks to queue
[2024-11-20T14:29:26.735+0000] {logging_mixin.py:190} INFO - [2024-11-20T14:29:26.735+0000] {dagbag.py:588} INFO - Filling up the DagBag from /home/airflow/.local/lib/python3.12/site-packages/airflow/example_dags/example_inlet_event_extra.py
[2024-11-20T14:29:27.152+0000] {processor.py:925} INFO - DAG(s) 'read_dataset_event', 'read_dataset_event_from_classic' retrieved from /home/airflow/.local/lib/python3.12/site-packages/airflow/example_dags/example_inlet_event_extra.py
[2024-11-20T14:29:27.165+0000] {logging_mixin.py:190} INFO - [2024-11-20T14:29:27.165+0000] {dag.py:3239} INFO - Sync 2 DAGs
[2024-11-20T14:29:27.181+0000] {logging_mixin.py:190} INFO - [2024-11-20T14:29:27.180+0000] {dag.py:4180} INFO - Setting next_dagrun for read_dataset_event to 2024-11-19 00:00:00+00:00, run_after=2024-11-20 00:00:00+00:00
[2024-11-20T14:29:27.184+0000] {logging_mixin.py:190} INFO - [2024-11-20T14:29:27.184+0000] {dag.py:4180} INFO - Setting next_dagrun for read_dataset_event_from_classic to 2024-11-19 00:00:00+00:00, run_after=2024-11-20 00:00:00+00:00
[2024-11-20T14:29:27.198+0000] {processor.py:208} INFO - Processing /home/airflow/.local/lib/python3.12/site-packages/airflow/example_dags/example_inlet_event_extra.py took 0.470 seconds
[2024-11-20T14:29:57.599+0000] {processor.py:186} INFO - Started process (PID=378) to work on /home/airflow/.local/lib/python3.12/site-packages/airflow/example_dags/example_inlet_event_extra.py
[2024-11-20T14:29:57.600+0000] {processor.py:914} INFO - Processing file /home/airflow/.local/lib/python3.12/site-packages/airflow/example_dags/example_inlet_event_extra.py for tasks to queue
[2024-11-20T14:29:57.602+0000] {logging_mixin.py:190} INFO - [2024-11-20T14:29:57.601+0000] {dagbag.py:588} INFO - Filling up the DagBag from /home/airflow/.local/lib/python3.12/site-packages/airflow/example_dags/example_inlet_event_extra.py
[2024-11-20T14:29:58.004+0000] {processor.py:925} INFO - DAG(s) 'read_dataset_event_from_classic', 'read_dataset_event' retrieved from /home/airflow/.local/lib/python3.12/site-packages/airflow/example_dags/example_inlet_event_extra.py
[2024-11-20T14:29:58.020+0000] {logging_mixin.py:190} INFO - [2024-11-20T14:29:58.020+0000] {dag.py:3239} INFO - Sync 2 DAGs
[2024-11-20T14:29:58.035+0000] {logging_mixin.py:190} INFO - [2024-11-20T14:29:58.035+0000] {dag.py:4180} INFO - Setting next_dagrun for read_dataset_event to 2024-11-19 00:00:00+00:00, run_after=2024-11-20 00:00:00+00:00
[2024-11-20T14:29:58.039+0000] {logging_mixin.py:190} INFO - [2024-11-20T14:29:58.039+0000] {dag.py:4180} INFO - Setting next_dagrun for read_dataset_event_from_classic to 2024-11-19 00:00:00+00:00, run_after=2024-11-20 00:00:00+00:00
[2024-11-20T14:29:58.053+0000] {processor.py:208} INFO - Processing /home/airflow/.local/lib/python3.12/site-packages/airflow/example_dags/example_inlet_event_extra.py took 0.457 seconds
[2024-11-20T14:30:28.542+0000] {processor.py:186} INFO - Started process (PID=441) to work on /home/airflow/.local/lib/python3.12/site-packages/airflow/example_dags/example_inlet_event_extra.py
[2024-11-20T14:30:28.542+0000] {processor.py:914} INFO - Processing file /home/airflow/.local/lib/python3.12/site-packages/airflow/example_dags/example_inlet_event_extra.py for tasks to queue
[2024-11-20T14:30:28.544+0000] {logging_mixin.py:190} INFO - [2024-11-20T14:30:28.544+0000] {dagbag.py:588} INFO - Filling up the DagBag from /home/airflow/.local/lib/python3.12/site-packages/airflow/example_dags/example_inlet_event_extra.py
[2024-11-20T14:30:28.917+0000] {processor.py:925} INFO - DAG(s) 'read_dataset_event_from_classic', 'read_dataset_event' retrieved from /home/airflow/.local/lib/python3.12/site-packages/airflow/example_dags/example_inlet_event_extra.py
[2024-11-20T14:30:28.929+0000] {logging_mixin.py:190} INFO - [2024-11-20T14:30:28.929+0000] {dag.py:3239} INFO - Sync 2 DAGs
[2024-11-20T14:30:28.943+0000] {logging_mixin.py:190} INFO - [2024-11-20T14:30:28.943+0000] {dag.py:4180} INFO - Setting next_dagrun for read_dataset_event to 2024-11-19 00:00:00+00:00, run_after=2024-11-20 00:00:00+00:00
[2024-11-20T14:30:28.946+0000] {logging_mixin.py:190} INFO - [2024-11-20T14:30:28.946+0000] {dag.py:4180} INFO - Setting next_dagrun for read_dataset_event_from_classic to 2024-11-19 00:00:00+00:00, run_after=2024-11-20 00:00:00+00:00
[2024-11-20T14:30:28.959+0000] {processor.py:208} INFO - Processing /home/airflow/.local/lib/python3.12/site-packages/airflow/example_dags/example_inlet_event_extra.py took 0.421 seconds
[2024-11-20T14:30:59.352+0000] {processor.py:186} INFO - Started process (PID=509) to work on /home/airflow/.local/lib/python3.12/site-packages/airflow/example_dags/example_inlet_event_extra.py
[2024-11-20T14:30:59.353+0000] {processor.py:914} INFO - Processing file /home/airflow/.local/lib/python3.12/site-packages/airflow/example_dags/example_inlet_event_extra.py for tasks to queue
[2024-11-20T14:30:59.355+0000] {logging_mixin.py:190} INFO - [2024-11-20T14:30:59.355+0000] {dagbag.py:588} INFO - Filling up the DagBag from /home/airflow/.local/lib/python3.12/site-packages/airflow/example_dags/example_inlet_event_extra.py
[2024-11-20T14:30:59.728+0000] {processor.py:925} INFO - DAG(s) 'read_dataset_event_from_classic', 'read_dataset_event' retrieved from /home/airflow/.local/lib/python3.12/site-packages/airflow/example_dags/example_inlet_event_extra.py
[2024-11-20T14:30:59.742+0000] {logging_mixin.py:190} INFO - [2024-11-20T14:30:59.742+0000] {dag.py:3239} INFO - Sync 2 DAGs
[2024-11-20T14:30:59.759+0000] {logging_mixin.py:190} INFO - [2024-11-20T14:30:59.758+0000] {dag.py:4180} INFO - Setting next_dagrun for read_dataset_event to 2024-11-19 00:00:00+00:00, run_after=2024-11-20 00:00:00+00:00
[2024-11-20T14:30:59.762+0000] {logging_mixin.py:190} INFO - [2024-11-20T14:30:59.762+0000] {dag.py:4180} INFO - Setting next_dagrun for read_dataset_event_from_classic to 2024-11-19 00:00:00+00:00, run_after=2024-11-20 00:00:00+00:00
[2024-11-20T14:30:59.774+0000] {processor.py:208} INFO - Processing /home/airflow/.local/lib/python3.12/site-packages/airflow/example_dags/example_inlet_event_extra.py took 0.425 seconds
[2024-11-20T14:31:29.997+0000] {processor.py:186} INFO - Started process (PID=572) to work on /home/airflow/.local/lib/python3.12/site-packages/airflow/example_dags/example_inlet_event_extra.py
[2024-11-20T14:31:29.998+0000] {processor.py:914} INFO - Processing file /home/airflow/.local/lib/python3.12/site-packages/airflow/example_dags/example_inlet_event_extra.py for tasks to queue
[2024-11-20T14:31:30.000+0000] {logging_mixin.py:190} INFO - [2024-11-20T14:31:30.000+0000] {dagbag.py:588} INFO - Filling up the DagBag from /home/airflow/.local/lib/python3.12/site-packages/airflow/example_dags/example_inlet_event_extra.py
[2024-11-20T14:31:30.382+0000] {processor.py:925} INFO - DAG(s) 'read_dataset_event_from_classic', 'read_dataset_event' retrieved from /home/airflow/.local/lib/python3.12/site-packages/airflow/example_dags/example_inlet_event_extra.py
[2024-11-20T14:31:30.395+0000] {logging_mixin.py:190} INFO - [2024-11-20T14:31:30.395+0000] {dag.py:3239} INFO - Sync 2 DAGs
[2024-11-20T14:31:30.412+0000] {logging_mixin.py:190} INFO - [2024-11-20T14:31:30.412+0000] {dag.py:4180} INFO - Setting next_dagrun for read_dataset_event to 2024-11-19 00:00:00+00:00, run_after=2024-11-20 00:00:00+00:00
[2024-11-20T14:31:30.417+0000] {logging_mixin.py:190} INFO - [2024-11-20T14:31:30.416+0000] {dag.py:4180} INFO - Setting next_dagrun for read_dataset_event_from_classic to 2024-11-19 00:00:00+00:00, run_after=2024-11-20 00:00:00+00:00
[2024-11-20T14:31:30.430+0000] {processor.py:208} INFO - Processing /home/airflow/.local/lib/python3.12/site-packages/airflow/example_dags/example_inlet_event_extra.py took 0.437 seconds
[2024-11-20T14:32:00.545+0000] {processor.py:186} INFO - Started process (PID=639) to work on /home/airflow/.local/lib/python3.12/site-packages/airflow/example_dags/example_inlet_event_extra.py
[2024-11-20T14:32:00.546+0000] {processor.py:914} INFO - Processing file /home/airflow/.local/lib/python3.12/site-packages/airflow/example_dags/example_inlet_event_extra.py for tasks to queue
[2024-11-20T14:32:00.548+0000] {logging_mixin.py:190} INFO - [2024-11-20T14:32:00.548+0000] {dagbag.py:588} INFO - Filling up the DagBag from /home/airflow/.local/lib/python3.12/site-packages/airflow/example_dags/example_inlet_event_extra.py
[2024-11-20T14:32:00.919+0000] {processor.py:925} INFO - DAG(s) 'read_dataset_event_from_classic', 'read_dataset_event' retrieved from /home/airflow/.local/lib/python3.12/site-packages/airflow/example_dags/example_inlet_event_extra.py
[2024-11-20T14:32:00.932+0000] {logging_mixin.py:190} INFO - [2024-11-20T14:32:00.932+0000] {dag.py:3239} INFO - Sync 2 DAGs
[2024-11-20T14:32:00.948+0000] {logging_mixin.py:190} INFO - [2024-11-20T14:32:00.948+0000] {dag.py:4180} INFO - Setting next_dagrun for read_dataset_event to 2024-11-19 00:00:00+00:00, run_after=2024-11-20 00:00:00+00:00
[2024-11-20T14:32:00.952+0000] {logging_mixin.py:190} INFO - [2024-11-20T14:32:00.952+0000] {dag.py:4180} INFO - Setting next_dagrun for read_dataset_event_from_classic to 2024-11-19 00:00:00+00:00, run_after=2024-11-20 00:00:00+00:00
[2024-11-20T14:32:00.964+0000] {processor.py:208} INFO - Processing /home/airflow/.local/lib/python3.12/site-packages/airflow/example_dags/example_inlet_event_extra.py took 0.423 seconds
[2024-11-20T14:32:31.488+0000] {processor.py:186} INFO - Started process (PID=698) to work on /home/airflow/.local/lib/python3.12/site-packages/airflow/example_dags/example_inlet_event_extra.py
[2024-11-20T14:32:31.490+0000] {processor.py:914} INFO - Processing file /home/airflow/.local/lib/python3.12/site-packages/airflow/example_dags/example_inlet_event_extra.py for tasks to queue
[2024-11-20T14:32:31.491+0000] {logging_mixin.py:190} INFO - [2024-11-20T14:32:31.491+0000] {dagbag.py:588} INFO - Filling up the DagBag from /home/airflow/.local/lib/python3.12/site-packages/airflow/example_dags/example_inlet_event_extra.py
[2024-11-20T14:32:31.851+0000] {processor.py:925} INFO - DAG(s) 'read_dataset_event', 'read_dataset_event_from_classic' retrieved from /home/airflow/.local/lib/python3.12/site-packages/airflow/example_dags/example_inlet_event_extra.py
[2024-11-20T14:32:31.865+0000] {logging_mixin.py:190} INFO - [2024-11-20T14:32:31.865+0000] {dag.py:3239} INFO - Sync 2 DAGs
[2024-11-20T14:32:31.881+0000] {logging_mixin.py:190} INFO - [2024-11-20T14:32:31.880+0000] {dag.py:4180} INFO - Setting next_dagrun for read_dataset_event to 2024-11-19 00:00:00+00:00, run_after=2024-11-20 00:00:00+00:00
[2024-11-20T14:32:31.884+0000] {logging_mixin.py:190} INFO - [2024-11-20T14:32:31.884+0000] {dag.py:4180} INFO - Setting next_dagrun for read_dataset_event_from_classic to 2024-11-19 00:00:00+00:00, run_after=2024-11-20 00:00:00+00:00
[2024-11-20T14:32:31.896+0000] {processor.py:208} INFO - Processing /home/airflow/.local/lib/python3.12/site-packages/airflow/example_dags/example_inlet_event_extra.py took 0.412 seconds
[2024-11-20T14:33:02.178+0000] {processor.py:186} INFO - Started process (PID=761) to work on /home/airflow/.local/lib/python3.12/site-packages/airflow/example_dags/example_inlet_event_extra.py
[2024-11-20T14:33:02.179+0000] {processor.py:914} INFO - Processing file /home/airflow/.local/lib/python3.12/site-packages/airflow/example_dags/example_inlet_event_extra.py for tasks to queue
[2024-11-20T14:33:02.181+0000] {logging_mixin.py:190} INFO - [2024-11-20T14:33:02.181+0000] {dagbag.py:588} INFO - Filling up the DagBag from /home/airflow/.local/lib/python3.12/site-packages/airflow/example_dags/example_inlet_event_extra.py
[2024-11-20T14:33:02.562+0000] {processor.py:925} INFO - DAG(s) 'read_dataset_event', 'read_dataset_event_from_classic' retrieved from /home/airflow/.local/lib/python3.12/site-packages/airflow/example_dags/example_inlet_event_extra.py
[2024-11-20T14:33:02.575+0000] {logging_mixin.py:190} INFO - [2024-11-20T14:33:02.575+0000] {dag.py:3239} INFO - Sync 2 DAGs
[2024-11-20T14:33:02.592+0000] {logging_mixin.py:190} INFO - [2024-11-20T14:33:02.592+0000] {dag.py:4180} INFO - Setting next_dagrun for read_dataset_event to 2024-11-19 00:00:00+00:00, run_after=2024-11-20 00:00:00+00:00
[2024-11-20T14:33:02.596+0000] {logging_mixin.py:190} INFO - [2024-11-20T14:33:02.596+0000] {dag.py:4180} INFO - Setting next_dagrun for read_dataset_event_from_classic to 2024-11-19 00:00:00+00:00, run_after=2024-11-20 00:00:00+00:00
[2024-11-20T14:33:02.607+0000] {processor.py:208} INFO - Processing /home/airflow/.local/lib/python3.12/site-packages/airflow/example_dags/example_inlet_event_extra.py took 0.433 seconds
[2024-11-20T14:33:32.837+0000] {processor.py:186} INFO - Started process (PID=824) to work on /home/airflow/.local/lib/python3.12/site-packages/airflow/example_dags/example_inlet_event_extra.py
[2024-11-20T14:33:32.838+0000] {processor.py:914} INFO - Processing file /home/airflow/.local/lib/python3.12/site-packages/airflow/example_dags/example_inlet_event_extra.py for tasks to queue
[2024-11-20T14:33:32.840+0000] {logging_mixin.py:190} INFO - [2024-11-20T14:33:32.839+0000] {dagbag.py:588} INFO - Filling up the DagBag from /home/airflow/.local/lib/python3.12/site-packages/airflow/example_dags/example_inlet_event_extra.py
[2024-11-20T14:33:33.197+0000] {processor.py:925} INFO - DAG(s) 'read_dataset_event_from_classic', 'read_dataset_event' retrieved from /home/airflow/.local/lib/python3.12/site-packages/airflow/example_dags/example_inlet_event_extra.py
[2024-11-20T14:33:33.208+0000] {logging_mixin.py:190} INFO - [2024-11-20T14:33:33.208+0000] {dag.py:3239} INFO - Sync 2 DAGs
[2024-11-20T14:33:33.223+0000] {logging_mixin.py:190} INFO - [2024-11-20T14:33:33.223+0000] {dag.py:4180} INFO - Setting next_dagrun for read_dataset_event to 2024-11-19 00:00:00+00:00, run_after=2024-11-20 00:00:00+00:00
[2024-11-20T14:33:33.228+0000] {logging_mixin.py:190} INFO - [2024-11-20T14:33:33.228+0000] {dag.py:4180} INFO - Setting next_dagrun for read_dataset_event_from_classic to 2024-11-19 00:00:00+00:00, run_after=2024-11-20 00:00:00+00:00
[2024-11-20T14:33:33.245+0000] {processor.py:208} INFO - Processing /home/airflow/.local/lib/python3.12/site-packages/airflow/example_dags/example_inlet_event_extra.py took 0.412 seconds
[2024-11-20T14:34:03.421+0000] {processor.py:186} INFO - Started process (PID=887) to work on /home/airflow/.local/lib/python3.12/site-packages/airflow/example_dags/example_inlet_event_extra.py
[2024-11-20T14:34:03.422+0000] {processor.py:914} INFO - Processing file /home/airflow/.local/lib/python3.12/site-packages/airflow/example_dags/example_inlet_event_extra.py for tasks to queue
[2024-11-20T14:34:03.424+0000] {logging_mixin.py:190} INFO - [2024-11-20T14:34:03.424+0000] {dagbag.py:588} INFO - Filling up the DagBag from /home/airflow/.local/lib/python3.12/site-packages/airflow/example_dags/example_inlet_event_extra.py
[2024-11-20T14:34:03.817+0000] {processor.py:925} INFO - DAG(s) 'read_dataset_event', 'read_dataset_event_from_classic' retrieved from /home/airflow/.local/lib/python3.12/site-packages/airflow/example_dags/example_inlet_event_extra.py
[2024-11-20T14:34:03.830+0000] {logging_mixin.py:190} INFO - [2024-11-20T14:34:03.829+0000] {dag.py:3239} INFO - Sync 2 DAGs
[2024-11-20T14:34:03.844+0000] {logging_mixin.py:190} INFO - [2024-11-20T14:34:03.844+0000] {dag.py:4180} INFO - Setting next_dagrun for read_dataset_event to 2024-11-19 00:00:00+00:00, run_after=2024-11-20 00:00:00+00:00
[2024-11-20T14:34:03.847+0000] {logging_mixin.py:190} INFO - [2024-11-20T14:34:03.847+0000] {dag.py:4180} INFO - Setting next_dagrun for read_dataset_event_from_classic to 2024-11-19 00:00:00+00:00, run_after=2024-11-20 00:00:00+00:00
[2024-11-20T14:34:03.859+0000] {processor.py:208} INFO - Processing /home/airflow/.local/lib/python3.12/site-packages/airflow/example_dags/example_inlet_event_extra.py took 0.442 seconds
[2024-11-20T14:34:34.293+0000] {processor.py:186} INFO - Started process (PID=951) to work on /home/airflow/.local/lib/python3.12/site-packages/airflow/example_dags/example_inlet_event_extra.py
[2024-11-20T14:34:34.293+0000] {processor.py:914} INFO - Processing file /home/airflow/.local/lib/python3.12/site-packages/airflow/example_dags/example_inlet_event_extra.py for tasks to queue
[2024-11-20T14:34:34.295+0000] {logging_mixin.py:190} INFO - [2024-11-20T14:34:34.295+0000] {dagbag.py:588} INFO - Filling up the DagBag from /home/airflow/.local/lib/python3.12/site-packages/airflow/example_dags/example_inlet_event_extra.py
[2024-11-20T14:34:34.662+0000] {processor.py:925} INFO - DAG(s) 'read_dataset_event', 'read_dataset_event_from_classic' retrieved from /home/airflow/.local/lib/python3.12/site-packages/airflow/example_dags/example_inlet_event_extra.py
[2024-11-20T14:34:34.675+0000] {logging_mixin.py:190} INFO - [2024-11-20T14:34:34.674+0000] {dag.py:3239} INFO - Sync 2 DAGs
[2024-11-20T14:34:34.689+0000] {logging_mixin.py:190} INFO - [2024-11-20T14:34:34.689+0000] {dag.py:4180} INFO - Setting next_dagrun for read_dataset_event to 2024-11-19 00:00:00+00:00, run_after=2024-11-20 00:00:00+00:00
[2024-11-20T14:34:34.693+0000] {logging_mixin.py:190} INFO - [2024-11-20T14:34:34.693+0000] {dag.py:4180} INFO - Setting next_dagrun for read_dataset_event_from_classic to 2024-11-19 00:00:00+00:00, run_after=2024-11-20 00:00:00+00:00
[2024-11-20T14:34:34.706+0000] {processor.py:208} INFO - Processing /home/airflow/.local/lib/python3.12/site-packages/airflow/example_dags/example_inlet_event_extra.py took 0.418 seconds
[2024-11-20T14:35:04.964+0000] {processor.py:186} INFO - Started process (PID=1014) to work on /home/airflow/.local/lib/python3.12/site-packages/airflow/example_dags/example_inlet_event_extra.py
[2024-11-20T14:35:04.964+0000] {processor.py:914} INFO - Processing file /home/airflow/.local/lib/python3.12/site-packages/airflow/example_dags/example_inlet_event_extra.py for tasks to queue
[2024-11-20T14:35:04.966+0000] {logging_mixin.py:190} INFO - [2024-11-20T14:35:04.966+0000] {dagbag.py:588} INFO - Filling up the DagBag from /home/airflow/.local/lib/python3.12/site-packages/airflow/example_dags/example_inlet_event_extra.py
[2024-11-20T14:35:05.293+0000] {processor.py:925} INFO - DAG(s) 'read_dataset_event_from_classic', 'read_dataset_event' retrieved from /home/airflow/.local/lib/python3.12/site-packages/airflow/example_dags/example_inlet_event_extra.py
[2024-11-20T14:35:05.305+0000] {logging_mixin.py:190} INFO - [2024-11-20T14:35:05.305+0000] {dag.py:3239} INFO - Sync 2 DAGs
[2024-11-20T14:35:05.318+0000] {logging_mixin.py:190} INFO - [2024-11-20T14:35:05.318+0000] {dag.py:4180} INFO - Setting next_dagrun for read_dataset_event to 2024-11-19 00:00:00+00:00, run_after=2024-11-20 00:00:00+00:00
[2024-11-20T14:35:05.322+0000] {logging_mixin.py:190} INFO - [2024-11-20T14:35:05.322+0000] {dag.py:4180} INFO - Setting next_dagrun for read_dataset_event_from_classic to 2024-11-19 00:00:00+00:00, run_after=2024-11-20 00:00:00+00:00
[2024-11-20T14:35:05.348+0000] {processor.py:208} INFO - Processing /home/airflow/.local/lib/python3.12/site-packages/airflow/example_dags/example_inlet_event_extra.py took 0.388 seconds
[2024-11-20T14:35:35.816+0000] {processor.py:186} INFO - Started process (PID=1078) to work on /home/airflow/.local/lib/python3.12/site-packages/airflow/example_dags/example_inlet_event_extra.py
[2024-11-20T14:35:35.817+0000] {processor.py:914} INFO - Processing file /home/airflow/.local/lib/python3.12/site-packages/airflow/example_dags/example_inlet_event_extra.py for tasks to queue
[2024-11-20T14:35:35.819+0000] {logging_mixin.py:190} INFO - [2024-11-20T14:35:35.819+0000] {dagbag.py:588} INFO - Filling up the DagBag from /home/airflow/.local/lib/python3.12/site-packages/airflow/example_dags/example_inlet_event_extra.py
[2024-11-20T14:35:36.197+0000] {processor.py:925} INFO - DAG(s) 'read_dataset_event', 'read_dataset_event_from_classic' retrieved from /home/airflow/.local/lib/python3.12/site-packages/airflow/example_dags/example_inlet_event_extra.py
[2024-11-20T14:35:36.210+0000] {logging_mixin.py:190} INFO - [2024-11-20T14:35:36.209+0000] {dag.py:3239} INFO - Sync 2 DAGs
[2024-11-20T14:35:36.223+0000] {logging_mixin.py:190} INFO - [2024-11-20T14:35:36.223+0000] {dag.py:4180} INFO - Setting next_dagrun for read_dataset_event to 2024-11-19 00:00:00+00:00, run_after=2024-11-20 00:00:00+00:00
[2024-11-20T14:35:36.227+0000] {logging_mixin.py:190} INFO - [2024-11-20T14:35:36.227+0000] {dag.py:4180} INFO - Setting next_dagrun for read_dataset_event_from_classic to 2024-11-19 00:00:00+00:00, run_after=2024-11-20 00:00:00+00:00
[2024-11-20T14:35:36.259+0000] {processor.py:208} INFO - Processing /home/airflow/.local/lib/python3.12/site-packages/airflow/example_dags/example_inlet_event_extra.py took 0.446 seconds
[2024-11-20T14:36:06.621+0000] {processor.py:186} INFO - Started process (PID=1142) to work on /home/airflow/.local/lib/python3.12/site-packages/airflow/example_dags/example_inlet_event_extra.py
[2024-11-20T14:36:06.622+0000] {processor.py:914} INFO - Processing file /home/airflow/.local/lib/python3.12/site-packages/airflow/example_dags/example_inlet_event_extra.py for tasks to queue
[2024-11-20T14:36:06.623+0000] {logging_mixin.py:190} INFO - [2024-11-20T14:36:06.623+0000] {dagbag.py:588} INFO - Filling up the DagBag from /home/airflow/.local/lib/python3.12/site-packages/airflow/example_dags/example_inlet_event_extra.py
[2024-11-20T14:36:06.980+0000] {processor.py:925} INFO - DAG(s) 'read_dataset_event', 'read_dataset_event_from_classic' retrieved from /home/airflow/.local/lib/python3.12/site-packages/airflow/example_dags/example_inlet_event_extra.py
[2024-11-20T14:36:06.995+0000] {logging_mixin.py:190} INFO - [2024-11-20T14:36:06.995+0000] {dag.py:3239} INFO - Sync 2 DAGs
[2024-11-20T14:36:07.011+0000] {logging_mixin.py:190} INFO - [2024-11-20T14:36:07.011+0000] {dag.py:4180} INFO - Setting next_dagrun for read_dataset_event to 2024-11-19 00:00:00+00:00, run_after=2024-11-20 00:00:00+00:00
[2024-11-20T14:36:07.014+0000] {logging_mixin.py:190} INFO - [2024-11-20T14:36:07.014+0000] {dag.py:4180} INFO - Setting next_dagrun for read_dataset_event_from_classic to 2024-11-19 00:00:00+00:00, run_after=2024-11-20 00:00:00+00:00
[2024-11-20T14:36:07.026+0000] {processor.py:208} INFO - Processing /home/airflow/.local/lib/python3.12/site-packages/airflow/example_dags/example_inlet_event_extra.py took 0.409 seconds
[2024-11-20T14:36:37.498+0000] {processor.py:186} INFO - Started process (PID=1210) to work on /home/airflow/.local/lib/python3.12/site-packages/airflow/example_dags/example_inlet_event_extra.py
[2024-11-20T14:36:37.498+0000] {processor.py:914} INFO - Processing file /home/airflow/.local/lib/python3.12/site-packages/airflow/example_dags/example_inlet_event_extra.py for tasks to queue
[2024-11-20T14:36:37.500+0000] {logging_mixin.py:190} INFO - [2024-11-20T14:36:37.500+0000] {dagbag.py:588} INFO - Filling up the DagBag from /home/airflow/.local/lib/python3.12/site-packages/airflow/example_dags/example_inlet_event_extra.py
[2024-11-20T14:36:37.923+0000] {processor.py:925} INFO - DAG(s) 'read_dataset_event_from_classic', 'read_dataset_event' retrieved from /home/airflow/.local/lib/python3.12/site-packages/airflow/example_dags/example_inlet_event_extra.py
[2024-11-20T14:36:37.941+0000] {logging_mixin.py:190} INFO - [2024-11-20T14:36:37.941+0000] {dag.py:3239} INFO - Sync 2 DAGs
[2024-11-20T14:36:37.956+0000] {logging_mixin.py:190} INFO - [2024-11-20T14:36:37.956+0000] {dag.py:4180} INFO - Setting next_dagrun for read_dataset_event to 2024-11-19 00:00:00+00:00, run_after=2024-11-20 00:00:00+00:00
[2024-11-20T14:36:37.960+0000] {logging_mixin.py:190} INFO - [2024-11-20T14:36:37.960+0000] {dag.py:4180} INFO - Setting next_dagrun for read_dataset_event_from_classic to 2024-11-19 00:00:00+00:00, run_after=2024-11-20 00:00:00+00:00
[2024-11-20T14:36:37.976+0000] {processor.py:208} INFO - Processing /home/airflow/.local/lib/python3.12/site-packages/airflow/example_dags/example_inlet_event_extra.py took 0.483 seconds
[2024-11-20T14:37:08.078+0000] {processor.py:186} INFO - Started process (PID=1273) to work on /home/airflow/.local/lib/python3.12/site-packages/airflow/example_dags/example_inlet_event_extra.py
[2024-11-20T14:37:08.079+0000] {processor.py:914} INFO - Processing file /home/airflow/.local/lib/python3.12/site-packages/airflow/example_dags/example_inlet_event_extra.py for tasks to queue
[2024-11-20T14:37:08.081+0000] {logging_mixin.py:190} INFO - [2024-11-20T14:37:08.081+0000] {dagbag.py:588} INFO - Filling up the DagBag from /home/airflow/.local/lib/python3.12/site-packages/airflow/example_dags/example_inlet_event_extra.py
[2024-11-20T14:37:08.440+0000] {processor.py:925} INFO - DAG(s) 'read_dataset_event_from_classic', 'read_dataset_event' retrieved from /home/airflow/.local/lib/python3.12/site-packages/airflow/example_dags/example_inlet_event_extra.py
[2024-11-20T14:37:08.453+0000] {logging_mixin.py:190} INFO - [2024-11-20T14:37:08.453+0000] {dag.py:3239} INFO - Sync 2 DAGs
[2024-11-20T14:37:08.469+0000] {logging_mixin.py:190} INFO - [2024-11-20T14:37:08.469+0000] {dag.py:4180} INFO - Setting next_dagrun for read_dataset_event to 2024-11-19 00:00:00+00:00, run_after=2024-11-20 00:00:00+00:00
[2024-11-20T14:37:08.472+0000] {logging_mixin.py:190} INFO - [2024-11-20T14:37:08.472+0000] {dag.py:4180} INFO - Setting next_dagrun for read_dataset_event_from_classic to 2024-11-19 00:00:00+00:00, run_after=2024-11-20 00:00:00+00:00
[2024-11-20T14:37:08.486+0000] {processor.py:208} INFO - Processing /home/airflow/.local/lib/python3.12/site-packages/airflow/example_dags/example_inlet_event_extra.py took 0.413 seconds
[2024-11-20T14:37:38.692+0000] {processor.py:186} INFO - Started process (PID=1336) to work on /home/airflow/.local/lib/python3.12/site-packages/airflow/example_dags/example_inlet_event_extra.py
[2024-11-20T14:37:38.693+0000] {processor.py:914} INFO - Processing file /home/airflow/.local/lib/python3.12/site-packages/airflow/example_dags/example_inlet_event_extra.py for tasks to queue
[2024-11-20T14:37:38.695+0000] {logging_mixin.py:190} INFO - [2024-11-20T14:37:38.695+0000] {dagbag.py:588} INFO - Filling up the DagBag from /home/airflow/.local/lib/python3.12/site-packages/airflow/example_dags/example_inlet_event_extra.py
[2024-11-20T14:37:39.056+0000] {processor.py:925} INFO - DAG(s) 'read_dataset_event', 'read_dataset_event_from_classic' retrieved from /home/airflow/.local/lib/python3.12/site-packages/airflow/example_dags/example_inlet_event_extra.py
[2024-11-20T14:37:39.068+0000] {logging_mixin.py:190} INFO - [2024-11-20T14:37:39.068+0000] {dag.py:3239} INFO - Sync 2 DAGs
[2024-11-20T14:37:39.083+0000] {logging_mixin.py:190} INFO - [2024-11-20T14:37:39.083+0000] {dag.py:4180} INFO - Setting next_dagrun for read_dataset_event to 2024-11-19 00:00:00+00:00, run_after=2024-11-20 00:00:00+00:00
[2024-11-20T14:37:39.087+0000] {logging_mixin.py:190} INFO - [2024-11-20T14:37:39.087+0000] {dag.py:4180} INFO - Setting next_dagrun for read_dataset_event_from_classic to 2024-11-19 00:00:00+00:00, run_after=2024-11-20 00:00:00+00:00
[2024-11-20T14:37:39.101+0000] {processor.py:208} INFO - Processing /home/airflow/.local/lib/python3.12/site-packages/airflow/example_dags/example_inlet_event_extra.py took 0.413 seconds
[2024-11-20T14:38:09.178+0000] {processor.py:186} INFO - Started process (PID=1400) to work on /home/airflow/.local/lib/python3.12/site-packages/airflow/example_dags/example_inlet_event_extra.py
[2024-11-20T14:38:09.179+0000] {processor.py:914} INFO - Processing file /home/airflow/.local/lib/python3.12/site-packages/airflow/example_dags/example_inlet_event_extra.py for tasks to queue
[2024-11-20T14:38:09.181+0000] {logging_mixin.py:190} INFO - [2024-11-20T14:38:09.181+0000] {dagbag.py:588} INFO - Filling up the DagBag from /home/airflow/.local/lib/python3.12/site-packages/airflow/example_dags/example_inlet_event_extra.py
[2024-11-20T14:38:09.514+0000] {processor.py:925} INFO - DAG(s) 'read_dataset_event', 'read_dataset_event_from_classic' retrieved from /home/airflow/.local/lib/python3.12/site-packages/airflow/example_dags/example_inlet_event_extra.py
[2024-11-20T14:38:09.526+0000] {logging_mixin.py:190} INFO - [2024-11-20T14:38:09.526+0000] {dag.py:3239} INFO - Sync 2 DAGs
[2024-11-20T14:38:09.540+0000] {logging_mixin.py:190} INFO - [2024-11-20T14:38:09.540+0000] {dag.py:4180} INFO - Setting next_dagrun for read_dataset_event to 2024-11-19 00:00:00+00:00, run_after=2024-11-20 00:00:00+00:00
[2024-11-20T14:38:09.544+0000] {logging_mixin.py:190} INFO - [2024-11-20T14:38:09.544+0000] {dag.py:4180} INFO - Setting next_dagrun for read_dataset_event_from_classic to 2024-11-19 00:00:00+00:00, run_after=2024-11-20 00:00:00+00:00
[2024-11-20T14:38:09.557+0000] {processor.py:208} INFO - Processing /home/airflow/.local/lib/python3.12/site-packages/airflow/example_dags/example_inlet_event_extra.py took 0.382 seconds
[2024-11-20T14:38:39.641+0000] {processor.py:186} INFO - Started process (PID=1460) to work on /home/airflow/.local/lib/python3.12/site-packages/airflow/example_dags/example_inlet_event_extra.py
[2024-11-20T14:38:39.642+0000] {processor.py:914} INFO - Processing file /home/airflow/.local/lib/python3.12/site-packages/airflow/example_dags/example_inlet_event_extra.py for tasks to queue
[2024-11-20T14:38:39.644+0000] {logging_mixin.py:190} INFO - [2024-11-20T14:38:39.643+0000] {dagbag.py:588} INFO - Filling up the DagBag from /home/airflow/.local/lib/python3.12/site-packages/airflow/example_dags/example_inlet_event_extra.py
[2024-11-20T14:38:40.038+0000] {processor.py:925} INFO - DAG(s) 'read_dataset_event_from_classic', 'read_dataset_event' retrieved from /home/airflow/.local/lib/python3.12/site-packages/airflow/example_dags/example_inlet_event_extra.py
[2024-11-20T14:38:40.051+0000] {logging_mixin.py:190} INFO - [2024-11-20T14:38:40.051+0000] {dag.py:3239} INFO - Sync 2 DAGs
[2024-11-20T14:38:40.066+0000] {logging_mixin.py:190} INFO - [2024-11-20T14:38:40.066+0000] {dag.py:4180} INFO - Setting next_dagrun for read_dataset_event to 2024-11-19 00:00:00+00:00, run_after=2024-11-20 00:00:00+00:00
[2024-11-20T14:38:40.070+0000] {logging_mixin.py:190} INFO - [2024-11-20T14:38:40.070+0000] {dag.py:4180} INFO - Setting next_dagrun for read_dataset_event_from_classic to 2024-11-19 00:00:00+00:00, run_after=2024-11-20 00:00:00+00:00
[2024-11-20T14:38:40.082+0000] {processor.py:208} INFO - Processing /home/airflow/.local/lib/python3.12/site-packages/airflow/example_dags/example_inlet_event_extra.py took 0.445 seconds
[2024-11-20T14:39:10.846+0000] {processor.py:186} INFO - Started process (PID=1523) to work on /home/airflow/.local/lib/python3.12/site-packages/airflow/example_dags/example_inlet_event_extra.py
[2024-11-20T14:39:10.847+0000] {processor.py:914} INFO - Processing file /home/airflow/.local/lib/python3.12/site-packages/airflow/example_dags/example_inlet_event_extra.py for tasks to queue
[2024-11-20T14:39:10.849+0000] {logging_mixin.py:190} INFO - [2024-11-20T14:39:10.849+0000] {dagbag.py:588} INFO - Filling up the DagBag from /home/airflow/.local/lib/python3.12/site-packages/airflow/example_dags/example_inlet_event_extra.py
[2024-11-20T14:39:11.209+0000] {processor.py:925} INFO - DAG(s) 'read_dataset_event', 'read_dataset_event_from_classic' retrieved from /home/airflow/.local/lib/python3.12/site-packages/airflow/example_dags/example_inlet_event_extra.py
[2024-11-20T14:39:11.222+0000] {logging_mixin.py:190} INFO - [2024-11-20T14:39:11.222+0000] {dag.py:3239} INFO - Sync 2 DAGs
[2024-11-20T14:39:11.239+0000] {logging_mixin.py:190} INFO - [2024-11-20T14:39:11.239+0000] {dag.py:4180} INFO - Setting next_dagrun for read_dataset_event to 2024-11-19 00:00:00+00:00, run_after=2024-11-20 00:00:00+00:00
[2024-11-20T14:39:11.242+0000] {logging_mixin.py:190} INFO - [2024-11-20T14:39:11.242+0000] {dag.py:4180} INFO - Setting next_dagrun for read_dataset_event_from_classic to 2024-11-19 00:00:00+00:00, run_after=2024-11-20 00:00:00+00:00
[2024-11-20T14:39:11.255+0000] {processor.py:208} INFO - Processing /home/airflow/.local/lib/python3.12/site-packages/airflow/example_dags/example_inlet_event_extra.py took 0.412 seconds
[2024-11-20T14:39:41.601+0000] {processor.py:186} INFO - Started process (PID=1586) to work on /home/airflow/.local/lib/python3.12/site-packages/airflow/example_dags/example_inlet_event_extra.py
[2024-11-20T14:39:41.602+0000] {processor.py:914} INFO - Processing file /home/airflow/.local/lib/python3.12/site-packages/airflow/example_dags/example_inlet_event_extra.py for tasks to queue
[2024-11-20T14:39:41.603+0000] {logging_mixin.py:190} INFO - [2024-11-20T14:39:41.603+0000] {dagbag.py:588} INFO - Filling up the DagBag from /home/airflow/.local/lib/python3.12/site-packages/airflow/example_dags/example_inlet_event_extra.py
[2024-11-20T14:39:41.972+0000] {processor.py:925} INFO - DAG(s) 'read_dataset_event_from_classic', 'read_dataset_event' retrieved from /home/airflow/.local/lib/python3.12/site-packages/airflow/example_dags/example_inlet_event_extra.py
[2024-11-20T14:39:41.985+0000] {logging_mixin.py:190} INFO - [2024-11-20T14:39:41.984+0000] {dag.py:3239} INFO - Sync 2 DAGs
[2024-11-20T14:39:42.000+0000] {logging_mixin.py:190} INFO - [2024-11-20T14:39:42.000+0000] {dag.py:4180} INFO - Setting next_dagrun for read_dataset_event to 2024-11-19 00:00:00+00:00, run_after=2024-11-20 00:00:00+00:00
[2024-11-20T14:39:42.008+0000] {logging_mixin.py:190} INFO - [2024-11-20T14:39:42.008+0000] {dag.py:4180} INFO - Setting next_dagrun for read_dataset_event_from_classic to 2024-11-19 00:00:00+00:00, run_after=2024-11-20 00:00:00+00:00
[2024-11-20T14:39:42.020+0000] {processor.py:208} INFO - Processing /home/airflow/.local/lib/python3.12/site-packages/airflow/example_dags/example_inlet_event_extra.py took 0.424 seconds
[2024-11-20T14:40:12.499+0000] {processor.py:186} INFO - Started process (PID=1649) to work on /home/airflow/.local/lib/python3.12/site-packages/airflow/example_dags/example_inlet_event_extra.py
[2024-11-20T14:40:12.500+0000] {processor.py:914} INFO - Processing file /home/airflow/.local/lib/python3.12/site-packages/airflow/example_dags/example_inlet_event_extra.py for tasks to queue
[2024-11-20T14:40:12.502+0000] {logging_mixin.py:190} INFO - [2024-11-20T14:40:12.501+0000] {dagbag.py:588} INFO - Filling up the DagBag from /home/airflow/.local/lib/python3.12/site-packages/airflow/example_dags/example_inlet_event_extra.py
[2024-11-20T14:40:12.865+0000] {processor.py:925} INFO - DAG(s) 'read_dataset_event_from_classic', 'read_dataset_event' retrieved from /home/airflow/.local/lib/python3.12/site-packages/airflow/example_dags/example_inlet_event_extra.py
[2024-11-20T14:40:12.879+0000] {logging_mixin.py:190} INFO - [2024-11-20T14:40:12.879+0000] {dag.py:3239} INFO - Sync 2 DAGs
[2024-11-20T14:40:12.894+0000] {logging_mixin.py:190} INFO - [2024-11-20T14:40:12.894+0000] {dag.py:4180} INFO - Setting next_dagrun for read_dataset_event to 2024-11-19 00:00:00+00:00, run_after=2024-11-20 00:00:00+00:00
[2024-11-20T14:40:12.897+0000] {logging_mixin.py:190} INFO - [2024-11-20T14:40:12.897+0000] {dag.py:4180} INFO - Setting next_dagrun for read_dataset_event_from_classic to 2024-11-19 00:00:00+00:00, run_after=2024-11-20 00:00:00+00:00
[2024-11-20T14:40:12.910+0000] {processor.py:208} INFO - Processing /home/airflow/.local/lib/python3.12/site-packages/airflow/example_dags/example_inlet_event_extra.py took 0.415 seconds
[2024-11-20T14:40:43.263+0000] {processor.py:186} INFO - Started process (PID=1712) to work on /home/airflow/.local/lib/python3.12/site-packages/airflow/example_dags/example_inlet_event_extra.py
[2024-11-20T14:40:43.265+0000] {processor.py:914} INFO - Processing file /home/airflow/.local/lib/python3.12/site-packages/airflow/example_dags/example_inlet_event_extra.py for tasks to queue
[2024-11-20T14:40:43.267+0000] {logging_mixin.py:190} INFO - [2024-11-20T14:40:43.266+0000] {dagbag.py:588} INFO - Filling up the DagBag from /home/airflow/.local/lib/python3.12/site-packages/airflow/example_dags/example_inlet_event_extra.py
[2024-11-20T14:40:43.662+0000] {processor.py:925} INFO - DAG(s) 'read_dataset_event_from_classic', 'read_dataset_event' retrieved from /home/airflow/.local/lib/python3.12/site-packages/airflow/example_dags/example_inlet_event_extra.py
[2024-11-20T14:40:43.674+0000] {logging_mixin.py:190} INFO - [2024-11-20T14:40:43.673+0000] {dag.py:3239} INFO - Sync 2 DAGs
[2024-11-20T14:40:43.688+0000] {logging_mixin.py:190} INFO - [2024-11-20T14:40:43.688+0000] {dag.py:4180} INFO - Setting next_dagrun for read_dataset_event to 2024-11-19 00:00:00+00:00, run_after=2024-11-20 00:00:00+00:00
[2024-11-20T14:40:43.691+0000] {logging_mixin.py:190} INFO - [2024-11-20T14:40:43.691+0000] {dag.py:4180} INFO - Setting next_dagrun for read_dataset_event_from_classic to 2024-11-19 00:00:00+00:00, run_after=2024-11-20 00:00:00+00:00
[2024-11-20T14:40:43.705+0000] {processor.py:208} INFO - Processing /home/airflow/.local/lib/python3.12/site-packages/airflow/example_dags/example_inlet_event_extra.py took 0.447 seconds
[2024-11-20T14:41:14.043+0000] {processor.py:186} INFO - Started process (PID=1775) to work on /home/airflow/.local/lib/python3.12/site-packages/airflow/example_dags/example_inlet_event_extra.py
[2024-11-20T14:41:14.044+0000] {processor.py:914} INFO - Processing file /home/airflow/.local/lib/python3.12/site-packages/airflow/example_dags/example_inlet_event_extra.py for tasks to queue
[2024-11-20T14:41:14.045+0000] {logging_mixin.py:190} INFO - [2024-11-20T14:41:14.045+0000] {dagbag.py:588} INFO - Filling up the DagBag from /home/airflow/.local/lib/python3.12/site-packages/airflow/example_dags/example_inlet_event_extra.py
[2024-11-20T14:41:14.369+0000] {processor.py:925} INFO - DAG(s) 'read_dataset_event_from_classic', 'read_dataset_event' retrieved from /home/airflow/.local/lib/python3.12/site-packages/airflow/example_dags/example_inlet_event_extra.py
[2024-11-20T14:41:14.380+0000] {logging_mixin.py:190} INFO - [2024-11-20T14:41:14.380+0000] {dag.py:3239} INFO - Sync 2 DAGs
[2024-11-20T14:41:14.393+0000] {logging_mixin.py:190} INFO - [2024-11-20T14:41:14.393+0000] {dag.py:4180} INFO - Setting next_dagrun for read_dataset_event to 2024-11-19 00:00:00+00:00, run_after=2024-11-20 00:00:00+00:00
[2024-11-20T14:41:14.395+0000] {logging_mixin.py:190} INFO - [2024-11-20T14:41:14.395+0000] {dag.py:4180} INFO - Setting next_dagrun for read_dataset_event_from_classic to 2024-11-19 00:00:00+00:00, run_after=2024-11-20 00:00:00+00:00
[2024-11-20T14:41:14.407+0000] {processor.py:208} INFO - Processing /home/airflow/.local/lib/python3.12/site-packages/airflow/example_dags/example_inlet_event_extra.py took 0.369 seconds
[2024-11-20T14:41:44.701+0000] {processor.py:186} INFO - Started process (PID=1838) to work on /home/airflow/.local/lib/python3.12/site-packages/airflow/example_dags/example_inlet_event_extra.py
[2024-11-20T14:41:44.702+0000] {processor.py:914} INFO - Processing file /home/airflow/.local/lib/python3.12/site-packages/airflow/example_dags/example_inlet_event_extra.py for tasks to queue
[2024-11-20T14:41:44.703+0000] {logging_mixin.py:190} INFO - [2024-11-20T14:41:44.703+0000] {dagbag.py:588} INFO - Filling up the DagBag from /home/airflow/.local/lib/python3.12/site-packages/airflow/example_dags/example_inlet_event_extra.py
[2024-11-20T14:41:45.074+0000] {processor.py:925} INFO - DAG(s) 'read_dataset_event_from_classic', 'read_dataset_event' retrieved from /home/airflow/.local/lib/python3.12/site-packages/airflow/example_dags/example_inlet_event_extra.py
[2024-11-20T14:41:45.089+0000] {logging_mixin.py:190} INFO - [2024-11-20T14:41:45.089+0000] {dag.py:3239} INFO - Sync 2 DAGs
[2024-11-20T14:41:45.103+0000] {logging_mixin.py:190} INFO - [2024-11-20T14:41:45.103+0000] {dag.py:4180} INFO - Setting next_dagrun for read_dataset_event to 2024-11-19 00:00:00+00:00, run_after=2024-11-20 00:00:00+00:00
[2024-11-20T14:41:45.106+0000] {logging_mixin.py:190} INFO - [2024-11-20T14:41:45.106+0000] {dag.py:4180} INFO - Setting next_dagrun for read_dataset_event_from_classic to 2024-11-19 00:00:00+00:00, run_after=2024-11-20 00:00:00+00:00
[2024-11-20T14:41:45.119+0000] {processor.py:208} INFO - Processing /home/airflow/.local/lib/python3.12/site-packages/airflow/example_dags/example_inlet_event_extra.py took 0.422 seconds
[2024-11-20T14:42:15.503+0000] {processor.py:186} INFO - Started process (PID=1901) to work on /home/airflow/.local/lib/python3.12/site-packages/airflow/example_dags/example_inlet_event_extra.py
[2024-11-20T14:42:15.503+0000] {processor.py:914} INFO - Processing file /home/airflow/.local/lib/python3.12/site-packages/airflow/example_dags/example_inlet_event_extra.py for tasks to queue
[2024-11-20T14:42:15.505+0000] {logging_mixin.py:190} INFO - [2024-11-20T14:42:15.505+0000] {dagbag.py:588} INFO - Filling up the DagBag from /home/airflow/.local/lib/python3.12/site-packages/airflow/example_dags/example_inlet_event_extra.py
[2024-11-20T14:42:15.873+0000] {processor.py:925} INFO - DAG(s) 'read_dataset_event', 'read_dataset_event_from_classic' retrieved from /home/airflow/.local/lib/python3.12/site-packages/airflow/example_dags/example_inlet_event_extra.py
[2024-11-20T14:42:15.887+0000] {logging_mixin.py:190} INFO - [2024-11-20T14:42:15.886+0000] {dag.py:3239} INFO - Sync 2 DAGs
[2024-11-20T14:42:15.900+0000] {logging_mixin.py:190} INFO - [2024-11-20T14:42:15.900+0000] {dag.py:4180} INFO - Setting next_dagrun for read_dataset_event to 2024-11-19 00:00:00+00:00, run_after=2024-11-20 00:00:00+00:00
[2024-11-20T14:42:15.904+0000] {logging_mixin.py:190} INFO - [2024-11-20T14:42:15.903+0000] {dag.py:4180} INFO - Setting next_dagrun for read_dataset_event_from_classic to 2024-11-19 00:00:00+00:00, run_after=2024-11-20 00:00:00+00:00
[2024-11-20T14:42:15.919+0000] {processor.py:208} INFO - Processing /home/airflow/.local/lib/python3.12/site-packages/airflow/example_dags/example_inlet_event_extra.py took 0.420 seconds
[2024-11-20T14:42:46.793+0000] {processor.py:186} INFO - Started process (PID=1964) to work on /home/airflow/.local/lib/python3.12/site-packages/airflow/example_dags/example_inlet_event_extra.py
[2024-11-20T14:42:46.818+0000] {processor.py:914} INFO - Processing file /home/airflow/.local/lib/python3.12/site-packages/airflow/example_dags/example_inlet_event_extra.py for tasks to queue
[2024-11-20T14:42:46.822+0000] {logging_mixin.py:190} INFO - [2024-11-20T14:42:46.821+0000] {dagbag.py:588} INFO - Filling up the DagBag from /home/airflow/.local/lib/python3.12/site-packages/airflow/example_dags/example_inlet_event_extra.py
[2024-11-20T14:42:47.172+0000] {processor.py:925} INFO - DAG(s) 'read_dataset_event', 'read_dataset_event_from_classic' retrieved from /home/airflow/.local/lib/python3.12/site-packages/airflow/example_dags/example_inlet_event_extra.py
[2024-11-20T14:42:47.188+0000] {logging_mixin.py:190} INFO - [2024-11-20T14:42:47.188+0000] {dag.py:3239} INFO - Sync 2 DAGs
[2024-11-20T14:42:47.202+0000] {logging_mixin.py:190} INFO - [2024-11-20T14:42:47.201+0000] {dag.py:4180} INFO - Setting next_dagrun for read_dataset_event to 2024-11-19 00:00:00+00:00, run_after=2024-11-20 00:00:00+00:00
[2024-11-20T14:42:47.205+0000] {logging_mixin.py:190} INFO - [2024-11-20T14:42:47.205+0000] {dag.py:4180} INFO - Setting next_dagrun for read_dataset_event_from_classic to 2024-11-19 00:00:00+00:00, run_after=2024-11-20 00:00:00+00:00
[2024-11-20T14:42:47.217+0000] {processor.py:208} INFO - Processing /home/airflow/.local/lib/python3.12/site-packages/airflow/example_dags/example_inlet_event_extra.py took 0.428 seconds
[2024-11-20T14:43:17.894+0000] {processor.py:186} INFO - Started process (PID=2030) to work on /home/airflow/.local/lib/python3.12/site-packages/airflow/example_dags/example_inlet_event_extra.py
[2024-11-20T14:43:17.895+0000] {processor.py:914} INFO - Processing file /home/airflow/.local/lib/python3.12/site-packages/airflow/example_dags/example_inlet_event_extra.py for tasks to queue
[2024-11-20T14:43:17.896+0000] {logging_mixin.py:190} INFO - [2024-11-20T14:43:17.896+0000] {dagbag.py:588} INFO - Filling up the DagBag from /home/airflow/.local/lib/python3.12/site-packages/airflow/example_dags/example_inlet_event_extra.py
[2024-11-20T14:43:18.268+0000] {processor.py:925} INFO - DAG(s) 'read_dataset_event_from_classic', 'read_dataset_event' retrieved from /home/airflow/.local/lib/python3.12/site-packages/airflow/example_dags/example_inlet_event_extra.py
[2024-11-20T14:43:18.281+0000] {logging_mixin.py:190} INFO - [2024-11-20T14:43:18.281+0000] {dag.py:3239} INFO - Sync 2 DAGs
[2024-11-20T14:43:18.295+0000] {logging_mixin.py:190} INFO - [2024-11-20T14:43:18.295+0000] {dag.py:4180} INFO - Setting next_dagrun for read_dataset_event to 2024-11-19 00:00:00+00:00, run_after=2024-11-20 00:00:00+00:00
[2024-11-20T14:43:18.298+0000] {logging_mixin.py:190} INFO - [2024-11-20T14:43:18.298+0000] {dag.py:4180} INFO - Setting next_dagrun for read_dataset_event_from_classic to 2024-11-19 00:00:00+00:00, run_after=2024-11-20 00:00:00+00:00
[2024-11-20T14:43:18.309+0000] {processor.py:208} INFO - Processing /home/airflow/.local/lib/python3.12/site-packages/airflow/example_dags/example_inlet_event_extra.py took 0.419 seconds
[2024-11-20T14:49:52.534+0000] {processor.py:186} INFO - Started process (PID=2081) to work on /home/airflow/.local/lib/python3.12/site-packages/airflow/example_dags/example_inlet_event_extra.py
[2024-11-20T14:49:52.535+0000] {processor.py:914} INFO - Processing file /home/airflow/.local/lib/python3.12/site-packages/airflow/example_dags/example_inlet_event_extra.py for tasks to queue
[2024-11-20T14:49:52.537+0000] {logging_mixin.py:190} INFO - [2024-11-20T14:49:52.536+0000] {dagbag.py:588} INFO - Filling up the DagBag from /home/airflow/.local/lib/python3.12/site-packages/airflow/example_dags/example_inlet_event_extra.py
[2024-11-20T14:49:52.872+0000] {processor.py:925} INFO - DAG(s) 'read_dataset_event', 'read_dataset_event_from_classic' retrieved from /home/airflow/.local/lib/python3.12/site-packages/airflow/example_dags/example_inlet_event_extra.py
[2024-11-20T14:49:52.884+0000] {logging_mixin.py:190} INFO - [2024-11-20T14:49:52.884+0000] {dag.py:3239} INFO - Sync 2 DAGs
[2024-11-20T14:49:52.897+0000] {logging_mixin.py:190} INFO - [2024-11-20T14:49:52.897+0000] {dag.py:4180} INFO - Setting next_dagrun for read_dataset_event to 2024-11-19 00:00:00+00:00, run_after=2024-11-20 00:00:00+00:00
[2024-11-20T14:49:52.900+0000] {logging_mixin.py:190} INFO - [2024-11-20T14:49:52.900+0000] {dag.py:4180} INFO - Setting next_dagrun for read_dataset_event_from_classic to 2024-11-19 00:00:00+00:00, run_after=2024-11-20 00:00:00+00:00
[2024-11-20T14:49:52.911+0000] {processor.py:208} INFO - Processing /home/airflow/.local/lib/python3.12/site-packages/airflow/example_dags/example_inlet_event_extra.py took 0.381 seconds
[2024-11-20T14:50:24.354+0000] {processor.py:186} INFO - Started process (PID=2144) to work on /home/airflow/.local/lib/python3.12/site-packages/airflow/example_dags/example_inlet_event_extra.py
[2024-11-20T14:50:24.355+0000] {processor.py:914} INFO - Processing file /home/airflow/.local/lib/python3.12/site-packages/airflow/example_dags/example_inlet_event_extra.py for tasks to queue
[2024-11-20T14:50:24.357+0000] {logging_mixin.py:190} INFO - [2024-11-20T14:50:24.357+0000] {dagbag.py:588} INFO - Filling up the DagBag from /home/airflow/.local/lib/python3.12/site-packages/airflow/example_dags/example_inlet_event_extra.py
[2024-11-20T14:50:24.712+0000] {processor.py:925} INFO - DAG(s) 'read_dataset_event', 'read_dataset_event_from_classic' retrieved from /home/airflow/.local/lib/python3.12/site-packages/airflow/example_dags/example_inlet_event_extra.py
[2024-11-20T14:50:24.726+0000] {logging_mixin.py:190} INFO - [2024-11-20T14:50:24.726+0000] {dag.py:3239} INFO - Sync 2 DAGs
[2024-11-20T14:50:24.743+0000] {logging_mixin.py:190} INFO - [2024-11-20T14:50:24.743+0000] {dag.py:4180} INFO - Setting next_dagrun for read_dataset_event to 2024-11-19 00:00:00+00:00, run_after=2024-11-20 00:00:00+00:00
[2024-11-20T14:50:24.748+0000] {logging_mixin.py:190} INFO - [2024-11-20T14:50:24.748+0000] {dag.py:4180} INFO - Setting next_dagrun for read_dataset_event_from_classic to 2024-11-19 00:00:00+00:00, run_after=2024-11-20 00:00:00+00:00
[2024-11-20T14:50:24.759+0000] {processor.py:208} INFO - Processing /home/airflow/.local/lib/python3.12/site-packages/airflow/example_dags/example_inlet_event_extra.py took 0.409 seconds
[2024-11-20T14:50:55.568+0000] {processor.py:186} INFO - Started process (PID=2207) to work on /home/airflow/.local/lib/python3.12/site-packages/airflow/example_dags/example_inlet_event_extra.py
[2024-11-20T14:50:55.569+0000] {processor.py:914} INFO - Processing file /home/airflow/.local/lib/python3.12/site-packages/airflow/example_dags/example_inlet_event_extra.py for tasks to queue
[2024-11-20T14:50:55.571+0000] {logging_mixin.py:190} INFO - [2024-11-20T14:50:55.571+0000] {dagbag.py:588} INFO - Filling up the DagBag from /home/airflow/.local/lib/python3.12/site-packages/airflow/example_dags/example_inlet_event_extra.py
[2024-11-20T14:50:55.921+0000] {processor.py:925} INFO - DAG(s) 'read_dataset_event_from_classic', 'read_dataset_event' retrieved from /home/airflow/.local/lib/python3.12/site-packages/airflow/example_dags/example_inlet_event_extra.py
[2024-11-20T14:50:55.935+0000] {logging_mixin.py:190} INFO - [2024-11-20T14:50:55.935+0000] {dag.py:3239} INFO - Sync 2 DAGs
[2024-11-20T14:50:55.952+0000] {logging_mixin.py:190} INFO - [2024-11-20T14:50:55.952+0000] {dag.py:4180} INFO - Setting next_dagrun for read_dataset_event to 2024-11-19 00:00:00+00:00, run_after=2024-11-20 00:00:00+00:00
[2024-11-20T14:50:55.956+0000] {logging_mixin.py:190} INFO - [2024-11-20T14:50:55.956+0000] {dag.py:4180} INFO - Setting next_dagrun for read_dataset_event_from_classic to 2024-11-19 00:00:00+00:00, run_after=2024-11-20 00:00:00+00:00
[2024-11-20T14:50:55.968+0000] {processor.py:208} INFO - Processing /home/airflow/.local/lib/python3.12/site-packages/airflow/example_dags/example_inlet_event_extra.py took 0.403 seconds
[2024-11-20T14:51:26.032+0000] {processor.py:186} INFO - Started process (PID=2270) to work on /home/airflow/.local/lib/python3.12/site-packages/airflow/example_dags/example_inlet_event_extra.py
[2024-11-20T14:51:26.033+0000] {processor.py:914} INFO - Processing file /home/airflow/.local/lib/python3.12/site-packages/airflow/example_dags/example_inlet_event_extra.py for tasks to queue
[2024-11-20T14:51:26.034+0000] {logging_mixin.py:190} INFO - [2024-11-20T14:51:26.034+0000] {dagbag.py:588} INFO - Filling up the DagBag from /home/airflow/.local/lib/python3.12/site-packages/airflow/example_dags/example_inlet_event_extra.py
[2024-11-20T14:51:26.419+0000] {processor.py:925} INFO - DAG(s) 'read_dataset_event', 'read_dataset_event_from_classic' retrieved from /home/airflow/.local/lib/python3.12/site-packages/airflow/example_dags/example_inlet_event_extra.py
[2024-11-20T14:51:26.431+0000] {logging_mixin.py:190} INFO - [2024-11-20T14:51:26.431+0000] {dag.py:3239} INFO - Sync 2 DAGs
[2024-11-20T14:51:26.444+0000] {logging_mixin.py:190} INFO - [2024-11-20T14:51:26.444+0000] {dag.py:4180} INFO - Setting next_dagrun for read_dataset_event to 2024-11-19 00:00:00+00:00, run_after=2024-11-20 00:00:00+00:00
[2024-11-20T14:51:26.447+0000] {logging_mixin.py:190} INFO - [2024-11-20T14:51:26.447+0000] {dag.py:4180} INFO - Setting next_dagrun for read_dataset_event_from_classic to 2024-11-19 00:00:00+00:00, run_after=2024-11-20 00:00:00+00:00
[2024-11-20T14:51:26.460+0000] {processor.py:208} INFO - Processing /home/airflow/.local/lib/python3.12/site-packages/airflow/example_dags/example_inlet_event_extra.py took 0.433 seconds
[2024-11-20T14:51:57.222+0000] {processor.py:186} INFO - Started process (PID=2333) to work on /home/airflow/.local/lib/python3.12/site-packages/airflow/example_dags/example_inlet_event_extra.py
[2024-11-20T14:51:57.225+0000] {processor.py:914} INFO - Processing file /home/airflow/.local/lib/python3.12/site-packages/airflow/example_dags/example_inlet_event_extra.py for tasks to queue
[2024-11-20T14:51:57.230+0000] {logging_mixin.py:190} INFO - [2024-11-20T14:51:57.230+0000] {dagbag.py:588} INFO - Filling up the DagBag from /home/airflow/.local/lib/python3.12/site-packages/airflow/example_dags/example_inlet_event_extra.py
[2024-11-20T14:51:57.593+0000] {processor.py:925} INFO - DAG(s) 'read_dataset_event_from_classic', 'read_dataset_event' retrieved from /home/airflow/.local/lib/python3.12/site-packages/airflow/example_dags/example_inlet_event_extra.py
[2024-11-20T14:51:57.605+0000] {logging_mixin.py:190} INFO - [2024-11-20T14:51:57.605+0000] {dag.py:3239} INFO - Sync 2 DAGs
[2024-11-20T14:51:57.619+0000] {logging_mixin.py:190} INFO - [2024-11-20T14:51:57.619+0000] {dag.py:4180} INFO - Setting next_dagrun for read_dataset_event to 2024-11-19 00:00:00+00:00, run_after=2024-11-20 00:00:00+00:00
[2024-11-20T14:51:57.622+0000] {logging_mixin.py:190} INFO - [2024-11-20T14:51:57.622+0000] {dag.py:4180} INFO - Setting next_dagrun for read_dataset_event_from_classic to 2024-11-19 00:00:00+00:00, run_after=2024-11-20 00:00:00+00:00
[2024-11-20T14:51:57.636+0000] {processor.py:208} INFO - Processing /home/airflow/.local/lib/python3.12/site-packages/airflow/example_dags/example_inlet_event_extra.py took 0.421 seconds
[2024-11-20T14:52:27.682+0000] {processor.py:186} INFO - Started process (PID=2396) to work on /home/airflow/.local/lib/python3.12/site-packages/airflow/example_dags/example_inlet_event_extra.py
[2024-11-20T14:52:27.683+0000] {processor.py:914} INFO - Processing file /home/airflow/.local/lib/python3.12/site-packages/airflow/example_dags/example_inlet_event_extra.py for tasks to queue
[2024-11-20T14:52:27.685+0000] {logging_mixin.py:190} INFO - [2024-11-20T14:52:27.685+0000] {dagbag.py:588} INFO - Filling up the DagBag from /home/airflow/.local/lib/python3.12/site-packages/airflow/example_dags/example_inlet_event_extra.py
[2024-11-20T14:52:28.051+0000] {processor.py:925} INFO - DAG(s) 'read_dataset_event', 'read_dataset_event_from_classic' retrieved from /home/airflow/.local/lib/python3.12/site-packages/airflow/example_dags/example_inlet_event_extra.py
[2024-11-20T14:52:28.067+0000] {logging_mixin.py:190} INFO - [2024-11-20T14:52:28.067+0000] {dag.py:3239} INFO - Sync 2 DAGs
[2024-11-20T14:52:28.082+0000] {logging_mixin.py:190} INFO - [2024-11-20T14:52:28.081+0000] {dag.py:4180} INFO - Setting next_dagrun for read_dataset_event to 2024-11-19 00:00:00+00:00, run_after=2024-11-20 00:00:00+00:00
[2024-11-20T14:52:28.085+0000] {logging_mixin.py:190} INFO - [2024-11-20T14:52:28.085+0000] {dag.py:4180} INFO - Setting next_dagrun for read_dataset_event_from_classic to 2024-11-19 00:00:00+00:00, run_after=2024-11-20 00:00:00+00:00
[2024-11-20T14:52:28.099+0000] {processor.py:208} INFO - Processing /home/airflow/.local/lib/python3.12/site-packages/airflow/example_dags/example_inlet_event_extra.py took 0.421 seconds
[2024-11-20T14:52:58.260+0000] {processor.py:186} INFO - Started process (PID=2459) to work on /home/airflow/.local/lib/python3.12/site-packages/airflow/example_dags/example_inlet_event_extra.py
[2024-11-20T14:52:58.261+0000] {processor.py:914} INFO - Processing file /home/airflow/.local/lib/python3.12/site-packages/airflow/example_dags/example_inlet_event_extra.py for tasks to queue
[2024-11-20T14:52:58.263+0000] {logging_mixin.py:190} INFO - [2024-11-20T14:52:58.262+0000] {dagbag.py:588} INFO - Filling up the DagBag from /home/airflow/.local/lib/python3.12/site-packages/airflow/example_dags/example_inlet_event_extra.py
[2024-11-20T14:52:58.626+0000] {processor.py:925} INFO - DAG(s) 'read_dataset_event_from_classic', 'read_dataset_event' retrieved from /home/airflow/.local/lib/python3.12/site-packages/airflow/example_dags/example_inlet_event_extra.py
[2024-11-20T14:52:58.642+0000] {logging_mixin.py:190} INFO - [2024-11-20T14:52:58.641+0000] {dag.py:3239} INFO - Sync 2 DAGs
[2024-11-20T14:52:58.657+0000] {logging_mixin.py:190} INFO - [2024-11-20T14:52:58.656+0000] {dag.py:4180} INFO - Setting next_dagrun for read_dataset_event to 2024-11-19 00:00:00+00:00, run_after=2024-11-20 00:00:00+00:00
[2024-11-20T14:52:58.660+0000] {logging_mixin.py:190} INFO - [2024-11-20T14:52:58.660+0000] {dag.py:4180} INFO - Setting next_dagrun for read_dataset_event_from_classic to 2024-11-19 00:00:00+00:00, run_after=2024-11-20 00:00:00+00:00
[2024-11-20T14:52:58.674+0000] {processor.py:208} INFO - Processing /home/airflow/.local/lib/python3.12/site-packages/airflow/example_dags/example_inlet_event_extra.py took 0.418 seconds
[2024-11-20T14:53:28.798+0000] {processor.py:186} INFO - Started process (PID=2522) to work on /home/airflow/.local/lib/python3.12/site-packages/airflow/example_dags/example_inlet_event_extra.py
[2024-11-20T14:53:28.799+0000] {processor.py:914} INFO - Processing file /home/airflow/.local/lib/python3.12/site-packages/airflow/example_dags/example_inlet_event_extra.py for tasks to queue
[2024-11-20T14:53:28.800+0000] {logging_mixin.py:190} INFO - [2024-11-20T14:53:28.800+0000] {dagbag.py:588} INFO - Filling up the DagBag from /home/airflow/.local/lib/python3.12/site-packages/airflow/example_dags/example_inlet_event_extra.py
[2024-11-20T14:53:29.189+0000] {processor.py:925} INFO - DAG(s) 'read_dataset_event', 'read_dataset_event_from_classic' retrieved from /home/airflow/.local/lib/python3.12/site-packages/airflow/example_dags/example_inlet_event_extra.py
[2024-11-20T14:53:29.201+0000] {logging_mixin.py:190} INFO - [2024-11-20T14:53:29.201+0000] {dag.py:3239} INFO - Sync 2 DAGs
[2024-11-20T14:53:29.217+0000] {logging_mixin.py:190} INFO - [2024-11-20T14:53:29.217+0000] {dag.py:4180} INFO - Setting next_dagrun for read_dataset_event to 2024-11-19 00:00:00+00:00, run_after=2024-11-20 00:00:00+00:00
[2024-11-20T14:53:29.221+0000] {logging_mixin.py:190} INFO - [2024-11-20T14:53:29.221+0000] {dag.py:4180} INFO - Setting next_dagrun for read_dataset_event_from_classic to 2024-11-19 00:00:00+00:00, run_after=2024-11-20 00:00:00+00:00
[2024-11-20T14:53:29.233+0000] {processor.py:208} INFO - Processing /home/airflow/.local/lib/python3.12/site-packages/airflow/example_dags/example_inlet_event_extra.py took 0.439 seconds
[2024-11-20T14:53:59.277+0000] {processor.py:186} INFO - Started process (PID=2587) to work on /home/airflow/.local/lib/python3.12/site-packages/airflow/example_dags/example_inlet_event_extra.py
[2024-11-20T14:53:59.278+0000] {processor.py:914} INFO - Processing file /home/airflow/.local/lib/python3.12/site-packages/airflow/example_dags/example_inlet_event_extra.py for tasks to queue
[2024-11-20T14:53:59.280+0000] {logging_mixin.py:190} INFO - [2024-11-20T14:53:59.280+0000] {dagbag.py:588} INFO - Filling up the DagBag from /home/airflow/.local/lib/python3.12/site-packages/airflow/example_dags/example_inlet_event_extra.py
[2024-11-20T14:53:59.679+0000] {processor.py:925} INFO - DAG(s) 'read_dataset_event', 'read_dataset_event_from_classic' retrieved from /home/airflow/.local/lib/python3.12/site-packages/airflow/example_dags/example_inlet_event_extra.py
[2024-11-20T14:53:59.692+0000] {logging_mixin.py:190} INFO - [2024-11-20T14:53:59.692+0000] {dag.py:3239} INFO - Sync 2 DAGs
[2024-11-20T14:53:59.708+0000] {logging_mixin.py:190} INFO - [2024-11-20T14:53:59.708+0000] {dag.py:4180} INFO - Setting next_dagrun for read_dataset_event to 2024-11-19 00:00:00+00:00, run_after=2024-11-20 00:00:00+00:00
[2024-11-20T14:53:59.712+0000] {logging_mixin.py:190} INFO - [2024-11-20T14:53:59.712+0000] {dag.py:4180} INFO - Setting next_dagrun for read_dataset_event_from_classic to 2024-11-19 00:00:00+00:00, run_after=2024-11-20 00:00:00+00:00
[2024-11-20T14:53:59.725+0000] {processor.py:208} INFO - Processing /home/airflow/.local/lib/python3.12/site-packages/airflow/example_dags/example_inlet_event_extra.py took 0.452 seconds
[2024-11-20T14:54:29.951+0000] {processor.py:186} INFO - Started process (PID=2650) to work on /home/airflow/.local/lib/python3.12/site-packages/airflow/example_dags/example_inlet_event_extra.py
[2024-11-20T14:54:29.952+0000] {processor.py:914} INFO - Processing file /home/airflow/.local/lib/python3.12/site-packages/airflow/example_dags/example_inlet_event_extra.py for tasks to queue
[2024-11-20T14:54:29.953+0000] {logging_mixin.py:190} INFO - [2024-11-20T14:54:29.953+0000] {dagbag.py:588} INFO - Filling up the DagBag from /home/airflow/.local/lib/python3.12/site-packages/airflow/example_dags/example_inlet_event_extra.py
[2024-11-20T14:54:30.327+0000] {processor.py:925} INFO - DAG(s) 'read_dataset_event_from_classic', 'read_dataset_event' retrieved from /home/airflow/.local/lib/python3.12/site-packages/airflow/example_dags/example_inlet_event_extra.py
[2024-11-20T14:54:30.345+0000] {logging_mixin.py:190} INFO - [2024-11-20T14:54:30.345+0000] {dag.py:3239} INFO - Sync 2 DAGs
[2024-11-20T14:54:30.363+0000] {logging_mixin.py:190} INFO - [2024-11-20T14:54:30.363+0000] {dag.py:4180} INFO - Setting next_dagrun for read_dataset_event to 2024-11-19 00:00:00+00:00, run_after=2024-11-20 00:00:00+00:00
[2024-11-20T14:54:30.367+0000] {logging_mixin.py:190} INFO - [2024-11-20T14:54:30.367+0000] {dag.py:4180} INFO - Setting next_dagrun for read_dataset_event_from_classic to 2024-11-19 00:00:00+00:00, run_after=2024-11-20 00:00:00+00:00
[2024-11-20T14:54:30.382+0000] {processor.py:208} INFO - Processing /home/airflow/.local/lib/python3.12/site-packages/airflow/example_dags/example_inlet_event_extra.py took 0.435 seconds
[2024-11-20T14:55:00.517+0000] {processor.py:186} INFO - Started process (PID=2717) to work on /home/airflow/.local/lib/python3.12/site-packages/airflow/example_dags/example_inlet_event_extra.py
[2024-11-20T14:55:00.519+0000] {processor.py:914} INFO - Processing file /home/airflow/.local/lib/python3.12/site-packages/airflow/example_dags/example_inlet_event_extra.py for tasks to queue
[2024-11-20T14:55:00.523+0000] {logging_mixin.py:190} INFO - [2024-11-20T14:55:00.523+0000] {dagbag.py:588} INFO - Filling up the DagBag from /home/airflow/.local/lib/python3.12/site-packages/airflow/example_dags/example_inlet_event_extra.py
[2024-11-20T14:55:00.900+0000] {processor.py:925} INFO - DAG(s) 'read_dataset_event_from_classic', 'read_dataset_event' retrieved from /home/airflow/.local/lib/python3.12/site-packages/airflow/example_dags/example_inlet_event_extra.py
[2024-11-20T14:55:00.913+0000] {logging_mixin.py:190} INFO - [2024-11-20T14:55:00.913+0000] {dag.py:3239} INFO - Sync 2 DAGs
[2024-11-20T14:55:00.928+0000] {logging_mixin.py:190} INFO - [2024-11-20T14:55:00.927+0000] {dag.py:4180} INFO - Setting next_dagrun for read_dataset_event to 2024-11-19 00:00:00+00:00, run_after=2024-11-20 00:00:00+00:00
[2024-11-20T14:55:00.931+0000] {logging_mixin.py:190} INFO - [2024-11-20T14:55:00.931+0000] {dag.py:4180} INFO - Setting next_dagrun for read_dataset_event_from_classic to 2024-11-19 00:00:00+00:00, run_after=2024-11-20 00:00:00+00:00
[2024-11-20T14:55:00.946+0000] {processor.py:208} INFO - Processing /home/airflow/.local/lib/python3.12/site-packages/airflow/example_dags/example_inlet_event_extra.py took 0.432 seconds
[2024-11-20T14:55:31.747+0000] {processor.py:186} INFO - Started process (PID=2780) to work on /home/airflow/.local/lib/python3.12/site-packages/airflow/example_dags/example_inlet_event_extra.py
[2024-11-20T14:55:31.748+0000] {processor.py:914} INFO - Processing file /home/airflow/.local/lib/python3.12/site-packages/airflow/example_dags/example_inlet_event_extra.py for tasks to queue
[2024-11-20T14:55:31.750+0000] {logging_mixin.py:190} INFO - [2024-11-20T14:55:31.750+0000] {dagbag.py:588} INFO - Filling up the DagBag from /home/airflow/.local/lib/python3.12/site-packages/airflow/example_dags/example_inlet_event_extra.py
[2024-11-20T14:55:32.126+0000] {processor.py:925} INFO - DAG(s) 'read_dataset_event_from_classic', 'read_dataset_event' retrieved from /home/airflow/.local/lib/python3.12/site-packages/airflow/example_dags/example_inlet_event_extra.py
[2024-11-20T14:55:32.138+0000] {logging_mixin.py:190} INFO - [2024-11-20T14:55:32.137+0000] {dag.py:3239} INFO - Sync 2 DAGs
[2024-11-20T14:55:32.152+0000] {logging_mixin.py:190} INFO - [2024-11-20T14:55:32.152+0000] {dag.py:4180} INFO - Setting next_dagrun for read_dataset_event to 2024-11-19 00:00:00+00:00, run_after=2024-11-20 00:00:00+00:00
[2024-11-20T14:55:32.155+0000] {logging_mixin.py:190} INFO - [2024-11-20T14:55:32.155+0000] {dag.py:4180} INFO - Setting next_dagrun for read_dataset_event_from_classic to 2024-11-19 00:00:00+00:00, run_after=2024-11-20 00:00:00+00:00
[2024-11-20T14:55:32.169+0000] {processor.py:208} INFO - Processing /home/airflow/.local/lib/python3.12/site-packages/airflow/example_dags/example_inlet_event_extra.py took 0.426 seconds
[2024-11-20T14:56:03.127+0000] {processor.py:186} INFO - Started process (PID=2846) to work on /home/airflow/.local/lib/python3.12/site-packages/airflow/example_dags/example_inlet_event_extra.py
[2024-11-20T14:56:03.128+0000] {processor.py:914} INFO - Processing file /home/airflow/.local/lib/python3.12/site-packages/airflow/example_dags/example_inlet_event_extra.py for tasks to queue
[2024-11-20T14:56:03.130+0000] {logging_mixin.py:190} INFO - [2024-11-20T14:56:03.129+0000] {dagbag.py:588} INFO - Filling up the DagBag from /home/airflow/.local/lib/python3.12/site-packages/airflow/example_dags/example_inlet_event_extra.py
[2024-11-20T14:56:03.490+0000] {processor.py:925} INFO - DAG(s) 'read_dataset_event', 'read_dataset_event_from_classic' retrieved from /home/airflow/.local/lib/python3.12/site-packages/airflow/example_dags/example_inlet_event_extra.py
[2024-11-20T14:56:03.504+0000] {logging_mixin.py:190} INFO - [2024-11-20T14:56:03.504+0000] {dag.py:3239} INFO - Sync 2 DAGs
[2024-11-20T14:56:03.518+0000] {logging_mixin.py:190} INFO - [2024-11-20T14:56:03.518+0000] {dag.py:4180} INFO - Setting next_dagrun for read_dataset_event to 2024-11-19 00:00:00+00:00, run_after=2024-11-20 00:00:00+00:00
[2024-11-20T14:56:03.522+0000] {logging_mixin.py:190} INFO - [2024-11-20T14:56:03.521+0000] {dag.py:4180} INFO - Setting next_dagrun for read_dataset_event_from_classic to 2024-11-19 00:00:00+00:00, run_after=2024-11-20 00:00:00+00:00
[2024-11-20T14:56:03.536+0000] {processor.py:208} INFO - Processing /home/airflow/.local/lib/python3.12/site-packages/airflow/example_dags/example_inlet_event_extra.py took 0.414 seconds
[2024-11-20T14:56:34.028+0000] {processor.py:186} INFO - Started process (PID=2908) to work on /home/airflow/.local/lib/python3.12/site-packages/airflow/example_dags/example_inlet_event_extra.py
[2024-11-20T14:56:34.031+0000] {processor.py:914} INFO - Processing file /home/airflow/.local/lib/python3.12/site-packages/airflow/example_dags/example_inlet_event_extra.py for tasks to queue
[2024-11-20T14:56:34.034+0000] {logging_mixin.py:190} INFO - [2024-11-20T14:56:34.034+0000] {dagbag.py:588} INFO - Filling up the DagBag from /home/airflow/.local/lib/python3.12/site-packages/airflow/example_dags/example_inlet_event_extra.py
[2024-11-20T14:56:34.534+0000] {processor.py:925} INFO - DAG(s) 'read_dataset_event_from_classic', 'read_dataset_event' retrieved from /home/airflow/.local/lib/python3.12/site-packages/airflow/example_dags/example_inlet_event_extra.py
[2024-11-20T14:56:34.549+0000] {logging_mixin.py:190} INFO - [2024-11-20T14:56:34.549+0000] {dag.py:3239} INFO - Sync 2 DAGs
[2024-11-20T14:56:34.565+0000] {logging_mixin.py:190} INFO - [2024-11-20T14:56:34.564+0000] {dag.py:4180} INFO - Setting next_dagrun for read_dataset_event to 2024-11-19 00:00:00+00:00, run_after=2024-11-20 00:00:00+00:00
[2024-11-20T14:56:34.568+0000] {logging_mixin.py:190} INFO - [2024-11-20T14:56:34.568+0000] {dag.py:4180} INFO - Setting next_dagrun for read_dataset_event_from_classic to 2024-11-19 00:00:00+00:00, run_after=2024-11-20 00:00:00+00:00
[2024-11-20T14:56:34.583+0000] {processor.py:208} INFO - Processing /home/airflow/.local/lib/python3.12/site-packages/airflow/example_dags/example_inlet_event_extra.py took 0.559 seconds
[2024-11-20T14:57:05.162+0000] {processor.py:186} INFO - Started process (PID=2971) to work on /home/airflow/.local/lib/python3.12/site-packages/airflow/example_dags/example_inlet_event_extra.py
[2024-11-20T14:57:05.163+0000] {processor.py:914} INFO - Processing file /home/airflow/.local/lib/python3.12/site-packages/airflow/example_dags/example_inlet_event_extra.py for tasks to queue
[2024-11-20T14:57:05.165+0000] {logging_mixin.py:190} INFO - [2024-11-20T14:57:05.165+0000] {dagbag.py:588} INFO - Filling up the DagBag from /home/airflow/.local/lib/python3.12/site-packages/airflow/example_dags/example_inlet_event_extra.py
[2024-11-20T14:57:05.514+0000] {processor.py:925} INFO - DAG(s) 'read_dataset_event_from_classic', 'read_dataset_event' retrieved from /home/airflow/.local/lib/python3.12/site-packages/airflow/example_dags/example_inlet_event_extra.py
[2024-11-20T14:57:05.529+0000] {logging_mixin.py:190} INFO - [2024-11-20T14:57:05.529+0000] {dag.py:3239} INFO - Sync 2 DAGs
[2024-11-20T14:57:05.547+0000] {logging_mixin.py:190} INFO - [2024-11-20T14:57:05.547+0000] {dag.py:4180} INFO - Setting next_dagrun for read_dataset_event to 2024-11-19 00:00:00+00:00, run_after=2024-11-20 00:00:00+00:00
[2024-11-20T14:57:05.550+0000] {logging_mixin.py:190} INFO - [2024-11-20T14:57:05.550+0000] {dag.py:4180} INFO - Setting next_dagrun for read_dataset_event_from_classic to 2024-11-19 00:00:00+00:00, run_after=2024-11-20 00:00:00+00:00
[2024-11-20T14:57:05.565+0000] {processor.py:208} INFO - Processing /home/airflow/.local/lib/python3.12/site-packages/airflow/example_dags/example_inlet_event_extra.py took 0.406 seconds
[2024-11-20T14:57:36.389+0000] {processor.py:186} INFO - Started process (PID=3034) to work on /home/airflow/.local/lib/python3.12/site-packages/airflow/example_dags/example_inlet_event_extra.py
[2024-11-20T14:57:36.391+0000] {processor.py:914} INFO - Processing file /home/airflow/.local/lib/python3.12/site-packages/airflow/example_dags/example_inlet_event_extra.py for tasks to queue
[2024-11-20T14:57:36.397+0000] {logging_mixin.py:190} INFO - [2024-11-20T14:57:36.397+0000] {dagbag.py:588} INFO - Filling up the DagBag from /home/airflow/.local/lib/python3.12/site-packages/airflow/example_dags/example_inlet_event_extra.py
[2024-11-20T14:57:36.901+0000] {processor.py:925} INFO - DAG(s) 'read_dataset_event_from_classic', 'read_dataset_event' retrieved from /home/airflow/.local/lib/python3.12/site-packages/airflow/example_dags/example_inlet_event_extra.py
[2024-11-20T14:57:36.914+0000] {logging_mixin.py:190} INFO - [2024-11-20T14:57:36.914+0000] {dag.py:3239} INFO - Sync 2 DAGs
[2024-11-20T14:57:36.930+0000] {logging_mixin.py:190} INFO - [2024-11-20T14:57:36.930+0000] {dag.py:4180} INFO - Setting next_dagrun for read_dataset_event to 2024-11-19 00:00:00+00:00, run_after=2024-11-20 00:00:00+00:00
[2024-11-20T14:57:36.934+0000] {logging_mixin.py:190} INFO - [2024-11-20T14:57:36.934+0000] {dag.py:4180} INFO - Setting next_dagrun for read_dataset_event_from_classic to 2024-11-19 00:00:00+00:00, run_after=2024-11-20 00:00:00+00:00
[2024-11-20T14:57:36.951+0000] {processor.py:208} INFO - Processing /home/airflow/.local/lib/python3.12/site-packages/airflow/example_dags/example_inlet_event_extra.py took 0.570 seconds
[2024-11-20T14:58:07.232+0000] {processor.py:186} INFO - Started process (PID=3100) to work on /home/airflow/.local/lib/python3.12/site-packages/airflow/example_dags/example_inlet_event_extra.py
[2024-11-20T14:58:07.233+0000] {processor.py:914} INFO - Processing file /home/airflow/.local/lib/python3.12/site-packages/airflow/example_dags/example_inlet_event_extra.py for tasks to queue
[2024-11-20T14:58:07.235+0000] {logging_mixin.py:190} INFO - [2024-11-20T14:58:07.235+0000] {dagbag.py:588} INFO - Filling up the DagBag from /home/airflow/.local/lib/python3.12/site-packages/airflow/example_dags/example_inlet_event_extra.py
[2024-11-20T14:58:07.601+0000] {processor.py:925} INFO - DAG(s) 'read_dataset_event_from_classic', 'read_dataset_event' retrieved from /home/airflow/.local/lib/python3.12/site-packages/airflow/example_dags/example_inlet_event_extra.py
[2024-11-20T14:58:07.614+0000] {logging_mixin.py:190} INFO - [2024-11-20T14:58:07.614+0000] {dag.py:3239} INFO - Sync 2 DAGs
[2024-11-20T14:58:07.635+0000] {logging_mixin.py:190} INFO - [2024-11-20T14:58:07.635+0000] {dag.py:4180} INFO - Setting next_dagrun for read_dataset_event to 2024-11-19 00:00:00+00:00, run_after=2024-11-20 00:00:00+00:00
[2024-11-20T14:58:07.640+0000] {logging_mixin.py:190} INFO - [2024-11-20T14:58:07.639+0000] {dag.py:4180} INFO - Setting next_dagrun for read_dataset_event_from_classic to 2024-11-19 00:00:00+00:00, run_after=2024-11-20 00:00:00+00:00
[2024-11-20T14:58:07.652+0000] {processor.py:208} INFO - Processing /home/airflow/.local/lib/python3.12/site-packages/airflow/example_dags/example_inlet_event_extra.py took 0.423 seconds
[2024-11-20T14:58:37.803+0000] {processor.py:186} INFO - Started process (PID=3164) to work on /home/airflow/.local/lib/python3.12/site-packages/airflow/example_dags/example_inlet_event_extra.py
[2024-11-20T14:58:37.804+0000] {processor.py:914} INFO - Processing file /home/airflow/.local/lib/python3.12/site-packages/airflow/example_dags/example_inlet_event_extra.py for tasks to queue
[2024-11-20T14:58:37.806+0000] {logging_mixin.py:190} INFO - [2024-11-20T14:58:37.806+0000] {dagbag.py:588} INFO - Filling up the DagBag from /home/airflow/.local/lib/python3.12/site-packages/airflow/example_dags/example_inlet_event_extra.py
[2024-11-20T14:58:38.179+0000] {processor.py:925} INFO - DAG(s) 'read_dataset_event_from_classic', 'read_dataset_event' retrieved from /home/airflow/.local/lib/python3.12/site-packages/airflow/example_dags/example_inlet_event_extra.py
[2024-11-20T14:58:38.192+0000] {logging_mixin.py:190} INFO - [2024-11-20T14:58:38.192+0000] {dag.py:3239} INFO - Sync 2 DAGs
[2024-11-20T14:58:38.207+0000] {logging_mixin.py:190} INFO - [2024-11-20T14:58:38.206+0000] {dag.py:4180} INFO - Setting next_dagrun for read_dataset_event to 2024-11-19 00:00:00+00:00, run_after=2024-11-20 00:00:00+00:00
[2024-11-20T14:58:38.211+0000] {logging_mixin.py:190} INFO - [2024-11-20T14:58:38.210+0000] {dag.py:4180} INFO - Setting next_dagrun for read_dataset_event_from_classic to 2024-11-19 00:00:00+00:00, run_after=2024-11-20 00:00:00+00:00
[2024-11-20T14:58:38.221+0000] {processor.py:208} INFO - Processing /home/airflow/.local/lib/python3.12/site-packages/airflow/example_dags/example_inlet_event_extra.py took 0.423 seconds
[2024-11-20T14:59:08.323+0000] {processor.py:186} INFO - Started process (PID=3228) to work on /home/airflow/.local/lib/python3.12/site-packages/airflow/example_dags/example_inlet_event_extra.py
[2024-11-20T14:59:08.324+0000] {processor.py:914} INFO - Processing file /home/airflow/.local/lib/python3.12/site-packages/airflow/example_dags/example_inlet_event_extra.py for tasks to queue
[2024-11-20T14:59:08.326+0000] {logging_mixin.py:190} INFO - [2024-11-20T14:59:08.326+0000] {dagbag.py:588} INFO - Filling up the DagBag from /home/airflow/.local/lib/python3.12/site-packages/airflow/example_dags/example_inlet_event_extra.py
[2024-11-20T14:59:08.693+0000] {processor.py:925} INFO - DAG(s) 'read_dataset_event', 'read_dataset_event_from_classic' retrieved from /home/airflow/.local/lib/python3.12/site-packages/airflow/example_dags/example_inlet_event_extra.py
[2024-11-20T14:59:08.706+0000] {logging_mixin.py:190} INFO - [2024-11-20T14:59:08.706+0000] {dag.py:3239} INFO - Sync 2 DAGs
[2024-11-20T14:59:08.721+0000] {logging_mixin.py:190} INFO - [2024-11-20T14:59:08.721+0000] {dag.py:4180} INFO - Setting next_dagrun for read_dataset_event to 2024-11-19 00:00:00+00:00, run_after=2024-11-20 00:00:00+00:00
[2024-11-20T14:59:08.724+0000] {logging_mixin.py:190} INFO - [2024-11-20T14:59:08.724+0000] {dag.py:4180} INFO - Setting next_dagrun for read_dataset_event_from_classic to 2024-11-19 00:00:00+00:00, run_after=2024-11-20 00:00:00+00:00
[2024-11-20T14:59:08.738+0000] {processor.py:208} INFO - Processing /home/airflow/.local/lib/python3.12/site-packages/airflow/example_dags/example_inlet_event_extra.py took 0.419 seconds
[2024-11-20T14:59:40.189+0000] {processor.py:186} INFO - Started process (PID=3293) to work on /home/airflow/.local/lib/python3.12/site-packages/airflow/example_dags/example_inlet_event_extra.py
[2024-11-20T14:59:40.190+0000] {processor.py:914} INFO - Processing file /home/airflow/.local/lib/python3.12/site-packages/airflow/example_dags/example_inlet_event_extra.py for tasks to queue
[2024-11-20T14:59:40.193+0000] {logging_mixin.py:190} INFO - [2024-11-20T14:59:40.192+0000] {dagbag.py:588} INFO - Filling up the DagBag from /home/airflow/.local/lib/python3.12/site-packages/airflow/example_dags/example_inlet_event_extra.py
[2024-11-20T14:59:40.583+0000] {processor.py:925} INFO - DAG(s) 'read_dataset_event', 'read_dataset_event_from_classic' retrieved from /home/airflow/.local/lib/python3.12/site-packages/airflow/example_dags/example_inlet_event_extra.py
[2024-11-20T14:59:40.597+0000] {logging_mixin.py:190} INFO - [2024-11-20T14:59:40.597+0000] {dag.py:3239} INFO - Sync 2 DAGs
[2024-11-20T14:59:40.613+0000] {logging_mixin.py:190} INFO - [2024-11-20T14:59:40.613+0000] {dag.py:4180} INFO - Setting next_dagrun for read_dataset_event to 2024-11-19 00:00:00+00:00, run_after=2024-11-20 00:00:00+00:00
[2024-11-20T14:59:40.616+0000] {logging_mixin.py:190} INFO - [2024-11-20T14:59:40.616+0000] {dag.py:4180} INFO - Setting next_dagrun for read_dataset_event_from_classic to 2024-11-19 00:00:00+00:00, run_after=2024-11-20 00:00:00+00:00
[2024-11-20T14:59:40.631+0000] {processor.py:208} INFO - Processing /home/airflow/.local/lib/python3.12/site-packages/airflow/example_dags/example_inlet_event_extra.py took 0.451 seconds
[2024-11-20T15:00:10.799+0000] {processor.py:186} INFO - Started process (PID=3356) to work on /home/airflow/.local/lib/python3.12/site-packages/airflow/example_dags/example_inlet_event_extra.py
[2024-11-20T15:00:10.801+0000] {processor.py:914} INFO - Processing file /home/airflow/.local/lib/python3.12/site-packages/airflow/example_dags/example_inlet_event_extra.py for tasks to queue
[2024-11-20T15:00:10.802+0000] {logging_mixin.py:190} INFO - [2024-11-20T15:00:10.802+0000] {dagbag.py:588} INFO - Filling up the DagBag from /home/airflow/.local/lib/python3.12/site-packages/airflow/example_dags/example_inlet_event_extra.py
[2024-11-20T15:00:11.226+0000] {processor.py:925} INFO - DAG(s) 'read_dataset_event', 'read_dataset_event_from_classic' retrieved from /home/airflow/.local/lib/python3.12/site-packages/airflow/example_dags/example_inlet_event_extra.py
[2024-11-20T15:00:11.240+0000] {logging_mixin.py:190} INFO - [2024-11-20T15:00:11.240+0000] {dag.py:3239} INFO - Sync 2 DAGs
[2024-11-20T15:00:11.256+0000] {logging_mixin.py:190} INFO - [2024-11-20T15:00:11.256+0000] {dag.py:4180} INFO - Setting next_dagrun for read_dataset_event to 2024-11-19 00:00:00+00:00, run_after=2024-11-20 00:00:00+00:00
[2024-11-20T15:00:11.260+0000] {logging_mixin.py:190} INFO - [2024-11-20T15:00:11.259+0000] {dag.py:4180} INFO - Setting next_dagrun for read_dataset_event_from_classic to 2024-11-19 00:00:00+00:00, run_after=2024-11-20 00:00:00+00:00
[2024-11-20T15:00:11.273+0000] {processor.py:208} INFO - Processing /home/airflow/.local/lib/python3.12/site-packages/airflow/example_dags/example_inlet_event_extra.py took 0.478 seconds
[2024-11-20T15:00:42.150+0000] {processor.py:186} INFO - Started process (PID=3421) to work on /home/airflow/.local/lib/python3.12/site-packages/airflow/example_dags/example_inlet_event_extra.py
[2024-11-20T15:00:42.151+0000] {processor.py:914} INFO - Processing file /home/airflow/.local/lib/python3.12/site-packages/airflow/example_dags/example_inlet_event_extra.py for tasks to queue
[2024-11-20T15:00:42.153+0000] {logging_mixin.py:190} INFO - [2024-11-20T15:00:42.153+0000] {dagbag.py:588} INFO - Filling up the DagBag from /home/airflow/.local/lib/python3.12/site-packages/airflow/example_dags/example_inlet_event_extra.py
[2024-11-20T15:00:42.414+0000] {processor.py:925} INFO - DAG(s) 'read_dataset_event', 'read_dataset_event_from_classic' retrieved from /home/airflow/.local/lib/python3.12/site-packages/airflow/example_dags/example_inlet_event_extra.py
[2024-11-20T15:00:42.432+0000] {logging_mixin.py:190} INFO - [2024-11-20T15:00:42.431+0000] {dag.py:3239} INFO - Sync 2 DAGs
[2024-11-20T15:00:42.450+0000] {logging_mixin.py:190} INFO - [2024-11-20T15:00:42.450+0000] {dag.py:4180} INFO - Setting next_dagrun for read_dataset_event to 2024-11-19 00:00:00+00:00, run_after=2024-11-20 00:00:00+00:00
[2024-11-20T15:00:42.454+0000] {logging_mixin.py:190} INFO - [2024-11-20T15:00:42.453+0000] {dag.py:4180} INFO - Setting next_dagrun for read_dataset_event_from_classic to 2024-11-19 00:00:00+00:00, run_after=2024-11-20 00:00:00+00:00
[2024-11-20T15:00:42.471+0000] {processor.py:208} INFO - Processing /home/airflow/.local/lib/python3.12/site-packages/airflow/example_dags/example_inlet_event_extra.py took 0.325 seconds
[2024-11-20T15:01:13.016+0000] {processor.py:186} INFO - Started process (PID=3484) to work on /home/airflow/.local/lib/python3.12/site-packages/airflow/example_dags/example_inlet_event_extra.py
[2024-11-20T15:01:13.017+0000] {processor.py:914} INFO - Processing file /home/airflow/.local/lib/python3.12/site-packages/airflow/example_dags/example_inlet_event_extra.py for tasks to queue
[2024-11-20T15:01:13.019+0000] {logging_mixin.py:190} INFO - [2024-11-20T15:01:13.019+0000] {dagbag.py:588} INFO - Filling up the DagBag from /home/airflow/.local/lib/python3.12/site-packages/airflow/example_dags/example_inlet_event_extra.py
[2024-11-20T15:01:13.294+0000] {processor.py:925} INFO - DAG(s) 'read_dataset_event', 'read_dataset_event_from_classic' retrieved from /home/airflow/.local/lib/python3.12/site-packages/airflow/example_dags/example_inlet_event_extra.py
[2024-11-20T15:01:13.310+0000] {logging_mixin.py:190} INFO - [2024-11-20T15:01:13.310+0000] {dag.py:3239} INFO - Sync 2 DAGs
[2024-11-20T15:01:13.328+0000] {logging_mixin.py:190} INFO - [2024-11-20T15:01:13.328+0000] {dag.py:4180} INFO - Setting next_dagrun for read_dataset_event to 2024-11-19 00:00:00+00:00, run_after=2024-11-20 00:00:00+00:00
[2024-11-20T15:01:13.332+0000] {logging_mixin.py:190} INFO - [2024-11-20T15:01:13.331+0000] {dag.py:4180} INFO - Setting next_dagrun for read_dataset_event_from_classic to 2024-11-19 00:00:00+00:00, run_after=2024-11-20 00:00:00+00:00
[2024-11-20T15:01:13.347+0000] {processor.py:208} INFO - Processing /home/airflow/.local/lib/python3.12/site-packages/airflow/example_dags/example_inlet_event_extra.py took 0.339 seconds
[2024-11-20T15:01:44.195+0000] {processor.py:186} INFO - Started process (PID=3550) to work on /home/airflow/.local/lib/python3.12/site-packages/airflow/example_dags/example_inlet_event_extra.py
[2024-11-20T15:01:44.196+0000] {processor.py:914} INFO - Processing file /home/airflow/.local/lib/python3.12/site-packages/airflow/example_dags/example_inlet_event_extra.py for tasks to queue
[2024-11-20T15:01:44.197+0000] {logging_mixin.py:190} INFO - [2024-11-20T15:01:44.197+0000] {dagbag.py:588} INFO - Filling up the DagBag from /home/airflow/.local/lib/python3.12/site-packages/airflow/example_dags/example_inlet_event_extra.py
[2024-11-20T15:01:44.459+0000] {processor.py:925} INFO - DAG(s) 'read_dataset_event_from_classic', 'read_dataset_event' retrieved from /home/airflow/.local/lib/python3.12/site-packages/airflow/example_dags/example_inlet_event_extra.py
[2024-11-20T15:01:44.473+0000] {logging_mixin.py:190} INFO - [2024-11-20T15:01:44.473+0000] {dag.py:3239} INFO - Sync 2 DAGs
[2024-11-20T15:01:44.491+0000] {logging_mixin.py:190} INFO - [2024-11-20T15:01:44.491+0000] {dag.py:4180} INFO - Setting next_dagrun for read_dataset_event to 2024-11-19 00:00:00+00:00, run_after=2024-11-20 00:00:00+00:00
[2024-11-20T15:01:44.495+0000] {logging_mixin.py:190} INFO - [2024-11-20T15:01:44.494+0000] {dag.py:4180} INFO - Setting next_dagrun for read_dataset_event_from_classic to 2024-11-19 00:00:00+00:00, run_after=2024-11-20 00:00:00+00:00
[2024-11-20T15:01:44.508+0000] {processor.py:208} INFO - Processing /home/airflow/.local/lib/python3.12/site-packages/airflow/example_dags/example_inlet_event_extra.py took 0.317 seconds
[2024-11-20T15:02:15.335+0000] {processor.py:186} INFO - Started process (PID=3613) to work on /home/airflow/.local/lib/python3.12/site-packages/airflow/example_dags/example_inlet_event_extra.py
[2024-11-20T15:02:15.336+0000] {processor.py:914} INFO - Processing file /home/airflow/.local/lib/python3.12/site-packages/airflow/example_dags/example_inlet_event_extra.py for tasks to queue
[2024-11-20T15:02:15.337+0000] {logging_mixin.py:190} INFO - [2024-11-20T15:02:15.337+0000] {dagbag.py:588} INFO - Filling up the DagBag from /home/airflow/.local/lib/python3.12/site-packages/airflow/example_dags/example_inlet_event_extra.py
[2024-11-20T15:02:15.607+0000] {processor.py:925} INFO - DAG(s) 'read_dataset_event', 'read_dataset_event_from_classic' retrieved from /home/airflow/.local/lib/python3.12/site-packages/airflow/example_dags/example_inlet_event_extra.py
[2024-11-20T15:02:15.623+0000] {logging_mixin.py:190} INFO - [2024-11-20T15:02:15.623+0000] {dag.py:3239} INFO - Sync 2 DAGs
[2024-11-20T15:02:15.640+0000] {logging_mixin.py:190} INFO - [2024-11-20T15:02:15.640+0000] {dag.py:4180} INFO - Setting next_dagrun for read_dataset_event to 2024-11-19 00:00:00+00:00, run_after=2024-11-20 00:00:00+00:00
[2024-11-20T15:02:15.645+0000] {logging_mixin.py:190} INFO - [2024-11-20T15:02:15.645+0000] {dag.py:4180} INFO - Setting next_dagrun for read_dataset_event_from_classic to 2024-11-19 00:00:00+00:00, run_after=2024-11-20 00:00:00+00:00
[2024-11-20T15:02:15.658+0000] {processor.py:208} INFO - Processing /home/airflow/.local/lib/python3.12/site-packages/airflow/example_dags/example_inlet_event_extra.py took 0.327 seconds
[2024-11-20T15:02:45.941+0000] {processor.py:186} INFO - Started process (PID=3676) to work on /home/airflow/.local/lib/python3.12/site-packages/airflow/example_dags/example_inlet_event_extra.py
[2024-11-20T15:02:45.942+0000] {processor.py:914} INFO - Processing file /home/airflow/.local/lib/python3.12/site-packages/airflow/example_dags/example_inlet_event_extra.py for tasks to queue
[2024-11-20T15:02:45.944+0000] {logging_mixin.py:190} INFO - [2024-11-20T15:02:45.944+0000] {dagbag.py:588} INFO - Filling up the DagBag from /home/airflow/.local/lib/python3.12/site-packages/airflow/example_dags/example_inlet_event_extra.py
[2024-11-20T15:02:46.191+0000] {processor.py:925} INFO - DAG(s) 'read_dataset_event_from_classic', 'read_dataset_event' retrieved from /home/airflow/.local/lib/python3.12/site-packages/airflow/example_dags/example_inlet_event_extra.py
[2024-11-20T15:02:46.205+0000] {logging_mixin.py:190} INFO - [2024-11-20T15:02:46.205+0000] {dag.py:3239} INFO - Sync 2 DAGs
[2024-11-20T15:02:46.223+0000] {logging_mixin.py:190} INFO - [2024-11-20T15:02:46.222+0000] {dag.py:4180} INFO - Setting next_dagrun for read_dataset_event to 2024-11-19 00:00:00+00:00, run_after=2024-11-20 00:00:00+00:00
[2024-11-20T15:02:46.227+0000] {logging_mixin.py:190} INFO - [2024-11-20T15:02:46.226+0000] {dag.py:4180} INFO - Setting next_dagrun for read_dataset_event_from_classic to 2024-11-19 00:00:00+00:00, run_after=2024-11-20 00:00:00+00:00
[2024-11-20T15:02:46.240+0000] {processor.py:208} INFO - Processing /home/airflow/.local/lib/python3.12/site-packages/airflow/example_dags/example_inlet_event_extra.py took 0.303 seconds
