[2024-11-20T14:27:49.474+0000] {processor.py:186} INFO - Started process (PID=93) to work on /home/airflow/.local/lib/python3.12/site-packages/airflow/example_dags/example_xcomargs.py
[2024-11-20T14:27:49.475+0000] {processor.py:914} INFO - Processing file /home/airflow/.local/lib/python3.12/site-packages/airflow/example_dags/example_xcomargs.py for tasks to queue
[2024-11-20T14:27:49.479+0000] {logging_mixin.py:190} INFO - [2024-11-20T14:27:49.479+0000] {dagbag.py:588} INFO - Filling up the DagBag from /home/airflow/.local/lib/python3.12/site-packages/airflow/example_dags/example_xcomargs.py
[2024-11-20T14:27:49.487+0000] {processor.py:925} INFO - DAG(s) 'example_xcom_args', 'example_xcom_args_with_operators' retrieved from /home/airflow/.local/lib/python3.12/site-packages/airflow/example_dags/example_xcomargs.py
[2024-11-20T14:27:49.553+0000] {logging_mixin.py:190} INFO - [2024-11-20T14:27:49.553+0000] {override.py:1911} INFO - Created Permission View: can read on DAG:example_xcom_args
[2024-11-20T14:27:49.562+0000] {logging_mixin.py:190} INFO - [2024-11-20T14:27:49.561+0000] {override.py:1911} INFO - Created Permission View: can edit on DAG:example_xcom_args
[2024-11-20T14:27:49.571+0000] {logging_mixin.py:190} INFO - [2024-11-20T14:27:49.571+0000] {override.py:1911} INFO - Created Permission View: can delete on DAG:example_xcom_args
[2024-11-20T14:27:49.581+0000] {logging_mixin.py:190} INFO - [2024-11-20T14:27:49.580+0000] {override.py:1911} INFO - Created Permission View: can read on DAG Run:example_xcom_args
[2024-11-20T14:27:49.587+0000] {logging_mixin.py:190} INFO - [2024-11-20T14:27:49.587+0000] {override.py:1911} INFO - Created Permission View: menu access on DAG Run:example_xcom_args
[2024-11-20T14:27:49.595+0000] {logging_mixin.py:190} INFO - [2024-11-20T14:27:49.595+0000] {override.py:1911} INFO - Created Permission View: can create on DAG Run:example_xcom_args
[2024-11-20T14:27:49.602+0000] {logging_mixin.py:190} INFO - [2024-11-20T14:27:49.602+0000] {override.py:1911} INFO - Created Permission View: can delete on DAG Run:example_xcom_args
[2024-11-20T14:27:49.615+0000] {logging_mixin.py:190} INFO - [2024-11-20T14:27:49.615+0000] {override.py:1911} INFO - Created Permission View: can read on DAG:example_xcom_args_with_operators
[2024-11-20T14:27:49.621+0000] {logging_mixin.py:190} INFO - [2024-11-20T14:27:49.621+0000] {override.py:1911} INFO - Created Permission View: can edit on DAG:example_xcom_args_with_operators
[2024-11-20T14:27:49.626+0000] {logging_mixin.py:190} INFO - [2024-11-20T14:27:49.626+0000] {override.py:1911} INFO - Created Permission View: can delete on DAG:example_xcom_args_with_operators
[2024-11-20T14:27:49.635+0000] {logging_mixin.py:190} INFO - [2024-11-20T14:27:49.635+0000] {override.py:1911} INFO - Created Permission View: can read on DAG Run:example_xcom_args_with_operators
[2024-11-20T14:27:49.643+0000] {logging_mixin.py:190} INFO - [2024-11-20T14:27:49.642+0000] {override.py:1911} INFO - Created Permission View: menu access on DAG Run:example_xcom_args_with_operators
[2024-11-20T14:27:49.650+0000] {logging_mixin.py:190} INFO - [2024-11-20T14:27:49.650+0000] {override.py:1911} INFO - Created Permission View: can create on DAG Run:example_xcom_args_with_operators
[2024-11-20T14:27:49.657+0000] {logging_mixin.py:190} INFO - [2024-11-20T14:27:49.657+0000] {override.py:1911} INFO - Created Permission View: can delete on DAG Run:example_xcom_args_with_operators
[2024-11-20T14:27:49.658+0000] {logging_mixin.py:190} INFO - [2024-11-20T14:27:49.658+0000] {dag.py:3239} INFO - Sync 2 DAGs
[2024-11-20T14:27:49.666+0000] {logging_mixin.py:190} INFO - [2024-11-20T14:27:49.666+0000] {dag.py:3262} INFO - Creating ORM DAG for example_xcom_args
[2024-11-20T14:27:49.668+0000] {logging_mixin.py:190} INFO - [2024-11-20T14:27:49.668+0000] {dag.py:3262} INFO - Creating ORM DAG for example_xcom_args_with_operators
[2024-11-20T14:27:49.669+0000] {logging_mixin.py:190} INFO - [2024-11-20T14:27:49.669+0000] {dag.py:4180} INFO - Setting next_dagrun for example_xcom_args to None, run_after=None
[2024-11-20T14:27:49.670+0000] {logging_mixin.py:190} INFO - [2024-11-20T14:27:49.670+0000] {dag.py:4180} INFO - Setting next_dagrun for example_xcom_args_with_operators to None, run_after=None
[2024-11-20T14:27:49.683+0000] {processor.py:208} INFO - Processing /home/airflow/.local/lib/python3.12/site-packages/airflow/example_dags/example_xcomargs.py took 0.212 seconds
[2024-11-20T14:28:20.326+0000] {processor.py:186} INFO - Started process (PID=156) to work on /home/airflow/.local/lib/python3.12/site-packages/airflow/example_dags/example_xcomargs.py
[2024-11-20T14:28:20.327+0000] {processor.py:914} INFO - Processing file /home/airflow/.local/lib/python3.12/site-packages/airflow/example_dags/example_xcomargs.py for tasks to queue
[2024-11-20T14:28:20.329+0000] {logging_mixin.py:190} INFO - [2024-11-20T14:28:20.328+0000] {dagbag.py:588} INFO - Filling up the DagBag from /home/airflow/.local/lib/python3.12/site-packages/airflow/example_dags/example_xcomargs.py
[2024-11-20T14:28:20.336+0000] {processor.py:925} INFO - DAG(s) 'example_xcom_args_with_operators', 'example_xcom_args' retrieved from /home/airflow/.local/lib/python3.12/site-packages/airflow/example_dags/example_xcomargs.py
[2024-11-20T14:28:20.351+0000] {logging_mixin.py:190} INFO - [2024-11-20T14:28:20.351+0000] {dag.py:3239} INFO - Sync 2 DAGs
[2024-11-20T14:28:20.360+0000] {logging_mixin.py:190} INFO - [2024-11-20T14:28:20.360+0000] {dag.py:4180} INFO - Setting next_dagrun for example_xcom_args to None, run_after=None
[2024-11-20T14:28:20.362+0000] {logging_mixin.py:190} INFO - [2024-11-20T14:28:20.362+0000] {dag.py:4180} INFO - Setting next_dagrun for example_xcom_args_with_operators to None, run_after=None
[2024-11-20T14:28:20.376+0000] {processor.py:208} INFO - Processing /home/airflow/.local/lib/python3.12/site-packages/airflow/example_dags/example_xcomargs.py took 0.054 seconds
[2024-11-20T14:28:51.035+0000] {processor.py:186} INFO - Started process (PID=225) to work on /home/airflow/.local/lib/python3.12/site-packages/airflow/example_dags/example_xcomargs.py
[2024-11-20T14:28:51.036+0000] {processor.py:914} INFO - Processing file /home/airflow/.local/lib/python3.12/site-packages/airflow/example_dags/example_xcomargs.py for tasks to queue
[2024-11-20T14:28:51.039+0000] {logging_mixin.py:190} INFO - [2024-11-20T14:28:51.039+0000] {dagbag.py:588} INFO - Filling up the DagBag from /home/airflow/.local/lib/python3.12/site-packages/airflow/example_dags/example_xcomargs.py
[2024-11-20T14:28:51.046+0000] {processor.py:925} INFO - DAG(s) 'example_xcom_args_with_operators', 'example_xcom_args' retrieved from /home/airflow/.local/lib/python3.12/site-packages/airflow/example_dags/example_xcomargs.py
[2024-11-20T14:28:51.064+0000] {logging_mixin.py:190} INFO - [2024-11-20T14:28:51.063+0000] {dag.py:3239} INFO - Sync 2 DAGs
[2024-11-20T14:28:51.074+0000] {logging_mixin.py:190} INFO - [2024-11-20T14:28:51.074+0000] {dag.py:4180} INFO - Setting next_dagrun for example_xcom_args to None, run_after=None
[2024-11-20T14:28:51.077+0000] {logging_mixin.py:190} INFO - [2024-11-20T14:28:51.077+0000] {dag.py:4180} INFO - Setting next_dagrun for example_xcom_args_with_operators to None, run_after=None
[2024-11-20T14:28:51.093+0000] {processor.py:208} INFO - Processing /home/airflow/.local/lib/python3.12/site-packages/airflow/example_dags/example_xcomargs.py took 0.062 seconds
[2024-11-20T14:29:21.210+0000] {processor.py:186} INFO - Started process (PID=286) to work on /home/airflow/.local/lib/python3.12/site-packages/airflow/example_dags/example_xcomargs.py
[2024-11-20T14:29:21.211+0000] {processor.py:914} INFO - Processing file /home/airflow/.local/lib/python3.12/site-packages/airflow/example_dags/example_xcomargs.py for tasks to queue
[2024-11-20T14:29:21.213+0000] {logging_mixin.py:190} INFO - [2024-11-20T14:29:21.213+0000] {dagbag.py:588} INFO - Filling up the DagBag from /home/airflow/.local/lib/python3.12/site-packages/airflow/example_dags/example_xcomargs.py
[2024-11-20T14:29:21.220+0000] {processor.py:925} INFO - DAG(s) 'example_xcom_args', 'example_xcom_args_with_operators' retrieved from /home/airflow/.local/lib/python3.12/site-packages/airflow/example_dags/example_xcomargs.py
[2024-11-20T14:29:21.237+0000] {logging_mixin.py:190} INFO - [2024-11-20T14:29:21.236+0000] {dag.py:3239} INFO - Sync 2 DAGs
[2024-11-20T14:29:21.246+0000] {logging_mixin.py:190} INFO - [2024-11-20T14:29:21.246+0000] {dag.py:4180} INFO - Setting next_dagrun for example_xcom_args to None, run_after=None
[2024-11-20T14:29:21.249+0000] {logging_mixin.py:190} INFO - [2024-11-20T14:29:21.249+0000] {dag.py:4180} INFO - Setting next_dagrun for example_xcom_args_with_operators to None, run_after=None
[2024-11-20T14:29:21.263+0000] {processor.py:208} INFO - Processing /home/airflow/.local/lib/python3.12/site-packages/airflow/example_dags/example_xcomargs.py took 0.057 seconds
[2024-11-20T14:29:51.738+0000] {processor.py:186} INFO - Started process (PID=349) to work on /home/airflow/.local/lib/python3.12/site-packages/airflow/example_dags/example_xcomargs.py
[2024-11-20T14:29:51.739+0000] {processor.py:914} INFO - Processing file /home/airflow/.local/lib/python3.12/site-packages/airflow/example_dags/example_xcomargs.py for tasks to queue
[2024-11-20T14:29:51.741+0000] {logging_mixin.py:190} INFO - [2024-11-20T14:29:51.740+0000] {dagbag.py:588} INFO - Filling up the DagBag from /home/airflow/.local/lib/python3.12/site-packages/airflow/example_dags/example_xcomargs.py
[2024-11-20T14:29:51.748+0000] {processor.py:925} INFO - DAG(s) 'example_xcom_args_with_operators', 'example_xcom_args' retrieved from /home/airflow/.local/lib/python3.12/site-packages/airflow/example_dags/example_xcomargs.py
[2024-11-20T14:29:51.765+0000] {logging_mixin.py:190} INFO - [2024-11-20T14:29:51.765+0000] {dag.py:3239} INFO - Sync 2 DAGs
[2024-11-20T14:29:51.775+0000] {logging_mixin.py:190} INFO - [2024-11-20T14:29:51.775+0000] {dag.py:4180} INFO - Setting next_dagrun for example_xcom_args to None, run_after=None
[2024-11-20T14:29:51.778+0000] {logging_mixin.py:190} INFO - [2024-11-20T14:29:51.778+0000] {dag.py:4180} INFO - Setting next_dagrun for example_xcom_args_with_operators to None, run_after=None
[2024-11-20T14:29:51.790+0000] {processor.py:208} INFO - Processing /home/airflow/.local/lib/python3.12/site-packages/airflow/example_dags/example_xcomargs.py took 0.059 seconds
[2024-11-20T14:30:22.738+0000] {processor.py:186} INFO - Started process (PID=413) to work on /home/airflow/.local/lib/python3.12/site-packages/airflow/example_dags/example_xcomargs.py
[2024-11-20T14:30:22.741+0000] {processor.py:914} INFO - Processing file /home/airflow/.local/lib/python3.12/site-packages/airflow/example_dags/example_xcomargs.py for tasks to queue
[2024-11-20T14:30:22.743+0000] {logging_mixin.py:190} INFO - [2024-11-20T14:30:22.742+0000] {dagbag.py:588} INFO - Filling up the DagBag from /home/airflow/.local/lib/python3.12/site-packages/airflow/example_dags/example_xcomargs.py
[2024-11-20T14:30:22.753+0000] {processor.py:925} INFO - DAG(s) 'example_xcom_args_with_operators', 'example_xcom_args' retrieved from /home/airflow/.local/lib/python3.12/site-packages/airflow/example_dags/example_xcomargs.py
[2024-11-20T14:30:22.769+0000] {logging_mixin.py:190} INFO - [2024-11-20T14:30:22.769+0000] {dag.py:3239} INFO - Sync 2 DAGs
[2024-11-20T14:30:22.780+0000] {logging_mixin.py:190} INFO - [2024-11-20T14:30:22.780+0000] {dag.py:4180} INFO - Setting next_dagrun for example_xcom_args to None, run_after=None
[2024-11-20T14:30:22.784+0000] {logging_mixin.py:190} INFO - [2024-11-20T14:30:22.784+0000] {dag.py:4180} INFO - Setting next_dagrun for example_xcom_args_with_operators to None, run_after=None
[2024-11-20T14:30:22.797+0000] {processor.py:208} INFO - Processing /home/airflow/.local/lib/python3.12/site-packages/airflow/example_dags/example_xcomargs.py took 0.064 seconds
[2024-11-20T14:30:53.140+0000] {processor.py:186} INFO - Started process (PID=476) to work on /home/airflow/.local/lib/python3.12/site-packages/airflow/example_dags/example_xcomargs.py
[2024-11-20T14:30:53.141+0000] {processor.py:914} INFO - Processing file /home/airflow/.local/lib/python3.12/site-packages/airflow/example_dags/example_xcomargs.py for tasks to queue
[2024-11-20T14:30:53.143+0000] {logging_mixin.py:190} INFO - [2024-11-20T14:30:53.143+0000] {dagbag.py:588} INFO - Filling up the DagBag from /home/airflow/.local/lib/python3.12/site-packages/airflow/example_dags/example_xcomargs.py
[2024-11-20T14:30:53.151+0000] {processor.py:925} INFO - DAG(s) 'example_xcom_args', 'example_xcom_args_with_operators' retrieved from /home/airflow/.local/lib/python3.12/site-packages/airflow/example_dags/example_xcomargs.py
[2024-11-20T14:30:53.168+0000] {logging_mixin.py:190} INFO - [2024-11-20T14:30:53.168+0000] {dag.py:3239} INFO - Sync 2 DAGs
[2024-11-20T14:30:53.179+0000] {logging_mixin.py:190} INFO - [2024-11-20T14:30:53.179+0000] {dag.py:4180} INFO - Setting next_dagrun for example_xcom_args to None, run_after=None
[2024-11-20T14:30:53.183+0000] {logging_mixin.py:190} INFO - [2024-11-20T14:30:53.182+0000] {dag.py:4180} INFO - Setting next_dagrun for example_xcom_args_with_operators to None, run_after=None
[2024-11-20T14:30:53.196+0000] {processor.py:208} INFO - Processing /home/airflow/.local/lib/python3.12/site-packages/airflow/example_dags/example_xcomargs.py took 0.061 seconds
[2024-11-20T14:31:23.806+0000] {processor.py:186} INFO - Started process (PID=539) to work on /home/airflow/.local/lib/python3.12/site-packages/airflow/example_dags/example_xcomargs.py
[2024-11-20T14:31:23.807+0000] {processor.py:914} INFO - Processing file /home/airflow/.local/lib/python3.12/site-packages/airflow/example_dags/example_xcomargs.py for tasks to queue
[2024-11-20T14:31:23.809+0000] {logging_mixin.py:190} INFO - [2024-11-20T14:31:23.809+0000] {dagbag.py:588} INFO - Filling up the DagBag from /home/airflow/.local/lib/python3.12/site-packages/airflow/example_dags/example_xcomargs.py
[2024-11-20T14:31:23.818+0000] {processor.py:925} INFO - DAG(s) 'example_xcom_args_with_operators', 'example_xcom_args' retrieved from /home/airflow/.local/lib/python3.12/site-packages/airflow/example_dags/example_xcomargs.py
[2024-11-20T14:31:23.839+0000] {logging_mixin.py:190} INFO - [2024-11-20T14:31:23.839+0000] {dag.py:3239} INFO - Sync 2 DAGs
[2024-11-20T14:31:23.854+0000] {logging_mixin.py:190} INFO - [2024-11-20T14:31:23.854+0000] {dag.py:4180} INFO - Setting next_dagrun for example_xcom_args to None, run_after=None
[2024-11-20T14:31:23.858+0000] {logging_mixin.py:190} INFO - [2024-11-20T14:31:23.858+0000] {dag.py:4180} INFO - Setting next_dagrun for example_xcom_args_with_operators to None, run_after=None
[2024-11-20T14:31:23.877+0000] {processor.py:208} INFO - Processing /home/airflow/.local/lib/python3.12/site-packages/airflow/example_dags/example_xcomargs.py took 0.076 seconds
[2024-11-20T14:31:54.458+0000] {processor.py:186} INFO - Started process (PID=602) to work on /home/airflow/.local/lib/python3.12/site-packages/airflow/example_dags/example_xcomargs.py
[2024-11-20T14:31:54.459+0000] {processor.py:914} INFO - Processing file /home/airflow/.local/lib/python3.12/site-packages/airflow/example_dags/example_xcomargs.py for tasks to queue
[2024-11-20T14:31:54.461+0000] {logging_mixin.py:190} INFO - [2024-11-20T14:31:54.461+0000] {dagbag.py:588} INFO - Filling up the DagBag from /home/airflow/.local/lib/python3.12/site-packages/airflow/example_dags/example_xcomargs.py
[2024-11-20T14:31:54.468+0000] {processor.py:925} INFO - DAG(s) 'example_xcom_args_with_operators', 'example_xcom_args' retrieved from /home/airflow/.local/lib/python3.12/site-packages/airflow/example_dags/example_xcomargs.py
[2024-11-20T14:31:54.483+0000] {logging_mixin.py:190} INFO - [2024-11-20T14:31:54.483+0000] {dag.py:3239} INFO - Sync 2 DAGs
[2024-11-20T14:31:54.493+0000] {logging_mixin.py:190} INFO - [2024-11-20T14:31:54.493+0000] {dag.py:4180} INFO - Setting next_dagrun for example_xcom_args to None, run_after=None
[2024-11-20T14:31:54.496+0000] {logging_mixin.py:190} INFO - [2024-11-20T14:31:54.496+0000] {dag.py:4180} INFO - Setting next_dagrun for example_xcom_args_with_operators to None, run_after=None
[2024-11-20T14:31:54.510+0000] {processor.py:208} INFO - Processing /home/airflow/.local/lib/python3.12/site-packages/airflow/example_dags/example_xcomargs.py took 0.056 seconds
[2024-11-20T14:32:25.058+0000] {processor.py:186} INFO - Started process (PID=665) to work on /home/airflow/.local/lib/python3.12/site-packages/airflow/example_dags/example_xcomargs.py
[2024-11-20T14:32:25.059+0000] {processor.py:914} INFO - Processing file /home/airflow/.local/lib/python3.12/site-packages/airflow/example_dags/example_xcomargs.py for tasks to queue
[2024-11-20T14:32:25.071+0000] {logging_mixin.py:190} INFO - [2024-11-20T14:32:25.071+0000] {dagbag.py:588} INFO - Filling up the DagBag from /home/airflow/.local/lib/python3.12/site-packages/airflow/example_dags/example_xcomargs.py
[2024-11-20T14:32:25.082+0000] {processor.py:925} INFO - DAG(s) 'example_xcom_args', 'example_xcom_args_with_operators' retrieved from /home/airflow/.local/lib/python3.12/site-packages/airflow/example_dags/example_xcomargs.py
[2024-11-20T14:32:25.110+0000] {logging_mixin.py:190} INFO - [2024-11-20T14:32:25.110+0000] {dag.py:3239} INFO - Sync 2 DAGs
[2024-11-20T14:32:25.120+0000] {logging_mixin.py:190} INFO - [2024-11-20T14:32:25.120+0000] {dag.py:4180} INFO - Setting next_dagrun for example_xcom_args to None, run_after=None
[2024-11-20T14:32:25.124+0000] {logging_mixin.py:190} INFO - [2024-11-20T14:32:25.124+0000] {dag.py:4180} INFO - Setting next_dagrun for example_xcom_args_with_operators to None, run_after=None
[2024-11-20T14:32:25.140+0000] {processor.py:208} INFO - Processing /home/airflow/.local/lib/python3.12/site-packages/airflow/example_dags/example_xcomargs.py took 0.088 seconds
[2024-11-20T14:32:55.797+0000] {processor.py:186} INFO - Started process (PID=727) to work on /home/airflow/.local/lib/python3.12/site-packages/airflow/example_dags/example_xcomargs.py
[2024-11-20T14:32:55.797+0000] {processor.py:914} INFO - Processing file /home/airflow/.local/lib/python3.12/site-packages/airflow/example_dags/example_xcomargs.py for tasks to queue
[2024-11-20T14:32:55.799+0000] {logging_mixin.py:190} INFO - [2024-11-20T14:32:55.799+0000] {dagbag.py:588} INFO - Filling up the DagBag from /home/airflow/.local/lib/python3.12/site-packages/airflow/example_dags/example_xcomargs.py
[2024-11-20T14:32:55.806+0000] {processor.py:925} INFO - DAG(s) 'example_xcom_args', 'example_xcom_args_with_operators' retrieved from /home/airflow/.local/lib/python3.12/site-packages/airflow/example_dags/example_xcomargs.py
[2024-11-20T14:32:55.821+0000] {logging_mixin.py:190} INFO - [2024-11-20T14:32:55.820+0000] {dag.py:3239} INFO - Sync 2 DAGs
[2024-11-20T14:32:55.830+0000] {logging_mixin.py:190} INFO - [2024-11-20T14:32:55.830+0000] {dag.py:4180} INFO - Setting next_dagrun for example_xcom_args to None, run_after=None
[2024-11-20T14:32:55.833+0000] {logging_mixin.py:190} INFO - [2024-11-20T14:32:55.833+0000] {dag.py:4180} INFO - Setting next_dagrun for example_xcom_args_with_operators to None, run_after=None
[2024-11-20T14:32:55.845+0000] {processor.py:208} INFO - Processing /home/airflow/.local/lib/python3.12/site-packages/airflow/example_dags/example_xcomargs.py took 0.052 seconds
[2024-11-20T14:33:26.832+0000] {processor.py:186} INFO - Started process (PID=790) to work on /home/airflow/.local/lib/python3.12/site-packages/airflow/example_dags/example_xcomargs.py
[2024-11-20T14:33:26.833+0000] {processor.py:914} INFO - Processing file /home/airflow/.local/lib/python3.12/site-packages/airflow/example_dags/example_xcomargs.py for tasks to queue
[2024-11-20T14:33:26.835+0000] {logging_mixin.py:190} INFO - [2024-11-20T14:33:26.835+0000] {dagbag.py:588} INFO - Filling up the DagBag from /home/airflow/.local/lib/python3.12/site-packages/airflow/example_dags/example_xcomargs.py
[2024-11-20T14:33:26.842+0000] {processor.py:925} INFO - DAG(s) 'example_xcom_args_with_operators', 'example_xcom_args' retrieved from /home/airflow/.local/lib/python3.12/site-packages/airflow/example_dags/example_xcomargs.py
[2024-11-20T14:33:26.859+0000] {logging_mixin.py:190} INFO - [2024-11-20T14:33:26.859+0000] {dag.py:3239} INFO - Sync 2 DAGs
[2024-11-20T14:33:26.869+0000] {logging_mixin.py:190} INFO - [2024-11-20T14:33:26.869+0000] {dag.py:4180} INFO - Setting next_dagrun for example_xcom_args to None, run_after=None
[2024-11-20T14:33:26.872+0000] {logging_mixin.py:190} INFO - [2024-11-20T14:33:26.872+0000] {dag.py:4180} INFO - Setting next_dagrun for example_xcom_args_with_operators to None, run_after=None
[2024-11-20T14:33:26.887+0000] {processor.py:208} INFO - Processing /home/airflow/.local/lib/python3.12/site-packages/airflow/example_dags/example_xcomargs.py took 0.062 seconds
[2024-11-20T14:33:58.023+0000] {processor.py:186} INFO - Started process (PID=853) to work on /home/airflow/.local/lib/python3.12/site-packages/airflow/example_dags/example_xcomargs.py
[2024-11-20T14:33:58.024+0000] {processor.py:914} INFO - Processing file /home/airflow/.local/lib/python3.12/site-packages/airflow/example_dags/example_xcomargs.py for tasks to queue
[2024-11-20T14:33:58.026+0000] {logging_mixin.py:190} INFO - [2024-11-20T14:33:58.025+0000] {dagbag.py:588} INFO - Filling up the DagBag from /home/airflow/.local/lib/python3.12/site-packages/airflow/example_dags/example_xcomargs.py
[2024-11-20T14:33:58.032+0000] {processor.py:925} INFO - DAG(s) 'example_xcom_args', 'example_xcom_args_with_operators' retrieved from /home/airflow/.local/lib/python3.12/site-packages/airflow/example_dags/example_xcomargs.py
[2024-11-20T14:33:58.048+0000] {logging_mixin.py:190} INFO - [2024-11-20T14:33:58.047+0000] {dag.py:3239} INFO - Sync 2 DAGs
[2024-11-20T14:33:58.058+0000] {logging_mixin.py:190} INFO - [2024-11-20T14:33:58.058+0000] {dag.py:4180} INFO - Setting next_dagrun for example_xcom_args to None, run_after=None
[2024-11-20T14:33:58.061+0000] {logging_mixin.py:190} INFO - [2024-11-20T14:33:58.061+0000] {dag.py:4180} INFO - Setting next_dagrun for example_xcom_args_with_operators to None, run_after=None
[2024-11-20T14:33:58.075+0000] {processor.py:208} INFO - Processing /home/airflow/.local/lib/python3.12/site-packages/airflow/example_dags/example_xcomargs.py took 0.056 seconds
[2024-11-20T14:34:28.704+0000] {processor.py:186} INFO - Started process (PID=917) to work on /home/airflow/.local/lib/python3.12/site-packages/airflow/example_dags/example_xcomargs.py
[2024-11-20T14:34:28.705+0000] {processor.py:914} INFO - Processing file /home/airflow/.local/lib/python3.12/site-packages/airflow/example_dags/example_xcomargs.py for tasks to queue
[2024-11-20T14:34:28.707+0000] {logging_mixin.py:190} INFO - [2024-11-20T14:34:28.706+0000] {dagbag.py:588} INFO - Filling up the DagBag from /home/airflow/.local/lib/python3.12/site-packages/airflow/example_dags/example_xcomargs.py
[2024-11-20T14:34:28.714+0000] {processor.py:925} INFO - DAG(s) 'example_xcom_args_with_operators', 'example_xcom_args' retrieved from /home/airflow/.local/lib/python3.12/site-packages/airflow/example_dags/example_xcomargs.py
[2024-11-20T14:34:28.731+0000] {logging_mixin.py:190} INFO - [2024-11-20T14:34:28.731+0000] {dag.py:3239} INFO - Sync 2 DAGs
[2024-11-20T14:34:28.742+0000] {logging_mixin.py:190} INFO - [2024-11-20T14:34:28.742+0000] {dag.py:4180} INFO - Setting next_dagrun for example_xcom_args to None, run_after=None
[2024-11-20T14:34:28.745+0000] {logging_mixin.py:190} INFO - [2024-11-20T14:34:28.745+0000] {dag.py:4180} INFO - Setting next_dagrun for example_xcom_args_with_operators to None, run_after=None
[2024-11-20T14:34:28.761+0000] {processor.py:208} INFO - Processing /home/airflow/.local/lib/python3.12/site-packages/airflow/example_dags/example_xcomargs.py took 0.061 seconds
[2024-11-20T14:34:59.613+0000] {processor.py:186} INFO - Started process (PID=980) to work on /home/airflow/.local/lib/python3.12/site-packages/airflow/example_dags/example_xcomargs.py
[2024-11-20T14:34:59.614+0000] {processor.py:914} INFO - Processing file /home/airflow/.local/lib/python3.12/site-packages/airflow/example_dags/example_xcomargs.py for tasks to queue
[2024-11-20T14:34:59.616+0000] {logging_mixin.py:190} INFO - [2024-11-20T14:34:59.615+0000] {dagbag.py:588} INFO - Filling up the DagBag from /home/airflow/.local/lib/python3.12/site-packages/airflow/example_dags/example_xcomargs.py
[2024-11-20T14:34:59.622+0000] {processor.py:925} INFO - DAG(s) 'example_xcom_args', 'example_xcom_args_with_operators' retrieved from /home/airflow/.local/lib/python3.12/site-packages/airflow/example_dags/example_xcomargs.py
[2024-11-20T14:34:59.639+0000] {logging_mixin.py:190} INFO - [2024-11-20T14:34:59.639+0000] {dag.py:3239} INFO - Sync 2 DAGs
[2024-11-20T14:34:59.649+0000] {logging_mixin.py:190} INFO - [2024-11-20T14:34:59.648+0000] {dag.py:4180} INFO - Setting next_dagrun for example_xcom_args to None, run_after=None
[2024-11-20T14:34:59.652+0000] {logging_mixin.py:190} INFO - [2024-11-20T14:34:59.651+0000] {dag.py:4180} INFO - Setting next_dagrun for example_xcom_args_with_operators to None, run_after=None
[2024-11-20T14:34:59.667+0000] {processor.py:208} INFO - Processing /home/airflow/.local/lib/python3.12/site-packages/airflow/example_dags/example_xcomargs.py took 0.058 seconds
[2024-11-20T14:35:30.169+0000] {processor.py:186} INFO - Started process (PID=1043) to work on /home/airflow/.local/lib/python3.12/site-packages/airflow/example_dags/example_xcomargs.py
[2024-11-20T14:35:30.170+0000] {processor.py:914} INFO - Processing file /home/airflow/.local/lib/python3.12/site-packages/airflow/example_dags/example_xcomargs.py for tasks to queue
[2024-11-20T14:35:30.173+0000] {logging_mixin.py:190} INFO - [2024-11-20T14:35:30.172+0000] {dagbag.py:588} INFO - Filling up the DagBag from /home/airflow/.local/lib/python3.12/site-packages/airflow/example_dags/example_xcomargs.py
[2024-11-20T14:35:30.180+0000] {processor.py:925} INFO - DAG(s) 'example_xcom_args_with_operators', 'example_xcom_args' retrieved from /home/airflow/.local/lib/python3.12/site-packages/airflow/example_dags/example_xcomargs.py
[2024-11-20T14:35:30.197+0000] {logging_mixin.py:190} INFO - [2024-11-20T14:35:30.196+0000] {dag.py:3239} INFO - Sync 2 DAGs
[2024-11-20T14:35:30.206+0000] {logging_mixin.py:190} INFO - [2024-11-20T14:35:30.206+0000] {dag.py:4180} INFO - Setting next_dagrun for example_xcom_args to None, run_after=None
[2024-11-20T14:35:30.209+0000] {logging_mixin.py:190} INFO - [2024-11-20T14:35:30.209+0000] {dag.py:4180} INFO - Setting next_dagrun for example_xcom_args_with_operators to None, run_after=None
[2024-11-20T14:35:30.225+0000] {processor.py:208} INFO - Processing /home/airflow/.local/lib/python3.12/site-packages/airflow/example_dags/example_xcomargs.py took 0.060 seconds
[2024-11-20T14:36:00.931+0000] {processor.py:186} INFO - Started process (PID=1106) to work on /home/airflow/.local/lib/python3.12/site-packages/airflow/example_dags/example_xcomargs.py
[2024-11-20T14:36:00.932+0000] {processor.py:914} INFO - Processing file /home/airflow/.local/lib/python3.12/site-packages/airflow/example_dags/example_xcomargs.py for tasks to queue
[2024-11-20T14:36:00.934+0000] {logging_mixin.py:190} INFO - [2024-11-20T14:36:00.933+0000] {dagbag.py:588} INFO - Filling up the DagBag from /home/airflow/.local/lib/python3.12/site-packages/airflow/example_dags/example_xcomargs.py
[2024-11-20T14:36:00.940+0000] {processor.py:925} INFO - DAG(s) 'example_xcom_args_with_operators', 'example_xcom_args' retrieved from /home/airflow/.local/lib/python3.12/site-packages/airflow/example_dags/example_xcomargs.py
[2024-11-20T14:36:00.957+0000] {logging_mixin.py:190} INFO - [2024-11-20T14:36:00.957+0000] {dag.py:3239} INFO - Sync 2 DAGs
[2024-11-20T14:36:00.967+0000] {logging_mixin.py:190} INFO - [2024-11-20T14:36:00.967+0000] {dag.py:4180} INFO - Setting next_dagrun for example_xcom_args to None, run_after=None
[2024-11-20T14:36:00.970+0000] {logging_mixin.py:190} INFO - [2024-11-20T14:36:00.970+0000] {dag.py:4180} INFO - Setting next_dagrun for example_xcom_args_with_operators to None, run_after=None
[2024-11-20T14:36:00.985+0000] {processor.py:208} INFO - Processing /home/airflow/.local/lib/python3.12/site-packages/airflow/example_dags/example_xcomargs.py took 0.058 seconds
[2024-11-20T14:36:31.644+0000] {processor.py:186} INFO - Started process (PID=1169) to work on /home/airflow/.local/lib/python3.12/site-packages/airflow/example_dags/example_xcomargs.py
[2024-11-20T14:36:31.644+0000] {processor.py:914} INFO - Processing file /home/airflow/.local/lib/python3.12/site-packages/airflow/example_dags/example_xcomargs.py for tasks to queue
[2024-11-20T14:36:31.646+0000] {logging_mixin.py:190} INFO - [2024-11-20T14:36:31.646+0000] {dagbag.py:588} INFO - Filling up the DagBag from /home/airflow/.local/lib/python3.12/site-packages/airflow/example_dags/example_xcomargs.py
[2024-11-20T14:36:31.652+0000] {processor.py:925} INFO - DAG(s) 'example_xcom_args', 'example_xcom_args_with_operators' retrieved from /home/airflow/.local/lib/python3.12/site-packages/airflow/example_dags/example_xcomargs.py
[2024-11-20T14:36:31.666+0000] {logging_mixin.py:190} INFO - [2024-11-20T14:36:31.666+0000] {dag.py:3239} INFO - Sync 2 DAGs
[2024-11-20T14:36:31.675+0000] {logging_mixin.py:190} INFO - [2024-11-20T14:36:31.675+0000] {dag.py:4180} INFO - Setting next_dagrun for example_xcom_args to None, run_after=None
[2024-11-20T14:36:31.677+0000] {logging_mixin.py:190} INFO - [2024-11-20T14:36:31.677+0000] {dag.py:4180} INFO - Setting next_dagrun for example_xcom_args_with_operators to None, run_after=None
[2024-11-20T14:36:31.692+0000] {processor.py:208} INFO - Processing /home/airflow/.local/lib/python3.12/site-packages/airflow/example_dags/example_xcomargs.py took 0.052 seconds
[2024-11-20T14:37:01.818+0000] {processor.py:186} INFO - Started process (PID=1231) to work on /home/airflow/.local/lib/python3.12/site-packages/airflow/example_dags/example_xcomargs.py
[2024-11-20T14:37:01.819+0000] {processor.py:914} INFO - Processing file /home/airflow/.local/lib/python3.12/site-packages/airflow/example_dags/example_xcomargs.py for tasks to queue
[2024-11-20T14:37:01.821+0000] {logging_mixin.py:190} INFO - [2024-11-20T14:37:01.821+0000] {dagbag.py:588} INFO - Filling up the DagBag from /home/airflow/.local/lib/python3.12/site-packages/airflow/example_dags/example_xcomargs.py
[2024-11-20T14:37:01.828+0000] {processor.py:925} INFO - DAG(s) 'example_xcom_args_with_operators', 'example_xcom_args' retrieved from /home/airflow/.local/lib/python3.12/site-packages/airflow/example_dags/example_xcomargs.py
[2024-11-20T14:37:01.843+0000] {logging_mixin.py:190} INFO - [2024-11-20T14:37:01.843+0000] {dag.py:3239} INFO - Sync 2 DAGs
[2024-11-20T14:37:01.853+0000] {logging_mixin.py:190} INFO - [2024-11-20T14:37:01.853+0000] {dag.py:4180} INFO - Setting next_dagrun for example_xcom_args to None, run_after=None
[2024-11-20T14:37:01.856+0000] {logging_mixin.py:190} INFO - [2024-11-20T14:37:01.856+0000] {dag.py:4180} INFO - Setting next_dagrun for example_xcom_args_with_operators to None, run_after=None
[2024-11-20T14:37:01.871+0000] {processor.py:208} INFO - Processing /home/airflow/.local/lib/python3.12/site-packages/airflow/example_dags/example_xcomargs.py took 0.057 seconds
[2024-11-20T14:37:32.359+0000] {processor.py:186} INFO - Started process (PID=1294) to work on /home/airflow/.local/lib/python3.12/site-packages/airflow/example_dags/example_xcomargs.py
[2024-11-20T14:37:32.360+0000] {processor.py:914} INFO - Processing file /home/airflow/.local/lib/python3.12/site-packages/airflow/example_dags/example_xcomargs.py for tasks to queue
[2024-11-20T14:37:32.362+0000] {logging_mixin.py:190} INFO - [2024-11-20T14:37:32.362+0000] {dagbag.py:588} INFO - Filling up the DagBag from /home/airflow/.local/lib/python3.12/site-packages/airflow/example_dags/example_xcomargs.py
[2024-11-20T14:37:32.369+0000] {processor.py:925} INFO - DAG(s) 'example_xcom_args_with_operators', 'example_xcom_args' retrieved from /home/airflow/.local/lib/python3.12/site-packages/airflow/example_dags/example_xcomargs.py
[2024-11-20T14:37:32.384+0000] {logging_mixin.py:190} INFO - [2024-11-20T14:37:32.383+0000] {dag.py:3239} INFO - Sync 2 DAGs
[2024-11-20T14:37:32.392+0000] {logging_mixin.py:190} INFO - [2024-11-20T14:37:32.392+0000] {dag.py:4180} INFO - Setting next_dagrun for example_xcom_args to None, run_after=None
[2024-11-20T14:37:32.395+0000] {logging_mixin.py:190} INFO - [2024-11-20T14:37:32.395+0000] {dag.py:4180} INFO - Setting next_dagrun for example_xcom_args_with_operators to None, run_after=None
[2024-11-20T14:37:32.410+0000] {processor.py:208} INFO - Processing /home/airflow/.local/lib/python3.12/site-packages/airflow/example_dags/example_xcomargs.py took 0.055 seconds
[2024-11-20T14:38:02.522+0000] {processor.py:186} INFO - Started process (PID=1357) to work on /home/airflow/.local/lib/python3.12/site-packages/airflow/example_dags/example_xcomargs.py
[2024-11-20T14:38:02.523+0000] {processor.py:914} INFO - Processing file /home/airflow/.local/lib/python3.12/site-packages/airflow/example_dags/example_xcomargs.py for tasks to queue
[2024-11-20T14:38:02.525+0000] {logging_mixin.py:190} INFO - [2024-11-20T14:38:02.525+0000] {dagbag.py:588} INFO - Filling up the DagBag from /home/airflow/.local/lib/python3.12/site-packages/airflow/example_dags/example_xcomargs.py
[2024-11-20T14:38:02.531+0000] {processor.py:925} INFO - DAG(s) 'example_xcom_args_with_operators', 'example_xcom_args' retrieved from /home/airflow/.local/lib/python3.12/site-packages/airflow/example_dags/example_xcomargs.py
[2024-11-20T14:38:02.545+0000] {logging_mixin.py:190} INFO - [2024-11-20T14:38:02.545+0000] {dag.py:3239} INFO - Sync 2 DAGs
[2024-11-20T14:38:02.555+0000] {logging_mixin.py:190} INFO - [2024-11-20T14:38:02.555+0000] {dag.py:4180} INFO - Setting next_dagrun for example_xcom_args to None, run_after=None
[2024-11-20T14:38:02.557+0000] {logging_mixin.py:190} INFO - [2024-11-20T14:38:02.557+0000] {dag.py:4180} INFO - Setting next_dagrun for example_xcom_args_with_operators to None, run_after=None
[2024-11-20T14:38:02.572+0000] {processor.py:208} INFO - Processing /home/airflow/.local/lib/python3.12/site-packages/airflow/example_dags/example_xcomargs.py took 0.053 seconds
[2024-11-20T14:38:32.919+0000] {processor.py:186} INFO - Started process (PID=1420) to work on /home/airflow/.local/lib/python3.12/site-packages/airflow/example_dags/example_xcomargs.py
[2024-11-20T14:38:32.920+0000] {processor.py:914} INFO - Processing file /home/airflow/.local/lib/python3.12/site-packages/airflow/example_dags/example_xcomargs.py for tasks to queue
[2024-11-20T14:38:32.922+0000] {logging_mixin.py:190} INFO - [2024-11-20T14:38:32.922+0000] {dagbag.py:588} INFO - Filling up the DagBag from /home/airflow/.local/lib/python3.12/site-packages/airflow/example_dags/example_xcomargs.py
[2024-11-20T14:38:32.929+0000] {processor.py:925} INFO - DAG(s) 'example_xcom_args_with_operators', 'example_xcom_args' retrieved from /home/airflow/.local/lib/python3.12/site-packages/airflow/example_dags/example_xcomargs.py
[2024-11-20T14:38:32.946+0000] {logging_mixin.py:190} INFO - [2024-11-20T14:38:32.945+0000] {dag.py:3239} INFO - Sync 2 DAGs
[2024-11-20T14:38:32.955+0000] {logging_mixin.py:190} INFO - [2024-11-20T14:38:32.955+0000] {dag.py:4180} INFO - Setting next_dagrun for example_xcom_args to None, run_after=None
[2024-11-20T14:38:32.958+0000] {logging_mixin.py:190} INFO - [2024-11-20T14:38:32.958+0000] {dag.py:4180} INFO - Setting next_dagrun for example_xcom_args_with_operators to None, run_after=None
[2024-11-20T14:38:32.972+0000] {processor.py:208} INFO - Processing /home/airflow/.local/lib/python3.12/site-packages/airflow/example_dags/example_xcomargs.py took 0.057 seconds
[2024-11-20T14:39:03.165+0000] {processor.py:186} INFO - Started process (PID=1483) to work on /home/airflow/.local/lib/python3.12/site-packages/airflow/example_dags/example_xcomargs.py
[2024-11-20T14:39:03.166+0000] {processor.py:914} INFO - Processing file /home/airflow/.local/lib/python3.12/site-packages/airflow/example_dags/example_xcomargs.py for tasks to queue
[2024-11-20T14:39:03.168+0000] {logging_mixin.py:190} INFO - [2024-11-20T14:39:03.167+0000] {dagbag.py:588} INFO - Filling up the DagBag from /home/airflow/.local/lib/python3.12/site-packages/airflow/example_dags/example_xcomargs.py
[2024-11-20T14:39:03.174+0000] {processor.py:925} INFO - DAG(s) 'example_xcom_args_with_operators', 'example_xcom_args' retrieved from /home/airflow/.local/lib/python3.12/site-packages/airflow/example_dags/example_xcomargs.py
[2024-11-20T14:39:03.189+0000] {logging_mixin.py:190} INFO - [2024-11-20T14:39:03.189+0000] {dag.py:3239} INFO - Sync 2 DAGs
[2024-11-20T14:39:03.199+0000] {logging_mixin.py:190} INFO - [2024-11-20T14:39:03.198+0000] {dag.py:4180} INFO - Setting next_dagrun for example_xcom_args to None, run_after=None
[2024-11-20T14:39:03.201+0000] {logging_mixin.py:190} INFO - [2024-11-20T14:39:03.201+0000] {dag.py:4180} INFO - Setting next_dagrun for example_xcom_args_with_operators to None, run_after=None
[2024-11-20T14:39:03.216+0000] {processor.py:208} INFO - Processing /home/airflow/.local/lib/python3.12/site-packages/airflow/example_dags/example_xcomargs.py took 0.055 seconds
[2024-11-20T14:39:33.276+0000] {processor.py:186} INFO - Started process (PID=1546) to work on /home/airflow/.local/lib/python3.12/site-packages/airflow/example_dags/example_xcomargs.py
[2024-11-20T14:39:33.276+0000] {processor.py:914} INFO - Processing file /home/airflow/.local/lib/python3.12/site-packages/airflow/example_dags/example_xcomargs.py for tasks to queue
[2024-11-20T14:39:33.278+0000] {logging_mixin.py:190} INFO - [2024-11-20T14:39:33.278+0000] {dagbag.py:588} INFO - Filling up the DagBag from /home/airflow/.local/lib/python3.12/site-packages/airflow/example_dags/example_xcomargs.py
[2024-11-20T14:39:33.285+0000] {processor.py:925} INFO - DAG(s) 'example_xcom_args_with_operators', 'example_xcom_args' retrieved from /home/airflow/.local/lib/python3.12/site-packages/airflow/example_dags/example_xcomargs.py
[2024-11-20T14:39:33.298+0000] {logging_mixin.py:190} INFO - [2024-11-20T14:39:33.298+0000] {dag.py:3239} INFO - Sync 2 DAGs
[2024-11-20T14:39:33.307+0000] {logging_mixin.py:190} INFO - [2024-11-20T14:39:33.307+0000] {dag.py:4180} INFO - Setting next_dagrun for example_xcom_args to None, run_after=None
[2024-11-20T14:39:33.310+0000] {logging_mixin.py:190} INFO - [2024-11-20T14:39:33.310+0000] {dag.py:4180} INFO - Setting next_dagrun for example_xcom_args_with_operators to None, run_after=None
[2024-11-20T14:39:33.327+0000] {processor.py:208} INFO - Processing /home/airflow/.local/lib/python3.12/site-packages/airflow/example_dags/example_xcomargs.py took 0.055 seconds
[2024-11-20T14:40:03.831+0000] {processor.py:186} INFO - Started process (PID=1609) to work on /home/airflow/.local/lib/python3.12/site-packages/airflow/example_dags/example_xcomargs.py
[2024-11-20T14:40:03.832+0000] {processor.py:914} INFO - Processing file /home/airflow/.local/lib/python3.12/site-packages/airflow/example_dags/example_xcomargs.py for tasks to queue
[2024-11-20T14:40:03.834+0000] {logging_mixin.py:190} INFO - [2024-11-20T14:40:03.834+0000] {dagbag.py:588} INFO - Filling up the DagBag from /home/airflow/.local/lib/python3.12/site-packages/airflow/example_dags/example_xcomargs.py
[2024-11-20T14:40:03.841+0000] {processor.py:925} INFO - DAG(s) 'example_xcom_args', 'example_xcom_args_with_operators' retrieved from /home/airflow/.local/lib/python3.12/site-packages/airflow/example_dags/example_xcomargs.py
[2024-11-20T14:40:03.856+0000] {logging_mixin.py:190} INFO - [2024-11-20T14:40:03.856+0000] {dag.py:3239} INFO - Sync 2 DAGs
[2024-11-20T14:40:03.865+0000] {logging_mixin.py:190} INFO - [2024-11-20T14:40:03.865+0000] {dag.py:4180} INFO - Setting next_dagrun for example_xcom_args to None, run_after=None
[2024-11-20T14:40:03.868+0000] {logging_mixin.py:190} INFO - [2024-11-20T14:40:03.868+0000] {dag.py:4180} INFO - Setting next_dagrun for example_xcom_args_with_operators to None, run_after=None
[2024-11-20T14:40:03.883+0000] {processor.py:208} INFO - Processing /home/airflow/.local/lib/python3.12/site-packages/airflow/example_dags/example_xcomargs.py took 0.056 seconds
[2024-11-20T14:40:34.786+0000] {processor.py:186} INFO - Started process (PID=1672) to work on /home/airflow/.local/lib/python3.12/site-packages/airflow/example_dags/example_xcomargs.py
[2024-11-20T14:40:34.786+0000] {processor.py:914} INFO - Processing file /home/airflow/.local/lib/python3.12/site-packages/airflow/example_dags/example_xcomargs.py for tasks to queue
[2024-11-20T14:40:34.788+0000] {logging_mixin.py:190} INFO - [2024-11-20T14:40:34.788+0000] {dagbag.py:588} INFO - Filling up the DagBag from /home/airflow/.local/lib/python3.12/site-packages/airflow/example_dags/example_xcomargs.py
[2024-11-20T14:40:34.795+0000] {processor.py:925} INFO - DAG(s) 'example_xcom_args_with_operators', 'example_xcom_args' retrieved from /home/airflow/.local/lib/python3.12/site-packages/airflow/example_dags/example_xcomargs.py
[2024-11-20T14:40:34.811+0000] {logging_mixin.py:190} INFO - [2024-11-20T14:40:34.811+0000] {dag.py:3239} INFO - Sync 2 DAGs
[2024-11-20T14:40:34.824+0000] {logging_mixin.py:190} INFO - [2024-11-20T14:40:34.824+0000] {dag.py:4180} INFO - Setting next_dagrun for example_xcom_args to None, run_after=None
[2024-11-20T14:40:34.827+0000] {logging_mixin.py:190} INFO - [2024-11-20T14:40:34.827+0000] {dag.py:4180} INFO - Setting next_dagrun for example_xcom_args_with_operators to None, run_after=None
[2024-11-20T14:40:34.840+0000] {processor.py:208} INFO - Processing /home/airflow/.local/lib/python3.12/site-packages/airflow/example_dags/example_xcomargs.py took 0.059 seconds
[2024-11-20T14:41:05.603+0000] {processor.py:186} INFO - Started process (PID=1735) to work on /home/airflow/.local/lib/python3.12/site-packages/airflow/example_dags/example_xcomargs.py
[2024-11-20T14:41:05.605+0000] {processor.py:914} INFO - Processing file /home/airflow/.local/lib/python3.12/site-packages/airflow/example_dags/example_xcomargs.py for tasks to queue
[2024-11-20T14:41:05.606+0000] {logging_mixin.py:190} INFO - [2024-11-20T14:41:05.606+0000] {dagbag.py:588} INFO - Filling up the DagBag from /home/airflow/.local/lib/python3.12/site-packages/airflow/example_dags/example_xcomargs.py
[2024-11-20T14:41:05.613+0000] {processor.py:925} INFO - DAG(s) 'example_xcom_args', 'example_xcom_args_with_operators' retrieved from /home/airflow/.local/lib/python3.12/site-packages/airflow/example_dags/example_xcomargs.py
[2024-11-20T14:41:05.629+0000] {logging_mixin.py:190} INFO - [2024-11-20T14:41:05.629+0000] {dag.py:3239} INFO - Sync 2 DAGs
[2024-11-20T14:41:05.639+0000] {logging_mixin.py:190} INFO - [2024-11-20T14:41:05.639+0000] {dag.py:4180} INFO - Setting next_dagrun for example_xcom_args to None, run_after=None
[2024-11-20T14:41:05.642+0000] {logging_mixin.py:190} INFO - [2024-11-20T14:41:05.642+0000] {dag.py:4180} INFO - Setting next_dagrun for example_xcom_args_with_operators to None, run_after=None
[2024-11-20T14:41:05.656+0000] {processor.py:208} INFO - Processing /home/airflow/.local/lib/python3.12/site-packages/airflow/example_dags/example_xcomargs.py took 0.057 seconds
[2024-11-20T14:41:36.352+0000] {processor.py:186} INFO - Started process (PID=1798) to work on /home/airflow/.local/lib/python3.12/site-packages/airflow/example_dags/example_xcomargs.py
[2024-11-20T14:41:36.361+0000] {processor.py:914} INFO - Processing file /home/airflow/.local/lib/python3.12/site-packages/airflow/example_dags/example_xcomargs.py for tasks to queue
[2024-11-20T14:41:36.363+0000] {logging_mixin.py:190} INFO - [2024-11-20T14:41:36.363+0000] {dagbag.py:588} INFO - Filling up the DagBag from /home/airflow/.local/lib/python3.12/site-packages/airflow/example_dags/example_xcomargs.py
[2024-11-20T14:41:36.369+0000] {processor.py:925} INFO - DAG(s) 'example_xcom_args', 'example_xcom_args_with_operators' retrieved from /home/airflow/.local/lib/python3.12/site-packages/airflow/example_dags/example_xcomargs.py
[2024-11-20T14:41:36.385+0000] {logging_mixin.py:190} INFO - [2024-11-20T14:41:36.385+0000] {dag.py:3239} INFO - Sync 2 DAGs
[2024-11-20T14:41:36.394+0000] {logging_mixin.py:190} INFO - [2024-11-20T14:41:36.394+0000] {dag.py:4180} INFO - Setting next_dagrun for example_xcom_args to None, run_after=None
[2024-11-20T14:41:36.397+0000] {logging_mixin.py:190} INFO - [2024-11-20T14:41:36.397+0000] {dag.py:4180} INFO - Setting next_dagrun for example_xcom_args_with_operators to None, run_after=None
[2024-11-20T14:41:36.408+0000] {processor.py:208} INFO - Processing /home/airflow/.local/lib/python3.12/site-packages/airflow/example_dags/example_xcomargs.py took 0.060 seconds
[2024-11-20T14:42:07.029+0000] {processor.py:186} INFO - Started process (PID=1861) to work on /home/airflow/.local/lib/python3.12/site-packages/airflow/example_dags/example_xcomargs.py
[2024-11-20T14:42:07.036+0000] {processor.py:914} INFO - Processing file /home/airflow/.local/lib/python3.12/site-packages/airflow/example_dags/example_xcomargs.py for tasks to queue
[2024-11-20T14:42:07.038+0000] {logging_mixin.py:190} INFO - [2024-11-20T14:42:07.038+0000] {dagbag.py:588} INFO - Filling up the DagBag from /home/airflow/.local/lib/python3.12/site-packages/airflow/example_dags/example_xcomargs.py
[2024-11-20T14:42:07.045+0000] {processor.py:925} INFO - DAG(s) 'example_xcom_args', 'example_xcom_args_with_operators' retrieved from /home/airflow/.local/lib/python3.12/site-packages/airflow/example_dags/example_xcomargs.py
[2024-11-20T14:42:07.061+0000] {logging_mixin.py:190} INFO - [2024-11-20T14:42:07.060+0000] {dag.py:3239} INFO - Sync 2 DAGs
[2024-11-20T14:42:07.070+0000] {logging_mixin.py:190} INFO - [2024-11-20T14:42:07.070+0000] {dag.py:4180} INFO - Setting next_dagrun for example_xcom_args to None, run_after=None
[2024-11-20T14:42:07.073+0000] {logging_mixin.py:190} INFO - [2024-11-20T14:42:07.073+0000] {dag.py:4180} INFO - Setting next_dagrun for example_xcom_args_with_operators to None, run_after=None
[2024-11-20T14:42:07.085+0000] {processor.py:208} INFO - Processing /home/airflow/.local/lib/python3.12/site-packages/airflow/example_dags/example_xcomargs.py took 0.060 seconds
[2024-11-20T14:42:37.792+0000] {processor.py:186} INFO - Started process (PID=1924) to work on /home/airflow/.local/lib/python3.12/site-packages/airflow/example_dags/example_xcomargs.py
[2024-11-20T14:42:37.793+0000] {processor.py:914} INFO - Processing file /home/airflow/.local/lib/python3.12/site-packages/airflow/example_dags/example_xcomargs.py for tasks to queue
[2024-11-20T14:42:37.794+0000] {logging_mixin.py:190} INFO - [2024-11-20T14:42:37.794+0000] {dagbag.py:588} INFO - Filling up the DagBag from /home/airflow/.local/lib/python3.12/site-packages/airflow/example_dags/example_xcomargs.py
[2024-11-20T14:42:37.801+0000] {processor.py:925} INFO - DAG(s) 'example_xcom_args', 'example_xcom_args_with_operators' retrieved from /home/airflow/.local/lib/python3.12/site-packages/airflow/example_dags/example_xcomargs.py
[2024-11-20T14:42:37.815+0000] {logging_mixin.py:190} INFO - [2024-11-20T14:42:37.815+0000] {dag.py:3239} INFO - Sync 2 DAGs
[2024-11-20T14:42:37.824+0000] {logging_mixin.py:190} INFO - [2024-11-20T14:42:37.824+0000] {dag.py:4180} INFO - Setting next_dagrun for example_xcom_args to None, run_after=None
[2024-11-20T14:42:37.828+0000] {logging_mixin.py:190} INFO - [2024-11-20T14:42:37.828+0000] {dag.py:4180} INFO - Setting next_dagrun for example_xcom_args_with_operators to None, run_after=None
[2024-11-20T14:42:37.840+0000] {processor.py:208} INFO - Processing /home/airflow/.local/lib/python3.12/site-packages/airflow/example_dags/example_xcomargs.py took 0.052 seconds
[2024-11-20T14:43:07.995+0000] {processor.py:186} INFO - Started process (PID=1987) to work on /home/airflow/.local/lib/python3.12/site-packages/airflow/example_dags/example_xcomargs.py
[2024-11-20T14:43:07.996+0000] {processor.py:914} INFO - Processing file /home/airflow/.local/lib/python3.12/site-packages/airflow/example_dags/example_xcomargs.py for tasks to queue
[2024-11-20T14:43:07.998+0000] {logging_mixin.py:190} INFO - [2024-11-20T14:43:07.998+0000] {dagbag.py:588} INFO - Filling up the DagBag from /home/airflow/.local/lib/python3.12/site-packages/airflow/example_dags/example_xcomargs.py
[2024-11-20T14:43:08.004+0000] {processor.py:925} INFO - DAG(s) 'example_xcom_args_with_operators', 'example_xcom_args' retrieved from /home/airflow/.local/lib/python3.12/site-packages/airflow/example_dags/example_xcomargs.py
[2024-11-20T14:43:08.018+0000] {logging_mixin.py:190} INFO - [2024-11-20T14:43:08.018+0000] {dag.py:3239} INFO - Sync 2 DAGs
[2024-11-20T14:43:08.027+0000] {logging_mixin.py:190} INFO - [2024-11-20T14:43:08.027+0000] {dag.py:4180} INFO - Setting next_dagrun for example_xcom_args to None, run_after=None
[2024-11-20T14:43:08.030+0000] {logging_mixin.py:190} INFO - [2024-11-20T14:43:08.030+0000] {dag.py:4180} INFO - Setting next_dagrun for example_xcom_args_with_operators to None, run_after=None
[2024-11-20T14:43:08.044+0000] {processor.py:208} INFO - Processing /home/airflow/.local/lib/python3.12/site-packages/airflow/example_dags/example_xcomargs.py took 0.052 seconds
[2024-11-20T14:49:50.939+0000] {processor.py:186} INFO - Started process (PID=2053) to work on /home/airflow/.local/lib/python3.12/site-packages/airflow/example_dags/example_xcomargs.py
[2024-11-20T14:49:50.940+0000] {processor.py:914} INFO - Processing file /home/airflow/.local/lib/python3.12/site-packages/airflow/example_dags/example_xcomargs.py for tasks to queue
[2024-11-20T14:49:50.942+0000] {logging_mixin.py:190} INFO - [2024-11-20T14:49:50.942+0000] {dagbag.py:588} INFO - Filling up the DagBag from /home/airflow/.local/lib/python3.12/site-packages/airflow/example_dags/example_xcomargs.py
[2024-11-20T14:49:50.948+0000] {processor.py:925} INFO - DAG(s) 'example_xcom_args_with_operators', 'example_xcom_args' retrieved from /home/airflow/.local/lib/python3.12/site-packages/airflow/example_dags/example_xcomargs.py
[2024-11-20T14:49:50.964+0000] {logging_mixin.py:190} INFO - [2024-11-20T14:49:50.963+0000] {dag.py:3239} INFO - Sync 2 DAGs
[2024-11-20T14:49:50.973+0000] {logging_mixin.py:190} INFO - [2024-11-20T14:49:50.973+0000] {dag.py:4180} INFO - Setting next_dagrun for example_xcom_args to None, run_after=None
[2024-11-20T14:49:50.975+0000] {logging_mixin.py:190} INFO - [2024-11-20T14:49:50.975+0000] {dag.py:4180} INFO - Setting next_dagrun for example_xcom_args_with_operators to None, run_after=None
[2024-11-20T14:49:50.986+0000] {processor.py:208} INFO - Processing /home/airflow/.local/lib/python3.12/site-packages/airflow/example_dags/example_xcomargs.py took 0.051 seconds
[2024-11-20T14:50:22.180+0000] {processor.py:186} INFO - Started process (PID=2116) to work on /home/airflow/.local/lib/python3.12/site-packages/airflow/example_dags/example_xcomargs.py
[2024-11-20T14:50:22.181+0000] {processor.py:914} INFO - Processing file /home/airflow/.local/lib/python3.12/site-packages/airflow/example_dags/example_xcomargs.py for tasks to queue
[2024-11-20T14:50:22.183+0000] {logging_mixin.py:190} INFO - [2024-11-20T14:50:22.182+0000] {dagbag.py:588} INFO - Filling up the DagBag from /home/airflow/.local/lib/python3.12/site-packages/airflow/example_dags/example_xcomargs.py
[2024-11-20T14:50:22.189+0000] {processor.py:925} INFO - DAG(s) 'example_xcom_args_with_operators', 'example_xcom_args' retrieved from /home/airflow/.local/lib/python3.12/site-packages/airflow/example_dags/example_xcomargs.py
[2024-11-20T14:50:22.203+0000] {logging_mixin.py:190} INFO - [2024-11-20T14:50:22.203+0000] {dag.py:3239} INFO - Sync 2 DAGs
[2024-11-20T14:50:22.212+0000] {logging_mixin.py:190} INFO - [2024-11-20T14:50:22.212+0000] {dag.py:4180} INFO - Setting next_dagrun for example_xcom_args to None, run_after=None
[2024-11-20T14:50:22.216+0000] {logging_mixin.py:190} INFO - [2024-11-20T14:50:22.216+0000] {dag.py:4180} INFO - Setting next_dagrun for example_xcom_args_with_operators to None, run_after=None
[2024-11-20T14:50:22.235+0000] {processor.py:208} INFO - Processing /home/airflow/.local/lib/python3.12/site-packages/airflow/example_dags/example_xcomargs.py took 0.059 seconds
[2024-11-20T14:50:52.523+0000] {processor.py:186} INFO - Started process (PID=2179) to work on /home/airflow/.local/lib/python3.12/site-packages/airflow/example_dags/example_xcomargs.py
[2024-11-20T14:50:52.523+0000] {processor.py:914} INFO - Processing file /home/airflow/.local/lib/python3.12/site-packages/airflow/example_dags/example_xcomargs.py for tasks to queue
[2024-11-20T14:50:52.525+0000] {logging_mixin.py:190} INFO - [2024-11-20T14:50:52.525+0000] {dagbag.py:588} INFO - Filling up the DagBag from /home/airflow/.local/lib/python3.12/site-packages/airflow/example_dags/example_xcomargs.py
[2024-11-20T14:50:52.532+0000] {processor.py:925} INFO - DAG(s) 'example_xcom_args_with_operators', 'example_xcom_args' retrieved from /home/airflow/.local/lib/python3.12/site-packages/airflow/example_dags/example_xcomargs.py
[2024-11-20T14:50:52.546+0000] {logging_mixin.py:190} INFO - [2024-11-20T14:50:52.546+0000] {dag.py:3239} INFO - Sync 2 DAGs
[2024-11-20T14:50:52.555+0000] {logging_mixin.py:190} INFO - [2024-11-20T14:50:52.555+0000] {dag.py:4180} INFO - Setting next_dagrun for example_xcom_args to None, run_after=None
[2024-11-20T14:50:52.557+0000] {logging_mixin.py:190} INFO - [2024-11-20T14:50:52.557+0000] {dag.py:4180} INFO - Setting next_dagrun for example_xcom_args_with_operators to None, run_after=None
[2024-11-20T14:50:52.570+0000] {processor.py:208} INFO - Processing /home/airflow/.local/lib/python3.12/site-packages/airflow/example_dags/example_xcomargs.py took 0.051 seconds
[2024-11-20T14:51:22.636+0000] {processor.py:186} INFO - Started process (PID=2241) to work on /home/airflow/.local/lib/python3.12/site-packages/airflow/example_dags/example_xcomargs.py
[2024-11-20T14:51:22.637+0000] {processor.py:914} INFO - Processing file /home/airflow/.local/lib/python3.12/site-packages/airflow/example_dags/example_xcomargs.py for tasks to queue
[2024-11-20T14:51:22.639+0000] {logging_mixin.py:190} INFO - [2024-11-20T14:51:22.639+0000] {dagbag.py:588} INFO - Filling up the DagBag from /home/airflow/.local/lib/python3.12/site-packages/airflow/example_dags/example_xcomargs.py
[2024-11-20T14:51:22.645+0000] {processor.py:925} INFO - DAG(s) 'example_xcom_args', 'example_xcom_args_with_operators' retrieved from /home/airflow/.local/lib/python3.12/site-packages/airflow/example_dags/example_xcomargs.py
[2024-11-20T14:51:22.659+0000] {logging_mixin.py:190} INFO - [2024-11-20T14:51:22.659+0000] {dag.py:3239} INFO - Sync 2 DAGs
[2024-11-20T14:51:22.667+0000] {logging_mixin.py:190} INFO - [2024-11-20T14:51:22.667+0000] {dag.py:4180} INFO - Setting next_dagrun for example_xcom_args to None, run_after=None
[2024-11-20T14:51:22.670+0000] {logging_mixin.py:190} INFO - [2024-11-20T14:51:22.670+0000] {dag.py:4180} INFO - Setting next_dagrun for example_xcom_args_with_operators to None, run_after=None
[2024-11-20T14:51:22.683+0000] {processor.py:208} INFO - Processing /home/airflow/.local/lib/python3.12/site-packages/airflow/example_dags/example_xcomargs.py took 0.050 seconds
[2024-11-20T14:51:53.110+0000] {processor.py:186} INFO - Started process (PID=2304) to work on /home/airflow/.local/lib/python3.12/site-packages/airflow/example_dags/example_xcomargs.py
[2024-11-20T14:51:53.111+0000] {processor.py:914} INFO - Processing file /home/airflow/.local/lib/python3.12/site-packages/airflow/example_dags/example_xcomargs.py for tasks to queue
[2024-11-20T14:51:53.112+0000] {logging_mixin.py:190} INFO - [2024-11-20T14:51:53.112+0000] {dagbag.py:588} INFO - Filling up the DagBag from /home/airflow/.local/lib/python3.12/site-packages/airflow/example_dags/example_xcomargs.py
[2024-11-20T14:51:53.119+0000] {processor.py:925} INFO - DAG(s) 'example_xcom_args', 'example_xcom_args_with_operators' retrieved from /home/airflow/.local/lib/python3.12/site-packages/airflow/example_dags/example_xcomargs.py
[2024-11-20T14:51:53.135+0000] {logging_mixin.py:190} INFO - [2024-11-20T14:51:53.135+0000] {dag.py:3239} INFO - Sync 2 DAGs
[2024-11-20T14:51:53.144+0000] {logging_mixin.py:190} INFO - [2024-11-20T14:51:53.144+0000] {dag.py:4180} INFO - Setting next_dagrun for example_xcom_args to None, run_after=None
[2024-11-20T14:51:53.147+0000] {logging_mixin.py:190} INFO - [2024-11-20T14:51:53.146+0000] {dag.py:4180} INFO - Setting next_dagrun for example_xcom_args_with_operators to None, run_after=None
[2024-11-20T14:51:53.160+0000] {processor.py:208} INFO - Processing /home/airflow/.local/lib/python3.12/site-packages/airflow/example_dags/example_xcomargs.py took 0.055 seconds
[2024-11-20T14:52:23.464+0000] {processor.py:186} INFO - Started process (PID=2367) to work on /home/airflow/.local/lib/python3.12/site-packages/airflow/example_dags/example_xcomargs.py
[2024-11-20T14:52:23.465+0000] {processor.py:914} INFO - Processing file /home/airflow/.local/lib/python3.12/site-packages/airflow/example_dags/example_xcomargs.py for tasks to queue
[2024-11-20T14:52:23.468+0000] {logging_mixin.py:190} INFO - [2024-11-20T14:52:23.467+0000] {dagbag.py:588} INFO - Filling up the DagBag from /home/airflow/.local/lib/python3.12/site-packages/airflow/example_dags/example_xcomargs.py
[2024-11-20T14:52:23.482+0000] {processor.py:925} INFO - DAG(s) 'example_xcom_args', 'example_xcom_args_with_operators' retrieved from /home/airflow/.local/lib/python3.12/site-packages/airflow/example_dags/example_xcomargs.py
[2024-11-20T14:52:23.507+0000] {logging_mixin.py:190} INFO - [2024-11-20T14:52:23.507+0000] {dag.py:3239} INFO - Sync 2 DAGs
[2024-11-20T14:52:23.517+0000] {logging_mixin.py:190} INFO - [2024-11-20T14:52:23.517+0000] {dag.py:4180} INFO - Setting next_dagrun for example_xcom_args to None, run_after=None
[2024-11-20T14:52:23.520+0000] {logging_mixin.py:190} INFO - [2024-11-20T14:52:23.520+0000] {dag.py:4180} INFO - Setting next_dagrun for example_xcom_args_with_operators to None, run_after=None
[2024-11-20T14:52:23.535+0000] {processor.py:208} INFO - Processing /home/airflow/.local/lib/python3.12/site-packages/airflow/example_dags/example_xcomargs.py took 0.078 seconds
[2024-11-20T14:52:53.641+0000] {processor.py:186} INFO - Started process (PID=2430) to work on /home/airflow/.local/lib/python3.12/site-packages/airflow/example_dags/example_xcomargs.py
[2024-11-20T14:52:53.642+0000] {processor.py:914} INFO - Processing file /home/airflow/.local/lib/python3.12/site-packages/airflow/example_dags/example_xcomargs.py for tasks to queue
[2024-11-20T14:52:53.644+0000] {logging_mixin.py:190} INFO - [2024-11-20T14:52:53.643+0000] {dagbag.py:588} INFO - Filling up the DagBag from /home/airflow/.local/lib/python3.12/site-packages/airflow/example_dags/example_xcomargs.py
[2024-11-20T14:52:53.651+0000] {processor.py:925} INFO - DAG(s) 'example_xcom_args_with_operators', 'example_xcom_args' retrieved from /home/airflow/.local/lib/python3.12/site-packages/airflow/example_dags/example_xcomargs.py
[2024-11-20T14:52:53.666+0000] {logging_mixin.py:190} INFO - [2024-11-20T14:52:53.666+0000] {dag.py:3239} INFO - Sync 2 DAGs
[2024-11-20T14:52:53.676+0000] {logging_mixin.py:190} INFO - [2024-11-20T14:52:53.676+0000] {dag.py:4180} INFO - Setting next_dagrun for example_xcom_args to None, run_after=None
[2024-11-20T14:52:53.678+0000] {logging_mixin.py:190} INFO - [2024-11-20T14:52:53.678+0000] {dag.py:4180} INFO - Setting next_dagrun for example_xcom_args_with_operators to None, run_after=None
[2024-11-20T14:52:53.692+0000] {processor.py:208} INFO - Processing /home/airflow/.local/lib/python3.12/site-packages/airflow/example_dags/example_xcomargs.py took 0.057 seconds
[2024-11-20T14:53:24.247+0000] {processor.py:186} INFO - Started process (PID=2493) to work on /home/airflow/.local/lib/python3.12/site-packages/airflow/example_dags/example_xcomargs.py
[2024-11-20T14:53:24.248+0000] {processor.py:914} INFO - Processing file /home/airflow/.local/lib/python3.12/site-packages/airflow/example_dags/example_xcomargs.py for tasks to queue
[2024-11-20T14:53:24.249+0000] {logging_mixin.py:190} INFO - [2024-11-20T14:53:24.249+0000] {dagbag.py:588} INFO - Filling up the DagBag from /home/airflow/.local/lib/python3.12/site-packages/airflow/example_dags/example_xcomargs.py
[2024-11-20T14:53:24.256+0000] {processor.py:925} INFO - DAG(s) 'example_xcom_args_with_operators', 'example_xcom_args' retrieved from /home/airflow/.local/lib/python3.12/site-packages/airflow/example_dags/example_xcomargs.py
[2024-11-20T14:53:24.272+0000] {logging_mixin.py:190} INFO - [2024-11-20T14:53:24.272+0000] {dag.py:3239} INFO - Sync 2 DAGs
[2024-11-20T14:53:24.285+0000] {logging_mixin.py:190} INFO - [2024-11-20T14:53:24.285+0000] {dag.py:4180} INFO - Setting next_dagrun for example_xcom_args to None, run_after=None
[2024-11-20T14:53:24.288+0000] {logging_mixin.py:190} INFO - [2024-11-20T14:53:24.288+0000] {dag.py:4180} INFO - Setting next_dagrun for example_xcom_args_with_operators to None, run_after=None
[2024-11-20T14:53:24.302+0000] {processor.py:208} INFO - Processing /home/airflow/.local/lib/python3.12/site-packages/airflow/example_dags/example_xcomargs.py took 0.059 seconds
[2024-11-20T14:53:54.655+0000] {processor.py:186} INFO - Started process (PID=2556) to work on /home/airflow/.local/lib/python3.12/site-packages/airflow/example_dags/example_xcomargs.py
[2024-11-20T14:53:54.656+0000] {processor.py:914} INFO - Processing file /home/airflow/.local/lib/python3.12/site-packages/airflow/example_dags/example_xcomargs.py for tasks to queue
[2024-11-20T14:53:54.658+0000] {logging_mixin.py:190} INFO - [2024-11-20T14:53:54.658+0000] {dagbag.py:588} INFO - Filling up the DagBag from /home/airflow/.local/lib/python3.12/site-packages/airflow/example_dags/example_xcomargs.py
[2024-11-20T14:53:54.664+0000] {processor.py:925} INFO - DAG(s) 'example_xcom_args_with_operators', 'example_xcom_args' retrieved from /home/airflow/.local/lib/python3.12/site-packages/airflow/example_dags/example_xcomargs.py
[2024-11-20T14:53:54.680+0000] {logging_mixin.py:190} INFO - [2024-11-20T14:53:54.679+0000] {dag.py:3239} INFO - Sync 2 DAGs
[2024-11-20T14:53:54.689+0000] {logging_mixin.py:190} INFO - [2024-11-20T14:53:54.689+0000] {dag.py:4180} INFO - Setting next_dagrun for example_xcom_args to None, run_after=None
[2024-11-20T14:53:54.692+0000] {logging_mixin.py:190} INFO - [2024-11-20T14:53:54.692+0000] {dag.py:4180} INFO - Setting next_dagrun for example_xcom_args_with_operators to None, run_after=None
[2024-11-20T14:53:54.709+0000] {processor.py:208} INFO - Processing /home/airflow/.local/lib/python3.12/site-packages/airflow/example_dags/example_xcomargs.py took 0.059 seconds
[2024-11-20T14:54:25.272+0000] {processor.py:186} INFO - Started process (PID=2619) to work on /home/airflow/.local/lib/python3.12/site-packages/airflow/example_dags/example_xcomargs.py
[2024-11-20T14:54:25.274+0000] {processor.py:914} INFO - Processing file /home/airflow/.local/lib/python3.12/site-packages/airflow/example_dags/example_xcomargs.py for tasks to queue
[2024-11-20T14:54:25.275+0000] {logging_mixin.py:190} INFO - [2024-11-20T14:54:25.275+0000] {dagbag.py:588} INFO - Filling up the DagBag from /home/airflow/.local/lib/python3.12/site-packages/airflow/example_dags/example_xcomargs.py
[2024-11-20T14:54:25.282+0000] {processor.py:925} INFO - DAG(s) 'example_xcom_args', 'example_xcom_args_with_operators' retrieved from /home/airflow/.local/lib/python3.12/site-packages/airflow/example_dags/example_xcomargs.py
[2024-11-20T14:54:25.298+0000] {logging_mixin.py:190} INFO - [2024-11-20T14:54:25.298+0000] {dag.py:3239} INFO - Sync 2 DAGs
[2024-11-20T14:54:25.308+0000] {logging_mixin.py:190} INFO - [2024-11-20T14:54:25.308+0000] {dag.py:4180} INFO - Setting next_dagrun for example_xcom_args to None, run_after=None
[2024-11-20T14:54:25.310+0000] {logging_mixin.py:190} INFO - [2024-11-20T14:54:25.310+0000] {dag.py:4180} INFO - Setting next_dagrun for example_xcom_args_with_operators to None, run_after=None
[2024-11-20T14:54:25.322+0000] {processor.py:208} INFO - Processing /home/airflow/.local/lib/python3.12/site-packages/airflow/example_dags/example_xcomargs.py took 0.054 seconds
[2024-11-20T14:54:55.809+0000] {processor.py:186} INFO - Started process (PID=2682) to work on /home/airflow/.local/lib/python3.12/site-packages/airflow/example_dags/example_xcomargs.py
[2024-11-20T14:54:55.809+0000] {processor.py:914} INFO - Processing file /home/airflow/.local/lib/python3.12/site-packages/airflow/example_dags/example_xcomargs.py for tasks to queue
[2024-11-20T14:54:55.811+0000] {logging_mixin.py:190} INFO - [2024-11-20T14:54:55.811+0000] {dagbag.py:588} INFO - Filling up the DagBag from /home/airflow/.local/lib/python3.12/site-packages/airflow/example_dags/example_xcomargs.py
[2024-11-20T14:54:55.818+0000] {processor.py:925} INFO - DAG(s) 'example_xcom_args', 'example_xcom_args_with_operators' retrieved from /home/airflow/.local/lib/python3.12/site-packages/airflow/example_dags/example_xcomargs.py
[2024-11-20T14:54:55.834+0000] {logging_mixin.py:190} INFO - [2024-11-20T14:54:55.834+0000] {dag.py:3239} INFO - Sync 2 DAGs
[2024-11-20T14:54:55.843+0000] {logging_mixin.py:190} INFO - [2024-11-20T14:54:55.843+0000] {dag.py:4180} INFO - Setting next_dagrun for example_xcom_args to None, run_after=None
[2024-11-20T14:54:55.846+0000] {logging_mixin.py:190} INFO - [2024-11-20T14:54:55.846+0000] {dag.py:4180} INFO - Setting next_dagrun for example_xcom_args_with_operators to None, run_after=None
[2024-11-20T14:54:55.861+0000] {processor.py:208} INFO - Processing /home/airflow/.local/lib/python3.12/site-packages/airflow/example_dags/example_xcomargs.py took 0.057 seconds
[2024-11-20T14:55:26.288+0000] {processor.py:186} INFO - Started process (PID=2745) to work on /home/airflow/.local/lib/python3.12/site-packages/airflow/example_dags/example_xcomargs.py
[2024-11-20T14:55:26.289+0000] {processor.py:914} INFO - Processing file /home/airflow/.local/lib/python3.12/site-packages/airflow/example_dags/example_xcomargs.py for tasks to queue
[2024-11-20T14:55:26.290+0000] {logging_mixin.py:190} INFO - [2024-11-20T14:55:26.290+0000] {dagbag.py:588} INFO - Filling up the DagBag from /home/airflow/.local/lib/python3.12/site-packages/airflow/example_dags/example_xcomargs.py
[2024-11-20T14:55:26.298+0000] {processor.py:925} INFO - DAG(s) 'example_xcom_args_with_operators', 'example_xcom_args' retrieved from /home/airflow/.local/lib/python3.12/site-packages/airflow/example_dags/example_xcomargs.py
[2024-11-20T14:55:26.319+0000] {logging_mixin.py:190} INFO - [2024-11-20T14:55:26.318+0000] {dag.py:3239} INFO - Sync 2 DAGs
[2024-11-20T14:55:26.330+0000] {logging_mixin.py:190} INFO - [2024-11-20T14:55:26.330+0000] {dag.py:4180} INFO - Setting next_dagrun for example_xcom_args to None, run_after=None
[2024-11-20T14:55:26.335+0000] {logging_mixin.py:190} INFO - [2024-11-20T14:55:26.334+0000] {dag.py:4180} INFO - Setting next_dagrun for example_xcom_args_with_operators to None, run_after=None
[2024-11-20T14:55:26.351+0000] {processor.py:208} INFO - Processing /home/airflow/.local/lib/python3.12/site-packages/airflow/example_dags/example_xcomargs.py took 0.068 seconds
[2024-11-20T14:55:57.248+0000] {processor.py:186} INFO - Started process (PID=2808) to work on /home/airflow/.local/lib/python3.12/site-packages/airflow/example_dags/example_xcomargs.py
[2024-11-20T14:55:57.249+0000] {processor.py:914} INFO - Processing file /home/airflow/.local/lib/python3.12/site-packages/airflow/example_dags/example_xcomargs.py for tasks to queue
[2024-11-20T14:55:57.251+0000] {logging_mixin.py:190} INFO - [2024-11-20T14:55:57.251+0000] {dagbag.py:588} INFO - Filling up the DagBag from /home/airflow/.local/lib/python3.12/site-packages/airflow/example_dags/example_xcomargs.py
[2024-11-20T14:55:57.258+0000] {processor.py:925} INFO - DAG(s) 'example_xcom_args_with_operators', 'example_xcom_args' retrieved from /home/airflow/.local/lib/python3.12/site-packages/airflow/example_dags/example_xcomargs.py
[2024-11-20T14:55:57.274+0000] {logging_mixin.py:190} INFO - [2024-11-20T14:55:57.274+0000] {dag.py:3239} INFO - Sync 2 DAGs
[2024-11-20T14:55:57.284+0000] {logging_mixin.py:190} INFO - [2024-11-20T14:55:57.284+0000] {dag.py:4180} INFO - Setting next_dagrun for example_xcom_args to None, run_after=None
[2024-11-20T14:55:57.287+0000] {logging_mixin.py:190} INFO - [2024-11-20T14:55:57.287+0000] {dag.py:4180} INFO - Setting next_dagrun for example_xcom_args_with_operators to None, run_after=None
[2024-11-20T14:55:57.302+0000] {processor.py:208} INFO - Processing /home/airflow/.local/lib/python3.12/site-packages/airflow/example_dags/example_xcomargs.py took 0.059 seconds
[2024-11-20T14:56:27.679+0000] {processor.py:186} INFO - Started process (PID=2871) to work on /home/airflow/.local/lib/python3.12/site-packages/airflow/example_dags/example_xcomargs.py
[2024-11-20T14:56:27.679+0000] {processor.py:914} INFO - Processing file /home/airflow/.local/lib/python3.12/site-packages/airflow/example_dags/example_xcomargs.py for tasks to queue
[2024-11-20T14:56:27.681+0000] {logging_mixin.py:190} INFO - [2024-11-20T14:56:27.681+0000] {dagbag.py:588} INFO - Filling up the DagBag from /home/airflow/.local/lib/python3.12/site-packages/airflow/example_dags/example_xcomargs.py
[2024-11-20T14:56:27.688+0000] {processor.py:925} INFO - DAG(s) 'example_xcom_args_with_operators', 'example_xcom_args' retrieved from /home/airflow/.local/lib/python3.12/site-packages/airflow/example_dags/example_xcomargs.py
[2024-11-20T14:56:27.703+0000] {logging_mixin.py:190} INFO - [2024-11-20T14:56:27.702+0000] {dag.py:3239} INFO - Sync 2 DAGs
[2024-11-20T14:56:27.713+0000] {logging_mixin.py:190} INFO - [2024-11-20T14:56:27.713+0000] {dag.py:4180} INFO - Setting next_dagrun for example_xcom_args to None, run_after=None
[2024-11-20T14:56:27.715+0000] {logging_mixin.py:190} INFO - [2024-11-20T14:56:27.715+0000] {dag.py:4180} INFO - Setting next_dagrun for example_xcom_args_with_operators to None, run_after=None
[2024-11-20T14:56:27.727+0000] {processor.py:208} INFO - Processing /home/airflow/.local/lib/python3.12/site-packages/airflow/example_dags/example_xcomargs.py took 0.053 seconds
[2024-11-20T14:56:58.813+0000] {processor.py:186} INFO - Started process (PID=2934) to work on /home/airflow/.local/lib/python3.12/site-packages/airflow/example_dags/example_xcomargs.py
[2024-11-20T14:56:58.814+0000] {processor.py:914} INFO - Processing file /home/airflow/.local/lib/python3.12/site-packages/airflow/example_dags/example_xcomargs.py for tasks to queue
[2024-11-20T14:56:58.816+0000] {logging_mixin.py:190} INFO - [2024-11-20T14:56:58.816+0000] {dagbag.py:588} INFO - Filling up the DagBag from /home/airflow/.local/lib/python3.12/site-packages/airflow/example_dags/example_xcomargs.py
[2024-11-20T14:56:58.822+0000] {processor.py:925} INFO - DAG(s) 'example_xcom_args', 'example_xcom_args_with_operators' retrieved from /home/airflow/.local/lib/python3.12/site-packages/airflow/example_dags/example_xcomargs.py
[2024-11-20T14:56:58.837+0000] {logging_mixin.py:190} INFO - [2024-11-20T14:56:58.837+0000] {dag.py:3239} INFO - Sync 2 DAGs
[2024-11-20T14:56:58.846+0000] {logging_mixin.py:190} INFO - [2024-11-20T14:56:58.846+0000] {dag.py:4180} INFO - Setting next_dagrun for example_xcom_args to None, run_after=None
[2024-11-20T14:56:58.849+0000] {logging_mixin.py:190} INFO - [2024-11-20T14:56:58.849+0000] {dag.py:4180} INFO - Setting next_dagrun for example_xcom_args_with_operators to None, run_after=None
[2024-11-20T14:56:58.863+0000] {processor.py:208} INFO - Processing /home/airflow/.local/lib/python3.12/site-packages/airflow/example_dags/example_xcomargs.py took 0.054 seconds
[2024-11-20T14:57:28.948+0000] {processor.py:186} INFO - Started process (PID=2997) to work on /home/airflow/.local/lib/python3.12/site-packages/airflow/example_dags/example_xcomargs.py
[2024-11-20T14:57:28.949+0000] {processor.py:914} INFO - Processing file /home/airflow/.local/lib/python3.12/site-packages/airflow/example_dags/example_xcomargs.py for tasks to queue
[2024-11-20T14:57:28.950+0000] {logging_mixin.py:190} INFO - [2024-11-20T14:57:28.950+0000] {dagbag.py:588} INFO - Filling up the DagBag from /home/airflow/.local/lib/python3.12/site-packages/airflow/example_dags/example_xcomargs.py
[2024-11-20T14:57:28.957+0000] {processor.py:925} INFO - DAG(s) 'example_xcom_args', 'example_xcom_args_with_operators' retrieved from /home/airflow/.local/lib/python3.12/site-packages/airflow/example_dags/example_xcomargs.py
[2024-11-20T14:57:28.972+0000] {logging_mixin.py:190} INFO - [2024-11-20T14:57:28.972+0000] {dag.py:3239} INFO - Sync 2 DAGs
[2024-11-20T14:57:28.982+0000] {logging_mixin.py:190} INFO - [2024-11-20T14:57:28.982+0000] {dag.py:4180} INFO - Setting next_dagrun for example_xcom_args to None, run_after=None
[2024-11-20T14:57:28.985+0000] {logging_mixin.py:190} INFO - [2024-11-20T14:57:28.985+0000] {dag.py:4180} INFO - Setting next_dagrun for example_xcom_args_with_operators to None, run_after=None
[2024-11-20T14:57:28.998+0000] {processor.py:208} INFO - Processing /home/airflow/.local/lib/python3.12/site-packages/airflow/example_dags/example_xcomargs.py took 0.054 seconds
[2024-11-20T14:57:59.233+0000] {processor.py:186} INFO - Started process (PID=3060) to work on /home/airflow/.local/lib/python3.12/site-packages/airflow/example_dags/example_xcomargs.py
[2024-11-20T14:57:59.234+0000] {processor.py:914} INFO - Processing file /home/airflow/.local/lib/python3.12/site-packages/airflow/example_dags/example_xcomargs.py for tasks to queue
[2024-11-20T14:57:59.236+0000] {logging_mixin.py:190} INFO - [2024-11-20T14:57:59.236+0000] {dagbag.py:588} INFO - Filling up the DagBag from /home/airflow/.local/lib/python3.12/site-packages/airflow/example_dags/example_xcomargs.py
[2024-11-20T14:57:59.243+0000] {processor.py:925} INFO - DAG(s) 'example_xcom_args_with_operators', 'example_xcom_args' retrieved from /home/airflow/.local/lib/python3.12/site-packages/airflow/example_dags/example_xcomargs.py
[2024-11-20T14:57:59.259+0000] {logging_mixin.py:190} INFO - [2024-11-20T14:57:59.259+0000] {dag.py:3239} INFO - Sync 2 DAGs
[2024-11-20T14:57:59.269+0000] {logging_mixin.py:190} INFO - [2024-11-20T14:57:59.269+0000] {dag.py:4180} INFO - Setting next_dagrun for example_xcom_args to None, run_after=None
[2024-11-20T14:57:59.272+0000] {logging_mixin.py:190} INFO - [2024-11-20T14:57:59.271+0000] {dag.py:4180} INFO - Setting next_dagrun for example_xcom_args_with_operators to None, run_after=None
[2024-11-20T14:57:59.287+0000] {processor.py:208} INFO - Processing /home/airflow/.local/lib/python3.12/site-packages/airflow/example_dags/example_xcomargs.py took 0.059 seconds
[2024-11-20T14:58:29.833+0000] {processor.py:186} INFO - Started process (PID=3123) to work on /home/airflow/.local/lib/python3.12/site-packages/airflow/example_dags/example_xcomargs.py
[2024-11-20T14:58:29.834+0000] {processor.py:914} INFO - Processing file /home/airflow/.local/lib/python3.12/site-packages/airflow/example_dags/example_xcomargs.py for tasks to queue
[2024-11-20T14:58:29.836+0000] {logging_mixin.py:190} INFO - [2024-11-20T14:58:29.836+0000] {dagbag.py:588} INFO - Filling up the DagBag from /home/airflow/.local/lib/python3.12/site-packages/airflow/example_dags/example_xcomargs.py
[2024-11-20T14:58:29.843+0000] {processor.py:925} INFO - DAG(s) 'example_xcom_args_with_operators', 'example_xcom_args' retrieved from /home/airflow/.local/lib/python3.12/site-packages/airflow/example_dags/example_xcomargs.py
[2024-11-20T14:58:29.857+0000] {logging_mixin.py:190} INFO - [2024-11-20T14:58:29.857+0000] {dag.py:3239} INFO - Sync 2 DAGs
[2024-11-20T14:58:29.867+0000] {logging_mixin.py:190} INFO - [2024-11-20T14:58:29.867+0000] {dag.py:4180} INFO - Setting next_dagrun for example_xcom_args to None, run_after=None
[2024-11-20T14:58:29.869+0000] {logging_mixin.py:190} INFO - [2024-11-20T14:58:29.869+0000] {dag.py:4180} INFO - Setting next_dagrun for example_xcom_args_with_operators to None, run_after=None
[2024-11-20T14:58:29.883+0000] {processor.py:208} INFO - Processing /home/airflow/.local/lib/python3.12/site-packages/airflow/example_dags/example_xcomargs.py took 0.054 seconds
[2024-11-20T14:59:00.580+0000] {processor.py:186} INFO - Started process (PID=3186) to work on /home/airflow/.local/lib/python3.12/site-packages/airflow/example_dags/example_xcomargs.py
[2024-11-20T14:59:00.581+0000] {processor.py:914} INFO - Processing file /home/airflow/.local/lib/python3.12/site-packages/airflow/example_dags/example_xcomargs.py for tasks to queue
[2024-11-20T14:59:00.583+0000] {logging_mixin.py:190} INFO - [2024-11-20T14:59:00.582+0000] {dagbag.py:588} INFO - Filling up the DagBag from /home/airflow/.local/lib/python3.12/site-packages/airflow/example_dags/example_xcomargs.py
[2024-11-20T14:59:00.589+0000] {processor.py:925} INFO - DAG(s) 'example_xcom_args', 'example_xcom_args_with_operators' retrieved from /home/airflow/.local/lib/python3.12/site-packages/airflow/example_dags/example_xcomargs.py
[2024-11-20T14:59:00.604+0000] {logging_mixin.py:190} INFO - [2024-11-20T14:59:00.604+0000] {dag.py:3239} INFO - Sync 2 DAGs
[2024-11-20T14:59:00.726+0000] {logging_mixin.py:190} INFO - [2024-11-20T14:59:00.725+0000] {dag.py:4180} INFO - Setting next_dagrun for example_xcom_args to None, run_after=None
[2024-11-20T14:59:00.729+0000] {logging_mixin.py:190} INFO - [2024-11-20T14:59:00.729+0000] {dag.py:4180} INFO - Setting next_dagrun for example_xcom_args_with_operators to None, run_after=None
[2024-11-20T14:59:00.745+0000] {processor.py:208} INFO - Processing /home/airflow/.local/lib/python3.12/site-packages/airflow/example_dags/example_xcomargs.py took 0.169 seconds
[2024-11-20T14:59:30.933+0000] {processor.py:186} INFO - Started process (PID=3249) to work on /home/airflow/.local/lib/python3.12/site-packages/airflow/example_dags/example_xcomargs.py
[2024-11-20T14:59:30.934+0000] {processor.py:914} INFO - Processing file /home/airflow/.local/lib/python3.12/site-packages/airflow/example_dags/example_xcomargs.py for tasks to queue
[2024-11-20T14:59:30.936+0000] {logging_mixin.py:190} INFO - [2024-11-20T14:59:30.936+0000] {dagbag.py:588} INFO - Filling up the DagBag from /home/airflow/.local/lib/python3.12/site-packages/airflow/example_dags/example_xcomargs.py
[2024-11-20T14:59:30.944+0000] {processor.py:925} INFO - DAG(s) 'example_xcom_args', 'example_xcom_args_with_operators' retrieved from /home/airflow/.local/lib/python3.12/site-packages/airflow/example_dags/example_xcomargs.py
[2024-11-20T14:59:30.961+0000] {logging_mixin.py:190} INFO - [2024-11-20T14:59:30.961+0000] {dag.py:3239} INFO - Sync 2 DAGs
[2024-11-20T14:59:30.971+0000] {logging_mixin.py:190} INFO - [2024-11-20T14:59:30.971+0000] {dag.py:4180} INFO - Setting next_dagrun for example_xcom_args to None, run_after=None
[2024-11-20T14:59:30.974+0000] {logging_mixin.py:190} INFO - [2024-11-20T14:59:30.974+0000] {dag.py:4180} INFO - Setting next_dagrun for example_xcom_args_with_operators to None, run_after=None
[2024-11-20T14:59:30.989+0000] {processor.py:208} INFO - Processing /home/airflow/.local/lib/python3.12/site-packages/airflow/example_dags/example_xcomargs.py took 0.060 seconds
[2024-11-20T15:00:01.743+0000] {processor.py:186} INFO - Started process (PID=3312) to work on /home/airflow/.local/lib/python3.12/site-packages/airflow/example_dags/example_xcomargs.py
[2024-11-20T15:00:01.743+0000] {processor.py:914} INFO - Processing file /home/airflow/.local/lib/python3.12/site-packages/airflow/example_dags/example_xcomargs.py for tasks to queue
[2024-11-20T15:00:01.745+0000] {logging_mixin.py:190} INFO - [2024-11-20T15:00:01.745+0000] {dagbag.py:588} INFO - Filling up the DagBag from /home/airflow/.local/lib/python3.12/site-packages/airflow/example_dags/example_xcomargs.py
[2024-11-20T15:00:01.752+0000] {processor.py:925} INFO - DAG(s) 'example_xcom_args_with_operators', 'example_xcom_args' retrieved from /home/airflow/.local/lib/python3.12/site-packages/airflow/example_dags/example_xcomargs.py
[2024-11-20T15:00:01.767+0000] {logging_mixin.py:190} INFO - [2024-11-20T15:00:01.767+0000] {dag.py:3239} INFO - Sync 2 DAGs
[2024-11-20T15:00:01.777+0000] {logging_mixin.py:190} INFO - [2024-11-20T15:00:01.777+0000] {dag.py:4180} INFO - Setting next_dagrun for example_xcom_args to None, run_after=None
[2024-11-20T15:00:01.780+0000] {logging_mixin.py:190} INFO - [2024-11-20T15:00:01.780+0000] {dag.py:4180} INFO - Setting next_dagrun for example_xcom_args_with_operators to None, run_after=None
[2024-11-20T15:00:01.796+0000] {processor.py:208} INFO - Processing /home/airflow/.local/lib/python3.12/site-packages/airflow/example_dags/example_xcomargs.py took 0.057 seconds
[2024-11-20T15:00:32.239+0000] {processor.py:186} INFO - Started process (PID=3375) to work on /home/airflow/.local/lib/python3.12/site-packages/airflow/example_dags/example_xcomargs.py
[2024-11-20T15:00:32.240+0000] {processor.py:914} INFO - Processing file /home/airflow/.local/lib/python3.12/site-packages/airflow/example_dags/example_xcomargs.py for tasks to queue
[2024-11-20T15:00:32.242+0000] {logging_mixin.py:190} INFO - [2024-11-20T15:00:32.242+0000] {dagbag.py:588} INFO - Filling up the DagBag from /home/airflow/.local/lib/python3.12/site-packages/airflow/example_dags/example_xcomargs.py
[2024-11-20T15:00:32.249+0000] {processor.py:925} INFO - DAG(s) 'example_xcom_args_with_operators', 'example_xcom_args' retrieved from /home/airflow/.local/lib/python3.12/site-packages/airflow/example_dags/example_xcomargs.py
[2024-11-20T15:00:32.266+0000] {logging_mixin.py:190} INFO - [2024-11-20T15:00:32.266+0000] {dag.py:3239} INFO - Sync 2 DAGs
[2024-11-20T15:00:32.275+0000] {logging_mixin.py:190} INFO - [2024-11-20T15:00:32.275+0000] {dag.py:4180} INFO - Setting next_dagrun for example_xcom_args to None, run_after=None
[2024-11-20T15:00:32.278+0000] {logging_mixin.py:190} INFO - [2024-11-20T15:00:32.278+0000] {dag.py:4180} INFO - Setting next_dagrun for example_xcom_args_with_operators to None, run_after=None
[2024-11-20T15:00:32.292+0000] {processor.py:208} INFO - Processing /home/airflow/.local/lib/python3.12/site-packages/airflow/example_dags/example_xcomargs.py took 0.057 seconds
[2024-11-20T15:01:03.135+0000] {processor.py:186} INFO - Started process (PID=3438) to work on /home/airflow/.local/lib/python3.12/site-packages/airflow/example_dags/example_xcomargs.py
[2024-11-20T15:01:03.136+0000] {processor.py:914} INFO - Processing file /home/airflow/.local/lib/python3.12/site-packages/airflow/example_dags/example_xcomargs.py for tasks to queue
[2024-11-20T15:01:03.138+0000] {logging_mixin.py:190} INFO - [2024-11-20T15:01:03.137+0000] {dagbag.py:588} INFO - Filling up the DagBag from /home/airflow/.local/lib/python3.12/site-packages/airflow/example_dags/example_xcomargs.py
[2024-11-20T15:01:03.145+0000] {processor.py:925} INFO - DAG(s) 'example_xcom_args', 'example_xcom_args_with_operators' retrieved from /home/airflow/.local/lib/python3.12/site-packages/airflow/example_dags/example_xcomargs.py
[2024-11-20T15:01:03.160+0000] {logging_mixin.py:190} INFO - [2024-11-20T15:01:03.160+0000] {dag.py:3239} INFO - Sync 2 DAGs
[2024-11-20T15:01:03.172+0000] {logging_mixin.py:190} INFO - [2024-11-20T15:01:03.172+0000] {dag.py:4180} INFO - Setting next_dagrun for example_xcom_args to None, run_after=None
[2024-11-20T15:01:03.177+0000] {logging_mixin.py:190} INFO - [2024-11-20T15:01:03.176+0000] {dag.py:4180} INFO - Setting next_dagrun for example_xcom_args_with_operators to None, run_after=None
[2024-11-20T15:01:03.194+0000] {processor.py:208} INFO - Processing /home/airflow/.local/lib/python3.12/site-packages/airflow/example_dags/example_xcomargs.py took 0.063 seconds
[2024-11-20T15:01:33.937+0000] {processor.py:186} INFO - Started process (PID=3501) to work on /home/airflow/.local/lib/python3.12/site-packages/airflow/example_dags/example_xcomargs.py
[2024-11-20T15:01:33.938+0000] {processor.py:914} INFO - Processing file /home/airflow/.local/lib/python3.12/site-packages/airflow/example_dags/example_xcomargs.py for tasks to queue
[2024-11-20T15:01:33.940+0000] {logging_mixin.py:190} INFO - [2024-11-20T15:01:33.940+0000] {dagbag.py:588} INFO - Filling up the DagBag from /home/airflow/.local/lib/python3.12/site-packages/airflow/example_dags/example_xcomargs.py
[2024-11-20T15:01:33.947+0000] {processor.py:925} INFO - DAG(s) 'example_xcom_args', 'example_xcom_args_with_operators' retrieved from /home/airflow/.local/lib/python3.12/site-packages/airflow/example_dags/example_xcomargs.py
[2024-11-20T15:01:33.962+0000] {logging_mixin.py:190} INFO - [2024-11-20T15:01:33.961+0000] {dag.py:3239} INFO - Sync 2 DAGs
[2024-11-20T15:01:33.972+0000] {logging_mixin.py:190} INFO - [2024-11-20T15:01:33.971+0000] {dag.py:4180} INFO - Setting next_dagrun for example_xcom_args to None, run_after=None
[2024-11-20T15:01:33.974+0000] {logging_mixin.py:190} INFO - [2024-11-20T15:01:33.974+0000] {dag.py:4180} INFO - Setting next_dagrun for example_xcom_args_with_operators to None, run_after=None
[2024-11-20T15:01:33.989+0000] {processor.py:208} INFO - Processing /home/airflow/.local/lib/python3.12/site-packages/airflow/example_dags/example_xcomargs.py took 0.056 seconds
[2024-11-20T15:02:04.392+0000] {processor.py:186} INFO - Started process (PID=3564) to work on /home/airflow/.local/lib/python3.12/site-packages/airflow/example_dags/example_xcomargs.py
[2024-11-20T15:02:04.393+0000] {processor.py:914} INFO - Processing file /home/airflow/.local/lib/python3.12/site-packages/airflow/example_dags/example_xcomargs.py for tasks to queue
[2024-11-20T15:02:04.395+0000] {logging_mixin.py:190} INFO - [2024-11-20T15:02:04.395+0000] {dagbag.py:588} INFO - Filling up the DagBag from /home/airflow/.local/lib/python3.12/site-packages/airflow/example_dags/example_xcomargs.py
[2024-11-20T15:02:04.402+0000] {processor.py:925} INFO - DAG(s) 'example_xcom_args', 'example_xcom_args_with_operators' retrieved from /home/airflow/.local/lib/python3.12/site-packages/airflow/example_dags/example_xcomargs.py
[2024-11-20T15:02:04.417+0000] {logging_mixin.py:190} INFO - [2024-11-20T15:02:04.417+0000] {dag.py:3239} INFO - Sync 2 DAGs
[2024-11-20T15:02:04.427+0000] {logging_mixin.py:190} INFO - [2024-11-20T15:02:04.427+0000] {dag.py:4180} INFO - Setting next_dagrun for example_xcom_args to None, run_after=None
[2024-11-20T15:02:04.430+0000] {logging_mixin.py:190} INFO - [2024-11-20T15:02:04.430+0000] {dag.py:4180} INFO - Setting next_dagrun for example_xcom_args_with_operators to None, run_after=None
[2024-11-20T15:02:04.444+0000] {processor.py:208} INFO - Processing /home/airflow/.local/lib/python3.12/site-packages/airflow/example_dags/example_xcomargs.py took 0.056 seconds
[2024-11-20T15:02:35.133+0000] {processor.py:186} INFO - Started process (PID=3627) to work on /home/airflow/.local/lib/python3.12/site-packages/airflow/example_dags/example_xcomargs.py
[2024-11-20T15:02:35.134+0000] {processor.py:914} INFO - Processing file /home/airflow/.local/lib/python3.12/site-packages/airflow/example_dags/example_xcomargs.py for tasks to queue
[2024-11-20T15:02:35.136+0000] {logging_mixin.py:190} INFO - [2024-11-20T15:02:35.136+0000] {dagbag.py:588} INFO - Filling up the DagBag from /home/airflow/.local/lib/python3.12/site-packages/airflow/example_dags/example_xcomargs.py
[2024-11-20T15:02:35.142+0000] {processor.py:925} INFO - DAG(s) 'example_xcom_args', 'example_xcom_args_with_operators' retrieved from /home/airflow/.local/lib/python3.12/site-packages/airflow/example_dags/example_xcomargs.py
[2024-11-20T15:02:35.157+0000] {logging_mixin.py:190} INFO - [2024-11-20T15:02:35.157+0000] {dag.py:3239} INFO - Sync 2 DAGs
[2024-11-20T15:02:35.167+0000] {logging_mixin.py:190} INFO - [2024-11-20T15:02:35.167+0000] {dag.py:4180} INFO - Setting next_dagrun for example_xcom_args to None, run_after=None
[2024-11-20T15:02:35.169+0000] {logging_mixin.py:190} INFO - [2024-11-20T15:02:35.169+0000] {dag.py:4180} INFO - Setting next_dagrun for example_xcom_args_with_operators to None, run_after=None
[2024-11-20T15:02:35.184+0000] {processor.py:208} INFO - Processing /home/airflow/.local/lib/python3.12/site-packages/airflow/example_dags/example_xcomargs.py took 0.055 seconds
