[2024-11-20T14:27:52.638+0000] {processor.py:186} INFO - Started process (PID=121) to work on /home/airflow/.local/lib/python3.12/site-packages/airflow/example_dags/example_complex.py
[2024-11-20T14:27:52.639+0000] {processor.py:914} INFO - Processing file /home/airflow/.local/lib/python3.12/site-packages/airflow/example_dags/example_complex.py for tasks to queue
[2024-11-20T14:27:52.641+0000] {logging_mixin.py:190} INFO - [2024-11-20T14:27:52.640+0000] {dagbag.py:588} INFO - Filling up the DagBag from /home/airflow/.local/lib/python3.12/site-packages/airflow/example_dags/example_complex.py
[2024-11-20T14:27:52.650+0000] {processor.py:925} INFO - DAG(s) 'example_complex' retrieved from /home/airflow/.local/lib/python3.12/site-packages/airflow/example_dags/example_complex.py
[2024-11-20T14:27:52.751+0000] {logging_mixin.py:190} INFO - [2024-11-20T14:27:52.751+0000] {override.py:1911} INFO - Created Permission View: can read on DAG:example_complex
[2024-11-20T14:27:52.761+0000] {logging_mixin.py:190} INFO - [2024-11-20T14:27:52.761+0000] {override.py:1911} INFO - Created Permission View: can edit on DAG:example_complex
[2024-11-20T14:27:52.768+0000] {logging_mixin.py:190} INFO - [2024-11-20T14:27:52.768+0000] {override.py:1911} INFO - Created Permission View: can delete on DAG:example_complex
[2024-11-20T14:27:52.777+0000] {logging_mixin.py:190} INFO - [2024-11-20T14:27:52.777+0000] {override.py:1911} INFO - Created Permission View: can read on DAG Run:example_complex
[2024-11-20T14:27:52.783+0000] {logging_mixin.py:190} INFO - [2024-11-20T14:27:52.783+0000] {override.py:1911} INFO - Created Permission View: menu access on DAG Run:example_complex
[2024-11-20T14:27:52.790+0000] {logging_mixin.py:190} INFO - [2024-11-20T14:27:52.790+0000] {override.py:1911} INFO - Created Permission View: can create on DAG Run:example_complex
[2024-11-20T14:27:52.797+0000] {logging_mixin.py:190} INFO - [2024-11-20T14:27:52.797+0000] {override.py:1911} INFO - Created Permission View: can delete on DAG Run:example_complex
[2024-11-20T14:27:52.798+0000] {logging_mixin.py:190} INFO - [2024-11-20T14:27:52.798+0000] {dag.py:3239} INFO - Sync 1 DAGs
[2024-11-20T14:27:52.808+0000] {logging_mixin.py:190} INFO - [2024-11-20T14:27:52.808+0000] {dag.py:3262} INFO - Creating ORM DAG for example_complex
[2024-11-20T14:27:52.810+0000] {logging_mixin.py:190} INFO - [2024-11-20T14:27:52.809+0000] {dag.py:4180} INFO - Setting next_dagrun for example_complex to None, run_after=None
[2024-11-20T14:27:52.825+0000] {processor.py:208} INFO - Processing /home/airflow/.local/lib/python3.12/site-packages/airflow/example_dags/example_complex.py took 0.191 seconds
[2024-11-20T14:28:23.357+0000] {processor.py:186} INFO - Started process (PID=184) to work on /home/airflow/.local/lib/python3.12/site-packages/airflow/example_dags/example_complex.py
[2024-11-20T14:28:23.358+0000] {processor.py:914} INFO - Processing file /home/airflow/.local/lib/python3.12/site-packages/airflow/example_dags/example_complex.py for tasks to queue
[2024-11-20T14:28:23.363+0000] {logging_mixin.py:190} INFO - [2024-11-20T14:28:23.363+0000] {dagbag.py:588} INFO - Filling up the DagBag from /home/airflow/.local/lib/python3.12/site-packages/airflow/example_dags/example_complex.py
[2024-11-20T14:28:23.371+0000] {processor.py:925} INFO - DAG(s) 'example_complex' retrieved from /home/airflow/.local/lib/python3.12/site-packages/airflow/example_dags/example_complex.py
[2024-11-20T14:28:23.391+0000] {logging_mixin.py:190} INFO - [2024-11-20T14:28:23.390+0000] {dag.py:3239} INFO - Sync 1 DAGs
[2024-11-20T14:28:23.399+0000] {logging_mixin.py:190} INFO - [2024-11-20T14:28:23.399+0000] {dag.py:4180} INFO - Setting next_dagrun for example_complex to None, run_after=None
[2024-11-20T14:28:23.419+0000] {processor.py:208} INFO - Processing /home/airflow/.local/lib/python3.12/site-packages/airflow/example_dags/example_complex.py took 0.065 seconds
[2024-11-20T14:28:53.638+0000] {processor.py:186} INFO - Started process (PID=247) to work on /home/airflow/.local/lib/python3.12/site-packages/airflow/example_dags/example_complex.py
[2024-11-20T14:28:53.639+0000] {processor.py:914} INFO - Processing file /home/airflow/.local/lib/python3.12/site-packages/airflow/example_dags/example_complex.py for tasks to queue
[2024-11-20T14:28:53.641+0000] {logging_mixin.py:190} INFO - [2024-11-20T14:28:53.640+0000] {dagbag.py:588} INFO - Filling up the DagBag from /home/airflow/.local/lib/python3.12/site-packages/airflow/example_dags/example_complex.py
[2024-11-20T14:28:53.649+0000] {processor.py:925} INFO - DAG(s) 'example_complex' retrieved from /home/airflow/.local/lib/python3.12/site-packages/airflow/example_dags/example_complex.py
[2024-11-20T14:28:53.670+0000] {logging_mixin.py:190} INFO - [2024-11-20T14:28:53.670+0000] {dag.py:3239} INFO - Sync 1 DAGs
[2024-11-20T14:28:53.680+0000] {logging_mixin.py:190} INFO - [2024-11-20T14:28:53.680+0000] {dag.py:4180} INFO - Setting next_dagrun for example_complex to None, run_after=None
[2024-11-20T14:28:53.698+0000] {processor.py:208} INFO - Processing /home/airflow/.local/lib/python3.12/site-packages/airflow/example_dags/example_complex.py took 0.064 seconds
[2024-11-20T14:29:23.977+0000] {processor.py:186} INFO - Started process (PID=308) to work on /home/airflow/.local/lib/python3.12/site-packages/airflow/example_dags/example_complex.py
[2024-11-20T14:29:23.978+0000] {processor.py:914} INFO - Processing file /home/airflow/.local/lib/python3.12/site-packages/airflow/example_dags/example_complex.py for tasks to queue
[2024-11-20T14:29:23.980+0000] {logging_mixin.py:190} INFO - [2024-11-20T14:29:23.979+0000] {dagbag.py:588} INFO - Filling up the DagBag from /home/airflow/.local/lib/python3.12/site-packages/airflow/example_dags/example_complex.py
[2024-11-20T14:29:23.988+0000] {processor.py:925} INFO - DAG(s) 'example_complex' retrieved from /home/airflow/.local/lib/python3.12/site-packages/airflow/example_dags/example_complex.py
[2024-11-20T14:29:24.010+0000] {logging_mixin.py:190} INFO - [2024-11-20T14:29:24.010+0000] {dag.py:3239} INFO - Sync 1 DAGs
[2024-11-20T14:29:24.020+0000] {logging_mixin.py:190} INFO - [2024-11-20T14:29:24.020+0000] {dag.py:4180} INFO - Setting next_dagrun for example_complex to None, run_after=None
[2024-11-20T14:29:24.040+0000] {processor.py:208} INFO - Processing /home/airflow/.local/lib/python3.12/site-packages/airflow/example_dags/example_complex.py took 0.068 seconds
[2024-11-20T14:29:54.158+0000] {processor.py:186} INFO - Started process (PID=371) to work on /home/airflow/.local/lib/python3.12/site-packages/airflow/example_dags/example_complex.py
[2024-11-20T14:29:54.159+0000] {processor.py:914} INFO - Processing file /home/airflow/.local/lib/python3.12/site-packages/airflow/example_dags/example_complex.py for tasks to queue
[2024-11-20T14:29:54.161+0000] {logging_mixin.py:190} INFO - [2024-11-20T14:29:54.160+0000] {dagbag.py:588} INFO - Filling up the DagBag from /home/airflow/.local/lib/python3.12/site-packages/airflow/example_dags/example_complex.py
[2024-11-20T14:29:54.168+0000] {processor.py:925} INFO - DAG(s) 'example_complex' retrieved from /home/airflow/.local/lib/python3.12/site-packages/airflow/example_dags/example_complex.py
[2024-11-20T14:29:54.189+0000] {logging_mixin.py:190} INFO - [2024-11-20T14:29:54.189+0000] {dag.py:3239} INFO - Sync 1 DAGs
[2024-11-20T14:29:54.198+0000] {logging_mixin.py:190} INFO - [2024-11-20T14:29:54.198+0000] {dag.py:4180} INFO - Setting next_dagrun for example_complex to None, run_after=None
[2024-11-20T14:29:54.212+0000] {processor.py:208} INFO - Processing /home/airflow/.local/lib/python3.12/site-packages/airflow/example_dags/example_complex.py took 0.059 seconds
[2024-11-20T14:30:24.628+0000] {processor.py:186} INFO - Started process (PID=434) to work on /home/airflow/.local/lib/python3.12/site-packages/airflow/example_dags/example_complex.py
[2024-11-20T14:30:24.629+0000] {processor.py:914} INFO - Processing file /home/airflow/.local/lib/python3.12/site-packages/airflow/example_dags/example_complex.py for tasks to queue
[2024-11-20T14:30:24.632+0000] {logging_mixin.py:190} INFO - [2024-11-20T14:30:24.631+0000] {dagbag.py:588} INFO - Filling up the DagBag from /home/airflow/.local/lib/python3.12/site-packages/airflow/example_dags/example_complex.py
[2024-11-20T14:30:24.640+0000] {processor.py:925} INFO - DAG(s) 'example_complex' retrieved from /home/airflow/.local/lib/python3.12/site-packages/airflow/example_dags/example_complex.py
[2024-11-20T14:30:24.661+0000] {logging_mixin.py:190} INFO - [2024-11-20T14:30:24.660+0000] {dag.py:3239} INFO - Sync 1 DAGs
[2024-11-20T14:30:24.670+0000] {logging_mixin.py:190} INFO - [2024-11-20T14:30:24.670+0000] {dag.py:4180} INFO - Setting next_dagrun for example_complex to None, run_after=None
[2024-11-20T14:30:24.687+0000] {processor.py:208} INFO - Processing /home/airflow/.local/lib/python3.12/site-packages/airflow/example_dags/example_complex.py took 0.063 seconds
[2024-11-20T14:30:55.141+0000] {processor.py:186} INFO - Started process (PID=498) to work on /home/airflow/.local/lib/python3.12/site-packages/airflow/example_dags/example_complex.py
[2024-11-20T14:30:55.142+0000] {processor.py:914} INFO - Processing file /home/airflow/.local/lib/python3.12/site-packages/airflow/example_dags/example_complex.py for tasks to queue
[2024-11-20T14:30:55.144+0000] {logging_mixin.py:190} INFO - [2024-11-20T14:30:55.144+0000] {dagbag.py:588} INFO - Filling up the DagBag from /home/airflow/.local/lib/python3.12/site-packages/airflow/example_dags/example_complex.py
[2024-11-20T14:30:55.153+0000] {processor.py:925} INFO - DAG(s) 'example_complex' retrieved from /home/airflow/.local/lib/python3.12/site-packages/airflow/example_dags/example_complex.py
[2024-11-20T14:30:55.174+0000] {logging_mixin.py:190} INFO - [2024-11-20T14:30:55.173+0000] {dag.py:3239} INFO - Sync 1 DAGs
[2024-11-20T14:30:55.183+0000] {logging_mixin.py:190} INFO - [2024-11-20T14:30:55.183+0000] {dag.py:4180} INFO - Setting next_dagrun for example_complex to None, run_after=None
[2024-11-20T14:30:55.200+0000] {processor.py:208} INFO - Processing /home/airflow/.local/lib/python3.12/site-packages/airflow/example_dags/example_complex.py took 0.066 seconds
[2024-11-20T14:31:25.560+0000] {processor.py:186} INFO - Started process (PID=561) to work on /home/airflow/.local/lib/python3.12/site-packages/airflow/example_dags/example_complex.py
[2024-11-20T14:31:25.561+0000] {processor.py:914} INFO - Processing file /home/airflow/.local/lib/python3.12/site-packages/airflow/example_dags/example_complex.py for tasks to queue
[2024-11-20T14:31:25.563+0000] {logging_mixin.py:190} INFO - [2024-11-20T14:31:25.563+0000] {dagbag.py:588} INFO - Filling up the DagBag from /home/airflow/.local/lib/python3.12/site-packages/airflow/example_dags/example_complex.py
[2024-11-20T14:31:25.571+0000] {processor.py:925} INFO - DAG(s) 'example_complex' retrieved from /home/airflow/.local/lib/python3.12/site-packages/airflow/example_dags/example_complex.py
[2024-11-20T14:31:25.591+0000] {logging_mixin.py:190} INFO - [2024-11-20T14:31:25.591+0000] {dag.py:3239} INFO - Sync 1 DAGs
[2024-11-20T14:31:25.601+0000] {logging_mixin.py:190} INFO - [2024-11-20T14:31:25.601+0000] {dag.py:4180} INFO - Setting next_dagrun for example_complex to None, run_after=None
[2024-11-20T14:31:25.617+0000] {processor.py:208} INFO - Processing /home/airflow/.local/lib/python3.12/site-packages/airflow/example_dags/example_complex.py took 0.060 seconds
[2024-11-20T14:31:56.304+0000] {processor.py:186} INFO - Started process (PID=624) to work on /home/airflow/.local/lib/python3.12/site-packages/airflow/example_dags/example_complex.py
[2024-11-20T14:31:56.304+0000] {processor.py:914} INFO - Processing file /home/airflow/.local/lib/python3.12/site-packages/airflow/example_dags/example_complex.py for tasks to queue
[2024-11-20T14:31:56.306+0000] {logging_mixin.py:190} INFO - [2024-11-20T14:31:56.306+0000] {dagbag.py:588} INFO - Filling up the DagBag from /home/airflow/.local/lib/python3.12/site-packages/airflow/example_dags/example_complex.py
[2024-11-20T14:31:56.313+0000] {processor.py:925} INFO - DAG(s) 'example_complex' retrieved from /home/airflow/.local/lib/python3.12/site-packages/airflow/example_dags/example_complex.py
[2024-11-20T14:31:56.334+0000] {logging_mixin.py:190} INFO - [2024-11-20T14:31:56.334+0000] {dag.py:3239} INFO - Sync 1 DAGs
[2024-11-20T14:31:56.344+0000] {logging_mixin.py:190} INFO - [2024-11-20T14:31:56.344+0000] {dag.py:4180} INFO - Setting next_dagrun for example_complex to None, run_after=None
[2024-11-20T14:31:56.358+0000] {processor.py:208} INFO - Processing /home/airflow/.local/lib/python3.12/site-packages/airflow/example_dags/example_complex.py took 0.058 seconds
[2024-11-20T14:32:27.495+0000] {processor.py:186} INFO - Started process (PID=687) to work on /home/airflow/.local/lib/python3.12/site-packages/airflow/example_dags/example_complex.py
[2024-11-20T14:32:27.496+0000] {processor.py:914} INFO - Processing file /home/airflow/.local/lib/python3.12/site-packages/airflow/example_dags/example_complex.py for tasks to queue
[2024-11-20T14:32:27.499+0000] {logging_mixin.py:190} INFO - [2024-11-20T14:32:27.498+0000] {dagbag.py:588} INFO - Filling up the DagBag from /home/airflow/.local/lib/python3.12/site-packages/airflow/example_dags/example_complex.py
[2024-11-20T14:32:27.506+0000] {processor.py:925} INFO - DAG(s) 'example_complex' retrieved from /home/airflow/.local/lib/python3.12/site-packages/airflow/example_dags/example_complex.py
[2024-11-20T14:32:27.526+0000] {logging_mixin.py:190} INFO - [2024-11-20T14:32:27.526+0000] {dag.py:3239} INFO - Sync 1 DAGs
[2024-11-20T14:32:27.535+0000] {logging_mixin.py:190} INFO - [2024-11-20T14:32:27.535+0000] {dag.py:4180} INFO - Setting next_dagrun for example_complex to None, run_after=None
[2024-11-20T14:32:27.551+0000] {processor.py:208} INFO - Processing /home/airflow/.local/lib/python3.12/site-packages/airflow/example_dags/example_complex.py took 0.059 seconds
[2024-11-20T14:32:58.322+0000] {processor.py:186} INFO - Started process (PID=749) to work on /home/airflow/.local/lib/python3.12/site-packages/airflow/example_dags/example_complex.py
[2024-11-20T14:32:58.323+0000] {processor.py:914} INFO - Processing file /home/airflow/.local/lib/python3.12/site-packages/airflow/example_dags/example_complex.py for tasks to queue
[2024-11-20T14:32:58.325+0000] {logging_mixin.py:190} INFO - [2024-11-20T14:32:58.325+0000] {dagbag.py:588} INFO - Filling up the DagBag from /home/airflow/.local/lib/python3.12/site-packages/airflow/example_dags/example_complex.py
[2024-11-20T14:32:58.333+0000] {processor.py:925} INFO - DAG(s) 'example_complex' retrieved from /home/airflow/.local/lib/python3.12/site-packages/airflow/example_dags/example_complex.py
[2024-11-20T14:32:58.353+0000] {logging_mixin.py:190} INFO - [2024-11-20T14:32:58.353+0000] {dag.py:3239} INFO - Sync 1 DAGs
[2024-11-20T14:32:58.363+0000] {logging_mixin.py:190} INFO - [2024-11-20T14:32:58.363+0000] {dag.py:4180} INFO - Setting next_dagrun for example_complex to None, run_after=None
[2024-11-20T14:32:58.377+0000] {processor.py:208} INFO - Processing /home/airflow/.local/lib/python3.12/site-packages/airflow/example_dags/example_complex.py took 0.059 seconds
[2024-11-20T14:33:28.926+0000] {processor.py:186} INFO - Started process (PID=812) to work on /home/airflow/.local/lib/python3.12/site-packages/airflow/example_dags/example_complex.py
[2024-11-20T14:33:28.927+0000] {processor.py:914} INFO - Processing file /home/airflow/.local/lib/python3.12/site-packages/airflow/example_dags/example_complex.py for tasks to queue
[2024-11-20T14:33:28.932+0000] {logging_mixin.py:190} INFO - [2024-11-20T14:33:28.932+0000] {dagbag.py:588} INFO - Filling up the DagBag from /home/airflow/.local/lib/python3.12/site-packages/airflow/example_dags/example_complex.py
[2024-11-20T14:33:28.940+0000] {processor.py:925} INFO - DAG(s) 'example_complex' retrieved from /home/airflow/.local/lib/python3.12/site-packages/airflow/example_dags/example_complex.py
[2024-11-20T14:33:28.959+0000] {logging_mixin.py:190} INFO - [2024-11-20T14:33:28.959+0000] {dag.py:3239} INFO - Sync 1 DAGs
[2024-11-20T14:33:28.968+0000] {logging_mixin.py:190} INFO - [2024-11-20T14:33:28.968+0000] {dag.py:4180} INFO - Setting next_dagrun for example_complex to None, run_after=None
[2024-11-20T14:33:28.982+0000] {processor.py:208} INFO - Processing /home/airflow/.local/lib/python3.12/site-packages/airflow/example_dags/example_complex.py took 0.060 seconds
[2024-11-20T14:33:59.480+0000] {processor.py:186} INFO - Started process (PID=875) to work on /home/airflow/.local/lib/python3.12/site-packages/airflow/example_dags/example_complex.py
[2024-11-20T14:33:59.481+0000] {processor.py:914} INFO - Processing file /home/airflow/.local/lib/python3.12/site-packages/airflow/example_dags/example_complex.py for tasks to queue
[2024-11-20T14:33:59.482+0000] {logging_mixin.py:190} INFO - [2024-11-20T14:33:59.482+0000] {dagbag.py:588} INFO - Filling up the DagBag from /home/airflow/.local/lib/python3.12/site-packages/airflow/example_dags/example_complex.py
[2024-11-20T14:33:59.490+0000] {processor.py:925} INFO - DAG(s) 'example_complex' retrieved from /home/airflow/.local/lib/python3.12/site-packages/airflow/example_dags/example_complex.py
[2024-11-20T14:33:59.509+0000] {logging_mixin.py:190} INFO - [2024-11-20T14:33:59.509+0000] {dag.py:3239} INFO - Sync 1 DAGs
[2024-11-20T14:33:59.518+0000] {logging_mixin.py:190} INFO - [2024-11-20T14:33:59.518+0000] {dag.py:4180} INFO - Setting next_dagrun for example_complex to None, run_after=None
[2024-11-20T14:33:59.532+0000] {processor.py:208} INFO - Processing /home/airflow/.local/lib/python3.12/site-packages/airflow/example_dags/example_complex.py took 0.056 seconds
[2024-11-20T14:34:30.173+0000] {processor.py:186} INFO - Started process (PID=938) to work on /home/airflow/.local/lib/python3.12/site-packages/airflow/example_dags/example_complex.py
[2024-11-20T14:34:30.174+0000] {processor.py:914} INFO - Processing file /home/airflow/.local/lib/python3.12/site-packages/airflow/example_dags/example_complex.py for tasks to queue
[2024-11-20T14:34:30.178+0000] {logging_mixin.py:190} INFO - [2024-11-20T14:34:30.177+0000] {dagbag.py:588} INFO - Filling up the DagBag from /home/airflow/.local/lib/python3.12/site-packages/airflow/example_dags/example_complex.py
[2024-11-20T14:34:30.190+0000] {processor.py:925} INFO - DAG(s) 'example_complex' retrieved from /home/airflow/.local/lib/python3.12/site-packages/airflow/example_dags/example_complex.py
[2024-11-20T14:34:30.212+0000] {logging_mixin.py:190} INFO - [2024-11-20T14:34:30.212+0000] {dag.py:3239} INFO - Sync 1 DAGs
[2024-11-20T14:34:30.222+0000] {logging_mixin.py:190} INFO - [2024-11-20T14:34:30.222+0000] {dag.py:4180} INFO - Setting next_dagrun for example_complex to None, run_after=None
[2024-11-20T14:34:30.241+0000] {processor.py:208} INFO - Processing /home/airflow/.local/lib/python3.12/site-packages/airflow/example_dags/example_complex.py took 0.077 seconds
[2024-11-20T14:35:01.017+0000] {processor.py:186} INFO - Started process (PID=1001) to work on /home/airflow/.local/lib/python3.12/site-packages/airflow/example_dags/example_complex.py
[2024-11-20T14:35:01.018+0000] {processor.py:914} INFO - Processing file /home/airflow/.local/lib/python3.12/site-packages/airflow/example_dags/example_complex.py for tasks to queue
[2024-11-20T14:35:01.020+0000] {logging_mixin.py:190} INFO - [2024-11-20T14:35:01.020+0000] {dagbag.py:588} INFO - Filling up the DagBag from /home/airflow/.local/lib/python3.12/site-packages/airflow/example_dags/example_complex.py
[2024-11-20T14:35:01.028+0000] {processor.py:925} INFO - DAG(s) 'example_complex' retrieved from /home/airflow/.local/lib/python3.12/site-packages/airflow/example_dags/example_complex.py
[2024-11-20T14:35:01.048+0000] {logging_mixin.py:190} INFO - [2024-11-20T14:35:01.048+0000] {dag.py:3239} INFO - Sync 1 DAGs
[2024-11-20T14:35:01.058+0000] {logging_mixin.py:190} INFO - [2024-11-20T14:35:01.057+0000] {dag.py:4180} INFO - Setting next_dagrun for example_complex to None, run_after=None
[2024-11-20T14:35:01.071+0000] {processor.py:208} INFO - Processing /home/airflow/.local/lib/python3.12/site-packages/airflow/example_dags/example_complex.py took 0.058 seconds
[2024-11-20T14:35:31.749+0000] {processor.py:186} INFO - Started process (PID=1064) to work on /home/airflow/.local/lib/python3.12/site-packages/airflow/example_dags/example_complex.py
[2024-11-20T14:35:31.750+0000] {processor.py:914} INFO - Processing file /home/airflow/.local/lib/python3.12/site-packages/airflow/example_dags/example_complex.py for tasks to queue
[2024-11-20T14:35:31.752+0000] {logging_mixin.py:190} INFO - [2024-11-20T14:35:31.751+0000] {dagbag.py:588} INFO - Filling up the DagBag from /home/airflow/.local/lib/python3.12/site-packages/airflow/example_dags/example_complex.py
[2024-11-20T14:35:31.759+0000] {processor.py:925} INFO - DAG(s) 'example_complex' retrieved from /home/airflow/.local/lib/python3.12/site-packages/airflow/example_dags/example_complex.py
[2024-11-20T14:35:31.779+0000] {logging_mixin.py:190} INFO - [2024-11-20T14:35:31.779+0000] {dag.py:3239} INFO - Sync 1 DAGs
[2024-11-20T14:35:31.789+0000] {logging_mixin.py:190} INFO - [2024-11-20T14:35:31.788+0000] {dag.py:4180} INFO - Setting next_dagrun for example_complex to None, run_after=None
[2024-11-20T14:35:31.802+0000] {processor.py:208} INFO - Processing /home/airflow/.local/lib/python3.12/site-packages/airflow/example_dags/example_complex.py took 0.057 seconds
[2024-11-20T14:36:02.556+0000] {processor.py:186} INFO - Started process (PID=1127) to work on /home/airflow/.local/lib/python3.12/site-packages/airflow/example_dags/example_complex.py
[2024-11-20T14:36:02.558+0000] {processor.py:914} INFO - Processing file /home/airflow/.local/lib/python3.12/site-packages/airflow/example_dags/example_complex.py for tasks to queue
[2024-11-20T14:36:02.560+0000] {logging_mixin.py:190} INFO - [2024-11-20T14:36:02.559+0000] {dagbag.py:588} INFO - Filling up the DagBag from /home/airflow/.local/lib/python3.12/site-packages/airflow/example_dags/example_complex.py
[2024-11-20T14:36:02.567+0000] {processor.py:925} INFO - DAG(s) 'example_complex' retrieved from /home/airflow/.local/lib/python3.12/site-packages/airflow/example_dags/example_complex.py
[2024-11-20T14:36:02.586+0000] {logging_mixin.py:190} INFO - [2024-11-20T14:36:02.586+0000] {dag.py:3239} INFO - Sync 1 DAGs
[2024-11-20T14:36:02.596+0000] {logging_mixin.py:190} INFO - [2024-11-20T14:36:02.596+0000] {dag.py:4180} INFO - Setting next_dagrun for example_complex to None, run_after=None
[2024-11-20T14:36:02.611+0000] {processor.py:208} INFO - Processing /home/airflow/.local/lib/python3.12/site-packages/airflow/example_dags/example_complex.py took 0.059 seconds
[2024-11-20T14:36:32.996+0000] {processor.py:186} INFO - Started process (PID=1190) to work on /home/airflow/.local/lib/python3.12/site-packages/airflow/example_dags/example_complex.py
[2024-11-20T14:36:32.997+0000] {processor.py:914} INFO - Processing file /home/airflow/.local/lib/python3.12/site-packages/airflow/example_dags/example_complex.py for tasks to queue
[2024-11-20T14:36:32.999+0000] {logging_mixin.py:190} INFO - [2024-11-20T14:36:32.999+0000] {dagbag.py:588} INFO - Filling up the DagBag from /home/airflow/.local/lib/python3.12/site-packages/airflow/example_dags/example_complex.py
[2024-11-20T14:36:33.006+0000] {processor.py:925} INFO - DAG(s) 'example_complex' retrieved from /home/airflow/.local/lib/python3.12/site-packages/airflow/example_dags/example_complex.py
[2024-11-20T14:36:33.025+0000] {logging_mixin.py:190} INFO - [2024-11-20T14:36:33.025+0000] {dag.py:3239} INFO - Sync 1 DAGs
[2024-11-20T14:36:33.034+0000] {logging_mixin.py:190} INFO - [2024-11-20T14:36:33.034+0000] {dag.py:4180} INFO - Setting next_dagrun for example_complex to None, run_after=None
[2024-11-20T14:36:33.048+0000] {processor.py:208} INFO - Processing /home/airflow/.local/lib/python3.12/site-packages/airflow/example_dags/example_complex.py took 0.055 seconds
[2024-11-20T14:37:03.444+0000] {processor.py:186} INFO - Started process (PID=1253) to work on /home/airflow/.local/lib/python3.12/site-packages/airflow/example_dags/example_complex.py
[2024-11-20T14:37:03.445+0000] {processor.py:914} INFO - Processing file /home/airflow/.local/lib/python3.12/site-packages/airflow/example_dags/example_complex.py for tasks to queue
[2024-11-20T14:37:03.447+0000] {logging_mixin.py:190} INFO - [2024-11-20T14:37:03.447+0000] {dagbag.py:588} INFO - Filling up the DagBag from /home/airflow/.local/lib/python3.12/site-packages/airflow/example_dags/example_complex.py
[2024-11-20T14:37:03.455+0000] {processor.py:925} INFO - DAG(s) 'example_complex' retrieved from /home/airflow/.local/lib/python3.12/site-packages/airflow/example_dags/example_complex.py
[2024-11-20T14:37:03.474+0000] {logging_mixin.py:190} INFO - [2024-11-20T14:37:03.474+0000] {dag.py:3239} INFO - Sync 1 DAGs
[2024-11-20T14:37:03.484+0000] {logging_mixin.py:190} INFO - [2024-11-20T14:37:03.484+0000] {dag.py:4180} INFO - Setting next_dagrun for example_complex to None, run_after=None
[2024-11-20T14:37:03.500+0000] {processor.py:208} INFO - Processing /home/airflow/.local/lib/python3.12/site-packages/airflow/example_dags/example_complex.py took 0.061 seconds
[2024-11-20T14:37:34.363+0000] {processor.py:186} INFO - Started process (PID=1316) to work on /home/airflow/.local/lib/python3.12/site-packages/airflow/example_dags/example_complex.py
[2024-11-20T14:37:34.363+0000] {processor.py:914} INFO - Processing file /home/airflow/.local/lib/python3.12/site-packages/airflow/example_dags/example_complex.py for tasks to queue
[2024-11-20T14:37:34.365+0000] {logging_mixin.py:190} INFO - [2024-11-20T14:37:34.365+0000] {dagbag.py:588} INFO - Filling up the DagBag from /home/airflow/.local/lib/python3.12/site-packages/airflow/example_dags/example_complex.py
[2024-11-20T14:37:34.372+0000] {processor.py:925} INFO - DAG(s) 'example_complex' retrieved from /home/airflow/.local/lib/python3.12/site-packages/airflow/example_dags/example_complex.py
[2024-11-20T14:37:34.392+0000] {logging_mixin.py:190} INFO - [2024-11-20T14:37:34.392+0000] {dag.py:3239} INFO - Sync 1 DAGs
[2024-11-20T14:37:34.401+0000] {logging_mixin.py:190} INFO - [2024-11-20T14:37:34.401+0000] {dag.py:4180} INFO - Setting next_dagrun for example_complex to None, run_after=None
[2024-11-20T14:37:34.415+0000] {processor.py:208} INFO - Processing /home/airflow/.local/lib/python3.12/site-packages/airflow/example_dags/example_complex.py took 0.056 seconds
[2024-11-20T14:38:04.945+0000] {processor.py:186} INFO - Started process (PID=1379) to work on /home/airflow/.local/lib/python3.12/site-packages/airflow/example_dags/example_complex.py
[2024-11-20T14:38:04.946+0000] {processor.py:914} INFO - Processing file /home/airflow/.local/lib/python3.12/site-packages/airflow/example_dags/example_complex.py for tasks to queue
[2024-11-20T14:38:04.948+0000] {logging_mixin.py:190} INFO - [2024-11-20T14:38:04.947+0000] {dagbag.py:588} INFO - Filling up the DagBag from /home/airflow/.local/lib/python3.12/site-packages/airflow/example_dags/example_complex.py
[2024-11-20T14:38:04.955+0000] {processor.py:925} INFO - DAG(s) 'example_complex' retrieved from /home/airflow/.local/lib/python3.12/site-packages/airflow/example_dags/example_complex.py
[2024-11-20T14:38:04.975+0000] {logging_mixin.py:190} INFO - [2024-11-20T14:38:04.975+0000] {dag.py:3239} INFO - Sync 1 DAGs
[2024-11-20T14:38:04.985+0000] {logging_mixin.py:190} INFO - [2024-11-20T14:38:04.984+0000] {dag.py:4180} INFO - Setting next_dagrun for example_complex to None, run_after=None
[2024-11-20T14:38:04.998+0000] {processor.py:208} INFO - Processing /home/airflow/.local/lib/python3.12/site-packages/airflow/example_dags/example_complex.py took 0.057 seconds
[2024-11-20T14:38:35.610+0000] {processor.py:186} INFO - Started process (PID=1442) to work on /home/airflow/.local/lib/python3.12/site-packages/airflow/example_dags/example_complex.py
[2024-11-20T14:38:35.611+0000] {processor.py:914} INFO - Processing file /home/airflow/.local/lib/python3.12/site-packages/airflow/example_dags/example_complex.py for tasks to queue
[2024-11-20T14:38:35.613+0000] {logging_mixin.py:190} INFO - [2024-11-20T14:38:35.613+0000] {dagbag.py:588} INFO - Filling up the DagBag from /home/airflow/.local/lib/python3.12/site-packages/airflow/example_dags/example_complex.py
[2024-11-20T14:38:35.621+0000] {processor.py:925} INFO - DAG(s) 'example_complex' retrieved from /home/airflow/.local/lib/python3.12/site-packages/airflow/example_dags/example_complex.py
[2024-11-20T14:38:35.640+0000] {logging_mixin.py:190} INFO - [2024-11-20T14:38:35.640+0000] {dag.py:3239} INFO - Sync 1 DAGs
[2024-11-20T14:38:35.650+0000] {logging_mixin.py:190} INFO - [2024-11-20T14:38:35.650+0000] {dag.py:4180} INFO - Setting next_dagrun for example_complex to None, run_after=None
[2024-11-20T14:38:35.664+0000] {processor.py:208} INFO - Processing /home/airflow/.local/lib/python3.12/site-packages/airflow/example_dags/example_complex.py took 0.057 seconds
[2024-11-20T14:39:06.743+0000] {processor.py:186} INFO - Started process (PID=1505) to work on /home/airflow/.local/lib/python3.12/site-packages/airflow/example_dags/example_complex.py
[2024-11-20T14:39:06.743+0000] {processor.py:914} INFO - Processing file /home/airflow/.local/lib/python3.12/site-packages/airflow/example_dags/example_complex.py for tasks to queue
[2024-11-20T14:39:06.745+0000] {logging_mixin.py:190} INFO - [2024-11-20T14:39:06.745+0000] {dagbag.py:588} INFO - Filling up the DagBag from /home/airflow/.local/lib/python3.12/site-packages/airflow/example_dags/example_complex.py
[2024-11-20T14:39:06.753+0000] {processor.py:925} INFO - DAG(s) 'example_complex' retrieved from /home/airflow/.local/lib/python3.12/site-packages/airflow/example_dags/example_complex.py
[2024-11-20T14:39:06.773+0000] {logging_mixin.py:190} INFO - [2024-11-20T14:39:06.773+0000] {dag.py:3239} INFO - Sync 1 DAGs
[2024-11-20T14:39:06.782+0000] {logging_mixin.py:190} INFO - [2024-11-20T14:39:06.782+0000] {dag.py:4180} INFO - Setting next_dagrun for example_complex to None, run_after=None
[2024-11-20T14:39:06.799+0000] {processor.py:208} INFO - Processing /home/airflow/.local/lib/python3.12/site-packages/airflow/example_dags/example_complex.py took 0.060 seconds
[2024-11-20T14:39:38.164+0000] {processor.py:186} INFO - Started process (PID=1568) to work on /home/airflow/.local/lib/python3.12/site-packages/airflow/example_dags/example_complex.py
[2024-11-20T14:39:38.165+0000] {processor.py:914} INFO - Processing file /home/airflow/.local/lib/python3.12/site-packages/airflow/example_dags/example_complex.py for tasks to queue
[2024-11-20T14:39:38.167+0000] {logging_mixin.py:190} INFO - [2024-11-20T14:39:38.167+0000] {dagbag.py:588} INFO - Filling up the DagBag from /home/airflow/.local/lib/python3.12/site-packages/airflow/example_dags/example_complex.py
[2024-11-20T14:39:38.175+0000] {processor.py:925} INFO - DAG(s) 'example_complex' retrieved from /home/airflow/.local/lib/python3.12/site-packages/airflow/example_dags/example_complex.py
[2024-11-20T14:39:38.196+0000] {logging_mixin.py:190} INFO - [2024-11-20T14:39:38.196+0000] {dag.py:3239} INFO - Sync 1 DAGs
[2024-11-20T14:39:38.205+0000] {logging_mixin.py:190} INFO - [2024-11-20T14:39:38.205+0000] {dag.py:4180} INFO - Setting next_dagrun for example_complex to None, run_after=None
[2024-11-20T14:39:38.224+0000] {processor.py:208} INFO - Processing /home/airflow/.local/lib/python3.12/site-packages/airflow/example_dags/example_complex.py took 0.066 seconds
[2024-11-20T14:40:08.508+0000] {processor.py:186} INFO - Started process (PID=1631) to work on /home/airflow/.local/lib/python3.12/site-packages/airflow/example_dags/example_complex.py
[2024-11-20T14:40:08.508+0000] {processor.py:914} INFO - Processing file /home/airflow/.local/lib/python3.12/site-packages/airflow/example_dags/example_complex.py for tasks to queue
[2024-11-20T14:40:08.510+0000] {logging_mixin.py:190} INFO - [2024-11-20T14:40:08.510+0000] {dagbag.py:588} INFO - Filling up the DagBag from /home/airflow/.local/lib/python3.12/site-packages/airflow/example_dags/example_complex.py
[2024-11-20T14:40:08.518+0000] {processor.py:925} INFO - DAG(s) 'example_complex' retrieved from /home/airflow/.local/lib/python3.12/site-packages/airflow/example_dags/example_complex.py
[2024-11-20T14:40:08.536+0000] {logging_mixin.py:190} INFO - [2024-11-20T14:40:08.536+0000] {dag.py:3239} INFO - Sync 1 DAGs
[2024-11-20T14:40:08.545+0000] {logging_mixin.py:190} INFO - [2024-11-20T14:40:08.545+0000] {dag.py:4180} INFO - Setting next_dagrun for example_complex to None, run_after=None
[2024-11-20T14:40:08.561+0000] {processor.py:208} INFO - Processing /home/airflow/.local/lib/python3.12/site-packages/airflow/example_dags/example_complex.py took 0.057 seconds
[2024-11-20T14:40:39.373+0000] {processor.py:186} INFO - Started process (PID=1694) to work on /home/airflow/.local/lib/python3.12/site-packages/airflow/example_dags/example_complex.py
[2024-11-20T14:40:39.374+0000] {processor.py:914} INFO - Processing file /home/airflow/.local/lib/python3.12/site-packages/airflow/example_dags/example_complex.py for tasks to queue
[2024-11-20T14:40:39.376+0000] {logging_mixin.py:190} INFO - [2024-11-20T14:40:39.376+0000] {dagbag.py:588} INFO - Filling up the DagBag from /home/airflow/.local/lib/python3.12/site-packages/airflow/example_dags/example_complex.py
[2024-11-20T14:40:39.388+0000] {processor.py:925} INFO - DAG(s) 'example_complex' retrieved from /home/airflow/.local/lib/python3.12/site-packages/airflow/example_dags/example_complex.py
[2024-11-20T14:40:39.408+0000] {logging_mixin.py:190} INFO - [2024-11-20T14:40:39.408+0000] {dag.py:3239} INFO - Sync 1 DAGs
[2024-11-20T14:40:39.417+0000] {logging_mixin.py:190} INFO - [2024-11-20T14:40:39.417+0000] {dag.py:4180} INFO - Setting next_dagrun for example_complex to None, run_after=None
[2024-11-20T14:40:39.430+0000] {processor.py:208} INFO - Processing /home/airflow/.local/lib/python3.12/site-packages/airflow/example_dags/example_complex.py took 0.061 seconds
[2024-11-20T14:41:10.160+0000] {processor.py:186} INFO - Started process (PID=1757) to work on /home/airflow/.local/lib/python3.12/site-packages/airflow/example_dags/example_complex.py
[2024-11-20T14:41:10.161+0000] {processor.py:914} INFO - Processing file /home/airflow/.local/lib/python3.12/site-packages/airflow/example_dags/example_complex.py for tasks to queue
[2024-11-20T14:41:10.164+0000] {logging_mixin.py:190} INFO - [2024-11-20T14:41:10.164+0000] {dagbag.py:588} INFO - Filling up the DagBag from /home/airflow/.local/lib/python3.12/site-packages/airflow/example_dags/example_complex.py
[2024-11-20T14:41:10.173+0000] {processor.py:925} INFO - DAG(s) 'example_complex' retrieved from /home/airflow/.local/lib/python3.12/site-packages/airflow/example_dags/example_complex.py
[2024-11-20T14:41:10.195+0000] {logging_mixin.py:190} INFO - [2024-11-20T14:41:10.195+0000] {dag.py:3239} INFO - Sync 1 DAGs
[2024-11-20T14:41:10.205+0000] {logging_mixin.py:190} INFO - [2024-11-20T14:41:10.205+0000] {dag.py:4180} INFO - Setting next_dagrun for example_complex to None, run_after=None
[2024-11-20T14:41:10.221+0000] {processor.py:208} INFO - Processing /home/airflow/.local/lib/python3.12/site-packages/airflow/example_dags/example_complex.py took 0.070 seconds
[2024-11-20T14:41:40.919+0000] {processor.py:186} INFO - Started process (PID=1820) to work on /home/airflow/.local/lib/python3.12/site-packages/airflow/example_dags/example_complex.py
[2024-11-20T14:41:40.920+0000] {processor.py:914} INFO - Processing file /home/airflow/.local/lib/python3.12/site-packages/airflow/example_dags/example_complex.py for tasks to queue
[2024-11-20T14:41:40.921+0000] {logging_mixin.py:190} INFO - [2024-11-20T14:41:40.921+0000] {dagbag.py:588} INFO - Filling up the DagBag from /home/airflow/.local/lib/python3.12/site-packages/airflow/example_dags/example_complex.py
[2024-11-20T14:41:40.928+0000] {processor.py:925} INFO - DAG(s) 'example_complex' retrieved from /home/airflow/.local/lib/python3.12/site-packages/airflow/example_dags/example_complex.py
[2024-11-20T14:41:40.947+0000] {logging_mixin.py:190} INFO - [2024-11-20T14:41:40.947+0000] {dag.py:3239} INFO - Sync 1 DAGs
[2024-11-20T14:41:40.955+0000] {logging_mixin.py:190} INFO - [2024-11-20T14:41:40.955+0000] {dag.py:4180} INFO - Setting next_dagrun for example_complex to None, run_after=None
[2024-11-20T14:41:40.969+0000] {processor.py:208} INFO - Processing /home/airflow/.local/lib/python3.12/site-packages/airflow/example_dags/example_complex.py took 0.054 seconds
[2024-11-20T14:42:11.951+0000] {processor.py:186} INFO - Started process (PID=1883) to work on /home/airflow/.local/lib/python3.12/site-packages/airflow/example_dags/example_complex.py
[2024-11-20T14:42:11.952+0000] {processor.py:914} INFO - Processing file /home/airflow/.local/lib/python3.12/site-packages/airflow/example_dags/example_complex.py for tasks to queue
[2024-11-20T14:42:11.954+0000] {logging_mixin.py:190} INFO - [2024-11-20T14:42:11.954+0000] {dagbag.py:588} INFO - Filling up the DagBag from /home/airflow/.local/lib/python3.12/site-packages/airflow/example_dags/example_complex.py
[2024-11-20T14:42:11.962+0000] {processor.py:925} INFO - DAG(s) 'example_complex' retrieved from /home/airflow/.local/lib/python3.12/site-packages/airflow/example_dags/example_complex.py
[2024-11-20T14:42:11.983+0000] {logging_mixin.py:190} INFO - [2024-11-20T14:42:11.983+0000] {dag.py:3239} INFO - Sync 1 DAGs
[2024-11-20T14:42:11.992+0000] {logging_mixin.py:190} INFO - [2024-11-20T14:42:11.992+0000] {dag.py:4180} INFO - Setting next_dagrun for example_complex to None, run_after=None
[2024-11-20T14:42:12.009+0000] {processor.py:208} INFO - Processing /home/airflow/.local/lib/python3.12/site-packages/airflow/example_dags/example_complex.py took 0.063 seconds
[2024-11-20T14:42:42.203+0000] {processor.py:186} INFO - Started process (PID=1946) to work on /home/airflow/.local/lib/python3.12/site-packages/airflow/example_dags/example_complex.py
[2024-11-20T14:42:42.204+0000] {processor.py:914} INFO - Processing file /home/airflow/.local/lib/python3.12/site-packages/airflow/example_dags/example_complex.py for tasks to queue
[2024-11-20T14:42:42.206+0000] {logging_mixin.py:190} INFO - [2024-11-20T14:42:42.206+0000] {dagbag.py:588} INFO - Filling up the DagBag from /home/airflow/.local/lib/python3.12/site-packages/airflow/example_dags/example_complex.py
[2024-11-20T14:42:42.214+0000] {processor.py:925} INFO - DAG(s) 'example_complex' retrieved from /home/airflow/.local/lib/python3.12/site-packages/airflow/example_dags/example_complex.py
[2024-11-20T14:42:42.235+0000] {logging_mixin.py:190} INFO - [2024-11-20T14:42:42.234+0000] {dag.py:3239} INFO - Sync 1 DAGs
[2024-11-20T14:42:42.244+0000] {logging_mixin.py:190} INFO - [2024-11-20T14:42:42.243+0000] {dag.py:4180} INFO - Setting next_dagrun for example_complex to None, run_after=None
[2024-11-20T14:42:42.259+0000] {processor.py:208} INFO - Processing /home/airflow/.local/lib/python3.12/site-packages/airflow/example_dags/example_complex.py took 0.059 seconds
[2024-11-20T14:43:13.363+0000] {processor.py:186} INFO - Started process (PID=2009) to work on /home/airflow/.local/lib/python3.12/site-packages/airflow/example_dags/example_complex.py
[2024-11-20T14:43:13.364+0000] {processor.py:914} INFO - Processing file /home/airflow/.local/lib/python3.12/site-packages/airflow/example_dags/example_complex.py for tasks to queue
[2024-11-20T14:43:13.366+0000] {logging_mixin.py:190} INFO - [2024-11-20T14:43:13.366+0000] {dagbag.py:588} INFO - Filling up the DagBag from /home/airflow/.local/lib/python3.12/site-packages/airflow/example_dags/example_complex.py
[2024-11-20T14:43:13.373+0000] {processor.py:925} INFO - DAG(s) 'example_complex' retrieved from /home/airflow/.local/lib/python3.12/site-packages/airflow/example_dags/example_complex.py
[2024-11-20T14:43:13.392+0000] {logging_mixin.py:190} INFO - [2024-11-20T14:43:13.392+0000] {dag.py:3239} INFO - Sync 1 DAGs
[2024-11-20T14:43:13.400+0000] {logging_mixin.py:190} INFO - [2024-11-20T14:43:13.400+0000] {dag.py:4180} INFO - Setting next_dagrun for example_complex to None, run_after=None
[2024-11-20T14:43:13.412+0000] {processor.py:208} INFO - Processing /home/airflow/.local/lib/python3.12/site-packages/airflow/example_dags/example_complex.py took 0.052 seconds
[2024-11-20T14:49:52.275+0000] {processor.py:186} INFO - Started process (PID=2075) to work on /home/airflow/.local/lib/python3.12/site-packages/airflow/example_dags/example_complex.py
[2024-11-20T14:49:52.276+0000] {processor.py:914} INFO - Processing file /home/airflow/.local/lib/python3.12/site-packages/airflow/example_dags/example_complex.py for tasks to queue
[2024-11-20T14:49:52.278+0000] {logging_mixin.py:190} INFO - [2024-11-20T14:49:52.277+0000] {dagbag.py:588} INFO - Filling up the DagBag from /home/airflow/.local/lib/python3.12/site-packages/airflow/example_dags/example_complex.py
[2024-11-20T14:49:52.285+0000] {processor.py:925} INFO - DAG(s) 'example_complex' retrieved from /home/airflow/.local/lib/python3.12/site-packages/airflow/example_dags/example_complex.py
[2024-11-20T14:49:52.303+0000] {logging_mixin.py:190} INFO - [2024-11-20T14:49:52.302+0000] {dag.py:3239} INFO - Sync 1 DAGs
[2024-11-20T14:49:52.314+0000] {logging_mixin.py:190} INFO - [2024-11-20T14:49:52.314+0000] {dag.py:4180} INFO - Setting next_dagrun for example_complex to None, run_after=None
[2024-11-20T14:49:52.326+0000] {processor.py:208} INFO - Processing /home/airflow/.local/lib/python3.12/site-packages/airflow/example_dags/example_complex.py took 0.055 seconds
[2024-11-20T14:50:24.044+0000] {processor.py:186} INFO - Started process (PID=2138) to work on /home/airflow/.local/lib/python3.12/site-packages/airflow/example_dags/example_complex.py
[2024-11-20T14:50:24.045+0000] {processor.py:914} INFO - Processing file /home/airflow/.local/lib/python3.12/site-packages/airflow/example_dags/example_complex.py for tasks to queue
[2024-11-20T14:50:24.047+0000] {logging_mixin.py:190} INFO - [2024-11-20T14:50:24.046+0000] {dagbag.py:588} INFO - Filling up the DagBag from /home/airflow/.local/lib/python3.12/site-packages/airflow/example_dags/example_complex.py
[2024-11-20T14:50:24.055+0000] {processor.py:925} INFO - DAG(s) 'example_complex' retrieved from /home/airflow/.local/lib/python3.12/site-packages/airflow/example_dags/example_complex.py
[2024-11-20T14:50:24.075+0000] {logging_mixin.py:190} INFO - [2024-11-20T14:50:24.075+0000] {dag.py:3239} INFO - Sync 1 DAGs
[2024-11-20T14:50:24.089+0000] {logging_mixin.py:190} INFO - [2024-11-20T14:50:24.089+0000] {dag.py:4180} INFO - Setting next_dagrun for example_complex to None, run_after=None
[2024-11-20T14:50:24.136+0000] {processor.py:208} INFO - Processing /home/airflow/.local/lib/python3.12/site-packages/airflow/example_dags/example_complex.py took 0.097 seconds
[2024-11-20T14:50:55.077+0000] {processor.py:186} INFO - Started process (PID=2201) to work on /home/airflow/.local/lib/python3.12/site-packages/airflow/example_dags/example_complex.py
[2024-11-20T14:50:55.079+0000] {processor.py:914} INFO - Processing file /home/airflow/.local/lib/python3.12/site-packages/airflow/example_dags/example_complex.py for tasks to queue
[2024-11-20T14:50:55.081+0000] {logging_mixin.py:190} INFO - [2024-11-20T14:50:55.081+0000] {dagbag.py:588} INFO - Filling up the DagBag from /home/airflow/.local/lib/python3.12/site-packages/airflow/example_dags/example_complex.py
[2024-11-20T14:50:55.089+0000] {processor.py:925} INFO - DAG(s) 'example_complex' retrieved from /home/airflow/.local/lib/python3.12/site-packages/airflow/example_dags/example_complex.py
[2024-11-20T14:50:55.109+0000] {logging_mixin.py:190} INFO - [2024-11-20T14:50:55.109+0000] {dag.py:3239} INFO - Sync 1 DAGs
[2024-11-20T14:50:55.118+0000] {logging_mixin.py:190} INFO - [2024-11-20T14:50:55.118+0000] {dag.py:4180} INFO - Setting next_dagrun for example_complex to None, run_after=None
[2024-11-20T14:50:55.134+0000] {processor.py:208} INFO - Processing /home/airflow/.local/lib/python3.12/site-packages/airflow/example_dags/example_complex.py took 0.061 seconds
[2024-11-20T14:51:25.786+0000] {processor.py:186} INFO - Started process (PID=2264) to work on /home/airflow/.local/lib/python3.12/site-packages/airflow/example_dags/example_complex.py
[2024-11-20T14:51:25.787+0000] {processor.py:914} INFO - Processing file /home/airflow/.local/lib/python3.12/site-packages/airflow/example_dags/example_complex.py for tasks to queue
[2024-11-20T14:51:25.789+0000] {logging_mixin.py:190} INFO - [2024-11-20T14:51:25.789+0000] {dagbag.py:588} INFO - Filling up the DagBag from /home/airflow/.local/lib/python3.12/site-packages/airflow/example_dags/example_complex.py
[2024-11-20T14:51:25.797+0000] {processor.py:925} INFO - DAG(s) 'example_complex' retrieved from /home/airflow/.local/lib/python3.12/site-packages/airflow/example_dags/example_complex.py
[2024-11-20T14:51:25.816+0000] {logging_mixin.py:190} INFO - [2024-11-20T14:51:25.816+0000] {dag.py:3239} INFO - Sync 1 DAGs
[2024-11-20T14:51:25.827+0000] {logging_mixin.py:190} INFO - [2024-11-20T14:51:25.827+0000] {dag.py:4180} INFO - Setting next_dagrun for example_complex to None, run_after=None
[2024-11-20T14:51:25.842+0000] {processor.py:208} INFO - Processing /home/airflow/.local/lib/python3.12/site-packages/airflow/example_dags/example_complex.py took 0.060 seconds
[2024-11-20T14:51:56.453+0000] {processor.py:186} INFO - Started process (PID=2327) to work on /home/airflow/.local/lib/python3.12/site-packages/airflow/example_dags/example_complex.py
[2024-11-20T14:51:56.454+0000] {processor.py:914} INFO - Processing file /home/airflow/.local/lib/python3.12/site-packages/airflow/example_dags/example_complex.py for tasks to queue
[2024-11-20T14:51:56.456+0000] {logging_mixin.py:190} INFO - [2024-11-20T14:51:56.456+0000] {dagbag.py:588} INFO - Filling up the DagBag from /home/airflow/.local/lib/python3.12/site-packages/airflow/example_dags/example_complex.py
[2024-11-20T14:51:56.464+0000] {processor.py:925} INFO - DAG(s) 'example_complex' retrieved from /home/airflow/.local/lib/python3.12/site-packages/airflow/example_dags/example_complex.py
[2024-11-20T14:51:56.483+0000] {logging_mixin.py:190} INFO - [2024-11-20T14:51:56.483+0000] {dag.py:3239} INFO - Sync 1 DAGs
[2024-11-20T14:51:56.492+0000] {logging_mixin.py:190} INFO - [2024-11-20T14:51:56.492+0000] {dag.py:4180} INFO - Setting next_dagrun for example_complex to None, run_after=None
[2024-11-20T14:51:56.507+0000] {processor.py:208} INFO - Processing /home/airflow/.local/lib/python3.12/site-packages/airflow/example_dags/example_complex.py took 0.058 seconds
[2024-11-20T14:52:27.009+0000] {processor.py:186} INFO - Started process (PID=2390) to work on /home/airflow/.local/lib/python3.12/site-packages/airflow/example_dags/example_complex.py
[2024-11-20T14:52:27.019+0000] {processor.py:914} INFO - Processing file /home/airflow/.local/lib/python3.12/site-packages/airflow/example_dags/example_complex.py for tasks to queue
[2024-11-20T14:52:27.021+0000] {logging_mixin.py:190} INFO - [2024-11-20T14:52:27.021+0000] {dagbag.py:588} INFO - Filling up the DagBag from /home/airflow/.local/lib/python3.12/site-packages/airflow/example_dags/example_complex.py
[2024-11-20T14:52:27.028+0000] {processor.py:925} INFO - DAG(s) 'example_complex' retrieved from /home/airflow/.local/lib/python3.12/site-packages/airflow/example_dags/example_complex.py
[2024-11-20T14:52:27.046+0000] {logging_mixin.py:190} INFO - [2024-11-20T14:52:27.046+0000] {dag.py:3239} INFO - Sync 1 DAGs
[2024-11-20T14:52:27.055+0000] {logging_mixin.py:190} INFO - [2024-11-20T14:52:27.055+0000] {dag.py:4180} INFO - Setting next_dagrun for example_complex to None, run_after=None
[2024-11-20T14:52:27.070+0000] {processor.py:208} INFO - Processing /home/airflow/.local/lib/python3.12/site-packages/airflow/example_dags/example_complex.py took 0.065 seconds
[2024-11-20T14:52:57.389+0000] {processor.py:186} INFO - Started process (PID=2453) to work on /home/airflow/.local/lib/python3.12/site-packages/airflow/example_dags/example_complex.py
[2024-11-20T14:52:57.390+0000] {processor.py:914} INFO - Processing file /home/airflow/.local/lib/python3.12/site-packages/airflow/example_dags/example_complex.py for tasks to queue
[2024-11-20T14:52:57.392+0000] {logging_mixin.py:190} INFO - [2024-11-20T14:52:57.392+0000] {dagbag.py:588} INFO - Filling up the DagBag from /home/airflow/.local/lib/python3.12/site-packages/airflow/example_dags/example_complex.py
[2024-11-20T14:52:57.400+0000] {processor.py:925} INFO - DAG(s) 'example_complex' retrieved from /home/airflow/.local/lib/python3.12/site-packages/airflow/example_dags/example_complex.py
[2024-11-20T14:52:57.420+0000] {logging_mixin.py:190} INFO - [2024-11-20T14:52:57.420+0000] {dag.py:3239} INFO - Sync 1 DAGs
[2024-11-20T14:52:57.429+0000] {logging_mixin.py:190} INFO - [2024-11-20T14:52:57.429+0000] {dag.py:4180} INFO - Setting next_dagrun for example_complex to None, run_after=None
[2024-11-20T14:52:57.444+0000] {processor.py:208} INFO - Processing /home/airflow/.local/lib/python3.12/site-packages/airflow/example_dags/example_complex.py took 0.059 seconds
[2024-11-20T14:53:27.883+0000] {processor.py:186} INFO - Started process (PID=2516) to work on /home/airflow/.local/lib/python3.12/site-packages/airflow/example_dags/example_complex.py
[2024-11-20T14:53:27.886+0000] {processor.py:914} INFO - Processing file /home/airflow/.local/lib/python3.12/site-packages/airflow/example_dags/example_complex.py for tasks to queue
[2024-11-20T14:53:27.888+0000] {logging_mixin.py:190} INFO - [2024-11-20T14:53:27.888+0000] {dagbag.py:588} INFO - Filling up the DagBag from /home/airflow/.local/lib/python3.12/site-packages/airflow/example_dags/example_complex.py
[2024-11-20T14:53:27.896+0000] {processor.py:925} INFO - DAG(s) 'example_complex' retrieved from /home/airflow/.local/lib/python3.12/site-packages/airflow/example_dags/example_complex.py
[2024-11-20T14:53:27.917+0000] {logging_mixin.py:190} INFO - [2024-11-20T14:53:27.917+0000] {dag.py:3239} INFO - Sync 1 DAGs
[2024-11-20T14:53:27.926+0000] {logging_mixin.py:190} INFO - [2024-11-20T14:53:27.926+0000] {dag.py:4180} INFO - Setting next_dagrun for example_complex to None, run_after=None
[2024-11-20T14:53:27.944+0000] {processor.py:208} INFO - Processing /home/airflow/.local/lib/python3.12/site-packages/airflow/example_dags/example_complex.py took 0.065 seconds
[2024-11-20T14:53:58.599+0000] {processor.py:186} INFO - Started process (PID=2579) to work on /home/airflow/.local/lib/python3.12/site-packages/airflow/example_dags/example_complex.py
[2024-11-20T14:53:58.601+0000] {processor.py:914} INFO - Processing file /home/airflow/.local/lib/python3.12/site-packages/airflow/example_dags/example_complex.py for tasks to queue
[2024-11-20T14:53:58.603+0000] {logging_mixin.py:190} INFO - [2024-11-20T14:53:58.603+0000] {dagbag.py:588} INFO - Filling up the DagBag from /home/airflow/.local/lib/python3.12/site-packages/airflow/example_dags/example_complex.py
[2024-11-20T14:53:58.611+0000] {processor.py:925} INFO - DAG(s) 'example_complex' retrieved from /home/airflow/.local/lib/python3.12/site-packages/airflow/example_dags/example_complex.py
[2024-11-20T14:53:58.632+0000] {logging_mixin.py:190} INFO - [2024-11-20T14:53:58.632+0000] {dag.py:3239} INFO - Sync 1 DAGs
[2024-11-20T14:53:58.646+0000] {logging_mixin.py:190} INFO - [2024-11-20T14:53:58.646+0000] {dag.py:4180} INFO - Setting next_dagrun for example_complex to None, run_after=None
[2024-11-20T14:53:58.663+0000] {processor.py:208} INFO - Processing /home/airflow/.local/lib/python3.12/site-packages/airflow/example_dags/example_complex.py took 0.068 seconds
[2024-11-20T14:54:28.878+0000] {processor.py:186} INFO - Started process (PID=2641) to work on /home/airflow/.local/lib/python3.12/site-packages/airflow/example_dags/example_complex.py
[2024-11-20T14:54:28.879+0000] {processor.py:914} INFO - Processing file /home/airflow/.local/lib/python3.12/site-packages/airflow/example_dags/example_complex.py for tasks to queue
[2024-11-20T14:54:28.882+0000] {logging_mixin.py:190} INFO - [2024-11-20T14:54:28.882+0000] {dagbag.py:588} INFO - Filling up the DagBag from /home/airflow/.local/lib/python3.12/site-packages/airflow/example_dags/example_complex.py
[2024-11-20T14:54:28.891+0000] {processor.py:925} INFO - DAG(s) 'example_complex' retrieved from /home/airflow/.local/lib/python3.12/site-packages/airflow/example_dags/example_complex.py
[2024-11-20T14:54:28.910+0000] {logging_mixin.py:190} INFO - [2024-11-20T14:54:28.909+0000] {dag.py:3239} INFO - Sync 1 DAGs
[2024-11-20T14:54:28.919+0000] {logging_mixin.py:190} INFO - [2024-11-20T14:54:28.919+0000] {dag.py:4180} INFO - Setting next_dagrun for example_complex to None, run_after=None
[2024-11-20T14:54:28.932+0000] {processor.py:208} INFO - Processing /home/airflow/.local/lib/python3.12/site-packages/airflow/example_dags/example_complex.py took 0.058 seconds
[2024-11-20T14:54:59.316+0000] {processor.py:186} INFO - Started process (PID=2704) to work on /home/airflow/.local/lib/python3.12/site-packages/airflow/example_dags/example_complex.py
[2024-11-20T14:54:59.317+0000] {processor.py:914} INFO - Processing file /home/airflow/.local/lib/python3.12/site-packages/airflow/example_dags/example_complex.py for tasks to queue
[2024-11-20T14:54:59.318+0000] {logging_mixin.py:190} INFO - [2024-11-20T14:54:59.318+0000] {dagbag.py:588} INFO - Filling up the DagBag from /home/airflow/.local/lib/python3.12/site-packages/airflow/example_dags/example_complex.py
[2024-11-20T14:54:59.326+0000] {processor.py:925} INFO - DAG(s) 'example_complex' retrieved from /home/airflow/.local/lib/python3.12/site-packages/airflow/example_dags/example_complex.py
[2024-11-20T14:54:59.347+0000] {logging_mixin.py:190} INFO - [2024-11-20T14:54:59.347+0000] {dag.py:3239} INFO - Sync 1 DAGs
[2024-11-20T14:54:59.356+0000] {logging_mixin.py:190} INFO - [2024-11-20T14:54:59.356+0000] {dag.py:4180} INFO - Setting next_dagrun for example_complex to None, run_after=None
[2024-11-20T14:54:59.370+0000] {processor.py:208} INFO - Processing /home/airflow/.local/lib/python3.12/site-packages/airflow/example_dags/example_complex.py took 0.058 seconds
[2024-11-20T14:55:30.342+0000] {processor.py:186} INFO - Started process (PID=2767) to work on /home/airflow/.local/lib/python3.12/site-packages/airflow/example_dags/example_complex.py
[2024-11-20T14:55:30.343+0000] {processor.py:914} INFO - Processing file /home/airflow/.local/lib/python3.12/site-packages/airflow/example_dags/example_complex.py for tasks to queue
[2024-11-20T14:55:30.344+0000] {logging_mixin.py:190} INFO - [2024-11-20T14:55:30.344+0000] {dagbag.py:588} INFO - Filling up the DagBag from /home/airflow/.local/lib/python3.12/site-packages/airflow/example_dags/example_complex.py
[2024-11-20T14:55:30.352+0000] {processor.py:925} INFO - DAG(s) 'example_complex' retrieved from /home/airflow/.local/lib/python3.12/site-packages/airflow/example_dags/example_complex.py
[2024-11-20T14:55:30.371+0000] {logging_mixin.py:190} INFO - [2024-11-20T14:55:30.371+0000] {dag.py:3239} INFO - Sync 1 DAGs
[2024-11-20T14:55:30.380+0000] {logging_mixin.py:190} INFO - [2024-11-20T14:55:30.380+0000] {dag.py:4180} INFO - Setting next_dagrun for example_complex to None, run_after=None
[2024-11-20T14:55:30.394+0000] {processor.py:208} INFO - Processing /home/airflow/.local/lib/python3.12/site-packages/airflow/example_dags/example_complex.py took 0.056 seconds
[2024-11-20T14:56:00.738+0000] {processor.py:186} INFO - Started process (PID=2830) to work on /home/airflow/.local/lib/python3.12/site-packages/airflow/example_dags/example_complex.py
[2024-11-20T14:56:00.739+0000] {processor.py:914} INFO - Processing file /home/airflow/.local/lib/python3.12/site-packages/airflow/example_dags/example_complex.py for tasks to queue
[2024-11-20T14:56:00.741+0000] {logging_mixin.py:190} INFO - [2024-11-20T14:56:00.741+0000] {dagbag.py:588} INFO - Filling up the DagBag from /home/airflow/.local/lib/python3.12/site-packages/airflow/example_dags/example_complex.py
[2024-11-20T14:56:00.748+0000] {processor.py:925} INFO - DAG(s) 'example_complex' retrieved from /home/airflow/.local/lib/python3.12/site-packages/airflow/example_dags/example_complex.py
[2024-11-20T14:56:00.769+0000] {logging_mixin.py:190} INFO - [2024-11-20T14:56:00.769+0000] {dag.py:3239} INFO - Sync 1 DAGs
[2024-11-20T14:56:00.778+0000] {logging_mixin.py:190} INFO - [2024-11-20T14:56:00.778+0000] {dag.py:4180} INFO - Setting next_dagrun for example_complex to None, run_after=None
[2024-11-20T14:56:00.794+0000] {processor.py:208} INFO - Processing /home/airflow/.local/lib/python3.12/site-packages/airflow/example_dags/example_complex.py took 0.060 seconds
[2024-11-20T14:56:31.789+0000] {processor.py:186} INFO - Started process (PID=2893) to work on /home/airflow/.local/lib/python3.12/site-packages/airflow/example_dags/example_complex.py
[2024-11-20T14:56:31.790+0000] {processor.py:914} INFO - Processing file /home/airflow/.local/lib/python3.12/site-packages/airflow/example_dags/example_complex.py for tasks to queue
[2024-11-20T14:56:31.792+0000] {logging_mixin.py:190} INFO - [2024-11-20T14:56:31.792+0000] {dagbag.py:588} INFO - Filling up the DagBag from /home/airflow/.local/lib/python3.12/site-packages/airflow/example_dags/example_complex.py
[2024-11-20T14:56:31.800+0000] {processor.py:925} INFO - DAG(s) 'example_complex' retrieved from /home/airflow/.local/lib/python3.12/site-packages/airflow/example_dags/example_complex.py
[2024-11-20T14:56:31.826+0000] {logging_mixin.py:190} INFO - [2024-11-20T14:56:31.826+0000] {dag.py:3239} INFO - Sync 1 DAGs
[2024-11-20T14:56:31.837+0000] {logging_mixin.py:190} INFO - [2024-11-20T14:56:31.836+0000] {dag.py:4180} INFO - Setting next_dagrun for example_complex to None, run_after=None
[2024-11-20T14:56:31.850+0000] {processor.py:208} INFO - Processing /home/airflow/.local/lib/python3.12/site-packages/airflow/example_dags/example_complex.py took 0.065 seconds
[2024-11-20T14:57:03.018+0000] {processor.py:186} INFO - Started process (PID=2956) to work on /home/airflow/.local/lib/python3.12/site-packages/airflow/example_dags/example_complex.py
[2024-11-20T14:57:03.019+0000] {processor.py:914} INFO - Processing file /home/airflow/.local/lib/python3.12/site-packages/airflow/example_dags/example_complex.py for tasks to queue
[2024-11-20T14:57:03.020+0000] {logging_mixin.py:190} INFO - [2024-11-20T14:57:03.020+0000] {dagbag.py:588} INFO - Filling up the DagBag from /home/airflow/.local/lib/python3.12/site-packages/airflow/example_dags/example_complex.py
[2024-11-20T14:57:03.028+0000] {processor.py:925} INFO - DAG(s) 'example_complex' retrieved from /home/airflow/.local/lib/python3.12/site-packages/airflow/example_dags/example_complex.py
[2024-11-20T14:57:03.047+0000] {logging_mixin.py:190} INFO - [2024-11-20T14:57:03.047+0000] {dag.py:3239} INFO - Sync 1 DAGs
[2024-11-20T14:57:03.057+0000] {logging_mixin.py:190} INFO - [2024-11-20T14:57:03.056+0000] {dag.py:4180} INFO - Setting next_dagrun for example_complex to None, run_after=None
[2024-11-20T14:57:03.070+0000] {processor.py:208} INFO - Processing /home/airflow/.local/lib/python3.12/site-packages/airflow/example_dags/example_complex.py took 0.056 seconds
[2024-11-20T14:57:33.683+0000] {processor.py:186} INFO - Started process (PID=3019) to work on /home/airflow/.local/lib/python3.12/site-packages/airflow/example_dags/example_complex.py
[2024-11-20T14:57:33.684+0000] {processor.py:914} INFO - Processing file /home/airflow/.local/lib/python3.12/site-packages/airflow/example_dags/example_complex.py for tasks to queue
[2024-11-20T14:57:33.686+0000] {logging_mixin.py:190} INFO - [2024-11-20T14:57:33.686+0000] {dagbag.py:588} INFO - Filling up the DagBag from /home/airflow/.local/lib/python3.12/site-packages/airflow/example_dags/example_complex.py
[2024-11-20T14:57:33.694+0000] {processor.py:925} INFO - DAG(s) 'example_complex' retrieved from /home/airflow/.local/lib/python3.12/site-packages/airflow/example_dags/example_complex.py
[2024-11-20T14:57:33.716+0000] {logging_mixin.py:190} INFO - [2024-11-20T14:57:33.716+0000] {dag.py:3239} INFO - Sync 1 DAGs
[2024-11-20T14:57:33.727+0000] {logging_mixin.py:190} INFO - [2024-11-20T14:57:33.727+0000] {dag.py:4180} INFO - Setting next_dagrun for example_complex to None, run_after=None
[2024-11-20T14:57:33.844+0000] {processor.py:208} INFO - Processing /home/airflow/.local/lib/python3.12/site-packages/airflow/example_dags/example_complex.py took 0.165 seconds
[2024-11-20T14:58:04.636+0000] {processor.py:186} INFO - Started process (PID=3081) to work on /home/airflow/.local/lib/python3.12/site-packages/airflow/example_dags/example_complex.py
[2024-11-20T14:58:04.637+0000] {processor.py:914} INFO - Processing file /home/airflow/.local/lib/python3.12/site-packages/airflow/example_dags/example_complex.py for tasks to queue
[2024-11-20T14:58:04.640+0000] {logging_mixin.py:190} INFO - [2024-11-20T14:58:04.639+0000] {dagbag.py:588} INFO - Filling up the DagBag from /home/airflow/.local/lib/python3.12/site-packages/airflow/example_dags/example_complex.py
[2024-11-20T14:58:04.648+0000] {processor.py:925} INFO - DAG(s) 'example_complex' retrieved from /home/airflow/.local/lib/python3.12/site-packages/airflow/example_dags/example_complex.py
[2024-11-20T14:58:04.673+0000] {logging_mixin.py:190} INFO - [2024-11-20T14:58:04.673+0000] {dag.py:3239} INFO - Sync 1 DAGs
[2024-11-20T14:58:04.683+0000] {logging_mixin.py:190} INFO - [2024-11-20T14:58:04.683+0000] {dag.py:4180} INFO - Setting next_dagrun for example_complex to None, run_after=None
[2024-11-20T14:58:04.701+0000] {processor.py:208} INFO - Processing /home/airflow/.local/lib/python3.12/site-packages/airflow/example_dags/example_complex.py took 0.071 seconds
[2024-11-20T14:58:35.261+0000] {processor.py:186} INFO - Started process (PID=3144) to work on /home/airflow/.local/lib/python3.12/site-packages/airflow/example_dags/example_complex.py
[2024-11-20T14:58:35.262+0000] {processor.py:914} INFO - Processing file /home/airflow/.local/lib/python3.12/site-packages/airflow/example_dags/example_complex.py for tasks to queue
[2024-11-20T14:58:35.264+0000] {logging_mixin.py:190} INFO - [2024-11-20T14:58:35.263+0000] {dagbag.py:588} INFO - Filling up the DagBag from /home/airflow/.local/lib/python3.12/site-packages/airflow/example_dags/example_complex.py
[2024-11-20T14:58:35.272+0000] {processor.py:925} INFO - DAG(s) 'example_complex' retrieved from /home/airflow/.local/lib/python3.12/site-packages/airflow/example_dags/example_complex.py
[2024-11-20T14:58:35.294+0000] {logging_mixin.py:190} INFO - [2024-11-20T14:58:35.294+0000] {dag.py:3239} INFO - Sync 1 DAGs
[2024-11-20T14:58:35.304+0000] {logging_mixin.py:190} INFO - [2024-11-20T14:58:35.304+0000] {dag.py:4180} INFO - Setting next_dagrun for example_complex to None, run_after=None
[2024-11-20T14:58:35.317+0000] {processor.py:208} INFO - Processing /home/airflow/.local/lib/python3.12/site-packages/airflow/example_dags/example_complex.py took 0.061 seconds
[2024-11-20T14:59:06.091+0000] {processor.py:186} INFO - Started process (PID=3207) to work on /home/airflow/.local/lib/python3.12/site-packages/airflow/example_dags/example_complex.py
[2024-11-20T14:59:06.092+0000] {processor.py:914} INFO - Processing file /home/airflow/.local/lib/python3.12/site-packages/airflow/example_dags/example_complex.py for tasks to queue
[2024-11-20T14:59:06.094+0000] {logging_mixin.py:190} INFO - [2024-11-20T14:59:06.094+0000] {dagbag.py:588} INFO - Filling up the DagBag from /home/airflow/.local/lib/python3.12/site-packages/airflow/example_dags/example_complex.py
[2024-11-20T14:59:06.102+0000] {processor.py:925} INFO - DAG(s) 'example_complex' retrieved from /home/airflow/.local/lib/python3.12/site-packages/airflow/example_dags/example_complex.py
[2024-11-20T14:59:06.121+0000] {logging_mixin.py:190} INFO - [2024-11-20T14:59:06.121+0000] {dag.py:3239} INFO - Sync 1 DAGs
[2024-11-20T14:59:06.130+0000] {logging_mixin.py:190} INFO - [2024-11-20T14:59:06.130+0000] {dag.py:4180} INFO - Setting next_dagrun for example_complex to None, run_after=None
[2024-11-20T14:59:06.145+0000] {processor.py:208} INFO - Processing /home/airflow/.local/lib/python3.12/site-packages/airflow/example_dags/example_complex.py took 0.058 seconds
[2024-11-20T14:59:37.438+0000] {processor.py:186} INFO - Started process (PID=3276) to work on /home/airflow/.local/lib/python3.12/site-packages/airflow/example_dags/example_complex.py
[2024-11-20T14:59:37.439+0000] {processor.py:914} INFO - Processing file /home/airflow/.local/lib/python3.12/site-packages/airflow/example_dags/example_complex.py for tasks to queue
[2024-11-20T14:59:37.441+0000] {logging_mixin.py:190} INFO - [2024-11-20T14:59:37.441+0000] {dagbag.py:588} INFO - Filling up the DagBag from /home/airflow/.local/lib/python3.12/site-packages/airflow/example_dags/example_complex.py
[2024-11-20T14:59:37.449+0000] {processor.py:925} INFO - DAG(s) 'example_complex' retrieved from /home/airflow/.local/lib/python3.12/site-packages/airflow/example_dags/example_complex.py
[2024-11-20T14:59:37.471+0000] {logging_mixin.py:190} INFO - [2024-11-20T14:59:37.471+0000] {dag.py:3239} INFO - Sync 1 DAGs
[2024-11-20T14:59:37.599+0000] {logging_mixin.py:190} INFO - [2024-11-20T14:59:37.599+0000] {dag.py:4180} INFO - Setting next_dagrun for example_complex to None, run_after=None
[2024-11-20T14:59:37.616+0000] {processor.py:208} INFO - Processing /home/airflow/.local/lib/python3.12/site-packages/airflow/example_dags/example_complex.py took 0.183 seconds
[2024-11-20T15:00:07.736+0000] {processor.py:186} INFO - Started process (PID=3339) to work on /home/airflow/.local/lib/python3.12/site-packages/airflow/example_dags/example_complex.py
[2024-11-20T15:00:07.737+0000] {processor.py:914} INFO - Processing file /home/airflow/.local/lib/python3.12/site-packages/airflow/example_dags/example_complex.py for tasks to queue
[2024-11-20T15:00:07.738+0000] {logging_mixin.py:190} INFO - [2024-11-20T15:00:07.738+0000] {dagbag.py:588} INFO - Filling up the DagBag from /home/airflow/.local/lib/python3.12/site-packages/airflow/example_dags/example_complex.py
[2024-11-20T15:00:07.746+0000] {processor.py:925} INFO - DAG(s) 'example_complex' retrieved from /home/airflow/.local/lib/python3.12/site-packages/airflow/example_dags/example_complex.py
[2024-11-20T15:00:07.766+0000] {logging_mixin.py:190} INFO - [2024-11-20T15:00:07.766+0000] {dag.py:3239} INFO - Sync 1 DAGs
[2024-11-20T15:00:07.887+0000] {logging_mixin.py:190} INFO - [2024-11-20T15:00:07.887+0000] {dag.py:4180} INFO - Setting next_dagrun for example_complex to None, run_after=None
[2024-11-20T15:00:07.901+0000] {processor.py:208} INFO - Processing /home/airflow/.local/lib/python3.12/site-packages/airflow/example_dags/example_complex.py took 0.170 seconds
[2024-11-20T15:00:38.598+0000] {processor.py:186} INFO - Started process (PID=3402) to work on /home/airflow/.local/lib/python3.12/site-packages/airflow/example_dags/example_complex.py
[2024-11-20T15:00:38.599+0000] {processor.py:914} INFO - Processing file /home/airflow/.local/lib/python3.12/site-packages/airflow/example_dags/example_complex.py for tasks to queue
[2024-11-20T15:00:38.602+0000] {logging_mixin.py:190} INFO - [2024-11-20T15:00:38.602+0000] {dagbag.py:588} INFO - Filling up the DagBag from /home/airflow/.local/lib/python3.12/site-packages/airflow/example_dags/example_complex.py
[2024-11-20T15:00:38.610+0000] {processor.py:925} INFO - DAG(s) 'example_complex' retrieved from /home/airflow/.local/lib/python3.12/site-packages/airflow/example_dags/example_complex.py
[2024-11-20T15:00:38.629+0000] {logging_mixin.py:190} INFO - [2024-11-20T15:00:38.629+0000] {dag.py:3239} INFO - Sync 1 DAGs
[2024-11-20T15:00:38.639+0000] {logging_mixin.py:190} INFO - [2024-11-20T15:00:38.639+0000] {dag.py:4180} INFO - Setting next_dagrun for example_complex to None, run_after=None
[2024-11-20T15:00:38.654+0000] {processor.py:208} INFO - Processing /home/airflow/.local/lib/python3.12/site-packages/airflow/example_dags/example_complex.py took 0.060 seconds
[2024-11-20T15:01:09.524+0000] {processor.py:186} INFO - Started process (PID=3465) to work on /home/airflow/.local/lib/python3.12/site-packages/airflow/example_dags/example_complex.py
[2024-11-20T15:01:09.525+0000] {processor.py:914} INFO - Processing file /home/airflow/.local/lib/python3.12/site-packages/airflow/example_dags/example_complex.py for tasks to queue
[2024-11-20T15:01:09.528+0000] {logging_mixin.py:190} INFO - [2024-11-20T15:01:09.528+0000] {dagbag.py:588} INFO - Filling up the DagBag from /home/airflow/.local/lib/python3.12/site-packages/airflow/example_dags/example_complex.py
[2024-11-20T15:01:09.536+0000] {processor.py:925} INFO - DAG(s) 'example_complex' retrieved from /home/airflow/.local/lib/python3.12/site-packages/airflow/example_dags/example_complex.py
[2024-11-20T15:01:09.556+0000] {logging_mixin.py:190} INFO - [2024-11-20T15:01:09.555+0000] {dag.py:3239} INFO - Sync 1 DAGs
[2024-11-20T15:01:09.566+0000] {logging_mixin.py:190} INFO - [2024-11-20T15:01:09.565+0000] {dag.py:4180} INFO - Setting next_dagrun for example_complex to None, run_after=None
[2024-11-20T15:01:09.579+0000] {processor.py:208} INFO - Processing /home/airflow/.local/lib/python3.12/site-packages/airflow/example_dags/example_complex.py took 0.059 seconds
[2024-11-20T15:01:40.505+0000] {processor.py:186} INFO - Started process (PID=3528) to work on /home/airflow/.local/lib/python3.12/site-packages/airflow/example_dags/example_complex.py
[2024-11-20T15:01:40.506+0000] {processor.py:914} INFO - Processing file /home/airflow/.local/lib/python3.12/site-packages/airflow/example_dags/example_complex.py for tasks to queue
[2024-11-20T15:01:40.508+0000] {logging_mixin.py:190} INFO - [2024-11-20T15:01:40.508+0000] {dagbag.py:588} INFO - Filling up the DagBag from /home/airflow/.local/lib/python3.12/site-packages/airflow/example_dags/example_complex.py
[2024-11-20T15:01:40.516+0000] {processor.py:925} INFO - DAG(s) 'example_complex' retrieved from /home/airflow/.local/lib/python3.12/site-packages/airflow/example_dags/example_complex.py
[2024-11-20T15:01:40.536+0000] {logging_mixin.py:190} INFO - [2024-11-20T15:01:40.536+0000] {dag.py:3239} INFO - Sync 1 DAGs
[2024-11-20T15:01:40.546+0000] {logging_mixin.py:190} INFO - [2024-11-20T15:01:40.546+0000] {dag.py:4180} INFO - Setting next_dagrun for example_complex to None, run_after=None
[2024-11-20T15:01:40.562+0000] {processor.py:208} INFO - Processing /home/airflow/.local/lib/python3.12/site-packages/airflow/example_dags/example_complex.py took 0.061 seconds
[2024-11-20T15:02:10.644+0000] {processor.py:186} INFO - Started process (PID=3591) to work on /home/airflow/.local/lib/python3.12/site-packages/airflow/example_dags/example_complex.py
[2024-11-20T15:02:10.645+0000] {processor.py:914} INFO - Processing file /home/airflow/.local/lib/python3.12/site-packages/airflow/example_dags/example_complex.py for tasks to queue
[2024-11-20T15:02:10.647+0000] {logging_mixin.py:190} INFO - [2024-11-20T15:02:10.646+0000] {dagbag.py:588} INFO - Filling up the DagBag from /home/airflow/.local/lib/python3.12/site-packages/airflow/example_dags/example_complex.py
[2024-11-20T15:02:10.654+0000] {processor.py:925} INFO - DAG(s) 'example_complex' retrieved from /home/airflow/.local/lib/python3.12/site-packages/airflow/example_dags/example_complex.py
[2024-11-20T15:02:10.673+0000] {logging_mixin.py:190} INFO - [2024-11-20T15:02:10.673+0000] {dag.py:3239} INFO - Sync 1 DAGs
[2024-11-20T15:02:10.682+0000] {logging_mixin.py:190} INFO - [2024-11-20T15:02:10.682+0000] {dag.py:4180} INFO - Setting next_dagrun for example_complex to None, run_after=None
[2024-11-20T15:02:10.695+0000] {processor.py:208} INFO - Processing /home/airflow/.local/lib/python3.12/site-packages/airflow/example_dags/example_complex.py took 0.055 seconds
[2024-11-20T15:02:41.370+0000] {processor.py:186} INFO - Started process (PID=3654) to work on /home/airflow/.local/lib/python3.12/site-packages/airflow/example_dags/example_complex.py
[2024-11-20T15:02:41.371+0000] {processor.py:914} INFO - Processing file /home/airflow/.local/lib/python3.12/site-packages/airflow/example_dags/example_complex.py for tasks to queue
[2024-11-20T15:02:41.373+0000] {logging_mixin.py:190} INFO - [2024-11-20T15:02:41.372+0000] {dagbag.py:588} INFO - Filling up the DagBag from /home/airflow/.local/lib/python3.12/site-packages/airflow/example_dags/example_complex.py
[2024-11-20T15:02:41.381+0000] {processor.py:925} INFO - DAG(s) 'example_complex' retrieved from /home/airflow/.local/lib/python3.12/site-packages/airflow/example_dags/example_complex.py
[2024-11-20T15:02:41.401+0000] {logging_mixin.py:190} INFO - [2024-11-20T15:02:41.401+0000] {dag.py:3239} INFO - Sync 1 DAGs
[2024-11-20T15:02:41.410+0000] {logging_mixin.py:190} INFO - [2024-11-20T15:02:41.410+0000] {dag.py:4180} INFO - Setting next_dagrun for example_complex to None, run_after=None
[2024-11-20T15:02:41.423+0000] {processor.py:208} INFO - Processing /home/airflow/.local/lib/python3.12/site-packages/airflow/example_dags/example_complex.py took 0.058 seconds
