[2024-11-20T14:27:50.926+0000] {processor.py:186} INFO - Started process (PID=104) to work on /home/airflow/.local/lib/python3.12/site-packages/airflow/example_dags/example_sla_dag.py
[2024-11-20T14:27:50.927+0000] {processor.py:914} INFO - Processing file /home/airflow/.local/lib/python3.12/site-packages/airflow/example_dags/example_sla_dag.py for tasks to queue
[2024-11-20T14:27:50.929+0000] {logging_mixin.py:190} INFO - [2024-11-20T14:27:50.928+0000] {dagbag.py:588} INFO - Filling up the DagBag from /home/airflow/.local/lib/python3.12/site-packages/airflow/example_dags/example_sla_dag.py
[2024-11-20T14:27:50.941+0000] {processor.py:925} INFO - DAG(s) 'example_sla_dag' retrieved from /home/airflow/.local/lib/python3.12/site-packages/airflow/example_dags/example_sla_dag.py
[2024-11-20T14:27:51.011+0000] {logging_mixin.py:190} INFO - [2024-11-20T14:27:51.011+0000] {override.py:1911} INFO - Created Permission View: can read on DAG:example_sla_dag
[2024-11-20T14:27:51.020+0000] {logging_mixin.py:190} INFO - [2024-11-20T14:27:51.020+0000] {override.py:1911} INFO - Created Permission View: can edit on DAG:example_sla_dag
[2024-11-20T14:27:51.028+0000] {logging_mixin.py:190} INFO - [2024-11-20T14:27:51.027+0000] {override.py:1911} INFO - Created Permission View: can delete on DAG:example_sla_dag
[2024-11-20T14:27:51.036+0000] {logging_mixin.py:190} INFO - [2024-11-20T14:27:51.036+0000] {override.py:1911} INFO - Created Permission View: can read on DAG Run:example_sla_dag
[2024-11-20T14:27:51.043+0000] {logging_mixin.py:190} INFO - [2024-11-20T14:27:51.043+0000] {override.py:1911} INFO - Created Permission View: menu access on DAG Run:example_sla_dag
[2024-11-20T14:27:51.050+0000] {logging_mixin.py:190} INFO - [2024-11-20T14:27:51.050+0000] {override.py:1911} INFO - Created Permission View: can create on DAG Run:example_sla_dag
[2024-11-20T14:27:51.058+0000] {logging_mixin.py:190} INFO - [2024-11-20T14:27:51.057+0000] {override.py:1911} INFO - Created Permission View: can delete on DAG Run:example_sla_dag
[2024-11-20T14:27:51.059+0000] {logging_mixin.py:190} INFO - [2024-11-20T14:27:51.058+0000] {dag.py:3239} INFO - Sync 1 DAGs
[2024-11-20T14:27:51.067+0000] {logging_mixin.py:190} INFO - [2024-11-20T14:27:51.067+0000] {dag.py:3262} INFO - Creating ORM DAG for example_sla_dag
[2024-11-20T14:27:51.074+0000] {logging_mixin.py:190} INFO - [2024-11-20T14:27:51.074+0000] {dag.py:4180} INFO - Setting next_dagrun for example_sla_dag to 2024-11-20 14:24:00+00:00, run_after=2024-11-20 14:26:00+00:00
[2024-11-20T14:27:51.087+0000] {processor.py:208} INFO - Processing /home/airflow/.local/lib/python3.12/site-packages/airflow/example_dags/example_sla_dag.py took 0.165 seconds
[2024-11-20T14:28:21.545+0000] {processor.py:186} INFO - Started process (PID=173) to work on /home/airflow/.local/lib/python3.12/site-packages/airflow/example_dags/example_sla_dag.py
[2024-11-20T14:28:21.546+0000] {processor.py:914} INFO - Processing file /home/airflow/.local/lib/python3.12/site-packages/airflow/example_dags/example_sla_dag.py for tasks to queue
[2024-11-20T14:28:21.547+0000] {logging_mixin.py:190} INFO - [2024-11-20T14:28:21.547+0000] {dagbag.py:588} INFO - Filling up the DagBag from /home/airflow/.local/lib/python3.12/site-packages/airflow/example_dags/example_sla_dag.py
[2024-11-20T14:28:21.554+0000] {processor.py:925} INFO - DAG(s) 'example_sla_dag' retrieved from /home/airflow/.local/lib/python3.12/site-packages/airflow/example_dags/example_sla_dag.py
[2024-11-20T14:28:21.567+0000] {logging_mixin.py:190} INFO - [2024-11-20T14:28:21.567+0000] {dag.py:3239} INFO - Sync 1 DAGs
[2024-11-20T14:28:21.583+0000] {logging_mixin.py:190} INFO - [2024-11-20T14:28:21.583+0000] {dag.py:4180} INFO - Setting next_dagrun for example_sla_dag to 2024-11-20 14:26:00+00:00, run_after=2024-11-20 14:28:00+00:00
[2024-11-20T14:28:21.597+0000] {processor.py:208} INFO - Processing /home/airflow/.local/lib/python3.12/site-packages/airflow/example_dags/example_sla_dag.py took 0.056 seconds
[2024-11-20T14:28:51.833+0000] {processor.py:186} INFO - Started process (PID=236) to work on /home/airflow/.local/lib/python3.12/site-packages/airflow/example_dags/example_sla_dag.py
[2024-11-20T14:28:51.834+0000] {processor.py:914} INFO - Processing file /home/airflow/.local/lib/python3.12/site-packages/airflow/example_dags/example_sla_dag.py for tasks to queue
[2024-11-20T14:28:51.835+0000] {logging_mixin.py:190} INFO - [2024-11-20T14:28:51.835+0000] {dagbag.py:588} INFO - Filling up the DagBag from /home/airflow/.local/lib/python3.12/site-packages/airflow/example_dags/example_sla_dag.py
[2024-11-20T14:28:51.842+0000] {processor.py:925} INFO - DAG(s) 'example_sla_dag' retrieved from /home/airflow/.local/lib/python3.12/site-packages/airflow/example_dags/example_sla_dag.py
[2024-11-20T14:28:51.857+0000] {logging_mixin.py:190} INFO - [2024-11-20T14:28:51.856+0000] {dag.py:3239} INFO - Sync 1 DAGs
[2024-11-20T14:28:51.873+0000] {logging_mixin.py:190} INFO - [2024-11-20T14:28:51.872+0000] {dag.py:4180} INFO - Setting next_dagrun for example_sla_dag to 2024-11-20 14:26:00+00:00, run_after=2024-11-20 14:28:00+00:00
[2024-11-20T14:28:51.888+0000] {processor.py:208} INFO - Processing /home/airflow/.local/lib/python3.12/site-packages/airflow/example_dags/example_sla_dag.py took 0.059 seconds
[2024-11-20T14:29:22.122+0000] {processor.py:186} INFO - Started process (PID=297) to work on /home/airflow/.local/lib/python3.12/site-packages/airflow/example_dags/example_sla_dag.py
[2024-11-20T14:29:22.123+0000] {processor.py:914} INFO - Processing file /home/airflow/.local/lib/python3.12/site-packages/airflow/example_dags/example_sla_dag.py for tasks to queue
[2024-11-20T14:29:22.125+0000] {logging_mixin.py:190} INFO - [2024-11-20T14:29:22.125+0000] {dagbag.py:588} INFO - Filling up the DagBag from /home/airflow/.local/lib/python3.12/site-packages/airflow/example_dags/example_sla_dag.py
[2024-11-20T14:29:22.133+0000] {processor.py:925} INFO - DAG(s) 'example_sla_dag' retrieved from /home/airflow/.local/lib/python3.12/site-packages/airflow/example_dags/example_sla_dag.py
[2024-11-20T14:29:22.145+0000] {logging_mixin.py:190} INFO - [2024-11-20T14:29:22.145+0000] {dag.py:3239} INFO - Sync 1 DAGs
[2024-11-20T14:29:22.162+0000] {logging_mixin.py:190} INFO - [2024-11-20T14:29:22.162+0000] {dag.py:4180} INFO - Setting next_dagrun for example_sla_dag to 2024-11-20 14:26:00+00:00, run_after=2024-11-20 14:28:00+00:00
[2024-11-20T14:29:22.175+0000] {processor.py:208} INFO - Processing /home/airflow/.local/lib/python3.12/site-packages/airflow/example_dags/example_sla_dag.py took 0.056 seconds
[2024-11-20T14:29:52.554+0000] {processor.py:186} INFO - Started process (PID=360) to work on /home/airflow/.local/lib/python3.12/site-packages/airflow/example_dags/example_sla_dag.py
[2024-11-20T14:29:52.555+0000] {processor.py:914} INFO - Processing file /home/airflow/.local/lib/python3.12/site-packages/airflow/example_dags/example_sla_dag.py for tasks to queue
[2024-11-20T14:29:52.557+0000] {logging_mixin.py:190} INFO - [2024-11-20T14:29:52.557+0000] {dagbag.py:588} INFO - Filling up the DagBag from /home/airflow/.local/lib/python3.12/site-packages/airflow/example_dags/example_sla_dag.py
[2024-11-20T14:29:52.564+0000] {processor.py:925} INFO - DAG(s) 'example_sla_dag' retrieved from /home/airflow/.local/lib/python3.12/site-packages/airflow/example_dags/example_sla_dag.py
[2024-11-20T14:29:52.576+0000] {logging_mixin.py:190} INFO - [2024-11-20T14:29:52.576+0000] {dag.py:3239} INFO - Sync 1 DAGs
[2024-11-20T14:29:52.592+0000] {logging_mixin.py:190} INFO - [2024-11-20T14:29:52.592+0000] {dag.py:4180} INFO - Setting next_dagrun for example_sla_dag to 2024-11-20 14:26:00+00:00, run_after=2024-11-20 14:28:00+00:00
[2024-11-20T14:29:52.605+0000] {processor.py:208} INFO - Processing /home/airflow/.local/lib/python3.12/site-packages/airflow/example_dags/example_sla_dag.py took 0.054 seconds
[2024-11-20T14:30:23.281+0000] {processor.py:186} INFO - Started process (PID=423) to work on /home/airflow/.local/lib/python3.12/site-packages/airflow/example_dags/example_sla_dag.py
[2024-11-20T14:30:23.282+0000] {processor.py:914} INFO - Processing file /home/airflow/.local/lib/python3.12/site-packages/airflow/example_dags/example_sla_dag.py for tasks to queue
[2024-11-20T14:30:23.283+0000] {logging_mixin.py:190} INFO - [2024-11-20T14:30:23.283+0000] {dagbag.py:588} INFO - Filling up the DagBag from /home/airflow/.local/lib/python3.12/site-packages/airflow/example_dags/example_sla_dag.py
[2024-11-20T14:30:23.291+0000] {processor.py:925} INFO - DAG(s) 'example_sla_dag' retrieved from /home/airflow/.local/lib/python3.12/site-packages/airflow/example_dags/example_sla_dag.py
[2024-11-20T14:30:23.302+0000] {logging_mixin.py:190} INFO - [2024-11-20T14:30:23.302+0000] {dag.py:3239} INFO - Sync 1 DAGs
[2024-11-20T14:30:23.318+0000] {logging_mixin.py:190} INFO - [2024-11-20T14:30:23.318+0000] {dag.py:4180} INFO - Setting next_dagrun for example_sla_dag to 2024-11-20 14:28:00+00:00, run_after=2024-11-20 14:30:00+00:00
[2024-11-20T14:30:23.332+0000] {processor.py:208} INFO - Processing /home/airflow/.local/lib/python3.12/site-packages/airflow/example_dags/example_sla_dag.py took 0.055 seconds
[2024-11-20T14:30:54.451+0000] {processor.py:186} INFO - Started process (PID=488) to work on /home/airflow/.local/lib/python3.12/site-packages/airflow/example_dags/example_sla_dag.py
[2024-11-20T14:30:54.452+0000] {processor.py:914} INFO - Processing file /home/airflow/.local/lib/python3.12/site-packages/airflow/example_dags/example_sla_dag.py for tasks to queue
[2024-11-20T14:30:54.454+0000] {logging_mixin.py:190} INFO - [2024-11-20T14:30:54.454+0000] {dagbag.py:588} INFO - Filling up the DagBag from /home/airflow/.local/lib/python3.12/site-packages/airflow/example_dags/example_sla_dag.py
[2024-11-20T14:30:54.461+0000] {processor.py:925} INFO - DAG(s) 'example_sla_dag' retrieved from /home/airflow/.local/lib/python3.12/site-packages/airflow/example_dags/example_sla_dag.py
[2024-11-20T14:30:54.474+0000] {logging_mixin.py:190} INFO - [2024-11-20T14:30:54.474+0000] {dag.py:3239} INFO - Sync 1 DAGs
[2024-11-20T14:30:54.491+0000] {logging_mixin.py:190} INFO - [2024-11-20T14:30:54.490+0000] {dag.py:4180} INFO - Setting next_dagrun for example_sla_dag to 2024-11-20 14:28:00+00:00, run_after=2024-11-20 14:30:00+00:00
[2024-11-20T14:30:54.505+0000] {processor.py:208} INFO - Processing /home/airflow/.local/lib/python3.12/site-packages/airflow/example_dags/example_sla_dag.py took 0.057 seconds
[2024-11-20T14:31:24.777+0000] {processor.py:186} INFO - Started process (PID=550) to work on /home/airflow/.local/lib/python3.12/site-packages/airflow/example_dags/example_sla_dag.py
[2024-11-20T14:31:24.778+0000] {processor.py:914} INFO - Processing file /home/airflow/.local/lib/python3.12/site-packages/airflow/example_dags/example_sla_dag.py for tasks to queue
[2024-11-20T14:31:24.780+0000] {logging_mixin.py:190} INFO - [2024-11-20T14:31:24.779+0000] {dagbag.py:588} INFO - Filling up the DagBag from /home/airflow/.local/lib/python3.12/site-packages/airflow/example_dags/example_sla_dag.py
[2024-11-20T14:31:24.786+0000] {processor.py:925} INFO - DAG(s) 'example_sla_dag' retrieved from /home/airflow/.local/lib/python3.12/site-packages/airflow/example_dags/example_sla_dag.py
[2024-11-20T14:31:24.798+0000] {logging_mixin.py:190} INFO - [2024-11-20T14:31:24.798+0000] {dag.py:3239} INFO - Sync 1 DAGs
[2024-11-20T14:31:24.814+0000] {logging_mixin.py:190} INFO - [2024-11-20T14:31:24.814+0000] {dag.py:4180} INFO - Setting next_dagrun for example_sla_dag to 2024-11-20 14:28:00+00:00, run_after=2024-11-20 14:30:00+00:00
[2024-11-20T14:31:24.828+0000] {processor.py:208} INFO - Processing /home/airflow/.local/lib/python3.12/site-packages/airflow/example_dags/example_sla_dag.py took 0.055 seconds
[2024-11-20T14:31:55.230+0000] {processor.py:186} INFO - Started process (PID=613) to work on /home/airflow/.local/lib/python3.12/site-packages/airflow/example_dags/example_sla_dag.py
[2024-11-20T14:31:55.231+0000] {processor.py:914} INFO - Processing file /home/airflow/.local/lib/python3.12/site-packages/airflow/example_dags/example_sla_dag.py for tasks to queue
[2024-11-20T14:31:55.233+0000] {logging_mixin.py:190} INFO - [2024-11-20T14:31:55.233+0000] {dagbag.py:588} INFO - Filling up the DagBag from /home/airflow/.local/lib/python3.12/site-packages/airflow/example_dags/example_sla_dag.py
[2024-11-20T14:31:55.240+0000] {processor.py:925} INFO - DAG(s) 'example_sla_dag' retrieved from /home/airflow/.local/lib/python3.12/site-packages/airflow/example_dags/example_sla_dag.py
[2024-11-20T14:31:55.252+0000] {logging_mixin.py:190} INFO - [2024-11-20T14:31:55.252+0000] {dag.py:3239} INFO - Sync 1 DAGs
[2024-11-20T14:31:55.267+0000] {logging_mixin.py:190} INFO - [2024-11-20T14:31:55.267+0000] {dag.py:4180} INFO - Setting next_dagrun for example_sla_dag to 2024-11-20 14:28:00+00:00, run_after=2024-11-20 14:30:00+00:00
[2024-11-20T14:31:55.282+0000] {processor.py:208} INFO - Processing /home/airflow/.local/lib/python3.12/site-packages/airflow/example_dags/example_sla_dag.py took 0.055 seconds
[2024-11-20T14:32:26.990+0000] {processor.py:186} INFO - Started process (PID=677) to work on /home/airflow/.local/lib/python3.12/site-packages/airflow/example_dags/example_sla_dag.py
[2024-11-20T14:32:26.991+0000] {processor.py:914} INFO - Processing file /home/airflow/.local/lib/python3.12/site-packages/airflow/example_dags/example_sla_dag.py for tasks to queue
[2024-11-20T14:32:26.993+0000] {logging_mixin.py:190} INFO - [2024-11-20T14:32:26.992+0000] {dagbag.py:588} INFO - Filling up the DagBag from /home/airflow/.local/lib/python3.12/site-packages/airflow/example_dags/example_sla_dag.py
[2024-11-20T14:32:27.000+0000] {processor.py:925} INFO - DAG(s) 'example_sla_dag' retrieved from /home/airflow/.local/lib/python3.12/site-packages/airflow/example_dags/example_sla_dag.py
[2024-11-20T14:32:27.012+0000] {logging_mixin.py:190} INFO - [2024-11-20T14:32:27.011+0000] {dag.py:3239} INFO - Sync 1 DAGs
[2024-11-20T14:32:27.027+0000] {logging_mixin.py:190} INFO - [2024-11-20T14:32:27.027+0000] {dag.py:4180} INFO - Setting next_dagrun for example_sla_dag to 2024-11-20 14:30:00+00:00, run_after=2024-11-20 14:32:00+00:00
[2024-11-20T14:32:27.045+0000] {processor.py:208} INFO - Processing /home/airflow/.local/lib/python3.12/site-packages/airflow/example_dags/example_sla_dag.py took 0.059 seconds
[2024-11-20T14:32:57.763+0000] {processor.py:186} INFO - Started process (PID=739) to work on /home/airflow/.local/lib/python3.12/site-packages/airflow/example_dags/example_sla_dag.py
[2024-11-20T14:32:57.767+0000] {processor.py:914} INFO - Processing file /home/airflow/.local/lib/python3.12/site-packages/airflow/example_dags/example_sla_dag.py for tasks to queue
[2024-11-20T14:32:57.769+0000] {logging_mixin.py:190} INFO - [2024-11-20T14:32:57.769+0000] {dagbag.py:588} INFO - Filling up the DagBag from /home/airflow/.local/lib/python3.12/site-packages/airflow/example_dags/example_sla_dag.py
[2024-11-20T14:32:57.775+0000] {processor.py:925} INFO - DAG(s) 'example_sla_dag' retrieved from /home/airflow/.local/lib/python3.12/site-packages/airflow/example_dags/example_sla_dag.py
[2024-11-20T14:32:57.788+0000] {logging_mixin.py:190} INFO - [2024-11-20T14:32:57.787+0000] {dag.py:3239} INFO - Sync 1 DAGs
[2024-11-20T14:32:57.803+0000] {logging_mixin.py:190} INFO - [2024-11-20T14:32:57.803+0000] {dag.py:4180} INFO - Setting next_dagrun for example_sla_dag to 2024-11-20 14:30:00+00:00, run_after=2024-11-20 14:32:00+00:00
[2024-11-20T14:32:57.816+0000] {processor.py:208} INFO - Processing /home/airflow/.local/lib/python3.12/site-packages/airflow/example_dags/example_sla_dag.py took 0.057 seconds
[2024-11-20T14:33:28.359+0000] {processor.py:186} INFO - Started process (PID=802) to work on /home/airflow/.local/lib/python3.12/site-packages/airflow/example_dags/example_sla_dag.py
[2024-11-20T14:33:28.360+0000] {processor.py:914} INFO - Processing file /home/airflow/.local/lib/python3.12/site-packages/airflow/example_dags/example_sla_dag.py for tasks to queue
[2024-11-20T14:33:28.361+0000] {logging_mixin.py:190} INFO - [2024-11-20T14:33:28.361+0000] {dagbag.py:588} INFO - Filling up the DagBag from /home/airflow/.local/lib/python3.12/site-packages/airflow/example_dags/example_sla_dag.py
[2024-11-20T14:33:28.368+0000] {processor.py:925} INFO - DAG(s) 'example_sla_dag' retrieved from /home/airflow/.local/lib/python3.12/site-packages/airflow/example_dags/example_sla_dag.py
[2024-11-20T14:33:28.380+0000] {logging_mixin.py:190} INFO - [2024-11-20T14:33:28.379+0000] {dag.py:3239} INFO - Sync 1 DAGs
[2024-11-20T14:33:28.396+0000] {logging_mixin.py:190} INFO - [2024-11-20T14:33:28.396+0000] {dag.py:4180} INFO - Setting next_dagrun for example_sla_dag to 2024-11-20 14:30:00+00:00, run_after=2024-11-20 14:32:00+00:00
[2024-11-20T14:33:28.410+0000] {processor.py:208} INFO - Processing /home/airflow/.local/lib/python3.12/site-packages/airflow/example_dags/example_sla_dag.py took 0.055 seconds
[2024-11-20T14:33:58.988+0000] {processor.py:186} INFO - Started process (PID=865) to work on /home/airflow/.local/lib/python3.12/site-packages/airflow/example_dags/example_sla_dag.py
[2024-11-20T14:33:58.989+0000] {processor.py:914} INFO - Processing file /home/airflow/.local/lib/python3.12/site-packages/airflow/example_dags/example_sla_dag.py for tasks to queue
[2024-11-20T14:33:58.991+0000] {logging_mixin.py:190} INFO - [2024-11-20T14:33:58.990+0000] {dagbag.py:588} INFO - Filling up the DagBag from /home/airflow/.local/lib/python3.12/site-packages/airflow/example_dags/example_sla_dag.py
[2024-11-20T14:33:58.997+0000] {processor.py:925} INFO - DAG(s) 'example_sla_dag' retrieved from /home/airflow/.local/lib/python3.12/site-packages/airflow/example_dags/example_sla_dag.py
[2024-11-20T14:33:59.010+0000] {logging_mixin.py:190} INFO - [2024-11-20T14:33:59.010+0000] {dag.py:3239} INFO - Sync 1 DAGs
[2024-11-20T14:33:59.027+0000] {logging_mixin.py:190} INFO - [2024-11-20T14:33:59.026+0000] {dag.py:4180} INFO - Setting next_dagrun for example_sla_dag to 2024-11-20 14:30:00+00:00, run_after=2024-11-20 14:32:00+00:00
[2024-11-20T14:33:59.044+0000] {processor.py:208} INFO - Processing /home/airflow/.local/lib/python3.12/site-packages/airflow/example_dags/example_sla_dag.py took 0.060 seconds
[2024-11-20T14:34:29.627+0000] {processor.py:186} INFO - Started process (PID=928) to work on /home/airflow/.local/lib/python3.12/site-packages/airflow/example_dags/example_sla_dag.py
[2024-11-20T14:34:29.628+0000] {processor.py:914} INFO - Processing file /home/airflow/.local/lib/python3.12/site-packages/airflow/example_dags/example_sla_dag.py for tasks to queue
[2024-11-20T14:34:29.629+0000] {logging_mixin.py:190} INFO - [2024-11-20T14:34:29.629+0000] {dagbag.py:588} INFO - Filling up the DagBag from /home/airflow/.local/lib/python3.12/site-packages/airflow/example_dags/example_sla_dag.py
[2024-11-20T14:34:29.636+0000] {processor.py:925} INFO - DAG(s) 'example_sla_dag' retrieved from /home/airflow/.local/lib/python3.12/site-packages/airflow/example_dags/example_sla_dag.py
[2024-11-20T14:34:29.649+0000] {logging_mixin.py:190} INFO - [2024-11-20T14:34:29.649+0000] {dag.py:3239} INFO - Sync 1 DAGs
[2024-11-20T14:34:29.664+0000] {logging_mixin.py:190} INFO - [2024-11-20T14:34:29.664+0000] {dag.py:4180} INFO - Setting next_dagrun for example_sla_dag to 2024-11-20 14:32:00+00:00, run_after=2024-11-20 14:34:00+00:00
[2024-11-20T14:34:29.678+0000] {processor.py:208} INFO - Processing /home/airflow/.local/lib/python3.12/site-packages/airflow/example_dags/example_sla_dag.py took 0.055 seconds
[2024-11-20T14:35:00.385+0000] {processor.py:186} INFO - Started process (PID=991) to work on /home/airflow/.local/lib/python3.12/site-packages/airflow/example_dags/example_sla_dag.py
[2024-11-20T14:35:00.386+0000] {processor.py:914} INFO - Processing file /home/airflow/.local/lib/python3.12/site-packages/airflow/example_dags/example_sla_dag.py for tasks to queue
[2024-11-20T14:35:00.388+0000] {logging_mixin.py:190} INFO - [2024-11-20T14:35:00.388+0000] {dagbag.py:588} INFO - Filling up the DagBag from /home/airflow/.local/lib/python3.12/site-packages/airflow/example_dags/example_sla_dag.py
[2024-11-20T14:35:00.395+0000] {processor.py:925} INFO - DAG(s) 'example_sla_dag' retrieved from /home/airflow/.local/lib/python3.12/site-packages/airflow/example_dags/example_sla_dag.py
[2024-11-20T14:35:00.407+0000] {logging_mixin.py:190} INFO - [2024-11-20T14:35:00.407+0000] {dag.py:3239} INFO - Sync 1 DAGs
[2024-11-20T14:35:00.423+0000] {logging_mixin.py:190} INFO - [2024-11-20T14:35:00.423+0000] {dag.py:4180} INFO - Setting next_dagrun for example_sla_dag to 2024-11-20 14:32:00+00:00, run_after=2024-11-20 14:34:00+00:00
[2024-11-20T14:35:00.439+0000] {processor.py:208} INFO - Processing /home/airflow/.local/lib/python3.12/site-packages/airflow/example_dags/example_sla_dag.py took 0.057 seconds
[2024-11-20T14:35:30.827+0000] {processor.py:186} INFO - Started process (PID=1053) to work on /home/airflow/.local/lib/python3.12/site-packages/airflow/example_dags/example_sla_dag.py
[2024-11-20T14:35:30.828+0000] {processor.py:914} INFO - Processing file /home/airflow/.local/lib/python3.12/site-packages/airflow/example_dags/example_sla_dag.py for tasks to queue
[2024-11-20T14:35:30.830+0000] {logging_mixin.py:190} INFO - [2024-11-20T14:35:30.830+0000] {dagbag.py:588} INFO - Filling up the DagBag from /home/airflow/.local/lib/python3.12/site-packages/airflow/example_dags/example_sla_dag.py
[2024-11-20T14:35:30.837+0000] {processor.py:925} INFO - DAG(s) 'example_sla_dag' retrieved from /home/airflow/.local/lib/python3.12/site-packages/airflow/example_dags/example_sla_dag.py
[2024-11-20T14:35:30.850+0000] {logging_mixin.py:190} INFO - [2024-11-20T14:35:30.850+0000] {dag.py:3239} INFO - Sync 1 DAGs
[2024-11-20T14:35:30.866+0000] {logging_mixin.py:190} INFO - [2024-11-20T14:35:30.866+0000] {dag.py:4180} INFO - Setting next_dagrun for example_sla_dag to 2024-11-20 14:32:00+00:00, run_after=2024-11-20 14:34:00+00:00
[2024-11-20T14:35:30.879+0000] {processor.py:208} INFO - Processing /home/airflow/.local/lib/python3.12/site-packages/airflow/example_dags/example_sla_dag.py took 0.056 seconds
[2024-11-20T14:36:01.575+0000] {processor.py:186} INFO - Started process (PID=1116) to work on /home/airflow/.local/lib/python3.12/site-packages/airflow/example_dags/example_sla_dag.py
[2024-11-20T14:36:01.576+0000] {processor.py:914} INFO - Processing file /home/airflow/.local/lib/python3.12/site-packages/airflow/example_dags/example_sla_dag.py for tasks to queue
[2024-11-20T14:36:01.578+0000] {logging_mixin.py:190} INFO - [2024-11-20T14:36:01.578+0000] {dagbag.py:588} INFO - Filling up the DagBag from /home/airflow/.local/lib/python3.12/site-packages/airflow/example_dags/example_sla_dag.py
[2024-11-20T14:36:01.585+0000] {processor.py:925} INFO - DAG(s) 'example_sla_dag' retrieved from /home/airflow/.local/lib/python3.12/site-packages/airflow/example_dags/example_sla_dag.py
[2024-11-20T14:36:01.597+0000] {logging_mixin.py:190} INFO - [2024-11-20T14:36:01.597+0000] {dag.py:3239} INFO - Sync 1 DAGs
[2024-11-20T14:36:01.613+0000] {logging_mixin.py:190} INFO - [2024-11-20T14:36:01.613+0000] {dag.py:4180} INFO - Setting next_dagrun for example_sla_dag to 2024-11-20 14:34:00+00:00, run_after=2024-11-20 14:36:00+00:00
[2024-11-20T14:36:01.627+0000] {processor.py:208} INFO - Processing /home/airflow/.local/lib/python3.12/site-packages/airflow/example_dags/example_sla_dag.py took 0.056 seconds
[2024-11-20T14:36:32.354+0000] {processor.py:186} INFO - Started process (PID=1180) to work on /home/airflow/.local/lib/python3.12/site-packages/airflow/example_dags/example_sla_dag.py
[2024-11-20T14:36:32.354+0000] {processor.py:914} INFO - Processing file /home/airflow/.local/lib/python3.12/site-packages/airflow/example_dags/example_sla_dag.py for tasks to queue
[2024-11-20T14:36:32.357+0000] {logging_mixin.py:190} INFO - [2024-11-20T14:36:32.356+0000] {dagbag.py:588} INFO - Filling up the DagBag from /home/airflow/.local/lib/python3.12/site-packages/airflow/example_dags/example_sla_dag.py
[2024-11-20T14:36:32.363+0000] {processor.py:925} INFO - DAG(s) 'example_sla_dag' retrieved from /home/airflow/.local/lib/python3.12/site-packages/airflow/example_dags/example_sla_dag.py
[2024-11-20T14:36:32.376+0000] {logging_mixin.py:190} INFO - [2024-11-20T14:36:32.376+0000] {dag.py:3239} INFO - Sync 1 DAGs
[2024-11-20T14:36:32.390+0000] {logging_mixin.py:190} INFO - [2024-11-20T14:36:32.390+0000] {dag.py:4180} INFO - Setting next_dagrun for example_sla_dag to 2024-11-20 14:34:00+00:00, run_after=2024-11-20 14:36:00+00:00
[2024-11-20T14:36:32.405+0000] {processor.py:208} INFO - Processing /home/airflow/.local/lib/python3.12/site-packages/airflow/example_dags/example_sla_dag.py took 0.055 seconds
[2024-11-20T14:37:02.763+0000] {processor.py:186} INFO - Started process (PID=1243) to work on /home/airflow/.local/lib/python3.12/site-packages/airflow/example_dags/example_sla_dag.py
[2024-11-20T14:37:02.763+0000] {processor.py:914} INFO - Processing file /home/airflow/.local/lib/python3.12/site-packages/airflow/example_dags/example_sla_dag.py for tasks to queue
[2024-11-20T14:37:02.765+0000] {logging_mixin.py:190} INFO - [2024-11-20T14:37:02.765+0000] {dagbag.py:588} INFO - Filling up the DagBag from /home/airflow/.local/lib/python3.12/site-packages/airflow/example_dags/example_sla_dag.py
[2024-11-20T14:37:02.772+0000] {processor.py:925} INFO - DAG(s) 'example_sla_dag' retrieved from /home/airflow/.local/lib/python3.12/site-packages/airflow/example_dags/example_sla_dag.py
[2024-11-20T14:37:02.785+0000] {logging_mixin.py:190} INFO - [2024-11-20T14:37:02.785+0000] {dag.py:3239} INFO - Sync 1 DAGs
[2024-11-20T14:37:02.802+0000] {logging_mixin.py:190} INFO - [2024-11-20T14:37:02.801+0000] {dag.py:4180} INFO - Setting next_dagrun for example_sla_dag to 2024-11-20 14:34:00+00:00, run_after=2024-11-20 14:36:00+00:00
[2024-11-20T14:37:02.816+0000] {processor.py:208} INFO - Processing /home/airflow/.local/lib/python3.12/site-packages/airflow/example_dags/example_sla_dag.py took 0.057 seconds
[2024-11-20T14:37:33.459+0000] {processor.py:186} INFO - Started process (PID=1305) to work on /home/airflow/.local/lib/python3.12/site-packages/airflow/example_dags/example_sla_dag.py
[2024-11-20T14:37:33.460+0000] {processor.py:914} INFO - Processing file /home/airflow/.local/lib/python3.12/site-packages/airflow/example_dags/example_sla_dag.py for tasks to queue
[2024-11-20T14:37:33.462+0000] {logging_mixin.py:190} INFO - [2024-11-20T14:37:33.462+0000] {dagbag.py:588} INFO - Filling up the DagBag from /home/airflow/.local/lib/python3.12/site-packages/airflow/example_dags/example_sla_dag.py
[2024-11-20T14:37:33.469+0000] {processor.py:925} INFO - DAG(s) 'example_sla_dag' retrieved from /home/airflow/.local/lib/python3.12/site-packages/airflow/example_dags/example_sla_dag.py
[2024-11-20T14:37:33.481+0000] {logging_mixin.py:190} INFO - [2024-11-20T14:37:33.481+0000] {dag.py:3239} INFO - Sync 1 DAGs
[2024-11-20T14:37:33.502+0000] {logging_mixin.py:190} INFO - [2024-11-20T14:37:33.502+0000] {dag.py:4180} INFO - Setting next_dagrun for example_sla_dag to 2024-11-20 14:34:00+00:00, run_after=2024-11-20 14:36:00+00:00
[2024-11-20T14:37:33.518+0000] {processor.py:208} INFO - Processing /home/airflow/.local/lib/python3.12/site-packages/airflow/example_dags/example_sla_dag.py took 0.063 seconds
[2024-11-20T14:38:04.136+0000] {processor.py:186} INFO - Started process (PID=1368) to work on /home/airflow/.local/lib/python3.12/site-packages/airflow/example_dags/example_sla_dag.py
[2024-11-20T14:38:04.137+0000] {processor.py:914} INFO - Processing file /home/airflow/.local/lib/python3.12/site-packages/airflow/example_dags/example_sla_dag.py for tasks to queue
[2024-11-20T14:38:04.139+0000] {logging_mixin.py:190} INFO - [2024-11-20T14:38:04.138+0000] {dagbag.py:588} INFO - Filling up the DagBag from /home/airflow/.local/lib/python3.12/site-packages/airflow/example_dags/example_sla_dag.py
[2024-11-20T14:38:04.146+0000] {processor.py:925} INFO - DAG(s) 'example_sla_dag' retrieved from /home/airflow/.local/lib/python3.12/site-packages/airflow/example_dags/example_sla_dag.py
[2024-11-20T14:38:04.159+0000] {logging_mixin.py:190} INFO - [2024-11-20T14:38:04.159+0000] {dag.py:3239} INFO - Sync 1 DAGs
[2024-11-20T14:38:04.177+0000] {logging_mixin.py:190} INFO - [2024-11-20T14:38:04.177+0000] {dag.py:4180} INFO - Setting next_dagrun for example_sla_dag to 2024-11-20 14:36:00+00:00, run_after=2024-11-20 14:38:00+00:00
[2024-11-20T14:38:04.194+0000] {processor.py:208} INFO - Processing /home/airflow/.local/lib/python3.12/site-packages/airflow/example_dags/example_sla_dag.py took 0.062 seconds
[2024-11-20T14:38:34.442+0000] {processor.py:186} INFO - Started process (PID=1430) to work on /home/airflow/.local/lib/python3.12/site-packages/airflow/example_dags/example_sla_dag.py
[2024-11-20T14:38:34.443+0000] {processor.py:914} INFO - Processing file /home/airflow/.local/lib/python3.12/site-packages/airflow/example_dags/example_sla_dag.py for tasks to queue
[2024-11-20T14:38:34.444+0000] {logging_mixin.py:190} INFO - [2024-11-20T14:38:34.444+0000] {dagbag.py:588} INFO - Filling up the DagBag from /home/airflow/.local/lib/python3.12/site-packages/airflow/example_dags/example_sla_dag.py
[2024-11-20T14:38:34.451+0000] {processor.py:925} INFO - DAG(s) 'example_sla_dag' retrieved from /home/airflow/.local/lib/python3.12/site-packages/airflow/example_dags/example_sla_dag.py
[2024-11-20T14:38:34.464+0000] {logging_mixin.py:190} INFO - [2024-11-20T14:38:34.464+0000] {dag.py:3239} INFO - Sync 1 DAGs
[2024-11-20T14:38:34.480+0000] {logging_mixin.py:190} INFO - [2024-11-20T14:38:34.480+0000] {dag.py:4180} INFO - Setting next_dagrun for example_sla_dag to 2024-11-20 14:36:00+00:00, run_after=2024-11-20 14:38:00+00:00
[2024-11-20T14:38:34.493+0000] {processor.py:208} INFO - Processing /home/airflow/.local/lib/python3.12/site-packages/airflow/example_dags/example_sla_dag.py took 0.055 seconds
[2024-11-20T14:39:04.713+0000] {processor.py:186} INFO - Started process (PID=1493) to work on /home/airflow/.local/lib/python3.12/site-packages/airflow/example_dags/example_sla_dag.py
[2024-11-20T14:39:04.714+0000] {processor.py:914} INFO - Processing file /home/airflow/.local/lib/python3.12/site-packages/airflow/example_dags/example_sla_dag.py for tasks to queue
[2024-11-20T14:39:04.716+0000] {logging_mixin.py:190} INFO - [2024-11-20T14:39:04.716+0000] {dagbag.py:588} INFO - Filling up the DagBag from /home/airflow/.local/lib/python3.12/site-packages/airflow/example_dags/example_sla_dag.py
[2024-11-20T14:39:04.723+0000] {processor.py:925} INFO - DAG(s) 'example_sla_dag' retrieved from /home/airflow/.local/lib/python3.12/site-packages/airflow/example_dags/example_sla_dag.py
[2024-11-20T14:39:04.734+0000] {logging_mixin.py:190} INFO - [2024-11-20T14:39:04.734+0000] {dag.py:3239} INFO - Sync 1 DAGs
[2024-11-20T14:39:04.750+0000] {logging_mixin.py:190} INFO - [2024-11-20T14:39:04.750+0000] {dag.py:4180} INFO - Setting next_dagrun for example_sla_dag to 2024-11-20 14:36:00+00:00, run_after=2024-11-20 14:38:00+00:00
[2024-11-20T14:39:04.766+0000] {processor.py:208} INFO - Processing /home/airflow/.local/lib/python3.12/site-packages/airflow/example_dags/example_sla_dag.py took 0.057 seconds
[2024-11-20T14:39:35.017+0000] {processor.py:186} INFO - Started process (PID=1556) to work on /home/airflow/.local/lib/python3.12/site-packages/airflow/example_dags/example_sla_dag.py
[2024-11-20T14:39:35.018+0000] {processor.py:914} INFO - Processing file /home/airflow/.local/lib/python3.12/site-packages/airflow/example_dags/example_sla_dag.py for tasks to queue
[2024-11-20T14:39:35.020+0000] {logging_mixin.py:190} INFO - [2024-11-20T14:39:35.020+0000] {dagbag.py:588} INFO - Filling up the DagBag from /home/airflow/.local/lib/python3.12/site-packages/airflow/example_dags/example_sla_dag.py
[2024-11-20T14:39:35.027+0000] {processor.py:925} INFO - DAG(s) 'example_sla_dag' retrieved from /home/airflow/.local/lib/python3.12/site-packages/airflow/example_dags/example_sla_dag.py
[2024-11-20T14:39:35.040+0000] {logging_mixin.py:190} INFO - [2024-11-20T14:39:35.040+0000] {dag.py:3239} INFO - Sync 1 DAGs
[2024-11-20T14:39:35.056+0000] {logging_mixin.py:190} INFO - [2024-11-20T14:39:35.056+0000] {dag.py:4180} INFO - Setting next_dagrun for example_sla_dag to 2024-11-20 14:36:00+00:00, run_after=2024-11-20 14:38:00+00:00
[2024-11-20T14:39:35.074+0000] {processor.py:208} INFO - Processing /home/airflow/.local/lib/python3.12/site-packages/airflow/example_dags/example_sla_dag.py took 0.061 seconds
[2024-11-20T14:40:05.362+0000] {processor.py:186} INFO - Started process (PID=1619) to work on /home/airflow/.local/lib/python3.12/site-packages/airflow/example_dags/example_sla_dag.py
[2024-11-20T14:40:05.363+0000] {processor.py:914} INFO - Processing file /home/airflow/.local/lib/python3.12/site-packages/airflow/example_dags/example_sla_dag.py for tasks to queue
[2024-11-20T14:40:05.365+0000] {logging_mixin.py:190} INFO - [2024-11-20T14:40:05.365+0000] {dagbag.py:588} INFO - Filling up the DagBag from /home/airflow/.local/lib/python3.12/site-packages/airflow/example_dags/example_sla_dag.py
[2024-11-20T14:40:05.372+0000] {processor.py:925} INFO - DAG(s) 'example_sla_dag' retrieved from /home/airflow/.local/lib/python3.12/site-packages/airflow/example_dags/example_sla_dag.py
[2024-11-20T14:40:05.384+0000] {logging_mixin.py:190} INFO - [2024-11-20T14:40:05.384+0000] {dag.py:3239} INFO - Sync 1 DAGs
[2024-11-20T14:40:05.399+0000] {logging_mixin.py:190} INFO - [2024-11-20T14:40:05.399+0000] {dag.py:4180} INFO - Setting next_dagrun for example_sla_dag to 2024-11-20 14:38:00+00:00, run_after=2024-11-20 14:40:00+00:00
[2024-11-20T14:40:05.417+0000] {processor.py:208} INFO - Processing /home/airflow/.local/lib/python3.12/site-packages/airflow/example_dags/example_sla_dag.py took 0.059 seconds
[2024-11-20T14:40:36.324+0000] {processor.py:186} INFO - Started process (PID=1682) to work on /home/airflow/.local/lib/python3.12/site-packages/airflow/example_dags/example_sla_dag.py
[2024-11-20T14:40:36.325+0000] {processor.py:914} INFO - Processing file /home/airflow/.local/lib/python3.12/site-packages/airflow/example_dags/example_sla_dag.py for tasks to queue
[2024-11-20T14:40:36.327+0000] {logging_mixin.py:190} INFO - [2024-11-20T14:40:36.326+0000] {dagbag.py:588} INFO - Filling up the DagBag from /home/airflow/.local/lib/python3.12/site-packages/airflow/example_dags/example_sla_dag.py
[2024-11-20T14:40:36.334+0000] {processor.py:925} INFO - DAG(s) 'example_sla_dag' retrieved from /home/airflow/.local/lib/python3.12/site-packages/airflow/example_dags/example_sla_dag.py
[2024-11-20T14:40:36.347+0000] {logging_mixin.py:190} INFO - [2024-11-20T14:40:36.347+0000] {dag.py:3239} INFO - Sync 1 DAGs
[2024-11-20T14:40:36.363+0000] {logging_mixin.py:190} INFO - [2024-11-20T14:40:36.363+0000] {dag.py:4180} INFO - Setting next_dagrun for example_sla_dag to 2024-11-20 14:38:00+00:00, run_after=2024-11-20 14:40:00+00:00
[2024-11-20T14:40:36.380+0000] {processor.py:208} INFO - Processing /home/airflow/.local/lib/python3.12/site-packages/airflow/example_dags/example_sla_dag.py took 0.060 seconds
[2024-11-20T14:41:07.138+0000] {processor.py:186} INFO - Started process (PID=1745) to work on /home/airflow/.local/lib/python3.12/site-packages/airflow/example_dags/example_sla_dag.py
[2024-11-20T14:41:07.139+0000] {processor.py:914} INFO - Processing file /home/airflow/.local/lib/python3.12/site-packages/airflow/example_dags/example_sla_dag.py for tasks to queue
[2024-11-20T14:41:07.141+0000] {logging_mixin.py:190} INFO - [2024-11-20T14:41:07.141+0000] {dagbag.py:588} INFO - Filling up the DagBag from /home/airflow/.local/lib/python3.12/site-packages/airflow/example_dags/example_sla_dag.py
[2024-11-20T14:41:07.148+0000] {processor.py:925} INFO - DAG(s) 'example_sla_dag' retrieved from /home/airflow/.local/lib/python3.12/site-packages/airflow/example_dags/example_sla_dag.py
[2024-11-20T14:41:07.160+0000] {logging_mixin.py:190} INFO - [2024-11-20T14:41:07.160+0000] {dag.py:3239} INFO - Sync 1 DAGs
[2024-11-20T14:41:07.176+0000] {logging_mixin.py:190} INFO - [2024-11-20T14:41:07.176+0000] {dag.py:4180} INFO - Setting next_dagrun for example_sla_dag to 2024-11-20 14:38:00+00:00, run_after=2024-11-20 14:40:00+00:00
[2024-11-20T14:41:07.190+0000] {processor.py:208} INFO - Processing /home/airflow/.local/lib/python3.12/site-packages/airflow/example_dags/example_sla_dag.py took 0.056 seconds
[2024-11-20T14:41:37.889+0000] {processor.py:186} INFO - Started process (PID=1808) to work on /home/airflow/.local/lib/python3.12/site-packages/airflow/example_dags/example_sla_dag.py
[2024-11-20T14:41:37.890+0000] {processor.py:914} INFO - Processing file /home/airflow/.local/lib/python3.12/site-packages/airflow/example_dags/example_sla_dag.py for tasks to queue
[2024-11-20T14:41:37.892+0000] {logging_mixin.py:190} INFO - [2024-11-20T14:41:37.892+0000] {dagbag.py:588} INFO - Filling up the DagBag from /home/airflow/.local/lib/python3.12/site-packages/airflow/example_dags/example_sla_dag.py
[2024-11-20T14:41:37.899+0000] {processor.py:925} INFO - DAG(s) 'example_sla_dag' retrieved from /home/airflow/.local/lib/python3.12/site-packages/airflow/example_dags/example_sla_dag.py
[2024-11-20T14:41:37.912+0000] {logging_mixin.py:190} INFO - [2024-11-20T14:41:37.912+0000] {dag.py:3239} INFO - Sync 1 DAGs
[2024-11-20T14:41:37.928+0000] {logging_mixin.py:190} INFO - [2024-11-20T14:41:37.928+0000] {dag.py:4180} INFO - Setting next_dagrun for example_sla_dag to 2024-11-20 14:38:00+00:00, run_after=2024-11-20 14:40:00+00:00
[2024-11-20T14:41:37.943+0000] {processor.py:208} INFO - Processing /home/airflow/.local/lib/python3.12/site-packages/airflow/example_dags/example_sla_dag.py took 0.058 seconds
[2024-11-20T14:42:08.602+0000] {processor.py:186} INFO - Started process (PID=1871) to work on /home/airflow/.local/lib/python3.12/site-packages/airflow/example_dags/example_sla_dag.py
[2024-11-20T14:42:08.603+0000] {processor.py:914} INFO - Processing file /home/airflow/.local/lib/python3.12/site-packages/airflow/example_dags/example_sla_dag.py for tasks to queue
[2024-11-20T14:42:08.605+0000] {logging_mixin.py:190} INFO - [2024-11-20T14:42:08.605+0000] {dagbag.py:588} INFO - Filling up the DagBag from /home/airflow/.local/lib/python3.12/site-packages/airflow/example_dags/example_sla_dag.py
[2024-11-20T14:42:08.612+0000] {processor.py:925} INFO - DAG(s) 'example_sla_dag' retrieved from /home/airflow/.local/lib/python3.12/site-packages/airflow/example_dags/example_sla_dag.py
[2024-11-20T14:42:08.626+0000] {logging_mixin.py:190} INFO - [2024-11-20T14:42:08.625+0000] {dag.py:3239} INFO - Sync 1 DAGs
[2024-11-20T14:42:08.641+0000] {logging_mixin.py:190} INFO - [2024-11-20T14:42:08.641+0000] {dag.py:4180} INFO - Setting next_dagrun for example_sla_dag to 2024-11-20 14:40:00+00:00, run_after=2024-11-20 14:42:00+00:00
[2024-11-20T14:42:08.657+0000] {processor.py:208} INFO - Processing /home/airflow/.local/lib/python3.12/site-packages/airflow/example_dags/example_sla_dag.py took 0.058 seconds
[2024-11-20T14:42:40.190+0000] {processor.py:186} INFO - Started process (PID=1934) to work on /home/airflow/.local/lib/python3.12/site-packages/airflow/example_dags/example_sla_dag.py
[2024-11-20T14:42:40.194+0000] {processor.py:914} INFO - Processing file /home/airflow/.local/lib/python3.12/site-packages/airflow/example_dags/example_sla_dag.py for tasks to queue
[2024-11-20T14:42:40.196+0000] {logging_mixin.py:190} INFO - [2024-11-20T14:42:40.195+0000] {dagbag.py:588} INFO - Filling up the DagBag from /home/airflow/.local/lib/python3.12/site-packages/airflow/example_dags/example_sla_dag.py
[2024-11-20T14:42:40.203+0000] {processor.py:925} INFO - DAG(s) 'example_sla_dag' retrieved from /home/airflow/.local/lib/python3.12/site-packages/airflow/example_dags/example_sla_dag.py
[2024-11-20T14:42:40.216+0000] {logging_mixin.py:190} INFO - [2024-11-20T14:42:40.216+0000] {dag.py:3239} INFO - Sync 1 DAGs
[2024-11-20T14:42:40.231+0000] {logging_mixin.py:190} INFO - [2024-11-20T14:42:40.231+0000] {dag.py:4180} INFO - Setting next_dagrun for example_sla_dag to 2024-11-20 14:40:00+00:00, run_after=2024-11-20 14:42:00+00:00
[2024-11-20T14:42:40.246+0000] {processor.py:208} INFO - Processing /home/airflow/.local/lib/python3.12/site-packages/airflow/example_dags/example_sla_dag.py took 0.060 seconds
[2024-11-20T14:43:10.438+0000] {processor.py:186} INFO - Started process (PID=1997) to work on /home/airflow/.local/lib/python3.12/site-packages/airflow/example_dags/example_sla_dag.py
[2024-11-20T14:43:10.439+0000] {processor.py:914} INFO - Processing file /home/airflow/.local/lib/python3.12/site-packages/airflow/example_dags/example_sla_dag.py for tasks to queue
[2024-11-20T14:43:10.441+0000] {logging_mixin.py:190} INFO - [2024-11-20T14:43:10.441+0000] {dagbag.py:588} INFO - Filling up the DagBag from /home/airflow/.local/lib/python3.12/site-packages/airflow/example_dags/example_sla_dag.py
[2024-11-20T14:43:10.448+0000] {processor.py:925} INFO - DAG(s) 'example_sla_dag' retrieved from /home/airflow/.local/lib/python3.12/site-packages/airflow/example_dags/example_sla_dag.py
[2024-11-20T14:43:10.462+0000] {logging_mixin.py:190} INFO - [2024-11-20T14:43:10.462+0000] {dag.py:3239} INFO - Sync 1 DAGs
[2024-11-20T14:43:10.479+0000] {logging_mixin.py:190} INFO - [2024-11-20T14:43:10.479+0000] {dag.py:4180} INFO - Setting next_dagrun for example_sla_dag to 2024-11-20 14:40:00+00:00, run_after=2024-11-20 14:42:00+00:00
[2024-11-20T14:43:10.494+0000] {processor.py:208} INFO - Processing /home/airflow/.local/lib/python3.12/site-packages/airflow/example_dags/example_sla_dag.py took 0.059 seconds
[2024-11-20T14:49:51.580+0000] {processor.py:186} INFO - Started process (PID=2064) to work on /home/airflow/.local/lib/python3.12/site-packages/airflow/example_dags/example_sla_dag.py
[2024-11-20T14:49:51.581+0000] {processor.py:914} INFO - Processing file /home/airflow/.local/lib/python3.12/site-packages/airflow/example_dags/example_sla_dag.py for tasks to queue
[2024-11-20T14:49:51.583+0000] {logging_mixin.py:190} INFO - [2024-11-20T14:49:51.582+0000] {dagbag.py:588} INFO - Filling up the DagBag from /home/airflow/.local/lib/python3.12/site-packages/airflow/example_dags/example_sla_dag.py
[2024-11-20T14:49:51.589+0000] {processor.py:925} INFO - DAG(s) 'example_sla_dag' retrieved from /home/airflow/.local/lib/python3.12/site-packages/airflow/example_dags/example_sla_dag.py
[2024-11-20T14:49:51.601+0000] {logging_mixin.py:190} INFO - [2024-11-20T14:49:51.600+0000] {dag.py:3239} INFO - Sync 1 DAGs
[2024-11-20T14:49:51.615+0000] {logging_mixin.py:190} INFO - [2024-11-20T14:49:51.615+0000] {dag.py:4180} INFO - Setting next_dagrun for example_sla_dag to 2024-11-20 14:46:00+00:00, run_after=2024-11-20 14:48:00+00:00
[2024-11-20T14:49:51.628+0000] {processor.py:208} INFO - Processing /home/airflow/.local/lib/python3.12/site-packages/airflow/example_dags/example_sla_dag.py took 0.052 seconds
[2024-11-20T14:50:23.271+0000] {processor.py:186} INFO - Started process (PID=2127) to work on /home/airflow/.local/lib/python3.12/site-packages/airflow/example_dags/example_sla_dag.py
[2024-11-20T14:50:23.272+0000] {processor.py:914} INFO - Processing file /home/airflow/.local/lib/python3.12/site-packages/airflow/example_dags/example_sla_dag.py for tasks to queue
[2024-11-20T14:50:23.274+0000] {logging_mixin.py:190} INFO - [2024-11-20T14:50:23.273+0000] {dagbag.py:588} INFO - Filling up the DagBag from /home/airflow/.local/lib/python3.12/site-packages/airflow/example_dags/example_sla_dag.py
[2024-11-20T14:50:23.281+0000] {processor.py:925} INFO - DAG(s) 'example_sla_dag' retrieved from /home/airflow/.local/lib/python3.12/site-packages/airflow/example_dags/example_sla_dag.py
[2024-11-20T14:50:23.293+0000] {logging_mixin.py:190} INFO - [2024-11-20T14:50:23.293+0000] {dag.py:3239} INFO - Sync 1 DAGs
[2024-11-20T14:50:23.309+0000] {logging_mixin.py:190} INFO - [2024-11-20T14:50:23.309+0000] {dag.py:4180} INFO - Setting next_dagrun for example_sla_dag to 2024-11-20 14:48:00+00:00, run_after=2024-11-20 14:50:00+00:00
[2024-11-20T14:50:23.324+0000] {processor.py:208} INFO - Processing /home/airflow/.local/lib/python3.12/site-packages/airflow/example_dags/example_sla_dag.py took 0.057 seconds
[2024-11-20T14:50:54.156+0000] {processor.py:186} INFO - Started process (PID=2190) to work on /home/airflow/.local/lib/python3.12/site-packages/airflow/example_dags/example_sla_dag.py
[2024-11-20T14:50:54.157+0000] {processor.py:914} INFO - Processing file /home/airflow/.local/lib/python3.12/site-packages/airflow/example_dags/example_sla_dag.py for tasks to queue
[2024-11-20T14:50:54.159+0000] {logging_mixin.py:190} INFO - [2024-11-20T14:50:54.159+0000] {dagbag.py:588} INFO - Filling up the DagBag from /home/airflow/.local/lib/python3.12/site-packages/airflow/example_dags/example_sla_dag.py
[2024-11-20T14:50:54.167+0000] {processor.py:925} INFO - DAG(s) 'example_sla_dag' retrieved from /home/airflow/.local/lib/python3.12/site-packages/airflow/example_dags/example_sla_dag.py
[2024-11-20T14:50:54.180+0000] {logging_mixin.py:190} INFO - [2024-11-20T14:50:54.180+0000] {dag.py:3239} INFO - Sync 1 DAGs
[2024-11-20T14:50:54.196+0000] {logging_mixin.py:190} INFO - [2024-11-20T14:50:54.196+0000] {dag.py:4180} INFO - Setting next_dagrun for example_sla_dag to 2024-11-20 14:48:00+00:00, run_after=2024-11-20 14:50:00+00:00
[2024-11-20T14:50:54.210+0000] {processor.py:208} INFO - Processing /home/airflow/.local/lib/python3.12/site-packages/airflow/example_dags/example_sla_dag.py took 0.059 seconds
[2024-11-20T14:51:24.835+0000] {processor.py:186} INFO - Started process (PID=2253) to work on /home/airflow/.local/lib/python3.12/site-packages/airflow/example_dags/example_sla_dag.py
[2024-11-20T14:51:24.835+0000] {processor.py:914} INFO - Processing file /home/airflow/.local/lib/python3.12/site-packages/airflow/example_dags/example_sla_dag.py for tasks to queue
[2024-11-20T14:51:24.837+0000] {logging_mixin.py:190} INFO - [2024-11-20T14:51:24.837+0000] {dagbag.py:588} INFO - Filling up the DagBag from /home/airflow/.local/lib/python3.12/site-packages/airflow/example_dags/example_sla_dag.py
[2024-11-20T14:51:24.844+0000] {processor.py:925} INFO - DAG(s) 'example_sla_dag' retrieved from /home/airflow/.local/lib/python3.12/site-packages/airflow/example_dags/example_sla_dag.py
[2024-11-20T14:51:24.855+0000] {logging_mixin.py:190} INFO - [2024-11-20T14:51:24.855+0000] {dag.py:3239} INFO - Sync 1 DAGs
[2024-11-20T14:51:24.871+0000] {logging_mixin.py:190} INFO - [2024-11-20T14:51:24.871+0000] {dag.py:4180} INFO - Setting next_dagrun for example_sla_dag to 2024-11-20 14:48:00+00:00, run_after=2024-11-20 14:50:00+00:00
[2024-11-20T14:51:24.884+0000] {processor.py:208} INFO - Processing /home/airflow/.local/lib/python3.12/site-packages/airflow/example_dags/example_sla_dag.py took 0.054 seconds
[2024-11-20T14:51:55.624+0000] {processor.py:186} INFO - Started process (PID=2316) to work on /home/airflow/.local/lib/python3.12/site-packages/airflow/example_dags/example_sla_dag.py
[2024-11-20T14:51:55.625+0000] {processor.py:914} INFO - Processing file /home/airflow/.local/lib/python3.12/site-packages/airflow/example_dags/example_sla_dag.py for tasks to queue
[2024-11-20T14:51:55.627+0000] {logging_mixin.py:190} INFO - [2024-11-20T14:51:55.627+0000] {dagbag.py:588} INFO - Filling up the DagBag from /home/airflow/.local/lib/python3.12/site-packages/airflow/example_dags/example_sla_dag.py
[2024-11-20T14:51:55.634+0000] {processor.py:925} INFO - DAG(s) 'example_sla_dag' retrieved from /home/airflow/.local/lib/python3.12/site-packages/airflow/example_dags/example_sla_dag.py
[2024-11-20T14:51:55.645+0000] {logging_mixin.py:190} INFO - [2024-11-20T14:51:55.645+0000] {dag.py:3239} INFO - Sync 1 DAGs
[2024-11-20T14:51:55.665+0000] {logging_mixin.py:190} INFO - [2024-11-20T14:51:55.665+0000] {dag.py:4180} INFO - Setting next_dagrun for example_sla_dag to 2024-11-20 14:48:00+00:00, run_after=2024-11-20 14:50:00+00:00
[2024-11-20T14:51:55.680+0000] {processor.py:208} INFO - Processing /home/airflow/.local/lib/python3.12/site-packages/airflow/example_dags/example_sla_dag.py took 0.059 seconds
[2024-11-20T14:52:26.218+0000] {processor.py:186} INFO - Started process (PID=2379) to work on /home/airflow/.local/lib/python3.12/site-packages/airflow/example_dags/example_sla_dag.py
[2024-11-20T14:52:26.219+0000] {processor.py:914} INFO - Processing file /home/airflow/.local/lib/python3.12/site-packages/airflow/example_dags/example_sla_dag.py for tasks to queue
[2024-11-20T14:52:26.222+0000] {logging_mixin.py:190} INFO - [2024-11-20T14:52:26.221+0000] {dagbag.py:588} INFO - Filling up the DagBag from /home/airflow/.local/lib/python3.12/site-packages/airflow/example_dags/example_sla_dag.py
[2024-11-20T14:52:26.229+0000] {processor.py:925} INFO - DAG(s) 'example_sla_dag' retrieved from /home/airflow/.local/lib/python3.12/site-packages/airflow/example_dags/example_sla_dag.py
[2024-11-20T14:52:26.246+0000] {logging_mixin.py:190} INFO - [2024-11-20T14:52:26.246+0000] {dag.py:3239} INFO - Sync 1 DAGs
[2024-11-20T14:52:26.262+0000] {logging_mixin.py:190} INFO - [2024-11-20T14:52:26.262+0000] {dag.py:4180} INFO - Setting next_dagrun for example_sla_dag to 2024-11-20 14:50:00+00:00, run_after=2024-11-20 14:52:00+00:00
[2024-11-20T14:52:26.279+0000] {processor.py:208} INFO - Processing /home/airflow/.local/lib/python3.12/site-packages/airflow/example_dags/example_sla_dag.py took 0.065 seconds
[2024-11-20T14:52:56.361+0000] {processor.py:186} INFO - Started process (PID=2441) to work on /home/airflow/.local/lib/python3.12/site-packages/airflow/example_dags/example_sla_dag.py
[2024-11-20T14:52:56.362+0000] {processor.py:914} INFO - Processing file /home/airflow/.local/lib/python3.12/site-packages/airflow/example_dags/example_sla_dag.py for tasks to queue
[2024-11-20T14:52:56.364+0000] {logging_mixin.py:190} INFO - [2024-11-20T14:52:56.364+0000] {dagbag.py:588} INFO - Filling up the DagBag from /home/airflow/.local/lib/python3.12/site-packages/airflow/example_dags/example_sla_dag.py
[2024-11-20T14:52:56.372+0000] {processor.py:925} INFO - DAG(s) 'example_sla_dag' retrieved from /home/airflow/.local/lib/python3.12/site-packages/airflow/example_dags/example_sla_dag.py
[2024-11-20T14:52:56.386+0000] {logging_mixin.py:190} INFO - [2024-11-20T14:52:56.386+0000] {dag.py:3239} INFO - Sync 1 DAGs
[2024-11-20T14:52:56.402+0000] {logging_mixin.py:190} INFO - [2024-11-20T14:52:56.402+0000] {dag.py:4180} INFO - Setting next_dagrun for example_sla_dag to 2024-11-20 14:50:00+00:00, run_after=2024-11-20 14:52:00+00:00
[2024-11-20T14:52:56.422+0000] {processor.py:208} INFO - Processing /home/airflow/.local/lib/python3.12/site-packages/airflow/example_dags/example_sla_dag.py took 0.066 seconds
[2024-11-20T14:53:26.927+0000] {processor.py:186} INFO - Started process (PID=2504) to work on /home/airflow/.local/lib/python3.12/site-packages/airflow/example_dags/example_sla_dag.py
[2024-11-20T14:53:26.930+0000] {processor.py:914} INFO - Processing file /home/airflow/.local/lib/python3.12/site-packages/airflow/example_dags/example_sla_dag.py for tasks to queue
[2024-11-20T14:53:26.937+0000] {logging_mixin.py:190} INFO - [2024-11-20T14:53:26.936+0000] {dagbag.py:588} INFO - Filling up the DagBag from /home/airflow/.local/lib/python3.12/site-packages/airflow/example_dags/example_sla_dag.py
[2024-11-20T14:53:26.944+0000] {processor.py:925} INFO - DAG(s) 'example_sla_dag' retrieved from /home/airflow/.local/lib/python3.12/site-packages/airflow/example_dags/example_sla_dag.py
[2024-11-20T14:53:26.956+0000] {logging_mixin.py:190} INFO - [2024-11-20T14:53:26.956+0000] {dag.py:3239} INFO - Sync 1 DAGs
[2024-11-20T14:53:26.972+0000] {logging_mixin.py:190} INFO - [2024-11-20T14:53:26.972+0000] {dag.py:4180} INFO - Setting next_dagrun for example_sla_dag to 2024-11-20 14:50:00+00:00, run_after=2024-11-20 14:52:00+00:00
[2024-11-20T14:53:26.987+0000] {processor.py:208} INFO - Processing /home/airflow/.local/lib/python3.12/site-packages/airflow/example_dags/example_sla_dag.py took 0.064 seconds
[2024-11-20T14:53:57.669+0000] {processor.py:186} INFO - Started process (PID=2567) to work on /home/airflow/.local/lib/python3.12/site-packages/airflow/example_dags/example_sla_dag.py
[2024-11-20T14:53:57.671+0000] {processor.py:914} INFO - Processing file /home/airflow/.local/lib/python3.12/site-packages/airflow/example_dags/example_sla_dag.py for tasks to queue
[2024-11-20T14:53:57.673+0000] {logging_mixin.py:190} INFO - [2024-11-20T14:53:57.672+0000] {dagbag.py:588} INFO - Filling up the DagBag from /home/airflow/.local/lib/python3.12/site-packages/airflow/example_dags/example_sla_dag.py
[2024-11-20T14:53:57.680+0000] {processor.py:925} INFO - DAG(s) 'example_sla_dag' retrieved from /home/airflow/.local/lib/python3.12/site-packages/airflow/example_dags/example_sla_dag.py
[2024-11-20T14:53:57.693+0000] {logging_mixin.py:190} INFO - [2024-11-20T14:53:57.692+0000] {dag.py:3239} INFO - Sync 1 DAGs
[2024-11-20T14:53:57.708+0000] {logging_mixin.py:190} INFO - [2024-11-20T14:53:57.708+0000] {dag.py:4180} INFO - Setting next_dagrun for example_sla_dag to 2024-11-20 14:50:00+00:00, run_after=2024-11-20 14:52:00+00:00
[2024-11-20T14:53:57.728+0000] {processor.py:208} INFO - Processing /home/airflow/.local/lib/python3.12/site-packages/airflow/example_dags/example_sla_dag.py took 0.064 seconds
[2024-11-20T14:54:28.043+0000] {processor.py:186} INFO - Started process (PID=2630) to work on /home/airflow/.local/lib/python3.12/site-packages/airflow/example_dags/example_sla_dag.py
[2024-11-20T14:54:28.051+0000] {processor.py:914} INFO - Processing file /home/airflow/.local/lib/python3.12/site-packages/airflow/example_dags/example_sla_dag.py for tasks to queue
[2024-11-20T14:54:28.054+0000] {logging_mixin.py:190} INFO - [2024-11-20T14:54:28.054+0000] {dagbag.py:588} INFO - Filling up the DagBag from /home/airflow/.local/lib/python3.12/site-packages/airflow/example_dags/example_sla_dag.py
[2024-11-20T14:54:28.062+0000] {processor.py:925} INFO - DAG(s) 'example_sla_dag' retrieved from /home/airflow/.local/lib/python3.12/site-packages/airflow/example_dags/example_sla_dag.py
[2024-11-20T14:54:28.076+0000] {logging_mixin.py:190} INFO - [2024-11-20T14:54:28.076+0000] {dag.py:3239} INFO - Sync 1 DAGs
[2024-11-20T14:54:28.092+0000] {logging_mixin.py:190} INFO - [2024-11-20T14:54:28.092+0000] {dag.py:4180} INFO - Setting next_dagrun for example_sla_dag to 2024-11-20 14:52:00+00:00, run_after=2024-11-20 14:54:00+00:00
[2024-11-20T14:54:28.107+0000] {processor.py:208} INFO - Processing /home/airflow/.local/lib/python3.12/site-packages/airflow/example_dags/example_sla_dag.py took 0.068 seconds
[2024-11-20T14:54:58.376+0000] {processor.py:186} INFO - Started process (PID=2692) to work on /home/airflow/.local/lib/python3.12/site-packages/airflow/example_dags/example_sla_dag.py
[2024-11-20T14:54:58.380+0000] {processor.py:914} INFO - Processing file /home/airflow/.local/lib/python3.12/site-packages/airflow/example_dags/example_sla_dag.py for tasks to queue
[2024-11-20T14:54:58.383+0000] {logging_mixin.py:190} INFO - [2024-11-20T14:54:58.383+0000] {dagbag.py:588} INFO - Filling up the DagBag from /home/airflow/.local/lib/python3.12/site-packages/airflow/example_dags/example_sla_dag.py
[2024-11-20T14:54:58.390+0000] {processor.py:925} INFO - DAG(s) 'example_sla_dag' retrieved from /home/airflow/.local/lib/python3.12/site-packages/airflow/example_dags/example_sla_dag.py
[2024-11-20T14:54:58.401+0000] {logging_mixin.py:190} INFO - [2024-11-20T14:54:58.401+0000] {dag.py:3239} INFO - Sync 1 DAGs
[2024-11-20T14:54:58.417+0000] {logging_mixin.py:190} INFO - [2024-11-20T14:54:58.416+0000] {dag.py:4180} INFO - Setting next_dagrun for example_sla_dag to 2024-11-20 14:52:00+00:00, run_after=2024-11-20 14:54:00+00:00
[2024-11-20T14:54:58.430+0000] {processor.py:208} INFO - Processing /home/airflow/.local/lib/python3.12/site-packages/airflow/example_dags/example_sla_dag.py took 0.058 seconds
[2024-11-20T14:55:28.833+0000] {processor.py:186} INFO - Started process (PID=2755) to work on /home/airflow/.local/lib/python3.12/site-packages/airflow/example_dags/example_sla_dag.py
[2024-11-20T14:55:28.834+0000] {processor.py:914} INFO - Processing file /home/airflow/.local/lib/python3.12/site-packages/airflow/example_dags/example_sla_dag.py for tasks to queue
[2024-11-20T14:55:28.835+0000] {logging_mixin.py:190} INFO - [2024-11-20T14:55:28.835+0000] {dagbag.py:588} INFO - Filling up the DagBag from /home/airflow/.local/lib/python3.12/site-packages/airflow/example_dags/example_sla_dag.py
[2024-11-20T14:55:28.842+0000] {processor.py:925} INFO - DAG(s) 'example_sla_dag' retrieved from /home/airflow/.local/lib/python3.12/site-packages/airflow/example_dags/example_sla_dag.py
[2024-11-20T14:55:28.856+0000] {logging_mixin.py:190} INFO - [2024-11-20T14:55:28.856+0000] {dag.py:3239} INFO - Sync 1 DAGs
[2024-11-20T14:55:28.872+0000] {logging_mixin.py:190} INFO - [2024-11-20T14:55:28.872+0000] {dag.py:4180} INFO - Setting next_dagrun for example_sla_dag to 2024-11-20 14:52:00+00:00, run_after=2024-11-20 14:54:00+00:00
[2024-11-20T14:55:28.885+0000] {processor.py:208} INFO - Processing /home/airflow/.local/lib/python3.12/site-packages/airflow/example_dags/example_sla_dag.py took 0.056 seconds
[2024-11-20T14:55:59.892+0000] {processor.py:186} INFO - Started process (PID=2819) to work on /home/airflow/.local/lib/python3.12/site-packages/airflow/example_dags/example_sla_dag.py
[2024-11-20T14:55:59.893+0000] {processor.py:914} INFO - Processing file /home/airflow/.local/lib/python3.12/site-packages/airflow/example_dags/example_sla_dag.py for tasks to queue
[2024-11-20T14:55:59.895+0000] {logging_mixin.py:190} INFO - [2024-11-20T14:55:59.895+0000] {dagbag.py:588} INFO - Filling up the DagBag from /home/airflow/.local/lib/python3.12/site-packages/airflow/example_dags/example_sla_dag.py
[2024-11-20T14:55:59.902+0000] {processor.py:925} INFO - DAG(s) 'example_sla_dag' retrieved from /home/airflow/.local/lib/python3.12/site-packages/airflow/example_dags/example_sla_dag.py
[2024-11-20T14:55:59.916+0000] {logging_mixin.py:190} INFO - [2024-11-20T14:55:59.916+0000] {dag.py:3239} INFO - Sync 1 DAGs
[2024-11-20T14:55:59.932+0000] {logging_mixin.py:190} INFO - [2024-11-20T14:55:59.931+0000] {dag.py:4180} INFO - Setting next_dagrun for example_sla_dag to 2024-11-20 14:52:00+00:00, run_after=2024-11-20 14:54:00+00:00
[2024-11-20T14:55:59.947+0000] {processor.py:208} INFO - Processing /home/airflow/.local/lib/python3.12/site-packages/airflow/example_dags/example_sla_dag.py took 0.059 seconds
[2024-11-20T14:56:30.171+0000] {processor.py:186} INFO - Started process (PID=2881) to work on /home/airflow/.local/lib/python3.12/site-packages/airflow/example_dags/example_sla_dag.py
[2024-11-20T14:56:30.172+0000] {processor.py:914} INFO - Processing file /home/airflow/.local/lib/python3.12/site-packages/airflow/example_dags/example_sla_dag.py for tasks to queue
[2024-11-20T14:56:30.174+0000] {logging_mixin.py:190} INFO - [2024-11-20T14:56:30.174+0000] {dagbag.py:588} INFO - Filling up the DagBag from /home/airflow/.local/lib/python3.12/site-packages/airflow/example_dags/example_sla_dag.py
[2024-11-20T14:56:30.181+0000] {processor.py:925} INFO - DAG(s) 'example_sla_dag' retrieved from /home/airflow/.local/lib/python3.12/site-packages/airflow/example_dags/example_sla_dag.py
[2024-11-20T14:56:30.195+0000] {logging_mixin.py:190} INFO - [2024-11-20T14:56:30.195+0000] {dag.py:3239} INFO - Sync 1 DAGs
[2024-11-20T14:56:30.212+0000] {logging_mixin.py:190} INFO - [2024-11-20T14:56:30.212+0000] {dag.py:4180} INFO - Setting next_dagrun for example_sla_dag to 2024-11-20 14:54:00+00:00, run_after=2024-11-20 14:56:00+00:00
[2024-11-20T14:56:30.225+0000] {processor.py:208} INFO - Processing /home/airflow/.local/lib/python3.12/site-packages/airflow/example_dags/example_sla_dag.py took 0.059 seconds
[2024-11-20T14:57:00.463+0000] {processor.py:186} INFO - Started process (PID=2944) to work on /home/airflow/.local/lib/python3.12/site-packages/airflow/example_dags/example_sla_dag.py
[2024-11-20T14:57:00.470+0000] {processor.py:914} INFO - Processing file /home/airflow/.local/lib/python3.12/site-packages/airflow/example_dags/example_sla_dag.py for tasks to queue
[2024-11-20T14:57:00.473+0000] {logging_mixin.py:190} INFO - [2024-11-20T14:57:00.473+0000] {dagbag.py:588} INFO - Filling up the DagBag from /home/airflow/.local/lib/python3.12/site-packages/airflow/example_dags/example_sla_dag.py
[2024-11-20T14:57:00.480+0000] {processor.py:925} INFO - DAG(s) 'example_sla_dag' retrieved from /home/airflow/.local/lib/python3.12/site-packages/airflow/example_dags/example_sla_dag.py
[2024-11-20T14:57:00.491+0000] {logging_mixin.py:190} INFO - [2024-11-20T14:57:00.491+0000] {dag.py:3239} INFO - Sync 1 DAGs
[2024-11-20T14:57:00.507+0000] {logging_mixin.py:190} INFO - [2024-11-20T14:57:00.507+0000] {dag.py:4180} INFO - Setting next_dagrun for example_sla_dag to 2024-11-20 14:54:00+00:00, run_after=2024-11-20 14:56:00+00:00
[2024-11-20T14:57:00.631+0000] {processor.py:208} INFO - Processing /home/airflow/.local/lib/python3.12/site-packages/airflow/example_dags/example_sla_dag.py took 0.172 seconds
[2024-11-20T14:57:30.753+0000] {processor.py:186} INFO - Started process (PID=3008) to work on /home/airflow/.local/lib/python3.12/site-packages/airflow/example_dags/example_sla_dag.py
[2024-11-20T14:57:30.755+0000] {processor.py:914} INFO - Processing file /home/airflow/.local/lib/python3.12/site-packages/airflow/example_dags/example_sla_dag.py for tasks to queue
[2024-11-20T14:57:30.756+0000] {logging_mixin.py:190} INFO - [2024-11-20T14:57:30.756+0000] {dagbag.py:588} INFO - Filling up the DagBag from /home/airflow/.local/lib/python3.12/site-packages/airflow/example_dags/example_sla_dag.py
[2024-11-20T14:57:30.763+0000] {processor.py:925} INFO - DAG(s) 'example_sla_dag' retrieved from /home/airflow/.local/lib/python3.12/site-packages/airflow/example_dags/example_sla_dag.py
[2024-11-20T14:57:30.777+0000] {logging_mixin.py:190} INFO - [2024-11-20T14:57:30.776+0000] {dag.py:3239} INFO - Sync 1 DAGs
[2024-11-20T14:57:30.792+0000] {logging_mixin.py:190} INFO - [2024-11-20T14:57:30.792+0000] {dag.py:4180} INFO - Setting next_dagrun for example_sla_dag to 2024-11-20 14:54:00+00:00, run_after=2024-11-20 14:56:00+00:00
[2024-11-20T14:57:30.805+0000] {processor.py:208} INFO - Processing /home/airflow/.local/lib/python3.12/site-packages/airflow/example_dags/example_sla_dag.py took 0.056 seconds
[2024-11-20T14:58:00.869+0000] {processor.py:186} INFO - Started process (PID=3071) to work on /home/airflow/.local/lib/python3.12/site-packages/airflow/example_dags/example_sla_dag.py
[2024-11-20T14:58:00.870+0000] {processor.py:914} INFO - Processing file /home/airflow/.local/lib/python3.12/site-packages/airflow/example_dags/example_sla_dag.py for tasks to queue
[2024-11-20T14:58:00.872+0000] {logging_mixin.py:190} INFO - [2024-11-20T14:58:00.872+0000] {dagbag.py:588} INFO - Filling up the DagBag from /home/airflow/.local/lib/python3.12/site-packages/airflow/example_dags/example_sla_dag.py
[2024-11-20T14:58:00.879+0000] {processor.py:925} INFO - DAG(s) 'example_sla_dag' retrieved from /home/airflow/.local/lib/python3.12/site-packages/airflow/example_dags/example_sla_dag.py
[2024-11-20T14:58:00.893+0000] {logging_mixin.py:190} INFO - [2024-11-20T14:58:00.893+0000] {dag.py:3239} INFO - Sync 1 DAGs
[2024-11-20T14:58:00.909+0000] {logging_mixin.py:190} INFO - [2024-11-20T14:58:00.909+0000] {dag.py:4180} INFO - Setting next_dagrun for example_sla_dag to 2024-11-20 14:56:00+00:00, run_after=2024-11-20 14:58:00+00:00
[2024-11-20T14:58:00.925+0000] {processor.py:208} INFO - Processing /home/airflow/.local/lib/python3.12/site-packages/airflow/example_dags/example_sla_dag.py took 0.060 seconds
[2024-11-20T14:58:31.461+0000] {processor.py:186} INFO - Started process (PID=3133) to work on /home/airflow/.local/lib/python3.12/site-packages/airflow/example_dags/example_sla_dag.py
[2024-11-20T14:58:31.461+0000] {processor.py:914} INFO - Processing file /home/airflow/.local/lib/python3.12/site-packages/airflow/example_dags/example_sla_dag.py for tasks to queue
[2024-11-20T14:58:31.463+0000] {logging_mixin.py:190} INFO - [2024-11-20T14:58:31.463+0000] {dagbag.py:588} INFO - Filling up the DagBag from /home/airflow/.local/lib/python3.12/site-packages/airflow/example_dags/example_sla_dag.py
[2024-11-20T14:58:31.470+0000] {processor.py:925} INFO - DAG(s) 'example_sla_dag' retrieved from /home/airflow/.local/lib/python3.12/site-packages/airflow/example_dags/example_sla_dag.py
[2024-11-20T14:58:31.481+0000] {logging_mixin.py:190} INFO - [2024-11-20T14:58:31.481+0000] {dag.py:3239} INFO - Sync 1 DAGs
[2024-11-20T14:58:31.497+0000] {logging_mixin.py:190} INFO - [2024-11-20T14:58:31.497+0000] {dag.py:4180} INFO - Setting next_dagrun for example_sla_dag to 2024-11-20 14:56:00+00:00, run_after=2024-11-20 14:58:00+00:00
[2024-11-20T14:58:31.511+0000] {processor.py:208} INFO - Processing /home/airflow/.local/lib/python3.12/site-packages/airflow/example_dags/example_sla_dag.py took 0.054 seconds
[2024-11-20T14:59:01.921+0000] {processor.py:186} INFO - Started process (PID=3196) to work on /home/airflow/.local/lib/python3.12/site-packages/airflow/example_dags/example_sla_dag.py
[2024-11-20T14:59:01.923+0000] {processor.py:914} INFO - Processing file /home/airflow/.local/lib/python3.12/site-packages/airflow/example_dags/example_sla_dag.py for tasks to queue
[2024-11-20T14:59:01.925+0000] {logging_mixin.py:190} INFO - [2024-11-20T14:59:01.925+0000] {dagbag.py:588} INFO - Filling up the DagBag from /home/airflow/.local/lib/python3.12/site-packages/airflow/example_dags/example_sla_dag.py
[2024-11-20T14:59:01.934+0000] {processor.py:925} INFO - DAG(s) 'example_sla_dag' retrieved from /home/airflow/.local/lib/python3.12/site-packages/airflow/example_dags/example_sla_dag.py
[2024-11-20T14:59:01.948+0000] {logging_mixin.py:190} INFO - [2024-11-20T14:59:01.948+0000] {dag.py:3239} INFO - Sync 1 DAGs
[2024-11-20T14:59:02.091+0000] {logging_mixin.py:190} INFO - [2024-11-20T14:59:02.091+0000] {dag.py:4180} INFO - Setting next_dagrun for example_sla_dag to 2024-11-20 14:56:00+00:00, run_after=2024-11-20 14:58:00+00:00
[2024-11-20T14:59:02.107+0000] {processor.py:208} INFO - Processing /home/airflow/.local/lib/python3.12/site-packages/airflow/example_dags/example_sla_dag.py took 0.190 seconds
[2024-11-20T14:59:32.991+0000] {processor.py:186} INFO - Started process (PID=3259) to work on /home/airflow/.local/lib/python3.12/site-packages/airflow/example_dags/example_sla_dag.py
[2024-11-20T14:59:32.992+0000] {processor.py:914} INFO - Processing file /home/airflow/.local/lib/python3.12/site-packages/airflow/example_dags/example_sla_dag.py for tasks to queue
[2024-11-20T14:59:32.994+0000] {logging_mixin.py:190} INFO - [2024-11-20T14:59:32.993+0000] {dagbag.py:588} INFO - Filling up the DagBag from /home/airflow/.local/lib/python3.12/site-packages/airflow/example_dags/example_sla_dag.py
[2024-11-20T14:59:33.001+0000] {processor.py:925} INFO - DAG(s) 'example_sla_dag' retrieved from /home/airflow/.local/lib/python3.12/site-packages/airflow/example_dags/example_sla_dag.py
[2024-11-20T14:59:33.013+0000] {logging_mixin.py:190} INFO - [2024-11-20T14:59:33.013+0000] {dag.py:3239} INFO - Sync 1 DAGs
[2024-11-20T14:59:33.031+0000] {logging_mixin.py:190} INFO - [2024-11-20T14:59:33.031+0000] {dag.py:4180} INFO - Setting next_dagrun for example_sla_dag to 2024-11-20 14:56:00+00:00, run_after=2024-11-20 14:58:00+00:00
[2024-11-20T14:59:33.163+0000] {processor.py:208} INFO - Processing /home/airflow/.local/lib/python3.12/site-packages/airflow/example_dags/example_sla_dag.py took 0.177 seconds
[2024-11-20T15:00:03.485+0000] {processor.py:186} INFO - Started process (PID=3322) to work on /home/airflow/.local/lib/python3.12/site-packages/airflow/example_dags/example_sla_dag.py
[2024-11-20T15:00:03.486+0000] {processor.py:914} INFO - Processing file /home/airflow/.local/lib/python3.12/site-packages/airflow/example_dags/example_sla_dag.py for tasks to queue
[2024-11-20T15:00:03.487+0000] {logging_mixin.py:190} INFO - [2024-11-20T15:00:03.487+0000] {dagbag.py:588} INFO - Filling up the DagBag from /home/airflow/.local/lib/python3.12/site-packages/airflow/example_dags/example_sla_dag.py
[2024-11-20T15:00:03.494+0000] {processor.py:925} INFO - DAG(s) 'example_sla_dag' retrieved from /home/airflow/.local/lib/python3.12/site-packages/airflow/example_dags/example_sla_dag.py
[2024-11-20T15:00:03.506+0000] {logging_mixin.py:190} INFO - [2024-11-20T15:00:03.506+0000] {dag.py:3239} INFO - Sync 1 DAGs
[2024-11-20T15:00:03.521+0000] {logging_mixin.py:190} INFO - [2024-11-20T15:00:03.521+0000] {dag.py:4180} INFO - Setting next_dagrun for example_sla_dag to 2024-11-20 14:58:00+00:00, run_after=2024-11-20 15:00:00+00:00
[2024-11-20T15:00:03.536+0000] {processor.py:208} INFO - Processing /home/airflow/.local/lib/python3.12/site-packages/airflow/example_dags/example_sla_dag.py took 0.055 seconds
[2024-11-20T15:00:33.884+0000] {processor.py:186} INFO - Started process (PID=3385) to work on /home/airflow/.local/lib/python3.12/site-packages/airflow/example_dags/example_sla_dag.py
[2024-11-20T15:00:33.885+0000] {processor.py:914} INFO - Processing file /home/airflow/.local/lib/python3.12/site-packages/airflow/example_dags/example_sla_dag.py for tasks to queue
[2024-11-20T15:00:33.888+0000] {logging_mixin.py:190} INFO - [2024-11-20T15:00:33.888+0000] {dagbag.py:588} INFO - Filling up the DagBag from /home/airflow/.local/lib/python3.12/site-packages/airflow/example_dags/example_sla_dag.py
[2024-11-20T15:00:33.895+0000] {processor.py:925} INFO - DAG(s) 'example_sla_dag' retrieved from /home/airflow/.local/lib/python3.12/site-packages/airflow/example_dags/example_sla_dag.py
[2024-11-20T15:00:33.908+0000] {logging_mixin.py:190} INFO - [2024-11-20T15:00:33.907+0000] {dag.py:3239} INFO - Sync 1 DAGs
[2024-11-20T15:00:33.923+0000] {logging_mixin.py:190} INFO - [2024-11-20T15:00:33.923+0000] {dag.py:4180} INFO - Setting next_dagrun for example_sla_dag to 2024-11-20 14:58:00+00:00, run_after=2024-11-20 15:00:00+00:00
[2024-11-20T15:00:33.938+0000] {processor.py:208} INFO - Processing /home/airflow/.local/lib/python3.12/site-packages/airflow/example_dags/example_sla_dag.py took 0.058 seconds
[2024-11-20T15:01:04.834+0000] {processor.py:186} INFO - Started process (PID=3448) to work on /home/airflow/.local/lib/python3.12/site-packages/airflow/example_dags/example_sla_dag.py
[2024-11-20T15:01:04.835+0000] {processor.py:914} INFO - Processing file /home/airflow/.local/lib/python3.12/site-packages/airflow/example_dags/example_sla_dag.py for tasks to queue
[2024-11-20T15:01:04.837+0000] {logging_mixin.py:190} INFO - [2024-11-20T15:01:04.837+0000] {dagbag.py:588} INFO - Filling up the DagBag from /home/airflow/.local/lib/python3.12/site-packages/airflow/example_dags/example_sla_dag.py
[2024-11-20T15:01:04.844+0000] {processor.py:925} INFO - DAG(s) 'example_sla_dag' retrieved from /home/airflow/.local/lib/python3.12/site-packages/airflow/example_dags/example_sla_dag.py
[2024-11-20T15:01:04.857+0000] {logging_mixin.py:190} INFO - [2024-11-20T15:01:04.857+0000] {dag.py:3239} INFO - Sync 1 DAGs
[2024-11-20T15:01:04.872+0000] {logging_mixin.py:190} INFO - [2024-11-20T15:01:04.872+0000] {dag.py:4180} INFO - Setting next_dagrun for example_sla_dag to 2024-11-20 14:58:00+00:00, run_after=2024-11-20 15:00:00+00:00
[2024-11-20T15:01:04.889+0000] {processor.py:208} INFO - Processing /home/airflow/.local/lib/python3.12/site-packages/airflow/example_dags/example_sla_dag.py took 0.059 seconds
[2024-11-20T15:01:35.672+0000] {processor.py:186} INFO - Started process (PID=3511) to work on /home/airflow/.local/lib/python3.12/site-packages/airflow/example_dags/example_sla_dag.py
[2024-11-20T15:01:35.673+0000] {processor.py:914} INFO - Processing file /home/airflow/.local/lib/python3.12/site-packages/airflow/example_dags/example_sla_dag.py for tasks to queue
[2024-11-20T15:01:35.675+0000] {logging_mixin.py:190} INFO - [2024-11-20T15:01:35.674+0000] {dagbag.py:588} INFO - Filling up the DagBag from /home/airflow/.local/lib/python3.12/site-packages/airflow/example_dags/example_sla_dag.py
[2024-11-20T15:01:35.681+0000] {processor.py:925} INFO - DAG(s) 'example_sla_dag' retrieved from /home/airflow/.local/lib/python3.12/site-packages/airflow/example_dags/example_sla_dag.py
[2024-11-20T15:01:35.694+0000] {logging_mixin.py:190} INFO - [2024-11-20T15:01:35.694+0000] {dag.py:3239} INFO - Sync 1 DAGs
[2024-11-20T15:01:35.710+0000] {logging_mixin.py:190} INFO - [2024-11-20T15:01:35.710+0000] {dag.py:4180} INFO - Setting next_dagrun for example_sla_dag to 2024-11-20 14:58:00+00:00, run_after=2024-11-20 15:00:00+00:00
[2024-11-20T15:01:35.723+0000] {processor.py:208} INFO - Processing /home/airflow/.local/lib/python3.12/site-packages/airflow/example_dags/example_sla_dag.py took 0.055 seconds
[2024-11-20T15:02:05.924+0000] {processor.py:186} INFO - Started process (PID=3574) to work on /home/airflow/.local/lib/python3.12/site-packages/airflow/example_dags/example_sla_dag.py
[2024-11-20T15:02:05.924+0000] {processor.py:914} INFO - Processing file /home/airflow/.local/lib/python3.12/site-packages/airflow/example_dags/example_sla_dag.py for tasks to queue
[2024-11-20T15:02:05.926+0000] {logging_mixin.py:190} INFO - [2024-11-20T15:02:05.926+0000] {dagbag.py:588} INFO - Filling up the DagBag from /home/airflow/.local/lib/python3.12/site-packages/airflow/example_dags/example_sla_dag.py
[2024-11-20T15:02:05.933+0000] {processor.py:925} INFO - DAG(s) 'example_sla_dag' retrieved from /home/airflow/.local/lib/python3.12/site-packages/airflow/example_dags/example_sla_dag.py
[2024-11-20T15:02:05.944+0000] {logging_mixin.py:190} INFO - [2024-11-20T15:02:05.944+0000] {dag.py:3239} INFO - Sync 1 DAGs
[2024-11-20T15:02:05.960+0000] {logging_mixin.py:190} INFO - [2024-11-20T15:02:05.960+0000] {dag.py:4180} INFO - Setting next_dagrun for example_sla_dag to 2024-11-20 15:00:00+00:00, run_after=2024-11-20 15:02:00+00:00
[2024-11-20T15:02:05.975+0000] {processor.py:208} INFO - Processing /home/airflow/.local/lib/python3.12/site-packages/airflow/example_dags/example_sla_dag.py took 0.056 seconds
[2024-11-20T15:02:36.727+0000] {processor.py:186} INFO - Started process (PID=3637) to work on /home/airflow/.local/lib/python3.12/site-packages/airflow/example_dags/example_sla_dag.py
[2024-11-20T15:02:36.728+0000] {processor.py:914} INFO - Processing file /home/airflow/.local/lib/python3.12/site-packages/airflow/example_dags/example_sla_dag.py for tasks to queue
[2024-11-20T15:02:36.729+0000] {logging_mixin.py:190} INFO - [2024-11-20T15:02:36.729+0000] {dagbag.py:588} INFO - Filling up the DagBag from /home/airflow/.local/lib/python3.12/site-packages/airflow/example_dags/example_sla_dag.py
[2024-11-20T15:02:36.736+0000] {processor.py:925} INFO - DAG(s) 'example_sla_dag' retrieved from /home/airflow/.local/lib/python3.12/site-packages/airflow/example_dags/example_sla_dag.py
[2024-11-20T15:02:36.748+0000] {logging_mixin.py:190} INFO - [2024-11-20T15:02:36.748+0000] {dag.py:3239} INFO - Sync 1 DAGs
[2024-11-20T15:02:36.765+0000] {logging_mixin.py:190} INFO - [2024-11-20T15:02:36.765+0000] {dag.py:4180} INFO - Setting next_dagrun for example_sla_dag to 2024-11-20 15:00:00+00:00, run_after=2024-11-20 15:02:00+00:00
[2024-11-20T15:02:36.783+0000] {processor.py:208} INFO - Processing /home/airflow/.local/lib/python3.12/site-packages/airflow/example_dags/example_sla_dag.py took 0.060 seconds
