[2024-11-20T14:27:47.210+0000] {processor.py:186} INFO - Started process (PID=79) to work on /home/airflow/.local/lib/python3.12/site-packages/airflow/example_dags/example_latest_only_with_trigger.py
[2024-11-20T14:27:47.212+0000] {processor.py:914} INFO - Processing file /home/airflow/.local/lib/python3.12/site-packages/airflow/example_dags/example_latest_only_with_trigger.py for tasks to queue
[2024-11-20T14:27:47.213+0000] {logging_mixin.py:190} INFO - [2024-11-20T14:27:47.213+0000] {dagbag.py:588} INFO - Filling up the DagBag from /home/airflow/.local/lib/python3.12/site-packages/airflow/example_dags/example_latest_only_with_trigger.py
[2024-11-20T14:27:47.223+0000] {processor.py:925} INFO - DAG(s) 'latest_only_with_trigger' retrieved from /home/airflow/.local/lib/python3.12/site-packages/airflow/example_dags/example_latest_only_with_trigger.py
[2024-11-20T14:27:47.376+0000] {logging_mixin.py:190} INFO - [2024-11-20T14:27:47.376+0000] {override.py:1911} INFO - Created Permission View: can read on DAG:latest_only_with_trigger
[2024-11-20T14:27:47.383+0000] {logging_mixin.py:190} INFO - [2024-11-20T14:27:47.383+0000] {override.py:1911} INFO - Created Permission View: can edit on DAG:latest_only_with_trigger
[2024-11-20T14:27:47.389+0000] {logging_mixin.py:190} INFO - [2024-11-20T14:27:47.389+0000] {override.py:1911} INFO - Created Permission View: can delete on DAG:latest_only_with_trigger
[2024-11-20T14:27:47.398+0000] {logging_mixin.py:190} INFO - [2024-11-20T14:27:47.398+0000] {override.py:1911} INFO - Created Permission View: can read on DAG Run:latest_only_with_trigger
[2024-11-20T14:27:47.404+0000] {logging_mixin.py:190} INFO - [2024-11-20T14:27:47.403+0000] {override.py:1911} INFO - Created Permission View: menu access on DAG Run:latest_only_with_trigger
[2024-11-20T14:27:47.409+0000] {logging_mixin.py:190} INFO - [2024-11-20T14:27:47.409+0000] {override.py:1911} INFO - Created Permission View: can create on DAG Run:latest_only_with_trigger
[2024-11-20T14:27:47.414+0000] {logging_mixin.py:190} INFO - [2024-11-20T14:27:47.414+0000] {override.py:1911} INFO - Created Permission View: can delete on DAG Run:latest_only_with_trigger
[2024-11-20T14:27:47.415+0000] {logging_mixin.py:190} INFO - [2024-11-20T14:27:47.415+0000] {dag.py:3239} INFO - Sync 1 DAGs
[2024-11-20T14:27:47.426+0000] {logging_mixin.py:190} INFO - [2024-11-20T14:27:47.426+0000] {dag.py:3262} INFO - Creating ORM DAG for latest_only_with_trigger
[2024-11-20T14:27:47.433+0000] {logging_mixin.py:190} INFO - [2024-11-20T14:27:47.433+0000] {dag.py:4180} INFO - Setting next_dagrun for latest_only_with_trigger to 2024-11-20 08:00:00+00:00, run_after=2024-11-20 12:00:00+00:00
[2024-11-20T14:27:47.445+0000] {processor.py:208} INFO - Processing /home/airflow/.local/lib/python3.12/site-packages/airflow/example_dags/example_latest_only_with_trigger.py took 0.238 seconds
[2024-11-20T14:28:17.677+0000] {processor.py:186} INFO - Started process (PID=142) to work on /home/airflow/.local/lib/python3.12/site-packages/airflow/example_dags/example_latest_only_with_trigger.py
[2024-11-20T14:28:17.678+0000] {processor.py:914} INFO - Processing file /home/airflow/.local/lib/python3.12/site-packages/airflow/example_dags/example_latest_only_with_trigger.py for tasks to queue
[2024-11-20T14:28:17.679+0000] {logging_mixin.py:190} INFO - [2024-11-20T14:28:17.679+0000] {dagbag.py:588} INFO - Filling up the DagBag from /home/airflow/.local/lib/python3.12/site-packages/airflow/example_dags/example_latest_only_with_trigger.py
[2024-11-20T14:28:17.685+0000] {processor.py:925} INFO - DAG(s) 'latest_only_with_trigger' retrieved from /home/airflow/.local/lib/python3.12/site-packages/airflow/example_dags/example_latest_only_with_trigger.py
[2024-11-20T14:28:17.699+0000] {logging_mixin.py:190} INFO - [2024-11-20T14:28:17.699+0000] {dag.py:3239} INFO - Sync 1 DAGs
[2024-11-20T14:28:17.714+0000] {logging_mixin.py:190} INFO - [2024-11-20T14:28:17.714+0000] {dag.py:4180} INFO - Setting next_dagrun for latest_only_with_trigger to 2024-11-20 08:00:00+00:00, run_after=2024-11-20 12:00:00+00:00
[2024-11-20T14:28:17.729+0000] {processor.py:208} INFO - Processing /home/airflow/.local/lib/python3.12/site-packages/airflow/example_dags/example_latest_only_with_trigger.py took 0.059 seconds
[2024-11-20T14:28:48.239+0000] {processor.py:186} INFO - Started process (PID=205) to work on /home/airflow/.local/lib/python3.12/site-packages/airflow/example_dags/example_latest_only_with_trigger.py
[2024-11-20T14:28:48.240+0000] {processor.py:914} INFO - Processing file /home/airflow/.local/lib/python3.12/site-packages/airflow/example_dags/example_latest_only_with_trigger.py for tasks to queue
[2024-11-20T14:28:48.242+0000] {logging_mixin.py:190} INFO - [2024-11-20T14:28:48.242+0000] {dagbag.py:588} INFO - Filling up the DagBag from /home/airflow/.local/lib/python3.12/site-packages/airflow/example_dags/example_latest_only_with_trigger.py
[2024-11-20T14:28:48.247+0000] {processor.py:925} INFO - DAG(s) 'latest_only_with_trigger' retrieved from /home/airflow/.local/lib/python3.12/site-packages/airflow/example_dags/example_latest_only_with_trigger.py
[2024-11-20T14:28:48.261+0000] {logging_mixin.py:190} INFO - [2024-11-20T14:28:48.260+0000] {dag.py:3239} INFO - Sync 1 DAGs
[2024-11-20T14:28:48.275+0000] {logging_mixin.py:190} INFO - [2024-11-20T14:28:48.275+0000] {dag.py:4180} INFO - Setting next_dagrun for latest_only_with_trigger to 2024-11-20 08:00:00+00:00, run_after=2024-11-20 12:00:00+00:00
[2024-11-20T14:28:48.290+0000] {processor.py:208} INFO - Processing /home/airflow/.local/lib/python3.12/site-packages/airflow/example_dags/example_latest_only_with_trigger.py took 0.055 seconds
[2024-11-20T14:29:18.400+0000] {processor.py:186} INFO - Started process (PID=268) to work on /home/airflow/.local/lib/python3.12/site-packages/airflow/example_dags/example_latest_only_with_trigger.py
[2024-11-20T14:29:18.401+0000] {processor.py:914} INFO - Processing file /home/airflow/.local/lib/python3.12/site-packages/airflow/example_dags/example_latest_only_with_trigger.py for tasks to queue
[2024-11-20T14:29:18.403+0000] {logging_mixin.py:190} INFO - [2024-11-20T14:29:18.403+0000] {dagbag.py:588} INFO - Filling up the DagBag from /home/airflow/.local/lib/python3.12/site-packages/airflow/example_dags/example_latest_only_with_trigger.py
[2024-11-20T14:29:18.408+0000] {processor.py:925} INFO - DAG(s) 'latest_only_with_trigger' retrieved from /home/airflow/.local/lib/python3.12/site-packages/airflow/example_dags/example_latest_only_with_trigger.py
[2024-11-20T14:29:18.424+0000] {logging_mixin.py:190} INFO - [2024-11-20T14:29:18.424+0000] {dag.py:3239} INFO - Sync 1 DAGs
[2024-11-20T14:29:18.441+0000] {logging_mixin.py:190} INFO - [2024-11-20T14:29:18.441+0000] {dag.py:4180} INFO - Setting next_dagrun for latest_only_with_trigger to 2024-11-20 08:00:00+00:00, run_after=2024-11-20 12:00:00+00:00
[2024-11-20T14:29:18.460+0000] {processor.py:208} INFO - Processing /home/airflow/.local/lib/python3.12/site-packages/airflow/example_dags/example_latest_only_with_trigger.py took 0.064 seconds
[2024-11-20T14:29:49.095+0000] {processor.py:186} INFO - Started process (PID=330) to work on /home/airflow/.local/lib/python3.12/site-packages/airflow/example_dags/example_latest_only_with_trigger.py
[2024-11-20T14:29:49.096+0000] {processor.py:914} INFO - Processing file /home/airflow/.local/lib/python3.12/site-packages/airflow/example_dags/example_latest_only_with_trigger.py for tasks to queue
[2024-11-20T14:29:49.098+0000] {logging_mixin.py:190} INFO - [2024-11-20T14:29:49.097+0000] {dagbag.py:588} INFO - Filling up the DagBag from /home/airflow/.local/lib/python3.12/site-packages/airflow/example_dags/example_latest_only_with_trigger.py
[2024-11-20T14:29:49.103+0000] {processor.py:925} INFO - DAG(s) 'latest_only_with_trigger' retrieved from /home/airflow/.local/lib/python3.12/site-packages/airflow/example_dags/example_latest_only_with_trigger.py
[2024-11-20T14:29:49.116+0000] {logging_mixin.py:190} INFO - [2024-11-20T14:29:49.116+0000] {dag.py:3239} INFO - Sync 1 DAGs
[2024-11-20T14:29:49.132+0000] {logging_mixin.py:190} INFO - [2024-11-20T14:29:49.132+0000] {dag.py:4180} INFO - Setting next_dagrun for latest_only_with_trigger to 2024-11-20 08:00:00+00:00, run_after=2024-11-20 12:00:00+00:00
[2024-11-20T14:29:49.149+0000] {processor.py:208} INFO - Processing /home/airflow/.local/lib/python3.12/site-packages/airflow/example_dags/example_latest_only_with_trigger.py took 0.057 seconds
[2024-11-20T14:30:20.021+0000] {processor.py:186} INFO - Started process (PID=393) to work on /home/airflow/.local/lib/python3.12/site-packages/airflow/example_dags/example_latest_only_with_trigger.py
[2024-11-20T14:30:20.022+0000] {processor.py:914} INFO - Processing file /home/airflow/.local/lib/python3.12/site-packages/airflow/example_dags/example_latest_only_with_trigger.py for tasks to queue
[2024-11-20T14:30:20.024+0000] {logging_mixin.py:190} INFO - [2024-11-20T14:30:20.024+0000] {dagbag.py:588} INFO - Filling up the DagBag from /home/airflow/.local/lib/python3.12/site-packages/airflow/example_dags/example_latest_only_with_trigger.py
[2024-11-20T14:30:20.029+0000] {processor.py:925} INFO - DAG(s) 'latest_only_with_trigger' retrieved from /home/airflow/.local/lib/python3.12/site-packages/airflow/example_dags/example_latest_only_with_trigger.py
[2024-11-20T14:30:20.045+0000] {logging_mixin.py:190} INFO - [2024-11-20T14:30:20.045+0000] {dag.py:3239} INFO - Sync 1 DAGs
[2024-11-20T14:30:20.061+0000] {logging_mixin.py:190} INFO - [2024-11-20T14:30:20.061+0000] {dag.py:4180} INFO - Setting next_dagrun for latest_only_with_trigger to 2024-11-20 08:00:00+00:00, run_after=2024-11-20 12:00:00+00:00
[2024-11-20T14:30:20.088+0000] {processor.py:208} INFO - Processing /home/airflow/.local/lib/python3.12/site-packages/airflow/example_dags/example_latest_only_with_trigger.py took 0.071 seconds
[2024-11-20T14:30:50.502+0000] {processor.py:186} INFO - Started process (PID=456) to work on /home/airflow/.local/lib/python3.12/site-packages/airflow/example_dags/example_latest_only_with_trigger.py
[2024-11-20T14:30:50.503+0000] {processor.py:914} INFO - Processing file /home/airflow/.local/lib/python3.12/site-packages/airflow/example_dags/example_latest_only_with_trigger.py for tasks to queue
[2024-11-20T14:30:50.505+0000] {logging_mixin.py:190} INFO - [2024-11-20T14:30:50.505+0000] {dagbag.py:588} INFO - Filling up the DagBag from /home/airflow/.local/lib/python3.12/site-packages/airflow/example_dags/example_latest_only_with_trigger.py
[2024-11-20T14:30:50.510+0000] {processor.py:925} INFO - DAG(s) 'latest_only_with_trigger' retrieved from /home/airflow/.local/lib/python3.12/site-packages/airflow/example_dags/example_latest_only_with_trigger.py
[2024-11-20T14:30:50.525+0000] {logging_mixin.py:190} INFO - [2024-11-20T14:30:50.525+0000] {dag.py:3239} INFO - Sync 1 DAGs
[2024-11-20T14:30:50.541+0000] {logging_mixin.py:190} INFO - [2024-11-20T14:30:50.541+0000] {dag.py:4180} INFO - Setting next_dagrun for latest_only_with_trigger to 2024-11-20 08:00:00+00:00, run_after=2024-11-20 12:00:00+00:00
[2024-11-20T14:30:50.558+0000] {processor.py:208} INFO - Processing /home/airflow/.local/lib/python3.12/site-packages/airflow/example_dags/example_latest_only_with_trigger.py took 0.060 seconds
[2024-11-20T14:31:21.196+0000] {processor.py:186} INFO - Started process (PID=526) to work on /home/airflow/.local/lib/python3.12/site-packages/airflow/example_dags/example_latest_only_with_trigger.py
[2024-11-20T14:31:21.197+0000] {processor.py:914} INFO - Processing file /home/airflow/.local/lib/python3.12/site-packages/airflow/example_dags/example_latest_only_with_trigger.py for tasks to queue
[2024-11-20T14:31:21.200+0000] {logging_mixin.py:190} INFO - [2024-11-20T14:31:21.199+0000] {dagbag.py:588} INFO - Filling up the DagBag from /home/airflow/.local/lib/python3.12/site-packages/airflow/example_dags/example_latest_only_with_trigger.py
[2024-11-20T14:31:21.205+0000] {processor.py:925} INFO - DAG(s) 'latest_only_with_trigger' retrieved from /home/airflow/.local/lib/python3.12/site-packages/airflow/example_dags/example_latest_only_with_trigger.py
[2024-11-20T14:31:21.220+0000] {logging_mixin.py:190} INFO - [2024-11-20T14:31:21.220+0000] {dag.py:3239} INFO - Sync 1 DAGs
[2024-11-20T14:31:21.236+0000] {logging_mixin.py:190} INFO - [2024-11-20T14:31:21.236+0000] {dag.py:4180} INFO - Setting next_dagrun for latest_only_with_trigger to 2024-11-20 08:00:00+00:00, run_after=2024-11-20 12:00:00+00:00
[2024-11-20T14:31:21.253+0000] {processor.py:208} INFO - Processing /home/airflow/.local/lib/python3.12/site-packages/airflow/example_dags/example_latest_only_with_trigger.py took 0.060 seconds
[2024-11-20T14:31:51.844+0000] {processor.py:186} INFO - Started process (PID=589) to work on /home/airflow/.local/lib/python3.12/site-packages/airflow/example_dags/example_latest_only_with_trigger.py
[2024-11-20T14:31:51.845+0000] {processor.py:914} INFO - Processing file /home/airflow/.local/lib/python3.12/site-packages/airflow/example_dags/example_latest_only_with_trigger.py for tasks to queue
[2024-11-20T14:31:51.847+0000] {logging_mixin.py:190} INFO - [2024-11-20T14:31:51.847+0000] {dagbag.py:588} INFO - Filling up the DagBag from /home/airflow/.local/lib/python3.12/site-packages/airflow/example_dags/example_latest_only_with_trigger.py
[2024-11-20T14:31:51.853+0000] {processor.py:925} INFO - DAG(s) 'latest_only_with_trigger' retrieved from /home/airflow/.local/lib/python3.12/site-packages/airflow/example_dags/example_latest_only_with_trigger.py
[2024-11-20T14:31:51.868+0000] {logging_mixin.py:190} INFO - [2024-11-20T14:31:51.868+0000] {dag.py:3239} INFO - Sync 1 DAGs
[2024-11-20T14:31:51.884+0000] {logging_mixin.py:190} INFO - [2024-11-20T14:31:51.883+0000] {dag.py:4180} INFO - Setting next_dagrun for latest_only_with_trigger to 2024-11-20 08:00:00+00:00, run_after=2024-11-20 12:00:00+00:00
[2024-11-20T14:31:51.900+0000] {processor.py:208} INFO - Processing /home/airflow/.local/lib/python3.12/site-packages/airflow/example_dags/example_latest_only_with_trigger.py took 0.061 seconds
[2024-11-20T14:32:22.145+0000] {processor.py:186} INFO - Started process (PID=652) to work on /home/airflow/.local/lib/python3.12/site-packages/airflow/example_dags/example_latest_only_with_trigger.py
[2024-11-20T14:32:22.146+0000] {processor.py:914} INFO - Processing file /home/airflow/.local/lib/python3.12/site-packages/airflow/example_dags/example_latest_only_with_trigger.py for tasks to queue
[2024-11-20T14:32:22.148+0000] {logging_mixin.py:190} INFO - [2024-11-20T14:32:22.148+0000] {dagbag.py:588} INFO - Filling up the DagBag from /home/airflow/.local/lib/python3.12/site-packages/airflow/example_dags/example_latest_only_with_trigger.py
[2024-11-20T14:32:22.154+0000] {processor.py:925} INFO - DAG(s) 'latest_only_with_trigger' retrieved from /home/airflow/.local/lib/python3.12/site-packages/airflow/example_dags/example_latest_only_with_trigger.py
[2024-11-20T14:32:22.169+0000] {logging_mixin.py:190} INFO - [2024-11-20T14:32:22.169+0000] {dag.py:3239} INFO - Sync 1 DAGs
[2024-11-20T14:32:22.184+0000] {logging_mixin.py:190} INFO - [2024-11-20T14:32:22.184+0000] {dag.py:4180} INFO - Setting next_dagrun for latest_only_with_trigger to 2024-11-20 08:00:00+00:00, run_after=2024-11-20 12:00:00+00:00
[2024-11-20T14:32:22.201+0000] {processor.py:208} INFO - Processing /home/airflow/.local/lib/python3.12/site-packages/airflow/example_dags/example_latest_only_with_trigger.py took 0.060 seconds
[2024-11-20T14:32:52.266+0000] {processor.py:186} INFO - Started process (PID=714) to work on /home/airflow/.local/lib/python3.12/site-packages/airflow/example_dags/example_latest_only_with_trigger.py
[2024-11-20T14:32:52.268+0000] {processor.py:914} INFO - Processing file /home/airflow/.local/lib/python3.12/site-packages/airflow/example_dags/example_latest_only_with_trigger.py for tasks to queue
[2024-11-20T14:32:52.270+0000] {logging_mixin.py:190} INFO - [2024-11-20T14:32:52.269+0000] {dagbag.py:588} INFO - Filling up the DagBag from /home/airflow/.local/lib/python3.12/site-packages/airflow/example_dags/example_latest_only_with_trigger.py
[2024-11-20T14:32:52.275+0000] {processor.py:925} INFO - DAG(s) 'latest_only_with_trigger' retrieved from /home/airflow/.local/lib/python3.12/site-packages/airflow/example_dags/example_latest_only_with_trigger.py
[2024-11-20T14:32:52.290+0000] {logging_mixin.py:190} INFO - [2024-11-20T14:32:52.290+0000] {dag.py:3239} INFO - Sync 1 DAGs
[2024-11-20T14:32:52.304+0000] {logging_mixin.py:190} INFO - [2024-11-20T14:32:52.304+0000] {dag.py:4180} INFO - Setting next_dagrun for latest_only_with_trigger to 2024-11-20 08:00:00+00:00, run_after=2024-11-20 12:00:00+00:00
[2024-11-20T14:32:52.321+0000] {processor.py:208} INFO - Processing /home/airflow/.local/lib/python3.12/site-packages/airflow/example_dags/example_latest_only_with_trigger.py took 0.058 seconds
[2024-11-20T14:33:22.915+0000] {processor.py:186} INFO - Started process (PID=777) to work on /home/airflow/.local/lib/python3.12/site-packages/airflow/example_dags/example_latest_only_with_trigger.py
[2024-11-20T14:33:22.916+0000] {processor.py:914} INFO - Processing file /home/airflow/.local/lib/python3.12/site-packages/airflow/example_dags/example_latest_only_with_trigger.py for tasks to queue
[2024-11-20T14:33:22.918+0000] {logging_mixin.py:190} INFO - [2024-11-20T14:33:22.918+0000] {dagbag.py:588} INFO - Filling up the DagBag from /home/airflow/.local/lib/python3.12/site-packages/airflow/example_dags/example_latest_only_with_trigger.py
[2024-11-20T14:33:22.924+0000] {processor.py:925} INFO - DAG(s) 'latest_only_with_trigger' retrieved from /home/airflow/.local/lib/python3.12/site-packages/airflow/example_dags/example_latest_only_with_trigger.py
[2024-11-20T14:33:22.938+0000] {logging_mixin.py:190} INFO - [2024-11-20T14:33:22.938+0000] {dag.py:3239} INFO - Sync 1 DAGs
[2024-11-20T14:33:22.953+0000] {logging_mixin.py:190} INFO - [2024-11-20T14:33:22.953+0000] {dag.py:4180} INFO - Setting next_dagrun for latest_only_with_trigger to 2024-11-20 08:00:00+00:00, run_after=2024-11-20 12:00:00+00:00
[2024-11-20T14:33:22.973+0000] {processor.py:208} INFO - Processing /home/airflow/.local/lib/python3.12/site-packages/airflow/example_dags/example_latest_only_with_trigger.py took 0.061 seconds
[2024-11-20T14:33:53.559+0000] {processor.py:186} INFO - Started process (PID=840) to work on /home/airflow/.local/lib/python3.12/site-packages/airflow/example_dags/example_latest_only_with_trigger.py
[2024-11-20T14:33:53.560+0000] {processor.py:914} INFO - Processing file /home/airflow/.local/lib/python3.12/site-packages/airflow/example_dags/example_latest_only_with_trigger.py for tasks to queue
[2024-11-20T14:33:53.562+0000] {logging_mixin.py:190} INFO - [2024-11-20T14:33:53.562+0000] {dagbag.py:588} INFO - Filling up the DagBag from /home/airflow/.local/lib/python3.12/site-packages/airflow/example_dags/example_latest_only_with_trigger.py
[2024-11-20T14:33:53.567+0000] {processor.py:925} INFO - DAG(s) 'latest_only_with_trigger' retrieved from /home/airflow/.local/lib/python3.12/site-packages/airflow/example_dags/example_latest_only_with_trigger.py
[2024-11-20T14:33:53.582+0000] {logging_mixin.py:190} INFO - [2024-11-20T14:33:53.581+0000] {dag.py:3239} INFO - Sync 1 DAGs
[2024-11-20T14:33:53.596+0000] {logging_mixin.py:190} INFO - [2024-11-20T14:33:53.596+0000] {dag.py:4180} INFO - Setting next_dagrun for latest_only_with_trigger to 2024-11-20 08:00:00+00:00, run_after=2024-11-20 12:00:00+00:00
[2024-11-20T14:33:53.614+0000] {processor.py:208} INFO - Processing /home/airflow/.local/lib/python3.12/site-packages/airflow/example_dags/example_latest_only_with_trigger.py took 0.058 seconds
[2024-11-20T14:34:24.163+0000] {processor.py:186} INFO - Started process (PID=903) to work on /home/airflow/.local/lib/python3.12/site-packages/airflow/example_dags/example_latest_only_with_trigger.py
[2024-11-20T14:34:24.164+0000] {processor.py:914} INFO - Processing file /home/airflow/.local/lib/python3.12/site-packages/airflow/example_dags/example_latest_only_with_trigger.py for tasks to queue
[2024-11-20T14:34:24.166+0000] {logging_mixin.py:190} INFO - [2024-11-20T14:34:24.166+0000] {dagbag.py:588} INFO - Filling up the DagBag from /home/airflow/.local/lib/python3.12/site-packages/airflow/example_dags/example_latest_only_with_trigger.py
[2024-11-20T14:34:24.171+0000] {processor.py:925} INFO - DAG(s) 'latest_only_with_trigger' retrieved from /home/airflow/.local/lib/python3.12/site-packages/airflow/example_dags/example_latest_only_with_trigger.py
[2024-11-20T14:34:24.185+0000] {logging_mixin.py:190} INFO - [2024-11-20T14:34:24.185+0000] {dag.py:3239} INFO - Sync 1 DAGs
[2024-11-20T14:34:24.200+0000] {logging_mixin.py:190} INFO - [2024-11-20T14:34:24.200+0000] {dag.py:4180} INFO - Setting next_dagrun for latest_only_with_trigger to 2024-11-20 08:00:00+00:00, run_after=2024-11-20 12:00:00+00:00
[2024-11-20T14:34:24.218+0000] {processor.py:208} INFO - Processing /home/airflow/.local/lib/python3.12/site-packages/airflow/example_dags/example_latest_only_with_trigger.py took 0.058 seconds
[2024-11-20T14:34:55.006+0000] {processor.py:186} INFO - Started process (PID=966) to work on /home/airflow/.local/lib/python3.12/site-packages/airflow/example_dags/example_latest_only_with_trigger.py
[2024-11-20T14:34:55.006+0000] {processor.py:914} INFO - Processing file /home/airflow/.local/lib/python3.12/site-packages/airflow/example_dags/example_latest_only_with_trigger.py for tasks to queue
[2024-11-20T14:34:55.008+0000] {logging_mixin.py:190} INFO - [2024-11-20T14:34:55.008+0000] {dagbag.py:588} INFO - Filling up the DagBag from /home/airflow/.local/lib/python3.12/site-packages/airflow/example_dags/example_latest_only_with_trigger.py
[2024-11-20T14:34:55.013+0000] {processor.py:925} INFO - DAG(s) 'latest_only_with_trigger' retrieved from /home/airflow/.local/lib/python3.12/site-packages/airflow/example_dags/example_latest_only_with_trigger.py
[2024-11-20T14:34:55.028+0000] {logging_mixin.py:190} INFO - [2024-11-20T14:34:55.028+0000] {dag.py:3239} INFO - Sync 1 DAGs
[2024-11-20T14:34:55.044+0000] {logging_mixin.py:190} INFO - [2024-11-20T14:34:55.043+0000] {dag.py:4180} INFO - Setting next_dagrun for latest_only_with_trigger to 2024-11-20 08:00:00+00:00, run_after=2024-11-20 12:00:00+00:00
[2024-11-20T14:34:55.061+0000] {processor.py:208} INFO - Processing /home/airflow/.local/lib/python3.12/site-packages/airflow/example_dags/example_latest_only_with_trigger.py took 0.059 seconds
[2024-11-20T14:35:25.595+0000] {processor.py:186} INFO - Started process (PID=1029) to work on /home/airflow/.local/lib/python3.12/site-packages/airflow/example_dags/example_latest_only_with_trigger.py
[2024-11-20T14:35:25.596+0000] {processor.py:914} INFO - Processing file /home/airflow/.local/lib/python3.12/site-packages/airflow/example_dags/example_latest_only_with_trigger.py for tasks to queue
[2024-11-20T14:35:25.597+0000] {logging_mixin.py:190} INFO - [2024-11-20T14:35:25.597+0000] {dagbag.py:588} INFO - Filling up the DagBag from /home/airflow/.local/lib/python3.12/site-packages/airflow/example_dags/example_latest_only_with_trigger.py
[2024-11-20T14:35:25.602+0000] {processor.py:925} INFO - DAG(s) 'latest_only_with_trigger' retrieved from /home/airflow/.local/lib/python3.12/site-packages/airflow/example_dags/example_latest_only_with_trigger.py
[2024-11-20T14:35:25.616+0000] {logging_mixin.py:190} INFO - [2024-11-20T14:35:25.616+0000] {dag.py:3239} INFO - Sync 1 DAGs
[2024-11-20T14:35:25.631+0000] {logging_mixin.py:190} INFO - [2024-11-20T14:35:25.630+0000] {dag.py:4180} INFO - Setting next_dagrun for latest_only_with_trigger to 2024-11-20 08:00:00+00:00, run_after=2024-11-20 12:00:00+00:00
[2024-11-20T14:35:25.647+0000] {processor.py:208} INFO - Processing /home/airflow/.local/lib/python3.12/site-packages/airflow/example_dags/example_latest_only_with_trigger.py took 0.056 seconds
[2024-11-20T14:35:56.384+0000] {processor.py:186} INFO - Started process (PID=1092) to work on /home/airflow/.local/lib/python3.12/site-packages/airflow/example_dags/example_latest_only_with_trigger.py
[2024-11-20T14:35:56.385+0000] {processor.py:914} INFO - Processing file /home/airflow/.local/lib/python3.12/site-packages/airflow/example_dags/example_latest_only_with_trigger.py for tasks to queue
[2024-11-20T14:35:56.387+0000] {logging_mixin.py:190} INFO - [2024-11-20T14:35:56.387+0000] {dagbag.py:588} INFO - Filling up the DagBag from /home/airflow/.local/lib/python3.12/site-packages/airflow/example_dags/example_latest_only_with_trigger.py
[2024-11-20T14:35:56.392+0000] {processor.py:925} INFO - DAG(s) 'latest_only_with_trigger' retrieved from /home/airflow/.local/lib/python3.12/site-packages/airflow/example_dags/example_latest_only_with_trigger.py
[2024-11-20T14:35:56.407+0000] {logging_mixin.py:190} INFO - [2024-11-20T14:35:56.406+0000] {dag.py:3239} INFO - Sync 1 DAGs
[2024-11-20T14:35:56.421+0000] {logging_mixin.py:190} INFO - [2024-11-20T14:35:56.421+0000] {dag.py:4180} INFO - Setting next_dagrun for latest_only_with_trigger to 2024-11-20 08:00:00+00:00, run_after=2024-11-20 12:00:00+00:00
[2024-11-20T14:35:56.438+0000] {processor.py:208} INFO - Processing /home/airflow/.local/lib/python3.12/site-packages/airflow/example_dags/example_latest_only_with_trigger.py took 0.057 seconds
[2024-11-20T14:36:27.122+0000] {processor.py:186} INFO - Started process (PID=1155) to work on /home/airflow/.local/lib/python3.12/site-packages/airflow/example_dags/example_latest_only_with_trigger.py
[2024-11-20T14:36:27.123+0000] {processor.py:914} INFO - Processing file /home/airflow/.local/lib/python3.12/site-packages/airflow/example_dags/example_latest_only_with_trigger.py for tasks to queue
[2024-11-20T14:36:27.125+0000] {logging_mixin.py:190} INFO - [2024-11-20T14:36:27.125+0000] {dagbag.py:588} INFO - Filling up the DagBag from /home/airflow/.local/lib/python3.12/site-packages/airflow/example_dags/example_latest_only_with_trigger.py
[2024-11-20T14:36:27.130+0000] {processor.py:925} INFO - DAG(s) 'latest_only_with_trigger' retrieved from /home/airflow/.local/lib/python3.12/site-packages/airflow/example_dags/example_latest_only_with_trigger.py
[2024-11-20T14:36:27.143+0000] {logging_mixin.py:190} INFO - [2024-11-20T14:36:27.143+0000] {dag.py:3239} INFO - Sync 1 DAGs
[2024-11-20T14:36:27.157+0000] {logging_mixin.py:190} INFO - [2024-11-20T14:36:27.157+0000] {dag.py:4180} INFO - Setting next_dagrun for latest_only_with_trigger to 2024-11-20 08:00:00+00:00, run_after=2024-11-20 12:00:00+00:00
[2024-11-20T14:36:27.174+0000] {processor.py:208} INFO - Processing /home/airflow/.local/lib/python3.12/site-packages/airflow/example_dags/example_latest_only_with_trigger.py took 0.054 seconds
[2024-11-20T14:36:57.207+0000] {processor.py:186} INFO - Started process (PID=1218) to work on /home/airflow/.local/lib/python3.12/site-packages/airflow/example_dags/example_latest_only_with_trigger.py
[2024-11-20T14:36:57.207+0000] {processor.py:914} INFO - Processing file /home/airflow/.local/lib/python3.12/site-packages/airflow/example_dags/example_latest_only_with_trigger.py for tasks to queue
[2024-11-20T14:36:57.209+0000] {logging_mixin.py:190} INFO - [2024-11-20T14:36:57.209+0000] {dagbag.py:588} INFO - Filling up the DagBag from /home/airflow/.local/lib/python3.12/site-packages/airflow/example_dags/example_latest_only_with_trigger.py
[2024-11-20T14:36:57.213+0000] {processor.py:925} INFO - DAG(s) 'latest_only_with_trigger' retrieved from /home/airflow/.local/lib/python3.12/site-packages/airflow/example_dags/example_latest_only_with_trigger.py
[2024-11-20T14:36:57.227+0000] {logging_mixin.py:190} INFO - [2024-11-20T14:36:57.227+0000] {dag.py:3239} INFO - Sync 1 DAGs
[2024-11-20T14:36:57.242+0000] {logging_mixin.py:190} INFO - [2024-11-20T14:36:57.242+0000] {dag.py:4180} INFO - Setting next_dagrun for latest_only_with_trigger to 2024-11-20 08:00:00+00:00, run_after=2024-11-20 12:00:00+00:00
[2024-11-20T14:36:57.260+0000] {processor.py:208} INFO - Processing /home/airflow/.local/lib/python3.12/site-packages/airflow/example_dags/example_latest_only_with_trigger.py took 0.057 seconds
[2024-11-20T14:37:27.697+0000] {processor.py:186} INFO - Started process (PID=1281) to work on /home/airflow/.local/lib/python3.12/site-packages/airflow/example_dags/example_latest_only_with_trigger.py
[2024-11-20T14:37:27.698+0000] {processor.py:914} INFO - Processing file /home/airflow/.local/lib/python3.12/site-packages/airflow/example_dags/example_latest_only_with_trigger.py for tasks to queue
[2024-11-20T14:37:27.699+0000] {logging_mixin.py:190} INFO - [2024-11-20T14:37:27.699+0000] {dagbag.py:588} INFO - Filling up the DagBag from /home/airflow/.local/lib/python3.12/site-packages/airflow/example_dags/example_latest_only_with_trigger.py
[2024-11-20T14:37:27.704+0000] {processor.py:925} INFO - DAG(s) 'latest_only_with_trigger' retrieved from /home/airflow/.local/lib/python3.12/site-packages/airflow/example_dags/example_latest_only_with_trigger.py
[2024-11-20T14:37:27.718+0000] {logging_mixin.py:190} INFO - [2024-11-20T14:37:27.718+0000] {dag.py:3239} INFO - Sync 1 DAGs
[2024-11-20T14:37:27.732+0000] {logging_mixin.py:190} INFO - [2024-11-20T14:37:27.732+0000] {dag.py:4180} INFO - Setting next_dagrun for latest_only_with_trigger to 2024-11-20 08:00:00+00:00, run_after=2024-11-20 12:00:00+00:00
[2024-11-20T14:37:27.747+0000] {processor.py:208} INFO - Processing /home/airflow/.local/lib/python3.12/site-packages/airflow/example_dags/example_latest_only_with_trigger.py took 0.054 seconds
[2024-11-20T14:37:57.898+0000] {processor.py:186} INFO - Started process (PID=1344) to work on /home/airflow/.local/lib/python3.12/site-packages/airflow/example_dags/example_latest_only_with_trigger.py
[2024-11-20T14:37:57.898+0000] {processor.py:914} INFO - Processing file /home/airflow/.local/lib/python3.12/site-packages/airflow/example_dags/example_latest_only_with_trigger.py for tasks to queue
[2024-11-20T14:37:57.900+0000] {logging_mixin.py:190} INFO - [2024-11-20T14:37:57.900+0000] {dagbag.py:588} INFO - Filling up the DagBag from /home/airflow/.local/lib/python3.12/site-packages/airflow/example_dags/example_latest_only_with_trigger.py
[2024-11-20T14:37:57.905+0000] {processor.py:925} INFO - DAG(s) 'latest_only_with_trigger' retrieved from /home/airflow/.local/lib/python3.12/site-packages/airflow/example_dags/example_latest_only_with_trigger.py
[2024-11-20T14:37:57.918+0000] {logging_mixin.py:190} INFO - [2024-11-20T14:37:57.918+0000] {dag.py:3239} INFO - Sync 1 DAGs
[2024-11-20T14:37:57.933+0000] {logging_mixin.py:190} INFO - [2024-11-20T14:37:57.933+0000] {dag.py:4180} INFO - Setting next_dagrun for latest_only_with_trigger to 2024-11-20 08:00:00+00:00, run_after=2024-11-20 12:00:00+00:00
[2024-11-20T14:37:57.949+0000] {processor.py:208} INFO - Processing /home/airflow/.local/lib/python3.12/site-packages/airflow/example_dags/example_latest_only_with_trigger.py took 0.055 seconds
[2024-11-20T14:38:28.330+0000] {processor.py:186} INFO - Started process (PID=1407) to work on /home/airflow/.local/lib/python3.12/site-packages/airflow/example_dags/example_latest_only_with_trigger.py
[2024-11-20T14:38:28.331+0000] {processor.py:914} INFO - Processing file /home/airflow/.local/lib/python3.12/site-packages/airflow/example_dags/example_latest_only_with_trigger.py for tasks to queue
[2024-11-20T14:38:28.332+0000] {logging_mixin.py:190} INFO - [2024-11-20T14:38:28.332+0000] {dagbag.py:588} INFO - Filling up the DagBag from /home/airflow/.local/lib/python3.12/site-packages/airflow/example_dags/example_latest_only_with_trigger.py
[2024-11-20T14:38:28.337+0000] {processor.py:925} INFO - DAG(s) 'latest_only_with_trigger' retrieved from /home/airflow/.local/lib/python3.12/site-packages/airflow/example_dags/example_latest_only_with_trigger.py
[2024-11-20T14:38:28.350+0000] {logging_mixin.py:190} INFO - [2024-11-20T14:38:28.350+0000] {dag.py:3239} INFO - Sync 1 DAGs
[2024-11-20T14:38:28.365+0000] {logging_mixin.py:190} INFO - [2024-11-20T14:38:28.364+0000] {dag.py:4180} INFO - Setting next_dagrun for latest_only_with_trigger to 2024-11-20 08:00:00+00:00, run_after=2024-11-20 12:00:00+00:00
[2024-11-20T14:38:28.382+0000] {processor.py:208} INFO - Processing /home/airflow/.local/lib/python3.12/site-packages/airflow/example_dags/example_latest_only_with_trigger.py took 0.056 seconds
[2024-11-20T14:38:58.433+0000] {processor.py:186} INFO - Started process (PID=1470) to work on /home/airflow/.local/lib/python3.12/site-packages/airflow/example_dags/example_latest_only_with_trigger.py
[2024-11-20T14:38:58.435+0000] {processor.py:914} INFO - Processing file /home/airflow/.local/lib/python3.12/site-packages/airflow/example_dags/example_latest_only_with_trigger.py for tasks to queue
[2024-11-20T14:38:58.437+0000] {logging_mixin.py:190} INFO - [2024-11-20T14:38:58.437+0000] {dagbag.py:588} INFO - Filling up the DagBag from /home/airflow/.local/lib/python3.12/site-packages/airflow/example_dags/example_latest_only_with_trigger.py
[2024-11-20T14:38:58.441+0000] {processor.py:925} INFO - DAG(s) 'latest_only_with_trigger' retrieved from /home/airflow/.local/lib/python3.12/site-packages/airflow/example_dags/example_latest_only_with_trigger.py
[2024-11-20T14:38:58.455+0000] {logging_mixin.py:190} INFO - [2024-11-20T14:38:58.455+0000] {dag.py:3239} INFO - Sync 1 DAGs
[2024-11-20T14:38:58.468+0000] {logging_mixin.py:190} INFO - [2024-11-20T14:38:58.468+0000] {dag.py:4180} INFO - Setting next_dagrun for latest_only_with_trigger to 2024-11-20 08:00:00+00:00, run_after=2024-11-20 12:00:00+00:00
[2024-11-20T14:38:58.484+0000] {processor.py:208} INFO - Processing /home/airflow/.local/lib/python3.12/site-packages/airflow/example_dags/example_latest_only_with_trigger.py took 0.055 seconds
[2024-11-20T14:39:28.587+0000] {processor.py:186} INFO - Started process (PID=1533) to work on /home/airflow/.local/lib/python3.12/site-packages/airflow/example_dags/example_latest_only_with_trigger.py
[2024-11-20T14:39:28.588+0000] {processor.py:914} INFO - Processing file /home/airflow/.local/lib/python3.12/site-packages/airflow/example_dags/example_latest_only_with_trigger.py for tasks to queue
[2024-11-20T14:39:28.589+0000] {logging_mixin.py:190} INFO - [2024-11-20T14:39:28.589+0000] {dagbag.py:588} INFO - Filling up the DagBag from /home/airflow/.local/lib/python3.12/site-packages/airflow/example_dags/example_latest_only_with_trigger.py
[2024-11-20T14:39:28.595+0000] {processor.py:925} INFO - DAG(s) 'latest_only_with_trigger' retrieved from /home/airflow/.local/lib/python3.12/site-packages/airflow/example_dags/example_latest_only_with_trigger.py
[2024-11-20T14:39:28.608+0000] {logging_mixin.py:190} INFO - [2024-11-20T14:39:28.608+0000] {dag.py:3239} INFO - Sync 1 DAGs
[2024-11-20T14:39:28.623+0000] {logging_mixin.py:190} INFO - [2024-11-20T14:39:28.623+0000] {dag.py:4180} INFO - Setting next_dagrun for latest_only_with_trigger to 2024-11-20 08:00:00+00:00, run_after=2024-11-20 12:00:00+00:00
[2024-11-20T14:39:28.637+0000] {processor.py:208} INFO - Processing /home/airflow/.local/lib/python3.12/site-packages/airflow/example_dags/example_latest_only_with_trigger.py took 0.054 seconds
[2024-11-20T14:39:59.285+0000] {processor.py:186} INFO - Started process (PID=1596) to work on /home/airflow/.local/lib/python3.12/site-packages/airflow/example_dags/example_latest_only_with_trigger.py
[2024-11-20T14:39:59.286+0000] {processor.py:914} INFO - Processing file /home/airflow/.local/lib/python3.12/site-packages/airflow/example_dags/example_latest_only_with_trigger.py for tasks to queue
[2024-11-20T14:39:59.288+0000] {logging_mixin.py:190} INFO - [2024-11-20T14:39:59.288+0000] {dagbag.py:588} INFO - Filling up the DagBag from /home/airflow/.local/lib/python3.12/site-packages/airflow/example_dags/example_latest_only_with_trigger.py
[2024-11-20T14:39:59.293+0000] {processor.py:925} INFO - DAG(s) 'latest_only_with_trigger' retrieved from /home/airflow/.local/lib/python3.12/site-packages/airflow/example_dags/example_latest_only_with_trigger.py
[2024-11-20T14:39:59.309+0000] {logging_mixin.py:190} INFO - [2024-11-20T14:39:59.309+0000] {dag.py:3239} INFO - Sync 1 DAGs
[2024-11-20T14:39:59.324+0000] {logging_mixin.py:190} INFO - [2024-11-20T14:39:59.324+0000] {dag.py:4180} INFO - Setting next_dagrun for latest_only_with_trigger to 2024-11-20 08:00:00+00:00, run_after=2024-11-20 12:00:00+00:00
[2024-11-20T14:39:59.341+0000] {processor.py:208} INFO - Processing /home/airflow/.local/lib/python3.12/site-packages/airflow/example_dags/example_latest_only_with_trigger.py took 0.059 seconds
[2024-11-20T14:40:30.180+0000] {processor.py:186} INFO - Started process (PID=1659) to work on /home/airflow/.local/lib/python3.12/site-packages/airflow/example_dags/example_latest_only_with_trigger.py
[2024-11-20T14:40:30.182+0000] {processor.py:914} INFO - Processing file /home/airflow/.local/lib/python3.12/site-packages/airflow/example_dags/example_latest_only_with_trigger.py for tasks to queue
[2024-11-20T14:40:30.184+0000] {logging_mixin.py:190} INFO - [2024-11-20T14:40:30.183+0000] {dagbag.py:588} INFO - Filling up the DagBag from /home/airflow/.local/lib/python3.12/site-packages/airflow/example_dags/example_latest_only_with_trigger.py
[2024-11-20T14:40:30.188+0000] {processor.py:925} INFO - DAG(s) 'latest_only_with_trigger' retrieved from /home/airflow/.local/lib/python3.12/site-packages/airflow/example_dags/example_latest_only_with_trigger.py
[2024-11-20T14:40:30.204+0000] {logging_mixin.py:190} INFO - [2024-11-20T14:40:30.204+0000] {dag.py:3239} INFO - Sync 1 DAGs
[2024-11-20T14:40:30.220+0000] {logging_mixin.py:190} INFO - [2024-11-20T14:40:30.220+0000] {dag.py:4180} INFO - Setting next_dagrun for latest_only_with_trigger to 2024-11-20 08:00:00+00:00, run_after=2024-11-20 12:00:00+00:00
[2024-11-20T14:40:30.236+0000] {processor.py:208} INFO - Processing /home/airflow/.local/lib/python3.12/site-packages/airflow/example_dags/example_latest_only_with_trigger.py took 0.060 seconds
[2024-11-20T14:41:00.996+0000] {processor.py:186} INFO - Started process (PID=1722) to work on /home/airflow/.local/lib/python3.12/site-packages/airflow/example_dags/example_latest_only_with_trigger.py
[2024-11-20T14:41:00.997+0000] {processor.py:914} INFO - Processing file /home/airflow/.local/lib/python3.12/site-packages/airflow/example_dags/example_latest_only_with_trigger.py for tasks to queue
[2024-11-20T14:41:00.998+0000] {logging_mixin.py:190} INFO - [2024-11-20T14:41:00.998+0000] {dagbag.py:588} INFO - Filling up the DagBag from /home/airflow/.local/lib/python3.12/site-packages/airflow/example_dags/example_latest_only_with_trigger.py
[2024-11-20T14:41:01.003+0000] {processor.py:925} INFO - DAG(s) 'latest_only_with_trigger' retrieved from /home/airflow/.local/lib/python3.12/site-packages/airflow/example_dags/example_latest_only_with_trigger.py
[2024-11-20T14:41:01.016+0000] {logging_mixin.py:190} INFO - [2024-11-20T14:41:01.016+0000] {dag.py:3239} INFO - Sync 1 DAGs
[2024-11-20T14:41:01.031+0000] {logging_mixin.py:190} INFO - [2024-11-20T14:41:01.031+0000] {dag.py:4180} INFO - Setting next_dagrun for latest_only_with_trigger to 2024-11-20 08:00:00+00:00, run_after=2024-11-20 12:00:00+00:00
[2024-11-20T14:41:01.048+0000] {processor.py:208} INFO - Processing /home/airflow/.local/lib/python3.12/site-packages/airflow/example_dags/example_latest_only_with_trigger.py took 0.056 seconds
[2024-11-20T14:41:31.711+0000] {processor.py:186} INFO - Started process (PID=1785) to work on /home/airflow/.local/lib/python3.12/site-packages/airflow/example_dags/example_latest_only_with_trigger.py
[2024-11-20T14:41:31.712+0000] {processor.py:914} INFO - Processing file /home/airflow/.local/lib/python3.12/site-packages/airflow/example_dags/example_latest_only_with_trigger.py for tasks to queue
[2024-11-20T14:41:31.714+0000] {logging_mixin.py:190} INFO - [2024-11-20T14:41:31.714+0000] {dagbag.py:588} INFO - Filling up the DagBag from /home/airflow/.local/lib/python3.12/site-packages/airflow/example_dags/example_latest_only_with_trigger.py
[2024-11-20T14:41:31.719+0000] {processor.py:925} INFO - DAG(s) 'latest_only_with_trigger' retrieved from /home/airflow/.local/lib/python3.12/site-packages/airflow/example_dags/example_latest_only_with_trigger.py
[2024-11-20T14:41:31.732+0000] {logging_mixin.py:190} INFO - [2024-11-20T14:41:31.732+0000] {dag.py:3239} INFO - Sync 1 DAGs
[2024-11-20T14:41:31.748+0000] {logging_mixin.py:190} INFO - [2024-11-20T14:41:31.748+0000] {dag.py:4180} INFO - Setting next_dagrun for latest_only_with_trigger to 2024-11-20 08:00:00+00:00, run_after=2024-11-20 12:00:00+00:00
[2024-11-20T14:41:31.764+0000] {processor.py:208} INFO - Processing /home/airflow/.local/lib/python3.12/site-packages/airflow/example_dags/example_latest_only_with_trigger.py took 0.057 seconds
[2024-11-20T14:42:02.433+0000] {processor.py:186} INFO - Started process (PID=1848) to work on /home/airflow/.local/lib/python3.12/site-packages/airflow/example_dags/example_latest_only_with_trigger.py
[2024-11-20T14:42:02.435+0000] {processor.py:914} INFO - Processing file /home/airflow/.local/lib/python3.12/site-packages/airflow/example_dags/example_latest_only_with_trigger.py for tasks to queue
[2024-11-20T14:42:02.436+0000] {logging_mixin.py:190} INFO - [2024-11-20T14:42:02.436+0000] {dagbag.py:588} INFO - Filling up the DagBag from /home/airflow/.local/lib/python3.12/site-packages/airflow/example_dags/example_latest_only_with_trigger.py
[2024-11-20T14:42:02.441+0000] {processor.py:925} INFO - DAG(s) 'latest_only_with_trigger' retrieved from /home/airflow/.local/lib/python3.12/site-packages/airflow/example_dags/example_latest_only_with_trigger.py
[2024-11-20T14:42:02.455+0000] {logging_mixin.py:190} INFO - [2024-11-20T14:42:02.455+0000] {dag.py:3239} INFO - Sync 1 DAGs
[2024-11-20T14:42:02.470+0000] {logging_mixin.py:190} INFO - [2024-11-20T14:42:02.470+0000] {dag.py:4180} INFO - Setting next_dagrun for latest_only_with_trigger to 2024-11-20 08:00:00+00:00, run_after=2024-11-20 12:00:00+00:00
[2024-11-20T14:42:02.487+0000] {processor.py:208} INFO - Processing /home/airflow/.local/lib/python3.12/site-packages/airflow/example_dags/example_latest_only_with_trigger.py took 0.057 seconds
[2024-11-20T14:42:33.172+0000] {processor.py:186} INFO - Started process (PID=1911) to work on /home/airflow/.local/lib/python3.12/site-packages/airflow/example_dags/example_latest_only_with_trigger.py
[2024-11-20T14:42:33.174+0000] {processor.py:914} INFO - Processing file /home/airflow/.local/lib/python3.12/site-packages/airflow/example_dags/example_latest_only_with_trigger.py for tasks to queue
[2024-11-20T14:42:33.176+0000] {logging_mixin.py:190} INFO - [2024-11-20T14:42:33.176+0000] {dagbag.py:588} INFO - Filling up the DagBag from /home/airflow/.local/lib/python3.12/site-packages/airflow/example_dags/example_latest_only_with_trigger.py
[2024-11-20T14:42:33.180+0000] {processor.py:925} INFO - DAG(s) 'latest_only_with_trigger' retrieved from /home/airflow/.local/lib/python3.12/site-packages/airflow/example_dags/example_latest_only_with_trigger.py
[2024-11-20T14:42:33.195+0000] {logging_mixin.py:190} INFO - [2024-11-20T14:42:33.195+0000] {dag.py:3239} INFO - Sync 1 DAGs
[2024-11-20T14:42:33.209+0000] {logging_mixin.py:190} INFO - [2024-11-20T14:42:33.209+0000] {dag.py:4180} INFO - Setting next_dagrun for latest_only_with_trigger to 2024-11-20 08:00:00+00:00, run_after=2024-11-20 12:00:00+00:00
[2024-11-20T14:42:33.225+0000] {processor.py:208} INFO - Processing /home/airflow/.local/lib/python3.12/site-packages/airflow/example_dags/example_latest_only_with_trigger.py took 0.056 seconds
[2024-11-20T14:43:03.384+0000] {processor.py:186} INFO - Started process (PID=1974) to work on /home/airflow/.local/lib/python3.12/site-packages/airflow/example_dags/example_latest_only_with_trigger.py
[2024-11-20T14:43:03.384+0000] {processor.py:914} INFO - Processing file /home/airflow/.local/lib/python3.12/site-packages/airflow/example_dags/example_latest_only_with_trigger.py for tasks to queue
[2024-11-20T14:43:03.386+0000] {logging_mixin.py:190} INFO - [2024-11-20T14:43:03.386+0000] {dagbag.py:588} INFO - Filling up the DagBag from /home/airflow/.local/lib/python3.12/site-packages/airflow/example_dags/example_latest_only_with_trigger.py
[2024-11-20T14:43:03.391+0000] {processor.py:925} INFO - DAG(s) 'latest_only_with_trigger' retrieved from /home/airflow/.local/lib/python3.12/site-packages/airflow/example_dags/example_latest_only_with_trigger.py
[2024-11-20T14:43:03.406+0000] {logging_mixin.py:190} INFO - [2024-11-20T14:43:03.405+0000] {dag.py:3239} INFO - Sync 1 DAGs
[2024-11-20T14:43:03.420+0000] {logging_mixin.py:190} INFO - [2024-11-20T14:43:03.420+0000] {dag.py:4180} INFO - Setting next_dagrun for latest_only_with_trigger to 2024-11-20 08:00:00+00:00, run_after=2024-11-20 12:00:00+00:00
[2024-11-20T14:43:03.437+0000] {processor.py:208} INFO - Processing /home/airflow/.local/lib/python3.12/site-packages/airflow/example_dags/example_latest_only_with_trigger.py took 0.057 seconds
[2024-11-20T14:43:33.993+0000] {processor.py:186} INFO - Started process (PID=2037) to work on /home/airflow/.local/lib/python3.12/site-packages/airflow/example_dags/example_latest_only_with_trigger.py
[2024-11-20T14:43:33.993+0000] {processor.py:914} INFO - Processing file /home/airflow/.local/lib/python3.12/site-packages/airflow/example_dags/example_latest_only_with_trigger.py for tasks to queue
[2024-11-20T14:43:33.995+0000] {logging_mixin.py:190} INFO - [2024-11-20T14:43:33.995+0000] {dagbag.py:588} INFO - Filling up the DagBag from /home/airflow/.local/lib/python3.12/site-packages/airflow/example_dags/example_latest_only_with_trigger.py
[2024-11-20T14:43:34.000+0000] {processor.py:925} INFO - DAG(s) 'latest_only_with_trigger' retrieved from /home/airflow/.local/lib/python3.12/site-packages/airflow/example_dags/example_latest_only_with_trigger.py
[2024-11-20T14:43:34.013+0000] {logging_mixin.py:190} INFO - [2024-11-20T14:43:34.013+0000] {dag.py:3239} INFO - Sync 1 DAGs
[2024-11-20T14:43:34.027+0000] {logging_mixin.py:190} INFO - [2024-11-20T14:43:34.027+0000] {dag.py:4180} INFO - Setting next_dagrun for latest_only_with_trigger to 2024-11-20 08:00:00+00:00, run_after=2024-11-20 12:00:00+00:00
[2024-11-20T14:43:34.041+0000] {processor.py:208} INFO - Processing /home/airflow/.local/lib/python3.12/site-packages/airflow/example_dags/example_latest_only_with_trigger.py took 0.053 seconds
[2024-11-20T14:49:49.847+0000] {processor.py:186} INFO - Started process (PID=2039) to work on /home/airflow/.local/lib/python3.12/site-packages/airflow/example_dags/example_latest_only_with_trigger.py
[2024-11-20T14:49:49.848+0000] {processor.py:914} INFO - Processing file /home/airflow/.local/lib/python3.12/site-packages/airflow/example_dags/example_latest_only_with_trigger.py for tasks to queue
[2024-11-20T14:49:49.851+0000] {logging_mixin.py:190} INFO - [2024-11-20T14:49:49.851+0000] {dagbag.py:588} INFO - Filling up the DagBag from /home/airflow/.local/lib/python3.12/site-packages/airflow/example_dags/example_latest_only_with_trigger.py
[2024-11-20T14:49:49.858+0000] {processor.py:925} INFO - DAG(s) 'latest_only_with_trigger' retrieved from /home/airflow/.local/lib/python3.12/site-packages/airflow/example_dags/example_latest_only_with_trigger.py
[2024-11-20T14:49:49.872+0000] {logging_mixin.py:190} INFO - [2024-11-20T14:49:49.872+0000] {dag.py:3239} INFO - Sync 1 DAGs
[2024-11-20T14:49:49.887+0000] {logging_mixin.py:190} INFO - [2024-11-20T14:49:49.887+0000] {dag.py:4180} INFO - Setting next_dagrun for latest_only_with_trigger to 2024-11-20 08:00:00+00:00, run_after=2024-11-20 12:00:00+00:00
[2024-11-20T14:49:49.907+0000] {processor.py:208} INFO - Processing /home/airflow/.local/lib/python3.12/site-packages/airflow/example_dags/example_latest_only_with_trigger.py took 0.064 seconds
[2024-11-20T14:50:20.822+0000] {processor.py:186} INFO - Started process (PID=2102) to work on /home/airflow/.local/lib/python3.12/site-packages/airflow/example_dags/example_latest_only_with_trigger.py
[2024-11-20T14:50:20.823+0000] {processor.py:914} INFO - Processing file /home/airflow/.local/lib/python3.12/site-packages/airflow/example_dags/example_latest_only_with_trigger.py for tasks to queue
[2024-11-20T14:50:20.825+0000] {logging_mixin.py:190} INFO - [2024-11-20T14:50:20.825+0000] {dagbag.py:588} INFO - Filling up the DagBag from /home/airflow/.local/lib/python3.12/site-packages/airflow/example_dags/example_latest_only_with_trigger.py
[2024-11-20T14:50:20.830+0000] {processor.py:925} INFO - DAG(s) 'latest_only_with_trigger' retrieved from /home/airflow/.local/lib/python3.12/site-packages/airflow/example_dags/example_latest_only_with_trigger.py
[2024-11-20T14:50:20.844+0000] {logging_mixin.py:190} INFO - [2024-11-20T14:50:20.844+0000] {dag.py:3239} INFO - Sync 1 DAGs
[2024-11-20T14:50:20.858+0000] {logging_mixin.py:190} INFO - [2024-11-20T14:50:20.858+0000] {dag.py:4180} INFO - Setting next_dagrun for latest_only_with_trigger to 2024-11-20 08:00:00+00:00, run_after=2024-11-20 12:00:00+00:00
[2024-11-20T14:50:20.873+0000] {processor.py:208} INFO - Processing /home/airflow/.local/lib/python3.12/site-packages/airflow/example_dags/example_latest_only_with_trigger.py took 0.055 seconds
[2024-11-20T14:50:51.601+0000] {processor.py:186} INFO - Started process (PID=2165) to work on /home/airflow/.local/lib/python3.12/site-packages/airflow/example_dags/example_latest_only_with_trigger.py
[2024-11-20T14:50:51.602+0000] {processor.py:914} INFO - Processing file /home/airflow/.local/lib/python3.12/site-packages/airflow/example_dags/example_latest_only_with_trigger.py for tasks to queue
[2024-11-20T14:50:51.604+0000] {logging_mixin.py:190} INFO - [2024-11-20T14:50:51.604+0000] {dagbag.py:588} INFO - Filling up the DagBag from /home/airflow/.local/lib/python3.12/site-packages/airflow/example_dags/example_latest_only_with_trigger.py
[2024-11-20T14:50:51.609+0000] {processor.py:925} INFO - DAG(s) 'latest_only_with_trigger' retrieved from /home/airflow/.local/lib/python3.12/site-packages/airflow/example_dags/example_latest_only_with_trigger.py
[2024-11-20T14:50:51.627+0000] {logging_mixin.py:190} INFO - [2024-11-20T14:50:51.627+0000] {dag.py:3239} INFO - Sync 1 DAGs
[2024-11-20T14:50:51.641+0000] {logging_mixin.py:190} INFO - [2024-11-20T14:50:51.641+0000] {dag.py:4180} INFO - Setting next_dagrun for latest_only_with_trigger to 2024-11-20 08:00:00+00:00, run_after=2024-11-20 12:00:00+00:00
[2024-11-20T14:50:51.658+0000] {processor.py:208} INFO - Processing /home/airflow/.local/lib/python3.12/site-packages/airflow/example_dags/example_latest_only_with_trigger.py took 0.060 seconds
[2024-11-20T14:51:21.899+0000] {processor.py:186} INFO - Started process (PID=2228) to work on /home/airflow/.local/lib/python3.12/site-packages/airflow/example_dags/example_latest_only_with_trigger.py
[2024-11-20T14:51:21.900+0000] {processor.py:914} INFO - Processing file /home/airflow/.local/lib/python3.12/site-packages/airflow/example_dags/example_latest_only_with_trigger.py for tasks to queue
[2024-11-20T14:51:21.902+0000] {logging_mixin.py:190} INFO - [2024-11-20T14:51:21.902+0000] {dagbag.py:588} INFO - Filling up the DagBag from /home/airflow/.local/lib/python3.12/site-packages/airflow/example_dags/example_latest_only_with_trigger.py
[2024-11-20T14:51:21.907+0000] {processor.py:925} INFO - DAG(s) 'latest_only_with_trigger' retrieved from /home/airflow/.local/lib/python3.12/site-packages/airflow/example_dags/example_latest_only_with_trigger.py
[2024-11-20T14:51:21.921+0000] {logging_mixin.py:190} INFO - [2024-11-20T14:51:21.921+0000] {dag.py:3239} INFO - Sync 1 DAGs
[2024-11-20T14:51:21.936+0000] {logging_mixin.py:190} INFO - [2024-11-20T14:51:21.936+0000] {dag.py:4180} INFO - Setting next_dagrun for latest_only_with_trigger to 2024-11-20 08:00:00+00:00, run_after=2024-11-20 12:00:00+00:00
[2024-11-20T14:51:21.952+0000] {processor.py:208} INFO - Processing /home/airflow/.local/lib/python3.12/site-packages/airflow/example_dags/example_latest_only_with_trigger.py took 0.057 seconds
[2024-11-20T14:51:52.311+0000] {processor.py:186} INFO - Started process (PID=2291) to work on /home/airflow/.local/lib/python3.12/site-packages/airflow/example_dags/example_latest_only_with_trigger.py
[2024-11-20T14:51:52.312+0000] {processor.py:914} INFO - Processing file /home/airflow/.local/lib/python3.12/site-packages/airflow/example_dags/example_latest_only_with_trigger.py for tasks to queue
[2024-11-20T14:51:52.314+0000] {logging_mixin.py:190} INFO - [2024-11-20T14:51:52.314+0000] {dagbag.py:588} INFO - Filling up the DagBag from /home/airflow/.local/lib/python3.12/site-packages/airflow/example_dags/example_latest_only_with_trigger.py
[2024-11-20T14:51:52.319+0000] {processor.py:925} INFO - DAG(s) 'latest_only_with_trigger' retrieved from /home/airflow/.local/lib/python3.12/site-packages/airflow/example_dags/example_latest_only_with_trigger.py
[2024-11-20T14:51:52.333+0000] {logging_mixin.py:190} INFO - [2024-11-20T14:51:52.333+0000] {dag.py:3239} INFO - Sync 1 DAGs
[2024-11-20T14:51:52.347+0000] {logging_mixin.py:190} INFO - [2024-11-20T14:51:52.347+0000] {dag.py:4180} INFO - Setting next_dagrun for latest_only_with_trigger to 2024-11-20 08:00:00+00:00, run_after=2024-11-20 12:00:00+00:00
[2024-11-20T14:51:52.364+0000] {processor.py:208} INFO - Processing /home/airflow/.local/lib/python3.12/site-packages/airflow/example_dags/example_latest_only_with_trigger.py took 0.056 seconds
[2024-11-20T14:52:22.423+0000] {processor.py:186} INFO - Started process (PID=2354) to work on /home/airflow/.local/lib/python3.12/site-packages/airflow/example_dags/example_latest_only_with_trigger.py
[2024-11-20T14:52:22.423+0000] {processor.py:914} INFO - Processing file /home/airflow/.local/lib/python3.12/site-packages/airflow/example_dags/example_latest_only_with_trigger.py for tasks to queue
[2024-11-20T14:52:22.425+0000] {logging_mixin.py:190} INFO - [2024-11-20T14:52:22.425+0000] {dagbag.py:588} INFO - Filling up the DagBag from /home/airflow/.local/lib/python3.12/site-packages/airflow/example_dags/example_latest_only_with_trigger.py
[2024-11-20T14:52:22.432+0000] {processor.py:925} INFO - DAG(s) 'latest_only_with_trigger' retrieved from /home/airflow/.local/lib/python3.12/site-packages/airflow/example_dags/example_latest_only_with_trigger.py
[2024-11-20T14:52:22.445+0000] {logging_mixin.py:190} INFO - [2024-11-20T14:52:22.445+0000] {dag.py:3239} INFO - Sync 1 DAGs
[2024-11-20T14:52:22.460+0000] {logging_mixin.py:190} INFO - [2024-11-20T14:52:22.460+0000] {dag.py:4180} INFO - Setting next_dagrun for latest_only_with_trigger to 2024-11-20 08:00:00+00:00, run_after=2024-11-20 12:00:00+00:00
[2024-11-20T14:52:22.474+0000] {processor.py:208} INFO - Processing /home/airflow/.local/lib/python3.12/site-packages/airflow/example_dags/example_latest_only_with_trigger.py took 0.056 seconds
[2024-11-20T14:52:52.737+0000] {processor.py:186} INFO - Started process (PID=2417) to work on /home/airflow/.local/lib/python3.12/site-packages/airflow/example_dags/example_latest_only_with_trigger.py
[2024-11-20T14:52:52.738+0000] {processor.py:914} INFO - Processing file /home/airflow/.local/lib/python3.12/site-packages/airflow/example_dags/example_latest_only_with_trigger.py for tasks to queue
[2024-11-20T14:52:52.739+0000] {logging_mixin.py:190} INFO - [2024-11-20T14:52:52.739+0000] {dagbag.py:588} INFO - Filling up the DagBag from /home/airflow/.local/lib/python3.12/site-packages/airflow/example_dags/example_latest_only_with_trigger.py
[2024-11-20T14:52:52.744+0000] {processor.py:925} INFO - DAG(s) 'latest_only_with_trigger' retrieved from /home/airflow/.local/lib/python3.12/site-packages/airflow/example_dags/example_latest_only_with_trigger.py
[2024-11-20T14:52:52.759+0000] {logging_mixin.py:190} INFO - [2024-11-20T14:52:52.759+0000] {dag.py:3239} INFO - Sync 1 DAGs
[2024-11-20T14:52:52.775+0000] {logging_mixin.py:190} INFO - [2024-11-20T14:52:52.775+0000] {dag.py:4180} INFO - Setting next_dagrun for latest_only_with_trigger to 2024-11-20 08:00:00+00:00, run_after=2024-11-20 12:00:00+00:00
[2024-11-20T14:52:52.792+0000] {processor.py:208} INFO - Processing /home/airflow/.local/lib/python3.12/site-packages/airflow/example_dags/example_latest_only_with_trigger.py took 0.060 seconds
[2024-11-20T14:53:23.406+0000] {processor.py:186} INFO - Started process (PID=2480) to work on /home/airflow/.local/lib/python3.12/site-packages/airflow/example_dags/example_latest_only_with_trigger.py
[2024-11-20T14:53:23.407+0000] {processor.py:914} INFO - Processing file /home/airflow/.local/lib/python3.12/site-packages/airflow/example_dags/example_latest_only_with_trigger.py for tasks to queue
[2024-11-20T14:53:23.409+0000] {logging_mixin.py:190} INFO - [2024-11-20T14:53:23.408+0000] {dagbag.py:588} INFO - Filling up the DagBag from /home/airflow/.local/lib/python3.12/site-packages/airflow/example_dags/example_latest_only_with_trigger.py
[2024-11-20T14:53:23.413+0000] {processor.py:925} INFO - DAG(s) 'latest_only_with_trigger' retrieved from /home/airflow/.local/lib/python3.12/site-packages/airflow/example_dags/example_latest_only_with_trigger.py
[2024-11-20T14:53:23.429+0000] {logging_mixin.py:190} INFO - [2024-11-20T14:53:23.429+0000] {dag.py:3239} INFO - Sync 1 DAGs
[2024-11-20T14:53:23.448+0000] {logging_mixin.py:190} INFO - [2024-11-20T14:53:23.448+0000] {dag.py:4180} INFO - Setting next_dagrun for latest_only_with_trigger to 2024-11-20 08:00:00+00:00, run_after=2024-11-20 12:00:00+00:00
[2024-11-20T14:53:23.463+0000] {processor.py:208} INFO - Processing /home/airflow/.local/lib/python3.12/site-packages/airflow/example_dags/example_latest_only_with_trigger.py took 0.061 seconds
[2024-11-20T14:53:53.850+0000] {processor.py:186} INFO - Started process (PID=2543) to work on /home/airflow/.local/lib/python3.12/site-packages/airflow/example_dags/example_latest_only_with_trigger.py
[2024-11-20T14:53:53.850+0000] {processor.py:914} INFO - Processing file /home/airflow/.local/lib/python3.12/site-packages/airflow/example_dags/example_latest_only_with_trigger.py for tasks to queue
[2024-11-20T14:53:53.852+0000] {logging_mixin.py:190} INFO - [2024-11-20T14:53:53.852+0000] {dagbag.py:588} INFO - Filling up the DagBag from /home/airflow/.local/lib/python3.12/site-packages/airflow/example_dags/example_latest_only_with_trigger.py
[2024-11-20T14:53:53.857+0000] {processor.py:925} INFO - DAG(s) 'latest_only_with_trigger' retrieved from /home/airflow/.local/lib/python3.12/site-packages/airflow/example_dags/example_latest_only_with_trigger.py
[2024-11-20T14:53:53.873+0000] {logging_mixin.py:190} INFO - [2024-11-20T14:53:53.873+0000] {dag.py:3239} INFO - Sync 1 DAGs
[2024-11-20T14:53:53.888+0000] {logging_mixin.py:190} INFO - [2024-11-20T14:53:53.887+0000] {dag.py:4180} INFO - Setting next_dagrun for latest_only_with_trigger to 2024-11-20 08:00:00+00:00, run_after=2024-11-20 12:00:00+00:00
[2024-11-20T14:53:53.908+0000] {processor.py:208} INFO - Processing /home/airflow/.local/lib/python3.12/site-packages/airflow/example_dags/example_latest_only_with_trigger.py took 0.063 seconds
[2024-11-20T14:54:24.444+0000] {processor.py:186} INFO - Started process (PID=2606) to work on /home/airflow/.local/lib/python3.12/site-packages/airflow/example_dags/example_latest_only_with_trigger.py
[2024-11-20T14:54:24.445+0000] {processor.py:914} INFO - Processing file /home/airflow/.local/lib/python3.12/site-packages/airflow/example_dags/example_latest_only_with_trigger.py for tasks to queue
[2024-11-20T14:54:24.447+0000] {logging_mixin.py:190} INFO - [2024-11-20T14:54:24.447+0000] {dagbag.py:588} INFO - Filling up the DagBag from /home/airflow/.local/lib/python3.12/site-packages/airflow/example_dags/example_latest_only_with_trigger.py
[2024-11-20T14:54:24.452+0000] {processor.py:925} INFO - DAG(s) 'latest_only_with_trigger' retrieved from /home/airflow/.local/lib/python3.12/site-packages/airflow/example_dags/example_latest_only_with_trigger.py
[2024-11-20T14:54:24.466+0000] {logging_mixin.py:190} INFO - [2024-11-20T14:54:24.466+0000] {dag.py:3239} INFO - Sync 1 DAGs
[2024-11-20T14:54:24.480+0000] {logging_mixin.py:190} INFO - [2024-11-20T14:54:24.480+0000] {dag.py:4180} INFO - Setting next_dagrun for latest_only_with_trigger to 2024-11-20 08:00:00+00:00, run_after=2024-11-20 12:00:00+00:00
[2024-11-20T14:54:24.496+0000] {processor.py:208} INFO - Processing /home/airflow/.local/lib/python3.12/site-packages/airflow/example_dags/example_latest_only_with_trigger.py took 0.056 seconds
[2024-11-20T14:54:55.019+0000] {processor.py:186} INFO - Started process (PID=2669) to work on /home/airflow/.local/lib/python3.12/site-packages/airflow/example_dags/example_latest_only_with_trigger.py
[2024-11-20T14:54:55.020+0000] {processor.py:914} INFO - Processing file /home/airflow/.local/lib/python3.12/site-packages/airflow/example_dags/example_latest_only_with_trigger.py for tasks to queue
[2024-11-20T14:54:55.021+0000] {logging_mixin.py:190} INFO - [2024-11-20T14:54:55.021+0000] {dagbag.py:588} INFO - Filling up the DagBag from /home/airflow/.local/lib/python3.12/site-packages/airflow/example_dags/example_latest_only_with_trigger.py
[2024-11-20T14:54:55.026+0000] {processor.py:925} INFO - DAG(s) 'latest_only_with_trigger' retrieved from /home/airflow/.local/lib/python3.12/site-packages/airflow/example_dags/example_latest_only_with_trigger.py
[2024-11-20T14:54:55.041+0000] {logging_mixin.py:190} INFO - [2024-11-20T14:54:55.041+0000] {dag.py:3239} INFO - Sync 1 DAGs
[2024-11-20T14:54:55.056+0000] {logging_mixin.py:190} INFO - [2024-11-20T14:54:55.056+0000] {dag.py:4180} INFO - Setting next_dagrun for latest_only_with_trigger to 2024-11-20 08:00:00+00:00, run_after=2024-11-20 12:00:00+00:00
[2024-11-20T14:54:55.072+0000] {processor.py:208} INFO - Processing /home/airflow/.local/lib/python3.12/site-packages/airflow/example_dags/example_latest_only_with_trigger.py took 0.057 seconds
[2024-11-20T14:55:25.306+0000] {processor.py:186} INFO - Started process (PID=2732) to work on /home/airflow/.local/lib/python3.12/site-packages/airflow/example_dags/example_latest_only_with_trigger.py
[2024-11-20T14:55:25.307+0000] {processor.py:914} INFO - Processing file /home/airflow/.local/lib/python3.12/site-packages/airflow/example_dags/example_latest_only_with_trigger.py for tasks to queue
[2024-11-20T14:55:25.309+0000] {logging_mixin.py:190} INFO - [2024-11-20T14:55:25.309+0000] {dagbag.py:588} INFO - Filling up the DagBag from /home/airflow/.local/lib/python3.12/site-packages/airflow/example_dags/example_latest_only_with_trigger.py
[2024-11-20T14:55:25.314+0000] {processor.py:925} INFO - DAG(s) 'latest_only_with_trigger' retrieved from /home/airflow/.local/lib/python3.12/site-packages/airflow/example_dags/example_latest_only_with_trigger.py
[2024-11-20T14:55:25.330+0000] {logging_mixin.py:190} INFO - [2024-11-20T14:55:25.330+0000] {dag.py:3239} INFO - Sync 1 DAGs
[2024-11-20T14:55:25.347+0000] {logging_mixin.py:190} INFO - [2024-11-20T14:55:25.347+0000] {dag.py:4180} INFO - Setting next_dagrun for latest_only_with_trigger to 2024-11-20 08:00:00+00:00, run_after=2024-11-20 12:00:00+00:00
[2024-11-20T14:55:25.364+0000] {processor.py:208} INFO - Processing /home/airflow/.local/lib/python3.12/site-packages/airflow/example_dags/example_latest_only_with_trigger.py took 0.062 seconds
[2024-11-20T14:55:55.474+0000] {processor.py:186} INFO - Started process (PID=2795) to work on /home/airflow/.local/lib/python3.12/site-packages/airflow/example_dags/example_latest_only_with_trigger.py
[2024-11-20T14:55:55.476+0000] {processor.py:914} INFO - Processing file /home/airflow/.local/lib/python3.12/site-packages/airflow/example_dags/example_latest_only_with_trigger.py for tasks to queue
[2024-11-20T14:55:55.478+0000] {logging_mixin.py:190} INFO - [2024-11-20T14:55:55.478+0000] {dagbag.py:588} INFO - Filling up the DagBag from /home/airflow/.local/lib/python3.12/site-packages/airflow/example_dags/example_latest_only_with_trigger.py
[2024-11-20T14:55:55.484+0000] {processor.py:925} INFO - DAG(s) 'latest_only_with_trigger' retrieved from /home/airflow/.local/lib/python3.12/site-packages/airflow/example_dags/example_latest_only_with_trigger.py
[2024-11-20T14:55:55.498+0000] {logging_mixin.py:190} INFO - [2024-11-20T14:55:55.498+0000] {dag.py:3239} INFO - Sync 1 DAGs
[2024-11-20T14:55:55.514+0000] {logging_mixin.py:190} INFO - [2024-11-20T14:55:55.514+0000] {dag.py:4180} INFO - Setting next_dagrun for latest_only_with_trigger to 2024-11-20 08:00:00+00:00, run_after=2024-11-20 12:00:00+00:00
[2024-11-20T14:55:55.529+0000] {processor.py:208} INFO - Processing /home/airflow/.local/lib/python3.12/site-packages/airflow/example_dags/example_latest_only_with_trigger.py took 0.059 seconds
[2024-11-20T14:56:25.609+0000] {processor.py:186} INFO - Started process (PID=2858) to work on /home/airflow/.local/lib/python3.12/site-packages/airflow/example_dags/example_latest_only_with_trigger.py
[2024-11-20T14:56:25.610+0000] {processor.py:914} INFO - Processing file /home/airflow/.local/lib/python3.12/site-packages/airflow/example_dags/example_latest_only_with_trigger.py for tasks to queue
[2024-11-20T14:56:25.612+0000] {logging_mixin.py:190} INFO - [2024-11-20T14:56:25.612+0000] {dagbag.py:588} INFO - Filling up the DagBag from /home/airflow/.local/lib/python3.12/site-packages/airflow/example_dags/example_latest_only_with_trigger.py
[2024-11-20T14:56:25.618+0000] {processor.py:925} INFO - DAG(s) 'latest_only_with_trigger' retrieved from /home/airflow/.local/lib/python3.12/site-packages/airflow/example_dags/example_latest_only_with_trigger.py
[2024-11-20T14:56:25.633+0000] {logging_mixin.py:190} INFO - [2024-11-20T14:56:25.633+0000] {dag.py:3239} INFO - Sync 1 DAGs
[2024-11-20T14:56:25.648+0000] {logging_mixin.py:190} INFO - [2024-11-20T14:56:25.648+0000] {dag.py:4180} INFO - Setting next_dagrun for latest_only_with_trigger to 2024-11-20 08:00:00+00:00, run_after=2024-11-20 12:00:00+00:00
[2024-11-20T14:56:25.780+0000] {processor.py:208} INFO - Processing /home/airflow/.local/lib/python3.12/site-packages/airflow/example_dags/example_latest_only_with_trigger.py took 0.175 seconds
[2024-11-20T14:56:55.970+0000] {processor.py:186} INFO - Started process (PID=2921) to work on /home/airflow/.local/lib/python3.12/site-packages/airflow/example_dags/example_latest_only_with_trigger.py
[2024-11-20T14:56:55.971+0000] {processor.py:914} INFO - Processing file /home/airflow/.local/lib/python3.12/site-packages/airflow/example_dags/example_latest_only_with_trigger.py for tasks to queue
[2024-11-20T14:56:55.973+0000] {logging_mixin.py:190} INFO - [2024-11-20T14:56:55.972+0000] {dagbag.py:588} INFO - Filling up the DagBag from /home/airflow/.local/lib/python3.12/site-packages/airflow/example_dags/example_latest_only_with_trigger.py
[2024-11-20T14:56:55.977+0000] {processor.py:925} INFO - DAG(s) 'latest_only_with_trigger' retrieved from /home/airflow/.local/lib/python3.12/site-packages/airflow/example_dags/example_latest_only_with_trigger.py
[2024-11-20T14:56:55.991+0000] {logging_mixin.py:190} INFO - [2024-11-20T14:56:55.991+0000] {dag.py:3239} INFO - Sync 1 DAGs
[2024-11-20T14:56:56.007+0000] {logging_mixin.py:190} INFO - [2024-11-20T14:56:56.007+0000] {dag.py:4180} INFO - Setting next_dagrun for latest_only_with_trigger to 2024-11-20 08:00:00+00:00, run_after=2024-11-20 12:00:00+00:00
[2024-11-20T14:56:56.022+0000] {processor.py:208} INFO - Processing /home/airflow/.local/lib/python3.12/site-packages/airflow/example_dags/example_latest_only_with_trigger.py took 0.056 seconds
[2024-11-20T14:57:27.064+0000] {processor.py:186} INFO - Started process (PID=2984) to work on /home/airflow/.local/lib/python3.12/site-packages/airflow/example_dags/example_latest_only_with_trigger.py
[2024-11-20T14:57:27.065+0000] {processor.py:914} INFO - Processing file /home/airflow/.local/lib/python3.12/site-packages/airflow/example_dags/example_latest_only_with_trigger.py for tasks to queue
[2024-11-20T14:57:27.067+0000] {logging_mixin.py:190} INFO - [2024-11-20T14:57:27.067+0000] {dagbag.py:588} INFO - Filling up the DagBag from /home/airflow/.local/lib/python3.12/site-packages/airflow/example_dags/example_latest_only_with_trigger.py
[2024-11-20T14:57:27.072+0000] {processor.py:925} INFO - DAG(s) 'latest_only_with_trigger' retrieved from /home/airflow/.local/lib/python3.12/site-packages/airflow/example_dags/example_latest_only_with_trigger.py
[2024-11-20T14:57:27.087+0000] {logging_mixin.py:190} INFO - [2024-11-20T14:57:27.087+0000] {dag.py:3239} INFO - Sync 1 DAGs
[2024-11-20T14:57:27.103+0000] {logging_mixin.py:190} INFO - [2024-11-20T14:57:27.102+0000] {dag.py:4180} INFO - Setting next_dagrun for latest_only_with_trigger to 2024-11-20 08:00:00+00:00, run_after=2024-11-20 12:00:00+00:00
[2024-11-20T14:57:27.121+0000] {processor.py:208} INFO - Processing /home/airflow/.local/lib/python3.12/site-packages/airflow/example_dags/example_latest_only_with_trigger.py took 0.062 seconds
[2024-11-20T14:57:57.362+0000] {processor.py:186} INFO - Started process (PID=3047) to work on /home/airflow/.local/lib/python3.12/site-packages/airflow/example_dags/example_latest_only_with_trigger.py
[2024-11-20T14:57:57.363+0000] {processor.py:914} INFO - Processing file /home/airflow/.local/lib/python3.12/site-packages/airflow/example_dags/example_latest_only_with_trigger.py for tasks to queue
[2024-11-20T14:57:57.365+0000] {logging_mixin.py:190} INFO - [2024-11-20T14:57:57.365+0000] {dagbag.py:588} INFO - Filling up the DagBag from /home/airflow/.local/lib/python3.12/site-packages/airflow/example_dags/example_latest_only_with_trigger.py
[2024-11-20T14:57:57.370+0000] {processor.py:925} INFO - DAG(s) 'latest_only_with_trigger' retrieved from /home/airflow/.local/lib/python3.12/site-packages/airflow/example_dags/example_latest_only_with_trigger.py
[2024-11-20T14:57:57.384+0000] {logging_mixin.py:190} INFO - [2024-11-20T14:57:57.384+0000] {dag.py:3239} INFO - Sync 1 DAGs
[2024-11-20T14:57:57.399+0000] {logging_mixin.py:190} INFO - [2024-11-20T14:57:57.398+0000] {dag.py:4180} INFO - Setting next_dagrun for latest_only_with_trigger to 2024-11-20 08:00:00+00:00, run_after=2024-11-20 12:00:00+00:00
[2024-11-20T14:57:57.414+0000] {processor.py:208} INFO - Processing /home/airflow/.local/lib/python3.12/site-packages/airflow/example_dags/example_latest_only_with_trigger.py took 0.056 seconds
[2024-11-20T14:58:28.150+0000] {processor.py:186} INFO - Started process (PID=3110) to work on /home/airflow/.local/lib/python3.12/site-packages/airflow/example_dags/example_latest_only_with_trigger.py
[2024-11-20T14:58:28.151+0000] {processor.py:914} INFO - Processing file /home/airflow/.local/lib/python3.12/site-packages/airflow/example_dags/example_latest_only_with_trigger.py for tasks to queue
[2024-11-20T14:58:28.153+0000] {logging_mixin.py:190} INFO - [2024-11-20T14:58:28.152+0000] {dagbag.py:588} INFO - Filling up the DagBag from /home/airflow/.local/lib/python3.12/site-packages/airflow/example_dags/example_latest_only_with_trigger.py
[2024-11-20T14:58:28.158+0000] {processor.py:925} INFO - DAG(s) 'latest_only_with_trigger' retrieved from /home/airflow/.local/lib/python3.12/site-packages/airflow/example_dags/example_latest_only_with_trigger.py
[2024-11-20T14:58:28.172+0000] {logging_mixin.py:190} INFO - [2024-11-20T14:58:28.172+0000] {dag.py:3239} INFO - Sync 1 DAGs
[2024-11-20T14:58:28.187+0000] {logging_mixin.py:190} INFO - [2024-11-20T14:58:28.187+0000] {dag.py:4180} INFO - Setting next_dagrun for latest_only_with_trigger to 2024-11-20 08:00:00+00:00, run_after=2024-11-20 12:00:00+00:00
[2024-11-20T14:58:28.201+0000] {processor.py:208} INFO - Processing /home/airflow/.local/lib/python3.12/site-packages/airflow/example_dags/example_latest_only_with_trigger.py took 0.055 seconds
[2024-11-20T14:58:58.545+0000] {processor.py:186} INFO - Started process (PID=3173) to work on /home/airflow/.local/lib/python3.12/site-packages/airflow/example_dags/example_latest_only_with_trigger.py
[2024-11-20T14:58:58.545+0000] {processor.py:914} INFO - Processing file /home/airflow/.local/lib/python3.12/site-packages/airflow/example_dags/example_latest_only_with_trigger.py for tasks to queue
[2024-11-20T14:58:58.547+0000] {logging_mixin.py:190} INFO - [2024-11-20T14:58:58.547+0000] {dagbag.py:588} INFO - Filling up the DagBag from /home/airflow/.local/lib/python3.12/site-packages/airflow/example_dags/example_latest_only_with_trigger.py
[2024-11-20T14:58:58.552+0000] {processor.py:925} INFO - DAG(s) 'latest_only_with_trigger' retrieved from /home/airflow/.local/lib/python3.12/site-packages/airflow/example_dags/example_latest_only_with_trigger.py
[2024-11-20T14:58:58.567+0000] {logging_mixin.py:190} INFO - [2024-11-20T14:58:58.567+0000] {dag.py:3239} INFO - Sync 1 DAGs
[2024-11-20T14:58:58.694+0000] {logging_mixin.py:190} INFO - [2024-11-20T14:58:58.694+0000] {dag.py:4180} INFO - Setting next_dagrun for latest_only_with_trigger to 2024-11-20 08:00:00+00:00, run_after=2024-11-20 12:00:00+00:00
[2024-11-20T14:58:58.709+0000] {processor.py:208} INFO - Processing /home/airflow/.local/lib/python3.12/site-packages/airflow/example_dags/example_latest_only_with_trigger.py took 0.169 seconds
[2024-11-20T14:59:29.006+0000] {processor.py:186} INFO - Started process (PID=3236) to work on /home/airflow/.local/lib/python3.12/site-packages/airflow/example_dags/example_latest_only_with_trigger.py
[2024-11-20T14:59:29.007+0000] {processor.py:914} INFO - Processing file /home/airflow/.local/lib/python3.12/site-packages/airflow/example_dags/example_latest_only_with_trigger.py for tasks to queue
[2024-11-20T14:59:29.009+0000] {logging_mixin.py:190} INFO - [2024-11-20T14:59:29.009+0000] {dagbag.py:588} INFO - Filling up the DagBag from /home/airflow/.local/lib/python3.12/site-packages/airflow/example_dags/example_latest_only_with_trigger.py
[2024-11-20T14:59:29.014+0000] {processor.py:925} INFO - DAG(s) 'latest_only_with_trigger' retrieved from /home/airflow/.local/lib/python3.12/site-packages/airflow/example_dags/example_latest_only_with_trigger.py
[2024-11-20T14:59:29.028+0000] {logging_mixin.py:190} INFO - [2024-11-20T14:59:29.028+0000] {dag.py:3239} INFO - Sync 1 DAGs
[2024-11-20T14:59:29.042+0000] {logging_mixin.py:190} INFO - [2024-11-20T14:59:29.042+0000] {dag.py:4180} INFO - Setting next_dagrun for latest_only_with_trigger to 2024-11-20 08:00:00+00:00, run_after=2024-11-20 12:00:00+00:00
[2024-11-20T14:59:29.060+0000] {processor.py:208} INFO - Processing /home/airflow/.local/lib/python3.12/site-packages/airflow/example_dags/example_latest_only_with_trigger.py took 0.057 seconds
[2024-11-20T14:59:59.112+0000] {processor.py:186} INFO - Started process (PID=3299) to work on /home/airflow/.local/lib/python3.12/site-packages/airflow/example_dags/example_latest_only_with_trigger.py
[2024-11-20T14:59:59.113+0000] {processor.py:914} INFO - Processing file /home/airflow/.local/lib/python3.12/site-packages/airflow/example_dags/example_latest_only_with_trigger.py for tasks to queue
[2024-11-20T14:59:59.115+0000] {logging_mixin.py:190} INFO - [2024-11-20T14:59:59.115+0000] {dagbag.py:588} INFO - Filling up the DagBag from /home/airflow/.local/lib/python3.12/site-packages/airflow/example_dags/example_latest_only_with_trigger.py
[2024-11-20T14:59:59.120+0000] {processor.py:925} INFO - DAG(s) 'latest_only_with_trigger' retrieved from /home/airflow/.local/lib/python3.12/site-packages/airflow/example_dags/example_latest_only_with_trigger.py
[2024-11-20T14:59:59.138+0000] {logging_mixin.py:190} INFO - [2024-11-20T14:59:59.138+0000] {dag.py:3239} INFO - Sync 1 DAGs
[2024-11-20T14:59:59.153+0000] {logging_mixin.py:190} INFO - [2024-11-20T14:59:59.153+0000] {dag.py:4180} INFO - Setting next_dagrun for latest_only_with_trigger to 2024-11-20 08:00:00+00:00, run_after=2024-11-20 12:00:00+00:00
[2024-11-20T14:59:59.169+0000] {processor.py:208} INFO - Processing /home/airflow/.local/lib/python3.12/site-packages/airflow/example_dags/example_latest_only_with_trigger.py took 0.061 seconds
[2024-11-20T15:00:29.474+0000] {processor.py:186} INFO - Started process (PID=3362) to work on /home/airflow/.local/lib/python3.12/site-packages/airflow/example_dags/example_latest_only_with_trigger.py
[2024-11-20T15:00:29.475+0000] {processor.py:914} INFO - Processing file /home/airflow/.local/lib/python3.12/site-packages/airflow/example_dags/example_latest_only_with_trigger.py for tasks to queue
[2024-11-20T15:00:29.588+0000] {logging_mixin.py:190} INFO - [2024-11-20T15:00:29.588+0000] {dagbag.py:588} INFO - Filling up the DagBag from /home/airflow/.local/lib/python3.12/site-packages/airflow/example_dags/example_latest_only_with_trigger.py
[2024-11-20T15:00:29.592+0000] {processor.py:925} INFO - DAG(s) 'latest_only_with_trigger' retrieved from /home/airflow/.local/lib/python3.12/site-packages/airflow/example_dags/example_latest_only_with_trigger.py
[2024-11-20T15:00:29.603+0000] {logging_mixin.py:190} INFO - [2024-11-20T15:00:29.603+0000] {dag.py:3239} INFO - Sync 1 DAGs
[2024-11-20T15:00:29.616+0000] {logging_mixin.py:190} INFO - [2024-11-20T15:00:29.616+0000] {dag.py:4180} INFO - Setting next_dagrun for latest_only_with_trigger to 2024-11-20 08:00:00+00:00, run_after=2024-11-20 12:00:00+00:00
[2024-11-20T15:00:29.629+0000] {processor.py:208} INFO - Processing /home/airflow/.local/lib/python3.12/site-packages/airflow/example_dags/example_latest_only_with_trigger.py took 0.159 seconds
[2024-11-20T15:01:00.486+0000] {processor.py:186} INFO - Started process (PID=3425) to work on /home/airflow/.local/lib/python3.12/site-packages/airflow/example_dags/example_latest_only_with_trigger.py
[2024-11-20T15:01:00.487+0000] {processor.py:914} INFO - Processing file /home/airflow/.local/lib/python3.12/site-packages/airflow/example_dags/example_latest_only_with_trigger.py for tasks to queue
[2024-11-20T15:01:00.488+0000] {logging_mixin.py:190} INFO - [2024-11-20T15:01:00.488+0000] {dagbag.py:588} INFO - Filling up the DagBag from /home/airflow/.local/lib/python3.12/site-packages/airflow/example_dags/example_latest_only_with_trigger.py
[2024-11-20T15:01:00.494+0000] {processor.py:925} INFO - DAG(s) 'latest_only_with_trigger' retrieved from /home/airflow/.local/lib/python3.12/site-packages/airflow/example_dags/example_latest_only_with_trigger.py
[2024-11-20T15:01:00.508+0000] {logging_mixin.py:190} INFO - [2024-11-20T15:01:00.508+0000] {dag.py:3239} INFO - Sync 1 DAGs
[2024-11-20T15:01:00.523+0000] {logging_mixin.py:190} INFO - [2024-11-20T15:01:00.523+0000] {dag.py:4180} INFO - Setting next_dagrun for latest_only_with_trigger to 2024-11-20 08:00:00+00:00, run_after=2024-11-20 12:00:00+00:00
[2024-11-20T15:01:00.542+0000] {processor.py:208} INFO - Processing /home/airflow/.local/lib/python3.12/site-packages/airflow/example_dags/example_latest_only_with_trigger.py took 0.060 seconds
[2024-11-20T15:01:31.332+0000] {processor.py:186} INFO - Started process (PID=3488) to work on /home/airflow/.local/lib/python3.12/site-packages/airflow/example_dags/example_latest_only_with_trigger.py
[2024-11-20T15:01:31.333+0000] {processor.py:914} INFO - Processing file /home/airflow/.local/lib/python3.12/site-packages/airflow/example_dags/example_latest_only_with_trigger.py for tasks to queue
[2024-11-20T15:01:31.335+0000] {logging_mixin.py:190} INFO - [2024-11-20T15:01:31.335+0000] {dagbag.py:588} INFO - Filling up the DagBag from /home/airflow/.local/lib/python3.12/site-packages/airflow/example_dags/example_latest_only_with_trigger.py
[2024-11-20T15:01:31.340+0000] {processor.py:925} INFO - DAG(s) 'latest_only_with_trigger' retrieved from /home/airflow/.local/lib/python3.12/site-packages/airflow/example_dags/example_latest_only_with_trigger.py
[2024-11-20T15:01:31.354+0000] {logging_mixin.py:190} INFO - [2024-11-20T15:01:31.354+0000] {dag.py:3239} INFO - Sync 1 DAGs
[2024-11-20T15:01:31.370+0000] {logging_mixin.py:190} INFO - [2024-11-20T15:01:31.370+0000] {dag.py:4180} INFO - Setting next_dagrun for latest_only_with_trigger to 2024-11-20 08:00:00+00:00, run_after=2024-11-20 12:00:00+00:00
[2024-11-20T15:01:31.386+0000] {processor.py:208} INFO - Processing /home/airflow/.local/lib/python3.12/site-packages/airflow/example_dags/example_latest_only_with_trigger.py took 0.058 seconds
[2024-11-20T15:02:01.770+0000] {processor.py:186} INFO - Started process (PID=3551) to work on /home/airflow/.local/lib/python3.12/site-packages/airflow/example_dags/example_latest_only_with_trigger.py
[2024-11-20T15:02:01.772+0000] {processor.py:914} INFO - Processing file /home/airflow/.local/lib/python3.12/site-packages/airflow/example_dags/example_latest_only_with_trigger.py for tasks to queue
[2024-11-20T15:02:01.774+0000] {logging_mixin.py:190} INFO - [2024-11-20T15:02:01.774+0000] {dagbag.py:588} INFO - Filling up the DagBag from /home/airflow/.local/lib/python3.12/site-packages/airflow/example_dags/example_latest_only_with_trigger.py
[2024-11-20T15:02:01.780+0000] {processor.py:925} INFO - DAG(s) 'latest_only_with_trigger' retrieved from /home/airflow/.local/lib/python3.12/site-packages/airflow/example_dags/example_latest_only_with_trigger.py
[2024-11-20T15:02:01.795+0000] {logging_mixin.py:190} INFO - [2024-11-20T15:02:01.795+0000] {dag.py:3239} INFO - Sync 1 DAGs
[2024-11-20T15:02:01.810+0000] {logging_mixin.py:190} INFO - [2024-11-20T15:02:01.810+0000] {dag.py:4180} INFO - Setting next_dagrun for latest_only_with_trigger to 2024-11-20 08:00:00+00:00, run_after=2024-11-20 12:00:00+00:00
[2024-11-20T15:02:01.828+0000] {processor.py:208} INFO - Processing /home/airflow/.local/lib/python3.12/site-packages/airflow/example_dags/example_latest_only_with_trigger.py took 0.065 seconds
[2024-11-20T15:02:32.538+0000] {processor.py:186} INFO - Started process (PID=3614) to work on /home/airflow/.local/lib/python3.12/site-packages/airflow/example_dags/example_latest_only_with_trigger.py
[2024-11-20T15:02:32.539+0000] {processor.py:914} INFO - Processing file /home/airflow/.local/lib/python3.12/site-packages/airflow/example_dags/example_latest_only_with_trigger.py for tasks to queue
[2024-11-20T15:02:32.541+0000] {logging_mixin.py:190} INFO - [2024-11-20T15:02:32.541+0000] {dagbag.py:588} INFO - Filling up the DagBag from /home/airflow/.local/lib/python3.12/site-packages/airflow/example_dags/example_latest_only_with_trigger.py
[2024-11-20T15:02:32.546+0000] {processor.py:925} INFO - DAG(s) 'latest_only_with_trigger' retrieved from /home/airflow/.local/lib/python3.12/site-packages/airflow/example_dags/example_latest_only_with_trigger.py
[2024-11-20T15:02:32.560+0000] {logging_mixin.py:190} INFO - [2024-11-20T15:02:32.560+0000] {dag.py:3239} INFO - Sync 1 DAGs
[2024-11-20T15:02:32.575+0000] {logging_mixin.py:190} INFO - [2024-11-20T15:02:32.575+0000] {dag.py:4180} INFO - Setting next_dagrun for latest_only_with_trigger to 2024-11-20 08:00:00+00:00, run_after=2024-11-20 12:00:00+00:00
[2024-11-20T15:02:32.591+0000] {processor.py:208} INFO - Processing /home/airflow/.local/lib/python3.12/site-packages/airflow/example_dags/example_latest_only_with_trigger.py took 0.057 seconds
