[2024-11-20T14:27:49.732+0000] {processor.py:186} INFO - Started process (PID=95) to work on /home/airflow/.local/lib/python3.12/site-packages/airflow/example_dags/example_latest_only.py
[2024-11-20T14:27:49.733+0000] {processor.py:914} INFO - Processing file /home/airflow/.local/lib/python3.12/site-packages/airflow/example_dags/example_latest_only.py for tasks to queue
[2024-11-20T14:27:49.738+0000] {logging_mixin.py:190} INFO - [2024-11-20T14:27:49.738+0000] {dagbag.py:588} INFO - Filling up the DagBag from /home/airflow/.local/lib/python3.12/site-packages/airflow/example_dags/example_latest_only.py
[2024-11-20T14:27:49.744+0000] {processor.py:925} INFO - DAG(s) 'latest_only' retrieved from /home/airflow/.local/lib/python3.12/site-packages/airflow/example_dags/example_latest_only.py
[2024-11-20T14:27:49.816+0000] {logging_mixin.py:190} INFO - [2024-11-20T14:27:49.816+0000] {override.py:1911} INFO - Created Permission View: can read on DAG:latest_only
[2024-11-20T14:27:49.827+0000] {logging_mixin.py:190} INFO - [2024-11-20T14:27:49.827+0000] {override.py:1911} INFO - Created Permission View: can edit on DAG:latest_only
[2024-11-20T14:27:49.834+0000] {logging_mixin.py:190} INFO - [2024-11-20T14:27:49.834+0000] {override.py:1911} INFO - Created Permission View: can delete on DAG:latest_only
[2024-11-20T14:27:49.846+0000] {logging_mixin.py:190} INFO - [2024-11-20T14:27:49.845+0000] {override.py:1911} INFO - Created Permission View: can read on DAG Run:latest_only
[2024-11-20T14:27:49.853+0000] {logging_mixin.py:190} INFO - [2024-11-20T14:27:49.853+0000] {override.py:1911} INFO - Created Permission View: menu access on DAG Run:latest_only
[2024-11-20T14:27:49.860+0000] {logging_mixin.py:190} INFO - [2024-11-20T14:27:49.860+0000] {override.py:1911} INFO - Created Permission View: can create on DAG Run:latest_only
[2024-11-20T14:27:49.868+0000] {logging_mixin.py:190} INFO - [2024-11-20T14:27:49.868+0000] {override.py:1911} INFO - Created Permission View: can delete on DAG Run:latest_only
[2024-11-20T14:27:49.869+0000] {logging_mixin.py:190} INFO - [2024-11-20T14:27:49.869+0000] {dag.py:3239} INFO - Sync 1 DAGs
[2024-11-20T14:27:49.877+0000] {logging_mixin.py:190} INFO - [2024-11-20T14:27:49.877+0000] {dag.py:3262} INFO - Creating ORM DAG for latest_only
[2024-11-20T14:27:49.884+0000] {logging_mixin.py:190} INFO - [2024-11-20T14:27:49.883+0000] {dag.py:4180} INFO - Setting next_dagrun for latest_only to 2024-11-20 08:00:00+00:00, run_after=2024-11-20 12:00:00+00:00
[2024-11-20T14:27:49.928+0000] {processor.py:208} INFO - Processing /home/airflow/.local/lib/python3.12/site-packages/airflow/example_dags/example_latest_only.py took 0.200 seconds
[2024-11-20T14:28:20.479+0000] {processor.py:186} INFO - Started process (PID=158) to work on /home/airflow/.local/lib/python3.12/site-packages/airflow/example_dags/example_latest_only.py
[2024-11-20T14:28:20.480+0000] {processor.py:914} INFO - Processing file /home/airflow/.local/lib/python3.12/site-packages/airflow/example_dags/example_latest_only.py for tasks to queue
[2024-11-20T14:28:20.482+0000] {logging_mixin.py:190} INFO - [2024-11-20T14:28:20.482+0000] {dagbag.py:588} INFO - Filling up the DagBag from /home/airflow/.local/lib/python3.12/site-packages/airflow/example_dags/example_latest_only.py
[2024-11-20T14:28:20.487+0000] {processor.py:925} INFO - DAG(s) 'latest_only' retrieved from /home/airflow/.local/lib/python3.12/site-packages/airflow/example_dags/example_latest_only.py
[2024-11-20T14:28:20.501+0000] {logging_mixin.py:190} INFO - [2024-11-20T14:28:20.500+0000] {dag.py:3239} INFO - Sync 1 DAGs
[2024-11-20T14:28:20.515+0000] {logging_mixin.py:190} INFO - [2024-11-20T14:28:20.515+0000] {dag.py:4180} INFO - Setting next_dagrun for latest_only to 2024-11-20 08:00:00+00:00, run_after=2024-11-20 12:00:00+00:00
[2024-11-20T14:28:20.529+0000] {processor.py:208} INFO - Processing /home/airflow/.local/lib/python3.12/site-packages/airflow/example_dags/example_latest_only.py took 0.054 seconds
[2024-11-20T14:28:51.224+0000] {processor.py:186} INFO - Started process (PID=227) to work on /home/airflow/.local/lib/python3.12/site-packages/airflow/example_dags/example_latest_only.py
[2024-11-20T14:28:51.225+0000] {processor.py:914} INFO - Processing file /home/airflow/.local/lib/python3.12/site-packages/airflow/example_dags/example_latest_only.py for tasks to queue
[2024-11-20T14:28:51.227+0000] {logging_mixin.py:190} INFO - [2024-11-20T14:28:51.227+0000] {dagbag.py:588} INFO - Filling up the DagBag from /home/airflow/.local/lib/python3.12/site-packages/airflow/example_dags/example_latest_only.py
[2024-11-20T14:28:51.232+0000] {processor.py:925} INFO - DAG(s) 'latest_only' retrieved from /home/airflow/.local/lib/python3.12/site-packages/airflow/example_dags/example_latest_only.py
[2024-11-20T14:28:51.244+0000] {logging_mixin.py:190} INFO - [2024-11-20T14:28:51.244+0000] {dag.py:3239} INFO - Sync 1 DAGs
[2024-11-20T14:28:51.260+0000] {logging_mixin.py:190} INFO - [2024-11-20T14:28:51.260+0000] {dag.py:4180} INFO - Setting next_dagrun for latest_only to 2024-11-20 08:00:00+00:00, run_after=2024-11-20 12:00:00+00:00
[2024-11-20T14:28:51.276+0000] {processor.py:208} INFO - Processing /home/airflow/.local/lib/python3.12/site-packages/airflow/example_dags/example_latest_only.py took 0.056 seconds
[2024-11-20T14:29:21.417+0000] {processor.py:186} INFO - Started process (PID=289) to work on /home/airflow/.local/lib/python3.12/site-packages/airflow/example_dags/example_latest_only.py
[2024-11-20T14:29:21.418+0000] {processor.py:914} INFO - Processing file /home/airflow/.local/lib/python3.12/site-packages/airflow/example_dags/example_latest_only.py for tasks to queue
[2024-11-20T14:29:21.419+0000] {logging_mixin.py:190} INFO - [2024-11-20T14:29:21.419+0000] {dagbag.py:588} INFO - Filling up the DagBag from /home/airflow/.local/lib/python3.12/site-packages/airflow/example_dags/example_latest_only.py
[2024-11-20T14:29:21.424+0000] {processor.py:925} INFO - DAG(s) 'latest_only' retrieved from /home/airflow/.local/lib/python3.12/site-packages/airflow/example_dags/example_latest_only.py
[2024-11-20T14:29:21.437+0000] {logging_mixin.py:190} INFO - [2024-11-20T14:29:21.437+0000] {dag.py:3239} INFO - Sync 1 DAGs
[2024-11-20T14:29:21.458+0000] {logging_mixin.py:190} INFO - [2024-11-20T14:29:21.458+0000] {dag.py:4180} INFO - Setting next_dagrun for latest_only to 2024-11-20 08:00:00+00:00, run_after=2024-11-20 12:00:00+00:00
[2024-11-20T14:29:21.474+0000] {processor.py:208} INFO - Processing /home/airflow/.local/lib/python3.12/site-packages/airflow/example_dags/example_latest_only.py took 0.060 seconds
[2024-11-20T14:29:51.842+0000] {processor.py:186} INFO - Started process (PID=351) to work on /home/airflow/.local/lib/python3.12/site-packages/airflow/example_dags/example_latest_only.py
[2024-11-20T14:29:51.843+0000] {processor.py:914} INFO - Processing file /home/airflow/.local/lib/python3.12/site-packages/airflow/example_dags/example_latest_only.py for tasks to queue
[2024-11-20T14:29:51.845+0000] {logging_mixin.py:190} INFO - [2024-11-20T14:29:51.845+0000] {dagbag.py:588} INFO - Filling up the DagBag from /home/airflow/.local/lib/python3.12/site-packages/airflow/example_dags/example_latest_only.py
[2024-11-20T14:29:51.850+0000] {processor.py:925} INFO - DAG(s) 'latest_only' retrieved from /home/airflow/.local/lib/python3.12/site-packages/airflow/example_dags/example_latest_only.py
[2024-11-20T14:29:51.864+0000] {logging_mixin.py:190} INFO - [2024-11-20T14:29:51.864+0000] {dag.py:3239} INFO - Sync 1 DAGs
[2024-11-20T14:29:51.879+0000] {logging_mixin.py:190} INFO - [2024-11-20T14:29:51.879+0000] {dag.py:4180} INFO - Setting next_dagrun for latest_only to 2024-11-20 08:00:00+00:00, run_after=2024-11-20 12:00:00+00:00
[2024-11-20T14:29:51.893+0000] {processor.py:208} INFO - Processing /home/airflow/.local/lib/python3.12/site-packages/airflow/example_dags/example_latest_only.py took 0.055 seconds
[2024-11-20T14:30:22.916+0000] {processor.py:186} INFO - Started process (PID=415) to work on /home/airflow/.local/lib/python3.12/site-packages/airflow/example_dags/example_latest_only.py
[2024-11-20T14:30:22.917+0000] {processor.py:914} INFO - Processing file /home/airflow/.local/lib/python3.12/site-packages/airflow/example_dags/example_latest_only.py for tasks to queue
[2024-11-20T14:30:22.919+0000] {logging_mixin.py:190} INFO - [2024-11-20T14:30:22.919+0000] {dagbag.py:588} INFO - Filling up the DagBag from /home/airflow/.local/lib/python3.12/site-packages/airflow/example_dags/example_latest_only.py
[2024-11-20T14:30:22.924+0000] {processor.py:925} INFO - DAG(s) 'latest_only' retrieved from /home/airflow/.local/lib/python3.12/site-packages/airflow/example_dags/example_latest_only.py
[2024-11-20T14:30:22.938+0000] {logging_mixin.py:190} INFO - [2024-11-20T14:30:22.938+0000] {dag.py:3239} INFO - Sync 1 DAGs
[2024-11-20T14:30:22.953+0000] {logging_mixin.py:190} INFO - [2024-11-20T14:30:22.953+0000] {dag.py:4180} INFO - Setting next_dagrun for latest_only to 2024-11-20 08:00:00+00:00, run_after=2024-11-20 12:00:00+00:00
[2024-11-20T14:30:22.968+0000] {processor.py:208} INFO - Processing /home/airflow/.local/lib/python3.12/site-packages/airflow/example_dags/example_latest_only.py took 0.056 seconds
[2024-11-20T14:30:53.231+0000] {processor.py:186} INFO - Started process (PID=478) to work on /home/airflow/.local/lib/python3.12/site-packages/airflow/example_dags/example_latest_only.py
[2024-11-20T14:30:53.232+0000] {processor.py:914} INFO - Processing file /home/airflow/.local/lib/python3.12/site-packages/airflow/example_dags/example_latest_only.py for tasks to queue
[2024-11-20T14:30:53.234+0000] {logging_mixin.py:190} INFO - [2024-11-20T14:30:53.234+0000] {dagbag.py:588} INFO - Filling up the DagBag from /home/airflow/.local/lib/python3.12/site-packages/airflow/example_dags/example_latest_only.py
[2024-11-20T14:30:53.239+0000] {processor.py:925} INFO - DAG(s) 'latest_only' retrieved from /home/airflow/.local/lib/python3.12/site-packages/airflow/example_dags/example_latest_only.py
[2024-11-20T14:30:53.253+0000] {logging_mixin.py:190} INFO - [2024-11-20T14:30:53.253+0000] {dag.py:3239} INFO - Sync 1 DAGs
[2024-11-20T14:30:53.269+0000] {logging_mixin.py:190} INFO - [2024-11-20T14:30:53.269+0000] {dag.py:4180} INFO - Setting next_dagrun for latest_only to 2024-11-20 08:00:00+00:00, run_after=2024-11-20 12:00:00+00:00
[2024-11-20T14:30:53.284+0000] {processor.py:208} INFO - Processing /home/airflow/.local/lib/python3.12/site-packages/airflow/example_dags/example_latest_only.py took 0.057 seconds
[2024-11-20T14:31:23.915+0000] {processor.py:186} INFO - Started process (PID=541) to work on /home/airflow/.local/lib/python3.12/site-packages/airflow/example_dags/example_latest_only.py
[2024-11-20T14:31:23.917+0000] {processor.py:914} INFO - Processing file /home/airflow/.local/lib/python3.12/site-packages/airflow/example_dags/example_latest_only.py for tasks to queue
[2024-11-20T14:31:23.920+0000] {logging_mixin.py:190} INFO - [2024-11-20T14:31:23.919+0000] {dagbag.py:588} INFO - Filling up the DagBag from /home/airflow/.local/lib/python3.12/site-packages/airflow/example_dags/example_latest_only.py
[2024-11-20T14:31:23.925+0000] {processor.py:925} INFO - DAG(s) 'latest_only' retrieved from /home/airflow/.local/lib/python3.12/site-packages/airflow/example_dags/example_latest_only.py
[2024-11-20T14:31:23.940+0000] {logging_mixin.py:190} INFO - [2024-11-20T14:31:23.940+0000] {dag.py:3239} INFO - Sync 1 DAGs
[2024-11-20T14:31:23.957+0000] {logging_mixin.py:190} INFO - [2024-11-20T14:31:23.956+0000] {dag.py:4180} INFO - Setting next_dagrun for latest_only to 2024-11-20 08:00:00+00:00, run_after=2024-11-20 12:00:00+00:00
[2024-11-20T14:31:23.973+0000] {processor.py:208} INFO - Processing /home/airflow/.local/lib/python3.12/site-packages/airflow/example_dags/example_latest_only.py took 0.064 seconds
[2024-11-20T14:31:54.565+0000] {processor.py:186} INFO - Started process (PID=604) to work on /home/airflow/.local/lib/python3.12/site-packages/airflow/example_dags/example_latest_only.py
[2024-11-20T14:31:54.566+0000] {processor.py:914} INFO - Processing file /home/airflow/.local/lib/python3.12/site-packages/airflow/example_dags/example_latest_only.py for tasks to queue
[2024-11-20T14:31:54.568+0000] {logging_mixin.py:190} INFO - [2024-11-20T14:31:54.568+0000] {dagbag.py:588} INFO - Filling up the DagBag from /home/airflow/.local/lib/python3.12/site-packages/airflow/example_dags/example_latest_only.py
[2024-11-20T14:31:54.573+0000] {processor.py:925} INFO - DAG(s) 'latest_only' retrieved from /home/airflow/.local/lib/python3.12/site-packages/airflow/example_dags/example_latest_only.py
[2024-11-20T14:31:54.586+0000] {logging_mixin.py:190} INFO - [2024-11-20T14:31:54.586+0000] {dag.py:3239} INFO - Sync 1 DAGs
[2024-11-20T14:31:54.602+0000] {logging_mixin.py:190} INFO - [2024-11-20T14:31:54.602+0000] {dag.py:4180} INFO - Setting next_dagrun for latest_only to 2024-11-20 08:00:00+00:00, run_after=2024-11-20 12:00:00+00:00
[2024-11-20T14:31:54.618+0000] {processor.py:208} INFO - Processing /home/airflow/.local/lib/python3.12/site-packages/airflow/example_dags/example_latest_only.py took 0.059 seconds
[2024-11-20T14:32:25.291+0000] {processor.py:186} INFO - Started process (PID=667) to work on /home/airflow/.local/lib/python3.12/site-packages/airflow/example_dags/example_latest_only.py
[2024-11-20T14:32:25.297+0000] {processor.py:914} INFO - Processing file /home/airflow/.local/lib/python3.12/site-packages/airflow/example_dags/example_latest_only.py for tasks to queue
[2024-11-20T14:32:25.324+0000] {logging_mixin.py:190} INFO - [2024-11-20T14:32:25.323+0000] {dagbag.py:588} INFO - Filling up the DagBag from /home/airflow/.local/lib/python3.12/site-packages/airflow/example_dags/example_latest_only.py
[2024-11-20T14:32:25.337+0000] {processor.py:925} INFO - DAG(s) 'latest_only' retrieved from /home/airflow/.local/lib/python3.12/site-packages/airflow/example_dags/example_latest_only.py
[2024-11-20T14:32:25.352+0000] {logging_mixin.py:190} INFO - [2024-11-20T14:32:25.352+0000] {dag.py:3239} INFO - Sync 1 DAGs
[2024-11-20T14:32:25.370+0000] {logging_mixin.py:190} INFO - [2024-11-20T14:32:25.370+0000] {dag.py:4180} INFO - Setting next_dagrun for latest_only to 2024-11-20 08:00:00+00:00, run_after=2024-11-20 12:00:00+00:00
[2024-11-20T14:32:25.388+0000] {processor.py:208} INFO - Processing /home/airflow/.local/lib/python3.12/site-packages/airflow/example_dags/example_latest_only.py took 0.103 seconds
[2024-11-20T14:32:55.895+0000] {processor.py:186} INFO - Started process (PID=729) to work on /home/airflow/.local/lib/python3.12/site-packages/airflow/example_dags/example_latest_only.py
[2024-11-20T14:32:55.897+0000] {processor.py:914} INFO - Processing file /home/airflow/.local/lib/python3.12/site-packages/airflow/example_dags/example_latest_only.py for tasks to queue
[2024-11-20T14:32:55.899+0000] {logging_mixin.py:190} INFO - [2024-11-20T14:32:55.899+0000] {dagbag.py:588} INFO - Filling up the DagBag from /home/airflow/.local/lib/python3.12/site-packages/airflow/example_dags/example_latest_only.py
[2024-11-20T14:32:55.904+0000] {processor.py:925} INFO - DAG(s) 'latest_only' retrieved from /home/airflow/.local/lib/python3.12/site-packages/airflow/example_dags/example_latest_only.py
[2024-11-20T14:32:55.919+0000] {logging_mixin.py:190} INFO - [2024-11-20T14:32:55.919+0000] {dag.py:3239} INFO - Sync 1 DAGs
[2024-11-20T14:32:55.934+0000] {logging_mixin.py:190} INFO - [2024-11-20T14:32:55.934+0000] {dag.py:4180} INFO - Setting next_dagrun for latest_only to 2024-11-20 08:00:00+00:00, run_after=2024-11-20 12:00:00+00:00
[2024-11-20T14:32:55.950+0000] {processor.py:208} INFO - Processing /home/airflow/.local/lib/python3.12/site-packages/airflow/example_dags/example_latest_only.py took 0.061 seconds
[2024-11-20T14:33:27.046+0000] {processor.py:186} INFO - Started process (PID=792) to work on /home/airflow/.local/lib/python3.12/site-packages/airflow/example_dags/example_latest_only.py
[2024-11-20T14:33:27.047+0000] {processor.py:914} INFO - Processing file /home/airflow/.local/lib/python3.12/site-packages/airflow/example_dags/example_latest_only.py for tasks to queue
[2024-11-20T14:33:27.049+0000] {logging_mixin.py:190} INFO - [2024-11-20T14:33:27.049+0000] {dagbag.py:588} INFO - Filling up the DagBag from /home/airflow/.local/lib/python3.12/site-packages/airflow/example_dags/example_latest_only.py
[2024-11-20T14:33:27.054+0000] {processor.py:925} INFO - DAG(s) 'latest_only' retrieved from /home/airflow/.local/lib/python3.12/site-packages/airflow/example_dags/example_latest_only.py
[2024-11-20T14:33:27.068+0000] {logging_mixin.py:190} INFO - [2024-11-20T14:33:27.068+0000] {dag.py:3239} INFO - Sync 1 DAGs
[2024-11-20T14:33:27.084+0000] {logging_mixin.py:190} INFO - [2024-11-20T14:33:27.083+0000] {dag.py:4180} INFO - Setting next_dagrun for latest_only to 2024-11-20 08:00:00+00:00, run_after=2024-11-20 12:00:00+00:00
[2024-11-20T14:33:27.098+0000] {processor.py:208} INFO - Processing /home/airflow/.local/lib/python3.12/site-packages/airflow/example_dags/example_latest_only.py took 0.059 seconds
[2024-11-20T14:33:58.201+0000] {processor.py:186} INFO - Started process (PID=856) to work on /home/airflow/.local/lib/python3.12/site-packages/airflow/example_dags/example_latest_only.py
[2024-11-20T14:33:58.202+0000] {processor.py:914} INFO - Processing file /home/airflow/.local/lib/python3.12/site-packages/airflow/example_dags/example_latest_only.py for tasks to queue
[2024-11-20T14:33:58.204+0000] {logging_mixin.py:190} INFO - [2024-11-20T14:33:58.203+0000] {dagbag.py:588} INFO - Filling up the DagBag from /home/airflow/.local/lib/python3.12/site-packages/airflow/example_dags/example_latest_only.py
[2024-11-20T14:33:58.209+0000] {processor.py:925} INFO - DAG(s) 'latest_only' retrieved from /home/airflow/.local/lib/python3.12/site-packages/airflow/example_dags/example_latest_only.py
[2024-11-20T14:33:58.223+0000] {logging_mixin.py:190} INFO - [2024-11-20T14:33:58.223+0000] {dag.py:3239} INFO - Sync 1 DAGs
[2024-11-20T14:33:58.237+0000] {logging_mixin.py:190} INFO - [2024-11-20T14:33:58.237+0000] {dag.py:4180} INFO - Setting next_dagrun for latest_only to 2024-11-20 08:00:00+00:00, run_after=2024-11-20 12:00:00+00:00
[2024-11-20T14:33:58.251+0000] {processor.py:208} INFO - Processing /home/airflow/.local/lib/python3.12/site-packages/airflow/example_dags/example_latest_only.py took 0.054 seconds
[2024-11-20T14:34:28.867+0000] {processor.py:186} INFO - Started process (PID=919) to work on /home/airflow/.local/lib/python3.12/site-packages/airflow/example_dags/example_latest_only.py
[2024-11-20T14:34:28.868+0000] {processor.py:914} INFO - Processing file /home/airflow/.local/lib/python3.12/site-packages/airflow/example_dags/example_latest_only.py for tasks to queue
[2024-11-20T14:34:28.870+0000] {logging_mixin.py:190} INFO - [2024-11-20T14:34:28.870+0000] {dagbag.py:588} INFO - Filling up the DagBag from /home/airflow/.local/lib/python3.12/site-packages/airflow/example_dags/example_latest_only.py
[2024-11-20T14:34:28.875+0000] {processor.py:925} INFO - DAG(s) 'latest_only' retrieved from /home/airflow/.local/lib/python3.12/site-packages/airflow/example_dags/example_latest_only.py
[2024-11-20T14:34:28.888+0000] {logging_mixin.py:190} INFO - [2024-11-20T14:34:28.888+0000] {dag.py:3239} INFO - Sync 1 DAGs
[2024-11-20T14:34:28.903+0000] {logging_mixin.py:190} INFO - [2024-11-20T14:34:28.903+0000] {dag.py:4180} INFO - Setting next_dagrun for latest_only to 2024-11-20 08:00:00+00:00, run_after=2024-11-20 12:00:00+00:00
[2024-11-20T14:34:28.917+0000] {processor.py:208} INFO - Processing /home/airflow/.local/lib/python3.12/site-packages/airflow/example_dags/example_latest_only.py took 0.053 seconds
[2024-11-20T14:34:59.790+0000] {processor.py:186} INFO - Started process (PID=982) to work on /home/airflow/.local/lib/python3.12/site-packages/airflow/example_dags/example_latest_only.py
[2024-11-20T14:34:59.791+0000] {processor.py:914} INFO - Processing file /home/airflow/.local/lib/python3.12/site-packages/airflow/example_dags/example_latest_only.py for tasks to queue
[2024-11-20T14:34:59.793+0000] {logging_mixin.py:190} INFO - [2024-11-20T14:34:59.793+0000] {dagbag.py:588} INFO - Filling up the DagBag from /home/airflow/.local/lib/python3.12/site-packages/airflow/example_dags/example_latest_only.py
[2024-11-20T14:34:59.798+0000] {processor.py:925} INFO - DAG(s) 'latest_only' retrieved from /home/airflow/.local/lib/python3.12/site-packages/airflow/example_dags/example_latest_only.py
[2024-11-20T14:34:59.812+0000] {logging_mixin.py:190} INFO - [2024-11-20T14:34:59.812+0000] {dag.py:3239} INFO - Sync 1 DAGs
[2024-11-20T14:34:59.828+0000] {logging_mixin.py:190} INFO - [2024-11-20T14:34:59.828+0000] {dag.py:4180} INFO - Setting next_dagrun for latest_only to 2024-11-20 08:00:00+00:00, run_after=2024-11-20 12:00:00+00:00
[2024-11-20T14:34:59.846+0000] {processor.py:208} INFO - Processing /home/airflow/.local/lib/python3.12/site-packages/airflow/example_dags/example_latest_only.py took 0.060 seconds
[2024-11-20T14:35:30.343+0000] {processor.py:186} INFO - Started process (PID=1045) to work on /home/airflow/.local/lib/python3.12/site-packages/airflow/example_dags/example_latest_only.py
[2024-11-20T14:35:30.344+0000] {processor.py:914} INFO - Processing file /home/airflow/.local/lib/python3.12/site-packages/airflow/example_dags/example_latest_only.py for tasks to queue
[2024-11-20T14:35:30.346+0000] {logging_mixin.py:190} INFO - [2024-11-20T14:35:30.346+0000] {dagbag.py:588} INFO - Filling up the DagBag from /home/airflow/.local/lib/python3.12/site-packages/airflow/example_dags/example_latest_only.py
[2024-11-20T14:35:30.352+0000] {processor.py:925} INFO - DAG(s) 'latest_only' retrieved from /home/airflow/.local/lib/python3.12/site-packages/airflow/example_dags/example_latest_only.py
[2024-11-20T14:35:30.367+0000] {logging_mixin.py:190} INFO - [2024-11-20T14:35:30.367+0000] {dag.py:3239} INFO - Sync 1 DAGs
[2024-11-20T14:35:30.383+0000] {logging_mixin.py:190} INFO - [2024-11-20T14:35:30.383+0000] {dag.py:4180} INFO - Setting next_dagrun for latest_only to 2024-11-20 08:00:00+00:00, run_after=2024-11-20 12:00:00+00:00
[2024-11-20T14:35:30.400+0000] {processor.py:208} INFO - Processing /home/airflow/.local/lib/python3.12/site-packages/airflow/example_dags/example_latest_only.py took 0.061 seconds
[2024-11-20T14:36:01.107+0000] {processor.py:186} INFO - Started process (PID=1108) to work on /home/airflow/.local/lib/python3.12/site-packages/airflow/example_dags/example_latest_only.py
[2024-11-20T14:36:01.108+0000] {processor.py:914} INFO - Processing file /home/airflow/.local/lib/python3.12/site-packages/airflow/example_dags/example_latest_only.py for tasks to queue
[2024-11-20T14:36:01.111+0000] {logging_mixin.py:190} INFO - [2024-11-20T14:36:01.110+0000] {dagbag.py:588} INFO - Filling up the DagBag from /home/airflow/.local/lib/python3.12/site-packages/airflow/example_dags/example_latest_only.py
[2024-11-20T14:36:01.116+0000] {processor.py:925} INFO - DAG(s) 'latest_only' retrieved from /home/airflow/.local/lib/python3.12/site-packages/airflow/example_dags/example_latest_only.py
[2024-11-20T14:36:01.129+0000] {logging_mixin.py:190} INFO - [2024-11-20T14:36:01.129+0000] {dag.py:3239} INFO - Sync 1 DAGs
[2024-11-20T14:36:01.146+0000] {logging_mixin.py:190} INFO - [2024-11-20T14:36:01.146+0000] {dag.py:4180} INFO - Setting next_dagrun for latest_only to 2024-11-20 08:00:00+00:00, run_after=2024-11-20 12:00:00+00:00
[2024-11-20T14:36:01.165+0000] {processor.py:208} INFO - Processing /home/airflow/.local/lib/python3.12/site-packages/airflow/example_dags/example_latest_only.py took 0.062 seconds
[2024-11-20T14:36:31.809+0000] {processor.py:186} INFO - Started process (PID=1171) to work on /home/airflow/.local/lib/python3.12/site-packages/airflow/example_dags/example_latest_only.py
[2024-11-20T14:36:31.811+0000] {processor.py:914} INFO - Processing file /home/airflow/.local/lib/python3.12/site-packages/airflow/example_dags/example_latest_only.py for tasks to queue
[2024-11-20T14:36:31.813+0000] {logging_mixin.py:190} INFO - [2024-11-20T14:36:31.812+0000] {dagbag.py:588} INFO - Filling up the DagBag from /home/airflow/.local/lib/python3.12/site-packages/airflow/example_dags/example_latest_only.py
[2024-11-20T14:36:31.817+0000] {processor.py:925} INFO - DAG(s) 'latest_only' retrieved from /home/airflow/.local/lib/python3.12/site-packages/airflow/example_dags/example_latest_only.py
[2024-11-20T14:36:31.830+0000] {logging_mixin.py:190} INFO - [2024-11-20T14:36:31.830+0000] {dag.py:3239} INFO - Sync 1 DAGs
[2024-11-20T14:36:31.845+0000] {logging_mixin.py:190} INFO - [2024-11-20T14:36:31.845+0000] {dag.py:4180} INFO - Setting next_dagrun for latest_only to 2024-11-20 08:00:00+00:00, run_after=2024-11-20 12:00:00+00:00
[2024-11-20T14:36:31.862+0000] {processor.py:208} INFO - Processing /home/airflow/.local/lib/python3.12/site-packages/airflow/example_dags/example_latest_only.py took 0.057 seconds
[2024-11-20T14:37:01.943+0000] {processor.py:186} INFO - Started process (PID=1233) to work on /home/airflow/.local/lib/python3.12/site-packages/airflow/example_dags/example_latest_only.py
[2024-11-20T14:37:01.945+0000] {processor.py:914} INFO - Processing file /home/airflow/.local/lib/python3.12/site-packages/airflow/example_dags/example_latest_only.py for tasks to queue
[2024-11-20T14:37:01.947+0000] {logging_mixin.py:190} INFO - [2024-11-20T14:37:01.946+0000] {dagbag.py:588} INFO - Filling up the DagBag from /home/airflow/.local/lib/python3.12/site-packages/airflow/example_dags/example_latest_only.py
[2024-11-20T14:37:01.953+0000] {processor.py:925} INFO - DAG(s) 'latest_only' retrieved from /home/airflow/.local/lib/python3.12/site-packages/airflow/example_dags/example_latest_only.py
[2024-11-20T14:37:01.969+0000] {logging_mixin.py:190} INFO - [2024-11-20T14:37:01.969+0000] {dag.py:3239} INFO - Sync 1 DAGs
[2024-11-20T14:37:01.985+0000] {logging_mixin.py:190} INFO - [2024-11-20T14:37:01.985+0000] {dag.py:4180} INFO - Setting next_dagrun for latest_only to 2024-11-20 08:00:00+00:00, run_after=2024-11-20 12:00:00+00:00
[2024-11-20T14:37:02.001+0000] {processor.py:208} INFO - Processing /home/airflow/.local/lib/python3.12/site-packages/airflow/example_dags/example_latest_only.py took 0.062 seconds
[2024-11-20T14:37:32.453+0000] {processor.py:186} INFO - Started process (PID=1296) to work on /home/airflow/.local/lib/python3.12/site-packages/airflow/example_dags/example_latest_only.py
[2024-11-20T14:37:32.458+0000] {processor.py:914} INFO - Processing file /home/airflow/.local/lib/python3.12/site-packages/airflow/example_dags/example_latest_only.py for tasks to queue
[2024-11-20T14:37:32.461+0000] {logging_mixin.py:190} INFO - [2024-11-20T14:37:32.460+0000] {dagbag.py:588} INFO - Filling up the DagBag from /home/airflow/.local/lib/python3.12/site-packages/airflow/example_dags/example_latest_only.py
[2024-11-20T14:37:32.466+0000] {processor.py:925} INFO - DAG(s) 'latest_only' retrieved from /home/airflow/.local/lib/python3.12/site-packages/airflow/example_dags/example_latest_only.py
[2024-11-20T14:37:32.480+0000] {logging_mixin.py:190} INFO - [2024-11-20T14:37:32.480+0000] {dag.py:3239} INFO - Sync 1 DAGs
[2024-11-20T14:37:32.496+0000] {logging_mixin.py:190} INFO - [2024-11-20T14:37:32.495+0000] {dag.py:4180} INFO - Setting next_dagrun for latest_only to 2024-11-20 08:00:00+00:00, run_after=2024-11-20 12:00:00+00:00
[2024-11-20T14:37:32.514+0000] {processor.py:208} INFO - Processing /home/airflow/.local/lib/python3.12/site-packages/airflow/example_dags/example_latest_only.py took 0.066 seconds
[2024-11-20T14:38:02.612+0000] {processor.py:186} INFO - Started process (PID=1359) to work on /home/airflow/.local/lib/python3.12/site-packages/airflow/example_dags/example_latest_only.py
[2024-11-20T14:38:02.613+0000] {processor.py:914} INFO - Processing file /home/airflow/.local/lib/python3.12/site-packages/airflow/example_dags/example_latest_only.py for tasks to queue
[2024-11-20T14:38:02.615+0000] {logging_mixin.py:190} INFO - [2024-11-20T14:38:02.615+0000] {dagbag.py:588} INFO - Filling up the DagBag from /home/airflow/.local/lib/python3.12/site-packages/airflow/example_dags/example_latest_only.py
[2024-11-20T14:38:02.620+0000] {processor.py:925} INFO - DAG(s) 'latest_only' retrieved from /home/airflow/.local/lib/python3.12/site-packages/airflow/example_dags/example_latest_only.py
[2024-11-20T14:38:02.633+0000] {logging_mixin.py:190} INFO - [2024-11-20T14:38:02.633+0000] {dag.py:3239} INFO - Sync 1 DAGs
[2024-11-20T14:38:02.648+0000] {logging_mixin.py:190} INFO - [2024-11-20T14:38:02.648+0000] {dag.py:4180} INFO - Setting next_dagrun for latest_only to 2024-11-20 08:00:00+00:00, run_after=2024-11-20 12:00:00+00:00
[2024-11-20T14:38:02.661+0000] {processor.py:208} INFO - Processing /home/airflow/.local/lib/python3.12/site-packages/airflow/example_dags/example_latest_only.py took 0.053 seconds
[2024-11-20T14:38:33.029+0000] {processor.py:186} INFO - Started process (PID=1422) to work on /home/airflow/.local/lib/python3.12/site-packages/airflow/example_dags/example_latest_only.py
[2024-11-20T14:38:33.031+0000] {processor.py:914} INFO - Processing file /home/airflow/.local/lib/python3.12/site-packages/airflow/example_dags/example_latest_only.py for tasks to queue
[2024-11-20T14:38:33.033+0000] {logging_mixin.py:190} INFO - [2024-11-20T14:38:33.032+0000] {dagbag.py:588} INFO - Filling up the DagBag from /home/airflow/.local/lib/python3.12/site-packages/airflow/example_dags/example_latest_only.py
[2024-11-20T14:38:33.038+0000] {processor.py:925} INFO - DAG(s) 'latest_only' retrieved from /home/airflow/.local/lib/python3.12/site-packages/airflow/example_dags/example_latest_only.py
[2024-11-20T14:38:33.052+0000] {logging_mixin.py:190} INFO - [2024-11-20T14:38:33.051+0000] {dag.py:3239} INFO - Sync 1 DAGs
[2024-11-20T14:38:33.068+0000] {logging_mixin.py:190} INFO - [2024-11-20T14:38:33.068+0000] {dag.py:4180} INFO - Setting next_dagrun for latest_only to 2024-11-20 08:00:00+00:00, run_after=2024-11-20 12:00:00+00:00
[2024-11-20T14:38:33.085+0000] {processor.py:208} INFO - Processing /home/airflow/.local/lib/python3.12/site-packages/airflow/example_dags/example_latest_only.py took 0.062 seconds
[2024-11-20T14:39:03.285+0000] {processor.py:186} INFO - Started process (PID=1485) to work on /home/airflow/.local/lib/python3.12/site-packages/airflow/example_dags/example_latest_only.py
[2024-11-20T14:39:03.287+0000] {processor.py:914} INFO - Processing file /home/airflow/.local/lib/python3.12/site-packages/airflow/example_dags/example_latest_only.py for tasks to queue
[2024-11-20T14:39:03.290+0000] {logging_mixin.py:190} INFO - [2024-11-20T14:39:03.290+0000] {dagbag.py:588} INFO - Filling up the DagBag from /home/airflow/.local/lib/python3.12/site-packages/airflow/example_dags/example_latest_only.py
[2024-11-20T14:39:03.296+0000] {processor.py:925} INFO - DAG(s) 'latest_only' retrieved from /home/airflow/.local/lib/python3.12/site-packages/airflow/example_dags/example_latest_only.py
[2024-11-20T14:39:03.312+0000] {logging_mixin.py:190} INFO - [2024-11-20T14:39:03.312+0000] {dag.py:3239} INFO - Sync 1 DAGs
[2024-11-20T14:39:03.327+0000] {logging_mixin.py:190} INFO - [2024-11-20T14:39:03.327+0000] {dag.py:4180} INFO - Setting next_dagrun for latest_only to 2024-11-20 08:00:00+00:00, run_after=2024-11-20 12:00:00+00:00
[2024-11-20T14:39:03.345+0000] {processor.py:208} INFO - Processing /home/airflow/.local/lib/python3.12/site-packages/airflow/example_dags/example_latest_only.py took 0.067 seconds
[2024-11-20T14:39:33.381+0000] {processor.py:186} INFO - Started process (PID=1548) to work on /home/airflow/.local/lib/python3.12/site-packages/airflow/example_dags/example_latest_only.py
[2024-11-20T14:39:33.382+0000] {processor.py:914} INFO - Processing file /home/airflow/.local/lib/python3.12/site-packages/airflow/example_dags/example_latest_only.py for tasks to queue
[2024-11-20T14:39:33.384+0000] {logging_mixin.py:190} INFO - [2024-11-20T14:39:33.383+0000] {dagbag.py:588} INFO - Filling up the DagBag from /home/airflow/.local/lib/python3.12/site-packages/airflow/example_dags/example_latest_only.py
[2024-11-20T14:39:33.389+0000] {processor.py:925} INFO - DAG(s) 'latest_only' retrieved from /home/airflow/.local/lib/python3.12/site-packages/airflow/example_dags/example_latest_only.py
[2024-11-20T14:39:33.402+0000] {logging_mixin.py:190} INFO - [2024-11-20T14:39:33.402+0000] {dag.py:3239} INFO - Sync 1 DAGs
[2024-11-20T14:39:33.417+0000] {logging_mixin.py:190} INFO - [2024-11-20T14:39:33.417+0000] {dag.py:4180} INFO - Setting next_dagrun for latest_only to 2024-11-20 08:00:00+00:00, run_after=2024-11-20 12:00:00+00:00
[2024-11-20T14:39:33.433+0000] {processor.py:208} INFO - Processing /home/airflow/.local/lib/python3.12/site-packages/airflow/example_dags/example_latest_only.py took 0.056 seconds
[2024-11-20T14:40:03.935+0000] {processor.py:186} INFO - Started process (PID=1611) to work on /home/airflow/.local/lib/python3.12/site-packages/airflow/example_dags/example_latest_only.py
[2024-11-20T14:40:03.937+0000] {processor.py:914} INFO - Processing file /home/airflow/.local/lib/python3.12/site-packages/airflow/example_dags/example_latest_only.py for tasks to queue
[2024-11-20T14:40:03.938+0000] {logging_mixin.py:190} INFO - [2024-11-20T14:40:03.938+0000] {dagbag.py:588} INFO - Filling up the DagBag from /home/airflow/.local/lib/python3.12/site-packages/airflow/example_dags/example_latest_only.py
[2024-11-20T14:40:03.945+0000] {processor.py:925} INFO - DAG(s) 'latest_only' retrieved from /home/airflow/.local/lib/python3.12/site-packages/airflow/example_dags/example_latest_only.py
[2024-11-20T14:40:03.959+0000] {logging_mixin.py:190} INFO - [2024-11-20T14:40:03.959+0000] {dag.py:3239} INFO - Sync 1 DAGs
[2024-11-20T14:40:03.975+0000] {logging_mixin.py:190} INFO - [2024-11-20T14:40:03.975+0000] {dag.py:4180} INFO - Setting next_dagrun for latest_only to 2024-11-20 08:00:00+00:00, run_after=2024-11-20 12:00:00+00:00
[2024-11-20T14:40:03.993+0000] {processor.py:208} INFO - Processing /home/airflow/.local/lib/python3.12/site-packages/airflow/example_dags/example_latest_only.py took 0.062 seconds
[2024-11-20T14:40:34.880+0000] {processor.py:186} INFO - Started process (PID=1674) to work on /home/airflow/.local/lib/python3.12/site-packages/airflow/example_dags/example_latest_only.py
[2024-11-20T14:40:34.881+0000] {processor.py:914} INFO - Processing file /home/airflow/.local/lib/python3.12/site-packages/airflow/example_dags/example_latest_only.py for tasks to queue
[2024-11-20T14:40:34.883+0000] {logging_mixin.py:190} INFO - [2024-11-20T14:40:34.883+0000] {dagbag.py:588} INFO - Filling up the DagBag from /home/airflow/.local/lib/python3.12/site-packages/airflow/example_dags/example_latest_only.py
[2024-11-20T14:40:34.889+0000] {processor.py:925} INFO - DAG(s) 'latest_only' retrieved from /home/airflow/.local/lib/python3.12/site-packages/airflow/example_dags/example_latest_only.py
[2024-11-20T14:40:34.902+0000] {logging_mixin.py:190} INFO - [2024-11-20T14:40:34.902+0000] {dag.py:3239} INFO - Sync 1 DAGs
[2024-11-20T14:40:34.917+0000] {logging_mixin.py:190} INFO - [2024-11-20T14:40:34.917+0000] {dag.py:4180} INFO - Setting next_dagrun for latest_only to 2024-11-20 08:00:00+00:00, run_after=2024-11-20 12:00:00+00:00
[2024-11-20T14:40:34.931+0000] {processor.py:208} INFO - Processing /home/airflow/.local/lib/python3.12/site-packages/airflow/example_dags/example_latest_only.py took 0.055 seconds
[2024-11-20T14:41:05.719+0000] {processor.py:186} INFO - Started process (PID=1737) to work on /home/airflow/.local/lib/python3.12/site-packages/airflow/example_dags/example_latest_only.py
[2024-11-20T14:41:05.720+0000] {processor.py:914} INFO - Processing file /home/airflow/.local/lib/python3.12/site-packages/airflow/example_dags/example_latest_only.py for tasks to queue
[2024-11-20T14:41:05.722+0000] {logging_mixin.py:190} INFO - [2024-11-20T14:41:05.722+0000] {dagbag.py:588} INFO - Filling up the DagBag from /home/airflow/.local/lib/python3.12/site-packages/airflow/example_dags/example_latest_only.py
[2024-11-20T14:41:05.728+0000] {processor.py:925} INFO - DAG(s) 'latest_only' retrieved from /home/airflow/.local/lib/python3.12/site-packages/airflow/example_dags/example_latest_only.py
[2024-11-20T14:41:05.741+0000] {logging_mixin.py:190} INFO - [2024-11-20T14:41:05.741+0000] {dag.py:3239} INFO - Sync 1 DAGs
[2024-11-20T14:41:05.757+0000] {logging_mixin.py:190} INFO - [2024-11-20T14:41:05.757+0000] {dag.py:4180} INFO - Setting next_dagrun for latest_only to 2024-11-20 08:00:00+00:00, run_after=2024-11-20 12:00:00+00:00
[2024-11-20T14:41:05.772+0000] {processor.py:208} INFO - Processing /home/airflow/.local/lib/python3.12/site-packages/airflow/example_dags/example_latest_only.py took 0.061 seconds
[2024-11-20T14:41:36.460+0000] {processor.py:186} INFO - Started process (PID=1800) to work on /home/airflow/.local/lib/python3.12/site-packages/airflow/example_dags/example_latest_only.py
[2024-11-20T14:41:36.461+0000] {processor.py:914} INFO - Processing file /home/airflow/.local/lib/python3.12/site-packages/airflow/example_dags/example_latest_only.py for tasks to queue
[2024-11-20T14:41:36.463+0000] {logging_mixin.py:190} INFO - [2024-11-20T14:41:36.463+0000] {dagbag.py:588} INFO - Filling up the DagBag from /home/airflow/.local/lib/python3.12/site-packages/airflow/example_dags/example_latest_only.py
[2024-11-20T14:41:36.468+0000] {processor.py:925} INFO - DAG(s) 'latest_only' retrieved from /home/airflow/.local/lib/python3.12/site-packages/airflow/example_dags/example_latest_only.py
[2024-11-20T14:41:36.481+0000] {logging_mixin.py:190} INFO - [2024-11-20T14:41:36.481+0000] {dag.py:3239} INFO - Sync 1 DAGs
[2024-11-20T14:41:36.497+0000] {logging_mixin.py:190} INFO - [2024-11-20T14:41:36.497+0000] {dag.py:4180} INFO - Setting next_dagrun for latest_only to 2024-11-20 08:00:00+00:00, run_after=2024-11-20 12:00:00+00:00
[2024-11-20T14:41:36.512+0000] {processor.py:208} INFO - Processing /home/airflow/.local/lib/python3.12/site-packages/airflow/example_dags/example_latest_only.py took 0.056 seconds
[2024-11-20T14:42:07.134+0000] {processor.py:186} INFO - Started process (PID=1863) to work on /home/airflow/.local/lib/python3.12/site-packages/airflow/example_dags/example_latest_only.py
[2024-11-20T14:42:07.134+0000] {processor.py:914} INFO - Processing file /home/airflow/.local/lib/python3.12/site-packages/airflow/example_dags/example_latest_only.py for tasks to queue
[2024-11-20T14:42:07.136+0000] {logging_mixin.py:190} INFO - [2024-11-20T14:42:07.136+0000] {dagbag.py:588} INFO - Filling up the DagBag from /home/airflow/.local/lib/python3.12/site-packages/airflow/example_dags/example_latest_only.py
[2024-11-20T14:42:07.141+0000] {processor.py:925} INFO - DAG(s) 'latest_only' retrieved from /home/airflow/.local/lib/python3.12/site-packages/airflow/example_dags/example_latest_only.py
[2024-11-20T14:42:07.154+0000] {logging_mixin.py:190} INFO - [2024-11-20T14:42:07.154+0000] {dag.py:3239} INFO - Sync 1 DAGs
[2024-11-20T14:42:07.168+0000] {logging_mixin.py:190} INFO - [2024-11-20T14:42:07.168+0000] {dag.py:4180} INFO - Setting next_dagrun for latest_only to 2024-11-20 08:00:00+00:00, run_after=2024-11-20 12:00:00+00:00
[2024-11-20T14:42:07.182+0000] {processor.py:208} INFO - Processing /home/airflow/.local/lib/python3.12/site-packages/airflow/example_dags/example_latest_only.py took 0.052 seconds
[2024-11-20T14:42:37.883+0000] {processor.py:186} INFO - Started process (PID=1926) to work on /home/airflow/.local/lib/python3.12/site-packages/airflow/example_dags/example_latest_only.py
[2024-11-20T14:42:37.884+0000] {processor.py:914} INFO - Processing file /home/airflow/.local/lib/python3.12/site-packages/airflow/example_dags/example_latest_only.py for tasks to queue
[2024-11-20T14:42:37.887+0000] {logging_mixin.py:190} INFO - [2024-11-20T14:42:37.887+0000] {dagbag.py:588} INFO - Filling up the DagBag from /home/airflow/.local/lib/python3.12/site-packages/airflow/example_dags/example_latest_only.py
[2024-11-20T14:42:37.894+0000] {processor.py:925} INFO - DAG(s) 'latest_only' retrieved from /home/airflow/.local/lib/python3.12/site-packages/airflow/example_dags/example_latest_only.py
[2024-11-20T14:42:37.909+0000] {logging_mixin.py:190} INFO - [2024-11-20T14:42:37.908+0000] {dag.py:3239} INFO - Sync 1 DAGs
[2024-11-20T14:42:37.924+0000] {logging_mixin.py:190} INFO - [2024-11-20T14:42:37.924+0000] {dag.py:4180} INFO - Setting next_dagrun for latest_only to 2024-11-20 08:00:00+00:00, run_after=2024-11-20 12:00:00+00:00
[2024-11-20T14:42:37.937+0000] {processor.py:208} INFO - Processing /home/airflow/.local/lib/python3.12/site-packages/airflow/example_dags/example_latest_only.py took 0.059 seconds
[2024-11-20T14:43:08.086+0000] {processor.py:186} INFO - Started process (PID=1989) to work on /home/airflow/.local/lib/python3.12/site-packages/airflow/example_dags/example_latest_only.py
[2024-11-20T14:43:08.087+0000] {processor.py:914} INFO - Processing file /home/airflow/.local/lib/python3.12/site-packages/airflow/example_dags/example_latest_only.py for tasks to queue
[2024-11-20T14:43:08.089+0000] {logging_mixin.py:190} INFO - [2024-11-20T14:43:08.088+0000] {dagbag.py:588} INFO - Filling up the DagBag from /home/airflow/.local/lib/python3.12/site-packages/airflow/example_dags/example_latest_only.py
[2024-11-20T14:43:08.094+0000] {processor.py:925} INFO - DAG(s) 'latest_only' retrieved from /home/airflow/.local/lib/python3.12/site-packages/airflow/example_dags/example_latest_only.py
[2024-11-20T14:43:08.108+0000] {logging_mixin.py:190} INFO - [2024-11-20T14:43:08.108+0000] {dag.py:3239} INFO - Sync 1 DAGs
[2024-11-20T14:43:08.124+0000] {logging_mixin.py:190} INFO - [2024-11-20T14:43:08.124+0000] {dag.py:4180} INFO - Setting next_dagrun for latest_only to 2024-11-20 08:00:00+00:00, run_after=2024-11-20 12:00:00+00:00
[2024-11-20T14:43:08.141+0000] {processor.py:208} INFO - Processing /home/airflow/.local/lib/python3.12/site-packages/airflow/example_dags/example_latest_only.py took 0.060 seconds
[2024-11-20T14:49:51.015+0000] {processor.py:186} INFO - Started process (PID=2055) to work on /home/airflow/.local/lib/python3.12/site-packages/airflow/example_dags/example_latest_only.py
[2024-11-20T14:49:51.016+0000] {processor.py:914} INFO - Processing file /home/airflow/.local/lib/python3.12/site-packages/airflow/example_dags/example_latest_only.py for tasks to queue
[2024-11-20T14:49:51.018+0000] {logging_mixin.py:190} INFO - [2024-11-20T14:49:51.018+0000] {dagbag.py:588} INFO - Filling up the DagBag from /home/airflow/.local/lib/python3.12/site-packages/airflow/example_dags/example_latest_only.py
[2024-11-20T14:49:51.023+0000] {processor.py:925} INFO - DAG(s) 'latest_only' retrieved from /home/airflow/.local/lib/python3.12/site-packages/airflow/example_dags/example_latest_only.py
[2024-11-20T14:49:51.035+0000] {logging_mixin.py:190} INFO - [2024-11-20T14:49:51.034+0000] {dag.py:3239} INFO - Sync 1 DAGs
[2024-11-20T14:49:51.051+0000] {logging_mixin.py:190} INFO - [2024-11-20T14:49:51.051+0000] {dag.py:4180} INFO - Setting next_dagrun for latest_only to 2024-11-20 08:00:00+00:00, run_after=2024-11-20 12:00:00+00:00
[2024-11-20T14:49:51.063+0000] {processor.py:208} INFO - Processing /home/airflow/.local/lib/python3.12/site-packages/airflow/example_dags/example_latest_only.py took 0.051 seconds
[2024-11-20T14:50:22.293+0000] {processor.py:186} INFO - Started process (PID=2118) to work on /home/airflow/.local/lib/python3.12/site-packages/airflow/example_dags/example_latest_only.py
[2024-11-20T14:50:22.294+0000] {processor.py:914} INFO - Processing file /home/airflow/.local/lib/python3.12/site-packages/airflow/example_dags/example_latest_only.py for tasks to queue
[2024-11-20T14:50:22.296+0000] {logging_mixin.py:190} INFO - [2024-11-20T14:50:22.296+0000] {dagbag.py:588} INFO - Filling up the DagBag from /home/airflow/.local/lib/python3.12/site-packages/airflow/example_dags/example_latest_only.py
[2024-11-20T14:50:22.301+0000] {processor.py:925} INFO - DAG(s) 'latest_only' retrieved from /home/airflow/.local/lib/python3.12/site-packages/airflow/example_dags/example_latest_only.py
[2024-11-20T14:50:22.314+0000] {logging_mixin.py:190} INFO - [2024-11-20T14:50:22.314+0000] {dag.py:3239} INFO - Sync 1 DAGs
[2024-11-20T14:50:22.329+0000] {logging_mixin.py:190} INFO - [2024-11-20T14:50:22.329+0000] {dag.py:4180} INFO - Setting next_dagrun for latest_only to 2024-11-20 08:00:00+00:00, run_after=2024-11-20 12:00:00+00:00
[2024-11-20T14:50:22.346+0000] {processor.py:208} INFO - Processing /home/airflow/.local/lib/python3.12/site-packages/airflow/example_dags/example_latest_only.py took 0.058 seconds
[2024-11-20T14:50:52.674+0000] {processor.py:186} INFO - Started process (PID=2181) to work on /home/airflow/.local/lib/python3.12/site-packages/airflow/example_dags/example_latest_only.py
[2024-11-20T14:50:52.675+0000] {processor.py:914} INFO - Processing file /home/airflow/.local/lib/python3.12/site-packages/airflow/example_dags/example_latest_only.py for tasks to queue
[2024-11-20T14:50:52.677+0000] {logging_mixin.py:190} INFO - [2024-11-20T14:50:52.677+0000] {dagbag.py:588} INFO - Filling up the DagBag from /home/airflow/.local/lib/python3.12/site-packages/airflow/example_dags/example_latest_only.py
[2024-11-20T14:50:52.682+0000] {processor.py:925} INFO - DAG(s) 'latest_only' retrieved from /home/airflow/.local/lib/python3.12/site-packages/airflow/example_dags/example_latest_only.py
[2024-11-20T14:50:52.694+0000] {logging_mixin.py:190} INFO - [2024-11-20T14:50:52.694+0000] {dag.py:3239} INFO - Sync 1 DAGs
[2024-11-20T14:50:52.714+0000] {logging_mixin.py:190} INFO - [2024-11-20T14:50:52.714+0000] {dag.py:4180} INFO - Setting next_dagrun for latest_only to 2024-11-20 08:00:00+00:00, run_after=2024-11-20 12:00:00+00:00
[2024-11-20T14:50:52.726+0000] {processor.py:208} INFO - Processing /home/airflow/.local/lib/python3.12/site-packages/airflow/example_dags/example_latest_only.py took 0.056 seconds
[2024-11-20T14:51:23.318+0000] {processor.py:186} INFO - Started process (PID=2244) to work on /home/airflow/.local/lib/python3.12/site-packages/airflow/example_dags/example_latest_only.py
[2024-11-20T14:51:23.319+0000] {processor.py:914} INFO - Processing file /home/airflow/.local/lib/python3.12/site-packages/airflow/example_dags/example_latest_only.py for tasks to queue
[2024-11-20T14:51:23.321+0000] {logging_mixin.py:190} INFO - [2024-11-20T14:51:23.321+0000] {dagbag.py:588} INFO - Filling up the DagBag from /home/airflow/.local/lib/python3.12/site-packages/airflow/example_dags/example_latest_only.py
[2024-11-20T14:51:23.326+0000] {processor.py:925} INFO - DAG(s) 'latest_only' retrieved from /home/airflow/.local/lib/python3.12/site-packages/airflow/example_dags/example_latest_only.py
[2024-11-20T14:51:23.340+0000] {logging_mixin.py:190} INFO - [2024-11-20T14:51:23.340+0000] {dag.py:3239} INFO - Sync 1 DAGs
[2024-11-20T14:51:23.355+0000] {logging_mixin.py:190} INFO - [2024-11-20T14:51:23.355+0000] {dag.py:4180} INFO - Setting next_dagrun for latest_only to 2024-11-20 08:00:00+00:00, run_after=2024-11-20 12:00:00+00:00
[2024-11-20T14:51:23.371+0000] {processor.py:208} INFO - Processing /home/airflow/.local/lib/python3.12/site-packages/airflow/example_dags/example_latest_only.py took 0.057 seconds
[2024-11-20T14:51:53.736+0000] {processor.py:186} INFO - Started process (PID=2307) to work on /home/airflow/.local/lib/python3.12/site-packages/airflow/example_dags/example_latest_only.py
[2024-11-20T14:51:53.736+0000] {processor.py:914} INFO - Processing file /home/airflow/.local/lib/python3.12/site-packages/airflow/example_dags/example_latest_only.py for tasks to queue
[2024-11-20T14:51:53.738+0000] {logging_mixin.py:190} INFO - [2024-11-20T14:51:53.738+0000] {dagbag.py:588} INFO - Filling up the DagBag from /home/airflow/.local/lib/python3.12/site-packages/airflow/example_dags/example_latest_only.py
[2024-11-20T14:51:53.743+0000] {processor.py:925} INFO - DAG(s) 'latest_only' retrieved from /home/airflow/.local/lib/python3.12/site-packages/airflow/example_dags/example_latest_only.py
[2024-11-20T14:51:53.756+0000] {logging_mixin.py:190} INFO - [2024-11-20T14:51:53.756+0000] {dag.py:3239} INFO - Sync 1 DAGs
[2024-11-20T14:51:53.771+0000] {logging_mixin.py:190} INFO - [2024-11-20T14:51:53.771+0000] {dag.py:4180} INFO - Setting next_dagrun for latest_only to 2024-11-20 08:00:00+00:00, run_after=2024-11-20 12:00:00+00:00
[2024-11-20T14:51:53.786+0000] {processor.py:208} INFO - Processing /home/airflow/.local/lib/python3.12/site-packages/airflow/example_dags/example_latest_only.py took 0.054 seconds
[2024-11-20T14:52:24.553+0000] {processor.py:186} INFO - Started process (PID=2370) to work on /home/airflow/.local/lib/python3.12/site-packages/airflow/example_dags/example_latest_only.py
[2024-11-20T14:52:24.554+0000] {processor.py:914} INFO - Processing file /home/airflow/.local/lib/python3.12/site-packages/airflow/example_dags/example_latest_only.py for tasks to queue
[2024-11-20T14:52:24.557+0000] {logging_mixin.py:190} INFO - [2024-11-20T14:52:24.556+0000] {dagbag.py:588} INFO - Filling up the DagBag from /home/airflow/.local/lib/python3.12/site-packages/airflow/example_dags/example_latest_only.py
[2024-11-20T14:52:24.562+0000] {processor.py:925} INFO - DAG(s) 'latest_only' retrieved from /home/airflow/.local/lib/python3.12/site-packages/airflow/example_dags/example_latest_only.py
[2024-11-20T14:52:24.576+0000] {logging_mixin.py:190} INFO - [2024-11-20T14:52:24.575+0000] {dag.py:3239} INFO - Sync 1 DAGs
[2024-11-20T14:52:24.591+0000] {logging_mixin.py:190} INFO - [2024-11-20T14:52:24.591+0000] {dag.py:4180} INFO - Setting next_dagrun for latest_only to 2024-11-20 08:00:00+00:00, run_after=2024-11-20 12:00:00+00:00
[2024-11-20T14:52:24.607+0000] {processor.py:208} INFO - Processing /home/airflow/.local/lib/python3.12/site-packages/airflow/example_dags/example_latest_only.py took 0.057 seconds
[2024-11-20T14:52:54.751+0000] {processor.py:186} INFO - Started process (PID=2432) to work on /home/airflow/.local/lib/python3.12/site-packages/airflow/example_dags/example_latest_only.py
[2024-11-20T14:52:54.752+0000] {processor.py:914} INFO - Processing file /home/airflow/.local/lib/python3.12/site-packages/airflow/example_dags/example_latest_only.py for tasks to queue
[2024-11-20T14:52:54.757+0000] {logging_mixin.py:190} INFO - [2024-11-20T14:52:54.756+0000] {dagbag.py:588} INFO - Filling up the DagBag from /home/airflow/.local/lib/python3.12/site-packages/airflow/example_dags/example_latest_only.py
[2024-11-20T14:52:54.762+0000] {processor.py:925} INFO - DAG(s) 'latest_only' retrieved from /home/airflow/.local/lib/python3.12/site-packages/airflow/example_dags/example_latest_only.py
[2024-11-20T14:52:54.774+0000] {logging_mixin.py:190} INFO - [2024-11-20T14:52:54.774+0000] {dag.py:3239} INFO - Sync 1 DAGs
[2024-11-20T14:52:54.790+0000] {logging_mixin.py:190} INFO - [2024-11-20T14:52:54.789+0000] {dag.py:4180} INFO - Setting next_dagrun for latest_only to 2024-11-20 08:00:00+00:00, run_after=2024-11-20 12:00:00+00:00
[2024-11-20T14:52:54.804+0000] {processor.py:208} INFO - Processing /home/airflow/.local/lib/python3.12/site-packages/airflow/example_dags/example_latest_only.py took 0.056 seconds
[2024-11-20T14:53:25.275+0000] {processor.py:186} INFO - Started process (PID=2495) to work on /home/airflow/.local/lib/python3.12/site-packages/airflow/example_dags/example_latest_only.py
[2024-11-20T14:53:25.277+0000] {processor.py:914} INFO - Processing file /home/airflow/.local/lib/python3.12/site-packages/airflow/example_dags/example_latest_only.py for tasks to queue
[2024-11-20T14:53:25.279+0000] {logging_mixin.py:190} INFO - [2024-11-20T14:53:25.279+0000] {dagbag.py:588} INFO - Filling up the DagBag from /home/airflow/.local/lib/python3.12/site-packages/airflow/example_dags/example_latest_only.py
[2024-11-20T14:53:25.284+0000] {processor.py:925} INFO - DAG(s) 'latest_only' retrieved from /home/airflow/.local/lib/python3.12/site-packages/airflow/example_dags/example_latest_only.py
[2024-11-20T14:53:25.298+0000] {logging_mixin.py:190} INFO - [2024-11-20T14:53:25.298+0000] {dag.py:3239} INFO - Sync 1 DAGs
[2024-11-20T14:53:25.314+0000] {logging_mixin.py:190} INFO - [2024-11-20T14:53:25.314+0000] {dag.py:4180} INFO - Setting next_dagrun for latest_only to 2024-11-20 08:00:00+00:00, run_after=2024-11-20 12:00:00+00:00
[2024-11-20T14:53:25.328+0000] {processor.py:208} INFO - Processing /home/airflow/.local/lib/python3.12/site-packages/airflow/example_dags/example_latest_only.py took 0.059 seconds
[2024-11-20T14:53:55.671+0000] {processor.py:186} INFO - Started process (PID=2558) to work on /home/airflow/.local/lib/python3.12/site-packages/airflow/example_dags/example_latest_only.py
[2024-11-20T14:53:55.672+0000] {processor.py:914} INFO - Processing file /home/airflow/.local/lib/python3.12/site-packages/airflow/example_dags/example_latest_only.py for tasks to queue
[2024-11-20T14:53:55.673+0000] {logging_mixin.py:190} INFO - [2024-11-20T14:53:55.673+0000] {dagbag.py:588} INFO - Filling up the DagBag from /home/airflow/.local/lib/python3.12/site-packages/airflow/example_dags/example_latest_only.py
[2024-11-20T14:53:55.678+0000] {processor.py:925} INFO - DAG(s) 'latest_only' retrieved from /home/airflow/.local/lib/python3.12/site-packages/airflow/example_dags/example_latest_only.py
[2024-11-20T14:53:55.690+0000] {logging_mixin.py:190} INFO - [2024-11-20T14:53:55.690+0000] {dag.py:3239} INFO - Sync 1 DAGs
[2024-11-20T14:53:55.705+0000] {logging_mixin.py:190} INFO - [2024-11-20T14:53:55.705+0000] {dag.py:4180} INFO - Setting next_dagrun for latest_only to 2024-11-20 08:00:00+00:00, run_after=2024-11-20 12:00:00+00:00
[2024-11-20T14:53:55.724+0000] {processor.py:208} INFO - Processing /home/airflow/.local/lib/python3.12/site-packages/airflow/example_dags/example_latest_only.py took 0.057 seconds
[2024-11-20T14:54:26.369+0000] {processor.py:186} INFO - Started process (PID=2621) to work on /home/airflow/.local/lib/python3.12/site-packages/airflow/example_dags/example_latest_only.py
[2024-11-20T14:54:26.370+0000] {processor.py:914} INFO - Processing file /home/airflow/.local/lib/python3.12/site-packages/airflow/example_dags/example_latest_only.py for tasks to queue
[2024-11-20T14:54:26.372+0000] {logging_mixin.py:190} INFO - [2024-11-20T14:54:26.371+0000] {dagbag.py:588} INFO - Filling up the DagBag from /home/airflow/.local/lib/python3.12/site-packages/airflow/example_dags/example_latest_only.py
[2024-11-20T14:54:26.377+0000] {processor.py:925} INFO - DAG(s) 'latest_only' retrieved from /home/airflow/.local/lib/python3.12/site-packages/airflow/example_dags/example_latest_only.py
[2024-11-20T14:54:26.389+0000] {logging_mixin.py:190} INFO - [2024-11-20T14:54:26.389+0000] {dag.py:3239} INFO - Sync 1 DAGs
[2024-11-20T14:54:26.403+0000] {logging_mixin.py:190} INFO - [2024-11-20T14:54:26.403+0000] {dag.py:4180} INFO - Setting next_dagrun for latest_only to 2024-11-20 08:00:00+00:00, run_after=2024-11-20 12:00:00+00:00
[2024-11-20T14:54:26.417+0000] {processor.py:208} INFO - Processing /home/airflow/.local/lib/python3.12/site-packages/airflow/example_dags/example_latest_only.py took 0.052 seconds
[2024-11-20T14:54:56.837+0000] {processor.py:186} INFO - Started process (PID=2684) to work on /home/airflow/.local/lib/python3.12/site-packages/airflow/example_dags/example_latest_only.py
[2024-11-20T14:54:56.838+0000] {processor.py:914} INFO - Processing file /home/airflow/.local/lib/python3.12/site-packages/airflow/example_dags/example_latest_only.py for tasks to queue
[2024-11-20T14:54:56.841+0000] {logging_mixin.py:190} INFO - [2024-11-20T14:54:56.840+0000] {dagbag.py:588} INFO - Filling up the DagBag from /home/airflow/.local/lib/python3.12/site-packages/airflow/example_dags/example_latest_only.py
[2024-11-20T14:54:56.846+0000] {processor.py:925} INFO - DAG(s) 'latest_only' retrieved from /home/airflow/.local/lib/python3.12/site-packages/airflow/example_dags/example_latest_only.py
[2024-11-20T14:54:56.860+0000] {logging_mixin.py:190} INFO - [2024-11-20T14:54:56.860+0000] {dag.py:3239} INFO - Sync 1 DAGs
[2024-11-20T14:54:56.875+0000] {logging_mixin.py:190} INFO - [2024-11-20T14:54:56.875+0000] {dag.py:4180} INFO - Setting next_dagrun for latest_only to 2024-11-20 08:00:00+00:00, run_after=2024-11-20 12:00:00+00:00
[2024-11-20T14:54:56.890+0000] {processor.py:208} INFO - Processing /home/airflow/.local/lib/python3.12/site-packages/airflow/example_dags/example_latest_only.py took 0.059 seconds
[2024-11-20T14:55:27.250+0000] {processor.py:186} INFO - Started process (PID=2747) to work on /home/airflow/.local/lib/python3.12/site-packages/airflow/example_dags/example_latest_only.py
[2024-11-20T14:55:27.251+0000] {processor.py:914} INFO - Processing file /home/airflow/.local/lib/python3.12/site-packages/airflow/example_dags/example_latest_only.py for tasks to queue
[2024-11-20T14:55:27.253+0000] {logging_mixin.py:190} INFO - [2024-11-20T14:55:27.252+0000] {dagbag.py:588} INFO - Filling up the DagBag from /home/airflow/.local/lib/python3.12/site-packages/airflow/example_dags/example_latest_only.py
[2024-11-20T14:55:27.257+0000] {processor.py:925} INFO - DAG(s) 'latest_only' retrieved from /home/airflow/.local/lib/python3.12/site-packages/airflow/example_dags/example_latest_only.py
[2024-11-20T14:55:27.270+0000] {logging_mixin.py:190} INFO - [2024-11-20T14:55:27.270+0000] {dag.py:3239} INFO - Sync 1 DAGs
[2024-11-20T14:55:27.285+0000] {logging_mixin.py:190} INFO - [2024-11-20T14:55:27.285+0000] {dag.py:4180} INFO - Setting next_dagrun for latest_only to 2024-11-20 08:00:00+00:00, run_after=2024-11-20 12:00:00+00:00
[2024-11-20T14:55:27.299+0000] {processor.py:208} INFO - Processing /home/airflow/.local/lib/python3.12/site-packages/airflow/example_dags/example_latest_only.py took 0.053 seconds
[2024-11-20T14:55:57.349+0000] {processor.py:186} INFO - Started process (PID=2810) to work on /home/airflow/.local/lib/python3.12/site-packages/airflow/example_dags/example_latest_only.py
[2024-11-20T14:55:57.350+0000] {processor.py:914} INFO - Processing file /home/airflow/.local/lib/python3.12/site-packages/airflow/example_dags/example_latest_only.py for tasks to queue
[2024-11-20T14:55:57.351+0000] {logging_mixin.py:190} INFO - [2024-11-20T14:55:57.351+0000] {dagbag.py:588} INFO - Filling up the DagBag from /home/airflow/.local/lib/python3.12/site-packages/airflow/example_dags/example_latest_only.py
[2024-11-20T14:55:57.356+0000] {processor.py:925} INFO - DAG(s) 'latest_only' retrieved from /home/airflow/.local/lib/python3.12/site-packages/airflow/example_dags/example_latest_only.py
[2024-11-20T14:55:57.369+0000] {logging_mixin.py:190} INFO - [2024-11-20T14:55:57.369+0000] {dag.py:3239} INFO - Sync 1 DAGs
[2024-11-20T14:55:57.384+0000] {logging_mixin.py:190} INFO - [2024-11-20T14:55:57.384+0000] {dag.py:4180} INFO - Setting next_dagrun for latest_only to 2024-11-20 08:00:00+00:00, run_after=2024-11-20 12:00:00+00:00
[2024-11-20T14:55:57.399+0000] {processor.py:208} INFO - Processing /home/airflow/.local/lib/python3.12/site-packages/airflow/example_dags/example_latest_only.py took 0.054 seconds
[2024-11-20T14:56:27.771+0000] {processor.py:186} INFO - Started process (PID=2873) to work on /home/airflow/.local/lib/python3.12/site-packages/airflow/example_dags/example_latest_only.py
[2024-11-20T14:56:27.772+0000] {processor.py:914} INFO - Processing file /home/airflow/.local/lib/python3.12/site-packages/airflow/example_dags/example_latest_only.py for tasks to queue
[2024-11-20T14:56:27.774+0000] {logging_mixin.py:190} INFO - [2024-11-20T14:56:27.774+0000] {dagbag.py:588} INFO - Filling up the DagBag from /home/airflow/.local/lib/python3.12/site-packages/airflow/example_dags/example_latest_only.py
[2024-11-20T14:56:27.779+0000] {processor.py:925} INFO - DAG(s) 'latest_only' retrieved from /home/airflow/.local/lib/python3.12/site-packages/airflow/example_dags/example_latest_only.py
[2024-11-20T14:56:27.791+0000] {logging_mixin.py:190} INFO - [2024-11-20T14:56:27.791+0000] {dag.py:3239} INFO - Sync 1 DAGs
[2024-11-20T14:56:27.806+0000] {logging_mixin.py:190} INFO - [2024-11-20T14:56:27.806+0000] {dag.py:4180} INFO - Setting next_dagrun for latest_only to 2024-11-20 08:00:00+00:00, run_after=2024-11-20 12:00:00+00:00
[2024-11-20T14:56:27.819+0000] {processor.py:208} INFO - Processing /home/airflow/.local/lib/python3.12/site-packages/airflow/example_dags/example_latest_only.py took 0.052 seconds
[2024-11-20T14:56:58.912+0000] {processor.py:186} INFO - Started process (PID=2936) to work on /home/airflow/.local/lib/python3.12/site-packages/airflow/example_dags/example_latest_only.py
[2024-11-20T14:56:58.914+0000] {processor.py:914} INFO - Processing file /home/airflow/.local/lib/python3.12/site-packages/airflow/example_dags/example_latest_only.py for tasks to queue
[2024-11-20T14:56:58.916+0000] {logging_mixin.py:190} INFO - [2024-11-20T14:56:58.915+0000] {dagbag.py:588} INFO - Filling up the DagBag from /home/airflow/.local/lib/python3.12/site-packages/airflow/example_dags/example_latest_only.py
[2024-11-20T14:56:58.922+0000] {processor.py:925} INFO - DAG(s) 'latest_only' retrieved from /home/airflow/.local/lib/python3.12/site-packages/airflow/example_dags/example_latest_only.py
[2024-11-20T14:56:58.938+0000] {logging_mixin.py:190} INFO - [2024-11-20T14:56:58.938+0000] {dag.py:3239} INFO - Sync 1 DAGs
[2024-11-20T14:56:58.954+0000] {logging_mixin.py:190} INFO - [2024-11-20T14:56:58.954+0000] {dag.py:4180} INFO - Setting next_dagrun for latest_only to 2024-11-20 08:00:00+00:00, run_after=2024-11-20 12:00:00+00:00
[2024-11-20T14:56:58.972+0000] {processor.py:208} INFO - Processing /home/airflow/.local/lib/python3.12/site-packages/airflow/example_dags/example_latest_only.py took 0.064 seconds
[2024-11-20T14:57:29.044+0000] {processor.py:186} INFO - Started process (PID=2999) to work on /home/airflow/.local/lib/python3.12/site-packages/airflow/example_dags/example_latest_only.py
[2024-11-20T14:57:29.044+0000] {processor.py:914} INFO - Processing file /home/airflow/.local/lib/python3.12/site-packages/airflow/example_dags/example_latest_only.py for tasks to queue
[2024-11-20T14:57:29.046+0000] {logging_mixin.py:190} INFO - [2024-11-20T14:57:29.046+0000] {dagbag.py:588} INFO - Filling up the DagBag from /home/airflow/.local/lib/python3.12/site-packages/airflow/example_dags/example_latest_only.py
[2024-11-20T14:57:29.052+0000] {processor.py:925} INFO - DAG(s) 'latest_only' retrieved from /home/airflow/.local/lib/python3.12/site-packages/airflow/example_dags/example_latest_only.py
[2024-11-20T14:57:29.065+0000] {logging_mixin.py:190} INFO - [2024-11-20T14:57:29.065+0000] {dag.py:3239} INFO - Sync 1 DAGs
[2024-11-20T14:57:29.079+0000] {logging_mixin.py:190} INFO - [2024-11-20T14:57:29.079+0000] {dag.py:4180} INFO - Setting next_dagrun for latest_only to 2024-11-20 08:00:00+00:00, run_after=2024-11-20 12:00:00+00:00
[2024-11-20T14:57:29.094+0000] {processor.py:208} INFO - Processing /home/airflow/.local/lib/python3.12/site-packages/airflow/example_dags/example_latest_only.py took 0.055 seconds
[2024-11-20T14:57:59.336+0000] {processor.py:186} INFO - Started process (PID=3062) to work on /home/airflow/.local/lib/python3.12/site-packages/airflow/example_dags/example_latest_only.py
[2024-11-20T14:57:59.337+0000] {processor.py:914} INFO - Processing file /home/airflow/.local/lib/python3.12/site-packages/airflow/example_dags/example_latest_only.py for tasks to queue
[2024-11-20T14:57:59.340+0000] {logging_mixin.py:190} INFO - [2024-11-20T14:57:59.339+0000] {dagbag.py:588} INFO - Filling up the DagBag from /home/airflow/.local/lib/python3.12/site-packages/airflow/example_dags/example_latest_only.py
[2024-11-20T14:57:59.346+0000] {processor.py:925} INFO - DAG(s) 'latest_only' retrieved from /home/airflow/.local/lib/python3.12/site-packages/airflow/example_dags/example_latest_only.py
[2024-11-20T14:57:59.362+0000] {logging_mixin.py:190} INFO - [2024-11-20T14:57:59.361+0000] {dag.py:3239} INFO - Sync 1 DAGs
[2024-11-20T14:57:59.377+0000] {logging_mixin.py:190} INFO - [2024-11-20T14:57:59.377+0000] {dag.py:4180} INFO - Setting next_dagrun for latest_only to 2024-11-20 08:00:00+00:00, run_after=2024-11-20 12:00:00+00:00
[2024-11-20T14:57:59.392+0000] {processor.py:208} INFO - Processing /home/airflow/.local/lib/python3.12/site-packages/airflow/example_dags/example_latest_only.py took 0.062 seconds
[2024-11-20T14:58:29.939+0000] {processor.py:186} INFO - Started process (PID=3125) to work on /home/airflow/.local/lib/python3.12/site-packages/airflow/example_dags/example_latest_only.py
[2024-11-20T14:58:29.940+0000] {processor.py:914} INFO - Processing file /home/airflow/.local/lib/python3.12/site-packages/airflow/example_dags/example_latest_only.py for tasks to queue
[2024-11-20T14:58:29.943+0000] {logging_mixin.py:190} INFO - [2024-11-20T14:58:29.942+0000] {dagbag.py:588} INFO - Filling up the DagBag from /home/airflow/.local/lib/python3.12/site-packages/airflow/example_dags/example_latest_only.py
[2024-11-20T14:58:29.948+0000] {processor.py:925} INFO - DAG(s) 'latest_only' retrieved from /home/airflow/.local/lib/python3.12/site-packages/airflow/example_dags/example_latest_only.py
[2024-11-20T14:58:29.963+0000] {logging_mixin.py:190} INFO - [2024-11-20T14:58:29.963+0000] {dag.py:3239} INFO - Sync 1 DAGs
[2024-11-20T14:58:29.988+0000] {logging_mixin.py:190} INFO - [2024-11-20T14:58:29.987+0000] {dag.py:4180} INFO - Setting next_dagrun for latest_only to 2024-11-20 08:00:00+00:00, run_after=2024-11-20 12:00:00+00:00
[2024-11-20T14:58:30.002+0000] {processor.py:208} INFO - Processing /home/airflow/.local/lib/python3.12/site-packages/airflow/example_dags/example_latest_only.py took 0.070 seconds
[2024-11-20T14:59:00.796+0000] {processor.py:186} INFO - Started process (PID=3188) to work on /home/airflow/.local/lib/python3.12/site-packages/airflow/example_dags/example_latest_only.py
[2024-11-20T14:59:00.797+0000] {processor.py:914} INFO - Processing file /home/airflow/.local/lib/python3.12/site-packages/airflow/example_dags/example_latest_only.py for tasks to queue
[2024-11-20T14:59:00.799+0000] {logging_mixin.py:190} INFO - [2024-11-20T14:59:00.799+0000] {dagbag.py:588} INFO - Filling up the DagBag from /home/airflow/.local/lib/python3.12/site-packages/airflow/example_dags/example_latest_only.py
[2024-11-20T14:59:00.804+0000] {processor.py:925} INFO - DAG(s) 'latest_only' retrieved from /home/airflow/.local/lib/python3.12/site-packages/airflow/example_dags/example_latest_only.py
[2024-11-20T14:59:00.817+0000] {logging_mixin.py:190} INFO - [2024-11-20T14:59:00.817+0000] {dag.py:3239} INFO - Sync 1 DAGs
[2024-11-20T14:59:00.945+0000] {logging_mixin.py:190} INFO - [2024-11-20T14:59:00.945+0000] {dag.py:4180} INFO - Setting next_dagrun for latest_only to 2024-11-20 08:00:00+00:00, run_after=2024-11-20 12:00:00+00:00
[2024-11-20T14:59:00.959+0000] {processor.py:208} INFO - Processing /home/airflow/.local/lib/python3.12/site-packages/airflow/example_dags/example_latest_only.py took 0.167 seconds
[2024-11-20T14:59:31.113+0000] {processor.py:186} INFO - Started process (PID=3251) to work on /home/airflow/.local/lib/python3.12/site-packages/airflow/example_dags/example_latest_only.py
[2024-11-20T14:59:31.114+0000] {processor.py:914} INFO - Processing file /home/airflow/.local/lib/python3.12/site-packages/airflow/example_dags/example_latest_only.py for tasks to queue
[2024-11-20T14:59:31.116+0000] {logging_mixin.py:190} INFO - [2024-11-20T14:59:31.116+0000] {dagbag.py:588} INFO - Filling up the DagBag from /home/airflow/.local/lib/python3.12/site-packages/airflow/example_dags/example_latest_only.py
[2024-11-20T14:59:31.121+0000] {processor.py:925} INFO - DAG(s) 'latest_only' retrieved from /home/airflow/.local/lib/python3.12/site-packages/airflow/example_dags/example_latest_only.py
[2024-11-20T14:59:31.134+0000] {logging_mixin.py:190} INFO - [2024-11-20T14:59:31.134+0000] {dag.py:3239} INFO - Sync 1 DAGs
[2024-11-20T14:59:31.150+0000] {logging_mixin.py:190} INFO - [2024-11-20T14:59:31.149+0000] {dag.py:4180} INFO - Setting next_dagrun for latest_only to 2024-11-20 08:00:00+00:00, run_after=2024-11-20 12:00:00+00:00
[2024-11-20T14:59:31.276+0000] {processor.py:208} INFO - Processing /home/airflow/.local/lib/python3.12/site-packages/airflow/example_dags/example_latest_only.py took 0.167 seconds
[2024-11-20T15:00:02.051+0000] {processor.py:186} INFO - Started process (PID=3314) to work on /home/airflow/.local/lib/python3.12/site-packages/airflow/example_dags/example_latest_only.py
[2024-11-20T15:00:02.052+0000] {processor.py:914} INFO - Processing file /home/airflow/.local/lib/python3.12/site-packages/airflow/example_dags/example_latest_only.py for tasks to queue
[2024-11-20T15:00:02.064+0000] {logging_mixin.py:190} INFO - [2024-11-20T15:00:02.064+0000] {dagbag.py:588} INFO - Filling up the DagBag from /home/airflow/.local/lib/python3.12/site-packages/airflow/example_dags/example_latest_only.py
[2024-11-20T15:00:02.072+0000] {processor.py:925} INFO - DAG(s) 'latest_only' retrieved from /home/airflow/.local/lib/python3.12/site-packages/airflow/example_dags/example_latest_only.py
[2024-11-20T15:00:02.094+0000] {logging_mixin.py:190} INFO - [2024-11-20T15:00:02.094+0000] {dag.py:3239} INFO - Sync 1 DAGs
[2024-11-20T15:00:02.109+0000] {logging_mixin.py:190} INFO - [2024-11-20T15:00:02.109+0000] {dag.py:4180} INFO - Setting next_dagrun for latest_only to 2024-11-20 08:00:00+00:00, run_after=2024-11-20 12:00:00+00:00
[2024-11-20T15:00:02.127+0000] {processor.py:208} INFO - Processing /home/airflow/.local/lib/python3.12/site-packages/airflow/example_dags/example_latest_only.py took 0.083 seconds
[2024-11-20T15:00:32.465+0000] {processor.py:186} INFO - Started process (PID=3377) to work on /home/airflow/.local/lib/python3.12/site-packages/airflow/example_dags/example_latest_only.py
[2024-11-20T15:00:32.466+0000] {processor.py:914} INFO - Processing file /home/airflow/.local/lib/python3.12/site-packages/airflow/example_dags/example_latest_only.py for tasks to queue
[2024-11-20T15:00:32.468+0000] {logging_mixin.py:190} INFO - [2024-11-20T15:00:32.467+0000] {dagbag.py:588} INFO - Filling up the DagBag from /home/airflow/.local/lib/python3.12/site-packages/airflow/example_dags/example_latest_only.py
[2024-11-20T15:00:32.473+0000] {processor.py:925} INFO - DAG(s) 'latest_only' retrieved from /home/airflow/.local/lib/python3.12/site-packages/airflow/example_dags/example_latest_only.py
[2024-11-20T15:00:32.487+0000] {logging_mixin.py:190} INFO - [2024-11-20T15:00:32.487+0000] {dag.py:3239} INFO - Sync 1 DAGs
[2024-11-20T15:00:32.502+0000] {logging_mixin.py:190} INFO - [2024-11-20T15:00:32.502+0000] {dag.py:4180} INFO - Setting next_dagrun for latest_only to 2024-11-20 08:00:00+00:00, run_after=2024-11-20 12:00:00+00:00
[2024-11-20T15:00:32.518+0000] {processor.py:208} INFO - Processing /home/airflow/.local/lib/python3.12/site-packages/airflow/example_dags/example_latest_only.py took 0.057 seconds
[2024-11-20T15:01:03.256+0000] {processor.py:186} INFO - Started process (PID=3440) to work on /home/airflow/.local/lib/python3.12/site-packages/airflow/example_dags/example_latest_only.py
[2024-11-20T15:01:03.256+0000] {processor.py:914} INFO - Processing file /home/airflow/.local/lib/python3.12/site-packages/airflow/example_dags/example_latest_only.py for tasks to queue
[2024-11-20T15:01:03.258+0000] {logging_mixin.py:190} INFO - [2024-11-20T15:01:03.258+0000] {dagbag.py:588} INFO - Filling up the DagBag from /home/airflow/.local/lib/python3.12/site-packages/airflow/example_dags/example_latest_only.py
[2024-11-20T15:01:03.263+0000] {processor.py:925} INFO - DAG(s) 'latest_only' retrieved from /home/airflow/.local/lib/python3.12/site-packages/airflow/example_dags/example_latest_only.py
[2024-11-20T15:01:03.277+0000] {logging_mixin.py:190} INFO - [2024-11-20T15:01:03.277+0000] {dag.py:3239} INFO - Sync 1 DAGs
[2024-11-20T15:01:03.292+0000] {logging_mixin.py:190} INFO - [2024-11-20T15:01:03.291+0000] {dag.py:4180} INFO - Setting next_dagrun for latest_only to 2024-11-20 08:00:00+00:00, run_after=2024-11-20 12:00:00+00:00
[2024-11-20T15:01:03.306+0000] {processor.py:208} INFO - Processing /home/airflow/.local/lib/python3.12/site-packages/airflow/example_dags/example_latest_only.py took 0.054 seconds
[2024-11-20T15:01:34.132+0000] {processor.py:186} INFO - Started process (PID=3503) to work on /home/airflow/.local/lib/python3.12/site-packages/airflow/example_dags/example_latest_only.py
[2024-11-20T15:01:34.133+0000] {processor.py:914} INFO - Processing file /home/airflow/.local/lib/python3.12/site-packages/airflow/example_dags/example_latest_only.py for tasks to queue
[2024-11-20T15:01:34.135+0000] {logging_mixin.py:190} INFO - [2024-11-20T15:01:34.135+0000] {dagbag.py:588} INFO - Filling up the DagBag from /home/airflow/.local/lib/python3.12/site-packages/airflow/example_dags/example_latest_only.py
[2024-11-20T15:01:34.140+0000] {processor.py:925} INFO - DAG(s) 'latest_only' retrieved from /home/airflow/.local/lib/python3.12/site-packages/airflow/example_dags/example_latest_only.py
[2024-11-20T15:01:34.155+0000] {logging_mixin.py:190} INFO - [2024-11-20T15:01:34.155+0000] {dag.py:3239} INFO - Sync 1 DAGs
[2024-11-20T15:01:34.173+0000] {logging_mixin.py:190} INFO - [2024-11-20T15:01:34.173+0000] {dag.py:4180} INFO - Setting next_dagrun for latest_only to 2024-11-20 08:00:00+00:00, run_after=2024-11-20 12:00:00+00:00
[2024-11-20T15:01:34.191+0000] {processor.py:208} INFO - Processing /home/airflow/.local/lib/python3.12/site-packages/airflow/example_dags/example_latest_only.py took 0.063 seconds
[2024-11-20T15:02:04.503+0000] {processor.py:186} INFO - Started process (PID=3566) to work on /home/airflow/.local/lib/python3.12/site-packages/airflow/example_dags/example_latest_only.py
[2024-11-20T15:02:04.503+0000] {processor.py:914} INFO - Processing file /home/airflow/.local/lib/python3.12/site-packages/airflow/example_dags/example_latest_only.py for tasks to queue
[2024-11-20T15:02:04.505+0000] {logging_mixin.py:190} INFO - [2024-11-20T15:02:04.505+0000] {dagbag.py:588} INFO - Filling up the DagBag from /home/airflow/.local/lib/python3.12/site-packages/airflow/example_dags/example_latest_only.py
[2024-11-20T15:02:04.510+0000] {processor.py:925} INFO - DAG(s) 'latest_only' retrieved from /home/airflow/.local/lib/python3.12/site-packages/airflow/example_dags/example_latest_only.py
[2024-11-20T15:02:04.523+0000] {logging_mixin.py:190} INFO - [2024-11-20T15:02:04.522+0000] {dag.py:3239} INFO - Sync 1 DAGs
[2024-11-20T15:02:04.537+0000] {logging_mixin.py:190} INFO - [2024-11-20T15:02:04.537+0000] {dag.py:4180} INFO - Setting next_dagrun for latest_only to 2024-11-20 08:00:00+00:00, run_after=2024-11-20 12:00:00+00:00
[2024-11-20T15:02:04.553+0000] {processor.py:208} INFO - Processing /home/airflow/.local/lib/python3.12/site-packages/airflow/example_dags/example_latest_only.py took 0.054 seconds
[2024-11-20T15:02:35.320+0000] {processor.py:186} INFO - Started process (PID=3629) to work on /home/airflow/.local/lib/python3.12/site-packages/airflow/example_dags/example_latest_only.py
[2024-11-20T15:02:35.321+0000] {processor.py:914} INFO - Processing file /home/airflow/.local/lib/python3.12/site-packages/airflow/example_dags/example_latest_only.py for tasks to queue
[2024-11-20T15:02:35.323+0000] {logging_mixin.py:190} INFO - [2024-11-20T15:02:35.323+0000] {dagbag.py:588} INFO - Filling up the DagBag from /home/airflow/.local/lib/python3.12/site-packages/airflow/example_dags/example_latest_only.py
[2024-11-20T15:02:35.329+0000] {processor.py:925} INFO - DAG(s) 'latest_only' retrieved from /home/airflow/.local/lib/python3.12/site-packages/airflow/example_dags/example_latest_only.py
[2024-11-20T15:02:35.343+0000] {logging_mixin.py:190} INFO - [2024-11-20T15:02:35.343+0000] {dag.py:3239} INFO - Sync 1 DAGs
[2024-11-20T15:02:35.360+0000] {logging_mixin.py:190} INFO - [2024-11-20T15:02:35.360+0000] {dag.py:4180} INFO - Setting next_dagrun for latest_only to 2024-11-20 08:00:00+00:00, run_after=2024-11-20 12:00:00+00:00
[2024-11-20T15:02:35.374+0000] {processor.py:208} INFO - Processing /home/airflow/.local/lib/python3.12/site-packages/airflow/example_dags/example_latest_only.py took 0.059 seconds
