[2024-11-20T14:27:53.103+0000] {processor.py:186} INFO - Started process (PID=125) to work on /home/airflow/.local/lib/python3.12/site-packages/airflow/example_dags/example_xcom.py
[2024-11-20T14:27:53.104+0000] {processor.py:914} INFO - Processing file /home/airflow/.local/lib/python3.12/site-packages/airflow/example_dags/example_xcom.py for tasks to queue
[2024-11-20T14:27:53.106+0000] {logging_mixin.py:190} INFO - [2024-11-20T14:27:53.106+0000] {dagbag.py:588} INFO - Filling up the DagBag from /home/airflow/.local/lib/python3.12/site-packages/airflow/example_dags/example_xcom.py
[2024-11-20T14:27:53.114+0000] {processor.py:925} INFO - DAG(s) 'example_xcom' retrieved from /home/airflow/.local/lib/python3.12/site-packages/airflow/example_dags/example_xcom.py
[2024-11-20T14:27:53.182+0000] {logging_mixin.py:190} INFO - [2024-11-20T14:27:53.182+0000] {override.py:1911} INFO - Created Permission View: can read on DAG:example_xcom
[2024-11-20T14:27:53.194+0000] {logging_mixin.py:190} INFO - [2024-11-20T14:27:53.193+0000] {override.py:1911} INFO - Created Permission View: can edit on DAG:example_xcom
[2024-11-20T14:27:53.201+0000] {logging_mixin.py:190} INFO - [2024-11-20T14:27:53.201+0000] {override.py:1911} INFO - Created Permission View: can delete on DAG:example_xcom
[2024-11-20T14:27:53.212+0000] {logging_mixin.py:190} INFO - [2024-11-20T14:27:53.211+0000] {override.py:1911} INFO - Created Permission View: can read on DAG Run:example_xcom
[2024-11-20T14:27:53.218+0000] {logging_mixin.py:190} INFO - [2024-11-20T14:27:53.218+0000] {override.py:1911} INFO - Created Permission View: menu access on DAG Run:example_xcom
[2024-11-20T14:27:53.224+0000] {logging_mixin.py:190} INFO - [2024-11-20T14:27:53.223+0000] {override.py:1911} INFO - Created Permission View: can create on DAG Run:example_xcom
[2024-11-20T14:27:53.230+0000] {logging_mixin.py:190} INFO - [2024-11-20T14:27:53.230+0000] {override.py:1911} INFO - Created Permission View: can delete on DAG Run:example_xcom
[2024-11-20T14:27:53.231+0000] {logging_mixin.py:190} INFO - [2024-11-20T14:27:53.230+0000] {dag.py:3239} INFO - Sync 1 DAGs
[2024-11-20T14:27:53.240+0000] {logging_mixin.py:190} INFO - [2024-11-20T14:27:53.240+0000] {dag.py:3262} INFO - Creating ORM DAG for example_xcom
[2024-11-20T14:27:53.247+0000] {logging_mixin.py:190} INFO - [2024-11-20T14:27:53.246+0000] {dag.py:4180} INFO - Setting next_dagrun for example_xcom to 2021-01-01 00:00:00+00:00, run_after=2021-01-01 00:00:00+00:00
[2024-11-20T14:27:53.260+0000] {processor.py:208} INFO - Processing /home/airflow/.local/lib/python3.12/site-packages/airflow/example_dags/example_xcom.py took 0.161 seconds
[2024-11-20T14:28:23.805+0000] {processor.py:186} INFO - Started process (PID=188) to work on /home/airflow/.local/lib/python3.12/site-packages/airflow/example_dags/example_xcom.py
[2024-11-20T14:28:23.806+0000] {processor.py:914} INFO - Processing file /home/airflow/.local/lib/python3.12/site-packages/airflow/example_dags/example_xcom.py for tasks to queue
[2024-11-20T14:28:23.809+0000] {logging_mixin.py:190} INFO - [2024-11-20T14:28:23.809+0000] {dagbag.py:588} INFO - Filling up the DagBag from /home/airflow/.local/lib/python3.12/site-packages/airflow/example_dags/example_xcom.py
[2024-11-20T14:28:23.818+0000] {processor.py:925} INFO - DAG(s) 'example_xcom' retrieved from /home/airflow/.local/lib/python3.12/site-packages/airflow/example_dags/example_xcom.py
[2024-11-20T14:28:23.835+0000] {logging_mixin.py:190} INFO - [2024-11-20T14:28:23.835+0000] {dag.py:3239} INFO - Sync 1 DAGs
[2024-11-20T14:28:23.854+0000] {logging_mixin.py:190} INFO - [2024-11-20T14:28:23.854+0000] {dag.py:4180} INFO - Setting next_dagrun for example_xcom to 2021-01-01 00:00:00+00:00, run_after=2021-01-01 00:00:00+00:00
[2024-11-20T14:28:23.872+0000] {processor.py:208} INFO - Processing /home/airflow/.local/lib/python3.12/site-packages/airflow/example_dags/example_xcom.py took 0.073 seconds
[2024-11-20T14:28:53.976+0000] {processor.py:186} INFO - Started process (PID=251) to work on /home/airflow/.local/lib/python3.12/site-packages/airflow/example_dags/example_xcom.py
[2024-11-20T14:28:53.978+0000] {processor.py:914} INFO - Processing file /home/airflow/.local/lib/python3.12/site-packages/airflow/example_dags/example_xcom.py for tasks to queue
[2024-11-20T14:28:53.980+0000] {logging_mixin.py:190} INFO - [2024-11-20T14:28:53.980+0000] {dagbag.py:588} INFO - Filling up the DagBag from /home/airflow/.local/lib/python3.12/site-packages/airflow/example_dags/example_xcom.py
[2024-11-20T14:28:53.987+0000] {processor.py:925} INFO - DAG(s) 'example_xcom' retrieved from /home/airflow/.local/lib/python3.12/site-packages/airflow/example_dags/example_xcom.py
[2024-11-20T14:28:54.000+0000] {logging_mixin.py:190} INFO - [2024-11-20T14:28:54.000+0000] {dag.py:3239} INFO - Sync 1 DAGs
[2024-11-20T14:28:54.015+0000] {logging_mixin.py:190} INFO - [2024-11-20T14:28:54.015+0000] {dag.py:4180} INFO - Setting next_dagrun for example_xcom to 2021-01-01 00:00:00+00:00, run_after=2021-01-01 00:00:00+00:00
[2024-11-20T14:28:54.028+0000] {processor.py:208} INFO - Processing /home/airflow/.local/lib/python3.12/site-packages/airflow/example_dags/example_xcom.py took 0.056 seconds
[2024-11-20T14:29:24.381+0000] {processor.py:186} INFO - Started process (PID=313) to work on /home/airflow/.local/lib/python3.12/site-packages/airflow/example_dags/example_xcom.py
[2024-11-20T14:29:24.382+0000] {processor.py:914} INFO - Processing file /home/airflow/.local/lib/python3.12/site-packages/airflow/example_dags/example_xcom.py for tasks to queue
[2024-11-20T14:29:24.384+0000] {logging_mixin.py:190} INFO - [2024-11-20T14:29:24.384+0000] {dagbag.py:588} INFO - Filling up the DagBag from /home/airflow/.local/lib/python3.12/site-packages/airflow/example_dags/example_xcom.py
[2024-11-20T14:29:24.390+0000] {processor.py:925} INFO - DAG(s) 'example_xcom' retrieved from /home/airflow/.local/lib/python3.12/site-packages/airflow/example_dags/example_xcom.py
[2024-11-20T14:29:24.403+0000] {logging_mixin.py:190} INFO - [2024-11-20T14:29:24.403+0000] {dag.py:3239} INFO - Sync 1 DAGs
[2024-11-20T14:29:24.417+0000] {logging_mixin.py:190} INFO - [2024-11-20T14:29:24.417+0000] {dag.py:4180} INFO - Setting next_dagrun for example_xcom to 2021-01-01 00:00:00+00:00, run_after=2021-01-01 00:00:00+00:00
[2024-11-20T14:29:24.432+0000] {processor.py:208} INFO - Processing /home/airflow/.local/lib/python3.12/site-packages/airflow/example_dags/example_xcom.py took 0.054 seconds
[2024-11-20T14:29:54.490+0000] {processor.py:186} INFO - Started process (PID=375) to work on /home/airflow/.local/lib/python3.12/site-packages/airflow/example_dags/example_xcom.py
[2024-11-20T14:29:54.491+0000] {processor.py:914} INFO - Processing file /home/airflow/.local/lib/python3.12/site-packages/airflow/example_dags/example_xcom.py for tasks to queue
[2024-11-20T14:29:54.493+0000] {logging_mixin.py:190} INFO - [2024-11-20T14:29:54.492+0000] {dagbag.py:588} INFO - Filling up the DagBag from /home/airflow/.local/lib/python3.12/site-packages/airflow/example_dags/example_xcom.py
[2024-11-20T14:29:54.499+0000] {processor.py:925} INFO - DAG(s) 'example_xcom' retrieved from /home/airflow/.local/lib/python3.12/site-packages/airflow/example_dags/example_xcom.py
[2024-11-20T14:29:54.512+0000] {logging_mixin.py:190} INFO - [2024-11-20T14:29:54.512+0000] {dag.py:3239} INFO - Sync 1 DAGs
[2024-11-20T14:29:54.526+0000] {logging_mixin.py:190} INFO - [2024-11-20T14:29:54.526+0000] {dag.py:4180} INFO - Setting next_dagrun for example_xcom to 2021-01-01 00:00:00+00:00, run_after=2021-01-01 00:00:00+00:00
[2024-11-20T14:29:54.543+0000] {processor.py:208} INFO - Processing /home/airflow/.local/lib/python3.12/site-packages/airflow/example_dags/example_xcom.py took 0.057 seconds
[2024-11-20T14:30:24.952+0000] {processor.py:186} INFO - Started process (PID=438) to work on /home/airflow/.local/lib/python3.12/site-packages/airflow/example_dags/example_xcom.py
[2024-11-20T14:30:24.953+0000] {processor.py:914} INFO - Processing file /home/airflow/.local/lib/python3.12/site-packages/airflow/example_dags/example_xcom.py for tasks to queue
[2024-11-20T14:30:24.955+0000] {logging_mixin.py:190} INFO - [2024-11-20T14:30:24.955+0000] {dagbag.py:588} INFO - Filling up the DagBag from /home/airflow/.local/lib/python3.12/site-packages/airflow/example_dags/example_xcom.py
[2024-11-20T14:30:24.963+0000] {processor.py:925} INFO - DAG(s) 'example_xcom' retrieved from /home/airflow/.local/lib/python3.12/site-packages/airflow/example_dags/example_xcom.py
[2024-11-20T14:30:24.980+0000] {logging_mixin.py:190} INFO - [2024-11-20T14:30:24.980+0000] {dag.py:3239} INFO - Sync 1 DAGs
[2024-11-20T14:30:24.997+0000] {logging_mixin.py:190} INFO - [2024-11-20T14:30:24.997+0000] {dag.py:4180} INFO - Setting next_dagrun for example_xcom to 2021-01-01 00:00:00+00:00, run_after=2021-01-01 00:00:00+00:00
[2024-11-20T14:30:25.013+0000] {processor.py:208} INFO - Processing /home/airflow/.local/lib/python3.12/site-packages/airflow/example_dags/example_xcom.py took 0.066 seconds
[2024-11-20T14:30:55.424+0000] {processor.py:186} INFO - Started process (PID=502) to work on /home/airflow/.local/lib/python3.12/site-packages/airflow/example_dags/example_xcom.py
[2024-11-20T14:30:55.425+0000] {processor.py:914} INFO - Processing file /home/airflow/.local/lib/python3.12/site-packages/airflow/example_dags/example_xcom.py for tasks to queue
[2024-11-20T14:30:55.427+0000] {logging_mixin.py:190} INFO - [2024-11-20T14:30:55.427+0000] {dagbag.py:588} INFO - Filling up the DagBag from /home/airflow/.local/lib/python3.12/site-packages/airflow/example_dags/example_xcom.py
[2024-11-20T14:30:55.433+0000] {processor.py:925} INFO - DAG(s) 'example_xcom' retrieved from /home/airflow/.local/lib/python3.12/site-packages/airflow/example_dags/example_xcom.py
[2024-11-20T14:30:55.447+0000] {logging_mixin.py:190} INFO - [2024-11-20T14:30:55.446+0000] {dag.py:3239} INFO - Sync 1 DAGs
[2024-11-20T14:30:55.461+0000] {logging_mixin.py:190} INFO - [2024-11-20T14:30:55.461+0000] {dag.py:4180} INFO - Setting next_dagrun for example_xcom to 2021-01-01 00:00:00+00:00, run_after=2021-01-01 00:00:00+00:00
[2024-11-20T14:30:55.476+0000] {processor.py:208} INFO - Processing /home/airflow/.local/lib/python3.12/site-packages/airflow/example_dags/example_xcom.py took 0.055 seconds
[2024-11-20T14:31:25.722+0000] {processor.py:186} INFO - Started process (PID=565) to work on /home/airflow/.local/lib/python3.12/site-packages/airflow/example_dags/example_xcom.py
[2024-11-20T14:31:25.722+0000] {processor.py:914} INFO - Processing file /home/airflow/.local/lib/python3.12/site-packages/airflow/example_dags/example_xcom.py for tasks to queue
[2024-11-20T14:31:25.724+0000] {logging_mixin.py:190} INFO - [2024-11-20T14:31:25.724+0000] {dagbag.py:588} INFO - Filling up the DagBag from /home/airflow/.local/lib/python3.12/site-packages/airflow/example_dags/example_xcom.py
[2024-11-20T14:31:25.730+0000] {processor.py:925} INFO - DAG(s) 'example_xcom' retrieved from /home/airflow/.local/lib/python3.12/site-packages/airflow/example_dags/example_xcom.py
[2024-11-20T14:31:25.743+0000] {logging_mixin.py:190} INFO - [2024-11-20T14:31:25.743+0000] {dag.py:3239} INFO - Sync 1 DAGs
[2024-11-20T14:31:25.757+0000] {logging_mixin.py:190} INFO - [2024-11-20T14:31:25.756+0000] {dag.py:4180} INFO - Setting next_dagrun for example_xcom to 2021-01-01 00:00:00+00:00, run_after=2021-01-01 00:00:00+00:00
[2024-11-20T14:31:25.772+0000] {processor.py:208} INFO - Processing /home/airflow/.local/lib/python3.12/site-packages/airflow/example_dags/example_xcom.py took 0.054 seconds
[2024-11-20T14:31:56.615+0000] {processor.py:186} INFO - Started process (PID=628) to work on /home/airflow/.local/lib/python3.12/site-packages/airflow/example_dags/example_xcom.py
[2024-11-20T14:31:56.616+0000] {processor.py:914} INFO - Processing file /home/airflow/.local/lib/python3.12/site-packages/airflow/example_dags/example_xcom.py for tasks to queue
[2024-11-20T14:31:56.618+0000] {logging_mixin.py:190} INFO - [2024-11-20T14:31:56.618+0000] {dagbag.py:588} INFO - Filling up the DagBag from /home/airflow/.local/lib/python3.12/site-packages/airflow/example_dags/example_xcom.py
[2024-11-20T14:31:56.625+0000] {processor.py:925} INFO - DAG(s) 'example_xcom' retrieved from /home/airflow/.local/lib/python3.12/site-packages/airflow/example_dags/example_xcom.py
[2024-11-20T14:31:56.640+0000] {logging_mixin.py:190} INFO - [2024-11-20T14:31:56.640+0000] {dag.py:3239} INFO - Sync 1 DAGs
[2024-11-20T14:31:56.656+0000] {logging_mixin.py:190} INFO - [2024-11-20T14:31:56.655+0000] {dag.py:4180} INFO - Setting next_dagrun for example_xcom to 2021-01-01 00:00:00+00:00, run_after=2021-01-01 00:00:00+00:00
[2024-11-20T14:31:56.671+0000] {processor.py:208} INFO - Processing /home/airflow/.local/lib/python3.12/site-packages/airflow/example_dags/example_xcom.py took 0.061 seconds
[2024-11-20T14:32:27.682+0000] {processor.py:186} INFO - Started process (PID=691) to work on /home/airflow/.local/lib/python3.12/site-packages/airflow/example_dags/example_xcom.py
[2024-11-20T14:32:27.683+0000] {processor.py:914} INFO - Processing file /home/airflow/.local/lib/python3.12/site-packages/airflow/example_dags/example_xcom.py for tasks to queue
[2024-11-20T14:32:27.684+0000] {logging_mixin.py:190} INFO - [2024-11-20T14:32:27.684+0000] {dagbag.py:588} INFO - Filling up the DagBag from /home/airflow/.local/lib/python3.12/site-packages/airflow/example_dags/example_xcom.py
[2024-11-20T14:32:27.690+0000] {processor.py:925} INFO - DAG(s) 'example_xcom' retrieved from /home/airflow/.local/lib/python3.12/site-packages/airflow/example_dags/example_xcom.py
[2024-11-20T14:32:27.704+0000] {logging_mixin.py:190} INFO - [2024-11-20T14:32:27.704+0000] {dag.py:3239} INFO - Sync 1 DAGs
[2024-11-20T14:32:27.718+0000] {logging_mixin.py:190} INFO - [2024-11-20T14:32:27.718+0000] {dag.py:4180} INFO - Setting next_dagrun for example_xcom to 2021-01-01 00:00:00+00:00, run_after=2021-01-01 00:00:00+00:00
[2024-11-20T14:32:27.734+0000] {processor.py:208} INFO - Processing /home/airflow/.local/lib/python3.12/site-packages/airflow/example_dags/example_xcom.py took 0.056 seconds
[2024-11-20T14:32:58.486+0000] {processor.py:186} INFO - Started process (PID=753) to work on /home/airflow/.local/lib/python3.12/site-packages/airflow/example_dags/example_xcom.py
[2024-11-20T14:32:58.487+0000] {processor.py:914} INFO - Processing file /home/airflow/.local/lib/python3.12/site-packages/airflow/example_dags/example_xcom.py for tasks to queue
[2024-11-20T14:32:58.489+0000] {logging_mixin.py:190} INFO - [2024-11-20T14:32:58.488+0000] {dagbag.py:588} INFO - Filling up the DagBag from /home/airflow/.local/lib/python3.12/site-packages/airflow/example_dags/example_xcom.py
[2024-11-20T14:32:58.495+0000] {processor.py:925} INFO - DAG(s) 'example_xcom' retrieved from /home/airflow/.local/lib/python3.12/site-packages/airflow/example_dags/example_xcom.py
[2024-11-20T14:32:58.508+0000] {logging_mixin.py:190} INFO - [2024-11-20T14:32:58.508+0000] {dag.py:3239} INFO - Sync 1 DAGs
[2024-11-20T14:32:58.523+0000] {logging_mixin.py:190} INFO - [2024-11-20T14:32:58.522+0000] {dag.py:4180} INFO - Setting next_dagrun for example_xcom to 2021-01-01 00:00:00+00:00, run_after=2021-01-01 00:00:00+00:00
[2024-11-20T14:32:58.540+0000] {processor.py:208} INFO - Processing /home/airflow/.local/lib/python3.12/site-packages/airflow/example_dags/example_xcom.py took 0.058 seconds
[2024-11-20T14:33:29.091+0000] {processor.py:186} INFO - Started process (PID=816) to work on /home/airflow/.local/lib/python3.12/site-packages/airflow/example_dags/example_xcom.py
[2024-11-20T14:33:29.106+0000] {processor.py:914} INFO - Processing file /home/airflow/.local/lib/python3.12/site-packages/airflow/example_dags/example_xcom.py for tasks to queue
[2024-11-20T14:33:29.109+0000] {logging_mixin.py:190} INFO - [2024-11-20T14:33:29.109+0000] {dagbag.py:588} INFO - Filling up the DagBag from /home/airflow/.local/lib/python3.12/site-packages/airflow/example_dags/example_xcom.py
[2024-11-20T14:33:29.116+0000] {processor.py:925} INFO - DAG(s) 'example_xcom' retrieved from /home/airflow/.local/lib/python3.12/site-packages/airflow/example_dags/example_xcom.py
[2024-11-20T14:33:29.129+0000] {logging_mixin.py:190} INFO - [2024-11-20T14:33:29.129+0000] {dag.py:3239} INFO - Sync 1 DAGs
[2024-11-20T14:33:29.143+0000] {logging_mixin.py:190} INFO - [2024-11-20T14:33:29.143+0000] {dag.py:4180} INFO - Setting next_dagrun for example_xcom to 2021-01-01 00:00:00+00:00, run_after=2021-01-01 00:00:00+00:00
[2024-11-20T14:33:29.157+0000] {processor.py:208} INFO - Processing /home/airflow/.local/lib/python3.12/site-packages/airflow/example_dags/example_xcom.py took 0.069 seconds
[2024-11-20T14:33:59.638+0000] {processor.py:186} INFO - Started process (PID=879) to work on /home/airflow/.local/lib/python3.12/site-packages/airflow/example_dags/example_xcom.py
[2024-11-20T14:33:59.639+0000] {processor.py:914} INFO - Processing file /home/airflow/.local/lib/python3.12/site-packages/airflow/example_dags/example_xcom.py for tasks to queue
[2024-11-20T14:33:59.641+0000] {logging_mixin.py:190} INFO - [2024-11-20T14:33:59.641+0000] {dagbag.py:588} INFO - Filling up the DagBag from /home/airflow/.local/lib/python3.12/site-packages/airflow/example_dags/example_xcom.py
[2024-11-20T14:33:59.647+0000] {processor.py:925} INFO - DAG(s) 'example_xcom' retrieved from /home/airflow/.local/lib/python3.12/site-packages/airflow/example_dags/example_xcom.py
[2024-11-20T14:33:59.659+0000] {logging_mixin.py:190} INFO - [2024-11-20T14:33:59.659+0000] {dag.py:3239} INFO - Sync 1 DAGs
[2024-11-20T14:33:59.673+0000] {logging_mixin.py:190} INFO - [2024-11-20T14:33:59.673+0000] {dag.py:4180} INFO - Setting next_dagrun for example_xcom to 2021-01-01 00:00:00+00:00, run_after=2021-01-01 00:00:00+00:00
[2024-11-20T14:33:59.686+0000] {processor.py:208} INFO - Processing /home/airflow/.local/lib/python3.12/site-packages/airflow/example_dags/example_xcom.py took 0.052 seconds
[2024-11-20T14:34:30.539+0000] {processor.py:186} INFO - Started process (PID=942) to work on /home/airflow/.local/lib/python3.12/site-packages/airflow/example_dags/example_xcom.py
[2024-11-20T14:34:30.540+0000] {processor.py:914} INFO - Processing file /home/airflow/.local/lib/python3.12/site-packages/airflow/example_dags/example_xcom.py for tasks to queue
[2024-11-20T14:34:30.542+0000] {logging_mixin.py:190} INFO - [2024-11-20T14:34:30.542+0000] {dagbag.py:588} INFO - Filling up the DagBag from /home/airflow/.local/lib/python3.12/site-packages/airflow/example_dags/example_xcom.py
[2024-11-20T14:34:30.549+0000] {processor.py:925} INFO - DAG(s) 'example_xcom' retrieved from /home/airflow/.local/lib/python3.12/site-packages/airflow/example_dags/example_xcom.py
[2024-11-20T14:34:30.563+0000] {logging_mixin.py:190} INFO - [2024-11-20T14:34:30.563+0000] {dag.py:3239} INFO - Sync 1 DAGs
[2024-11-20T14:34:30.578+0000] {logging_mixin.py:190} INFO - [2024-11-20T14:34:30.577+0000] {dag.py:4180} INFO - Setting next_dagrun for example_xcom to 2021-01-01 00:00:00+00:00, run_after=2021-01-01 00:00:00+00:00
[2024-11-20T14:34:30.592+0000] {processor.py:208} INFO - Processing /home/airflow/.local/lib/python3.12/site-packages/airflow/example_dags/example_xcom.py took 0.058 seconds
[2024-11-20T14:35:01.189+0000] {processor.py:186} INFO - Started process (PID=1005) to work on /home/airflow/.local/lib/python3.12/site-packages/airflow/example_dags/example_xcom.py
[2024-11-20T14:35:01.190+0000] {processor.py:914} INFO - Processing file /home/airflow/.local/lib/python3.12/site-packages/airflow/example_dags/example_xcom.py for tasks to queue
[2024-11-20T14:35:01.192+0000] {logging_mixin.py:190} INFO - [2024-11-20T14:35:01.192+0000] {dagbag.py:588} INFO - Filling up the DagBag from /home/airflow/.local/lib/python3.12/site-packages/airflow/example_dags/example_xcom.py
[2024-11-20T14:35:01.198+0000] {processor.py:925} INFO - DAG(s) 'example_xcom' retrieved from /home/airflow/.local/lib/python3.12/site-packages/airflow/example_dags/example_xcom.py
[2024-11-20T14:35:01.213+0000] {logging_mixin.py:190} INFO - [2024-11-20T14:35:01.213+0000] {dag.py:3239} INFO - Sync 1 DAGs
[2024-11-20T14:35:01.227+0000] {logging_mixin.py:190} INFO - [2024-11-20T14:35:01.227+0000] {dag.py:4180} INFO - Setting next_dagrun for example_xcom to 2021-01-01 00:00:00+00:00, run_after=2021-01-01 00:00:00+00:00
[2024-11-20T14:35:01.242+0000] {processor.py:208} INFO - Processing /home/airflow/.local/lib/python3.12/site-packages/airflow/example_dags/example_xcom.py took 0.057 seconds
[2024-11-20T14:35:31.980+0000] {processor.py:186} INFO - Started process (PID=1068) to work on /home/airflow/.local/lib/python3.12/site-packages/airflow/example_dags/example_xcom.py
[2024-11-20T14:35:31.984+0000] {processor.py:914} INFO - Processing file /home/airflow/.local/lib/python3.12/site-packages/airflow/example_dags/example_xcom.py for tasks to queue
[2024-11-20T14:35:31.986+0000] {logging_mixin.py:190} INFO - [2024-11-20T14:35:31.986+0000] {dagbag.py:588} INFO - Filling up the DagBag from /home/airflow/.local/lib/python3.12/site-packages/airflow/example_dags/example_xcom.py
[2024-11-20T14:35:31.994+0000] {processor.py:925} INFO - DAG(s) 'example_xcom' retrieved from /home/airflow/.local/lib/python3.12/site-packages/airflow/example_dags/example_xcom.py
[2024-11-20T14:35:32.009+0000] {logging_mixin.py:190} INFO - [2024-11-20T14:35:32.009+0000] {dag.py:3239} INFO - Sync 1 DAGs
[2024-11-20T14:35:32.024+0000] {logging_mixin.py:190} INFO - [2024-11-20T14:35:32.023+0000] {dag.py:4180} INFO - Setting next_dagrun for example_xcom to 2021-01-01 00:00:00+00:00, run_after=2021-01-01 00:00:00+00:00
[2024-11-20T14:35:32.038+0000] {processor.py:208} INFO - Processing /home/airflow/.local/lib/python3.12/site-packages/airflow/example_dags/example_xcom.py took 0.062 seconds
[2024-11-20T14:36:02.754+0000] {processor.py:186} INFO - Started process (PID=1131) to work on /home/airflow/.local/lib/python3.12/site-packages/airflow/example_dags/example_xcom.py
[2024-11-20T14:36:02.755+0000] {processor.py:914} INFO - Processing file /home/airflow/.local/lib/python3.12/site-packages/airflow/example_dags/example_xcom.py for tasks to queue
[2024-11-20T14:36:02.757+0000] {logging_mixin.py:190} INFO - [2024-11-20T14:36:02.757+0000] {dagbag.py:588} INFO - Filling up the DagBag from /home/airflow/.local/lib/python3.12/site-packages/airflow/example_dags/example_xcom.py
[2024-11-20T14:36:02.764+0000] {processor.py:925} INFO - DAG(s) 'example_xcom' retrieved from /home/airflow/.local/lib/python3.12/site-packages/airflow/example_dags/example_xcom.py
[2024-11-20T14:36:02.782+0000] {logging_mixin.py:190} INFO - [2024-11-20T14:36:02.782+0000] {dag.py:3239} INFO - Sync 1 DAGs
[2024-11-20T14:36:02.800+0000] {logging_mixin.py:190} INFO - [2024-11-20T14:36:02.800+0000] {dag.py:4180} INFO - Setting next_dagrun for example_xcom to 2021-01-01 00:00:00+00:00, run_after=2021-01-01 00:00:00+00:00
[2024-11-20T14:36:02.818+0000] {processor.py:208} INFO - Processing /home/airflow/.local/lib/python3.12/site-packages/airflow/example_dags/example_xcom.py took 0.068 seconds
[2024-11-20T14:36:33.227+0000] {processor.py:186} INFO - Started process (PID=1194) to work on /home/airflow/.local/lib/python3.12/site-packages/airflow/example_dags/example_xcom.py
[2024-11-20T14:36:33.228+0000] {processor.py:914} INFO - Processing file /home/airflow/.local/lib/python3.12/site-packages/airflow/example_dags/example_xcom.py for tasks to queue
[2024-11-20T14:36:33.230+0000] {logging_mixin.py:190} INFO - [2024-11-20T14:36:33.230+0000] {dagbag.py:588} INFO - Filling up the DagBag from /home/airflow/.local/lib/python3.12/site-packages/airflow/example_dags/example_xcom.py
[2024-11-20T14:36:33.236+0000] {processor.py:925} INFO - DAG(s) 'example_xcom' retrieved from /home/airflow/.local/lib/python3.12/site-packages/airflow/example_dags/example_xcom.py
[2024-11-20T14:36:33.251+0000] {logging_mixin.py:190} INFO - [2024-11-20T14:36:33.251+0000] {dag.py:3239} INFO - Sync 1 DAGs
[2024-11-20T14:36:33.265+0000] {logging_mixin.py:190} INFO - [2024-11-20T14:36:33.265+0000] {dag.py:4180} INFO - Setting next_dagrun for example_xcom to 2021-01-01 00:00:00+00:00, run_after=2021-01-01 00:00:00+00:00
[2024-11-20T14:36:33.280+0000] {processor.py:208} INFO - Processing /home/airflow/.local/lib/python3.12/site-packages/airflow/example_dags/example_xcom.py took 0.056 seconds
[2024-11-20T14:37:03.730+0000] {processor.py:186} INFO - Started process (PID=1257) to work on /home/airflow/.local/lib/python3.12/site-packages/airflow/example_dags/example_xcom.py
[2024-11-20T14:37:03.731+0000] {processor.py:914} INFO - Processing file /home/airflow/.local/lib/python3.12/site-packages/airflow/example_dags/example_xcom.py for tasks to queue
[2024-11-20T14:37:03.732+0000] {logging_mixin.py:190} INFO - [2024-11-20T14:37:03.732+0000] {dagbag.py:588} INFO - Filling up the DagBag from /home/airflow/.local/lib/python3.12/site-packages/airflow/example_dags/example_xcom.py
[2024-11-20T14:37:03.739+0000] {processor.py:925} INFO - DAG(s) 'example_xcom' retrieved from /home/airflow/.local/lib/python3.12/site-packages/airflow/example_dags/example_xcom.py
[2024-11-20T14:37:03.753+0000] {logging_mixin.py:190} INFO - [2024-11-20T14:37:03.753+0000] {dag.py:3239} INFO - Sync 1 DAGs
[2024-11-20T14:37:03.767+0000] {logging_mixin.py:190} INFO - [2024-11-20T14:37:03.767+0000] {dag.py:4180} INFO - Setting next_dagrun for example_xcom to 2021-01-01 00:00:00+00:00, run_after=2021-01-01 00:00:00+00:00
[2024-11-20T14:37:03.783+0000] {processor.py:208} INFO - Processing /home/airflow/.local/lib/python3.12/site-packages/airflow/example_dags/example_xcom.py took 0.057 seconds
[2024-11-20T14:37:34.569+0000] {processor.py:186} INFO - Started process (PID=1320) to work on /home/airflow/.local/lib/python3.12/site-packages/airflow/example_dags/example_xcom.py
[2024-11-20T14:37:34.570+0000] {processor.py:914} INFO - Processing file /home/airflow/.local/lib/python3.12/site-packages/airflow/example_dags/example_xcom.py for tasks to queue
[2024-11-20T14:37:34.571+0000] {logging_mixin.py:190} INFO - [2024-11-20T14:37:34.571+0000] {dagbag.py:588} INFO - Filling up the DagBag from /home/airflow/.local/lib/python3.12/site-packages/airflow/example_dags/example_xcom.py
[2024-11-20T14:37:34.578+0000] {processor.py:925} INFO - DAG(s) 'example_xcom' retrieved from /home/airflow/.local/lib/python3.12/site-packages/airflow/example_dags/example_xcom.py
[2024-11-20T14:37:34.592+0000] {logging_mixin.py:190} INFO - [2024-11-20T14:37:34.592+0000] {dag.py:3239} INFO - Sync 1 DAGs
[2024-11-20T14:37:34.606+0000] {logging_mixin.py:190} INFO - [2024-11-20T14:37:34.606+0000] {dag.py:4180} INFO - Setting next_dagrun for example_xcom to 2021-01-01 00:00:00+00:00, run_after=2021-01-01 00:00:00+00:00
[2024-11-20T14:37:34.621+0000] {processor.py:208} INFO - Processing /home/airflow/.local/lib/python3.12/site-packages/airflow/example_dags/example_xcom.py took 0.056 seconds
[2024-11-20T14:38:05.109+0000] {processor.py:186} INFO - Started process (PID=1383) to work on /home/airflow/.local/lib/python3.12/site-packages/airflow/example_dags/example_xcom.py
[2024-11-20T14:38:05.110+0000] {processor.py:914} INFO - Processing file /home/airflow/.local/lib/python3.12/site-packages/airflow/example_dags/example_xcom.py for tasks to queue
[2024-11-20T14:38:05.112+0000] {logging_mixin.py:190} INFO - [2024-11-20T14:38:05.111+0000] {dagbag.py:588} INFO - Filling up the DagBag from /home/airflow/.local/lib/python3.12/site-packages/airflow/example_dags/example_xcom.py
[2024-11-20T14:38:05.118+0000] {processor.py:925} INFO - DAG(s) 'example_xcom' retrieved from /home/airflow/.local/lib/python3.12/site-packages/airflow/example_dags/example_xcom.py
[2024-11-20T14:38:05.131+0000] {logging_mixin.py:190} INFO - [2024-11-20T14:38:05.131+0000] {dag.py:3239} INFO - Sync 1 DAGs
[2024-11-20T14:38:05.146+0000] {logging_mixin.py:190} INFO - [2024-11-20T14:38:05.146+0000] {dag.py:4180} INFO - Setting next_dagrun for example_xcom to 2021-01-01 00:00:00+00:00, run_after=2021-01-01 00:00:00+00:00
[2024-11-20T14:38:05.158+0000] {processor.py:208} INFO - Processing /home/airflow/.local/lib/python3.12/site-packages/airflow/example_dags/example_xcom.py took 0.053 seconds
[2024-11-20T14:38:35.797+0000] {processor.py:186} INFO - Started process (PID=1446) to work on /home/airflow/.local/lib/python3.12/site-packages/airflow/example_dags/example_xcom.py
[2024-11-20T14:38:35.798+0000] {processor.py:914} INFO - Processing file /home/airflow/.local/lib/python3.12/site-packages/airflow/example_dags/example_xcom.py for tasks to queue
[2024-11-20T14:38:35.801+0000] {logging_mixin.py:190} INFO - [2024-11-20T14:38:35.800+0000] {dagbag.py:588} INFO - Filling up the DagBag from /home/airflow/.local/lib/python3.12/site-packages/airflow/example_dags/example_xcom.py
[2024-11-20T14:38:35.807+0000] {processor.py:925} INFO - DAG(s) 'example_xcom' retrieved from /home/airflow/.local/lib/python3.12/site-packages/airflow/example_dags/example_xcom.py
[2024-11-20T14:38:35.820+0000] {logging_mixin.py:190} INFO - [2024-11-20T14:38:35.820+0000] {dag.py:3239} INFO - Sync 1 DAGs
[2024-11-20T14:38:35.835+0000] {logging_mixin.py:190} INFO - [2024-11-20T14:38:35.835+0000] {dag.py:4180} INFO - Setting next_dagrun for example_xcom to 2021-01-01 00:00:00+00:00, run_after=2021-01-01 00:00:00+00:00
[2024-11-20T14:38:35.847+0000] {processor.py:208} INFO - Processing /home/airflow/.local/lib/python3.12/site-packages/airflow/example_dags/example_xcom.py took 0.053 seconds
[2024-11-20T14:39:07.084+0000] {processor.py:186} INFO - Started process (PID=1509) to work on /home/airflow/.local/lib/python3.12/site-packages/airflow/example_dags/example_xcom.py
[2024-11-20T14:39:07.085+0000] {processor.py:914} INFO - Processing file /home/airflow/.local/lib/python3.12/site-packages/airflow/example_dags/example_xcom.py for tasks to queue
[2024-11-20T14:39:07.088+0000] {logging_mixin.py:190} INFO - [2024-11-20T14:39:07.087+0000] {dagbag.py:588} INFO - Filling up the DagBag from /home/airflow/.local/lib/python3.12/site-packages/airflow/example_dags/example_xcom.py
[2024-11-20T14:39:07.094+0000] {processor.py:925} INFO - DAG(s) 'example_xcom' retrieved from /home/airflow/.local/lib/python3.12/site-packages/airflow/example_dags/example_xcom.py
[2024-11-20T14:39:07.109+0000] {logging_mixin.py:190} INFO - [2024-11-20T14:39:07.109+0000] {dag.py:3239} INFO - Sync 1 DAGs
[2024-11-20T14:39:07.125+0000] {logging_mixin.py:190} INFO - [2024-11-20T14:39:07.125+0000] {dag.py:4180} INFO - Setting next_dagrun for example_xcom to 2021-01-01 00:00:00+00:00, run_after=2021-01-01 00:00:00+00:00
[2024-11-20T14:39:07.143+0000] {processor.py:208} INFO - Processing /home/airflow/.local/lib/python3.12/site-packages/airflow/example_dags/example_xcom.py took 0.068 seconds
[2024-11-20T14:39:38.487+0000] {processor.py:186} INFO - Started process (PID=1572) to work on /home/airflow/.local/lib/python3.12/site-packages/airflow/example_dags/example_xcom.py
[2024-11-20T14:39:38.487+0000] {processor.py:914} INFO - Processing file /home/airflow/.local/lib/python3.12/site-packages/airflow/example_dags/example_xcom.py for tasks to queue
[2024-11-20T14:39:38.489+0000] {logging_mixin.py:190} INFO - [2024-11-20T14:39:38.489+0000] {dagbag.py:588} INFO - Filling up the DagBag from /home/airflow/.local/lib/python3.12/site-packages/airflow/example_dags/example_xcom.py
[2024-11-20T14:39:38.495+0000] {processor.py:925} INFO - DAG(s) 'example_xcom' retrieved from /home/airflow/.local/lib/python3.12/site-packages/airflow/example_dags/example_xcom.py
[2024-11-20T14:39:38.510+0000] {logging_mixin.py:190} INFO - [2024-11-20T14:39:38.510+0000] {dag.py:3239} INFO - Sync 1 DAGs
[2024-11-20T14:39:38.525+0000] {logging_mixin.py:190} INFO - [2024-11-20T14:39:38.525+0000] {dag.py:4180} INFO - Setting next_dagrun for example_xcom to 2021-01-01 00:00:00+00:00, run_after=2021-01-01 00:00:00+00:00
[2024-11-20T14:39:38.540+0000] {processor.py:208} INFO - Processing /home/airflow/.local/lib/python3.12/site-packages/airflow/example_dags/example_xcom.py took 0.058 seconds
[2024-11-20T14:40:08.776+0000] {processor.py:186} INFO - Started process (PID=1635) to work on /home/airflow/.local/lib/python3.12/site-packages/airflow/example_dags/example_xcom.py
[2024-11-20T14:40:08.776+0000] {processor.py:914} INFO - Processing file /home/airflow/.local/lib/python3.12/site-packages/airflow/example_dags/example_xcom.py for tasks to queue
[2024-11-20T14:40:08.778+0000] {logging_mixin.py:190} INFO - [2024-11-20T14:40:08.778+0000] {dagbag.py:588} INFO - Filling up the DagBag from /home/airflow/.local/lib/python3.12/site-packages/airflow/example_dags/example_xcom.py
[2024-11-20T14:40:08.786+0000] {processor.py:925} INFO - DAG(s) 'example_xcom' retrieved from /home/airflow/.local/lib/python3.12/site-packages/airflow/example_dags/example_xcom.py
[2024-11-20T14:40:08.799+0000] {logging_mixin.py:190} INFO - [2024-11-20T14:40:08.799+0000] {dag.py:3239} INFO - Sync 1 DAGs
[2024-11-20T14:40:08.813+0000] {logging_mixin.py:190} INFO - [2024-11-20T14:40:08.813+0000] {dag.py:4180} INFO - Setting next_dagrun for example_xcom to 2021-01-01 00:00:00+00:00, run_after=2021-01-01 00:00:00+00:00
[2024-11-20T14:40:08.828+0000] {processor.py:208} INFO - Processing /home/airflow/.local/lib/python3.12/site-packages/airflow/example_dags/example_xcom.py took 0.056 seconds
[2024-11-20T14:40:39.565+0000] {processor.py:186} INFO - Started process (PID=1698) to work on /home/airflow/.local/lib/python3.12/site-packages/airflow/example_dags/example_xcom.py
[2024-11-20T14:40:39.566+0000] {processor.py:914} INFO - Processing file /home/airflow/.local/lib/python3.12/site-packages/airflow/example_dags/example_xcom.py for tasks to queue
[2024-11-20T14:40:39.569+0000] {logging_mixin.py:190} INFO - [2024-11-20T14:40:39.569+0000] {dagbag.py:588} INFO - Filling up the DagBag from /home/airflow/.local/lib/python3.12/site-packages/airflow/example_dags/example_xcom.py
[2024-11-20T14:40:39.575+0000] {processor.py:925} INFO - DAG(s) 'example_xcom' retrieved from /home/airflow/.local/lib/python3.12/site-packages/airflow/example_dags/example_xcom.py
[2024-11-20T14:40:39.588+0000] {logging_mixin.py:190} INFO - [2024-11-20T14:40:39.588+0000] {dag.py:3239} INFO - Sync 1 DAGs
[2024-11-20T14:40:39.604+0000] {logging_mixin.py:190} INFO - [2024-11-20T14:40:39.604+0000] {dag.py:4180} INFO - Setting next_dagrun for example_xcom to 2021-01-01 00:00:00+00:00, run_after=2021-01-01 00:00:00+00:00
[2024-11-20T14:40:39.618+0000] {processor.py:208} INFO - Processing /home/airflow/.local/lib/python3.12/site-packages/airflow/example_dags/example_xcom.py took 0.057 seconds
[2024-11-20T14:41:10.492+0000] {processor.py:186} INFO - Started process (PID=1761) to work on /home/airflow/.local/lib/python3.12/site-packages/airflow/example_dags/example_xcom.py
[2024-11-20T14:41:10.494+0000] {processor.py:914} INFO - Processing file /home/airflow/.local/lib/python3.12/site-packages/airflow/example_dags/example_xcom.py for tasks to queue
[2024-11-20T14:41:10.495+0000] {logging_mixin.py:190} INFO - [2024-11-20T14:41:10.495+0000] {dagbag.py:588} INFO - Filling up the DagBag from /home/airflow/.local/lib/python3.12/site-packages/airflow/example_dags/example_xcom.py
[2024-11-20T14:41:10.502+0000] {processor.py:925} INFO - DAG(s) 'example_xcom' retrieved from /home/airflow/.local/lib/python3.12/site-packages/airflow/example_dags/example_xcom.py
[2024-11-20T14:41:10.518+0000] {logging_mixin.py:190} INFO - [2024-11-20T14:41:10.517+0000] {dag.py:3239} INFO - Sync 1 DAGs
[2024-11-20T14:41:10.532+0000] {logging_mixin.py:190} INFO - [2024-11-20T14:41:10.532+0000] {dag.py:4180} INFO - Setting next_dagrun for example_xcom to 2021-01-01 00:00:00+00:00, run_after=2021-01-01 00:00:00+00:00
[2024-11-20T14:41:10.548+0000] {processor.py:208} INFO - Processing /home/airflow/.local/lib/python3.12/site-packages/airflow/example_dags/example_xcom.py took 0.060 seconds
[2024-11-20T14:41:41.081+0000] {processor.py:186} INFO - Started process (PID=1824) to work on /home/airflow/.local/lib/python3.12/site-packages/airflow/example_dags/example_xcom.py
[2024-11-20T14:41:41.082+0000] {processor.py:914} INFO - Processing file /home/airflow/.local/lib/python3.12/site-packages/airflow/example_dags/example_xcom.py for tasks to queue
[2024-11-20T14:41:41.084+0000] {logging_mixin.py:190} INFO - [2024-11-20T14:41:41.084+0000] {dagbag.py:588} INFO - Filling up the DagBag from /home/airflow/.local/lib/python3.12/site-packages/airflow/example_dags/example_xcom.py
[2024-11-20T14:41:41.090+0000] {processor.py:925} INFO - DAG(s) 'example_xcom' retrieved from /home/airflow/.local/lib/python3.12/site-packages/airflow/example_dags/example_xcom.py
[2024-11-20T14:41:41.102+0000] {logging_mixin.py:190} INFO - [2024-11-20T14:41:41.102+0000] {dag.py:3239} INFO - Sync 1 DAGs
[2024-11-20T14:41:41.116+0000] {logging_mixin.py:190} INFO - [2024-11-20T14:41:41.115+0000] {dag.py:4180} INFO - Setting next_dagrun for example_xcom to 2021-01-01 00:00:00+00:00, run_after=2021-01-01 00:00:00+00:00
[2024-11-20T14:41:41.128+0000] {processor.py:208} INFO - Processing /home/airflow/.local/lib/python3.12/site-packages/airflow/example_dags/example_xcom.py took 0.050 seconds
[2024-11-20T14:42:12.155+0000] {processor.py:186} INFO - Started process (PID=1887) to work on /home/airflow/.local/lib/python3.12/site-packages/airflow/example_dags/example_xcom.py
[2024-11-20T14:42:12.156+0000] {processor.py:914} INFO - Processing file /home/airflow/.local/lib/python3.12/site-packages/airflow/example_dags/example_xcom.py for tasks to queue
[2024-11-20T14:42:12.158+0000] {logging_mixin.py:190} INFO - [2024-11-20T14:42:12.158+0000] {dagbag.py:588} INFO - Filling up the DagBag from /home/airflow/.local/lib/python3.12/site-packages/airflow/example_dags/example_xcom.py
[2024-11-20T14:42:12.164+0000] {processor.py:925} INFO - DAG(s) 'example_xcom' retrieved from /home/airflow/.local/lib/python3.12/site-packages/airflow/example_dags/example_xcom.py
[2024-11-20T14:42:12.177+0000] {logging_mixin.py:190} INFO - [2024-11-20T14:42:12.177+0000] {dag.py:3239} INFO - Sync 1 DAGs
[2024-11-20T14:42:12.192+0000] {logging_mixin.py:190} INFO - [2024-11-20T14:42:12.192+0000] {dag.py:4180} INFO - Setting next_dagrun for example_xcom to 2021-01-01 00:00:00+00:00, run_after=2021-01-01 00:00:00+00:00
[2024-11-20T14:42:12.205+0000] {processor.py:208} INFO - Processing /home/airflow/.local/lib/python3.12/site-packages/airflow/example_dags/example_xcom.py took 0.055 seconds
[2024-11-20T14:42:42.511+0000] {processor.py:186} INFO - Started process (PID=1950) to work on /home/airflow/.local/lib/python3.12/site-packages/airflow/example_dags/example_xcom.py
[2024-11-20T14:42:42.512+0000] {processor.py:914} INFO - Processing file /home/airflow/.local/lib/python3.12/site-packages/airflow/example_dags/example_xcom.py for tasks to queue
[2024-11-20T14:42:42.514+0000] {logging_mixin.py:190} INFO - [2024-11-20T14:42:42.513+0000] {dagbag.py:588} INFO - Filling up the DagBag from /home/airflow/.local/lib/python3.12/site-packages/airflow/example_dags/example_xcom.py
[2024-11-20T14:42:42.520+0000] {processor.py:925} INFO - DAG(s) 'example_xcom' retrieved from /home/airflow/.local/lib/python3.12/site-packages/airflow/example_dags/example_xcom.py
[2024-11-20T14:42:42.535+0000] {logging_mixin.py:190} INFO - [2024-11-20T14:42:42.535+0000] {dag.py:3239} INFO - Sync 1 DAGs
[2024-11-20T14:42:42.550+0000] {logging_mixin.py:190} INFO - [2024-11-20T14:42:42.550+0000] {dag.py:4180} INFO - Setting next_dagrun for example_xcom to 2021-01-01 00:00:00+00:00, run_after=2021-01-01 00:00:00+00:00
[2024-11-20T14:42:42.568+0000] {processor.py:208} INFO - Processing /home/airflow/.local/lib/python3.12/site-packages/airflow/example_dags/example_xcom.py took 0.064 seconds
[2024-11-20T14:43:13.528+0000] {processor.py:186} INFO - Started process (PID=2013) to work on /home/airflow/.local/lib/python3.12/site-packages/airflow/example_dags/example_xcom.py
[2024-11-20T14:43:13.529+0000] {processor.py:914} INFO - Processing file /home/airflow/.local/lib/python3.12/site-packages/airflow/example_dags/example_xcom.py for tasks to queue
[2024-11-20T14:43:13.530+0000] {logging_mixin.py:190} INFO - [2024-11-20T14:43:13.530+0000] {dagbag.py:588} INFO - Filling up the DagBag from /home/airflow/.local/lib/python3.12/site-packages/airflow/example_dags/example_xcom.py
[2024-11-20T14:43:13.536+0000] {processor.py:925} INFO - DAG(s) 'example_xcom' retrieved from /home/airflow/.local/lib/python3.12/site-packages/airflow/example_dags/example_xcom.py
[2024-11-20T14:43:13.549+0000] {logging_mixin.py:190} INFO - [2024-11-20T14:43:13.549+0000] {dag.py:3239} INFO - Sync 1 DAGs
[2024-11-20T14:43:13.561+0000] {logging_mixin.py:190} INFO - [2024-11-20T14:43:13.561+0000] {dag.py:4180} INFO - Setting next_dagrun for example_xcom to 2021-01-01 00:00:00+00:00, run_after=2021-01-01 00:00:00+00:00
[2024-11-20T14:43:13.572+0000] {processor.py:208} INFO - Processing /home/airflow/.local/lib/python3.12/site-packages/airflow/example_dags/example_xcom.py took 0.048 seconds
[2024-11-20T14:49:52.449+0000] {processor.py:186} INFO - Started process (PID=2079) to work on /home/airflow/.local/lib/python3.12/site-packages/airflow/example_dags/example_xcom.py
[2024-11-20T14:49:52.456+0000] {processor.py:914} INFO - Processing file /home/airflow/.local/lib/python3.12/site-packages/airflow/example_dags/example_xcom.py for tasks to queue
[2024-11-20T14:49:52.458+0000] {logging_mixin.py:190} INFO - [2024-11-20T14:49:52.458+0000] {dagbag.py:588} INFO - Filling up the DagBag from /home/airflow/.local/lib/python3.12/site-packages/airflow/example_dags/example_xcom.py
[2024-11-20T14:49:52.464+0000] {processor.py:925} INFO - DAG(s) 'example_xcom' retrieved from /home/airflow/.local/lib/python3.12/site-packages/airflow/example_dags/example_xcom.py
[2024-11-20T14:49:52.478+0000] {logging_mixin.py:190} INFO - [2024-11-20T14:49:52.478+0000] {dag.py:3239} INFO - Sync 1 DAGs
[2024-11-20T14:49:52.491+0000] {logging_mixin.py:190} INFO - [2024-11-20T14:49:52.491+0000] {dag.py:4180} INFO - Setting next_dagrun for example_xcom to 2021-01-01 00:00:00+00:00, run_after=2021-01-01 00:00:00+00:00
[2024-11-20T14:49:52.503+0000] {processor.py:208} INFO - Processing /home/airflow/.local/lib/python3.12/site-packages/airflow/example_dags/example_xcom.py took 0.057 seconds
[2024-11-20T14:50:24.269+0000] {processor.py:186} INFO - Started process (PID=2142) to work on /home/airflow/.local/lib/python3.12/site-packages/airflow/example_dags/example_xcom.py
[2024-11-20T14:50:24.271+0000] {processor.py:914} INFO - Processing file /home/airflow/.local/lib/python3.12/site-packages/airflow/example_dags/example_xcom.py for tasks to queue
[2024-11-20T14:50:24.272+0000] {logging_mixin.py:190} INFO - [2024-11-20T14:50:24.272+0000] {dagbag.py:588} INFO - Filling up the DagBag from /home/airflow/.local/lib/python3.12/site-packages/airflow/example_dags/example_xcom.py
[2024-11-20T14:50:24.279+0000] {processor.py:925} INFO - DAG(s) 'example_xcom' retrieved from /home/airflow/.local/lib/python3.12/site-packages/airflow/example_dags/example_xcom.py
[2024-11-20T14:50:24.293+0000] {logging_mixin.py:190} INFO - [2024-11-20T14:50:24.293+0000] {dag.py:3239} INFO - Sync 1 DAGs
[2024-11-20T14:50:24.307+0000] {logging_mixin.py:190} INFO - [2024-11-20T14:50:24.307+0000] {dag.py:4180} INFO - Setting next_dagrun for example_xcom to 2021-01-01 00:00:00+00:00, run_after=2021-01-01 00:00:00+00:00
[2024-11-20T14:50:24.322+0000] {processor.py:208} INFO - Processing /home/airflow/.local/lib/python3.12/site-packages/airflow/example_dags/example_xcom.py took 0.057 seconds
[2024-11-20T14:50:55.420+0000] {processor.py:186} INFO - Started process (PID=2205) to work on /home/airflow/.local/lib/python3.12/site-packages/airflow/example_dags/example_xcom.py
[2024-11-20T14:50:55.422+0000] {processor.py:914} INFO - Processing file /home/airflow/.local/lib/python3.12/site-packages/airflow/example_dags/example_xcom.py for tasks to queue
[2024-11-20T14:50:55.430+0000] {logging_mixin.py:190} INFO - [2024-11-20T14:50:55.430+0000] {dagbag.py:588} INFO - Filling up the DagBag from /home/airflow/.local/lib/python3.12/site-packages/airflow/example_dags/example_xcom.py
[2024-11-20T14:50:55.446+0000] {processor.py:925} INFO - DAG(s) 'example_xcom' retrieved from /home/airflow/.local/lib/python3.12/site-packages/airflow/example_dags/example_xcom.py
[2024-11-20T14:50:55.494+0000] {logging_mixin.py:190} INFO - [2024-11-20T14:50:55.493+0000] {dag.py:3239} INFO - Sync 1 DAGs
[2024-11-20T14:50:55.509+0000] {logging_mixin.py:190} INFO - [2024-11-20T14:50:55.509+0000] {dag.py:4180} INFO - Setting next_dagrun for example_xcom to 2021-01-01 00:00:00+00:00, run_after=2021-01-01 00:00:00+00:00
[2024-11-20T14:50:55.526+0000] {processor.py:208} INFO - Processing /home/airflow/.local/lib/python3.12/site-packages/airflow/example_dags/example_xcom.py took 0.112 seconds
[2024-11-20T14:51:25.941+0000] {processor.py:186} INFO - Started process (PID=2268) to work on /home/airflow/.local/lib/python3.12/site-packages/airflow/example_dags/example_xcom.py
[2024-11-20T14:51:25.942+0000] {processor.py:914} INFO - Processing file /home/airflow/.local/lib/python3.12/site-packages/airflow/example_dags/example_xcom.py for tasks to queue
[2024-11-20T14:51:25.944+0000] {logging_mixin.py:190} INFO - [2024-11-20T14:51:25.944+0000] {dagbag.py:588} INFO - Filling up the DagBag from /home/airflow/.local/lib/python3.12/site-packages/airflow/example_dags/example_xcom.py
[2024-11-20T14:51:25.952+0000] {processor.py:925} INFO - DAG(s) 'example_xcom' retrieved from /home/airflow/.local/lib/python3.12/site-packages/airflow/example_dags/example_xcom.py
[2024-11-20T14:51:25.968+0000] {logging_mixin.py:190} INFO - [2024-11-20T14:51:25.968+0000] {dag.py:3239} INFO - Sync 1 DAGs
[2024-11-20T14:51:25.987+0000] {logging_mixin.py:190} INFO - [2024-11-20T14:51:25.986+0000] {dag.py:4180} INFO - Setting next_dagrun for example_xcom to 2021-01-01 00:00:00+00:00, run_after=2021-01-01 00:00:00+00:00
[2024-11-20T14:51:26.001+0000] {processor.py:208} INFO - Processing /home/airflow/.local/lib/python3.12/site-packages/airflow/example_dags/example_xcom.py took 0.064 seconds
[2024-11-20T14:51:56.640+0000] {processor.py:186} INFO - Started process (PID=2331) to work on /home/airflow/.local/lib/python3.12/site-packages/airflow/example_dags/example_xcom.py
[2024-11-20T14:51:56.641+0000] {processor.py:914} INFO - Processing file /home/airflow/.local/lib/python3.12/site-packages/airflow/example_dags/example_xcom.py for tasks to queue
[2024-11-20T14:51:56.643+0000] {logging_mixin.py:190} INFO - [2024-11-20T14:51:56.643+0000] {dagbag.py:588} INFO - Filling up the DagBag from /home/airflow/.local/lib/python3.12/site-packages/airflow/example_dags/example_xcom.py
[2024-11-20T14:51:56.649+0000] {processor.py:925} INFO - DAG(s) 'example_xcom' retrieved from /home/airflow/.local/lib/python3.12/site-packages/airflow/example_dags/example_xcom.py
[2024-11-20T14:51:56.662+0000] {logging_mixin.py:190} INFO - [2024-11-20T14:51:56.662+0000] {dag.py:3239} INFO - Sync 1 DAGs
[2024-11-20T14:51:56.676+0000] {logging_mixin.py:190} INFO - [2024-11-20T14:51:56.676+0000] {dag.py:4180} INFO - Setting next_dagrun for example_xcom to 2021-01-01 00:00:00+00:00, run_after=2021-01-01 00:00:00+00:00
[2024-11-20T14:51:56.691+0000] {processor.py:208} INFO - Processing /home/airflow/.local/lib/python3.12/site-packages/airflow/example_dags/example_xcom.py took 0.054 seconds
[2024-11-20T14:52:27.181+0000] {processor.py:186} INFO - Started process (PID=2394) to work on /home/airflow/.local/lib/python3.12/site-packages/airflow/example_dags/example_xcom.py
[2024-11-20T14:52:27.182+0000] {processor.py:914} INFO - Processing file /home/airflow/.local/lib/python3.12/site-packages/airflow/example_dags/example_xcom.py for tasks to queue
[2024-11-20T14:52:27.184+0000] {logging_mixin.py:190} INFO - [2024-11-20T14:52:27.184+0000] {dagbag.py:588} INFO - Filling up the DagBag from /home/airflow/.local/lib/python3.12/site-packages/airflow/example_dags/example_xcom.py
[2024-11-20T14:52:27.191+0000] {processor.py:925} INFO - DAG(s) 'example_xcom' retrieved from /home/airflow/.local/lib/python3.12/site-packages/airflow/example_dags/example_xcom.py
[2024-11-20T14:52:27.205+0000] {logging_mixin.py:190} INFO - [2024-11-20T14:52:27.205+0000] {dag.py:3239} INFO - Sync 1 DAGs
[2024-11-20T14:52:27.220+0000] {logging_mixin.py:190} INFO - [2024-11-20T14:52:27.220+0000] {dag.py:4180} INFO - Setting next_dagrun for example_xcom to 2021-01-01 00:00:00+00:00, run_after=2021-01-01 00:00:00+00:00
[2024-11-20T14:52:27.235+0000] {processor.py:208} INFO - Processing /home/airflow/.local/lib/python3.12/site-packages/airflow/example_dags/example_xcom.py took 0.058 seconds
[2024-11-20T14:52:57.667+0000] {processor.py:186} INFO - Started process (PID=2457) to work on /home/airflow/.local/lib/python3.12/site-packages/airflow/example_dags/example_xcom.py
[2024-11-20T14:52:57.668+0000] {processor.py:914} INFO - Processing file /home/airflow/.local/lib/python3.12/site-packages/airflow/example_dags/example_xcom.py for tasks to queue
[2024-11-20T14:52:57.670+0000] {logging_mixin.py:190} INFO - [2024-11-20T14:52:57.670+0000] {dagbag.py:588} INFO - Filling up the DagBag from /home/airflow/.local/lib/python3.12/site-packages/airflow/example_dags/example_xcom.py
[2024-11-20T14:52:57.676+0000] {processor.py:925} INFO - DAG(s) 'example_xcom' retrieved from /home/airflow/.local/lib/python3.12/site-packages/airflow/example_dags/example_xcom.py
[2024-11-20T14:52:57.691+0000] {logging_mixin.py:190} INFO - [2024-11-20T14:52:57.691+0000] {dag.py:3239} INFO - Sync 1 DAGs
[2024-11-20T14:52:57.705+0000] {logging_mixin.py:190} INFO - [2024-11-20T14:52:57.705+0000] {dag.py:4180} INFO - Setting next_dagrun for example_xcom to 2021-01-01 00:00:00+00:00, run_after=2021-01-01 00:00:00+00:00
[2024-11-20T14:52:57.720+0000] {processor.py:208} INFO - Processing /home/airflow/.local/lib/python3.12/site-packages/airflow/example_dags/example_xcom.py took 0.057 seconds
[2024-11-20T14:53:28.163+0000] {processor.py:186} INFO - Started process (PID=2520) to work on /home/airflow/.local/lib/python3.12/site-packages/airflow/example_dags/example_xcom.py
[2024-11-20T14:53:28.165+0000] {processor.py:914} INFO - Processing file /home/airflow/.local/lib/python3.12/site-packages/airflow/example_dags/example_xcom.py for tasks to queue
[2024-11-20T14:53:28.167+0000] {logging_mixin.py:190} INFO - [2024-11-20T14:53:28.167+0000] {dagbag.py:588} INFO - Filling up the DagBag from /home/airflow/.local/lib/python3.12/site-packages/airflow/example_dags/example_xcom.py
[2024-11-20T14:53:28.176+0000] {processor.py:925} INFO - DAG(s) 'example_xcom' retrieved from /home/airflow/.local/lib/python3.12/site-packages/airflow/example_dags/example_xcom.py
[2024-11-20T14:53:28.193+0000] {logging_mixin.py:190} INFO - [2024-11-20T14:53:28.192+0000] {dag.py:3239} INFO - Sync 1 DAGs
[2024-11-20T14:53:28.208+0000] {logging_mixin.py:190} INFO - [2024-11-20T14:53:28.208+0000] {dag.py:4180} INFO - Setting next_dagrun for example_xcom to 2021-01-01 00:00:00+00:00, run_after=2021-01-01 00:00:00+00:00
[2024-11-20T14:53:28.222+0000] {processor.py:208} INFO - Processing /home/airflow/.local/lib/python3.12/site-packages/airflow/example_dags/example_xcom.py took 0.064 seconds
[2024-11-20T14:53:58.977+0000] {processor.py:186} INFO - Started process (PID=2583) to work on /home/airflow/.local/lib/python3.12/site-packages/airflow/example_dags/example_xcom.py
[2024-11-20T14:53:58.978+0000] {processor.py:914} INFO - Processing file /home/airflow/.local/lib/python3.12/site-packages/airflow/example_dags/example_xcom.py for tasks to queue
[2024-11-20T14:53:58.983+0000] {logging_mixin.py:190} INFO - [2024-11-20T14:53:58.983+0000] {dagbag.py:588} INFO - Filling up the DagBag from /home/airflow/.local/lib/python3.12/site-packages/airflow/example_dags/example_xcom.py
[2024-11-20T14:53:58.990+0000] {processor.py:925} INFO - DAG(s) 'example_xcom' retrieved from /home/airflow/.local/lib/python3.12/site-packages/airflow/example_dags/example_xcom.py
[2024-11-20T14:53:59.002+0000] {logging_mixin.py:190} INFO - [2024-11-20T14:53:59.002+0000] {dag.py:3239} INFO - Sync 1 DAGs
[2024-11-20T14:53:59.016+0000] {logging_mixin.py:190} INFO - [2024-11-20T14:53:59.016+0000] {dag.py:4180} INFO - Setting next_dagrun for example_xcom to 2021-01-01 00:00:00+00:00, run_after=2021-01-01 00:00:00+00:00
[2024-11-20T14:53:59.030+0000] {processor.py:208} INFO - Processing /home/airflow/.local/lib/python3.12/site-packages/airflow/example_dags/example_xcom.py took 0.057 seconds
[2024-11-20T14:54:29.196+0000] {processor.py:186} INFO - Started process (PID=2646) to work on /home/airflow/.local/lib/python3.12/site-packages/airflow/example_dags/example_xcom.py
[2024-11-20T14:54:29.198+0000] {processor.py:914} INFO - Processing file /home/airflow/.local/lib/python3.12/site-packages/airflow/example_dags/example_xcom.py for tasks to queue
[2024-11-20T14:54:29.202+0000] {logging_mixin.py:190} INFO - [2024-11-20T14:54:29.202+0000] {dagbag.py:588} INFO - Filling up the DagBag from /home/airflow/.local/lib/python3.12/site-packages/airflow/example_dags/example_xcom.py
[2024-11-20T14:54:29.210+0000] {processor.py:925} INFO - DAG(s) 'example_xcom' retrieved from /home/airflow/.local/lib/python3.12/site-packages/airflow/example_dags/example_xcom.py
[2024-11-20T14:54:29.229+0000] {logging_mixin.py:190} INFO - [2024-11-20T14:54:29.229+0000] {dag.py:3239} INFO - Sync 1 DAGs
[2024-11-20T14:54:29.245+0000] {logging_mixin.py:190} INFO - [2024-11-20T14:54:29.245+0000] {dag.py:4180} INFO - Setting next_dagrun for example_xcom to 2021-01-01 00:00:00+00:00, run_after=2021-01-01 00:00:00+00:00
[2024-11-20T14:54:29.262+0000] {processor.py:208} INFO - Processing /home/airflow/.local/lib/python3.12/site-packages/airflow/example_dags/example_xcom.py took 0.070 seconds
[2024-11-20T14:54:59.551+0000] {processor.py:186} INFO - Started process (PID=2708) to work on /home/airflow/.local/lib/python3.12/site-packages/airflow/example_dags/example_xcom.py
[2024-11-20T14:54:59.552+0000] {processor.py:914} INFO - Processing file /home/airflow/.local/lib/python3.12/site-packages/airflow/example_dags/example_xcom.py for tasks to queue
[2024-11-20T14:54:59.554+0000] {logging_mixin.py:190} INFO - [2024-11-20T14:54:59.554+0000] {dagbag.py:588} INFO - Filling up the DagBag from /home/airflow/.local/lib/python3.12/site-packages/airflow/example_dags/example_xcom.py
[2024-11-20T14:54:59.560+0000] {processor.py:925} INFO - DAG(s) 'example_xcom' retrieved from /home/airflow/.local/lib/python3.12/site-packages/airflow/example_dags/example_xcom.py
[2024-11-20T14:54:59.573+0000] {logging_mixin.py:190} INFO - [2024-11-20T14:54:59.573+0000] {dag.py:3239} INFO - Sync 1 DAGs
[2024-11-20T14:54:59.588+0000] {logging_mixin.py:190} INFO - [2024-11-20T14:54:59.587+0000] {dag.py:4180} INFO - Setting next_dagrun for example_xcom to 2021-01-01 00:00:00+00:00, run_after=2021-01-01 00:00:00+00:00
[2024-11-20T14:54:59.604+0000] {processor.py:208} INFO - Processing /home/airflow/.local/lib/python3.12/site-packages/airflow/example_dags/example_xcom.py took 0.057 seconds
[2024-11-20T14:55:30.562+0000] {processor.py:186} INFO - Started process (PID=2771) to work on /home/airflow/.local/lib/python3.12/site-packages/airflow/example_dags/example_xcom.py
[2024-11-20T14:55:30.563+0000] {processor.py:914} INFO - Processing file /home/airflow/.local/lib/python3.12/site-packages/airflow/example_dags/example_xcom.py for tasks to queue
[2024-11-20T14:55:30.564+0000] {logging_mixin.py:190} INFO - [2024-11-20T14:55:30.564+0000] {dagbag.py:588} INFO - Filling up the DagBag from /home/airflow/.local/lib/python3.12/site-packages/airflow/example_dags/example_xcom.py
[2024-11-20T14:55:30.570+0000] {processor.py:925} INFO - DAG(s) 'example_xcom' retrieved from /home/airflow/.local/lib/python3.12/site-packages/airflow/example_dags/example_xcom.py
[2024-11-20T14:55:30.584+0000] {logging_mixin.py:190} INFO - [2024-11-20T14:55:30.584+0000] {dag.py:3239} INFO - Sync 1 DAGs
[2024-11-20T14:55:30.599+0000] {logging_mixin.py:190} INFO - [2024-11-20T14:55:30.599+0000] {dag.py:4180} INFO - Setting next_dagrun for example_xcom to 2021-01-01 00:00:00+00:00, run_after=2021-01-01 00:00:00+00:00
[2024-11-20T14:55:30.613+0000] {processor.py:208} INFO - Processing /home/airflow/.local/lib/python3.12/site-packages/airflow/example_dags/example_xcom.py took 0.055 seconds
[2024-11-20T14:56:01.013+0000] {processor.py:186} INFO - Started process (PID=2834) to work on /home/airflow/.local/lib/python3.12/site-packages/airflow/example_dags/example_xcom.py
[2024-11-20T14:56:01.014+0000] {processor.py:914} INFO - Processing file /home/airflow/.local/lib/python3.12/site-packages/airflow/example_dags/example_xcom.py for tasks to queue
[2024-11-20T14:56:01.016+0000] {logging_mixin.py:190} INFO - [2024-11-20T14:56:01.016+0000] {dagbag.py:588} INFO - Filling up the DagBag from /home/airflow/.local/lib/python3.12/site-packages/airflow/example_dags/example_xcom.py
[2024-11-20T14:56:01.023+0000] {processor.py:925} INFO - DAG(s) 'example_xcom' retrieved from /home/airflow/.local/lib/python3.12/site-packages/airflow/example_dags/example_xcom.py
[2024-11-20T14:56:01.036+0000] {logging_mixin.py:190} INFO - [2024-11-20T14:56:01.036+0000] {dag.py:3239} INFO - Sync 1 DAGs
[2024-11-20T14:56:01.051+0000] {logging_mixin.py:190} INFO - [2024-11-20T14:56:01.051+0000] {dag.py:4180} INFO - Setting next_dagrun for example_xcom to 2021-01-01 00:00:00+00:00, run_after=2021-01-01 00:00:00+00:00
[2024-11-20T14:56:01.068+0000] {processor.py:208} INFO - Processing /home/airflow/.local/lib/python3.12/site-packages/airflow/example_dags/example_xcom.py took 0.059 seconds
[2024-11-20T14:56:32.143+0000] {processor.py:186} INFO - Started process (PID=2897) to work on /home/airflow/.local/lib/python3.12/site-packages/airflow/example_dags/example_xcom.py
[2024-11-20T14:56:32.144+0000] {processor.py:914} INFO - Processing file /home/airflow/.local/lib/python3.12/site-packages/airflow/example_dags/example_xcom.py for tasks to queue
[2024-11-20T14:56:32.146+0000] {logging_mixin.py:190} INFO - [2024-11-20T14:56:32.146+0000] {dagbag.py:588} INFO - Filling up the DagBag from /home/airflow/.local/lib/python3.12/site-packages/airflow/example_dags/example_xcom.py
[2024-11-20T14:56:32.153+0000] {processor.py:925} INFO - DAG(s) 'example_xcom' retrieved from /home/airflow/.local/lib/python3.12/site-packages/airflow/example_dags/example_xcom.py
[2024-11-20T14:56:32.167+0000] {logging_mixin.py:190} INFO - [2024-11-20T14:56:32.167+0000] {dag.py:3239} INFO - Sync 1 DAGs
[2024-11-20T14:56:32.182+0000] {logging_mixin.py:190} INFO - [2024-11-20T14:56:32.181+0000] {dag.py:4180} INFO - Setting next_dagrun for example_xcom to 2021-01-01 00:00:00+00:00, run_after=2021-01-01 00:00:00+00:00
[2024-11-20T14:56:32.201+0000] {processor.py:208} INFO - Processing /home/airflow/.local/lib/python3.12/site-packages/airflow/example_dags/example_xcom.py took 0.066 seconds
[2024-11-20T14:57:03.360+0000] {processor.py:186} INFO - Started process (PID=2960) to work on /home/airflow/.local/lib/python3.12/site-packages/airflow/example_dags/example_xcom.py
[2024-11-20T14:57:03.361+0000] {processor.py:914} INFO - Processing file /home/airflow/.local/lib/python3.12/site-packages/airflow/example_dags/example_xcom.py for tasks to queue
[2024-11-20T14:57:03.363+0000] {logging_mixin.py:190} INFO - [2024-11-20T14:57:03.363+0000] {dagbag.py:588} INFO - Filling up the DagBag from /home/airflow/.local/lib/python3.12/site-packages/airflow/example_dags/example_xcom.py
[2024-11-20T14:57:03.369+0000] {processor.py:925} INFO - DAG(s) 'example_xcom' retrieved from /home/airflow/.local/lib/python3.12/site-packages/airflow/example_dags/example_xcom.py
[2024-11-20T14:57:03.383+0000] {logging_mixin.py:190} INFO - [2024-11-20T14:57:03.383+0000] {dag.py:3239} INFO - Sync 1 DAGs
[2024-11-20T14:57:03.398+0000] {logging_mixin.py:190} INFO - [2024-11-20T14:57:03.398+0000] {dag.py:4180} INFO - Setting next_dagrun for example_xcom to 2021-01-01 00:00:00+00:00, run_after=2021-01-01 00:00:00+00:00
[2024-11-20T14:57:03.411+0000] {processor.py:208} INFO - Processing /home/airflow/.local/lib/python3.12/site-packages/airflow/example_dags/example_xcom.py took 0.055 seconds
[2024-11-20T14:57:34.229+0000] {processor.py:186} INFO - Started process (PID=3023) to work on /home/airflow/.local/lib/python3.12/site-packages/airflow/example_dags/example_xcom.py
[2024-11-20T14:57:34.230+0000] {processor.py:914} INFO - Processing file /home/airflow/.local/lib/python3.12/site-packages/airflow/example_dags/example_xcom.py for tasks to queue
[2024-11-20T14:57:34.232+0000] {logging_mixin.py:190} INFO - [2024-11-20T14:57:34.231+0000] {dagbag.py:588} INFO - Filling up the DagBag from /home/airflow/.local/lib/python3.12/site-packages/airflow/example_dags/example_xcom.py
[2024-11-20T14:57:34.238+0000] {processor.py:925} INFO - DAG(s) 'example_xcom' retrieved from /home/airflow/.local/lib/python3.12/site-packages/airflow/example_dags/example_xcom.py
[2024-11-20T14:57:34.251+0000] {logging_mixin.py:190} INFO - [2024-11-20T14:57:34.250+0000] {dag.py:3239} INFO - Sync 1 DAGs
[2024-11-20T14:57:34.378+0000] {logging_mixin.py:190} INFO - [2024-11-20T14:57:34.378+0000] {dag.py:4180} INFO - Setting next_dagrun for example_xcom to 2021-01-01 00:00:00+00:00, run_after=2021-01-01 00:00:00+00:00
[2024-11-20T14:57:34.391+0000] {processor.py:208} INFO - Processing /home/airflow/.local/lib/python3.12/site-packages/airflow/example_dags/example_xcom.py took 0.166 seconds
[2024-11-20T14:58:05.073+0000] {processor.py:186} INFO - Started process (PID=3086) to work on /home/airflow/.local/lib/python3.12/site-packages/airflow/example_dags/example_xcom.py
[2024-11-20T14:58:05.073+0000] {processor.py:914} INFO - Processing file /home/airflow/.local/lib/python3.12/site-packages/airflow/example_dags/example_xcom.py for tasks to queue
[2024-11-20T14:58:05.075+0000] {logging_mixin.py:190} INFO - [2024-11-20T14:58:05.075+0000] {dagbag.py:588} INFO - Filling up the DagBag from /home/airflow/.local/lib/python3.12/site-packages/airflow/example_dags/example_xcom.py
[2024-11-20T14:58:05.081+0000] {processor.py:925} INFO - DAG(s) 'example_xcom' retrieved from /home/airflow/.local/lib/python3.12/site-packages/airflow/example_dags/example_xcom.py
[2024-11-20T14:58:05.096+0000] {logging_mixin.py:190} INFO - [2024-11-20T14:58:05.095+0000] {dag.py:3239} INFO - Sync 1 DAGs
[2024-11-20T14:58:05.110+0000] {logging_mixin.py:190} INFO - [2024-11-20T14:58:05.110+0000] {dag.py:4180} INFO - Setting next_dagrun for example_xcom to 2021-01-01 00:00:00+00:00, run_after=2021-01-01 00:00:00+00:00
[2024-11-20T14:58:05.127+0000] {processor.py:208} INFO - Processing /home/airflow/.local/lib/python3.12/site-packages/airflow/example_dags/example_xcom.py took 0.058 seconds
[2024-11-20T14:58:35.462+0000] {processor.py:186} INFO - Started process (PID=3149) to work on /home/airflow/.local/lib/python3.12/site-packages/airflow/example_dags/example_xcom.py
[2024-11-20T14:58:35.462+0000] {processor.py:914} INFO - Processing file /home/airflow/.local/lib/python3.12/site-packages/airflow/example_dags/example_xcom.py for tasks to queue
[2024-11-20T14:58:35.464+0000] {logging_mixin.py:190} INFO - [2024-11-20T14:58:35.464+0000] {dagbag.py:588} INFO - Filling up the DagBag from /home/airflow/.local/lib/python3.12/site-packages/airflow/example_dags/example_xcom.py
[2024-11-20T14:58:35.470+0000] {processor.py:925} INFO - DAG(s) 'example_xcom' retrieved from /home/airflow/.local/lib/python3.12/site-packages/airflow/example_dags/example_xcom.py
[2024-11-20T14:58:35.484+0000] {logging_mixin.py:190} INFO - [2024-11-20T14:58:35.484+0000] {dag.py:3239} INFO - Sync 1 DAGs
[2024-11-20T14:58:35.499+0000] {logging_mixin.py:190} INFO - [2024-11-20T14:58:35.498+0000] {dag.py:4180} INFO - Setting next_dagrun for example_xcom to 2021-01-01 00:00:00+00:00, run_after=2021-01-01 00:00:00+00:00
[2024-11-20T14:58:35.517+0000] {processor.py:208} INFO - Processing /home/airflow/.local/lib/python3.12/site-packages/airflow/example_dags/example_xcom.py took 0.060 seconds
[2024-11-20T14:59:06.425+0000] {processor.py:186} INFO - Started process (PID=3211) to work on /home/airflow/.local/lib/python3.12/site-packages/airflow/example_dags/example_xcom.py
[2024-11-20T14:59:06.426+0000] {processor.py:914} INFO - Processing file /home/airflow/.local/lib/python3.12/site-packages/airflow/example_dags/example_xcom.py for tasks to queue
[2024-11-20T14:59:06.428+0000] {logging_mixin.py:190} INFO - [2024-11-20T14:59:06.428+0000] {dagbag.py:588} INFO - Filling up the DagBag from /home/airflow/.local/lib/python3.12/site-packages/airflow/example_dags/example_xcom.py
[2024-11-20T14:59:06.434+0000] {processor.py:925} INFO - DAG(s) 'example_xcom' retrieved from /home/airflow/.local/lib/python3.12/site-packages/airflow/example_dags/example_xcom.py
[2024-11-20T14:59:06.449+0000] {logging_mixin.py:190} INFO - [2024-11-20T14:59:06.449+0000] {dag.py:3239} INFO - Sync 1 DAGs
[2024-11-20T14:59:06.464+0000] {logging_mixin.py:190} INFO - [2024-11-20T14:59:06.463+0000] {dag.py:4180} INFO - Setting next_dagrun for example_xcom to 2021-01-01 00:00:00+00:00, run_after=2021-01-01 00:00:00+00:00
[2024-11-20T14:59:06.479+0000] {processor.py:208} INFO - Processing /home/airflow/.local/lib/python3.12/site-packages/airflow/example_dags/example_xcom.py took 0.061 seconds
[2024-11-20T14:59:38.407+0000] {processor.py:186} INFO - Started process (PID=3281) to work on /home/airflow/.local/lib/python3.12/site-packages/airflow/example_dags/example_xcom.py
[2024-11-20T14:59:38.408+0000] {processor.py:914} INFO - Processing file /home/airflow/.local/lib/python3.12/site-packages/airflow/example_dags/example_xcom.py for tasks to queue
[2024-11-20T14:59:38.410+0000] {logging_mixin.py:190} INFO - [2024-11-20T14:59:38.410+0000] {dagbag.py:588} INFO - Filling up the DagBag from /home/airflow/.local/lib/python3.12/site-packages/airflow/example_dags/example_xcom.py
[2024-11-20T14:59:38.416+0000] {processor.py:925} INFO - DAG(s) 'example_xcom' retrieved from /home/airflow/.local/lib/python3.12/site-packages/airflow/example_dags/example_xcom.py
[2024-11-20T14:59:38.430+0000] {logging_mixin.py:190} INFO - [2024-11-20T14:59:38.430+0000] {dag.py:3239} INFO - Sync 1 DAGs
[2024-11-20T14:59:38.554+0000] {logging_mixin.py:190} INFO - [2024-11-20T14:59:38.554+0000] {dag.py:4180} INFO - Setting next_dagrun for example_xcom to 2021-01-01 00:00:00+00:00, run_after=2021-01-01 00:00:00+00:00
[2024-11-20T14:59:38.567+0000] {processor.py:208} INFO - Processing /home/airflow/.local/lib/python3.12/site-packages/airflow/example_dags/example_xcom.py took 0.164 seconds
[2024-11-20T15:00:09.260+0000] {processor.py:186} INFO - Started process (PID=3344) to work on /home/airflow/.local/lib/python3.12/site-packages/airflow/example_dags/example_xcom.py
[2024-11-20T15:00:09.261+0000] {processor.py:914} INFO - Processing file /home/airflow/.local/lib/python3.12/site-packages/airflow/example_dags/example_xcom.py for tasks to queue
[2024-11-20T15:00:09.263+0000] {logging_mixin.py:190} INFO - [2024-11-20T15:00:09.263+0000] {dagbag.py:588} INFO - Filling up the DagBag from /home/airflow/.local/lib/python3.12/site-packages/airflow/example_dags/example_xcom.py
[2024-11-20T15:00:09.270+0000] {processor.py:925} INFO - DAG(s) 'example_xcom' retrieved from /home/airflow/.local/lib/python3.12/site-packages/airflow/example_dags/example_xcom.py
[2024-11-20T15:00:09.285+0000] {logging_mixin.py:190} INFO - [2024-11-20T15:00:09.285+0000] {dag.py:3239} INFO - Sync 1 DAGs
[2024-11-20T15:00:09.409+0000] {logging_mixin.py:190} INFO - [2024-11-20T15:00:09.408+0000] {dag.py:4180} INFO - Setting next_dagrun for example_xcom to 2021-01-01 00:00:00+00:00, run_after=2021-01-01 00:00:00+00:00
[2024-11-20T15:00:09.422+0000] {processor.py:208} INFO - Processing /home/airflow/.local/lib/python3.12/site-packages/airflow/example_dags/example_xcom.py took 0.167 seconds
[2024-11-20T15:00:39.932+0000] {processor.py:186} INFO - Started process (PID=3407) to work on /home/airflow/.local/lib/python3.12/site-packages/airflow/example_dags/example_xcom.py
[2024-11-20T15:00:39.934+0000] {processor.py:914} INFO - Processing file /home/airflow/.local/lib/python3.12/site-packages/airflow/example_dags/example_xcom.py for tasks to queue
[2024-11-20T15:00:39.936+0000] {logging_mixin.py:190} INFO - [2024-11-20T15:00:39.936+0000] {dagbag.py:588} INFO - Filling up the DagBag from /home/airflow/.local/lib/python3.12/site-packages/airflow/example_dags/example_xcom.py
[2024-11-20T15:00:39.945+0000] {processor.py:925} INFO - DAG(s) 'example_xcom' retrieved from /home/airflow/.local/lib/python3.12/site-packages/airflow/example_dags/example_xcom.py
[2024-11-20T15:00:39.963+0000] {logging_mixin.py:190} INFO - [2024-11-20T15:00:39.963+0000] {dag.py:3239} INFO - Sync 1 DAGs
[2024-11-20T15:00:39.977+0000] {logging_mixin.py:190} INFO - [2024-11-20T15:00:39.977+0000] {dag.py:4180} INFO - Setting next_dagrun for example_xcom to 2021-01-01 00:00:00+00:00, run_after=2021-01-01 00:00:00+00:00
[2024-11-20T15:00:39.992+0000] {processor.py:208} INFO - Processing /home/airflow/.local/lib/python3.12/site-packages/airflow/example_dags/example_xcom.py took 0.064 seconds
[2024-11-20T15:01:11.096+0000] {processor.py:186} INFO - Started process (PID=3471) to work on /home/airflow/.local/lib/python3.12/site-packages/airflow/example_dags/example_xcom.py
[2024-11-20T15:01:11.098+0000] {processor.py:914} INFO - Processing file /home/airflow/.local/lib/python3.12/site-packages/airflow/example_dags/example_xcom.py for tasks to queue
[2024-11-20T15:01:11.100+0000] {logging_mixin.py:190} INFO - [2024-11-20T15:01:11.099+0000] {dagbag.py:588} INFO - Filling up the DagBag from /home/airflow/.local/lib/python3.12/site-packages/airflow/example_dags/example_xcom.py
[2024-11-20T15:01:11.106+0000] {processor.py:925} INFO - DAG(s) 'example_xcom' retrieved from /home/airflow/.local/lib/python3.12/site-packages/airflow/example_dags/example_xcom.py
[2024-11-20T15:01:11.120+0000] {logging_mixin.py:190} INFO - [2024-11-20T15:01:11.120+0000] {dag.py:3239} INFO - Sync 1 DAGs
[2024-11-20T15:01:11.135+0000] {logging_mixin.py:190} INFO - [2024-11-20T15:01:11.135+0000] {dag.py:4180} INFO - Setting next_dagrun for example_xcom to 2021-01-01 00:00:00+00:00, run_after=2021-01-01 00:00:00+00:00
[2024-11-20T15:01:11.149+0000] {processor.py:208} INFO - Processing /home/airflow/.local/lib/python3.12/site-packages/airflow/example_dags/example_xcom.py took 0.057 seconds
[2024-11-20T15:01:42.073+0000] {processor.py:186} INFO - Started process (PID=3534) to work on /home/airflow/.local/lib/python3.12/site-packages/airflow/example_dags/example_xcom.py
[2024-11-20T15:01:42.074+0000] {processor.py:914} INFO - Processing file /home/airflow/.local/lib/python3.12/site-packages/airflow/example_dags/example_xcom.py for tasks to queue
[2024-11-20T15:01:42.076+0000] {logging_mixin.py:190} INFO - [2024-11-20T15:01:42.076+0000] {dagbag.py:588} INFO - Filling up the DagBag from /home/airflow/.local/lib/python3.12/site-packages/airflow/example_dags/example_xcom.py
[2024-11-20T15:01:42.086+0000] {processor.py:925} INFO - DAG(s) 'example_xcom' retrieved from /home/airflow/.local/lib/python3.12/site-packages/airflow/example_dags/example_xcom.py
[2024-11-20T15:01:42.100+0000] {logging_mixin.py:190} INFO - [2024-11-20T15:01:42.100+0000] {dag.py:3239} INFO - Sync 1 DAGs
[2024-11-20T15:01:42.115+0000] {logging_mixin.py:190} INFO - [2024-11-20T15:01:42.115+0000] {dag.py:4180} INFO - Setting next_dagrun for example_xcom to 2021-01-01 00:00:00+00:00, run_after=2021-01-01 00:00:00+00:00
[2024-11-20T15:01:42.130+0000] {processor.py:208} INFO - Processing /home/airflow/.local/lib/python3.12/site-packages/airflow/example_dags/example_xcom.py took 0.060 seconds
[2024-11-20T15:02:13.333+0000] {processor.py:186} INFO - Started process (PID=3597) to work on /home/airflow/.local/lib/python3.12/site-packages/airflow/example_dags/example_xcom.py
[2024-11-20T15:02:13.334+0000] {processor.py:914} INFO - Processing file /home/airflow/.local/lib/python3.12/site-packages/airflow/example_dags/example_xcom.py for tasks to queue
[2024-11-20T15:02:13.336+0000] {logging_mixin.py:190} INFO - [2024-11-20T15:02:13.335+0000] {dagbag.py:588} INFO - Filling up the DagBag from /home/airflow/.local/lib/python3.12/site-packages/airflow/example_dags/example_xcom.py
[2024-11-20T15:02:13.342+0000] {processor.py:925} INFO - DAG(s) 'example_xcom' retrieved from /home/airflow/.local/lib/python3.12/site-packages/airflow/example_dags/example_xcom.py
[2024-11-20T15:02:13.356+0000] {logging_mixin.py:190} INFO - [2024-11-20T15:02:13.356+0000] {dag.py:3239} INFO - Sync 1 DAGs
[2024-11-20T15:02:13.371+0000] {logging_mixin.py:190} INFO - [2024-11-20T15:02:13.371+0000] {dag.py:4180} INFO - Setting next_dagrun for example_xcom to 2021-01-01 00:00:00+00:00, run_after=2021-01-01 00:00:00+00:00
[2024-11-20T15:02:13.388+0000] {processor.py:208} INFO - Processing /home/airflow/.local/lib/python3.12/site-packages/airflow/example_dags/example_xcom.py took 0.059 seconds
[2024-11-20T15:02:43.965+0000] {processor.py:186} INFO - Started process (PID=3660) to work on /home/airflow/.local/lib/python3.12/site-packages/airflow/example_dags/example_xcom.py
[2024-11-20T15:02:43.966+0000] {processor.py:914} INFO - Processing file /home/airflow/.local/lib/python3.12/site-packages/airflow/example_dags/example_xcom.py for tasks to queue
[2024-11-20T15:02:43.968+0000] {logging_mixin.py:190} INFO - [2024-11-20T15:02:43.968+0000] {dagbag.py:588} INFO - Filling up the DagBag from /home/airflow/.local/lib/python3.12/site-packages/airflow/example_dags/example_xcom.py
[2024-11-20T15:02:43.974+0000] {processor.py:925} INFO - DAG(s) 'example_xcom' retrieved from /home/airflow/.local/lib/python3.12/site-packages/airflow/example_dags/example_xcom.py
[2024-11-20T15:02:43.987+0000] {logging_mixin.py:190} INFO - [2024-11-20T15:02:43.987+0000] {dag.py:3239} INFO - Sync 1 DAGs
[2024-11-20T15:02:44.002+0000] {logging_mixin.py:190} INFO - [2024-11-20T15:02:44.002+0000] {dag.py:4180} INFO - Setting next_dagrun for example_xcom to 2021-01-01 00:00:00+00:00, run_after=2021-01-01 00:00:00+00:00
[2024-11-20T15:02:44.015+0000] {processor.py:208} INFO - Processing /home/airflow/.local/lib/python3.12/site-packages/airflow/example_dags/example_xcom.py took 0.054 seconds
