[2024-11-20T14:27:52.903+0000] {processor.py:186} INFO - Started process (PID=123) to work on /home/airflow/.local/lib/python3.12/site-packages/airflow/example_dags/example_short_circuit_operator.py
[2024-11-20T14:27:52.904+0000] {processor.py:914} INFO - Processing file /home/airflow/.local/lib/python3.12/site-packages/airflow/example_dags/example_short_circuit_operator.py for tasks to queue
[2024-11-20T14:27:52.906+0000] {logging_mixin.py:190} INFO - [2024-11-20T14:27:52.906+0000] {dagbag.py:588} INFO - Filling up the DagBag from /home/airflow/.local/lib/python3.12/site-packages/airflow/example_dags/example_short_circuit_operator.py
[2024-11-20T14:27:52.913+0000] {processor.py:925} INFO - DAG(s) 'example_short_circuit_operator' retrieved from /home/airflow/.local/lib/python3.12/site-packages/airflow/example_dags/example_short_circuit_operator.py
[2024-11-20T14:27:52.983+0000] {logging_mixin.py:190} INFO - [2024-11-20T14:27:52.982+0000] {override.py:1911} INFO - Created Permission View: can read on DAG:example_short_circuit_operator
[2024-11-20T14:27:52.991+0000] {logging_mixin.py:190} INFO - [2024-11-20T14:27:52.990+0000] {override.py:1911} INFO - Created Permission View: can edit on DAG:example_short_circuit_operator
[2024-11-20T14:27:52.996+0000] {logging_mixin.py:190} INFO - [2024-11-20T14:27:52.996+0000] {override.py:1911} INFO - Created Permission View: can delete on DAG:example_short_circuit_operator
[2024-11-20T14:27:53.004+0000] {logging_mixin.py:190} INFO - [2024-11-20T14:27:53.004+0000] {override.py:1911} INFO - Created Permission View: can read on DAG Run:example_short_circuit_operator
[2024-11-20T14:27:53.011+0000] {logging_mixin.py:190} INFO - [2024-11-20T14:27:53.011+0000] {override.py:1911} INFO - Created Permission View: menu access on DAG Run:example_short_circuit_operator
[2024-11-20T14:27:53.022+0000] {logging_mixin.py:190} INFO - [2024-11-20T14:27:53.021+0000] {override.py:1911} INFO - Created Permission View: can create on DAG Run:example_short_circuit_operator
[2024-11-20T14:27:53.028+0000] {logging_mixin.py:190} INFO - [2024-11-20T14:27:53.028+0000] {override.py:1911} INFO - Created Permission View: can delete on DAG Run:example_short_circuit_operator
[2024-11-20T14:27:53.028+0000] {logging_mixin.py:190} INFO - [2024-11-20T14:27:53.028+0000] {dag.py:3239} INFO - Sync 1 DAGs
[2024-11-20T14:27:53.037+0000] {logging_mixin.py:190} INFO - [2024-11-20T14:27:53.037+0000] {dag.py:3262} INFO - Creating ORM DAG for example_short_circuit_operator
[2024-11-20T14:27:53.038+0000] {logging_mixin.py:190} INFO - [2024-11-20T14:27:53.038+0000] {dag.py:4180} INFO - Setting next_dagrun for example_short_circuit_operator to None, run_after=None
[2024-11-20T14:27:53.049+0000] {processor.py:208} INFO - Processing /home/airflow/.local/lib/python3.12/site-packages/airflow/example_dags/example_short_circuit_operator.py took 0.150 seconds
[2024-11-20T14:28:23.678+0000] {processor.py:186} INFO - Started process (PID=186) to work on /home/airflow/.local/lib/python3.12/site-packages/airflow/example_dags/example_short_circuit_operator.py
[2024-11-20T14:28:23.679+0000] {processor.py:914} INFO - Processing file /home/airflow/.local/lib/python3.12/site-packages/airflow/example_dags/example_short_circuit_operator.py for tasks to queue
[2024-11-20T14:28:23.682+0000] {logging_mixin.py:190} INFO - [2024-11-20T14:28:23.681+0000] {dagbag.py:588} INFO - Filling up the DagBag from /home/airflow/.local/lib/python3.12/site-packages/airflow/example_dags/example_short_circuit_operator.py
[2024-11-20T14:28:23.688+0000] {processor.py:925} INFO - DAG(s) 'example_short_circuit_operator' retrieved from /home/airflow/.local/lib/python3.12/site-packages/airflow/example_dags/example_short_circuit_operator.py
[2024-11-20T14:28:23.713+0000] {logging_mixin.py:190} INFO - [2024-11-20T14:28:23.712+0000] {dag.py:3239} INFO - Sync 1 DAGs
[2024-11-20T14:28:23.723+0000] {logging_mixin.py:190} INFO - [2024-11-20T14:28:23.723+0000] {dag.py:4180} INFO - Setting next_dagrun for example_short_circuit_operator to None, run_after=None
[2024-11-20T14:28:23.743+0000] {processor.py:208} INFO - Processing /home/airflow/.local/lib/python3.12/site-packages/airflow/example_dags/example_short_circuit_operator.py took 0.069 seconds
[2024-11-20T14:28:53.831+0000] {processor.py:186} INFO - Started process (PID=249) to work on /home/airflow/.local/lib/python3.12/site-packages/airflow/example_dags/example_short_circuit_operator.py
[2024-11-20T14:28:53.833+0000] {processor.py:914} INFO - Processing file /home/airflow/.local/lib/python3.12/site-packages/airflow/example_dags/example_short_circuit_operator.py for tasks to queue
[2024-11-20T14:28:53.835+0000] {logging_mixin.py:190} INFO - [2024-11-20T14:28:53.835+0000] {dagbag.py:588} INFO - Filling up the DagBag from /home/airflow/.local/lib/python3.12/site-packages/airflow/example_dags/example_short_circuit_operator.py
[2024-11-20T14:28:53.841+0000] {processor.py:925} INFO - DAG(s) 'example_short_circuit_operator' retrieved from /home/airflow/.local/lib/python3.12/site-packages/airflow/example_dags/example_short_circuit_operator.py
[2024-11-20T14:28:53.861+0000] {logging_mixin.py:190} INFO - [2024-11-20T14:28:53.860+0000] {dag.py:3239} INFO - Sync 1 DAGs
[2024-11-20T14:28:53.871+0000] {logging_mixin.py:190} INFO - [2024-11-20T14:28:53.871+0000] {dag.py:4180} INFO - Setting next_dagrun for example_short_circuit_operator to None, run_after=None
[2024-11-20T14:28:53.892+0000] {processor.py:208} INFO - Processing /home/airflow/.local/lib/python3.12/site-packages/airflow/example_dags/example_short_circuit_operator.py took 0.065 seconds
[2024-11-20T14:29:24.201+0000] {processor.py:186} INFO - Started process (PID=311) to work on /home/airflow/.local/lib/python3.12/site-packages/airflow/example_dags/example_short_circuit_operator.py
[2024-11-20T14:29:24.202+0000] {processor.py:914} INFO - Processing file /home/airflow/.local/lib/python3.12/site-packages/airflow/example_dags/example_short_circuit_operator.py for tasks to queue
[2024-11-20T14:29:24.204+0000] {logging_mixin.py:190} INFO - [2024-11-20T14:29:24.204+0000] {dagbag.py:588} INFO - Filling up the DagBag from /home/airflow/.local/lib/python3.12/site-packages/airflow/example_dags/example_short_circuit_operator.py
[2024-11-20T14:29:24.210+0000] {processor.py:925} INFO - DAG(s) 'example_short_circuit_operator' retrieved from /home/airflow/.local/lib/python3.12/site-packages/airflow/example_dags/example_short_circuit_operator.py
[2024-11-20T14:29:24.226+0000] {logging_mixin.py:190} INFO - [2024-11-20T14:29:24.226+0000] {dag.py:3239} INFO - Sync 1 DAGs
[2024-11-20T14:29:24.237+0000] {logging_mixin.py:190} INFO - [2024-11-20T14:29:24.237+0000] {dag.py:4180} INFO - Setting next_dagrun for example_short_circuit_operator to None, run_after=None
[2024-11-20T14:29:24.254+0000] {processor.py:208} INFO - Processing /home/airflow/.local/lib/python3.12/site-packages/airflow/example_dags/example_short_circuit_operator.py took 0.057 seconds
[2024-11-20T14:29:54.314+0000] {processor.py:186} INFO - Started process (PID=373) to work on /home/airflow/.local/lib/python3.12/site-packages/airflow/example_dags/example_short_circuit_operator.py
[2024-11-20T14:29:54.315+0000] {processor.py:914} INFO - Processing file /home/airflow/.local/lib/python3.12/site-packages/airflow/example_dags/example_short_circuit_operator.py for tasks to queue
[2024-11-20T14:29:54.317+0000] {logging_mixin.py:190} INFO - [2024-11-20T14:29:54.317+0000] {dagbag.py:588} INFO - Filling up the DagBag from /home/airflow/.local/lib/python3.12/site-packages/airflow/example_dags/example_short_circuit_operator.py
[2024-11-20T14:29:54.323+0000] {processor.py:925} INFO - DAG(s) 'example_short_circuit_operator' retrieved from /home/airflow/.local/lib/python3.12/site-packages/airflow/example_dags/example_short_circuit_operator.py
[2024-11-20T14:29:54.338+0000] {logging_mixin.py:190} INFO - [2024-11-20T14:29:54.337+0000] {dag.py:3239} INFO - Sync 1 DAGs
[2024-11-20T14:29:54.347+0000] {logging_mixin.py:190} INFO - [2024-11-20T14:29:54.347+0000] {dag.py:4180} INFO - Setting next_dagrun for example_short_circuit_operator to None, run_after=None
[2024-11-20T14:29:54.362+0000] {processor.py:208} INFO - Processing /home/airflow/.local/lib/python3.12/site-packages/airflow/example_dags/example_short_circuit_operator.py took 0.052 seconds
[2024-11-20T14:30:24.758+0000] {processor.py:186} INFO - Started process (PID=436) to work on /home/airflow/.local/lib/python3.12/site-packages/airflow/example_dags/example_short_circuit_operator.py
[2024-11-20T14:30:24.759+0000] {processor.py:914} INFO - Processing file /home/airflow/.local/lib/python3.12/site-packages/airflow/example_dags/example_short_circuit_operator.py for tasks to queue
[2024-11-20T14:30:24.761+0000] {logging_mixin.py:190} INFO - [2024-11-20T14:30:24.761+0000] {dagbag.py:588} INFO - Filling up the DagBag from /home/airflow/.local/lib/python3.12/site-packages/airflow/example_dags/example_short_circuit_operator.py
[2024-11-20T14:30:24.767+0000] {processor.py:925} INFO - DAG(s) 'example_short_circuit_operator' retrieved from /home/airflow/.local/lib/python3.12/site-packages/airflow/example_dags/example_short_circuit_operator.py
[2024-11-20T14:30:24.783+0000] {logging_mixin.py:190} INFO - [2024-11-20T14:30:24.783+0000] {dag.py:3239} INFO - Sync 1 DAGs
[2024-11-20T14:30:24.795+0000] {logging_mixin.py:190} INFO - [2024-11-20T14:30:24.795+0000] {dag.py:4180} INFO - Setting next_dagrun for example_short_circuit_operator to None, run_after=None
[2024-11-20T14:30:24.810+0000] {processor.py:208} INFO - Processing /home/airflow/.local/lib/python3.12/site-packages/airflow/example_dags/example_short_circuit_operator.py took 0.056 seconds
[2024-11-20T14:30:55.241+0000] {processor.py:186} INFO - Started process (PID=500) to work on /home/airflow/.local/lib/python3.12/site-packages/airflow/example_dags/example_short_circuit_operator.py
[2024-11-20T14:30:55.242+0000] {processor.py:914} INFO - Processing file /home/airflow/.local/lib/python3.12/site-packages/airflow/example_dags/example_short_circuit_operator.py for tasks to queue
[2024-11-20T14:30:55.244+0000] {logging_mixin.py:190} INFO - [2024-11-20T14:30:55.244+0000] {dagbag.py:588} INFO - Filling up the DagBag from /home/airflow/.local/lib/python3.12/site-packages/airflow/example_dags/example_short_circuit_operator.py
[2024-11-20T14:30:55.250+0000] {processor.py:925} INFO - DAG(s) 'example_short_circuit_operator' retrieved from /home/airflow/.local/lib/python3.12/site-packages/airflow/example_dags/example_short_circuit_operator.py
[2024-11-20T14:30:55.264+0000] {logging_mixin.py:190} INFO - [2024-11-20T14:30:55.264+0000] {dag.py:3239} INFO - Sync 1 DAGs
[2024-11-20T14:30:55.273+0000] {logging_mixin.py:190} INFO - [2024-11-20T14:30:55.273+0000] {dag.py:4180} INFO - Setting next_dagrun for example_short_circuit_operator to None, run_after=None
[2024-11-20T14:30:55.287+0000] {processor.py:208} INFO - Processing /home/airflow/.local/lib/python3.12/site-packages/airflow/example_dags/example_short_circuit_operator.py took 0.049 seconds
[2024-11-20T14:31:25.646+0000] {processor.py:186} INFO - Started process (PID=563) to work on /home/airflow/.local/lib/python3.12/site-packages/airflow/example_dags/example_short_circuit_operator.py
[2024-11-20T14:31:25.647+0000] {processor.py:914} INFO - Processing file /home/airflow/.local/lib/python3.12/site-packages/airflow/example_dags/example_short_circuit_operator.py for tasks to queue
[2024-11-20T14:31:25.649+0000] {logging_mixin.py:190} INFO - [2024-11-20T14:31:25.649+0000] {dagbag.py:588} INFO - Filling up the DagBag from /home/airflow/.local/lib/python3.12/site-packages/airflow/example_dags/example_short_circuit_operator.py
[2024-11-20T14:31:25.655+0000] {processor.py:925} INFO - DAG(s) 'example_short_circuit_operator' retrieved from /home/airflow/.local/lib/python3.12/site-packages/airflow/example_dags/example_short_circuit_operator.py
[2024-11-20T14:31:25.670+0000] {logging_mixin.py:190} INFO - [2024-11-20T14:31:25.670+0000] {dag.py:3239} INFO - Sync 1 DAGs
[2024-11-20T14:31:25.680+0000] {logging_mixin.py:190} INFO - [2024-11-20T14:31:25.680+0000] {dag.py:4180} INFO - Setting next_dagrun for example_short_circuit_operator to None, run_after=None
[2024-11-20T14:31:25.693+0000] {processor.py:208} INFO - Processing /home/airflow/.local/lib/python3.12/site-packages/airflow/example_dags/example_short_circuit_operator.py took 0.051 seconds
[2024-11-20T14:31:56.510+0000] {processor.py:186} INFO - Started process (PID=626) to work on /home/airflow/.local/lib/python3.12/site-packages/airflow/example_dags/example_short_circuit_operator.py
[2024-11-20T14:31:56.511+0000] {processor.py:914} INFO - Processing file /home/airflow/.local/lib/python3.12/site-packages/airflow/example_dags/example_short_circuit_operator.py for tasks to queue
[2024-11-20T14:31:56.513+0000] {logging_mixin.py:190} INFO - [2024-11-20T14:31:56.512+0000] {dagbag.py:588} INFO - Filling up the DagBag from /home/airflow/.local/lib/python3.12/site-packages/airflow/example_dags/example_short_circuit_operator.py
[2024-11-20T14:31:56.518+0000] {processor.py:925} INFO - DAG(s) 'example_short_circuit_operator' retrieved from /home/airflow/.local/lib/python3.12/site-packages/airflow/example_dags/example_short_circuit_operator.py
[2024-11-20T14:31:56.534+0000] {logging_mixin.py:190} INFO - [2024-11-20T14:31:56.534+0000] {dag.py:3239} INFO - Sync 1 DAGs
[2024-11-20T14:31:56.543+0000] {logging_mixin.py:190} INFO - [2024-11-20T14:31:56.543+0000] {dag.py:4180} INFO - Setting next_dagrun for example_short_circuit_operator to None, run_after=None
[2024-11-20T14:31:56.561+0000] {processor.py:208} INFO - Processing /home/airflow/.local/lib/python3.12/site-packages/airflow/example_dags/example_short_circuit_operator.py took 0.055 seconds
[2024-11-20T14:32:27.594+0000] {processor.py:186} INFO - Started process (PID=689) to work on /home/airflow/.local/lib/python3.12/site-packages/airflow/example_dags/example_short_circuit_operator.py
[2024-11-20T14:32:27.595+0000] {processor.py:914} INFO - Processing file /home/airflow/.local/lib/python3.12/site-packages/airflow/example_dags/example_short_circuit_operator.py for tasks to queue
[2024-11-20T14:32:27.596+0000] {logging_mixin.py:190} INFO - [2024-11-20T14:32:27.596+0000] {dagbag.py:588} INFO - Filling up the DagBag from /home/airflow/.local/lib/python3.12/site-packages/airflow/example_dags/example_short_circuit_operator.py
[2024-11-20T14:32:27.602+0000] {processor.py:925} INFO - DAG(s) 'example_short_circuit_operator' retrieved from /home/airflow/.local/lib/python3.12/site-packages/airflow/example_dags/example_short_circuit_operator.py
[2024-11-20T14:32:27.617+0000] {logging_mixin.py:190} INFO - [2024-11-20T14:32:27.616+0000] {dag.py:3239} INFO - Sync 1 DAGs
[2024-11-20T14:32:27.626+0000] {logging_mixin.py:190} INFO - [2024-11-20T14:32:27.626+0000] {dag.py:4180} INFO - Setting next_dagrun for example_short_circuit_operator to None, run_after=None
[2024-11-20T14:32:27.639+0000] {processor.py:208} INFO - Processing /home/airflow/.local/lib/python3.12/site-packages/airflow/example_dags/example_short_circuit_operator.py took 0.049 seconds
[2024-11-20T14:32:58.408+0000] {processor.py:186} INFO - Started process (PID=751) to work on /home/airflow/.local/lib/python3.12/site-packages/airflow/example_dags/example_short_circuit_operator.py
[2024-11-20T14:32:58.409+0000] {processor.py:914} INFO - Processing file /home/airflow/.local/lib/python3.12/site-packages/airflow/example_dags/example_short_circuit_operator.py for tasks to queue
[2024-11-20T14:32:58.411+0000] {logging_mixin.py:190} INFO - [2024-11-20T14:32:58.411+0000] {dagbag.py:588} INFO - Filling up the DagBag from /home/airflow/.local/lib/python3.12/site-packages/airflow/example_dags/example_short_circuit_operator.py
[2024-11-20T14:32:58.417+0000] {processor.py:925} INFO - DAG(s) 'example_short_circuit_operator' retrieved from /home/airflow/.local/lib/python3.12/site-packages/airflow/example_dags/example_short_circuit_operator.py
[2024-11-20T14:32:58.432+0000] {logging_mixin.py:190} INFO - [2024-11-20T14:32:58.432+0000] {dag.py:3239} INFO - Sync 1 DAGs
[2024-11-20T14:32:58.442+0000] {logging_mixin.py:190} INFO - [2024-11-20T14:32:58.442+0000] {dag.py:4180} INFO - Setting next_dagrun for example_short_circuit_operator to None, run_after=None
[2024-11-20T14:32:58.455+0000] {processor.py:208} INFO - Processing /home/airflow/.local/lib/python3.12/site-packages/airflow/example_dags/example_short_circuit_operator.py took 0.051 seconds
[2024-11-20T14:33:29.017+0000] {processor.py:186} INFO - Started process (PID=814) to work on /home/airflow/.local/lib/python3.12/site-packages/airflow/example_dags/example_short_circuit_operator.py
[2024-11-20T14:33:29.018+0000] {processor.py:914} INFO - Processing file /home/airflow/.local/lib/python3.12/site-packages/airflow/example_dags/example_short_circuit_operator.py for tasks to queue
[2024-11-20T14:33:29.020+0000] {logging_mixin.py:190} INFO - [2024-11-20T14:33:29.019+0000] {dagbag.py:588} INFO - Filling up the DagBag from /home/airflow/.local/lib/python3.12/site-packages/airflow/example_dags/example_short_circuit_operator.py
[2024-11-20T14:33:29.025+0000] {processor.py:925} INFO - DAG(s) 'example_short_circuit_operator' retrieved from /home/airflow/.local/lib/python3.12/site-packages/airflow/example_dags/example_short_circuit_operator.py
[2024-11-20T14:33:29.039+0000] {logging_mixin.py:190} INFO - [2024-11-20T14:33:29.039+0000] {dag.py:3239} INFO - Sync 1 DAGs
[2024-11-20T14:33:29.048+0000] {logging_mixin.py:190} INFO - [2024-11-20T14:33:29.048+0000] {dag.py:4180} INFO - Setting next_dagrun for example_short_circuit_operator to None, run_after=None
[2024-11-20T14:33:29.061+0000] {processor.py:208} INFO - Processing /home/airflow/.local/lib/python3.12/site-packages/airflow/example_dags/example_short_circuit_operator.py took 0.048 seconds
[2024-11-20T14:33:59.555+0000] {processor.py:186} INFO - Started process (PID=877) to work on /home/airflow/.local/lib/python3.12/site-packages/airflow/example_dags/example_short_circuit_operator.py
[2024-11-20T14:33:59.556+0000] {processor.py:914} INFO - Processing file /home/airflow/.local/lib/python3.12/site-packages/airflow/example_dags/example_short_circuit_operator.py for tasks to queue
[2024-11-20T14:33:59.557+0000] {logging_mixin.py:190} INFO - [2024-11-20T14:33:59.557+0000] {dagbag.py:588} INFO - Filling up the DagBag from /home/airflow/.local/lib/python3.12/site-packages/airflow/example_dags/example_short_circuit_operator.py
[2024-11-20T14:33:59.563+0000] {processor.py:925} INFO - DAG(s) 'example_short_circuit_operator' retrieved from /home/airflow/.local/lib/python3.12/site-packages/airflow/example_dags/example_short_circuit_operator.py
[2024-11-20T14:33:59.576+0000] {logging_mixin.py:190} INFO - [2024-11-20T14:33:59.576+0000] {dag.py:3239} INFO - Sync 1 DAGs
[2024-11-20T14:33:59.586+0000] {logging_mixin.py:190} INFO - [2024-11-20T14:33:59.586+0000] {dag.py:4180} INFO - Setting next_dagrun for example_short_circuit_operator to None, run_after=None
[2024-11-20T14:33:59.599+0000] {processor.py:208} INFO - Processing /home/airflow/.local/lib/python3.12/site-packages/airflow/example_dags/example_short_circuit_operator.py took 0.048 seconds
[2024-11-20T14:34:30.316+0000] {processor.py:186} INFO - Started process (PID=940) to work on /home/airflow/.local/lib/python3.12/site-packages/airflow/example_dags/example_short_circuit_operator.py
[2024-11-20T14:34:30.324+0000] {processor.py:914} INFO - Processing file /home/airflow/.local/lib/python3.12/site-packages/airflow/example_dags/example_short_circuit_operator.py for tasks to queue
[2024-11-20T14:34:30.328+0000] {logging_mixin.py:190} INFO - [2024-11-20T14:34:30.328+0000] {dagbag.py:588} INFO - Filling up the DagBag from /home/airflow/.local/lib/python3.12/site-packages/airflow/example_dags/example_short_circuit_operator.py
[2024-11-20T14:34:30.338+0000] {processor.py:925} INFO - DAG(s) 'example_short_circuit_operator' retrieved from /home/airflow/.local/lib/python3.12/site-packages/airflow/example_dags/example_short_circuit_operator.py
[2024-11-20T14:34:30.354+0000] {logging_mixin.py:190} INFO - [2024-11-20T14:34:30.354+0000] {dag.py:3239} INFO - Sync 1 DAGs
[2024-11-20T14:34:30.364+0000] {logging_mixin.py:190} INFO - [2024-11-20T14:34:30.364+0000] {dag.py:4180} INFO - Setting next_dagrun for example_short_circuit_operator to None, run_after=None
[2024-11-20T14:34:30.381+0000] {processor.py:208} INFO - Processing /home/airflow/.local/lib/python3.12/site-packages/airflow/example_dags/example_short_circuit_operator.py took 0.072 seconds
[2024-11-20T14:35:01.108+0000] {processor.py:186} INFO - Started process (PID=1003) to work on /home/airflow/.local/lib/python3.12/site-packages/airflow/example_dags/example_short_circuit_operator.py
[2024-11-20T14:35:01.109+0000] {processor.py:914} INFO - Processing file /home/airflow/.local/lib/python3.12/site-packages/airflow/example_dags/example_short_circuit_operator.py for tasks to queue
[2024-11-20T14:35:01.111+0000] {logging_mixin.py:190} INFO - [2024-11-20T14:35:01.110+0000] {dagbag.py:588} INFO - Filling up the DagBag from /home/airflow/.local/lib/python3.12/site-packages/airflow/example_dags/example_short_circuit_operator.py
[2024-11-20T14:35:01.117+0000] {processor.py:925} INFO - DAG(s) 'example_short_circuit_operator' retrieved from /home/airflow/.local/lib/python3.12/site-packages/airflow/example_dags/example_short_circuit_operator.py
[2024-11-20T14:35:01.132+0000] {logging_mixin.py:190} INFO - [2024-11-20T14:35:01.132+0000] {dag.py:3239} INFO - Sync 1 DAGs
[2024-11-20T14:35:01.142+0000] {logging_mixin.py:190} INFO - [2024-11-20T14:35:01.142+0000] {dag.py:4180} INFO - Setting next_dagrun for example_short_circuit_operator to None, run_after=None
[2024-11-20T14:35:01.155+0000] {processor.py:208} INFO - Processing /home/airflow/.local/lib/python3.12/site-packages/airflow/example_dags/example_short_circuit_operator.py took 0.051 seconds
[2024-11-20T14:35:31.887+0000] {processor.py:186} INFO - Started process (PID=1066) to work on /home/airflow/.local/lib/python3.12/site-packages/airflow/example_dags/example_short_circuit_operator.py
[2024-11-20T14:35:31.889+0000] {processor.py:914} INFO - Processing file /home/airflow/.local/lib/python3.12/site-packages/airflow/example_dags/example_short_circuit_operator.py for tasks to queue
[2024-11-20T14:35:31.892+0000] {logging_mixin.py:190} INFO - [2024-11-20T14:35:31.892+0000] {dagbag.py:588} INFO - Filling up the DagBag from /home/airflow/.local/lib/python3.12/site-packages/airflow/example_dags/example_short_circuit_operator.py
[2024-11-20T14:35:31.899+0000] {processor.py:925} INFO - DAG(s) 'example_short_circuit_operator' retrieved from /home/airflow/.local/lib/python3.12/site-packages/airflow/example_dags/example_short_circuit_operator.py
[2024-11-20T14:35:31.915+0000] {logging_mixin.py:190} INFO - [2024-11-20T14:35:31.915+0000] {dag.py:3239} INFO - Sync 1 DAGs
[2024-11-20T14:35:31.924+0000] {logging_mixin.py:190} INFO - [2024-11-20T14:35:31.924+0000] {dag.py:4180} INFO - Setting next_dagrun for example_short_circuit_operator to None, run_after=None
[2024-11-20T14:35:31.944+0000] {processor.py:208} INFO - Processing /home/airflow/.local/lib/python3.12/site-packages/airflow/example_dags/example_short_circuit_operator.py took 0.065 seconds
[2024-11-20T14:36:02.659+0000] {processor.py:186} INFO - Started process (PID=1129) to work on /home/airflow/.local/lib/python3.12/site-packages/airflow/example_dags/example_short_circuit_operator.py
[2024-11-20T14:36:02.660+0000] {processor.py:914} INFO - Processing file /home/airflow/.local/lib/python3.12/site-packages/airflow/example_dags/example_short_circuit_operator.py for tasks to queue
[2024-11-20T14:36:02.662+0000] {logging_mixin.py:190} INFO - [2024-11-20T14:36:02.661+0000] {dagbag.py:588} INFO - Filling up the DagBag from /home/airflow/.local/lib/python3.12/site-packages/airflow/example_dags/example_short_circuit_operator.py
[2024-11-20T14:36:02.667+0000] {processor.py:925} INFO - DAG(s) 'example_short_circuit_operator' retrieved from /home/airflow/.local/lib/python3.12/site-packages/airflow/example_dags/example_short_circuit_operator.py
[2024-11-20T14:36:02.682+0000] {logging_mixin.py:190} INFO - [2024-11-20T14:36:02.682+0000] {dag.py:3239} INFO - Sync 1 DAGs
[2024-11-20T14:36:02.690+0000] {logging_mixin.py:190} INFO - [2024-11-20T14:36:02.690+0000] {dag.py:4180} INFO - Setting next_dagrun for example_short_circuit_operator to None, run_after=None
[2024-11-20T14:36:02.705+0000] {processor.py:208} INFO - Processing /home/airflow/.local/lib/python3.12/site-packages/airflow/example_dags/example_short_circuit_operator.py took 0.049 seconds
[2024-11-20T14:36:33.108+0000] {processor.py:186} INFO - Started process (PID=1192) to work on /home/airflow/.local/lib/python3.12/site-packages/airflow/example_dags/example_short_circuit_operator.py
[2024-11-20T14:36:33.111+0000] {processor.py:914} INFO - Processing file /home/airflow/.local/lib/python3.12/site-packages/airflow/example_dags/example_short_circuit_operator.py for tasks to queue
[2024-11-20T14:36:33.115+0000] {logging_mixin.py:190} INFO - [2024-11-20T14:36:33.114+0000] {dagbag.py:588} INFO - Filling up the DagBag from /home/airflow/.local/lib/python3.12/site-packages/airflow/example_dags/example_short_circuit_operator.py
[2024-11-20T14:36:33.127+0000] {processor.py:925} INFO - DAG(s) 'example_short_circuit_operator' retrieved from /home/airflow/.local/lib/python3.12/site-packages/airflow/example_dags/example_short_circuit_operator.py
[2024-11-20T14:36:33.145+0000] {logging_mixin.py:190} INFO - [2024-11-20T14:36:33.145+0000] {dag.py:3239} INFO - Sync 1 DAGs
[2024-11-20T14:36:33.156+0000] {logging_mixin.py:190} INFO - [2024-11-20T14:36:33.156+0000] {dag.py:4180} INFO - Setting next_dagrun for example_short_circuit_operator to None, run_after=None
[2024-11-20T14:36:33.173+0000] {processor.py:208} INFO - Processing /home/airflow/.local/lib/python3.12/site-packages/airflow/example_dags/example_short_circuit_operator.py took 0.072 seconds
[2024-11-20T14:37:03.545+0000] {processor.py:186} INFO - Started process (PID=1255) to work on /home/airflow/.local/lib/python3.12/site-packages/airflow/example_dags/example_short_circuit_operator.py
[2024-11-20T14:37:03.546+0000] {processor.py:914} INFO - Processing file /home/airflow/.local/lib/python3.12/site-packages/airflow/example_dags/example_short_circuit_operator.py for tasks to queue
[2024-11-20T14:37:03.547+0000] {logging_mixin.py:190} INFO - [2024-11-20T14:37:03.547+0000] {dagbag.py:588} INFO - Filling up the DagBag from /home/airflow/.local/lib/python3.12/site-packages/airflow/example_dags/example_short_circuit_operator.py
[2024-11-20T14:37:03.553+0000] {processor.py:925} INFO - DAG(s) 'example_short_circuit_operator' retrieved from /home/airflow/.local/lib/python3.12/site-packages/airflow/example_dags/example_short_circuit_operator.py
[2024-11-20T14:37:03.568+0000] {logging_mixin.py:190} INFO - [2024-11-20T14:37:03.568+0000] {dag.py:3239} INFO - Sync 1 DAGs
[2024-11-20T14:37:03.577+0000] {logging_mixin.py:190} INFO - [2024-11-20T14:37:03.577+0000] {dag.py:4180} INFO - Setting next_dagrun for example_short_circuit_operator to None, run_after=None
[2024-11-20T14:37:03.592+0000] {processor.py:208} INFO - Processing /home/airflow/.local/lib/python3.12/site-packages/airflow/example_dags/example_short_circuit_operator.py took 0.051 seconds
[2024-11-20T14:37:34.463+0000] {processor.py:186} INFO - Started process (PID=1318) to work on /home/airflow/.local/lib/python3.12/site-packages/airflow/example_dags/example_short_circuit_operator.py
[2024-11-20T14:37:34.464+0000] {processor.py:914} INFO - Processing file /home/airflow/.local/lib/python3.12/site-packages/airflow/example_dags/example_short_circuit_operator.py for tasks to queue
[2024-11-20T14:37:34.466+0000] {logging_mixin.py:190} INFO - [2024-11-20T14:37:34.466+0000] {dagbag.py:588} INFO - Filling up the DagBag from /home/airflow/.local/lib/python3.12/site-packages/airflow/example_dags/example_short_circuit_operator.py
[2024-11-20T14:37:34.472+0000] {processor.py:925} INFO - DAG(s) 'example_short_circuit_operator' retrieved from /home/airflow/.local/lib/python3.12/site-packages/airflow/example_dags/example_short_circuit_operator.py
[2024-11-20T14:37:34.489+0000] {logging_mixin.py:190} INFO - [2024-11-20T14:37:34.489+0000] {dag.py:3239} INFO - Sync 1 DAGs
[2024-11-20T14:37:34.510+0000] {logging_mixin.py:190} INFO - [2024-11-20T14:37:34.509+0000] {dag.py:4180} INFO - Setting next_dagrun for example_short_circuit_operator to None, run_after=None
[2024-11-20T14:37:34.528+0000] {processor.py:208} INFO - Processing /home/airflow/.local/lib/python3.12/site-packages/airflow/example_dags/example_short_circuit_operator.py took 0.070 seconds
[2024-11-20T14:38:05.035+0000] {processor.py:186} INFO - Started process (PID=1381) to work on /home/airflow/.local/lib/python3.12/site-packages/airflow/example_dags/example_short_circuit_operator.py
[2024-11-20T14:38:05.036+0000] {processor.py:914} INFO - Processing file /home/airflow/.local/lib/python3.12/site-packages/airflow/example_dags/example_short_circuit_operator.py for tasks to queue
[2024-11-20T14:38:05.037+0000] {logging_mixin.py:190} INFO - [2024-11-20T14:38:05.037+0000] {dagbag.py:588} INFO - Filling up the DagBag from /home/airflow/.local/lib/python3.12/site-packages/airflow/example_dags/example_short_circuit_operator.py
[2024-11-20T14:38:05.043+0000] {processor.py:925} INFO - DAG(s) 'example_short_circuit_operator' retrieved from /home/airflow/.local/lib/python3.12/site-packages/airflow/example_dags/example_short_circuit_operator.py
[2024-11-20T14:38:05.056+0000] {logging_mixin.py:190} INFO - [2024-11-20T14:38:05.056+0000] {dag.py:3239} INFO - Sync 1 DAGs
[2024-11-20T14:38:05.065+0000] {logging_mixin.py:190} INFO - [2024-11-20T14:38:05.065+0000] {dag.py:4180} INFO - Setting next_dagrun for example_short_circuit_operator to None, run_after=None
[2024-11-20T14:38:05.079+0000] {processor.py:208} INFO - Processing /home/airflow/.local/lib/python3.12/site-packages/airflow/example_dags/example_short_circuit_operator.py took 0.048 seconds
[2024-11-20T14:38:35.707+0000] {processor.py:186} INFO - Started process (PID=1444) to work on /home/airflow/.local/lib/python3.12/site-packages/airflow/example_dags/example_short_circuit_operator.py
[2024-11-20T14:38:35.707+0000] {processor.py:914} INFO - Processing file /home/airflow/.local/lib/python3.12/site-packages/airflow/example_dags/example_short_circuit_operator.py for tasks to queue
[2024-11-20T14:38:35.710+0000] {logging_mixin.py:190} INFO - [2024-11-20T14:38:35.709+0000] {dagbag.py:588} INFO - Filling up the DagBag from /home/airflow/.local/lib/python3.12/site-packages/airflow/example_dags/example_short_circuit_operator.py
[2024-11-20T14:38:35.716+0000] {processor.py:925} INFO - DAG(s) 'example_short_circuit_operator' retrieved from /home/airflow/.local/lib/python3.12/site-packages/airflow/example_dags/example_short_circuit_operator.py
[2024-11-20T14:38:35.732+0000] {logging_mixin.py:190} INFO - [2024-11-20T14:38:35.732+0000] {dag.py:3239} INFO - Sync 1 DAGs
[2024-11-20T14:38:35.742+0000] {logging_mixin.py:190} INFO - [2024-11-20T14:38:35.742+0000] {dag.py:4180} INFO - Setting next_dagrun for example_short_circuit_operator to None, run_after=None
[2024-11-20T14:38:35.758+0000] {processor.py:208} INFO - Processing /home/airflow/.local/lib/python3.12/site-packages/airflow/example_dags/example_short_circuit_operator.py took 0.055 seconds
[2024-11-20T14:39:06.836+0000] {processor.py:186} INFO - Started process (PID=1507) to work on /home/airflow/.local/lib/python3.12/site-packages/airflow/example_dags/example_short_circuit_operator.py
[2024-11-20T14:39:06.837+0000] {processor.py:914} INFO - Processing file /home/airflow/.local/lib/python3.12/site-packages/airflow/example_dags/example_short_circuit_operator.py for tasks to queue
[2024-11-20T14:39:06.838+0000] {logging_mixin.py:190} INFO - [2024-11-20T14:39:06.838+0000] {dagbag.py:588} INFO - Filling up the DagBag from /home/airflow/.local/lib/python3.12/site-packages/airflow/example_dags/example_short_circuit_operator.py
[2024-11-20T14:39:06.844+0000] {processor.py:925} INFO - DAG(s) 'example_short_circuit_operator' retrieved from /home/airflow/.local/lib/python3.12/site-packages/airflow/example_dags/example_short_circuit_operator.py
[2024-11-20T14:39:06.859+0000] {logging_mixin.py:190} INFO - [2024-11-20T14:39:06.859+0000] {dag.py:3239} INFO - Sync 1 DAGs
[2024-11-20T14:39:06.868+0000] {logging_mixin.py:190} INFO - [2024-11-20T14:39:06.868+0000] {dag.py:4180} INFO - Setting next_dagrun for example_short_circuit_operator to None, run_after=None
[2024-11-20T14:39:06.885+0000] {processor.py:208} INFO - Processing /home/airflow/.local/lib/python3.12/site-packages/airflow/example_dags/example_short_circuit_operator.py took 0.053 seconds
[2024-11-20T14:39:38.397+0000] {processor.py:186} INFO - Started process (PID=1570) to work on /home/airflow/.local/lib/python3.12/site-packages/airflow/example_dags/example_short_circuit_operator.py
[2024-11-20T14:39:38.397+0000] {processor.py:914} INFO - Processing file /home/airflow/.local/lib/python3.12/site-packages/airflow/example_dags/example_short_circuit_operator.py for tasks to queue
[2024-11-20T14:39:38.399+0000] {logging_mixin.py:190} INFO - [2024-11-20T14:39:38.399+0000] {dagbag.py:588} INFO - Filling up the DagBag from /home/airflow/.local/lib/python3.12/site-packages/airflow/example_dags/example_short_circuit_operator.py
[2024-11-20T14:39:38.405+0000] {processor.py:925} INFO - DAG(s) 'example_short_circuit_operator' retrieved from /home/airflow/.local/lib/python3.12/site-packages/airflow/example_dags/example_short_circuit_operator.py
[2024-11-20T14:39:38.419+0000] {logging_mixin.py:190} INFO - [2024-11-20T14:39:38.419+0000] {dag.py:3239} INFO - Sync 1 DAGs
[2024-11-20T14:39:38.429+0000] {logging_mixin.py:190} INFO - [2024-11-20T14:39:38.429+0000] {dag.py:4180} INFO - Setting next_dagrun for example_short_circuit_operator to None, run_after=None
[2024-11-20T14:39:38.447+0000] {processor.py:208} INFO - Processing /home/airflow/.local/lib/python3.12/site-packages/airflow/example_dags/example_short_circuit_operator.py took 0.055 seconds
[2024-11-20T14:40:08.658+0000] {processor.py:186} INFO - Started process (PID=1633) to work on /home/airflow/.local/lib/python3.12/site-packages/airflow/example_dags/example_short_circuit_operator.py
[2024-11-20T14:40:08.665+0000] {processor.py:914} INFO - Processing file /home/airflow/.local/lib/python3.12/site-packages/airflow/example_dags/example_short_circuit_operator.py for tasks to queue
[2024-11-20T14:40:08.669+0000] {logging_mixin.py:190} INFO - [2024-11-20T14:40:08.669+0000] {dagbag.py:588} INFO - Filling up the DagBag from /home/airflow/.local/lib/python3.12/site-packages/airflow/example_dags/example_short_circuit_operator.py
[2024-11-20T14:40:08.676+0000] {processor.py:925} INFO - DAG(s) 'example_short_circuit_operator' retrieved from /home/airflow/.local/lib/python3.12/site-packages/airflow/example_dags/example_short_circuit_operator.py
[2024-11-20T14:40:08.693+0000] {logging_mixin.py:190} INFO - [2024-11-20T14:40:08.693+0000] {dag.py:3239} INFO - Sync 1 DAGs
[2024-11-20T14:40:08.703+0000] {logging_mixin.py:190} INFO - [2024-11-20T14:40:08.703+0000] {dag.py:4180} INFO - Setting next_dagrun for example_short_circuit_operator to None, run_after=None
[2024-11-20T14:40:08.721+0000] {processor.py:208} INFO - Processing /home/airflow/.local/lib/python3.12/site-packages/airflow/example_dags/example_short_circuit_operator.py took 0.068 seconds
[2024-11-20T14:40:39.463+0000] {processor.py:186} INFO - Started process (PID=1696) to work on /home/airflow/.local/lib/python3.12/site-packages/airflow/example_dags/example_short_circuit_operator.py
[2024-11-20T14:40:39.464+0000] {processor.py:914} INFO - Processing file /home/airflow/.local/lib/python3.12/site-packages/airflow/example_dags/example_short_circuit_operator.py for tasks to queue
[2024-11-20T14:40:39.466+0000] {logging_mixin.py:190} INFO - [2024-11-20T14:40:39.466+0000] {dagbag.py:588} INFO - Filling up the DagBag from /home/airflow/.local/lib/python3.12/site-packages/airflow/example_dags/example_short_circuit_operator.py
[2024-11-20T14:40:39.472+0000] {processor.py:925} INFO - DAG(s) 'example_short_circuit_operator' retrieved from /home/airflow/.local/lib/python3.12/site-packages/airflow/example_dags/example_short_circuit_operator.py
[2024-11-20T14:40:39.486+0000] {logging_mixin.py:190} INFO - [2024-11-20T14:40:39.486+0000] {dag.py:3239} INFO - Sync 1 DAGs
[2024-11-20T14:40:39.499+0000] {logging_mixin.py:190} INFO - [2024-11-20T14:40:39.499+0000] {dag.py:4180} INFO - Setting next_dagrun for example_short_circuit_operator to None, run_after=None
[2024-11-20T14:40:39.513+0000] {processor.py:208} INFO - Processing /home/airflow/.local/lib/python3.12/site-packages/airflow/example_dags/example_short_circuit_operator.py took 0.054 seconds
[2024-11-20T14:41:10.272+0000] {processor.py:186} INFO - Started process (PID=1759) to work on /home/airflow/.local/lib/python3.12/site-packages/airflow/example_dags/example_short_circuit_operator.py
[2024-11-20T14:41:10.273+0000] {processor.py:914} INFO - Processing file /home/airflow/.local/lib/python3.12/site-packages/airflow/example_dags/example_short_circuit_operator.py for tasks to queue
[2024-11-20T14:41:10.275+0000] {logging_mixin.py:190} INFO - [2024-11-20T14:41:10.275+0000] {dagbag.py:588} INFO - Filling up the DagBag from /home/airflow/.local/lib/python3.12/site-packages/airflow/example_dags/example_short_circuit_operator.py
[2024-11-20T14:41:10.281+0000] {processor.py:925} INFO - DAG(s) 'example_short_circuit_operator' retrieved from /home/airflow/.local/lib/python3.12/site-packages/airflow/example_dags/example_short_circuit_operator.py
[2024-11-20T14:41:10.297+0000] {logging_mixin.py:190} INFO - [2024-11-20T14:41:10.297+0000] {dag.py:3239} INFO - Sync 1 DAGs
[2024-11-20T14:41:10.307+0000] {logging_mixin.py:190} INFO - [2024-11-20T14:41:10.307+0000] {dag.py:4180} INFO - Setting next_dagrun for example_short_circuit_operator to None, run_after=None
[2024-11-20T14:41:10.323+0000] {processor.py:208} INFO - Processing /home/airflow/.local/lib/python3.12/site-packages/airflow/example_dags/example_short_circuit_operator.py took 0.056 seconds
[2024-11-20T14:41:41.004+0000] {processor.py:186} INFO - Started process (PID=1822) to work on /home/airflow/.local/lib/python3.12/site-packages/airflow/example_dags/example_short_circuit_operator.py
[2024-11-20T14:41:41.005+0000] {processor.py:914} INFO - Processing file /home/airflow/.local/lib/python3.12/site-packages/airflow/example_dags/example_short_circuit_operator.py for tasks to queue
[2024-11-20T14:41:41.007+0000] {logging_mixin.py:190} INFO - [2024-11-20T14:41:41.007+0000] {dagbag.py:588} INFO - Filling up the DagBag from /home/airflow/.local/lib/python3.12/site-packages/airflow/example_dags/example_short_circuit_operator.py
[2024-11-20T14:41:41.012+0000] {processor.py:925} INFO - DAG(s) 'example_short_circuit_operator' retrieved from /home/airflow/.local/lib/python3.12/site-packages/airflow/example_dags/example_short_circuit_operator.py
[2024-11-20T14:41:41.025+0000] {logging_mixin.py:190} INFO - [2024-11-20T14:41:41.025+0000] {dag.py:3239} INFO - Sync 1 DAGs
[2024-11-20T14:41:41.033+0000] {logging_mixin.py:190} INFO - [2024-11-20T14:41:41.033+0000] {dag.py:4180} INFO - Setting next_dagrun for example_short_circuit_operator to None, run_after=None
[2024-11-20T14:41:41.045+0000] {processor.py:208} INFO - Processing /home/airflow/.local/lib/python3.12/site-packages/airflow/example_dags/example_short_circuit_operator.py took 0.044 seconds
[2024-11-20T14:42:12.061+0000] {processor.py:186} INFO - Started process (PID=1885) to work on /home/airflow/.local/lib/python3.12/site-packages/airflow/example_dags/example_short_circuit_operator.py
[2024-11-20T14:42:12.062+0000] {processor.py:914} INFO - Processing file /home/airflow/.local/lib/python3.12/site-packages/airflow/example_dags/example_short_circuit_operator.py for tasks to queue
[2024-11-20T14:42:12.064+0000] {logging_mixin.py:190} INFO - [2024-11-20T14:42:12.063+0000] {dagbag.py:588} INFO - Filling up the DagBag from /home/airflow/.local/lib/python3.12/site-packages/airflow/example_dags/example_short_circuit_operator.py
[2024-11-20T14:42:12.069+0000] {processor.py:925} INFO - DAG(s) 'example_short_circuit_operator' retrieved from /home/airflow/.local/lib/python3.12/site-packages/airflow/example_dags/example_short_circuit_operator.py
[2024-11-20T14:42:12.085+0000] {logging_mixin.py:190} INFO - [2024-11-20T14:42:12.085+0000] {dag.py:3239} INFO - Sync 1 DAGs
[2024-11-20T14:42:12.094+0000] {logging_mixin.py:190} INFO - [2024-11-20T14:42:12.094+0000] {dag.py:4180} INFO - Setting next_dagrun for example_short_circuit_operator to None, run_after=None
[2024-11-20T14:42:12.109+0000] {processor.py:208} INFO - Processing /home/airflow/.local/lib/python3.12/site-packages/airflow/example_dags/example_short_circuit_operator.py took 0.052 seconds
[2024-11-20T14:42:42.403+0000] {processor.py:186} INFO - Started process (PID=1948) to work on /home/airflow/.local/lib/python3.12/site-packages/airflow/example_dags/example_short_circuit_operator.py
[2024-11-20T14:42:42.404+0000] {processor.py:914} INFO - Processing file /home/airflow/.local/lib/python3.12/site-packages/airflow/example_dags/example_short_circuit_operator.py for tasks to queue
[2024-11-20T14:42:42.405+0000] {logging_mixin.py:190} INFO - [2024-11-20T14:42:42.405+0000] {dagbag.py:588} INFO - Filling up the DagBag from /home/airflow/.local/lib/python3.12/site-packages/airflow/example_dags/example_short_circuit_operator.py
[2024-11-20T14:42:42.411+0000] {processor.py:925} INFO - DAG(s) 'example_short_circuit_operator' retrieved from /home/airflow/.local/lib/python3.12/site-packages/airflow/example_dags/example_short_circuit_operator.py
[2024-11-20T14:42:42.427+0000] {logging_mixin.py:190} INFO - [2024-11-20T14:42:42.426+0000] {dag.py:3239} INFO - Sync 1 DAGs
[2024-11-20T14:42:42.436+0000] {logging_mixin.py:190} INFO - [2024-11-20T14:42:42.436+0000] {dag.py:4180} INFO - Setting next_dagrun for example_short_circuit_operator to None, run_after=None
[2024-11-20T14:42:42.453+0000] {processor.py:208} INFO - Processing /home/airflow/.local/lib/python3.12/site-packages/airflow/example_dags/example_short_circuit_operator.py took 0.054 seconds
[2024-11-20T14:43:13.445+0000] {processor.py:186} INFO - Started process (PID=2011) to work on /home/airflow/.local/lib/python3.12/site-packages/airflow/example_dags/example_short_circuit_operator.py
[2024-11-20T14:43:13.446+0000] {processor.py:914} INFO - Processing file /home/airflow/.local/lib/python3.12/site-packages/airflow/example_dags/example_short_circuit_operator.py for tasks to queue
[2024-11-20T14:43:13.448+0000] {logging_mixin.py:190} INFO - [2024-11-20T14:43:13.447+0000] {dagbag.py:588} INFO - Filling up the DagBag from /home/airflow/.local/lib/python3.12/site-packages/airflow/example_dags/example_short_circuit_operator.py
[2024-11-20T14:43:13.453+0000] {processor.py:925} INFO - DAG(s) 'example_short_circuit_operator' retrieved from /home/airflow/.local/lib/python3.12/site-packages/airflow/example_dags/example_short_circuit_operator.py
[2024-11-20T14:43:13.468+0000] {logging_mixin.py:190} INFO - [2024-11-20T14:43:13.467+0000] {dag.py:3239} INFO - Sync 1 DAGs
[2024-11-20T14:43:13.476+0000] {logging_mixin.py:190} INFO - [2024-11-20T14:43:13.476+0000] {dag.py:4180} INFO - Setting next_dagrun for example_short_circuit_operator to None, run_after=None
[2024-11-20T14:43:13.489+0000] {processor.py:208} INFO - Processing /home/airflow/.local/lib/python3.12/site-packages/airflow/example_dags/example_short_circuit_operator.py took 0.047 seconds
[2024-11-20T14:49:52.359+0000] {processor.py:186} INFO - Started process (PID=2077) to work on /home/airflow/.local/lib/python3.12/site-packages/airflow/example_dags/example_short_circuit_operator.py
[2024-11-20T14:49:52.360+0000] {processor.py:914} INFO - Processing file /home/airflow/.local/lib/python3.12/site-packages/airflow/example_dags/example_short_circuit_operator.py for tasks to queue
[2024-11-20T14:49:52.362+0000] {logging_mixin.py:190} INFO - [2024-11-20T14:49:52.362+0000] {dagbag.py:588} INFO - Filling up the DagBag from /home/airflow/.local/lib/python3.12/site-packages/airflow/example_dags/example_short_circuit_operator.py
[2024-11-20T14:49:52.367+0000] {processor.py:925} INFO - DAG(s) 'example_short_circuit_operator' retrieved from /home/airflow/.local/lib/python3.12/site-packages/airflow/example_dags/example_short_circuit_operator.py
[2024-11-20T14:49:52.393+0000] {logging_mixin.py:190} INFO - [2024-11-20T14:49:52.393+0000] {dag.py:3239} INFO - Sync 1 DAGs
[2024-11-20T14:49:52.405+0000] {logging_mixin.py:190} INFO - [2024-11-20T14:49:52.405+0000] {dag.py:4180} INFO - Setting next_dagrun for example_short_circuit_operator to None, run_after=None
[2024-11-20T14:49:52.418+0000] {processor.py:208} INFO - Processing /home/airflow/.local/lib/python3.12/site-packages/airflow/example_dags/example_short_circuit_operator.py took 0.063 seconds
[2024-11-20T14:50:24.187+0000] {processor.py:186} INFO - Started process (PID=2140) to work on /home/airflow/.local/lib/python3.12/site-packages/airflow/example_dags/example_short_circuit_operator.py
[2024-11-20T14:50:24.188+0000] {processor.py:914} INFO - Processing file /home/airflow/.local/lib/python3.12/site-packages/airflow/example_dags/example_short_circuit_operator.py for tasks to queue
[2024-11-20T14:50:24.190+0000] {logging_mixin.py:190} INFO - [2024-11-20T14:50:24.190+0000] {dagbag.py:588} INFO - Filling up the DagBag from /home/airflow/.local/lib/python3.12/site-packages/airflow/example_dags/example_short_circuit_operator.py
[2024-11-20T14:50:24.196+0000] {processor.py:925} INFO - DAG(s) 'example_short_circuit_operator' retrieved from /home/airflow/.local/lib/python3.12/site-packages/airflow/example_dags/example_short_circuit_operator.py
[2024-11-20T14:50:24.212+0000] {logging_mixin.py:190} INFO - [2024-11-20T14:50:24.211+0000] {dag.py:3239} INFO - Sync 1 DAGs
[2024-11-20T14:50:24.221+0000] {logging_mixin.py:190} INFO - [2024-11-20T14:50:24.221+0000] {dag.py:4180} INFO - Setting next_dagrun for example_short_circuit_operator to None, run_after=None
[2024-11-20T14:50:24.235+0000] {processor.py:208} INFO - Processing /home/airflow/.local/lib/python3.12/site-packages/airflow/example_dags/example_short_circuit_operator.py took 0.052 seconds
[2024-11-20T14:50:55.298+0000] {processor.py:186} INFO - Started process (PID=2203) to work on /home/airflow/.local/lib/python3.12/site-packages/airflow/example_dags/example_short_circuit_operator.py
[2024-11-20T14:50:55.299+0000] {processor.py:914} INFO - Processing file /home/airflow/.local/lib/python3.12/site-packages/airflow/example_dags/example_short_circuit_operator.py for tasks to queue
[2024-11-20T14:50:55.301+0000] {logging_mixin.py:190} INFO - [2024-11-20T14:50:55.301+0000] {dagbag.py:588} INFO - Filling up the DagBag from /home/airflow/.local/lib/python3.12/site-packages/airflow/example_dags/example_short_circuit_operator.py
[2024-11-20T14:50:55.306+0000] {processor.py:925} INFO - DAG(s) 'example_short_circuit_operator' retrieved from /home/airflow/.local/lib/python3.12/site-packages/airflow/example_dags/example_short_circuit_operator.py
[2024-11-20T14:50:55.321+0000] {logging_mixin.py:190} INFO - [2024-11-20T14:50:55.321+0000] {dag.py:3239} INFO - Sync 1 DAGs
[2024-11-20T14:50:55.331+0000] {logging_mixin.py:190} INFO - [2024-11-20T14:50:55.331+0000] {dag.py:4180} INFO - Setting next_dagrun for example_short_circuit_operator to None, run_after=None
[2024-11-20T14:50:55.345+0000] {processor.py:208} INFO - Processing /home/airflow/.local/lib/python3.12/site-packages/airflow/example_dags/example_short_circuit_operator.py took 0.050 seconds
[2024-11-20T14:51:25.867+0000] {processor.py:186} INFO - Started process (PID=2266) to work on /home/airflow/.local/lib/python3.12/site-packages/airflow/example_dags/example_short_circuit_operator.py
[2024-11-20T14:51:25.868+0000] {processor.py:914} INFO - Processing file /home/airflow/.local/lib/python3.12/site-packages/airflow/example_dags/example_short_circuit_operator.py for tasks to queue
[2024-11-20T14:51:25.869+0000] {logging_mixin.py:190} INFO - [2024-11-20T14:51:25.869+0000] {dagbag.py:588} INFO - Filling up the DagBag from /home/airflow/.local/lib/python3.12/site-packages/airflow/example_dags/example_short_circuit_operator.py
[2024-11-20T14:51:25.875+0000] {processor.py:925} INFO - DAG(s) 'example_short_circuit_operator' retrieved from /home/airflow/.local/lib/python3.12/site-packages/airflow/example_dags/example_short_circuit_operator.py
[2024-11-20T14:51:25.890+0000] {logging_mixin.py:190} INFO - [2024-11-20T14:51:25.890+0000] {dag.py:3239} INFO - Sync 1 DAGs
[2024-11-20T14:51:25.900+0000] {logging_mixin.py:190} INFO - [2024-11-20T14:51:25.900+0000] {dag.py:4180} INFO - Setting next_dagrun for example_short_circuit_operator to None, run_after=None
[2024-11-20T14:51:25.914+0000] {processor.py:208} INFO - Processing /home/airflow/.local/lib/python3.12/site-packages/airflow/example_dags/example_short_circuit_operator.py took 0.051 seconds
[2024-11-20T14:51:56.555+0000] {processor.py:186} INFO - Started process (PID=2329) to work on /home/airflow/.local/lib/python3.12/site-packages/airflow/example_dags/example_short_circuit_operator.py
[2024-11-20T14:51:56.556+0000] {processor.py:914} INFO - Processing file /home/airflow/.local/lib/python3.12/site-packages/airflow/example_dags/example_short_circuit_operator.py for tasks to queue
[2024-11-20T14:51:56.558+0000] {logging_mixin.py:190} INFO - [2024-11-20T14:51:56.558+0000] {dagbag.py:588} INFO - Filling up the DagBag from /home/airflow/.local/lib/python3.12/site-packages/airflow/example_dags/example_short_circuit_operator.py
[2024-11-20T14:51:56.564+0000] {processor.py:925} INFO - DAG(s) 'example_short_circuit_operator' retrieved from /home/airflow/.local/lib/python3.12/site-packages/airflow/example_dags/example_short_circuit_operator.py
[2024-11-20T14:51:56.579+0000] {logging_mixin.py:190} INFO - [2024-11-20T14:51:56.579+0000] {dag.py:3239} INFO - Sync 1 DAGs
[2024-11-20T14:51:56.588+0000] {logging_mixin.py:190} INFO - [2024-11-20T14:51:56.588+0000] {dag.py:4180} INFO - Setting next_dagrun for example_short_circuit_operator to None, run_after=None
[2024-11-20T14:51:56.605+0000] {processor.py:208} INFO - Processing /home/airflow/.local/lib/python3.12/site-packages/airflow/example_dags/example_short_circuit_operator.py took 0.055 seconds
[2024-11-20T14:52:27.101+0000] {processor.py:186} INFO - Started process (PID=2392) to work on /home/airflow/.local/lib/python3.12/site-packages/airflow/example_dags/example_short_circuit_operator.py
[2024-11-20T14:52:27.102+0000] {processor.py:914} INFO - Processing file /home/airflow/.local/lib/python3.12/site-packages/airflow/example_dags/example_short_circuit_operator.py for tasks to queue
[2024-11-20T14:52:27.104+0000] {logging_mixin.py:190} INFO - [2024-11-20T14:52:27.104+0000] {dagbag.py:588} INFO - Filling up the DagBag from /home/airflow/.local/lib/python3.12/site-packages/airflow/example_dags/example_short_circuit_operator.py
[2024-11-20T14:52:27.109+0000] {processor.py:925} INFO - DAG(s) 'example_short_circuit_operator' retrieved from /home/airflow/.local/lib/python3.12/site-packages/airflow/example_dags/example_short_circuit_operator.py
[2024-11-20T14:52:27.122+0000] {logging_mixin.py:190} INFO - [2024-11-20T14:52:27.122+0000] {dag.py:3239} INFO - Sync 1 DAGs
[2024-11-20T14:52:27.132+0000] {logging_mixin.py:190} INFO - [2024-11-20T14:52:27.132+0000] {dag.py:4180} INFO - Setting next_dagrun for example_short_circuit_operator to None, run_after=None
[2024-11-20T14:52:27.147+0000] {processor.py:208} INFO - Processing /home/airflow/.local/lib/python3.12/site-packages/airflow/example_dags/example_short_circuit_operator.py took 0.050 seconds
[2024-11-20T14:52:57.574+0000] {processor.py:186} INFO - Started process (PID=2455) to work on /home/airflow/.local/lib/python3.12/site-packages/airflow/example_dags/example_short_circuit_operator.py
[2024-11-20T14:52:57.576+0000] {processor.py:914} INFO - Processing file /home/airflow/.local/lib/python3.12/site-packages/airflow/example_dags/example_short_circuit_operator.py for tasks to queue
[2024-11-20T14:52:57.577+0000] {logging_mixin.py:190} INFO - [2024-11-20T14:52:57.577+0000] {dagbag.py:588} INFO - Filling up the DagBag from /home/airflow/.local/lib/python3.12/site-packages/airflow/example_dags/example_short_circuit_operator.py
[2024-11-20T14:52:57.583+0000] {processor.py:925} INFO - DAG(s) 'example_short_circuit_operator' retrieved from /home/airflow/.local/lib/python3.12/site-packages/airflow/example_dags/example_short_circuit_operator.py
[2024-11-20T14:52:57.599+0000] {logging_mixin.py:190} INFO - [2024-11-20T14:52:57.598+0000] {dag.py:3239} INFO - Sync 1 DAGs
[2024-11-20T14:52:57.609+0000] {logging_mixin.py:190} INFO - [2024-11-20T14:52:57.608+0000] {dag.py:4180} INFO - Setting next_dagrun for example_short_circuit_operator to None, run_after=None
[2024-11-20T14:52:57.624+0000] {processor.py:208} INFO - Processing /home/airflow/.local/lib/python3.12/site-packages/airflow/example_dags/example_short_circuit_operator.py took 0.054 seconds
[2024-11-20T14:53:28.075+0000] {processor.py:186} INFO - Started process (PID=2518) to work on /home/airflow/.local/lib/python3.12/site-packages/airflow/example_dags/example_short_circuit_operator.py
[2024-11-20T14:53:28.076+0000] {processor.py:914} INFO - Processing file /home/airflow/.local/lib/python3.12/site-packages/airflow/example_dags/example_short_circuit_operator.py for tasks to queue
[2024-11-20T14:53:28.078+0000] {logging_mixin.py:190} INFO - [2024-11-20T14:53:28.078+0000] {dagbag.py:588} INFO - Filling up the DagBag from /home/airflow/.local/lib/python3.12/site-packages/airflow/example_dags/example_short_circuit_operator.py
[2024-11-20T14:53:28.084+0000] {processor.py:925} INFO - DAG(s) 'example_short_circuit_operator' retrieved from /home/airflow/.local/lib/python3.12/site-packages/airflow/example_dags/example_short_circuit_operator.py
[2024-11-20T14:53:28.100+0000] {logging_mixin.py:190} INFO - [2024-11-20T14:53:28.099+0000] {dag.py:3239} INFO - Sync 1 DAGs
[2024-11-20T14:53:28.109+0000] {logging_mixin.py:190} INFO - [2024-11-20T14:53:28.109+0000] {dag.py:4180} INFO - Setting next_dagrun for example_short_circuit_operator to None, run_after=None
[2024-11-20T14:53:28.123+0000] {processor.py:208} INFO - Processing /home/airflow/.local/lib/python3.12/site-packages/airflow/example_dags/example_short_circuit_operator.py took 0.052 seconds
[2024-11-20T14:53:58.838+0000] {processor.py:186} INFO - Started process (PID=2581) to work on /home/airflow/.local/lib/python3.12/site-packages/airflow/example_dags/example_short_circuit_operator.py
[2024-11-20T14:53:58.839+0000] {processor.py:914} INFO - Processing file /home/airflow/.local/lib/python3.12/site-packages/airflow/example_dags/example_short_circuit_operator.py for tasks to queue
[2024-11-20T14:53:58.841+0000] {logging_mixin.py:190} INFO - [2024-11-20T14:53:58.841+0000] {dagbag.py:588} INFO - Filling up the DagBag from /home/airflow/.local/lib/python3.12/site-packages/airflow/example_dags/example_short_circuit_operator.py
[2024-11-20T14:53:58.847+0000] {processor.py:925} INFO - DAG(s) 'example_short_circuit_operator' retrieved from /home/airflow/.local/lib/python3.12/site-packages/airflow/example_dags/example_short_circuit_operator.py
[2024-11-20T14:53:58.863+0000] {logging_mixin.py:190} INFO - [2024-11-20T14:53:58.863+0000] {dag.py:3239} INFO - Sync 1 DAGs
[2024-11-20T14:53:58.872+0000] {logging_mixin.py:190} INFO - [2024-11-20T14:53:58.872+0000] {dag.py:4180} INFO - Setting next_dagrun for example_short_circuit_operator to None, run_after=None
[2024-11-20T14:53:58.887+0000] {processor.py:208} INFO - Processing /home/airflow/.local/lib/python3.12/site-packages/airflow/example_dags/example_short_circuit_operator.py took 0.053 seconds
[2024-11-20T14:54:28.959+0000] {processor.py:186} INFO - Started process (PID=2643) to work on /home/airflow/.local/lib/python3.12/site-packages/airflow/example_dags/example_short_circuit_operator.py
[2024-11-20T14:54:28.962+0000] {processor.py:914} INFO - Processing file /home/airflow/.local/lib/python3.12/site-packages/airflow/example_dags/example_short_circuit_operator.py for tasks to queue
[2024-11-20T14:54:28.964+0000] {logging_mixin.py:190} INFO - [2024-11-20T14:54:28.964+0000] {dagbag.py:588} INFO - Filling up the DagBag from /home/airflow/.local/lib/python3.12/site-packages/airflow/example_dags/example_short_circuit_operator.py
[2024-11-20T14:54:28.975+0000] {processor.py:925} INFO - DAG(s) 'example_short_circuit_operator' retrieved from /home/airflow/.local/lib/python3.12/site-packages/airflow/example_dags/example_short_circuit_operator.py
[2024-11-20T14:54:28.989+0000] {logging_mixin.py:190} INFO - [2024-11-20T14:54:28.989+0000] {dag.py:3239} INFO - Sync 1 DAGs
[2024-11-20T14:54:28.999+0000] {logging_mixin.py:190} INFO - [2024-11-20T14:54:28.999+0000] {dag.py:4180} INFO - Setting next_dagrun for example_short_circuit_operator to None, run_after=None
[2024-11-20T14:54:29.013+0000] {processor.py:208} INFO - Processing /home/airflow/.local/lib/python3.12/site-packages/airflow/example_dags/example_short_circuit_operator.py took 0.057 seconds
[2024-11-20T14:54:59.450+0000] {processor.py:186} INFO - Started process (PID=2706) to work on /home/airflow/.local/lib/python3.12/site-packages/airflow/example_dags/example_short_circuit_operator.py
[2024-11-20T14:54:59.451+0000] {processor.py:914} INFO - Processing file /home/airflow/.local/lib/python3.12/site-packages/airflow/example_dags/example_short_circuit_operator.py for tasks to queue
[2024-11-20T14:54:59.453+0000] {logging_mixin.py:190} INFO - [2024-11-20T14:54:59.453+0000] {dagbag.py:588} INFO - Filling up the DagBag from /home/airflow/.local/lib/python3.12/site-packages/airflow/example_dags/example_short_circuit_operator.py
[2024-11-20T14:54:59.459+0000] {processor.py:925} INFO - DAG(s) 'example_short_circuit_operator' retrieved from /home/airflow/.local/lib/python3.12/site-packages/airflow/example_dags/example_short_circuit_operator.py
[2024-11-20T14:54:59.474+0000] {logging_mixin.py:190} INFO - [2024-11-20T14:54:59.474+0000] {dag.py:3239} INFO - Sync 1 DAGs
[2024-11-20T14:54:59.491+0000] {logging_mixin.py:190} INFO - [2024-11-20T14:54:59.491+0000] {dag.py:4180} INFO - Setting next_dagrun for example_short_circuit_operator to None, run_after=None
[2024-11-20T14:54:59.512+0000] {processor.py:208} INFO - Processing /home/airflow/.local/lib/python3.12/site-packages/airflow/example_dags/example_short_circuit_operator.py took 0.066 seconds
[2024-11-20T14:55:30.459+0000] {processor.py:186} INFO - Started process (PID=2769) to work on /home/airflow/.local/lib/python3.12/site-packages/airflow/example_dags/example_short_circuit_operator.py
[2024-11-20T14:55:30.460+0000] {processor.py:914} INFO - Processing file /home/airflow/.local/lib/python3.12/site-packages/airflow/example_dags/example_short_circuit_operator.py for tasks to queue
[2024-11-20T14:55:30.462+0000] {logging_mixin.py:190} INFO - [2024-11-20T14:55:30.462+0000] {dagbag.py:588} INFO - Filling up the DagBag from /home/airflow/.local/lib/python3.12/site-packages/airflow/example_dags/example_short_circuit_operator.py
[2024-11-20T14:55:30.470+0000] {processor.py:925} INFO - DAG(s) 'example_short_circuit_operator' retrieved from /home/airflow/.local/lib/python3.12/site-packages/airflow/example_dags/example_short_circuit_operator.py
[2024-11-20T14:55:30.486+0000] {logging_mixin.py:190} INFO - [2024-11-20T14:55:30.486+0000] {dag.py:3239} INFO - Sync 1 DAGs
[2024-11-20T14:55:30.497+0000] {logging_mixin.py:190} INFO - [2024-11-20T14:55:30.497+0000] {dag.py:4180} INFO - Setting next_dagrun for example_short_circuit_operator to None, run_after=None
[2024-11-20T14:55:30.514+0000] {processor.py:208} INFO - Processing /home/airflow/.local/lib/python3.12/site-packages/airflow/example_dags/example_short_circuit_operator.py took 0.062 seconds
[2024-11-20T14:56:00.924+0000] {processor.py:186} INFO - Started process (PID=2832) to work on /home/airflow/.local/lib/python3.12/site-packages/airflow/example_dags/example_short_circuit_operator.py
[2024-11-20T14:56:00.925+0000] {processor.py:914} INFO - Processing file /home/airflow/.local/lib/python3.12/site-packages/airflow/example_dags/example_short_circuit_operator.py for tasks to queue
[2024-11-20T14:56:00.927+0000] {logging_mixin.py:190} INFO - [2024-11-20T14:56:00.927+0000] {dagbag.py:588} INFO - Filling up the DagBag from /home/airflow/.local/lib/python3.12/site-packages/airflow/example_dags/example_short_circuit_operator.py
[2024-11-20T14:56:00.933+0000] {processor.py:925} INFO - DAG(s) 'example_short_circuit_operator' retrieved from /home/airflow/.local/lib/python3.12/site-packages/airflow/example_dags/example_short_circuit_operator.py
[2024-11-20T14:56:00.950+0000] {logging_mixin.py:190} INFO - [2024-11-20T14:56:00.950+0000] {dag.py:3239} INFO - Sync 1 DAGs
[2024-11-20T14:56:00.960+0000] {logging_mixin.py:190} INFO - [2024-11-20T14:56:00.959+0000] {dag.py:4180} INFO - Setting next_dagrun for example_short_circuit_operator to None, run_after=None
[2024-11-20T14:56:00.974+0000] {processor.py:208} INFO - Processing /home/airflow/.local/lib/python3.12/site-packages/airflow/example_dags/example_short_circuit_operator.py took 0.054 seconds
[2024-11-20T14:56:32.021+0000] {processor.py:186} INFO - Started process (PID=2895) to work on /home/airflow/.local/lib/python3.12/site-packages/airflow/example_dags/example_short_circuit_operator.py
[2024-11-20T14:56:32.022+0000] {processor.py:914} INFO - Processing file /home/airflow/.local/lib/python3.12/site-packages/airflow/example_dags/example_short_circuit_operator.py for tasks to queue
[2024-11-20T14:56:32.024+0000] {logging_mixin.py:190} INFO - [2024-11-20T14:56:32.024+0000] {dagbag.py:588} INFO - Filling up the DagBag from /home/airflow/.local/lib/python3.12/site-packages/airflow/example_dags/example_short_circuit_operator.py
[2024-11-20T14:56:32.030+0000] {processor.py:925} INFO - DAG(s) 'example_short_circuit_operator' retrieved from /home/airflow/.local/lib/python3.12/site-packages/airflow/example_dags/example_short_circuit_operator.py
[2024-11-20T14:56:32.047+0000] {logging_mixin.py:190} INFO - [2024-11-20T14:56:32.047+0000] {dag.py:3239} INFO - Sync 1 DAGs
[2024-11-20T14:56:32.056+0000] {logging_mixin.py:190} INFO - [2024-11-20T14:56:32.056+0000] {dag.py:4180} INFO - Setting next_dagrun for example_short_circuit_operator to None, run_after=None
[2024-11-20T14:56:32.073+0000] {processor.py:208} INFO - Processing /home/airflow/.local/lib/python3.12/site-packages/airflow/example_dags/example_short_circuit_operator.py took 0.056 seconds
[2024-11-20T14:57:03.252+0000] {processor.py:186} INFO - Started process (PID=2958) to work on /home/airflow/.local/lib/python3.12/site-packages/airflow/example_dags/example_short_circuit_operator.py
[2024-11-20T14:57:03.253+0000] {processor.py:914} INFO - Processing file /home/airflow/.local/lib/python3.12/site-packages/airflow/example_dags/example_short_circuit_operator.py for tasks to queue
[2024-11-20T14:57:03.255+0000] {logging_mixin.py:190} INFO - [2024-11-20T14:57:03.255+0000] {dagbag.py:588} INFO - Filling up the DagBag from /home/airflow/.local/lib/python3.12/site-packages/airflow/example_dags/example_short_circuit_operator.py
[2024-11-20T14:57:03.261+0000] {processor.py:925} INFO - DAG(s) 'example_short_circuit_operator' retrieved from /home/airflow/.local/lib/python3.12/site-packages/airflow/example_dags/example_short_circuit_operator.py
[2024-11-20T14:57:03.276+0000] {logging_mixin.py:190} INFO - [2024-11-20T14:57:03.276+0000] {dag.py:3239} INFO - Sync 1 DAGs
[2024-11-20T14:57:03.286+0000] {logging_mixin.py:190} INFO - [2024-11-20T14:57:03.285+0000] {dag.py:4180} INFO - Setting next_dagrun for example_short_circuit_operator to None, run_after=None
[2024-11-20T14:57:03.304+0000] {processor.py:208} INFO - Processing /home/airflow/.local/lib/python3.12/site-packages/airflow/example_dags/example_short_circuit_operator.py took 0.056 seconds
[2024-11-20T14:57:34.031+0000] {processor.py:186} INFO - Started process (PID=3021) to work on /home/airflow/.local/lib/python3.12/site-packages/airflow/example_dags/example_short_circuit_operator.py
[2024-11-20T14:57:34.032+0000] {processor.py:914} INFO - Processing file /home/airflow/.local/lib/python3.12/site-packages/airflow/example_dags/example_short_circuit_operator.py for tasks to queue
[2024-11-20T14:57:34.034+0000] {logging_mixin.py:190} INFO - [2024-11-20T14:57:34.034+0000] {dagbag.py:588} INFO - Filling up the DagBag from /home/airflow/.local/lib/python3.12/site-packages/airflow/example_dags/example_short_circuit_operator.py
[2024-11-20T14:57:34.040+0000] {processor.py:925} INFO - DAG(s) 'example_short_circuit_operator' retrieved from /home/airflow/.local/lib/python3.12/site-packages/airflow/example_dags/example_short_circuit_operator.py
[2024-11-20T14:57:34.055+0000] {logging_mixin.py:190} INFO - [2024-11-20T14:57:34.055+0000] {dag.py:3239} INFO - Sync 1 DAGs
[2024-11-20T14:57:34.064+0000] {logging_mixin.py:190} INFO - [2024-11-20T14:57:34.064+0000] {dag.py:4180} INFO - Setting next_dagrun for example_short_circuit_operator to None, run_after=None
[2024-11-20T14:57:34.187+0000] {processor.py:208} INFO - Processing /home/airflow/.local/lib/python3.12/site-packages/airflow/example_dags/example_short_circuit_operator.py took 0.160 seconds
[2024-11-20T14:58:04.839+0000] {processor.py:186} INFO - Started process (PID=3084) to work on /home/airflow/.local/lib/python3.12/site-packages/airflow/example_dags/example_short_circuit_operator.py
[2024-11-20T14:58:04.842+0000] {processor.py:914} INFO - Processing file /home/airflow/.local/lib/python3.12/site-packages/airflow/example_dags/example_short_circuit_operator.py for tasks to queue
[2024-11-20T14:58:04.848+0000] {logging_mixin.py:190} INFO - [2024-11-20T14:58:04.848+0000] {dagbag.py:588} INFO - Filling up the DagBag from /home/airflow/.local/lib/python3.12/site-packages/airflow/example_dags/example_short_circuit_operator.py
[2024-11-20T14:58:04.854+0000] {processor.py:925} INFO - DAG(s) 'example_short_circuit_operator' retrieved from /home/airflow/.local/lib/python3.12/site-packages/airflow/example_dags/example_short_circuit_operator.py
[2024-11-20T14:58:04.874+0000] {logging_mixin.py:190} INFO - [2024-11-20T14:58:04.874+0000] {dag.py:3239} INFO - Sync 1 DAGs
[2024-11-20T14:58:04.890+0000] {logging_mixin.py:190} INFO - [2024-11-20T14:58:04.890+0000] {dag.py:4180} INFO - Setting next_dagrun for example_short_circuit_operator to None, run_after=None
[2024-11-20T14:58:04.911+0000] {processor.py:208} INFO - Processing /home/airflow/.local/lib/python3.12/site-packages/airflow/example_dags/example_short_circuit_operator.py took 0.076 seconds
[2024-11-20T14:58:35.352+0000] {processor.py:186} INFO - Started process (PID=3146) to work on /home/airflow/.local/lib/python3.12/site-packages/airflow/example_dags/example_short_circuit_operator.py
[2024-11-20T14:58:35.352+0000] {processor.py:914} INFO - Processing file /home/airflow/.local/lib/python3.12/site-packages/airflow/example_dags/example_short_circuit_operator.py for tasks to queue
[2024-11-20T14:58:35.354+0000] {logging_mixin.py:190} INFO - [2024-11-20T14:58:35.354+0000] {dagbag.py:588} INFO - Filling up the DagBag from /home/airflow/.local/lib/python3.12/site-packages/airflow/example_dags/example_short_circuit_operator.py
[2024-11-20T14:58:35.361+0000] {processor.py:925} INFO - DAG(s) 'example_short_circuit_operator' retrieved from /home/airflow/.local/lib/python3.12/site-packages/airflow/example_dags/example_short_circuit_operator.py
[2024-11-20T14:58:35.375+0000] {logging_mixin.py:190} INFO - [2024-11-20T14:58:35.375+0000] {dag.py:3239} INFO - Sync 1 DAGs
[2024-11-20T14:58:35.384+0000] {logging_mixin.py:190} INFO - [2024-11-20T14:58:35.384+0000] {dag.py:4180} INFO - Setting next_dagrun for example_short_circuit_operator to None, run_after=None
[2024-11-20T14:58:35.398+0000] {processor.py:208} INFO - Processing /home/airflow/.local/lib/python3.12/site-packages/airflow/example_dags/example_short_circuit_operator.py took 0.050 seconds
[2024-11-20T14:59:06.310+0000] {processor.py:186} INFO - Started process (PID=3209) to work on /home/airflow/.local/lib/python3.12/site-packages/airflow/example_dags/example_short_circuit_operator.py
[2024-11-20T14:59:06.311+0000] {processor.py:914} INFO - Processing file /home/airflow/.local/lib/python3.12/site-packages/airflow/example_dags/example_short_circuit_operator.py for tasks to queue
[2024-11-20T14:59:06.313+0000] {logging_mixin.py:190} INFO - [2024-11-20T14:59:06.313+0000] {dagbag.py:588} INFO - Filling up the DagBag from /home/airflow/.local/lib/python3.12/site-packages/airflow/example_dags/example_short_circuit_operator.py
[2024-11-20T14:59:06.319+0000] {processor.py:925} INFO - DAG(s) 'example_short_circuit_operator' retrieved from /home/airflow/.local/lib/python3.12/site-packages/airflow/example_dags/example_short_circuit_operator.py
[2024-11-20T14:59:06.336+0000] {logging_mixin.py:190} INFO - [2024-11-20T14:59:06.336+0000] {dag.py:3239} INFO - Sync 1 DAGs
[2024-11-20T14:59:06.345+0000] {logging_mixin.py:190} INFO - [2024-11-20T14:59:06.345+0000] {dag.py:4180} INFO - Setting next_dagrun for example_short_circuit_operator to None, run_after=None
[2024-11-20T14:59:06.359+0000] {processor.py:208} INFO - Processing /home/airflow/.local/lib/python3.12/site-packages/airflow/example_dags/example_short_circuit_operator.py took 0.055 seconds
[2024-11-20T14:59:38.194+0000] {processor.py:186} INFO - Started process (PID=3279) to work on /home/airflow/.local/lib/python3.12/site-packages/airflow/example_dags/example_short_circuit_operator.py
[2024-11-20T14:59:38.195+0000] {processor.py:914} INFO - Processing file /home/airflow/.local/lib/python3.12/site-packages/airflow/example_dags/example_short_circuit_operator.py for tasks to queue
[2024-11-20T14:59:38.196+0000] {logging_mixin.py:190} INFO - [2024-11-20T14:59:38.196+0000] {dagbag.py:588} INFO - Filling up the DagBag from /home/airflow/.local/lib/python3.12/site-packages/airflow/example_dags/example_short_circuit_operator.py
[2024-11-20T14:59:38.202+0000] {processor.py:925} INFO - DAG(s) 'example_short_circuit_operator' retrieved from /home/airflow/.local/lib/python3.12/site-packages/airflow/example_dags/example_short_circuit_operator.py
[2024-11-20T14:59:38.218+0000] {logging_mixin.py:190} INFO - [2024-11-20T14:59:38.218+0000] {dag.py:3239} INFO - Sync 1 DAGs
[2024-11-20T14:59:38.336+0000] {logging_mixin.py:190} INFO - [2024-11-20T14:59:38.336+0000] {dag.py:4180} INFO - Setting next_dagrun for example_short_circuit_operator to None, run_after=None
[2024-11-20T14:59:38.352+0000] {processor.py:208} INFO - Processing /home/airflow/.local/lib/python3.12/site-packages/airflow/example_dags/example_short_circuit_operator.py took 0.162 seconds
[2024-11-20T15:00:08.964+0000] {processor.py:186} INFO - Started process (PID=3342) to work on /home/airflow/.local/lib/python3.12/site-packages/airflow/example_dags/example_short_circuit_operator.py
[2024-11-20T15:00:08.965+0000] {processor.py:914} INFO - Processing file /home/airflow/.local/lib/python3.12/site-packages/airflow/example_dags/example_short_circuit_operator.py for tasks to queue
[2024-11-20T15:00:08.967+0000] {logging_mixin.py:190} INFO - [2024-11-20T15:00:08.967+0000] {dagbag.py:588} INFO - Filling up the DagBag from /home/airflow/.local/lib/python3.12/site-packages/airflow/example_dags/example_short_circuit_operator.py
[2024-11-20T15:00:08.973+0000] {processor.py:925} INFO - DAG(s) 'example_short_circuit_operator' retrieved from /home/airflow/.local/lib/python3.12/site-packages/airflow/example_dags/example_short_circuit_operator.py
[2024-11-20T15:00:08.988+0000] {logging_mixin.py:190} INFO - [2024-11-20T15:00:08.988+0000] {dag.py:3239} INFO - Sync 1 DAGs
[2024-11-20T15:00:08.997+0000] {logging_mixin.py:190} INFO - [2024-11-20T15:00:08.997+0000] {dag.py:4180} INFO - Setting next_dagrun for example_short_circuit_operator to None, run_after=None
[2024-11-20T15:00:09.122+0000] {processor.py:208} INFO - Processing /home/airflow/.local/lib/python3.12/site-packages/airflow/example_dags/example_short_circuit_operator.py took 0.161 seconds
[2024-11-20T15:00:39.757+0000] {processor.py:186} INFO - Started process (PID=3405) to work on /home/airflow/.local/lib/python3.12/site-packages/airflow/example_dags/example_short_circuit_operator.py
[2024-11-20T15:00:39.758+0000] {processor.py:914} INFO - Processing file /home/airflow/.local/lib/python3.12/site-packages/airflow/example_dags/example_short_circuit_operator.py for tasks to queue
[2024-11-20T15:00:39.760+0000] {logging_mixin.py:190} INFO - [2024-11-20T15:00:39.760+0000] {dagbag.py:588} INFO - Filling up the DagBag from /home/airflow/.local/lib/python3.12/site-packages/airflow/example_dags/example_short_circuit_operator.py
[2024-11-20T15:00:39.766+0000] {processor.py:925} INFO - DAG(s) 'example_short_circuit_operator' retrieved from /home/airflow/.local/lib/python3.12/site-packages/airflow/example_dags/example_short_circuit_operator.py
[2024-11-20T15:00:39.784+0000] {logging_mixin.py:190} INFO - [2024-11-20T15:00:39.783+0000] {dag.py:3239} INFO - Sync 1 DAGs
[2024-11-20T15:00:39.802+0000] {logging_mixin.py:190} INFO - [2024-11-20T15:00:39.802+0000] {dag.py:4180} INFO - Setting next_dagrun for example_short_circuit_operator to None, run_after=None
[2024-11-20T15:00:39.821+0000] {processor.py:208} INFO - Processing /home/airflow/.local/lib/python3.12/site-packages/airflow/example_dags/example_short_circuit_operator.py took 0.068 seconds
[2024-11-20T15:01:11.010+0000] {processor.py:186} INFO - Started process (PID=3469) to work on /home/airflow/.local/lib/python3.12/site-packages/airflow/example_dags/example_short_circuit_operator.py
[2024-11-20T15:01:11.011+0000] {processor.py:914} INFO - Processing file /home/airflow/.local/lib/python3.12/site-packages/airflow/example_dags/example_short_circuit_operator.py for tasks to queue
[2024-11-20T15:01:11.013+0000] {logging_mixin.py:190} INFO - [2024-11-20T15:01:11.013+0000] {dagbag.py:588} INFO - Filling up the DagBag from /home/airflow/.local/lib/python3.12/site-packages/airflow/example_dags/example_short_circuit_operator.py
[2024-11-20T15:01:11.019+0000] {processor.py:925} INFO - DAG(s) 'example_short_circuit_operator' retrieved from /home/airflow/.local/lib/python3.12/site-packages/airflow/example_dags/example_short_circuit_operator.py
[2024-11-20T15:01:11.034+0000] {logging_mixin.py:190} INFO - [2024-11-20T15:01:11.034+0000] {dag.py:3239} INFO - Sync 1 DAGs
[2024-11-20T15:01:11.047+0000] {logging_mixin.py:190} INFO - [2024-11-20T15:01:11.047+0000] {dag.py:4180} INFO - Setting next_dagrun for example_short_circuit_operator to None, run_after=None
[2024-11-20T15:01:11.061+0000] {processor.py:208} INFO - Processing /home/airflow/.local/lib/python3.12/site-packages/airflow/example_dags/example_short_circuit_operator.py took 0.056 seconds
[2024-11-20T15:01:41.897+0000] {processor.py:186} INFO - Started process (PID=3532) to work on /home/airflow/.local/lib/python3.12/site-packages/airflow/example_dags/example_short_circuit_operator.py
[2024-11-20T15:01:41.898+0000] {processor.py:914} INFO - Processing file /home/airflow/.local/lib/python3.12/site-packages/airflow/example_dags/example_short_circuit_operator.py for tasks to queue
[2024-11-20T15:01:41.899+0000] {logging_mixin.py:190} INFO - [2024-11-20T15:01:41.899+0000] {dagbag.py:588} INFO - Filling up the DagBag from /home/airflow/.local/lib/python3.12/site-packages/airflow/example_dags/example_short_circuit_operator.py
[2024-11-20T15:01:41.905+0000] {processor.py:925} INFO - DAG(s) 'example_short_circuit_operator' retrieved from /home/airflow/.local/lib/python3.12/site-packages/airflow/example_dags/example_short_circuit_operator.py
[2024-11-20T15:01:41.919+0000] {logging_mixin.py:190} INFO - [2024-11-20T15:01:41.919+0000] {dag.py:3239} INFO - Sync 1 DAGs
[2024-11-20T15:01:41.929+0000] {logging_mixin.py:190} INFO - [2024-11-20T15:01:41.929+0000] {dag.py:4180} INFO - Setting next_dagrun for example_short_circuit_operator to None, run_after=None
[2024-11-20T15:01:41.945+0000] {processor.py:208} INFO - Processing /home/airflow/.local/lib/python3.12/site-packages/airflow/example_dags/example_short_circuit_operator.py took 0.053 seconds
[2024-11-20T15:02:13.140+0000] {processor.py:186} INFO - Started process (PID=3595) to work on /home/airflow/.local/lib/python3.12/site-packages/airflow/example_dags/example_short_circuit_operator.py
[2024-11-20T15:02:13.141+0000] {processor.py:914} INFO - Processing file /home/airflow/.local/lib/python3.12/site-packages/airflow/example_dags/example_short_circuit_operator.py for tasks to queue
[2024-11-20T15:02:13.143+0000] {logging_mixin.py:190} INFO - [2024-11-20T15:02:13.142+0000] {dagbag.py:588} INFO - Filling up the DagBag from /home/airflow/.local/lib/python3.12/site-packages/airflow/example_dags/example_short_circuit_operator.py
[2024-11-20T15:02:13.149+0000] {processor.py:925} INFO - DAG(s) 'example_short_circuit_operator' retrieved from /home/airflow/.local/lib/python3.12/site-packages/airflow/example_dags/example_short_circuit_operator.py
[2024-11-20T15:02:13.164+0000] {logging_mixin.py:190} INFO - [2024-11-20T15:02:13.164+0000] {dag.py:3239} INFO - Sync 1 DAGs
[2024-11-20T15:02:13.174+0000] {logging_mixin.py:190} INFO - [2024-11-20T15:02:13.174+0000] {dag.py:4180} INFO - Setting next_dagrun for example_short_circuit_operator to None, run_after=None
[2024-11-20T15:02:13.189+0000] {processor.py:208} INFO - Processing /home/airflow/.local/lib/python3.12/site-packages/airflow/example_dags/example_short_circuit_operator.py took 0.053 seconds
[2024-11-20T15:02:43.879+0000] {processor.py:186} INFO - Started process (PID=3658) to work on /home/airflow/.local/lib/python3.12/site-packages/airflow/example_dags/example_short_circuit_operator.py
[2024-11-20T15:02:43.880+0000] {processor.py:914} INFO - Processing file /home/airflow/.local/lib/python3.12/site-packages/airflow/example_dags/example_short_circuit_operator.py for tasks to queue
[2024-11-20T15:02:43.882+0000] {logging_mixin.py:190} INFO - [2024-11-20T15:02:43.881+0000] {dagbag.py:588} INFO - Filling up the DagBag from /home/airflow/.local/lib/python3.12/site-packages/airflow/example_dags/example_short_circuit_operator.py
[2024-11-20T15:02:43.888+0000] {processor.py:925} INFO - DAG(s) 'example_short_circuit_operator' retrieved from /home/airflow/.local/lib/python3.12/site-packages/airflow/example_dags/example_short_circuit_operator.py
[2024-11-20T15:02:43.903+0000] {logging_mixin.py:190} INFO - [2024-11-20T15:02:43.903+0000] {dag.py:3239} INFO - Sync 1 DAGs
[2024-11-20T15:02:43.917+0000] {logging_mixin.py:190} INFO - [2024-11-20T15:02:43.917+0000] {dag.py:4180} INFO - Setting next_dagrun for example_short_circuit_operator to None, run_after=None
[2024-11-20T15:02:43.932+0000] {processor.py:208} INFO - Processing /home/airflow/.local/lib/python3.12/site-packages/airflow/example_dags/example_short_circuit_operator.py took 0.057 seconds
