[2024-11-20T14:27:52.658+0000] {processor.py:186} INFO - Started process (PID=122) to work on /home/airflow/.local/lib/python3.12/site-packages/airflow/example_dags/example_nested_branch_dag.py
[2024-11-20T14:27:52.659+0000] {processor.py:914} INFO - Processing file /home/airflow/.local/lib/python3.12/site-packages/airflow/example_dags/example_nested_branch_dag.py for tasks to queue
[2024-11-20T14:27:52.661+0000] {logging_mixin.py:190} INFO - [2024-11-20T14:27:52.661+0000] {dagbag.py:588} INFO - Filling up the DagBag from /home/airflow/.local/lib/python3.12/site-packages/airflow/example_dags/example_nested_branch_dag.py
[2024-11-20T14:27:52.670+0000] {processor.py:925} INFO - DAG(s) 'example_nested_branch_dag' retrieved from /home/airflow/.local/lib/python3.12/site-packages/airflow/example_dags/example_nested_branch_dag.py
[2024-11-20T14:27:52.754+0000] {logging_mixin.py:190} INFO - [2024-11-20T14:27:52.754+0000] {override.py:1911} INFO - Created Permission View: can read on DAG:example_nested_branch_dag
[2024-11-20T14:27:52.764+0000] {logging_mixin.py:190} INFO - [2024-11-20T14:27:52.764+0000] {override.py:1911} INFO - Created Permission View: can edit on DAG:example_nested_branch_dag
[2024-11-20T14:27:52.771+0000] {logging_mixin.py:190} INFO - [2024-11-20T14:27:52.771+0000] {override.py:1911} INFO - Created Permission View: can delete on DAG:example_nested_branch_dag
[2024-11-20T14:27:52.779+0000] {logging_mixin.py:190} INFO - [2024-11-20T14:27:52.779+0000] {override.py:1911} INFO - Created Permission View: can read on DAG Run:example_nested_branch_dag
[2024-11-20T14:27:52.786+0000] {logging_mixin.py:190} INFO - [2024-11-20T14:27:52.786+0000] {override.py:1911} INFO - Created Permission View: menu access on DAG Run:example_nested_branch_dag
[2024-11-20T14:27:52.793+0000] {logging_mixin.py:190} INFO - [2024-11-20T14:27:52.793+0000] {override.py:1911} INFO - Created Permission View: can create on DAG Run:example_nested_branch_dag
[2024-11-20T14:27:52.799+0000] {logging_mixin.py:190} INFO - [2024-11-20T14:27:52.799+0000] {override.py:1911} INFO - Created Permission View: can delete on DAG Run:example_nested_branch_dag
[2024-11-20T14:27:52.800+0000] {logging_mixin.py:190} INFO - [2024-11-20T14:27:52.800+0000] {dag.py:3239} INFO - Sync 1 DAGs
[2024-11-20T14:27:52.810+0000] {logging_mixin.py:190} INFO - [2024-11-20T14:27:52.810+0000] {dag.py:3262} INFO - Creating ORM DAG for example_nested_branch_dag
[2024-11-20T14:27:52.817+0000] {logging_mixin.py:190} INFO - [2024-11-20T14:27:52.817+0000] {dag.py:4180} INFO - Setting next_dagrun for example_nested_branch_dag to 2024-11-19 00:00:00+00:00, run_after=2024-11-20 00:00:00+00:00
[2024-11-20T14:27:52.830+0000] {processor.py:208} INFO - Processing /home/airflow/.local/lib/python3.12/site-packages/airflow/example_dags/example_nested_branch_dag.py took 0.176 seconds
[2024-11-20T14:28:23.571+0000] {processor.py:186} INFO - Started process (PID=185) to work on /home/airflow/.local/lib/python3.12/site-packages/airflow/example_dags/example_nested_branch_dag.py
[2024-11-20T14:28:23.571+0000] {processor.py:914} INFO - Processing file /home/airflow/.local/lib/python3.12/site-packages/airflow/example_dags/example_nested_branch_dag.py for tasks to queue
[2024-11-20T14:28:23.573+0000] {logging_mixin.py:190} INFO - [2024-11-20T14:28:23.573+0000] {dagbag.py:588} INFO - Filling up the DagBag from /home/airflow/.local/lib/python3.12/site-packages/airflow/example_dags/example_nested_branch_dag.py
[2024-11-20T14:28:23.581+0000] {processor.py:925} INFO - DAG(s) 'example_nested_branch_dag' retrieved from /home/airflow/.local/lib/python3.12/site-packages/airflow/example_dags/example_nested_branch_dag.py
[2024-11-20T14:28:23.597+0000] {logging_mixin.py:190} INFO - [2024-11-20T14:28:23.597+0000] {dag.py:3239} INFO - Sync 1 DAGs
[2024-11-20T14:28:23.615+0000] {logging_mixin.py:190} INFO - [2024-11-20T14:28:23.615+0000] {dag.py:4180} INFO - Setting next_dagrun for example_nested_branch_dag to 2024-11-19 00:00:00+00:00, run_after=2024-11-20 00:00:00+00:00
[2024-11-20T14:28:23.631+0000] {processor.py:208} INFO - Processing /home/airflow/.local/lib/python3.12/site-packages/airflow/example_dags/example_nested_branch_dag.py took 0.065 seconds
[2024-11-20T14:28:53.734+0000] {processor.py:186} INFO - Started process (PID=248) to work on /home/airflow/.local/lib/python3.12/site-packages/airflow/example_dags/example_nested_branch_dag.py
[2024-11-20T14:28:53.735+0000] {processor.py:914} INFO - Processing file /home/airflow/.local/lib/python3.12/site-packages/airflow/example_dags/example_nested_branch_dag.py for tasks to queue
[2024-11-20T14:28:53.737+0000] {logging_mixin.py:190} INFO - [2024-11-20T14:28:53.737+0000] {dagbag.py:588} INFO - Filling up the DagBag from /home/airflow/.local/lib/python3.12/site-packages/airflow/example_dags/example_nested_branch_dag.py
[2024-11-20T14:28:53.747+0000] {processor.py:925} INFO - DAG(s) 'example_nested_branch_dag' retrieved from /home/airflow/.local/lib/python3.12/site-packages/airflow/example_dags/example_nested_branch_dag.py
[2024-11-20T14:28:53.764+0000] {logging_mixin.py:190} INFO - [2024-11-20T14:28:53.764+0000] {dag.py:3239} INFO - Sync 1 DAGs
[2024-11-20T14:28:53.783+0000] {logging_mixin.py:190} INFO - [2024-11-20T14:28:53.782+0000] {dag.py:4180} INFO - Setting next_dagrun for example_nested_branch_dag to 2024-11-19 00:00:00+00:00, run_after=2024-11-20 00:00:00+00:00
[2024-11-20T14:28:53.798+0000] {processor.py:208} INFO - Processing /home/airflow/.local/lib/python3.12/site-packages/airflow/example_dags/example_nested_branch_dag.py took 0.068 seconds
[2024-11-20T14:29:24.082+0000] {processor.py:186} INFO - Started process (PID=309) to work on /home/airflow/.local/lib/python3.12/site-packages/airflow/example_dags/example_nested_branch_dag.py
[2024-11-20T14:29:24.083+0000] {processor.py:914} INFO - Processing file /home/airflow/.local/lib/python3.12/site-packages/airflow/example_dags/example_nested_branch_dag.py for tasks to queue
[2024-11-20T14:29:24.091+0000] {logging_mixin.py:190} INFO - [2024-11-20T14:29:24.090+0000] {dagbag.py:588} INFO - Filling up the DagBag from /home/airflow/.local/lib/python3.12/site-packages/airflow/example_dags/example_nested_branch_dag.py
[2024-11-20T14:29:24.099+0000] {processor.py:925} INFO - DAG(s) 'example_nested_branch_dag' retrieved from /home/airflow/.local/lib/python3.12/site-packages/airflow/example_dags/example_nested_branch_dag.py
[2024-11-20T14:29:24.114+0000] {logging_mixin.py:190} INFO - [2024-11-20T14:29:24.114+0000] {dag.py:3239} INFO - Sync 1 DAGs
[2024-11-20T14:29:24.131+0000] {logging_mixin.py:190} INFO - [2024-11-20T14:29:24.131+0000] {dag.py:4180} INFO - Setting next_dagrun for example_nested_branch_dag to 2024-11-19 00:00:00+00:00, run_after=2024-11-20 00:00:00+00:00
[2024-11-20T14:29:24.165+0000] {processor.py:208} INFO - Processing /home/airflow/.local/lib/python3.12/site-packages/airflow/example_dags/example_nested_branch_dag.py took 0.088 seconds
[2024-11-20T14:29:54.228+0000] {processor.py:186} INFO - Started process (PID=372) to work on /home/airflow/.local/lib/python3.12/site-packages/airflow/example_dags/example_nested_branch_dag.py
[2024-11-20T14:29:54.229+0000] {processor.py:914} INFO - Processing file /home/airflow/.local/lib/python3.12/site-packages/airflow/example_dags/example_nested_branch_dag.py for tasks to queue
[2024-11-20T14:29:54.231+0000] {logging_mixin.py:190} INFO - [2024-11-20T14:29:54.230+0000] {dagbag.py:588} INFO - Filling up the DagBag from /home/airflow/.local/lib/python3.12/site-packages/airflow/example_dags/example_nested_branch_dag.py
[2024-11-20T14:29:54.238+0000] {processor.py:925} INFO - DAG(s) 'example_nested_branch_dag' retrieved from /home/airflow/.local/lib/python3.12/site-packages/airflow/example_dags/example_nested_branch_dag.py
[2024-11-20T14:29:54.252+0000] {logging_mixin.py:190} INFO - [2024-11-20T14:29:54.251+0000] {dag.py:3239} INFO - Sync 1 DAGs
[2024-11-20T14:29:54.266+0000] {logging_mixin.py:190} INFO - [2024-11-20T14:29:54.266+0000] {dag.py:4180} INFO - Setting next_dagrun for example_nested_branch_dag to 2024-11-19 00:00:00+00:00, run_after=2024-11-20 00:00:00+00:00
[2024-11-20T14:29:54.280+0000] {processor.py:208} INFO - Processing /home/airflow/.local/lib/python3.12/site-packages/airflow/example_dags/example_nested_branch_dag.py took 0.055 seconds
[2024-11-20T14:30:24.629+0000] {processor.py:186} INFO - Started process (PID=435) to work on /home/airflow/.local/lib/python3.12/site-packages/airflow/example_dags/example_nested_branch_dag.py
[2024-11-20T14:30:24.630+0000] {processor.py:914} INFO - Processing file /home/airflow/.local/lib/python3.12/site-packages/airflow/example_dags/example_nested_branch_dag.py for tasks to queue
[2024-11-20T14:30:24.632+0000] {logging_mixin.py:190} INFO - [2024-11-20T14:30:24.631+0000] {dagbag.py:588} INFO - Filling up the DagBag from /home/airflow/.local/lib/python3.12/site-packages/airflow/example_dags/example_nested_branch_dag.py
[2024-11-20T14:30:24.640+0000] {processor.py:925} INFO - DAG(s) 'example_nested_branch_dag' retrieved from /home/airflow/.local/lib/python3.12/site-packages/airflow/example_dags/example_nested_branch_dag.py
[2024-11-20T14:30:24.655+0000] {logging_mixin.py:190} INFO - [2024-11-20T14:30:24.655+0000] {dag.py:3239} INFO - Sync 1 DAGs
[2024-11-20T14:30:24.671+0000] {logging_mixin.py:190} INFO - [2024-11-20T14:30:24.671+0000] {dag.py:4180} INFO - Setting next_dagrun for example_nested_branch_dag to 2024-11-19 00:00:00+00:00, run_after=2024-11-20 00:00:00+00:00
[2024-11-20T14:30:24.690+0000] {processor.py:208} INFO - Processing /home/airflow/.local/lib/python3.12/site-packages/airflow/example_dags/example_nested_branch_dag.py took 0.065 seconds
[2024-11-20T14:30:55.241+0000] {processor.py:186} INFO - Started process (PID=499) to work on /home/airflow/.local/lib/python3.12/site-packages/airflow/example_dags/example_nested_branch_dag.py
[2024-11-20T14:30:55.242+0000] {processor.py:914} INFO - Processing file /home/airflow/.local/lib/python3.12/site-packages/airflow/example_dags/example_nested_branch_dag.py for tasks to queue
[2024-11-20T14:30:55.244+0000] {logging_mixin.py:190} INFO - [2024-11-20T14:30:55.244+0000] {dagbag.py:588} INFO - Filling up the DagBag from /home/airflow/.local/lib/python3.12/site-packages/airflow/example_dags/example_nested_branch_dag.py
[2024-11-20T14:30:55.253+0000] {processor.py:925} INFO - DAG(s) 'example_nested_branch_dag' retrieved from /home/airflow/.local/lib/python3.12/site-packages/airflow/example_dags/example_nested_branch_dag.py
[2024-11-20T14:30:55.266+0000] {logging_mixin.py:190} INFO - [2024-11-20T14:30:55.266+0000] {dag.py:3239} INFO - Sync 1 DAGs
[2024-11-20T14:30:55.281+0000] {logging_mixin.py:190} INFO - [2024-11-20T14:30:55.281+0000] {dag.py:4180} INFO - Setting next_dagrun for example_nested_branch_dag to 2024-11-19 00:00:00+00:00, run_after=2024-11-20 00:00:00+00:00
[2024-11-20T14:30:55.295+0000] {processor.py:208} INFO - Processing /home/airflow/.local/lib/python3.12/site-packages/airflow/example_dags/example_nested_branch_dag.py took 0.058 seconds
[2024-11-20T14:31:25.576+0000] {processor.py:186} INFO - Started process (PID=562) to work on /home/airflow/.local/lib/python3.12/site-packages/airflow/example_dags/example_nested_branch_dag.py
[2024-11-20T14:31:25.578+0000] {processor.py:914} INFO - Processing file /home/airflow/.local/lib/python3.12/site-packages/airflow/example_dags/example_nested_branch_dag.py for tasks to queue
[2024-11-20T14:31:25.580+0000] {logging_mixin.py:190} INFO - [2024-11-20T14:31:25.579+0000] {dagbag.py:588} INFO - Filling up the DagBag from /home/airflow/.local/lib/python3.12/site-packages/airflow/example_dags/example_nested_branch_dag.py
[2024-11-20T14:31:25.587+0000] {processor.py:925} INFO - DAG(s) 'example_nested_branch_dag' retrieved from /home/airflow/.local/lib/python3.12/site-packages/airflow/example_dags/example_nested_branch_dag.py
[2024-11-20T14:31:25.602+0000] {logging_mixin.py:190} INFO - [2024-11-20T14:31:25.602+0000] {dag.py:3239} INFO - Sync 1 DAGs
[2024-11-20T14:31:25.618+0000] {logging_mixin.py:190} INFO - [2024-11-20T14:31:25.618+0000] {dag.py:4180} INFO - Setting next_dagrun for example_nested_branch_dag to 2024-11-19 00:00:00+00:00, run_after=2024-11-20 00:00:00+00:00
[2024-11-20T14:31:25.633+0000] {processor.py:208} INFO - Processing /home/airflow/.local/lib/python3.12/site-packages/airflow/example_dags/example_nested_branch_dag.py took 0.061 seconds
[2024-11-20T14:31:56.397+0000] {processor.py:186} INFO - Started process (PID=625) to work on /home/airflow/.local/lib/python3.12/site-packages/airflow/example_dags/example_nested_branch_dag.py
[2024-11-20T14:31:56.397+0000] {processor.py:914} INFO - Processing file /home/airflow/.local/lib/python3.12/site-packages/airflow/example_dags/example_nested_branch_dag.py for tasks to queue
[2024-11-20T14:31:56.399+0000] {logging_mixin.py:190} INFO - [2024-11-20T14:31:56.399+0000] {dagbag.py:588} INFO - Filling up the DagBag from /home/airflow/.local/lib/python3.12/site-packages/airflow/example_dags/example_nested_branch_dag.py
[2024-11-20T14:31:56.407+0000] {processor.py:925} INFO - DAG(s) 'example_nested_branch_dag' retrieved from /home/airflow/.local/lib/python3.12/site-packages/airflow/example_dags/example_nested_branch_dag.py
[2024-11-20T14:31:56.422+0000] {logging_mixin.py:190} INFO - [2024-11-20T14:31:56.422+0000] {dag.py:3239} INFO - Sync 1 DAGs
[2024-11-20T14:31:56.441+0000] {logging_mixin.py:190} INFO - [2024-11-20T14:31:56.440+0000] {dag.py:4180} INFO - Setting next_dagrun for example_nested_branch_dag to 2024-11-19 00:00:00+00:00, run_after=2024-11-20 00:00:00+00:00
[2024-11-20T14:31:56.457+0000] {processor.py:208} INFO - Processing /home/airflow/.local/lib/python3.12/site-packages/airflow/example_dags/example_nested_branch_dag.py took 0.065 seconds
[2024-11-20T14:32:27.508+0000] {processor.py:186} INFO - Started process (PID=688) to work on /home/airflow/.local/lib/python3.12/site-packages/airflow/example_dags/example_nested_branch_dag.py
[2024-11-20T14:32:27.509+0000] {processor.py:914} INFO - Processing file /home/airflow/.local/lib/python3.12/site-packages/airflow/example_dags/example_nested_branch_dag.py for tasks to queue
[2024-11-20T14:32:27.510+0000] {logging_mixin.py:190} INFO - [2024-11-20T14:32:27.510+0000] {dagbag.py:588} INFO - Filling up the DagBag from /home/airflow/.local/lib/python3.12/site-packages/airflow/example_dags/example_nested_branch_dag.py
[2024-11-20T14:32:27.518+0000] {processor.py:925} INFO - DAG(s) 'example_nested_branch_dag' retrieved from /home/airflow/.local/lib/python3.12/site-packages/airflow/example_dags/example_nested_branch_dag.py
[2024-11-20T14:32:27.532+0000] {logging_mixin.py:190} INFO - [2024-11-20T14:32:27.531+0000] {dag.py:3239} INFO - Sync 1 DAGs
[2024-11-20T14:32:27.547+0000] {logging_mixin.py:190} INFO - [2024-11-20T14:32:27.547+0000] {dag.py:4180} INFO - Setting next_dagrun for example_nested_branch_dag to 2024-11-19 00:00:00+00:00, run_after=2024-11-20 00:00:00+00:00
[2024-11-20T14:32:27.562+0000] {processor.py:208} INFO - Processing /home/airflow/.local/lib/python3.12/site-packages/airflow/example_dags/example_nested_branch_dag.py took 0.058 seconds
[2024-11-20T14:32:58.374+0000] {processor.py:186} INFO - Started process (PID=750) to work on /home/airflow/.local/lib/python3.12/site-packages/airflow/example_dags/example_nested_branch_dag.py
[2024-11-20T14:32:58.375+0000] {processor.py:914} INFO - Processing file /home/airflow/.local/lib/python3.12/site-packages/airflow/example_dags/example_nested_branch_dag.py for tasks to queue
[2024-11-20T14:32:58.377+0000] {logging_mixin.py:190} INFO - [2024-11-20T14:32:58.377+0000] {dagbag.py:588} INFO - Filling up the DagBag from /home/airflow/.local/lib/python3.12/site-packages/airflow/example_dags/example_nested_branch_dag.py
[2024-11-20T14:32:58.385+0000] {processor.py:925} INFO - DAG(s) 'example_nested_branch_dag' retrieved from /home/airflow/.local/lib/python3.12/site-packages/airflow/example_dags/example_nested_branch_dag.py
[2024-11-20T14:32:58.400+0000] {logging_mixin.py:190} INFO - [2024-11-20T14:32:58.400+0000] {dag.py:3239} INFO - Sync 1 DAGs
[2024-11-20T14:32:58.416+0000] {logging_mixin.py:190} INFO - [2024-11-20T14:32:58.415+0000] {dag.py:4180} INFO - Setting next_dagrun for example_nested_branch_dag to 2024-11-19 00:00:00+00:00, run_after=2024-11-20 00:00:00+00:00
[2024-11-20T14:32:58.430+0000] {processor.py:208} INFO - Processing /home/airflow/.local/lib/python3.12/site-packages/airflow/example_dags/example_nested_branch_dag.py took 0.060 seconds
[2024-11-20T14:33:28.949+0000] {processor.py:186} INFO - Started process (PID=813) to work on /home/airflow/.local/lib/python3.12/site-packages/airflow/example_dags/example_nested_branch_dag.py
[2024-11-20T14:33:28.949+0000] {processor.py:914} INFO - Processing file /home/airflow/.local/lib/python3.12/site-packages/airflow/example_dags/example_nested_branch_dag.py for tasks to queue
[2024-11-20T14:33:28.952+0000] {logging_mixin.py:190} INFO - [2024-11-20T14:33:28.951+0000] {dagbag.py:588} INFO - Filling up the DagBag from /home/airflow/.local/lib/python3.12/site-packages/airflow/example_dags/example_nested_branch_dag.py
[2024-11-20T14:33:28.959+0000] {processor.py:925} INFO - DAG(s) 'example_nested_branch_dag' retrieved from /home/airflow/.local/lib/python3.12/site-packages/airflow/example_dags/example_nested_branch_dag.py
[2024-11-20T14:33:28.972+0000] {logging_mixin.py:190} INFO - [2024-11-20T14:33:28.971+0000] {dag.py:3239} INFO - Sync 1 DAGs
[2024-11-20T14:33:28.987+0000] {logging_mixin.py:190} INFO - [2024-11-20T14:33:28.987+0000] {dag.py:4180} INFO - Setting next_dagrun for example_nested_branch_dag to 2024-11-19 00:00:00+00:00, run_after=2024-11-20 00:00:00+00:00
[2024-11-20T14:33:29.011+0000] {processor.py:208} INFO - Processing /home/airflow/.local/lib/python3.12/site-packages/airflow/example_dags/example_nested_branch_dag.py took 0.066 seconds
[2024-11-20T14:33:59.502+0000] {processor.py:186} INFO - Started process (PID=876) to work on /home/airflow/.local/lib/python3.12/site-packages/airflow/example_dags/example_nested_branch_dag.py
[2024-11-20T14:33:59.503+0000] {processor.py:914} INFO - Processing file /home/airflow/.local/lib/python3.12/site-packages/airflow/example_dags/example_nested_branch_dag.py for tasks to queue
[2024-11-20T14:33:59.505+0000] {logging_mixin.py:190} INFO - [2024-11-20T14:33:59.505+0000] {dagbag.py:588} INFO - Filling up the DagBag from /home/airflow/.local/lib/python3.12/site-packages/airflow/example_dags/example_nested_branch_dag.py
[2024-11-20T14:33:59.513+0000] {processor.py:925} INFO - DAG(s) 'example_nested_branch_dag' retrieved from /home/airflow/.local/lib/python3.12/site-packages/airflow/example_dags/example_nested_branch_dag.py
[2024-11-20T14:33:59.528+0000] {logging_mixin.py:190} INFO - [2024-11-20T14:33:59.528+0000] {dag.py:3239} INFO - Sync 1 DAGs
[2024-11-20T14:33:59.543+0000] {logging_mixin.py:190} INFO - [2024-11-20T14:33:59.543+0000] {dag.py:4180} INFO - Setting next_dagrun for example_nested_branch_dag to 2024-11-19 00:00:00+00:00, run_after=2024-11-20 00:00:00+00:00
[2024-11-20T14:33:59.557+0000] {processor.py:208} INFO - Processing /home/airflow/.local/lib/python3.12/site-packages/airflow/example_dags/example_nested_branch_dag.py took 0.059 seconds
[2024-11-20T14:34:30.317+0000] {processor.py:186} INFO - Started process (PID=939) to work on /home/airflow/.local/lib/python3.12/site-packages/airflow/example_dags/example_nested_branch_dag.py
[2024-11-20T14:34:30.324+0000] {processor.py:914} INFO - Processing file /home/airflow/.local/lib/python3.12/site-packages/airflow/example_dags/example_nested_branch_dag.py for tasks to queue
[2024-11-20T14:34:30.328+0000] {logging_mixin.py:190} INFO - [2024-11-20T14:34:30.328+0000] {dagbag.py:588} INFO - Filling up the DagBag from /home/airflow/.local/lib/python3.12/site-packages/airflow/example_dags/example_nested_branch_dag.py
[2024-11-20T14:34:30.339+0000] {processor.py:925} INFO - DAG(s) 'example_nested_branch_dag' retrieved from /home/airflow/.local/lib/python3.12/site-packages/airflow/example_dags/example_nested_branch_dag.py
[2024-11-20T14:34:30.354+0000] {logging_mixin.py:190} INFO - [2024-11-20T14:34:30.354+0000] {dag.py:3239} INFO - Sync 1 DAGs
[2024-11-20T14:34:30.370+0000] {logging_mixin.py:190} INFO - [2024-11-20T14:34:30.370+0000] {dag.py:4180} INFO - Setting next_dagrun for example_nested_branch_dag to 2024-11-19 00:00:00+00:00, run_after=2024-11-20 00:00:00+00:00
[2024-11-20T14:34:30.384+0000] {processor.py:208} INFO - Processing /home/airflow/.local/lib/python3.12/site-packages/airflow/example_dags/example_nested_branch_dag.py took 0.073 seconds
[2024-11-20T14:35:01.081+0000] {processor.py:186} INFO - Started process (PID=1002) to work on /home/airflow/.local/lib/python3.12/site-packages/airflow/example_dags/example_nested_branch_dag.py
[2024-11-20T14:35:01.082+0000] {processor.py:914} INFO - Processing file /home/airflow/.local/lib/python3.12/site-packages/airflow/example_dags/example_nested_branch_dag.py for tasks to queue
[2024-11-20T14:35:01.084+0000] {logging_mixin.py:190} INFO - [2024-11-20T14:35:01.084+0000] {dagbag.py:588} INFO - Filling up the DagBag from /home/airflow/.local/lib/python3.12/site-packages/airflow/example_dags/example_nested_branch_dag.py
[2024-11-20T14:35:01.092+0000] {processor.py:925} INFO - DAG(s) 'example_nested_branch_dag' retrieved from /home/airflow/.local/lib/python3.12/site-packages/airflow/example_dags/example_nested_branch_dag.py
[2024-11-20T14:35:01.105+0000] {logging_mixin.py:190} INFO - [2024-11-20T14:35:01.105+0000] {dag.py:3239} INFO - Sync 1 DAGs
[2024-11-20T14:35:01.120+0000] {logging_mixin.py:190} INFO - [2024-11-20T14:35:01.120+0000] {dag.py:4180} INFO - Setting next_dagrun for example_nested_branch_dag to 2024-11-19 00:00:00+00:00, run_after=2024-11-20 00:00:00+00:00
[2024-11-20T14:35:01.134+0000] {processor.py:208} INFO - Processing /home/airflow/.local/lib/python3.12/site-packages/airflow/example_dags/example_nested_branch_dag.py took 0.057 seconds
[2024-11-20T14:35:31.749+0000] {processor.py:186} INFO - Started process (PID=1065) to work on /home/airflow/.local/lib/python3.12/site-packages/airflow/example_dags/example_nested_branch_dag.py
[2024-11-20T14:35:31.750+0000] {processor.py:914} INFO - Processing file /home/airflow/.local/lib/python3.12/site-packages/airflow/example_dags/example_nested_branch_dag.py for tasks to queue
[2024-11-20T14:35:31.752+0000] {logging_mixin.py:190} INFO - [2024-11-20T14:35:31.751+0000] {dagbag.py:588} INFO - Filling up the DagBag from /home/airflow/.local/lib/python3.12/site-packages/airflow/example_dags/example_nested_branch_dag.py
[2024-11-20T14:35:31.759+0000] {processor.py:925} INFO - DAG(s) 'example_nested_branch_dag' retrieved from /home/airflow/.local/lib/python3.12/site-packages/airflow/example_dags/example_nested_branch_dag.py
[2024-11-20T14:35:31.774+0000] {logging_mixin.py:190} INFO - [2024-11-20T14:35:31.774+0000] {dag.py:3239} INFO - Sync 1 DAGs
[2024-11-20T14:35:31.790+0000] {logging_mixin.py:190} INFO - [2024-11-20T14:35:31.790+0000] {dag.py:4180} INFO - Setting next_dagrun for example_nested_branch_dag to 2024-11-19 00:00:00+00:00, run_after=2024-11-20 00:00:00+00:00
[2024-11-20T14:35:31.804+0000] {processor.py:208} INFO - Processing /home/airflow/.local/lib/python3.12/site-packages/airflow/example_dags/example_nested_branch_dag.py took 0.059 seconds
[2024-11-20T14:36:02.578+0000] {processor.py:186} INFO - Started process (PID=1128) to work on /home/airflow/.local/lib/python3.12/site-packages/airflow/example_dags/example_nested_branch_dag.py
[2024-11-20T14:36:02.579+0000] {processor.py:914} INFO - Processing file /home/airflow/.local/lib/python3.12/site-packages/airflow/example_dags/example_nested_branch_dag.py for tasks to queue
[2024-11-20T14:36:02.581+0000] {logging_mixin.py:190} INFO - [2024-11-20T14:36:02.581+0000] {dagbag.py:588} INFO - Filling up the DagBag from /home/airflow/.local/lib/python3.12/site-packages/airflow/example_dags/example_nested_branch_dag.py
[2024-11-20T14:36:02.589+0000] {processor.py:925} INFO - DAG(s) 'example_nested_branch_dag' retrieved from /home/airflow/.local/lib/python3.12/site-packages/airflow/example_dags/example_nested_branch_dag.py
[2024-11-20T14:36:02.603+0000] {logging_mixin.py:190} INFO - [2024-11-20T14:36:02.603+0000] {dag.py:3239} INFO - Sync 1 DAGs
[2024-11-20T14:36:02.618+0000] {logging_mixin.py:190} INFO - [2024-11-20T14:36:02.618+0000] {dag.py:4180} INFO - Setting next_dagrun for example_nested_branch_dag to 2024-11-19 00:00:00+00:00, run_after=2024-11-20 00:00:00+00:00
[2024-11-20T14:36:02.633+0000] {processor.py:208} INFO - Processing /home/airflow/.local/lib/python3.12/site-packages/airflow/example_dags/example_nested_branch_dag.py took 0.058 seconds
[2024-11-20T14:36:33.000+0000] {processor.py:186} INFO - Started process (PID=1191) to work on /home/airflow/.local/lib/python3.12/site-packages/airflow/example_dags/example_nested_branch_dag.py
[2024-11-20T14:36:33.001+0000] {processor.py:914} INFO - Processing file /home/airflow/.local/lib/python3.12/site-packages/airflow/example_dags/example_nested_branch_dag.py for tasks to queue
[2024-11-20T14:36:33.002+0000] {logging_mixin.py:190} INFO - [2024-11-20T14:36:33.002+0000] {dagbag.py:588} INFO - Filling up the DagBag from /home/airflow/.local/lib/python3.12/site-packages/airflow/example_dags/example_nested_branch_dag.py
[2024-11-20T14:36:33.010+0000] {processor.py:925} INFO - DAG(s) 'example_nested_branch_dag' retrieved from /home/airflow/.local/lib/python3.12/site-packages/airflow/example_dags/example_nested_branch_dag.py
[2024-11-20T14:36:33.023+0000] {logging_mixin.py:190} INFO - [2024-11-20T14:36:33.023+0000] {dag.py:3239} INFO - Sync 1 DAGs
[2024-11-20T14:36:33.038+0000] {logging_mixin.py:190} INFO - [2024-11-20T14:36:33.038+0000] {dag.py:4180} INFO - Setting next_dagrun for example_nested_branch_dag to 2024-11-19 00:00:00+00:00, run_after=2024-11-20 00:00:00+00:00
[2024-11-20T14:36:33.051+0000] {processor.py:208} INFO - Processing /home/airflow/.local/lib/python3.12/site-packages/airflow/example_dags/example_nested_branch_dag.py took 0.055 seconds
[2024-11-20T14:37:03.545+0000] {processor.py:186} INFO - Started process (PID=1254) to work on /home/airflow/.local/lib/python3.12/site-packages/airflow/example_dags/example_nested_branch_dag.py
[2024-11-20T14:37:03.546+0000] {processor.py:914} INFO - Processing file /home/airflow/.local/lib/python3.12/site-packages/airflow/example_dags/example_nested_branch_dag.py for tasks to queue
[2024-11-20T14:37:03.547+0000] {logging_mixin.py:190} INFO - [2024-11-20T14:37:03.547+0000] {dagbag.py:588} INFO - Filling up the DagBag from /home/airflow/.local/lib/python3.12/site-packages/airflow/example_dags/example_nested_branch_dag.py
[2024-11-20T14:37:03.555+0000] {processor.py:925} INFO - DAG(s) 'example_nested_branch_dag' retrieved from /home/airflow/.local/lib/python3.12/site-packages/airflow/example_dags/example_nested_branch_dag.py
[2024-11-20T14:37:03.568+0000] {logging_mixin.py:190} INFO - [2024-11-20T14:37:03.568+0000] {dag.py:3239} INFO - Sync 1 DAGs
[2024-11-20T14:37:03.583+0000] {logging_mixin.py:190} INFO - [2024-11-20T14:37:03.582+0000] {dag.py:4180} INFO - Setting next_dagrun for example_nested_branch_dag to 2024-11-19 00:00:00+00:00, run_after=2024-11-20 00:00:00+00:00
[2024-11-20T14:37:03.598+0000] {processor.py:208} INFO - Processing /home/airflow/.local/lib/python3.12/site-packages/airflow/example_dags/example_nested_branch_dag.py took 0.056 seconds
[2024-11-20T14:37:34.363+0000] {processor.py:186} INFO - Started process (PID=1317) to work on /home/airflow/.local/lib/python3.12/site-packages/airflow/example_dags/example_nested_branch_dag.py
[2024-11-20T14:37:34.364+0000] {processor.py:914} INFO - Processing file /home/airflow/.local/lib/python3.12/site-packages/airflow/example_dags/example_nested_branch_dag.py for tasks to queue
[2024-11-20T14:37:34.365+0000] {logging_mixin.py:190} INFO - [2024-11-20T14:37:34.365+0000] {dagbag.py:588} INFO - Filling up the DagBag from /home/airflow/.local/lib/python3.12/site-packages/airflow/example_dags/example_nested_branch_dag.py
[2024-11-20T14:37:34.372+0000] {processor.py:925} INFO - DAG(s) 'example_nested_branch_dag' retrieved from /home/airflow/.local/lib/python3.12/site-packages/airflow/example_dags/example_nested_branch_dag.py
[2024-11-20T14:37:34.386+0000] {logging_mixin.py:190} INFO - [2024-11-20T14:37:34.386+0000] {dag.py:3239} INFO - Sync 1 DAGs
[2024-11-20T14:37:34.401+0000] {logging_mixin.py:190} INFO - [2024-11-20T14:37:34.401+0000] {dag.py:4180} INFO - Setting next_dagrun for example_nested_branch_dag to 2024-11-19 00:00:00+00:00, run_after=2024-11-20 00:00:00+00:00
[2024-11-20T14:37:34.417+0000] {processor.py:208} INFO - Processing /home/airflow/.local/lib/python3.12/site-packages/airflow/example_dags/example_nested_branch_dag.py took 0.057 seconds
[2024-11-20T14:38:04.972+0000] {processor.py:186} INFO - Started process (PID=1380) to work on /home/airflow/.local/lib/python3.12/site-packages/airflow/example_dags/example_nested_branch_dag.py
[2024-11-20T14:38:04.973+0000] {processor.py:914} INFO - Processing file /home/airflow/.local/lib/python3.12/site-packages/airflow/example_dags/example_nested_branch_dag.py for tasks to queue
[2024-11-20T14:38:04.975+0000] {logging_mixin.py:190} INFO - [2024-11-20T14:38:04.974+0000] {dagbag.py:588} INFO - Filling up the DagBag from /home/airflow/.local/lib/python3.12/site-packages/airflow/example_dags/example_nested_branch_dag.py
[2024-11-20T14:38:04.983+0000] {processor.py:925} INFO - DAG(s) 'example_nested_branch_dag' retrieved from /home/airflow/.local/lib/python3.12/site-packages/airflow/example_dags/example_nested_branch_dag.py
[2024-11-20T14:38:04.997+0000] {logging_mixin.py:190} INFO - [2024-11-20T14:38:04.997+0000] {dag.py:3239} INFO - Sync 1 DAGs
[2024-11-20T14:38:05.013+0000] {logging_mixin.py:190} INFO - [2024-11-20T14:38:05.013+0000] {dag.py:4180} INFO - Setting next_dagrun for example_nested_branch_dag to 2024-11-19 00:00:00+00:00, run_after=2024-11-20 00:00:00+00:00
[2024-11-20T14:38:05.026+0000] {processor.py:208} INFO - Processing /home/airflow/.local/lib/python3.12/site-packages/airflow/example_dags/example_nested_branch_dag.py took 0.057 seconds
[2024-11-20T14:38:35.670+0000] {processor.py:186} INFO - Started process (PID=1443) to work on /home/airflow/.local/lib/python3.12/site-packages/airflow/example_dags/example_nested_branch_dag.py
[2024-11-20T14:38:35.682+0000] {processor.py:914} INFO - Processing file /home/airflow/.local/lib/python3.12/site-packages/airflow/example_dags/example_nested_branch_dag.py for tasks to queue
[2024-11-20T14:38:35.685+0000] {logging_mixin.py:190} INFO - [2024-11-20T14:38:35.685+0000] {dagbag.py:588} INFO - Filling up the DagBag from /home/airflow/.local/lib/python3.12/site-packages/airflow/example_dags/example_nested_branch_dag.py
[2024-11-20T14:38:35.694+0000] {processor.py:925} INFO - DAG(s) 'example_nested_branch_dag' retrieved from /home/airflow/.local/lib/python3.12/site-packages/airflow/example_dags/example_nested_branch_dag.py
[2024-11-20T14:38:35.707+0000] {logging_mixin.py:190} INFO - [2024-11-20T14:38:35.706+0000] {dag.py:3239} INFO - Sync 1 DAGs
[2024-11-20T14:38:35.723+0000] {logging_mixin.py:190} INFO - [2024-11-20T14:38:35.723+0000] {dag.py:4180} INFO - Setting next_dagrun for example_nested_branch_dag to 2024-11-19 00:00:00+00:00, run_after=2024-11-20 00:00:00+00:00
[2024-11-20T14:38:35.740+0000] {processor.py:208} INFO - Processing /home/airflow/.local/lib/python3.12/site-packages/airflow/example_dags/example_nested_branch_dag.py took 0.075 seconds
[2024-11-20T14:39:06.835+0000] {processor.py:186} INFO - Started process (PID=1506) to work on /home/airflow/.local/lib/python3.12/site-packages/airflow/example_dags/example_nested_branch_dag.py
[2024-11-20T14:39:06.836+0000] {processor.py:914} INFO - Processing file /home/airflow/.local/lib/python3.12/site-packages/airflow/example_dags/example_nested_branch_dag.py for tasks to queue
[2024-11-20T14:39:06.838+0000] {logging_mixin.py:190} INFO - [2024-11-20T14:39:06.838+0000] {dagbag.py:588} INFO - Filling up the DagBag from /home/airflow/.local/lib/python3.12/site-packages/airflow/example_dags/example_nested_branch_dag.py
[2024-11-20T14:39:06.846+0000] {processor.py:925} INFO - DAG(s) 'example_nested_branch_dag' retrieved from /home/airflow/.local/lib/python3.12/site-packages/airflow/example_dags/example_nested_branch_dag.py
[2024-11-20T14:39:06.858+0000] {logging_mixin.py:190} INFO - [2024-11-20T14:39:06.858+0000] {dag.py:3239} INFO - Sync 1 DAGs
[2024-11-20T14:39:06.873+0000] {logging_mixin.py:190} INFO - [2024-11-20T14:39:06.873+0000] {dag.py:4180} INFO - Setting next_dagrun for example_nested_branch_dag to 2024-11-19 00:00:00+00:00, run_after=2024-11-20 00:00:00+00:00
[2024-11-20T14:39:06.888+0000] {processor.py:208} INFO - Processing /home/airflow/.local/lib/python3.12/site-packages/airflow/example_dags/example_nested_branch_dag.py took 0.056 seconds
[2024-11-20T14:39:38.287+0000] {processor.py:186} INFO - Started process (PID=1569) to work on /home/airflow/.local/lib/python3.12/site-packages/airflow/example_dags/example_nested_branch_dag.py
[2024-11-20T14:39:38.289+0000] {processor.py:914} INFO - Processing file /home/airflow/.local/lib/python3.12/site-packages/airflow/example_dags/example_nested_branch_dag.py for tasks to queue
[2024-11-20T14:39:38.291+0000] {logging_mixin.py:190} INFO - [2024-11-20T14:39:38.291+0000] {dagbag.py:588} INFO - Filling up the DagBag from /home/airflow/.local/lib/python3.12/site-packages/airflow/example_dags/example_nested_branch_dag.py
[2024-11-20T14:39:38.299+0000] {processor.py:925} INFO - DAG(s) 'example_nested_branch_dag' retrieved from /home/airflow/.local/lib/python3.12/site-packages/airflow/example_dags/example_nested_branch_dag.py
[2024-11-20T14:39:38.314+0000] {logging_mixin.py:190} INFO - [2024-11-20T14:39:38.314+0000] {dag.py:3239} INFO - Sync 1 DAGs
[2024-11-20T14:39:38.329+0000] {logging_mixin.py:190} INFO - [2024-11-20T14:39:38.329+0000] {dag.py:4180} INFO - Setting next_dagrun for example_nested_branch_dag to 2024-11-19 00:00:00+00:00, run_after=2024-11-20 00:00:00+00:00
[2024-11-20T14:39:38.344+0000] {processor.py:208} INFO - Processing /home/airflow/.local/lib/python3.12/site-packages/airflow/example_dags/example_nested_branch_dag.py took 0.063 seconds
[2024-11-20T14:40:08.509+0000] {processor.py:186} INFO - Started process (PID=1632) to work on /home/airflow/.local/lib/python3.12/site-packages/airflow/example_dags/example_nested_branch_dag.py
[2024-11-20T14:40:08.510+0000] {processor.py:914} INFO - Processing file /home/airflow/.local/lib/python3.12/site-packages/airflow/example_dags/example_nested_branch_dag.py for tasks to queue
[2024-11-20T14:40:08.511+0000] {logging_mixin.py:190} INFO - [2024-11-20T14:40:08.511+0000] {dagbag.py:588} INFO - Filling up the DagBag from /home/airflow/.local/lib/python3.12/site-packages/airflow/example_dags/example_nested_branch_dag.py
[2024-11-20T14:40:08.519+0000] {processor.py:925} INFO - DAG(s) 'example_nested_branch_dag' retrieved from /home/airflow/.local/lib/python3.12/site-packages/airflow/example_dags/example_nested_branch_dag.py
[2024-11-20T14:40:08.532+0000] {logging_mixin.py:190} INFO - [2024-11-20T14:40:08.532+0000] {dag.py:3239} INFO - Sync 1 DAGs
[2024-11-20T14:40:08.548+0000] {logging_mixin.py:190} INFO - [2024-11-20T14:40:08.547+0000] {dag.py:4180} INFO - Setting next_dagrun for example_nested_branch_dag to 2024-11-19 00:00:00+00:00, run_after=2024-11-20 00:00:00+00:00
[2024-11-20T14:40:08.564+0000] {processor.py:208} INFO - Processing /home/airflow/.local/lib/python3.12/site-packages/airflow/example_dags/example_nested_branch_dag.py took 0.059 seconds
[2024-11-20T14:40:39.403+0000] {processor.py:186} INFO - Started process (PID=1695) to work on /home/airflow/.local/lib/python3.12/site-packages/airflow/example_dags/example_nested_branch_dag.py
[2024-11-20T14:40:39.404+0000] {processor.py:914} INFO - Processing file /home/airflow/.local/lib/python3.12/site-packages/airflow/example_dags/example_nested_branch_dag.py for tasks to queue
[2024-11-20T14:40:39.406+0000] {logging_mixin.py:190} INFO - [2024-11-20T14:40:39.405+0000] {dagbag.py:588} INFO - Filling up the DagBag from /home/airflow/.local/lib/python3.12/site-packages/airflow/example_dags/example_nested_branch_dag.py
[2024-11-20T14:40:39.413+0000] {processor.py:925} INFO - DAG(s) 'example_nested_branch_dag' retrieved from /home/airflow/.local/lib/python3.12/site-packages/airflow/example_dags/example_nested_branch_dag.py
[2024-11-20T14:40:39.426+0000] {logging_mixin.py:190} INFO - [2024-11-20T14:40:39.426+0000] {dag.py:3239} INFO - Sync 1 DAGs
[2024-11-20T14:40:39.441+0000] {logging_mixin.py:190} INFO - [2024-11-20T14:40:39.441+0000] {dag.py:4180} INFO - Setting next_dagrun for example_nested_branch_dag to 2024-11-19 00:00:00+00:00, run_after=2024-11-20 00:00:00+00:00
[2024-11-20T14:40:39.454+0000] {processor.py:208} INFO - Processing /home/airflow/.local/lib/python3.12/site-packages/airflow/example_dags/example_nested_branch_dag.py took 0.054 seconds
[2024-11-20T14:41:10.272+0000] {processor.py:186} INFO - Started process (PID=1758) to work on /home/airflow/.local/lib/python3.12/site-packages/airflow/example_dags/example_nested_branch_dag.py
[2024-11-20T14:41:10.273+0000] {processor.py:914} INFO - Processing file /home/airflow/.local/lib/python3.12/site-packages/airflow/example_dags/example_nested_branch_dag.py for tasks to queue
[2024-11-20T14:41:10.275+0000] {logging_mixin.py:190} INFO - [2024-11-20T14:41:10.275+0000] {dagbag.py:588} INFO - Filling up the DagBag from /home/airflow/.local/lib/python3.12/site-packages/airflow/example_dags/example_nested_branch_dag.py
[2024-11-20T14:41:10.283+0000] {processor.py:925} INFO - DAG(s) 'example_nested_branch_dag' retrieved from /home/airflow/.local/lib/python3.12/site-packages/airflow/example_dags/example_nested_branch_dag.py
[2024-11-20T14:41:10.297+0000] {logging_mixin.py:190} INFO - [2024-11-20T14:41:10.297+0000] {dag.py:3239} INFO - Sync 1 DAGs
[2024-11-20T14:41:10.313+0000] {logging_mixin.py:190} INFO - [2024-11-20T14:41:10.313+0000] {dag.py:4180} INFO - Setting next_dagrun for example_nested_branch_dag to 2024-11-19 00:00:00+00:00, run_after=2024-11-20 00:00:00+00:00
[2024-11-20T14:41:10.327+0000] {processor.py:208} INFO - Processing /home/airflow/.local/lib/python3.12/site-packages/airflow/example_dags/example_nested_branch_dag.py took 0.059 seconds
[2024-11-20T14:41:40.970+0000] {processor.py:186} INFO - Started process (PID=1821) to work on /home/airflow/.local/lib/python3.12/site-packages/airflow/example_dags/example_nested_branch_dag.py
[2024-11-20T14:41:40.971+0000] {processor.py:914} INFO - Processing file /home/airflow/.local/lib/python3.12/site-packages/airflow/example_dags/example_nested_branch_dag.py for tasks to queue
[2024-11-20T14:41:40.973+0000] {logging_mixin.py:190} INFO - [2024-11-20T14:41:40.973+0000] {dagbag.py:588} INFO - Filling up the DagBag from /home/airflow/.local/lib/python3.12/site-packages/airflow/example_dags/example_nested_branch_dag.py
[2024-11-20T14:41:40.980+0000] {processor.py:925} INFO - DAG(s) 'example_nested_branch_dag' retrieved from /home/airflow/.local/lib/python3.12/site-packages/airflow/example_dags/example_nested_branch_dag.py
[2024-11-20T14:41:40.992+0000] {logging_mixin.py:190} INFO - [2024-11-20T14:41:40.992+0000] {dag.py:3239} INFO - Sync 1 DAGs
[2024-11-20T14:41:41.005+0000] {logging_mixin.py:190} INFO - [2024-11-20T14:41:41.005+0000] {dag.py:4180} INFO - Setting next_dagrun for example_nested_branch_dag to 2024-11-19 00:00:00+00:00, run_after=2024-11-20 00:00:00+00:00
[2024-11-20T14:41:41.018+0000] {processor.py:208} INFO - Processing /home/airflow/.local/lib/python3.12/site-packages/airflow/example_dags/example_nested_branch_dag.py took 0.051 seconds
[2024-11-20T14:42:11.951+0000] {processor.py:186} INFO - Started process (PID=1884) to work on /home/airflow/.local/lib/python3.12/site-packages/airflow/example_dags/example_nested_branch_dag.py
[2024-11-20T14:42:11.952+0000] {processor.py:914} INFO - Processing file /home/airflow/.local/lib/python3.12/site-packages/airflow/example_dags/example_nested_branch_dag.py for tasks to queue
[2024-11-20T14:42:11.954+0000] {logging_mixin.py:190} INFO - [2024-11-20T14:42:11.954+0000] {dagbag.py:588} INFO - Filling up the DagBag from /home/airflow/.local/lib/python3.12/site-packages/airflow/example_dags/example_nested_branch_dag.py
[2024-11-20T14:42:11.962+0000] {processor.py:925} INFO - DAG(s) 'example_nested_branch_dag' retrieved from /home/airflow/.local/lib/python3.12/site-packages/airflow/example_dags/example_nested_branch_dag.py
[2024-11-20T14:42:11.978+0000] {logging_mixin.py:190} INFO - [2024-11-20T14:42:11.978+0000] {dag.py:3239} INFO - Sync 1 DAGs
[2024-11-20T14:42:11.993+0000] {logging_mixin.py:190} INFO - [2024-11-20T14:42:11.993+0000] {dag.py:4180} INFO - Setting next_dagrun for example_nested_branch_dag to 2024-11-19 00:00:00+00:00, run_after=2024-11-20 00:00:00+00:00
[2024-11-20T14:42:12.011+0000] {processor.py:208} INFO - Processing /home/airflow/.local/lib/python3.12/site-packages/airflow/example_dags/example_nested_branch_dag.py took 0.065 seconds
[2024-11-20T14:42:42.313+0000] {processor.py:186} INFO - Started process (PID=1947) to work on /home/airflow/.local/lib/python3.12/site-packages/airflow/example_dags/example_nested_branch_dag.py
[2024-11-20T14:42:42.314+0000] {processor.py:914} INFO - Processing file /home/airflow/.local/lib/python3.12/site-packages/airflow/example_dags/example_nested_branch_dag.py for tasks to queue
[2024-11-20T14:42:42.316+0000] {logging_mixin.py:190} INFO - [2024-11-20T14:42:42.316+0000] {dagbag.py:588} INFO - Filling up the DagBag from /home/airflow/.local/lib/python3.12/site-packages/airflow/example_dags/example_nested_branch_dag.py
[2024-11-20T14:42:42.324+0000] {processor.py:925} INFO - DAG(s) 'example_nested_branch_dag' retrieved from /home/airflow/.local/lib/python3.12/site-packages/airflow/example_dags/example_nested_branch_dag.py
[2024-11-20T14:42:42.338+0000] {logging_mixin.py:190} INFO - [2024-11-20T14:42:42.338+0000] {dag.py:3239} INFO - Sync 1 DAGs
[2024-11-20T14:42:42.353+0000] {logging_mixin.py:190} INFO - [2024-11-20T14:42:42.353+0000] {dag.py:4180} INFO - Setting next_dagrun for example_nested_branch_dag to 2024-11-19 00:00:00+00:00, run_after=2024-11-20 00:00:00+00:00
[2024-11-20T14:42:42.365+0000] {processor.py:208} INFO - Processing /home/airflow/.local/lib/python3.12/site-packages/airflow/example_dags/example_nested_branch_dag.py took 0.059 seconds
[2024-11-20T14:43:13.406+0000] {processor.py:186} INFO - Started process (PID=2010) to work on /home/airflow/.local/lib/python3.12/site-packages/airflow/example_dags/example_nested_branch_dag.py
[2024-11-20T14:43:13.407+0000] {processor.py:914} INFO - Processing file /home/airflow/.local/lib/python3.12/site-packages/airflow/example_dags/example_nested_branch_dag.py for tasks to queue
[2024-11-20T14:43:13.409+0000] {logging_mixin.py:190} INFO - [2024-11-20T14:43:13.408+0000] {dagbag.py:588} INFO - Filling up the DagBag from /home/airflow/.local/lib/python3.12/site-packages/airflow/example_dags/example_nested_branch_dag.py
[2024-11-20T14:43:13.415+0000] {processor.py:925} INFO - DAG(s) 'example_nested_branch_dag' retrieved from /home/airflow/.local/lib/python3.12/site-packages/airflow/example_dags/example_nested_branch_dag.py
[2024-11-20T14:43:13.428+0000] {logging_mixin.py:190} INFO - [2024-11-20T14:43:13.428+0000] {dag.py:3239} INFO - Sync 1 DAGs
[2024-11-20T14:43:13.442+0000] {logging_mixin.py:190} INFO - [2024-11-20T14:43:13.442+0000] {dag.py:4180} INFO - Setting next_dagrun for example_nested_branch_dag to 2024-11-19 00:00:00+00:00, run_after=2024-11-20 00:00:00+00:00
[2024-11-20T14:43:13.455+0000] {processor.py:208} INFO - Processing /home/airflow/.local/lib/python3.12/site-packages/airflow/example_dags/example_nested_branch_dag.py took 0.053 seconds
[2024-11-20T14:49:52.329+0000] {processor.py:186} INFO - Started process (PID=2076) to work on /home/airflow/.local/lib/python3.12/site-packages/airflow/example_dags/example_nested_branch_dag.py
[2024-11-20T14:49:52.330+0000] {processor.py:914} INFO - Processing file /home/airflow/.local/lib/python3.12/site-packages/airflow/example_dags/example_nested_branch_dag.py for tasks to queue
[2024-11-20T14:49:52.332+0000] {logging_mixin.py:190} INFO - [2024-11-20T14:49:52.332+0000] {dagbag.py:588} INFO - Filling up the DagBag from /home/airflow/.local/lib/python3.12/site-packages/airflow/example_dags/example_nested_branch_dag.py
[2024-11-20T14:49:52.339+0000] {processor.py:925} INFO - DAG(s) 'example_nested_branch_dag' retrieved from /home/airflow/.local/lib/python3.12/site-packages/airflow/example_dags/example_nested_branch_dag.py
[2024-11-20T14:49:52.352+0000] {logging_mixin.py:190} INFO - [2024-11-20T14:49:52.351+0000] {dag.py:3239} INFO - Sync 1 DAGs
[2024-11-20T14:49:52.365+0000] {logging_mixin.py:190} INFO - [2024-11-20T14:49:52.365+0000] {dag.py:4180} INFO - Setting next_dagrun for example_nested_branch_dag to 2024-11-19 00:00:00+00:00, run_after=2024-11-20 00:00:00+00:00
[2024-11-20T14:49:52.392+0000] {processor.py:208} INFO - Processing /home/airflow/.local/lib/python3.12/site-packages/airflow/example_dags/example_nested_branch_dag.py took 0.066 seconds
[2024-11-20T14:50:24.159+0000] {processor.py:186} INFO - Started process (PID=2139) to work on /home/airflow/.local/lib/python3.12/site-packages/airflow/example_dags/example_nested_branch_dag.py
[2024-11-20T14:50:24.165+0000] {processor.py:914} INFO - Processing file /home/airflow/.local/lib/python3.12/site-packages/airflow/example_dags/example_nested_branch_dag.py for tasks to queue
[2024-11-20T14:50:24.167+0000] {logging_mixin.py:190} INFO - [2024-11-20T14:50:24.167+0000] {dagbag.py:588} INFO - Filling up the DagBag from /home/airflow/.local/lib/python3.12/site-packages/airflow/example_dags/example_nested_branch_dag.py
[2024-11-20T14:50:24.175+0000] {processor.py:925} INFO - DAG(s) 'example_nested_branch_dag' retrieved from /home/airflow/.local/lib/python3.12/site-packages/airflow/example_dags/example_nested_branch_dag.py
[2024-11-20T14:50:24.188+0000] {logging_mixin.py:190} INFO - [2024-11-20T14:50:24.188+0000] {dag.py:3239} INFO - Sync 1 DAGs
[2024-11-20T14:50:24.203+0000] {logging_mixin.py:190} INFO - [2024-11-20T14:50:24.203+0000] {dag.py:4180} INFO - Setting next_dagrun for example_nested_branch_dag to 2024-11-19 00:00:00+00:00, run_after=2024-11-20 00:00:00+00:00
[2024-11-20T14:50:24.217+0000] {processor.py:208} INFO - Processing /home/airflow/.local/lib/python3.12/site-packages/airflow/example_dags/example_nested_branch_dag.py took 0.063 seconds
[2024-11-20T14:50:55.190+0000] {processor.py:186} INFO - Started process (PID=2202) to work on /home/airflow/.local/lib/python3.12/site-packages/airflow/example_dags/example_nested_branch_dag.py
[2024-11-20T14:50:55.192+0000] {processor.py:914} INFO - Processing file /home/airflow/.local/lib/python3.12/site-packages/airflow/example_dags/example_nested_branch_dag.py for tasks to queue
[2024-11-20T14:50:55.194+0000] {logging_mixin.py:190} INFO - [2024-11-20T14:50:55.194+0000] {dagbag.py:588} INFO - Filling up the DagBag from /home/airflow/.local/lib/python3.12/site-packages/airflow/example_dags/example_nested_branch_dag.py
[2024-11-20T14:50:55.204+0000] {processor.py:925} INFO - DAG(s) 'example_nested_branch_dag' retrieved from /home/airflow/.local/lib/python3.12/site-packages/airflow/example_dags/example_nested_branch_dag.py
[2024-11-20T14:50:55.221+0000] {logging_mixin.py:190} INFO - [2024-11-20T14:50:55.220+0000] {dag.py:3239} INFO - Sync 1 DAGs
[2024-11-20T14:50:55.237+0000] {logging_mixin.py:190} INFO - [2024-11-20T14:50:55.237+0000] {dag.py:4180} INFO - Setting next_dagrun for example_nested_branch_dag to 2024-11-19 00:00:00+00:00, run_after=2024-11-20 00:00:00+00:00
[2024-11-20T14:50:55.254+0000] {processor.py:208} INFO - Processing /home/airflow/.local/lib/python3.12/site-packages/airflow/example_dags/example_nested_branch_dag.py took 0.069 seconds
[2024-11-20T14:51:25.799+0000] {processor.py:186} INFO - Started process (PID=2265) to work on /home/airflow/.local/lib/python3.12/site-packages/airflow/example_dags/example_nested_branch_dag.py
[2024-11-20T14:51:25.800+0000] {processor.py:914} INFO - Processing file /home/airflow/.local/lib/python3.12/site-packages/airflow/example_dags/example_nested_branch_dag.py for tasks to queue
[2024-11-20T14:51:25.801+0000] {logging_mixin.py:190} INFO - [2024-11-20T14:51:25.801+0000] {dagbag.py:588} INFO - Filling up the DagBag from /home/airflow/.local/lib/python3.12/site-packages/airflow/example_dags/example_nested_branch_dag.py
[2024-11-20T14:51:25.809+0000] {processor.py:925} INFO - DAG(s) 'example_nested_branch_dag' retrieved from /home/airflow/.local/lib/python3.12/site-packages/airflow/example_dags/example_nested_branch_dag.py
[2024-11-20T14:51:25.823+0000] {logging_mixin.py:190} INFO - [2024-11-20T14:51:25.823+0000] {dag.py:3239} INFO - Sync 1 DAGs
[2024-11-20T14:51:25.840+0000] {logging_mixin.py:190} INFO - [2024-11-20T14:51:25.840+0000] {dag.py:4180} INFO - Setting next_dagrun for example_nested_branch_dag to 2024-11-19 00:00:00+00:00, run_after=2024-11-20 00:00:00+00:00
[2024-11-20T14:51:25.854+0000] {processor.py:208} INFO - Processing /home/airflow/.local/lib/python3.12/site-packages/airflow/example_dags/example_nested_branch_dag.py took 0.059 seconds
[2024-11-20T14:51:56.454+0000] {processor.py:186} INFO - Started process (PID=2328) to work on /home/airflow/.local/lib/python3.12/site-packages/airflow/example_dags/example_nested_branch_dag.py
[2024-11-20T14:51:56.455+0000] {processor.py:914} INFO - Processing file /home/airflow/.local/lib/python3.12/site-packages/airflow/example_dags/example_nested_branch_dag.py for tasks to queue
[2024-11-20T14:51:56.457+0000] {logging_mixin.py:190} INFO - [2024-11-20T14:51:56.457+0000] {dagbag.py:588} INFO - Filling up the DagBag from /home/airflow/.local/lib/python3.12/site-packages/airflow/example_dags/example_nested_branch_dag.py
[2024-11-20T14:51:56.464+0000] {processor.py:925} INFO - DAG(s) 'example_nested_branch_dag' retrieved from /home/airflow/.local/lib/python3.12/site-packages/airflow/example_dags/example_nested_branch_dag.py
[2024-11-20T14:51:56.479+0000] {logging_mixin.py:190} INFO - [2024-11-20T14:51:56.478+0000] {dag.py:3239} INFO - Sync 1 DAGs
[2024-11-20T14:51:56.493+0000] {logging_mixin.py:190} INFO - [2024-11-20T14:51:56.493+0000] {dag.py:4180} INFO - Setting next_dagrun for example_nested_branch_dag to 2024-11-19 00:00:00+00:00, run_after=2024-11-20 00:00:00+00:00
[2024-11-20T14:51:56.510+0000] {processor.py:208} INFO - Processing /home/airflow/.local/lib/python3.12/site-packages/airflow/example_dags/example_nested_branch_dag.py took 0.060 seconds
[2024-11-20T14:52:27.041+0000] {processor.py:186} INFO - Started process (PID=2391) to work on /home/airflow/.local/lib/python3.12/site-packages/airflow/example_dags/example_nested_branch_dag.py
[2024-11-20T14:52:27.041+0000] {processor.py:914} INFO - Processing file /home/airflow/.local/lib/python3.12/site-packages/airflow/example_dags/example_nested_branch_dag.py for tasks to queue
[2024-11-20T14:52:27.043+0000] {logging_mixin.py:190} INFO - [2024-11-20T14:52:27.043+0000] {dagbag.py:588} INFO - Filling up the DagBag from /home/airflow/.local/lib/python3.12/site-packages/airflow/example_dags/example_nested_branch_dag.py
[2024-11-20T14:52:27.050+0000] {processor.py:925} INFO - DAG(s) 'example_nested_branch_dag' retrieved from /home/airflow/.local/lib/python3.12/site-packages/airflow/example_dags/example_nested_branch_dag.py
[2024-11-20T14:52:27.064+0000] {logging_mixin.py:190} INFO - [2024-11-20T14:52:27.064+0000] {dag.py:3239} INFO - Sync 1 DAGs
[2024-11-20T14:52:27.087+0000] {logging_mixin.py:190} INFO - [2024-11-20T14:52:27.087+0000] {dag.py:4180} INFO - Setting next_dagrun for example_nested_branch_dag to 2024-11-19 00:00:00+00:00, run_after=2024-11-20 00:00:00+00:00
[2024-11-20T14:52:27.101+0000] {processor.py:208} INFO - Processing /home/airflow/.local/lib/python3.12/site-packages/airflow/example_dags/example_nested_branch_dag.py took 0.064 seconds
[2024-11-20T14:52:57.485+0000] {processor.py:186} INFO - Started process (PID=2454) to work on /home/airflow/.local/lib/python3.12/site-packages/airflow/example_dags/example_nested_branch_dag.py
[2024-11-20T14:52:57.486+0000] {processor.py:914} INFO - Processing file /home/airflow/.local/lib/python3.12/site-packages/airflow/example_dags/example_nested_branch_dag.py for tasks to queue
[2024-11-20T14:52:57.488+0000] {logging_mixin.py:190} INFO - [2024-11-20T14:52:57.488+0000] {dagbag.py:588} INFO - Filling up the DagBag from /home/airflow/.local/lib/python3.12/site-packages/airflow/example_dags/example_nested_branch_dag.py
[2024-11-20T14:52:57.496+0000] {processor.py:925} INFO - DAG(s) 'example_nested_branch_dag' retrieved from /home/airflow/.local/lib/python3.12/site-packages/airflow/example_dags/example_nested_branch_dag.py
[2024-11-20T14:52:57.511+0000] {logging_mixin.py:190} INFO - [2024-11-20T14:52:57.511+0000] {dag.py:3239} INFO - Sync 1 DAGs
[2024-11-20T14:52:57.526+0000] {logging_mixin.py:190} INFO - [2024-11-20T14:52:57.526+0000] {dag.py:4180} INFO - Setting next_dagrun for example_nested_branch_dag to 2024-11-19 00:00:00+00:00, run_after=2024-11-20 00:00:00+00:00
[2024-11-20T14:52:57.540+0000] {processor.py:208} INFO - Processing /home/airflow/.local/lib/python3.12/site-packages/airflow/example_dags/example_nested_branch_dag.py took 0.058 seconds
[2024-11-20T14:53:27.987+0000] {processor.py:186} INFO - Started process (PID=2517) to work on /home/airflow/.local/lib/python3.12/site-packages/airflow/example_dags/example_nested_branch_dag.py
[2024-11-20T14:53:27.988+0000] {processor.py:914} INFO - Processing file /home/airflow/.local/lib/python3.12/site-packages/airflow/example_dags/example_nested_branch_dag.py for tasks to queue
[2024-11-20T14:53:27.990+0000] {logging_mixin.py:190} INFO - [2024-11-20T14:53:27.989+0000] {dagbag.py:588} INFO - Filling up the DagBag from /home/airflow/.local/lib/python3.12/site-packages/airflow/example_dags/example_nested_branch_dag.py
[2024-11-20T14:53:27.997+0000] {processor.py:925} INFO - DAG(s) 'example_nested_branch_dag' retrieved from /home/airflow/.local/lib/python3.12/site-packages/airflow/example_dags/example_nested_branch_dag.py
[2024-11-20T14:53:28.012+0000] {logging_mixin.py:190} INFO - [2024-11-20T14:53:28.012+0000] {dag.py:3239} INFO - Sync 1 DAGs
[2024-11-20T14:53:28.028+0000] {logging_mixin.py:190} INFO - [2024-11-20T14:53:28.028+0000] {dag.py:4180} INFO - Setting next_dagrun for example_nested_branch_dag to 2024-11-19 00:00:00+00:00, run_after=2024-11-20 00:00:00+00:00
[2024-11-20T14:53:28.043+0000] {processor.py:208} INFO - Processing /home/airflow/.local/lib/python3.12/site-packages/airflow/example_dags/example_nested_branch_dag.py took 0.060 seconds
[2024-11-20T14:53:58.712+0000] {processor.py:186} INFO - Started process (PID=2580) to work on /home/airflow/.local/lib/python3.12/site-packages/airflow/example_dags/example_nested_branch_dag.py
[2024-11-20T14:53:58.720+0000] {processor.py:914} INFO - Processing file /home/airflow/.local/lib/python3.12/site-packages/airflow/example_dags/example_nested_branch_dag.py for tasks to queue
[2024-11-20T14:53:58.722+0000] {logging_mixin.py:190} INFO - [2024-11-20T14:53:58.721+0000] {dagbag.py:588} INFO - Filling up the DagBag from /home/airflow/.local/lib/python3.12/site-packages/airflow/example_dags/example_nested_branch_dag.py
[2024-11-20T14:53:58.729+0000] {processor.py:925} INFO - DAG(s) 'example_nested_branch_dag' retrieved from /home/airflow/.local/lib/python3.12/site-packages/airflow/example_dags/example_nested_branch_dag.py
[2024-11-20T14:53:58.749+0000] {logging_mixin.py:190} INFO - [2024-11-20T14:53:58.749+0000] {dag.py:3239} INFO - Sync 1 DAGs
[2024-11-20T14:53:58.765+0000] {logging_mixin.py:190} INFO - [2024-11-20T14:53:58.765+0000] {dag.py:4180} INFO - Setting next_dagrun for example_nested_branch_dag to 2024-11-19 00:00:00+00:00, run_after=2024-11-20 00:00:00+00:00
[2024-11-20T14:53:58.783+0000] {processor.py:208} INFO - Processing /home/airflow/.local/lib/python3.12/site-packages/airflow/example_dags/example_nested_branch_dag.py took 0.075 seconds
[2024-11-20T14:54:28.902+0000] {processor.py:186} INFO - Started process (PID=2642) to work on /home/airflow/.local/lib/python3.12/site-packages/airflow/example_dags/example_nested_branch_dag.py
[2024-11-20T14:54:28.902+0000] {processor.py:914} INFO - Processing file /home/airflow/.local/lib/python3.12/site-packages/airflow/example_dags/example_nested_branch_dag.py for tasks to queue
[2024-11-20T14:54:28.904+0000] {logging_mixin.py:190} INFO - [2024-11-20T14:54:28.904+0000] {dagbag.py:588} INFO - Filling up the DagBag from /home/airflow/.local/lib/python3.12/site-packages/airflow/example_dags/example_nested_branch_dag.py
[2024-11-20T14:54:28.912+0000] {processor.py:925} INFO - DAG(s) 'example_nested_branch_dag' retrieved from /home/airflow/.local/lib/python3.12/site-packages/airflow/example_dags/example_nested_branch_dag.py
[2024-11-20T14:54:28.925+0000] {logging_mixin.py:190} INFO - [2024-11-20T14:54:28.925+0000] {dag.py:3239} INFO - Sync 1 DAGs
[2024-11-20T14:54:28.940+0000] {logging_mixin.py:190} INFO - [2024-11-20T14:54:28.940+0000] {dag.py:4180} INFO - Setting next_dagrun for example_nested_branch_dag to 2024-11-19 00:00:00+00:00, run_after=2024-11-20 00:00:00+00:00
[2024-11-20T14:54:28.953+0000] {processor.py:208} INFO - Processing /home/airflow/.local/lib/python3.12/site-packages/airflow/example_dags/example_nested_branch_dag.py took 0.055 seconds
[2024-11-20T14:54:59.410+0000] {processor.py:186} INFO - Started process (PID=2705) to work on /home/airflow/.local/lib/python3.12/site-packages/airflow/example_dags/example_nested_branch_dag.py
[2024-11-20T14:54:59.410+0000] {processor.py:914} INFO - Processing file /home/airflow/.local/lib/python3.12/site-packages/airflow/example_dags/example_nested_branch_dag.py for tasks to queue
[2024-11-20T14:54:59.412+0000] {logging_mixin.py:190} INFO - [2024-11-20T14:54:59.412+0000] {dagbag.py:588} INFO - Filling up the DagBag from /home/airflow/.local/lib/python3.12/site-packages/airflow/example_dags/example_nested_branch_dag.py
[2024-11-20T14:54:59.420+0000] {processor.py:925} INFO - DAG(s) 'example_nested_branch_dag' retrieved from /home/airflow/.local/lib/python3.12/site-packages/airflow/example_dags/example_nested_branch_dag.py
[2024-11-20T14:54:59.433+0000] {logging_mixin.py:190} INFO - [2024-11-20T14:54:59.433+0000] {dag.py:3239} INFO - Sync 1 DAGs
[2024-11-20T14:54:59.450+0000] {logging_mixin.py:190} INFO - [2024-11-20T14:54:59.450+0000] {dag.py:4180} INFO - Setting next_dagrun for example_nested_branch_dag to 2024-11-19 00:00:00+00:00, run_after=2024-11-20 00:00:00+00:00
[2024-11-20T14:54:59.465+0000] {processor.py:208} INFO - Processing /home/airflow/.local/lib/python3.12/site-packages/airflow/example_dags/example_nested_branch_dag.py took 0.059 seconds
[2024-11-20T14:55:30.344+0000] {processor.py:186} INFO - Started process (PID=2768) to work on /home/airflow/.local/lib/python3.12/site-packages/airflow/example_dags/example_nested_branch_dag.py
[2024-11-20T14:55:30.345+0000] {processor.py:914} INFO - Processing file /home/airflow/.local/lib/python3.12/site-packages/airflow/example_dags/example_nested_branch_dag.py for tasks to queue
[2024-11-20T14:55:30.347+0000] {logging_mixin.py:190} INFO - [2024-11-20T14:55:30.347+0000] {dagbag.py:588} INFO - Filling up the DagBag from /home/airflow/.local/lib/python3.12/site-packages/airflow/example_dags/example_nested_branch_dag.py
[2024-11-20T14:55:30.354+0000] {processor.py:925} INFO - DAG(s) 'example_nested_branch_dag' retrieved from /home/airflow/.local/lib/python3.12/site-packages/airflow/example_dags/example_nested_branch_dag.py
[2024-11-20T14:55:30.367+0000] {logging_mixin.py:190} INFO - [2024-11-20T14:55:30.367+0000] {dag.py:3239} INFO - Sync 1 DAGs
[2024-11-20T14:55:30.382+0000] {logging_mixin.py:190} INFO - [2024-11-20T14:55:30.382+0000] {dag.py:4180} INFO - Setting next_dagrun for example_nested_branch_dag to 2024-11-19 00:00:00+00:00, run_after=2024-11-20 00:00:00+00:00
[2024-11-20T14:55:30.397+0000] {processor.py:208} INFO - Processing /home/airflow/.local/lib/python3.12/site-packages/airflow/example_dags/example_nested_branch_dag.py took 0.056 seconds
[2024-11-20T14:56:00.827+0000] {processor.py:186} INFO - Started process (PID=2831) to work on /home/airflow/.local/lib/python3.12/site-packages/airflow/example_dags/example_nested_branch_dag.py
[2024-11-20T14:56:00.829+0000] {processor.py:914} INFO - Processing file /home/airflow/.local/lib/python3.12/site-packages/airflow/example_dags/example_nested_branch_dag.py for tasks to queue
[2024-11-20T14:56:00.831+0000] {logging_mixin.py:190} INFO - [2024-11-20T14:56:00.831+0000] {dagbag.py:588} INFO - Filling up the DagBag from /home/airflow/.local/lib/python3.12/site-packages/airflow/example_dags/example_nested_branch_dag.py
[2024-11-20T14:56:00.839+0000] {processor.py:925} INFO - DAG(s) 'example_nested_branch_dag' retrieved from /home/airflow/.local/lib/python3.12/site-packages/airflow/example_dags/example_nested_branch_dag.py
[2024-11-20T14:56:00.853+0000] {logging_mixin.py:190} INFO - [2024-11-20T14:56:00.853+0000] {dag.py:3239} INFO - Sync 1 DAGs
[2024-11-20T14:56:00.868+0000] {logging_mixin.py:190} INFO - [2024-11-20T14:56:00.868+0000] {dag.py:4180} INFO - Setting next_dagrun for example_nested_branch_dag to 2024-11-19 00:00:00+00:00, run_after=2024-11-20 00:00:00+00:00
[2024-11-20T14:56:00.884+0000] {processor.py:208} INFO - Processing /home/airflow/.local/lib/python3.12/site-packages/airflow/example_dags/example_nested_branch_dag.py took 0.061 seconds
[2024-11-20T14:56:31.896+0000] {processor.py:186} INFO - Started process (PID=2894) to work on /home/airflow/.local/lib/python3.12/site-packages/airflow/example_dags/example_nested_branch_dag.py
[2024-11-20T14:56:31.897+0000] {processor.py:914} INFO - Processing file /home/airflow/.local/lib/python3.12/site-packages/airflow/example_dags/example_nested_branch_dag.py for tasks to queue
[2024-11-20T14:56:31.899+0000] {logging_mixin.py:190} INFO - [2024-11-20T14:56:31.898+0000] {dagbag.py:588} INFO - Filling up the DagBag from /home/airflow/.local/lib/python3.12/site-packages/airflow/example_dags/example_nested_branch_dag.py
[2024-11-20T14:56:31.906+0000] {processor.py:925} INFO - DAG(s) 'example_nested_branch_dag' retrieved from /home/airflow/.local/lib/python3.12/site-packages/airflow/example_dags/example_nested_branch_dag.py
[2024-11-20T14:56:31.921+0000] {logging_mixin.py:190} INFO - [2024-11-20T14:56:31.921+0000] {dag.py:3239} INFO - Sync 1 DAGs
[2024-11-20T14:56:31.937+0000] {logging_mixin.py:190} INFO - [2024-11-20T14:56:31.937+0000] {dag.py:4180} INFO - Setting next_dagrun for example_nested_branch_dag to 2024-11-19 00:00:00+00:00, run_after=2024-11-20 00:00:00+00:00
[2024-11-20T14:56:31.953+0000] {processor.py:208} INFO - Processing /home/airflow/.local/lib/python3.12/site-packages/airflow/example_dags/example_nested_branch_dag.py took 0.063 seconds
[2024-11-20T14:57:03.139+0000] {processor.py:186} INFO - Started process (PID=2957) to work on /home/airflow/.local/lib/python3.12/site-packages/airflow/example_dags/example_nested_branch_dag.py
[2024-11-20T14:57:03.140+0000] {processor.py:914} INFO - Processing file /home/airflow/.local/lib/python3.12/site-packages/airflow/example_dags/example_nested_branch_dag.py for tasks to queue
[2024-11-20T14:57:03.142+0000] {logging_mixin.py:190} INFO - [2024-11-20T14:57:03.142+0000] {dagbag.py:588} INFO - Filling up the DagBag from /home/airflow/.local/lib/python3.12/site-packages/airflow/example_dags/example_nested_branch_dag.py
[2024-11-20T14:57:03.152+0000] {processor.py:925} INFO - DAG(s) 'example_nested_branch_dag' retrieved from /home/airflow/.local/lib/python3.12/site-packages/airflow/example_dags/example_nested_branch_dag.py
[2024-11-20T14:57:03.169+0000] {logging_mixin.py:190} INFO - [2024-11-20T14:57:03.169+0000] {dag.py:3239} INFO - Sync 1 DAGs
[2024-11-20T14:57:03.186+0000] {logging_mixin.py:190} INFO - [2024-11-20T14:57:03.186+0000] {dag.py:4180} INFO - Setting next_dagrun for example_nested_branch_dag to 2024-11-19 00:00:00+00:00, run_after=2024-11-20 00:00:00+00:00
[2024-11-20T14:57:03.203+0000] {processor.py:208} INFO - Processing /home/airflow/.local/lib/python3.12/site-packages/airflow/example_dags/example_nested_branch_dag.py took 0.071 seconds
[2024-11-20T14:57:33.869+0000] {processor.py:186} INFO - Started process (PID=3020) to work on /home/airflow/.local/lib/python3.12/site-packages/airflow/example_dags/example_nested_branch_dag.py
[2024-11-20T14:57:33.870+0000] {processor.py:914} INFO - Processing file /home/airflow/.local/lib/python3.12/site-packages/airflow/example_dags/example_nested_branch_dag.py for tasks to queue
[2024-11-20T14:57:33.872+0000] {logging_mixin.py:190} INFO - [2024-11-20T14:57:33.872+0000] {dagbag.py:588} INFO - Filling up the DagBag from /home/airflow/.local/lib/python3.12/site-packages/airflow/example_dags/example_nested_branch_dag.py
[2024-11-20T14:57:33.879+0000] {processor.py:925} INFO - DAG(s) 'example_nested_branch_dag' retrieved from /home/airflow/.local/lib/python3.12/site-packages/airflow/example_dags/example_nested_branch_dag.py
[2024-11-20T14:57:33.892+0000] {logging_mixin.py:190} INFO - [2024-11-20T14:57:33.892+0000] {dag.py:3239} INFO - Sync 1 DAGs
[2024-11-20T14:57:33.907+0000] {logging_mixin.py:190} INFO - [2024-11-20T14:57:33.907+0000] {dag.py:4180} INFO - Setting next_dagrun for example_nested_branch_dag to 2024-11-19 00:00:00+00:00, run_after=2024-11-20 00:00:00+00:00
[2024-11-20T14:57:34.023+0000] {processor.py:208} INFO - Processing /home/airflow/.local/lib/python3.12/site-packages/airflow/example_dags/example_nested_branch_dag.py took 0.158 seconds
[2024-11-20T14:58:04.744+0000] {processor.py:186} INFO - Started process (PID=3083) to work on /home/airflow/.local/lib/python3.12/site-packages/airflow/example_dags/example_nested_branch_dag.py
[2024-11-20T14:58:04.745+0000] {processor.py:914} INFO - Processing file /home/airflow/.local/lib/python3.12/site-packages/airflow/example_dags/example_nested_branch_dag.py for tasks to queue
[2024-11-20T14:58:04.748+0000] {logging_mixin.py:190} INFO - [2024-11-20T14:58:04.747+0000] {dagbag.py:588} INFO - Filling up the DagBag from /home/airflow/.local/lib/python3.12/site-packages/airflow/example_dags/example_nested_branch_dag.py
[2024-11-20T14:58:04.755+0000] {processor.py:925} INFO - DAG(s) 'example_nested_branch_dag' retrieved from /home/airflow/.local/lib/python3.12/site-packages/airflow/example_dags/example_nested_branch_dag.py
[2024-11-20T14:58:04.770+0000] {logging_mixin.py:190} INFO - [2024-11-20T14:58:04.769+0000] {dag.py:3239} INFO - Sync 1 DAGs
[2024-11-20T14:58:04.785+0000] {logging_mixin.py:190} INFO - [2024-11-20T14:58:04.785+0000] {dag.py:4180} INFO - Setting next_dagrun for example_nested_branch_dag to 2024-11-19 00:00:00+00:00, run_after=2024-11-20 00:00:00+00:00
[2024-11-20T14:58:04.801+0000] {processor.py:208} INFO - Processing /home/airflow/.local/lib/python3.12/site-packages/airflow/example_dags/example_nested_branch_dag.py took 0.061 seconds
[2024-11-20T14:58:35.290+0000] {processor.py:186} INFO - Started process (PID=3145) to work on /home/airflow/.local/lib/python3.12/site-packages/airflow/example_dags/example_nested_branch_dag.py
[2024-11-20T14:58:35.291+0000] {processor.py:914} INFO - Processing file /home/airflow/.local/lib/python3.12/site-packages/airflow/example_dags/example_nested_branch_dag.py for tasks to queue
[2024-11-20T14:58:35.292+0000] {logging_mixin.py:190} INFO - [2024-11-20T14:58:35.292+0000] {dagbag.py:588} INFO - Filling up the DagBag from /home/airflow/.local/lib/python3.12/site-packages/airflow/example_dags/example_nested_branch_dag.py
[2024-11-20T14:58:35.300+0000] {processor.py:925} INFO - DAG(s) 'example_nested_branch_dag' retrieved from /home/airflow/.local/lib/python3.12/site-packages/airflow/example_dags/example_nested_branch_dag.py
[2024-11-20T14:58:35.313+0000] {logging_mixin.py:190} INFO - [2024-11-20T14:58:35.313+0000] {dag.py:3239} INFO - Sync 1 DAGs
[2024-11-20T14:58:35.329+0000] {logging_mixin.py:190} INFO - [2024-11-20T14:58:35.329+0000] {dag.py:4180} INFO - Setting next_dagrun for example_nested_branch_dag to 2024-11-19 00:00:00+00:00, run_after=2024-11-20 00:00:00+00:00
[2024-11-20T14:58:35.344+0000] {processor.py:208} INFO - Processing /home/airflow/.local/lib/python3.12/site-packages/airflow/example_dags/example_nested_branch_dag.py took 0.059 seconds
[2024-11-20T14:59:06.201+0000] {processor.py:186} INFO - Started process (PID=3208) to work on /home/airflow/.local/lib/python3.12/site-packages/airflow/example_dags/example_nested_branch_dag.py
[2024-11-20T14:59:06.202+0000] {processor.py:914} INFO - Processing file /home/airflow/.local/lib/python3.12/site-packages/airflow/example_dags/example_nested_branch_dag.py for tasks to queue
[2024-11-20T14:59:06.205+0000] {logging_mixin.py:190} INFO - [2024-11-20T14:59:06.204+0000] {dagbag.py:588} INFO - Filling up the DagBag from /home/airflow/.local/lib/python3.12/site-packages/airflow/example_dags/example_nested_branch_dag.py
[2024-11-20T14:59:06.213+0000] {processor.py:925} INFO - DAG(s) 'example_nested_branch_dag' retrieved from /home/airflow/.local/lib/python3.12/site-packages/airflow/example_dags/example_nested_branch_dag.py
[2024-11-20T14:59:06.228+0000] {logging_mixin.py:190} INFO - [2024-11-20T14:59:06.227+0000] {dag.py:3239} INFO - Sync 1 DAGs
[2024-11-20T14:59:06.242+0000] {logging_mixin.py:190} INFO - [2024-11-20T14:59:06.242+0000] {dag.py:4180} INFO - Setting next_dagrun for example_nested_branch_dag to 2024-11-19 00:00:00+00:00, run_after=2024-11-20 00:00:00+00:00
[2024-11-20T14:59:06.257+0000] {processor.py:208} INFO - Processing /home/airflow/.local/lib/python3.12/site-packages/airflow/example_dags/example_nested_branch_dag.py took 0.061 seconds
[2024-11-20T14:59:38.194+0000] {processor.py:186} INFO - Started process (PID=3278) to work on /home/airflow/.local/lib/python3.12/site-packages/airflow/example_dags/example_nested_branch_dag.py
[2024-11-20T14:59:38.195+0000] {processor.py:914} INFO - Processing file /home/airflow/.local/lib/python3.12/site-packages/airflow/example_dags/example_nested_branch_dag.py for tasks to queue
[2024-11-20T14:59:38.196+0000] {logging_mixin.py:190} INFO - [2024-11-20T14:59:38.196+0000] {dagbag.py:588} INFO - Filling up the DagBag from /home/airflow/.local/lib/python3.12/site-packages/airflow/example_dags/example_nested_branch_dag.py
[2024-11-20T14:59:38.204+0000] {processor.py:925} INFO - DAG(s) 'example_nested_branch_dag' retrieved from /home/airflow/.local/lib/python3.12/site-packages/airflow/example_dags/example_nested_branch_dag.py
[2024-11-20T14:59:38.217+0000] {logging_mixin.py:190} INFO - [2024-11-20T14:59:38.217+0000] {dag.py:3239} INFO - Sync 1 DAGs
[2024-11-20T14:59:38.344+0000] {logging_mixin.py:190} INFO - [2024-11-20T14:59:38.344+0000] {dag.py:4180} INFO - Setting next_dagrun for example_nested_branch_dag to 2024-11-19 00:00:00+00:00, run_after=2024-11-20 00:00:00+00:00
[2024-11-20T14:59:38.359+0000] {processor.py:208} INFO - Processing /home/airflow/.local/lib/python3.12/site-packages/airflow/example_dags/example_nested_branch_dag.py took 0.169 seconds
[2024-11-20T15:00:08.760+0000] {processor.py:186} INFO - Started process (PID=3341) to work on /home/airflow/.local/lib/python3.12/site-packages/airflow/example_dags/example_nested_branch_dag.py
[2024-11-20T15:00:08.761+0000] {processor.py:914} INFO - Processing file /home/airflow/.local/lib/python3.12/site-packages/airflow/example_dags/example_nested_branch_dag.py for tasks to queue
[2024-11-20T15:00:08.762+0000] {logging_mixin.py:190} INFO - [2024-11-20T15:00:08.762+0000] {dagbag.py:588} INFO - Filling up the DagBag from /home/airflow/.local/lib/python3.12/site-packages/airflow/example_dags/example_nested_branch_dag.py
[2024-11-20T15:00:08.771+0000] {processor.py:925} INFO - DAG(s) 'example_nested_branch_dag' retrieved from /home/airflow/.local/lib/python3.12/site-packages/airflow/example_dags/example_nested_branch_dag.py
[2024-11-20T15:00:08.787+0000] {logging_mixin.py:190} INFO - [2024-11-20T15:00:08.787+0000] {dag.py:3239} INFO - Sync 1 DAGs
[2024-11-20T15:00:08.914+0000] {logging_mixin.py:190} INFO - [2024-11-20T15:00:08.914+0000] {dag.py:4180} INFO - Setting next_dagrun for example_nested_branch_dag to 2024-11-19 00:00:00+00:00, run_after=2024-11-20 00:00:00+00:00
[2024-11-20T15:00:08.929+0000] {processor.py:208} INFO - Processing /home/airflow/.local/lib/python3.12/site-packages/airflow/example_dags/example_nested_branch_dag.py took 0.173 seconds
[2024-11-20T15:00:39.655+0000] {processor.py:186} INFO - Started process (PID=3404) to work on /home/airflow/.local/lib/python3.12/site-packages/airflow/example_dags/example_nested_branch_dag.py
[2024-11-20T15:00:39.656+0000] {processor.py:914} INFO - Processing file /home/airflow/.local/lib/python3.12/site-packages/airflow/example_dags/example_nested_branch_dag.py for tasks to queue
[2024-11-20T15:00:39.658+0000] {logging_mixin.py:190} INFO - [2024-11-20T15:00:39.658+0000] {dagbag.py:588} INFO - Filling up the DagBag from /home/airflow/.local/lib/python3.12/site-packages/airflow/example_dags/example_nested_branch_dag.py
[2024-11-20T15:00:39.666+0000] {processor.py:925} INFO - DAG(s) 'example_nested_branch_dag' retrieved from /home/airflow/.local/lib/python3.12/site-packages/airflow/example_dags/example_nested_branch_dag.py
[2024-11-20T15:00:39.680+0000] {logging_mixin.py:190} INFO - [2024-11-20T15:00:39.680+0000] {dag.py:3239} INFO - Sync 1 DAGs
[2024-11-20T15:00:39.696+0000] {logging_mixin.py:190} INFO - [2024-11-20T15:00:39.696+0000] {dag.py:4180} INFO - Setting next_dagrun for example_nested_branch_dag to 2024-11-19 00:00:00+00:00, run_after=2024-11-20 00:00:00+00:00
[2024-11-20T15:00:39.715+0000] {processor.py:208} INFO - Processing /home/airflow/.local/lib/python3.12/site-packages/airflow/example_dags/example_nested_branch_dag.py took 0.063 seconds
[2024-11-20T15:01:10.971+0000] {processor.py:186} INFO - Started process (PID=3468) to work on /home/airflow/.local/lib/python3.12/site-packages/airflow/example_dags/example_nested_branch_dag.py
[2024-11-20T15:01:10.972+0000] {processor.py:914} INFO - Processing file /home/airflow/.local/lib/python3.12/site-packages/airflow/example_dags/example_nested_branch_dag.py for tasks to queue
[2024-11-20T15:01:10.975+0000] {logging_mixin.py:190} INFO - [2024-11-20T15:01:10.974+0000] {dagbag.py:588} INFO - Filling up the DagBag from /home/airflow/.local/lib/python3.12/site-packages/airflow/example_dags/example_nested_branch_dag.py
[2024-11-20T15:01:10.982+0000] {processor.py:925} INFO - DAG(s) 'example_nested_branch_dag' retrieved from /home/airflow/.local/lib/python3.12/site-packages/airflow/example_dags/example_nested_branch_dag.py
[2024-11-20T15:01:10.997+0000] {logging_mixin.py:190} INFO - [2024-11-20T15:01:10.996+0000] {dag.py:3239} INFO - Sync 1 DAGs
[2024-11-20T15:01:11.012+0000] {logging_mixin.py:190} INFO - [2024-11-20T15:01:11.012+0000] {dag.py:4180} INFO - Setting next_dagrun for example_nested_branch_dag to 2024-11-19 00:00:00+00:00, run_after=2024-11-20 00:00:00+00:00
[2024-11-20T15:01:11.025+0000] {processor.py:208} INFO - Processing /home/airflow/.local/lib/python3.12/site-packages/airflow/example_dags/example_nested_branch_dag.py took 0.058 seconds
[2024-11-20T15:01:41.868+0000] {processor.py:186} INFO - Started process (PID=3531) to work on /home/airflow/.local/lib/python3.12/site-packages/airflow/example_dags/example_nested_branch_dag.py
[2024-11-20T15:01:41.882+0000] {processor.py:914} INFO - Processing file /home/airflow/.local/lib/python3.12/site-packages/airflow/example_dags/example_nested_branch_dag.py for tasks to queue
[2024-11-20T15:01:41.885+0000] {logging_mixin.py:190} INFO - [2024-11-20T15:01:41.884+0000] {dagbag.py:588} INFO - Filling up the DagBag from /home/airflow/.local/lib/python3.12/site-packages/airflow/example_dags/example_nested_branch_dag.py
[2024-11-20T15:01:41.896+0000] {processor.py:925} INFO - DAG(s) 'example_nested_branch_dag' retrieved from /home/airflow/.local/lib/python3.12/site-packages/airflow/example_dags/example_nested_branch_dag.py
[2024-11-20T15:01:41.909+0000] {logging_mixin.py:190} INFO - [2024-11-20T15:01:41.909+0000] {dag.py:3239} INFO - Sync 1 DAGs
[2024-11-20T15:01:41.924+0000] {logging_mixin.py:190} INFO - [2024-11-20T15:01:41.924+0000] {dag.py:4180} INFO - Setting next_dagrun for example_nested_branch_dag to 2024-11-19 00:00:00+00:00, run_after=2024-11-20 00:00:00+00:00
[2024-11-20T15:01:41.939+0000] {processor.py:208} INFO - Processing /home/airflow/.local/lib/python3.12/site-packages/airflow/example_dags/example_nested_branch_dag.py took 0.074 seconds
[2024-11-20T15:02:13.102+0000] {processor.py:186} INFO - Started process (PID=3594) to work on /home/airflow/.local/lib/python3.12/site-packages/airflow/example_dags/example_nested_branch_dag.py
[2024-11-20T15:02:13.108+0000] {processor.py:914} INFO - Processing file /home/airflow/.local/lib/python3.12/site-packages/airflow/example_dags/example_nested_branch_dag.py for tasks to queue
[2024-11-20T15:02:13.116+0000] {logging_mixin.py:190} INFO - [2024-11-20T15:02:13.115+0000] {dagbag.py:588} INFO - Filling up the DagBag from /home/airflow/.local/lib/python3.12/site-packages/airflow/example_dags/example_nested_branch_dag.py
[2024-11-20T15:02:13.134+0000] {processor.py:925} INFO - DAG(s) 'example_nested_branch_dag' retrieved from /home/airflow/.local/lib/python3.12/site-packages/airflow/example_dags/example_nested_branch_dag.py
[2024-11-20T15:02:13.149+0000] {logging_mixin.py:190} INFO - [2024-11-20T15:02:13.149+0000] {dag.py:3239} INFO - Sync 1 DAGs
[2024-11-20T15:02:13.165+0000] {logging_mixin.py:190} INFO - [2024-11-20T15:02:13.165+0000] {dag.py:4180} INFO - Setting next_dagrun for example_nested_branch_dag to 2024-11-19 00:00:00+00:00, run_after=2024-11-20 00:00:00+00:00
[2024-11-20T15:02:13.181+0000] {processor.py:208} INFO - Processing /home/airflow/.local/lib/python3.12/site-packages/airflow/example_dags/example_nested_branch_dag.py took 0.083 seconds
[2024-11-20T15:02:43.839+0000] {processor.py:186} INFO - Started process (PID=3657) to work on /home/airflow/.local/lib/python3.12/site-packages/airflow/example_dags/example_nested_branch_dag.py
[2024-11-20T15:02:43.840+0000] {processor.py:914} INFO - Processing file /home/airflow/.local/lib/python3.12/site-packages/airflow/example_dags/example_nested_branch_dag.py for tasks to queue
[2024-11-20T15:02:43.842+0000] {logging_mixin.py:190} INFO - [2024-11-20T15:02:43.841+0000] {dagbag.py:588} INFO - Filling up the DagBag from /home/airflow/.local/lib/python3.12/site-packages/airflow/example_dags/example_nested_branch_dag.py
[2024-11-20T15:02:43.850+0000] {processor.py:925} INFO - DAG(s) 'example_nested_branch_dag' retrieved from /home/airflow/.local/lib/python3.12/site-packages/airflow/example_dags/example_nested_branch_dag.py
[2024-11-20T15:02:43.863+0000] {logging_mixin.py:190} INFO - [2024-11-20T15:02:43.863+0000] {dag.py:3239} INFO - Sync 1 DAGs
[2024-11-20T15:02:43.878+0000] {logging_mixin.py:190} INFO - [2024-11-20T15:02:43.878+0000] {dag.py:4180} INFO - Setting next_dagrun for example_nested_branch_dag to 2024-11-19 00:00:00+00:00, run_after=2024-11-20 00:00:00+00:00
[2024-11-20T15:02:43.891+0000] {processor.py:208} INFO - Processing /home/airflow/.local/lib/python3.12/site-packages/airflow/example_dags/example_nested_branch_dag.py took 0.056 seconds
