[2024-11-20T14:27:52.129+0000] {processor.py:186} INFO - Started process (PID=117) to work on /home/airflow/.local/lib/python3.12/site-packages/airflow/example_dags/example_kubernetes_executor.py
[2024-11-20T14:27:52.130+0000] {processor.py:914} INFO - Processing file /home/airflow/.local/lib/python3.12/site-packages/airflow/example_dags/example_kubernetes_executor.py for tasks to queue
[2024-11-20T14:27:52.132+0000] {logging_mixin.py:190} INFO - [2024-11-20T14:27:52.132+0000] {dagbag.py:588} INFO - Filling up the DagBag from /home/airflow/.local/lib/python3.12/site-packages/airflow/example_dags/example_kubernetes_executor.py
[2024-11-20T14:27:52.143+0000] {processor.py:925} INFO - DAG(s) 'example_kubernetes_executor' retrieved from /home/airflow/.local/lib/python3.12/site-packages/airflow/example_dags/example_kubernetes_executor.py
[2024-11-20T14:27:52.235+0000] {logging_mixin.py:190} INFO - [2024-11-20T14:27:52.235+0000] {override.py:1911} INFO - Created Permission View: can read on DAG:example_kubernetes_executor
[2024-11-20T14:27:52.247+0000] {logging_mixin.py:190} INFO - [2024-11-20T14:27:52.246+0000] {override.py:1911} INFO - Created Permission View: can edit on DAG:example_kubernetes_executor
[2024-11-20T14:27:52.253+0000] {logging_mixin.py:190} INFO - [2024-11-20T14:27:52.253+0000] {override.py:1911} INFO - Created Permission View: can delete on DAG:example_kubernetes_executor
[2024-11-20T14:27:52.261+0000] {logging_mixin.py:190} INFO - [2024-11-20T14:27:52.261+0000] {override.py:1911} INFO - Created Permission View: can read on DAG Run:example_kubernetes_executor
[2024-11-20T14:27:52.268+0000] {logging_mixin.py:190} INFO - [2024-11-20T14:27:52.267+0000] {override.py:1911} INFO - Created Permission View: menu access on DAG Run:example_kubernetes_executor
[2024-11-20T14:27:52.276+0000] {logging_mixin.py:190} INFO - [2024-11-20T14:27:52.276+0000] {override.py:1911} INFO - Created Permission View: can create on DAG Run:example_kubernetes_executor
[2024-11-20T14:27:52.282+0000] {logging_mixin.py:190} INFO - [2024-11-20T14:27:52.282+0000] {override.py:1911} INFO - Created Permission View: can delete on DAG Run:example_kubernetes_executor
[2024-11-20T14:27:52.283+0000] {logging_mixin.py:190} INFO - [2024-11-20T14:27:52.282+0000] {dag.py:3239} INFO - Sync 1 DAGs
[2024-11-20T14:27:52.292+0000] {logging_mixin.py:190} INFO - [2024-11-20T14:27:52.291+0000] {dag.py:3262} INFO - Creating ORM DAG for example_kubernetes_executor
[2024-11-20T14:27:52.292+0000] {logging_mixin.py:190} INFO - [2024-11-20T14:27:52.292+0000] {dag.py:4180} INFO - Setting next_dagrun for example_kubernetes_executor to None, run_after=None
[2024-11-20T14:27:52.306+0000] {processor.py:208} INFO - Processing /home/airflow/.local/lib/python3.12/site-packages/airflow/example_dags/example_kubernetes_executor.py took 0.181 seconds
[2024-11-20T14:28:23.008+0000] {processor.py:186} INFO - Started process (PID=180) to work on /home/airflow/.local/lib/python3.12/site-packages/airflow/example_dags/example_kubernetes_executor.py
[2024-11-20T14:28:23.009+0000] {processor.py:914} INFO - Processing file /home/airflow/.local/lib/python3.12/site-packages/airflow/example_dags/example_kubernetes_executor.py for tasks to queue
[2024-11-20T14:28:23.011+0000] {logging_mixin.py:190} INFO - [2024-11-20T14:28:23.011+0000] {dagbag.py:588} INFO - Filling up the DagBag from /home/airflow/.local/lib/python3.12/site-packages/airflow/example_dags/example_kubernetes_executor.py
[2024-11-20T14:28:23.022+0000] {processor.py:925} INFO - DAG(s) 'example_kubernetes_executor' retrieved from /home/airflow/.local/lib/python3.12/site-packages/airflow/example_dags/example_kubernetes_executor.py
[2024-11-20T14:28:23.049+0000] {logging_mixin.py:190} INFO - [2024-11-20T14:28:23.049+0000] {dag.py:3239} INFO - Sync 1 DAGs
[2024-11-20T14:28:23.060+0000] {logging_mixin.py:190} INFO - [2024-11-20T14:28:23.060+0000] {dag.py:4180} INFO - Setting next_dagrun for example_kubernetes_executor to None, run_after=None
[2024-11-20T14:28:23.076+0000] {processor.py:208} INFO - Processing /home/airflow/.local/lib/python3.12/site-packages/airflow/example_dags/example_kubernetes_executor.py took 0.072 seconds
[2024-11-20T14:28:53.217+0000] {processor.py:186} INFO - Started process (PID=242) to work on /home/airflow/.local/lib/python3.12/site-packages/airflow/example_dags/example_kubernetes_executor.py
[2024-11-20T14:28:53.218+0000] {processor.py:914} INFO - Processing file /home/airflow/.local/lib/python3.12/site-packages/airflow/example_dags/example_kubernetes_executor.py for tasks to queue
[2024-11-20T14:28:53.220+0000] {logging_mixin.py:190} INFO - [2024-11-20T14:28:53.220+0000] {dagbag.py:588} INFO - Filling up the DagBag from /home/airflow/.local/lib/python3.12/site-packages/airflow/example_dags/example_kubernetes_executor.py
[2024-11-20T14:28:53.230+0000] {processor.py:925} INFO - DAG(s) 'example_kubernetes_executor' retrieved from /home/airflow/.local/lib/python3.12/site-packages/airflow/example_dags/example_kubernetes_executor.py
[2024-11-20T14:28:53.257+0000] {logging_mixin.py:190} INFO - [2024-11-20T14:28:53.257+0000] {dag.py:3239} INFO - Sync 1 DAGs
[2024-11-20T14:28:53.267+0000] {logging_mixin.py:190} INFO - [2024-11-20T14:28:53.267+0000] {dag.py:4180} INFO - Setting next_dagrun for example_kubernetes_executor to None, run_after=None
[2024-11-20T14:28:53.282+0000] {processor.py:208} INFO - Processing /home/airflow/.local/lib/python3.12/site-packages/airflow/example_dags/example_kubernetes_executor.py took 0.070 seconds
[2024-11-20T14:29:23.668+0000] {processor.py:186} INFO - Started process (PID=304) to work on /home/airflow/.local/lib/python3.12/site-packages/airflow/example_dags/example_kubernetes_executor.py
[2024-11-20T14:29:23.669+0000] {processor.py:914} INFO - Processing file /home/airflow/.local/lib/python3.12/site-packages/airflow/example_dags/example_kubernetes_executor.py for tasks to queue
[2024-11-20T14:29:23.671+0000] {logging_mixin.py:190} INFO - [2024-11-20T14:29:23.671+0000] {dagbag.py:588} INFO - Filling up the DagBag from /home/airflow/.local/lib/python3.12/site-packages/airflow/example_dags/example_kubernetes_executor.py
[2024-11-20T14:29:23.681+0000] {processor.py:925} INFO - DAG(s) 'example_kubernetes_executor' retrieved from /home/airflow/.local/lib/python3.12/site-packages/airflow/example_dags/example_kubernetes_executor.py
[2024-11-20T14:29:23.706+0000] {logging_mixin.py:190} INFO - [2024-11-20T14:29:23.706+0000] {dag.py:3239} INFO - Sync 1 DAGs
[2024-11-20T14:29:23.717+0000] {logging_mixin.py:190} INFO - [2024-11-20T14:29:23.716+0000] {dag.py:4180} INFO - Setting next_dagrun for example_kubernetes_executor to None, run_after=None
[2024-11-20T14:29:23.733+0000] {processor.py:208} INFO - Processing /home/airflow/.local/lib/python3.12/site-packages/airflow/example_dags/example_kubernetes_executor.py took 0.073 seconds
[2024-11-20T14:29:53.947+0000] {processor.py:186} INFO - Started process (PID=367) to work on /home/airflow/.local/lib/python3.12/site-packages/airflow/example_dags/example_kubernetes_executor.py
[2024-11-20T14:29:53.948+0000] {processor.py:914} INFO - Processing file /home/airflow/.local/lib/python3.12/site-packages/airflow/example_dags/example_kubernetes_executor.py for tasks to queue
[2024-11-20T14:29:53.950+0000] {logging_mixin.py:190} INFO - [2024-11-20T14:29:53.950+0000] {dagbag.py:588} INFO - Filling up the DagBag from /home/airflow/.local/lib/python3.12/site-packages/airflow/example_dags/example_kubernetes_executor.py
[2024-11-20T14:29:53.963+0000] {processor.py:925} INFO - DAG(s) 'example_kubernetes_executor' retrieved from /home/airflow/.local/lib/python3.12/site-packages/airflow/example_dags/example_kubernetes_executor.py
[2024-11-20T14:29:53.987+0000] {logging_mixin.py:190} INFO - [2024-11-20T14:29:53.986+0000] {dag.py:3239} INFO - Sync 1 DAGs
[2024-11-20T14:29:53.996+0000] {logging_mixin.py:190} INFO - [2024-11-20T14:29:53.996+0000] {dag.py:4180} INFO - Setting next_dagrun for example_kubernetes_executor to None, run_after=None
[2024-11-20T14:29:54.009+0000] {processor.py:208} INFO - Processing /home/airflow/.local/lib/python3.12/site-packages/airflow/example_dags/example_kubernetes_executor.py took 0.065 seconds
[2024-11-20T14:30:24.299+0000] {processor.py:186} INFO - Started process (PID=430) to work on /home/airflow/.local/lib/python3.12/site-packages/airflow/example_dags/example_kubernetes_executor.py
[2024-11-20T14:30:24.300+0000] {processor.py:914} INFO - Processing file /home/airflow/.local/lib/python3.12/site-packages/airflow/example_dags/example_kubernetes_executor.py for tasks to queue
[2024-11-20T14:30:24.302+0000] {logging_mixin.py:190} INFO - [2024-11-20T14:30:24.302+0000] {dagbag.py:588} INFO - Filling up the DagBag from /home/airflow/.local/lib/python3.12/site-packages/airflow/example_dags/example_kubernetes_executor.py
[2024-11-20T14:30:24.312+0000] {processor.py:925} INFO - DAG(s) 'example_kubernetes_executor' retrieved from /home/airflow/.local/lib/python3.12/site-packages/airflow/example_dags/example_kubernetes_executor.py
[2024-11-20T14:30:24.341+0000] {logging_mixin.py:190} INFO - [2024-11-20T14:30:24.341+0000] {dag.py:3239} INFO - Sync 1 DAGs
[2024-11-20T14:30:24.351+0000] {logging_mixin.py:190} INFO - [2024-11-20T14:30:24.351+0000] {dag.py:4180} INFO - Setting next_dagrun for example_kubernetes_executor to None, run_after=None
[2024-11-20T14:30:24.370+0000] {processor.py:208} INFO - Processing /home/airflow/.local/lib/python3.12/site-packages/airflow/example_dags/example_kubernetes_executor.py took 0.075 seconds
[2024-11-20T14:30:54.908+0000] {processor.py:186} INFO - Started process (PID=494) to work on /home/airflow/.local/lib/python3.12/site-packages/airflow/example_dags/example_kubernetes_executor.py
[2024-11-20T14:30:54.910+0000] {processor.py:914} INFO - Processing file /home/airflow/.local/lib/python3.12/site-packages/airflow/example_dags/example_kubernetes_executor.py for tasks to queue
[2024-11-20T14:30:54.912+0000] {logging_mixin.py:190} INFO - [2024-11-20T14:30:54.912+0000] {dagbag.py:588} INFO - Filling up the DagBag from /home/airflow/.local/lib/python3.12/site-packages/airflow/example_dags/example_kubernetes_executor.py
[2024-11-20T14:30:54.923+0000] {processor.py:925} INFO - DAG(s) 'example_kubernetes_executor' retrieved from /home/airflow/.local/lib/python3.12/site-packages/airflow/example_dags/example_kubernetes_executor.py
[2024-11-20T14:30:54.950+0000] {logging_mixin.py:190} INFO - [2024-11-20T14:30:54.950+0000] {dag.py:3239} INFO - Sync 1 DAGs
[2024-11-20T14:30:54.959+0000] {logging_mixin.py:190} INFO - [2024-11-20T14:30:54.959+0000] {dag.py:4180} INFO - Setting next_dagrun for example_kubernetes_executor to None, run_after=None
[2024-11-20T14:30:54.973+0000] {processor.py:208} INFO - Processing /home/airflow/.local/lib/python3.12/site-packages/airflow/example_dags/example_kubernetes_executor.py took 0.069 seconds
[2024-11-20T14:31:25.367+0000] {processor.py:186} INFO - Started process (PID=557) to work on /home/airflow/.local/lib/python3.12/site-packages/airflow/example_dags/example_kubernetes_executor.py
[2024-11-20T14:31:25.368+0000] {processor.py:914} INFO - Processing file /home/airflow/.local/lib/python3.12/site-packages/airflow/example_dags/example_kubernetes_executor.py for tasks to queue
[2024-11-20T14:31:25.369+0000] {logging_mixin.py:190} INFO - [2024-11-20T14:31:25.369+0000] {dagbag.py:588} INFO - Filling up the DagBag from /home/airflow/.local/lib/python3.12/site-packages/airflow/example_dags/example_kubernetes_executor.py
[2024-11-20T14:31:25.381+0000] {processor.py:925} INFO - DAG(s) 'example_kubernetes_executor' retrieved from /home/airflow/.local/lib/python3.12/site-packages/airflow/example_dags/example_kubernetes_executor.py
[2024-11-20T14:31:25.406+0000] {logging_mixin.py:190} INFO - [2024-11-20T14:31:25.406+0000] {dag.py:3239} INFO - Sync 1 DAGs
[2024-11-20T14:31:25.415+0000] {logging_mixin.py:190} INFO - [2024-11-20T14:31:25.415+0000] {dag.py:4180} INFO - Setting next_dagrun for example_kubernetes_executor to None, run_after=None
[2024-11-20T14:31:25.430+0000] {processor.py:208} INFO - Processing /home/airflow/.local/lib/python3.12/site-packages/airflow/example_dags/example_kubernetes_executor.py took 0.068 seconds
[2024-11-20T14:31:56.109+0000] {processor.py:186} INFO - Started process (PID=620) to work on /home/airflow/.local/lib/python3.12/site-packages/airflow/example_dags/example_kubernetes_executor.py
[2024-11-20T14:31:56.111+0000] {processor.py:914} INFO - Processing file /home/airflow/.local/lib/python3.12/site-packages/airflow/example_dags/example_kubernetes_executor.py for tasks to queue
[2024-11-20T14:31:56.113+0000] {logging_mixin.py:190} INFO - [2024-11-20T14:31:56.112+0000] {dagbag.py:588} INFO - Filling up the DagBag from /home/airflow/.local/lib/python3.12/site-packages/airflow/example_dags/example_kubernetes_executor.py
[2024-11-20T14:31:56.123+0000] {processor.py:925} INFO - DAG(s) 'example_kubernetes_executor' retrieved from /home/airflow/.local/lib/python3.12/site-packages/airflow/example_dags/example_kubernetes_executor.py
[2024-11-20T14:31:56.149+0000] {logging_mixin.py:190} INFO - [2024-11-20T14:31:56.149+0000] {dag.py:3239} INFO - Sync 1 DAGs
[2024-11-20T14:31:56.159+0000] {logging_mixin.py:190} INFO - [2024-11-20T14:31:56.159+0000] {dag.py:4180} INFO - Setting next_dagrun for example_kubernetes_executor to None, run_after=None
[2024-11-20T14:31:56.173+0000] {processor.py:208} INFO - Processing /home/airflow/.local/lib/python3.12/site-packages/airflow/example_dags/example_kubernetes_executor.py took 0.069 seconds
[2024-11-20T14:32:27.316+0000] {processor.py:186} INFO - Started process (PID=683) to work on /home/airflow/.local/lib/python3.12/site-packages/airflow/example_dags/example_kubernetes_executor.py
[2024-11-20T14:32:27.317+0000] {processor.py:914} INFO - Processing file /home/airflow/.local/lib/python3.12/site-packages/airflow/example_dags/example_kubernetes_executor.py for tasks to queue
[2024-11-20T14:32:27.318+0000] {logging_mixin.py:190} INFO - [2024-11-20T14:32:27.318+0000] {dagbag.py:588} INFO - Filling up the DagBag from /home/airflow/.local/lib/python3.12/site-packages/airflow/example_dags/example_kubernetes_executor.py
[2024-11-20T14:32:27.328+0000] {processor.py:925} INFO - DAG(s) 'example_kubernetes_executor' retrieved from /home/airflow/.local/lib/python3.12/site-packages/airflow/example_dags/example_kubernetes_executor.py
[2024-11-20T14:32:27.350+0000] {logging_mixin.py:190} INFO - [2024-11-20T14:32:27.350+0000] {dag.py:3239} INFO - Sync 1 DAGs
[2024-11-20T14:32:27.360+0000] {logging_mixin.py:190} INFO - [2024-11-20T14:32:27.360+0000] {dag.py:4180} INFO - Setting next_dagrun for example_kubernetes_executor to None, run_after=None
[2024-11-20T14:32:27.373+0000] {processor.py:208} INFO - Processing /home/airflow/.local/lib/python3.12/site-packages/airflow/example_dags/example_kubernetes_executor.py took 0.061 seconds
[2024-11-20T14:32:58.124+0000] {processor.py:186} INFO - Started process (PID=745) to work on /home/airflow/.local/lib/python3.12/site-packages/airflow/example_dags/example_kubernetes_executor.py
[2024-11-20T14:32:58.128+0000] {processor.py:914} INFO - Processing file /home/airflow/.local/lib/python3.12/site-packages/airflow/example_dags/example_kubernetes_executor.py for tasks to queue
[2024-11-20T14:32:58.133+0000] {logging_mixin.py:190} INFO - [2024-11-20T14:32:58.133+0000] {dagbag.py:588} INFO - Filling up the DagBag from /home/airflow/.local/lib/python3.12/site-packages/airflow/example_dags/example_kubernetes_executor.py
[2024-11-20T14:32:58.144+0000] {processor.py:925} INFO - DAG(s) 'example_kubernetes_executor' retrieved from /home/airflow/.local/lib/python3.12/site-packages/airflow/example_dags/example_kubernetes_executor.py
[2024-11-20T14:32:58.171+0000] {logging_mixin.py:190} INFO - [2024-11-20T14:32:58.171+0000] {dag.py:3239} INFO - Sync 1 DAGs
[2024-11-20T14:32:58.181+0000] {logging_mixin.py:190} INFO - [2024-11-20T14:32:58.181+0000] {dag.py:4180} INFO - Setting next_dagrun for example_kubernetes_executor to None, run_after=None
[2024-11-20T14:32:58.194+0000] {processor.py:208} INFO - Processing /home/airflow/.local/lib/python3.12/site-packages/airflow/example_dags/example_kubernetes_executor.py took 0.075 seconds
[2024-11-20T14:33:28.706+0000] {processor.py:186} INFO - Started process (PID=808) to work on /home/airflow/.local/lib/python3.12/site-packages/airflow/example_dags/example_kubernetes_executor.py
[2024-11-20T14:33:28.710+0000] {processor.py:914} INFO - Processing file /home/airflow/.local/lib/python3.12/site-packages/airflow/example_dags/example_kubernetes_executor.py for tasks to queue
[2024-11-20T14:33:28.712+0000] {logging_mixin.py:190} INFO - [2024-11-20T14:33:28.711+0000] {dagbag.py:588} INFO - Filling up the DagBag from /home/airflow/.local/lib/python3.12/site-packages/airflow/example_dags/example_kubernetes_executor.py
[2024-11-20T14:33:28.725+0000] {processor.py:925} INFO - DAG(s) 'example_kubernetes_executor' retrieved from /home/airflow/.local/lib/python3.12/site-packages/airflow/example_dags/example_kubernetes_executor.py
[2024-11-20T14:33:28.749+0000] {logging_mixin.py:190} INFO - [2024-11-20T14:33:28.749+0000] {dag.py:3239} INFO - Sync 1 DAGs
[2024-11-20T14:33:28.761+0000] {logging_mixin.py:190} INFO - [2024-11-20T14:33:28.760+0000] {dag.py:4180} INFO - Setting next_dagrun for example_kubernetes_executor to None, run_after=None
[2024-11-20T14:33:28.773+0000] {processor.py:208} INFO - Processing /home/airflow/.local/lib/python3.12/site-packages/airflow/example_dags/example_kubernetes_executor.py took 0.071 seconds
[2024-11-20T14:33:59.283+0000] {processor.py:186} INFO - Started process (PID=871) to work on /home/airflow/.local/lib/python3.12/site-packages/airflow/example_dags/example_kubernetes_executor.py
[2024-11-20T14:33:59.284+0000] {processor.py:914} INFO - Processing file /home/airflow/.local/lib/python3.12/site-packages/airflow/example_dags/example_kubernetes_executor.py for tasks to queue
[2024-11-20T14:33:59.286+0000] {logging_mixin.py:190} INFO - [2024-11-20T14:33:59.285+0000] {dagbag.py:588} INFO - Filling up the DagBag from /home/airflow/.local/lib/python3.12/site-packages/airflow/example_dags/example_kubernetes_executor.py
[2024-11-20T14:33:59.295+0000] {processor.py:925} INFO - DAG(s) 'example_kubernetes_executor' retrieved from /home/airflow/.local/lib/python3.12/site-packages/airflow/example_dags/example_kubernetes_executor.py
[2024-11-20T14:33:59.327+0000] {logging_mixin.py:190} INFO - [2024-11-20T14:33:59.327+0000] {dag.py:3239} INFO - Sync 1 DAGs
[2024-11-20T14:33:59.336+0000] {logging_mixin.py:190} INFO - [2024-11-20T14:33:59.336+0000] {dag.py:4180} INFO - Setting next_dagrun for example_kubernetes_executor to None, run_after=None
[2024-11-20T14:33:59.351+0000] {processor.py:208} INFO - Processing /home/airflow/.local/lib/python3.12/site-packages/airflow/example_dags/example_kubernetes_executor.py took 0.072 seconds
[2024-11-20T14:34:29.932+0000] {processor.py:186} INFO - Started process (PID=934) to work on /home/airflow/.local/lib/python3.12/site-packages/airflow/example_dags/example_kubernetes_executor.py
[2024-11-20T14:34:29.934+0000] {processor.py:914} INFO - Processing file /home/airflow/.local/lib/python3.12/site-packages/airflow/example_dags/example_kubernetes_executor.py for tasks to queue
[2024-11-20T14:34:29.935+0000] {logging_mixin.py:190} INFO - [2024-11-20T14:34:29.935+0000] {dagbag.py:588} INFO - Filling up the DagBag from /home/airflow/.local/lib/python3.12/site-packages/airflow/example_dags/example_kubernetes_executor.py
[2024-11-20T14:34:29.945+0000] {processor.py:925} INFO - DAG(s) 'example_kubernetes_executor' retrieved from /home/airflow/.local/lib/python3.12/site-packages/airflow/example_dags/example_kubernetes_executor.py
[2024-11-20T14:34:29.968+0000] {logging_mixin.py:190} INFO - [2024-11-20T14:34:29.968+0000] {dag.py:3239} INFO - Sync 1 DAGs
[2024-11-20T14:34:29.977+0000] {logging_mixin.py:190} INFO - [2024-11-20T14:34:29.977+0000] {dag.py:4180} INFO - Setting next_dagrun for example_kubernetes_executor to None, run_after=None
[2024-11-20T14:34:29.993+0000] {processor.py:208} INFO - Processing /home/airflow/.local/lib/python3.12/site-packages/airflow/example_dags/example_kubernetes_executor.py took 0.064 seconds
[2024-11-20T14:35:00.805+0000] {processor.py:186} INFO - Started process (PID=997) to work on /home/airflow/.local/lib/python3.12/site-packages/airflow/example_dags/example_kubernetes_executor.py
[2024-11-20T14:35:00.806+0000] {processor.py:914} INFO - Processing file /home/airflow/.local/lib/python3.12/site-packages/airflow/example_dags/example_kubernetes_executor.py for tasks to queue
[2024-11-20T14:35:00.807+0000] {logging_mixin.py:190} INFO - [2024-11-20T14:35:00.807+0000] {dagbag.py:588} INFO - Filling up the DagBag from /home/airflow/.local/lib/python3.12/site-packages/airflow/example_dags/example_kubernetes_executor.py
[2024-11-20T14:35:00.816+0000] {processor.py:925} INFO - DAG(s) 'example_kubernetes_executor' retrieved from /home/airflow/.local/lib/python3.12/site-packages/airflow/example_dags/example_kubernetes_executor.py
[2024-11-20T14:35:00.841+0000] {logging_mixin.py:190} INFO - [2024-11-20T14:35:00.841+0000] {dag.py:3239} INFO - Sync 1 DAGs
[2024-11-20T14:35:00.850+0000] {logging_mixin.py:190} INFO - [2024-11-20T14:35:00.850+0000] {dag.py:4180} INFO - Setting next_dagrun for example_kubernetes_executor to None, run_after=None
[2024-11-20T14:35:00.865+0000] {processor.py:208} INFO - Processing /home/airflow/.local/lib/python3.12/site-packages/airflow/example_dags/example_kubernetes_executor.py took 0.065 seconds
[2024-11-20T14:35:31.441+0000] {processor.py:186} INFO - Started process (PID=1060) to work on /home/airflow/.local/lib/python3.12/site-packages/airflow/example_dags/example_kubernetes_executor.py
[2024-11-20T14:35:31.442+0000] {processor.py:914} INFO - Processing file /home/airflow/.local/lib/python3.12/site-packages/airflow/example_dags/example_kubernetes_executor.py for tasks to queue
[2024-11-20T14:35:31.445+0000] {logging_mixin.py:190} INFO - [2024-11-20T14:35:31.444+0000] {dagbag.py:588} INFO - Filling up the DagBag from /home/airflow/.local/lib/python3.12/site-packages/airflow/example_dags/example_kubernetes_executor.py
[2024-11-20T14:35:31.454+0000] {processor.py:925} INFO - DAG(s) 'example_kubernetes_executor' retrieved from /home/airflow/.local/lib/python3.12/site-packages/airflow/example_dags/example_kubernetes_executor.py
[2024-11-20T14:35:31.482+0000] {logging_mixin.py:190} INFO - [2024-11-20T14:35:31.482+0000] {dag.py:3239} INFO - Sync 1 DAGs
[2024-11-20T14:35:31.493+0000] {logging_mixin.py:190} INFO - [2024-11-20T14:35:31.493+0000] {dag.py:4180} INFO - Setting next_dagrun for example_kubernetes_executor to None, run_after=None
[2024-11-20T14:35:31.512+0000] {processor.py:208} INFO - Processing /home/airflow/.local/lib/python3.12/site-packages/airflow/example_dags/example_kubernetes_executor.py took 0.077 seconds
[2024-11-20T14:36:02.361+0000] {processor.py:186} INFO - Started process (PID=1123) to work on /home/airflow/.local/lib/python3.12/site-packages/airflow/example_dags/example_kubernetes_executor.py
[2024-11-20T14:36:02.362+0000] {processor.py:914} INFO - Processing file /home/airflow/.local/lib/python3.12/site-packages/airflow/example_dags/example_kubernetes_executor.py for tasks to queue
[2024-11-20T14:36:02.364+0000] {logging_mixin.py:190} INFO - [2024-11-20T14:36:02.364+0000] {dagbag.py:588} INFO - Filling up the DagBag from /home/airflow/.local/lib/python3.12/site-packages/airflow/example_dags/example_kubernetes_executor.py
[2024-11-20T14:36:02.374+0000] {processor.py:925} INFO - DAG(s) 'example_kubernetes_executor' retrieved from /home/airflow/.local/lib/python3.12/site-packages/airflow/example_dags/example_kubernetes_executor.py
[2024-11-20T14:36:02.399+0000] {logging_mixin.py:190} INFO - [2024-11-20T14:36:02.399+0000] {dag.py:3239} INFO - Sync 1 DAGs
[2024-11-20T14:36:02.409+0000] {logging_mixin.py:190} INFO - [2024-11-20T14:36:02.409+0000] {dag.py:4180} INFO - Setting next_dagrun for example_kubernetes_executor to None, run_after=None
[2024-11-20T14:36:02.422+0000] {processor.py:208} INFO - Processing /home/airflow/.local/lib/python3.12/site-packages/airflow/example_dags/example_kubernetes_executor.py took 0.065 seconds
[2024-11-20T14:36:32.727+0000] {processor.py:186} INFO - Started process (PID=1186) to work on /home/airflow/.local/lib/python3.12/site-packages/airflow/example_dags/example_kubernetes_executor.py
[2024-11-20T14:36:32.727+0000] {processor.py:914} INFO - Processing file /home/airflow/.local/lib/python3.12/site-packages/airflow/example_dags/example_kubernetes_executor.py for tasks to queue
[2024-11-20T14:36:32.729+0000] {logging_mixin.py:190} INFO - [2024-11-20T14:36:32.729+0000] {dagbag.py:588} INFO - Filling up the DagBag from /home/airflow/.local/lib/python3.12/site-packages/airflow/example_dags/example_kubernetes_executor.py
[2024-11-20T14:36:32.738+0000] {processor.py:925} INFO - DAG(s) 'example_kubernetes_executor' retrieved from /home/airflow/.local/lib/python3.12/site-packages/airflow/example_dags/example_kubernetes_executor.py
[2024-11-20T14:36:32.758+0000] {logging_mixin.py:190} INFO - [2024-11-20T14:36:32.758+0000] {dag.py:3239} INFO - Sync 1 DAGs
[2024-11-20T14:36:32.767+0000] {logging_mixin.py:190} INFO - [2024-11-20T14:36:32.767+0000] {dag.py:4180} INFO - Setting next_dagrun for example_kubernetes_executor to None, run_after=None
[2024-11-20T14:36:32.780+0000] {processor.py:208} INFO - Processing /home/airflow/.local/lib/python3.12/site-packages/airflow/example_dags/example_kubernetes_executor.py took 0.057 seconds
[2024-11-20T14:37:03.224+0000] {processor.py:186} INFO - Started process (PID=1249) to work on /home/airflow/.local/lib/python3.12/site-packages/airflow/example_dags/example_kubernetes_executor.py
[2024-11-20T14:37:03.227+0000] {processor.py:914} INFO - Processing file /home/airflow/.local/lib/python3.12/site-packages/airflow/example_dags/example_kubernetes_executor.py for tasks to queue
[2024-11-20T14:37:03.229+0000] {logging_mixin.py:190} INFO - [2024-11-20T14:37:03.229+0000] {dagbag.py:588} INFO - Filling up the DagBag from /home/airflow/.local/lib/python3.12/site-packages/airflow/example_dags/example_kubernetes_executor.py
[2024-11-20T14:37:03.238+0000] {processor.py:925} INFO - DAG(s) 'example_kubernetes_executor' retrieved from /home/airflow/.local/lib/python3.12/site-packages/airflow/example_dags/example_kubernetes_executor.py
[2024-11-20T14:37:03.264+0000] {logging_mixin.py:190} INFO - [2024-11-20T14:37:03.264+0000] {dag.py:3239} INFO - Sync 1 DAGs
[2024-11-20T14:37:03.275+0000] {logging_mixin.py:190} INFO - [2024-11-20T14:37:03.275+0000] {dag.py:4180} INFO - Setting next_dagrun for example_kubernetes_executor to None, run_after=None
[2024-11-20T14:37:03.292+0000] {processor.py:208} INFO - Processing /home/airflow/.local/lib/python3.12/site-packages/airflow/example_dags/example_kubernetes_executor.py took 0.072 seconds
[2024-11-20T14:37:34.066+0000] {processor.py:186} INFO - Started process (PID=1312) to work on /home/airflow/.local/lib/python3.12/site-packages/airflow/example_dags/example_kubernetes_executor.py
[2024-11-20T14:37:34.067+0000] {processor.py:914} INFO - Processing file /home/airflow/.local/lib/python3.12/site-packages/airflow/example_dags/example_kubernetes_executor.py for tasks to queue
[2024-11-20T14:37:34.069+0000] {logging_mixin.py:190} INFO - [2024-11-20T14:37:34.069+0000] {dagbag.py:588} INFO - Filling up the DagBag from /home/airflow/.local/lib/python3.12/site-packages/airflow/example_dags/example_kubernetes_executor.py
[2024-11-20T14:37:34.078+0000] {processor.py:925} INFO - DAG(s) 'example_kubernetes_executor' retrieved from /home/airflow/.local/lib/python3.12/site-packages/airflow/example_dags/example_kubernetes_executor.py
[2024-11-20T14:37:34.103+0000] {logging_mixin.py:190} INFO - [2024-11-20T14:37:34.103+0000] {dag.py:3239} INFO - Sync 1 DAGs
[2024-11-20T14:37:34.111+0000] {logging_mixin.py:190} INFO - [2024-11-20T14:37:34.111+0000] {dag.py:4180} INFO - Setting next_dagrun for example_kubernetes_executor to None, run_after=None
[2024-11-20T14:37:34.125+0000] {processor.py:208} INFO - Processing /home/airflow/.local/lib/python3.12/site-packages/airflow/example_dags/example_kubernetes_executor.py took 0.063 seconds
[2024-11-20T14:38:04.681+0000] {processor.py:186} INFO - Started process (PID=1375) to work on /home/airflow/.local/lib/python3.12/site-packages/airflow/example_dags/example_kubernetes_executor.py
[2024-11-20T14:38:04.682+0000] {processor.py:914} INFO - Processing file /home/airflow/.local/lib/python3.12/site-packages/airflow/example_dags/example_kubernetes_executor.py for tasks to queue
[2024-11-20T14:38:04.684+0000] {logging_mixin.py:190} INFO - [2024-11-20T14:38:04.684+0000] {dagbag.py:588} INFO - Filling up the DagBag from /home/airflow/.local/lib/python3.12/site-packages/airflow/example_dags/example_kubernetes_executor.py
[2024-11-20T14:38:04.694+0000] {processor.py:925} INFO - DAG(s) 'example_kubernetes_executor' retrieved from /home/airflow/.local/lib/python3.12/site-packages/airflow/example_dags/example_kubernetes_executor.py
[2024-11-20T14:38:04.720+0000] {logging_mixin.py:190} INFO - [2024-11-20T14:38:04.719+0000] {dag.py:3239} INFO - Sync 1 DAGs
[2024-11-20T14:38:04.731+0000] {logging_mixin.py:190} INFO - [2024-11-20T14:38:04.731+0000] {dag.py:4180} INFO - Setting next_dagrun for example_kubernetes_executor to None, run_after=None
[2024-11-20T14:38:04.746+0000] {processor.py:208} INFO - Processing /home/airflow/.local/lib/python3.12/site-packages/airflow/example_dags/example_kubernetes_executor.py took 0.070 seconds
[2024-11-20T14:38:35.329+0000] {processor.py:186} INFO - Started process (PID=1438) to work on /home/airflow/.local/lib/python3.12/site-packages/airflow/example_dags/example_kubernetes_executor.py
[2024-11-20T14:38:35.331+0000] {processor.py:914} INFO - Processing file /home/airflow/.local/lib/python3.12/site-packages/airflow/example_dags/example_kubernetes_executor.py for tasks to queue
[2024-11-20T14:38:35.334+0000] {logging_mixin.py:190} INFO - [2024-11-20T14:38:35.334+0000] {dagbag.py:588} INFO - Filling up the DagBag from /home/airflow/.local/lib/python3.12/site-packages/airflow/example_dags/example_kubernetes_executor.py
[2024-11-20T14:38:35.344+0000] {processor.py:925} INFO - DAG(s) 'example_kubernetes_executor' retrieved from /home/airflow/.local/lib/python3.12/site-packages/airflow/example_dags/example_kubernetes_executor.py
[2024-11-20T14:38:35.371+0000] {logging_mixin.py:190} INFO - [2024-11-20T14:38:35.371+0000] {dag.py:3239} INFO - Sync 1 DAGs
[2024-11-20T14:38:35.380+0000] {logging_mixin.py:190} INFO - [2024-11-20T14:38:35.380+0000] {dag.py:4180} INFO - Setting next_dagrun for example_kubernetes_executor to None, run_after=None
[2024-11-20T14:38:35.399+0000] {processor.py:208} INFO - Processing /home/airflow/.local/lib/python3.12/site-packages/airflow/example_dags/example_kubernetes_executor.py took 0.075 seconds
[2024-11-20T14:39:06.466+0000] {processor.py:186} INFO - Started process (PID=1501) to work on /home/airflow/.local/lib/python3.12/site-packages/airflow/example_dags/example_kubernetes_executor.py
[2024-11-20T14:39:06.467+0000] {processor.py:914} INFO - Processing file /home/airflow/.local/lib/python3.12/site-packages/airflow/example_dags/example_kubernetes_executor.py for tasks to queue
[2024-11-20T14:39:06.468+0000] {logging_mixin.py:190} INFO - [2024-11-20T14:39:06.468+0000] {dagbag.py:588} INFO - Filling up the DagBag from /home/airflow/.local/lib/python3.12/site-packages/airflow/example_dags/example_kubernetes_executor.py
[2024-11-20T14:39:06.478+0000] {processor.py:925} INFO - DAG(s) 'example_kubernetes_executor' retrieved from /home/airflow/.local/lib/python3.12/site-packages/airflow/example_dags/example_kubernetes_executor.py
[2024-11-20T14:39:06.499+0000] {logging_mixin.py:190} INFO - [2024-11-20T14:39:06.499+0000] {dag.py:3239} INFO - Sync 1 DAGs
[2024-11-20T14:39:06.509+0000] {logging_mixin.py:190} INFO - [2024-11-20T14:39:06.509+0000] {dag.py:4180} INFO - Setting next_dagrun for example_kubernetes_executor to None, run_after=None
[2024-11-20T14:39:06.522+0000] {processor.py:208} INFO - Processing /home/airflow/.local/lib/python3.12/site-packages/airflow/example_dags/example_kubernetes_executor.py took 0.060 seconds
[2024-11-20T14:39:37.909+0000] {processor.py:186} INFO - Started process (PID=1564) to work on /home/airflow/.local/lib/python3.12/site-packages/airflow/example_dags/example_kubernetes_executor.py
[2024-11-20T14:39:37.910+0000] {processor.py:914} INFO - Processing file /home/airflow/.local/lib/python3.12/site-packages/airflow/example_dags/example_kubernetes_executor.py for tasks to queue
[2024-11-20T14:39:37.912+0000] {logging_mixin.py:190} INFO - [2024-11-20T14:39:37.912+0000] {dagbag.py:588} INFO - Filling up the DagBag from /home/airflow/.local/lib/python3.12/site-packages/airflow/example_dags/example_kubernetes_executor.py
[2024-11-20T14:39:37.921+0000] {processor.py:925} INFO - DAG(s) 'example_kubernetes_executor' retrieved from /home/airflow/.local/lib/python3.12/site-packages/airflow/example_dags/example_kubernetes_executor.py
[2024-11-20T14:39:37.945+0000] {logging_mixin.py:190} INFO - [2024-11-20T14:39:37.945+0000] {dag.py:3239} INFO - Sync 1 DAGs
[2024-11-20T14:39:37.954+0000] {logging_mixin.py:190} INFO - [2024-11-20T14:39:37.954+0000] {dag.py:4180} INFO - Setting next_dagrun for example_kubernetes_executor to None, run_after=None
[2024-11-20T14:39:37.971+0000] {processor.py:208} INFO - Processing /home/airflow/.local/lib/python3.12/site-packages/airflow/example_dags/example_kubernetes_executor.py took 0.066 seconds
[2024-11-20T14:40:08.230+0000] {processor.py:186} INFO - Started process (PID=1627) to work on /home/airflow/.local/lib/python3.12/site-packages/airflow/example_dags/example_kubernetes_executor.py
[2024-11-20T14:40:08.231+0000] {processor.py:914} INFO - Processing file /home/airflow/.local/lib/python3.12/site-packages/airflow/example_dags/example_kubernetes_executor.py for tasks to queue
[2024-11-20T14:40:08.233+0000] {logging_mixin.py:190} INFO - [2024-11-20T14:40:08.232+0000] {dagbag.py:588} INFO - Filling up the DagBag from /home/airflow/.local/lib/python3.12/site-packages/airflow/example_dags/example_kubernetes_executor.py
[2024-11-20T14:40:08.242+0000] {processor.py:925} INFO - DAG(s) 'example_kubernetes_executor' retrieved from /home/airflow/.local/lib/python3.12/site-packages/airflow/example_dags/example_kubernetes_executor.py
[2024-11-20T14:40:08.269+0000] {logging_mixin.py:190} INFO - [2024-11-20T14:40:08.268+0000] {dag.py:3239} INFO - Sync 1 DAGs
[2024-11-20T14:40:08.278+0000] {logging_mixin.py:190} INFO - [2024-11-20T14:40:08.278+0000] {dag.py:4180} INFO - Setting next_dagrun for example_kubernetes_executor to None, run_after=None
[2024-11-20T14:40:08.295+0000] {processor.py:208} INFO - Processing /home/airflow/.local/lib/python3.12/site-packages/airflow/example_dags/example_kubernetes_executor.py took 0.070 seconds
[2024-11-20T14:40:39.172+0000] {processor.py:186} INFO - Started process (PID=1690) to work on /home/airflow/.local/lib/python3.12/site-packages/airflow/example_dags/example_kubernetes_executor.py
[2024-11-20T14:40:39.173+0000] {processor.py:914} INFO - Processing file /home/airflow/.local/lib/python3.12/site-packages/airflow/example_dags/example_kubernetes_executor.py for tasks to queue
[2024-11-20T14:40:39.175+0000] {logging_mixin.py:190} INFO - [2024-11-20T14:40:39.174+0000] {dagbag.py:588} INFO - Filling up the DagBag from /home/airflow/.local/lib/python3.12/site-packages/airflow/example_dags/example_kubernetes_executor.py
[2024-11-20T14:40:39.184+0000] {processor.py:925} INFO - DAG(s) 'example_kubernetes_executor' retrieved from /home/airflow/.local/lib/python3.12/site-packages/airflow/example_dags/example_kubernetes_executor.py
[2024-11-20T14:40:39.208+0000] {logging_mixin.py:190} INFO - [2024-11-20T14:40:39.208+0000] {dag.py:3239} INFO - Sync 1 DAGs
[2024-11-20T14:40:39.218+0000] {logging_mixin.py:190} INFO - [2024-11-20T14:40:39.217+0000] {dag.py:4180} INFO - Setting next_dagrun for example_kubernetes_executor to None, run_after=None
[2024-11-20T14:40:39.232+0000] {processor.py:208} INFO - Processing /home/airflow/.local/lib/python3.12/site-packages/airflow/example_dags/example_kubernetes_executor.py took 0.064 seconds
[2024-11-20T14:41:09.931+0000] {processor.py:186} INFO - Started process (PID=1753) to work on /home/airflow/.local/lib/python3.12/site-packages/airflow/example_dags/example_kubernetes_executor.py
[2024-11-20T14:41:09.932+0000] {processor.py:914} INFO - Processing file /home/airflow/.local/lib/python3.12/site-packages/airflow/example_dags/example_kubernetes_executor.py for tasks to queue
[2024-11-20T14:41:09.934+0000] {logging_mixin.py:190} INFO - [2024-11-20T14:41:09.934+0000] {dagbag.py:588} INFO - Filling up the DagBag from /home/airflow/.local/lib/python3.12/site-packages/airflow/example_dags/example_kubernetes_executor.py
[2024-11-20T14:41:09.945+0000] {processor.py:925} INFO - DAG(s) 'example_kubernetes_executor' retrieved from /home/airflow/.local/lib/python3.12/site-packages/airflow/example_dags/example_kubernetes_executor.py
[2024-11-20T14:41:09.970+0000] {logging_mixin.py:190} INFO - [2024-11-20T14:41:09.970+0000] {dag.py:3239} INFO - Sync 1 DAGs
[2024-11-20T14:41:09.979+0000] {logging_mixin.py:190} INFO - [2024-11-20T14:41:09.979+0000] {dag.py:4180} INFO - Setting next_dagrun for example_kubernetes_executor to None, run_after=None
[2024-11-20T14:41:09.992+0000] {processor.py:208} INFO - Processing /home/airflow/.local/lib/python3.12/site-packages/airflow/example_dags/example_kubernetes_executor.py took 0.065 seconds
[2024-11-20T14:41:40.739+0000] {processor.py:186} INFO - Started process (PID=1816) to work on /home/airflow/.local/lib/python3.12/site-packages/airflow/example_dags/example_kubernetes_executor.py
[2024-11-20T14:41:40.740+0000] {processor.py:914} INFO - Processing file /home/airflow/.local/lib/python3.12/site-packages/airflow/example_dags/example_kubernetes_executor.py for tasks to queue
[2024-11-20T14:41:40.741+0000] {logging_mixin.py:190} INFO - [2024-11-20T14:41:40.741+0000] {dagbag.py:588} INFO - Filling up the DagBag from /home/airflow/.local/lib/python3.12/site-packages/airflow/example_dags/example_kubernetes_executor.py
[2024-11-20T14:41:40.750+0000] {processor.py:925} INFO - DAG(s) 'example_kubernetes_executor' retrieved from /home/airflow/.local/lib/python3.12/site-packages/airflow/example_dags/example_kubernetes_executor.py
[2024-11-20T14:41:40.772+0000] {logging_mixin.py:190} INFO - [2024-11-20T14:41:40.772+0000] {dag.py:3239} INFO - Sync 1 DAGs
[2024-11-20T14:41:40.781+0000] {logging_mixin.py:190} INFO - [2024-11-20T14:41:40.780+0000] {dag.py:4180} INFO - Setting next_dagrun for example_kubernetes_executor to None, run_after=None
[2024-11-20T14:41:40.793+0000] {processor.py:208} INFO - Processing /home/airflow/.local/lib/python3.12/site-packages/airflow/example_dags/example_kubernetes_executor.py took 0.058 seconds
[2024-11-20T14:42:11.608+0000] {processor.py:186} INFO - Started process (PID=1879) to work on /home/airflow/.local/lib/python3.12/site-packages/airflow/example_dags/example_kubernetes_executor.py
[2024-11-20T14:42:11.609+0000] {processor.py:914} INFO - Processing file /home/airflow/.local/lib/python3.12/site-packages/airflow/example_dags/example_kubernetes_executor.py for tasks to queue
[2024-11-20T14:42:11.611+0000] {logging_mixin.py:190} INFO - [2024-11-20T14:42:11.611+0000] {dagbag.py:588} INFO - Filling up the DagBag from /home/airflow/.local/lib/python3.12/site-packages/airflow/example_dags/example_kubernetes_executor.py
[2024-11-20T14:42:11.621+0000] {processor.py:925} INFO - DAG(s) 'example_kubernetes_executor' retrieved from /home/airflow/.local/lib/python3.12/site-packages/airflow/example_dags/example_kubernetes_executor.py
[2024-11-20T14:42:11.648+0000] {logging_mixin.py:190} INFO - [2024-11-20T14:42:11.647+0000] {dag.py:3239} INFO - Sync 1 DAGs
[2024-11-20T14:42:11.656+0000] {logging_mixin.py:190} INFO - [2024-11-20T14:42:11.656+0000] {dag.py:4180} INFO - Setting next_dagrun for example_kubernetes_executor to None, run_after=None
[2024-11-20T14:42:11.673+0000] {processor.py:208} INFO - Processing /home/airflow/.local/lib/python3.12/site-packages/airflow/example_dags/example_kubernetes_executor.py took 0.069 seconds
[2024-11-20T14:42:41.994+0000] {processor.py:186} INFO - Started process (PID=1942) to work on /home/airflow/.local/lib/python3.12/site-packages/airflow/example_dags/example_kubernetes_executor.py
[2024-11-20T14:42:41.995+0000] {processor.py:914} INFO - Processing file /home/airflow/.local/lib/python3.12/site-packages/airflow/example_dags/example_kubernetes_executor.py for tasks to queue
[2024-11-20T14:42:41.997+0000] {logging_mixin.py:190} INFO - [2024-11-20T14:42:41.996+0000] {dagbag.py:588} INFO - Filling up the DagBag from /home/airflow/.local/lib/python3.12/site-packages/airflow/example_dags/example_kubernetes_executor.py
[2024-11-20T14:42:42.006+0000] {processor.py:925} INFO - DAG(s) 'example_kubernetes_executor' retrieved from /home/airflow/.local/lib/python3.12/site-packages/airflow/example_dags/example_kubernetes_executor.py
[2024-11-20T14:42:42.030+0000] {logging_mixin.py:190} INFO - [2024-11-20T14:42:42.030+0000] {dag.py:3239} INFO - Sync 1 DAGs
[2024-11-20T14:42:42.039+0000] {logging_mixin.py:190} INFO - [2024-11-20T14:42:42.039+0000] {dag.py:4180} INFO - Setting next_dagrun for example_kubernetes_executor to None, run_after=None
[2024-11-20T14:42:42.053+0000] {processor.py:208} INFO - Processing /home/airflow/.local/lib/python3.12/site-packages/airflow/example_dags/example_kubernetes_executor.py took 0.063 seconds
[2024-11-20T14:43:13.190+0000] {processor.py:186} INFO - Started process (PID=2005) to work on /home/airflow/.local/lib/python3.12/site-packages/airflow/example_dags/example_kubernetes_executor.py
[2024-11-20T14:43:13.191+0000] {processor.py:914} INFO - Processing file /home/airflow/.local/lib/python3.12/site-packages/airflow/example_dags/example_kubernetes_executor.py for tasks to queue
[2024-11-20T14:43:13.192+0000] {logging_mixin.py:190} INFO - [2024-11-20T14:43:13.192+0000] {dagbag.py:588} INFO - Filling up the DagBag from /home/airflow/.local/lib/python3.12/site-packages/airflow/example_dags/example_kubernetes_executor.py
[2024-11-20T14:43:13.201+0000] {processor.py:925} INFO - DAG(s) 'example_kubernetes_executor' retrieved from /home/airflow/.local/lib/python3.12/site-packages/airflow/example_dags/example_kubernetes_executor.py
[2024-11-20T14:43:13.223+0000] {logging_mixin.py:190} INFO - [2024-11-20T14:43:13.223+0000] {dag.py:3239} INFO - Sync 1 DAGs
[2024-11-20T14:43:13.232+0000] {logging_mixin.py:190} INFO - [2024-11-20T14:43:13.231+0000] {dag.py:4180} INFO - Setting next_dagrun for example_kubernetes_executor to None, run_after=None
[2024-11-20T14:43:13.243+0000] {processor.py:208} INFO - Processing /home/airflow/.local/lib/python3.12/site-packages/airflow/example_dags/example_kubernetes_executor.py took 0.057 seconds
[2024-11-20T14:49:52.095+0000] {processor.py:186} INFO - Started process (PID=2071) to work on /home/airflow/.local/lib/python3.12/site-packages/airflow/example_dags/example_kubernetes_executor.py
[2024-11-20T14:49:52.096+0000] {processor.py:914} INFO - Processing file /home/airflow/.local/lib/python3.12/site-packages/airflow/example_dags/example_kubernetes_executor.py for tasks to queue
[2024-11-20T14:49:52.098+0000] {logging_mixin.py:190} INFO - [2024-11-20T14:49:52.098+0000] {dagbag.py:588} INFO - Filling up the DagBag from /home/airflow/.local/lib/python3.12/site-packages/airflow/example_dags/example_kubernetes_executor.py
[2024-11-20T14:49:52.107+0000] {processor.py:925} INFO - DAG(s) 'example_kubernetes_executor' retrieved from /home/airflow/.local/lib/python3.12/site-packages/airflow/example_dags/example_kubernetes_executor.py
[2024-11-20T14:49:52.130+0000] {logging_mixin.py:190} INFO - [2024-11-20T14:49:52.130+0000] {dag.py:3239} INFO - Sync 1 DAGs
[2024-11-20T14:49:52.138+0000] {logging_mixin.py:190} INFO - [2024-11-20T14:49:52.138+0000] {dag.py:4180} INFO - Setting next_dagrun for example_kubernetes_executor to None, run_after=None
[2024-11-20T14:49:52.151+0000] {processor.py:208} INFO - Processing /home/airflow/.local/lib/python3.12/site-packages/airflow/example_dags/example_kubernetes_executor.py took 0.059 seconds
[2024-11-20T14:50:23.789+0000] {processor.py:186} INFO - Started process (PID=2134) to work on /home/airflow/.local/lib/python3.12/site-packages/airflow/example_dags/example_kubernetes_executor.py
[2024-11-20T14:50:23.792+0000] {processor.py:914} INFO - Processing file /home/airflow/.local/lib/python3.12/site-packages/airflow/example_dags/example_kubernetes_executor.py for tasks to queue
[2024-11-20T14:50:23.794+0000] {logging_mixin.py:190} INFO - [2024-11-20T14:50:23.794+0000] {dagbag.py:588} INFO - Filling up the DagBag from /home/airflow/.local/lib/python3.12/site-packages/airflow/example_dags/example_kubernetes_executor.py
[2024-11-20T14:50:23.804+0000] {processor.py:925} INFO - DAG(s) 'example_kubernetes_executor' retrieved from /home/airflow/.local/lib/python3.12/site-packages/airflow/example_dags/example_kubernetes_executor.py
[2024-11-20T14:50:23.838+0000] {logging_mixin.py:190} INFO - [2024-11-20T14:50:23.837+0000] {dag.py:3239} INFO - Sync 1 DAGs
[2024-11-20T14:50:23.848+0000] {logging_mixin.py:190} INFO - [2024-11-20T14:50:23.848+0000] {dag.py:4180} INFO - Setting next_dagrun for example_kubernetes_executor to None, run_after=None
[2024-11-20T14:50:23.868+0000] {processor.py:208} INFO - Processing /home/airflow/.local/lib/python3.12/site-packages/airflow/example_dags/example_kubernetes_executor.py took 0.083 seconds
[2024-11-20T14:50:54.819+0000] {processor.py:186} INFO - Started process (PID=2197) to work on /home/airflow/.local/lib/python3.12/site-packages/airflow/example_dags/example_kubernetes_executor.py
[2024-11-20T14:50:54.819+0000] {processor.py:914} INFO - Processing file /home/airflow/.local/lib/python3.12/site-packages/airflow/example_dags/example_kubernetes_executor.py for tasks to queue
[2024-11-20T14:50:54.821+0000] {logging_mixin.py:190} INFO - [2024-11-20T14:50:54.821+0000] {dagbag.py:588} INFO - Filling up the DagBag from /home/airflow/.local/lib/python3.12/site-packages/airflow/example_dags/example_kubernetes_executor.py
[2024-11-20T14:50:54.830+0000] {processor.py:925} INFO - DAG(s) 'example_kubernetes_executor' retrieved from /home/airflow/.local/lib/python3.12/site-packages/airflow/example_dags/example_kubernetes_executor.py
[2024-11-20T14:50:54.854+0000] {logging_mixin.py:190} INFO - [2024-11-20T14:50:54.854+0000] {dag.py:3239} INFO - Sync 1 DAGs
[2024-11-20T14:50:54.863+0000] {logging_mixin.py:190} INFO - [2024-11-20T14:50:54.862+0000] {dag.py:4180} INFO - Setting next_dagrun for example_kubernetes_executor to None, run_after=None
[2024-11-20T14:50:54.878+0000] {processor.py:208} INFO - Processing /home/airflow/.local/lib/python3.12/site-packages/airflow/example_dags/example_kubernetes_executor.py took 0.063 seconds
[2024-11-20T14:51:25.508+0000] {processor.py:186} INFO - Started process (PID=2260) to work on /home/airflow/.local/lib/python3.12/site-packages/airflow/example_dags/example_kubernetes_executor.py
[2024-11-20T14:51:25.509+0000] {processor.py:914} INFO - Processing file /home/airflow/.local/lib/python3.12/site-packages/airflow/example_dags/example_kubernetes_executor.py for tasks to queue
[2024-11-20T14:51:25.511+0000] {logging_mixin.py:190} INFO - [2024-11-20T14:51:25.511+0000] {dagbag.py:588} INFO - Filling up the DagBag from /home/airflow/.local/lib/python3.12/site-packages/airflow/example_dags/example_kubernetes_executor.py
[2024-11-20T14:51:25.522+0000] {processor.py:925} INFO - DAG(s) 'example_kubernetes_executor' retrieved from /home/airflow/.local/lib/python3.12/site-packages/airflow/example_dags/example_kubernetes_executor.py
[2024-11-20T14:51:25.547+0000] {logging_mixin.py:190} INFO - [2024-11-20T14:51:25.547+0000] {dag.py:3239} INFO - Sync 1 DAGs
[2024-11-20T14:51:25.559+0000] {logging_mixin.py:190} INFO - [2024-11-20T14:51:25.558+0000] {dag.py:4180} INFO - Setting next_dagrun for example_kubernetes_executor to None, run_after=None
[2024-11-20T14:51:25.574+0000] {processor.py:208} INFO - Processing /home/airflow/.local/lib/python3.12/site-packages/airflow/example_dags/example_kubernetes_executor.py took 0.071 seconds
[2024-11-20T14:51:56.238+0000] {processor.py:186} INFO - Started process (PID=2323) to work on /home/airflow/.local/lib/python3.12/site-packages/airflow/example_dags/example_kubernetes_executor.py
[2024-11-20T14:51:56.240+0000] {processor.py:914} INFO - Processing file /home/airflow/.local/lib/python3.12/site-packages/airflow/example_dags/example_kubernetes_executor.py for tasks to queue
[2024-11-20T14:51:56.244+0000] {logging_mixin.py:190} INFO - [2024-11-20T14:51:56.243+0000] {dagbag.py:588} INFO - Filling up the DagBag from /home/airflow/.local/lib/python3.12/site-packages/airflow/example_dags/example_kubernetes_executor.py
[2024-11-20T14:51:56.253+0000] {processor.py:925} INFO - DAG(s) 'example_kubernetes_executor' retrieved from /home/airflow/.local/lib/python3.12/site-packages/airflow/example_dags/example_kubernetes_executor.py
[2024-11-20T14:51:56.285+0000] {logging_mixin.py:190} INFO - [2024-11-20T14:51:56.284+0000] {dag.py:3239} INFO - Sync 1 DAGs
[2024-11-20T14:51:56.294+0000] {logging_mixin.py:190} INFO - [2024-11-20T14:51:56.294+0000] {dag.py:4180} INFO - Setting next_dagrun for example_kubernetes_executor to None, run_after=None
[2024-11-20T14:51:56.311+0000] {processor.py:208} INFO - Processing /home/airflow/.local/lib/python3.12/site-packages/airflow/example_dags/example_kubernetes_executor.py took 0.076 seconds
[2024-11-20T14:52:26.751+0000] {processor.py:186} INFO - Started process (PID=2386) to work on /home/airflow/.local/lib/python3.12/site-packages/airflow/example_dags/example_kubernetes_executor.py
[2024-11-20T14:52:26.752+0000] {processor.py:914} INFO - Processing file /home/airflow/.local/lib/python3.12/site-packages/airflow/example_dags/example_kubernetes_executor.py for tasks to queue
[2024-11-20T14:52:26.754+0000] {logging_mixin.py:190} INFO - [2024-11-20T14:52:26.754+0000] {dagbag.py:588} INFO - Filling up the DagBag from /home/airflow/.local/lib/python3.12/site-packages/airflow/example_dags/example_kubernetes_executor.py
[2024-11-20T14:52:26.762+0000] {processor.py:925} INFO - DAG(s) 'example_kubernetes_executor' retrieved from /home/airflow/.local/lib/python3.12/site-packages/airflow/example_dags/example_kubernetes_executor.py
[2024-11-20T14:52:26.785+0000] {logging_mixin.py:190} INFO - [2024-11-20T14:52:26.785+0000] {dag.py:3239} INFO - Sync 1 DAGs
[2024-11-20T14:52:26.794+0000] {logging_mixin.py:190} INFO - [2024-11-20T14:52:26.793+0000] {dag.py:4180} INFO - Setting next_dagrun for example_kubernetes_executor to None, run_after=None
[2024-11-20T14:52:26.807+0000] {processor.py:208} INFO - Processing /home/airflow/.local/lib/python3.12/site-packages/airflow/example_dags/example_kubernetes_executor.py took 0.060 seconds
[2024-11-20T14:52:57.033+0000] {processor.py:186} INFO - Started process (PID=2448) to work on /home/airflow/.local/lib/python3.12/site-packages/airflow/example_dags/example_kubernetes_executor.py
[2024-11-20T14:52:57.034+0000] {processor.py:914} INFO - Processing file /home/airflow/.local/lib/python3.12/site-packages/airflow/example_dags/example_kubernetes_executor.py for tasks to queue
[2024-11-20T14:52:57.035+0000] {logging_mixin.py:190} INFO - [2024-11-20T14:52:57.035+0000] {dagbag.py:588} INFO - Filling up the DagBag from /home/airflow/.local/lib/python3.12/site-packages/airflow/example_dags/example_kubernetes_executor.py
[2024-11-20T14:52:57.044+0000] {processor.py:925} INFO - DAG(s) 'example_kubernetes_executor' retrieved from /home/airflow/.local/lib/python3.12/site-packages/airflow/example_dags/example_kubernetes_executor.py
[2024-11-20T14:52:57.073+0000] {logging_mixin.py:190} INFO - [2024-11-20T14:52:57.073+0000] {dag.py:3239} INFO - Sync 1 DAGs
[2024-11-20T14:52:57.083+0000] {logging_mixin.py:190} INFO - [2024-11-20T14:52:57.083+0000] {dag.py:4180} INFO - Setting next_dagrun for example_kubernetes_executor to None, run_after=None
[2024-11-20T14:52:57.096+0000] {processor.py:208} INFO - Processing /home/airflow/.local/lib/python3.12/site-packages/airflow/example_dags/example_kubernetes_executor.py took 0.068 seconds
[2024-11-20T14:53:27.355+0000] {processor.py:186} INFO - Started process (PID=2511) to work on /home/airflow/.local/lib/python3.12/site-packages/airflow/example_dags/example_kubernetes_executor.py
[2024-11-20T14:53:27.356+0000] {processor.py:914} INFO - Processing file /home/airflow/.local/lib/python3.12/site-packages/airflow/example_dags/example_kubernetes_executor.py for tasks to queue
[2024-11-20T14:53:27.358+0000] {logging_mixin.py:190} INFO - [2024-11-20T14:53:27.358+0000] {dagbag.py:588} INFO - Filling up the DagBag from /home/airflow/.local/lib/python3.12/site-packages/airflow/example_dags/example_kubernetes_executor.py
[2024-11-20T14:53:27.367+0000] {processor.py:925} INFO - DAG(s) 'example_kubernetes_executor' retrieved from /home/airflow/.local/lib/python3.12/site-packages/airflow/example_dags/example_kubernetes_executor.py
[2024-11-20T14:53:27.393+0000] {logging_mixin.py:190} INFO - [2024-11-20T14:53:27.393+0000] {dag.py:3239} INFO - Sync 1 DAGs
[2024-11-20T14:53:27.403+0000] {logging_mixin.py:190} INFO - [2024-11-20T14:53:27.402+0000] {dag.py:4180} INFO - Setting next_dagrun for example_kubernetes_executor to None, run_after=None
[2024-11-20T14:53:27.419+0000] {processor.py:208} INFO - Processing /home/airflow/.local/lib/python3.12/site-packages/airflow/example_dags/example_kubernetes_executor.py took 0.068 seconds
[2024-11-20T14:53:58.296+0000] {processor.py:186} INFO - Started process (PID=2574) to work on /home/airflow/.local/lib/python3.12/site-packages/airflow/example_dags/example_kubernetes_executor.py
[2024-11-20T14:53:58.297+0000] {processor.py:914} INFO - Processing file /home/airflow/.local/lib/python3.12/site-packages/airflow/example_dags/example_kubernetes_executor.py for tasks to queue
[2024-11-20T14:53:58.299+0000] {logging_mixin.py:190} INFO - [2024-11-20T14:53:58.299+0000] {dagbag.py:588} INFO - Filling up the DagBag from /home/airflow/.local/lib/python3.12/site-packages/airflow/example_dags/example_kubernetes_executor.py
[2024-11-20T14:53:58.308+0000] {processor.py:925} INFO - DAG(s) 'example_kubernetes_executor' retrieved from /home/airflow/.local/lib/python3.12/site-packages/airflow/example_dags/example_kubernetes_executor.py
[2024-11-20T14:53:58.339+0000] {logging_mixin.py:190} INFO - [2024-11-20T14:53:58.339+0000] {dag.py:3239} INFO - Sync 1 DAGs
[2024-11-20T14:53:58.349+0000] {logging_mixin.py:190} INFO - [2024-11-20T14:53:58.348+0000] {dag.py:4180} INFO - Setting next_dagrun for example_kubernetes_executor to None, run_after=None
[2024-11-20T14:53:58.364+0000] {processor.py:208} INFO - Processing /home/airflow/.local/lib/python3.12/site-packages/airflow/example_dags/example_kubernetes_executor.py took 0.072 seconds
[2024-11-20T14:54:28.587+0000] {processor.py:186} INFO - Started process (PID=2637) to work on /home/airflow/.local/lib/python3.12/site-packages/airflow/example_dags/example_kubernetes_executor.py
[2024-11-20T14:54:28.589+0000] {processor.py:914} INFO - Processing file /home/airflow/.local/lib/python3.12/site-packages/airflow/example_dags/example_kubernetes_executor.py for tasks to queue
[2024-11-20T14:54:28.591+0000] {logging_mixin.py:190} INFO - [2024-11-20T14:54:28.590+0000] {dagbag.py:588} INFO - Filling up the DagBag from /home/airflow/.local/lib/python3.12/site-packages/airflow/example_dags/example_kubernetes_executor.py
[2024-11-20T14:54:28.600+0000] {processor.py:925} INFO - DAG(s) 'example_kubernetes_executor' retrieved from /home/airflow/.local/lib/python3.12/site-packages/airflow/example_dags/example_kubernetes_executor.py
[2024-11-20T14:54:28.623+0000] {logging_mixin.py:190} INFO - [2024-11-20T14:54:28.623+0000] {dag.py:3239} INFO - Sync 1 DAGs
[2024-11-20T14:54:28.633+0000] {logging_mixin.py:190} INFO - [2024-11-20T14:54:28.633+0000] {dag.py:4180} INFO - Setting next_dagrun for example_kubernetes_executor to None, run_after=None
[2024-11-20T14:54:28.649+0000] {processor.py:208} INFO - Processing /home/airflow/.local/lib/python3.12/site-packages/airflow/example_dags/example_kubernetes_executor.py took 0.066 seconds
[2024-11-20T14:54:58.915+0000] {processor.py:186} INFO - Started process (PID=2699) to work on /home/airflow/.local/lib/python3.12/site-packages/airflow/example_dags/example_kubernetes_executor.py
[2024-11-20T14:54:58.916+0000] {processor.py:914} INFO - Processing file /home/airflow/.local/lib/python3.12/site-packages/airflow/example_dags/example_kubernetes_executor.py for tasks to queue
[2024-11-20T14:54:58.918+0000] {logging_mixin.py:190} INFO - [2024-11-20T14:54:58.918+0000] {dagbag.py:588} INFO - Filling up the DagBag from /home/airflow/.local/lib/python3.12/site-packages/airflow/example_dags/example_kubernetes_executor.py
[2024-11-20T14:54:58.928+0000] {processor.py:925} INFO - DAG(s) 'example_kubernetes_executor' retrieved from /home/airflow/.local/lib/python3.12/site-packages/airflow/example_dags/example_kubernetes_executor.py
[2024-11-20T14:54:58.958+0000] {logging_mixin.py:190} INFO - [2024-11-20T14:54:58.958+0000] {dag.py:3239} INFO - Sync 1 DAGs
[2024-11-20T14:54:58.968+0000] {logging_mixin.py:190} INFO - [2024-11-20T14:54:58.968+0000] {dag.py:4180} INFO - Setting next_dagrun for example_kubernetes_executor to None, run_after=None
[2024-11-20T14:54:58.983+0000] {processor.py:208} INFO - Processing /home/airflow/.local/lib/python3.12/site-packages/airflow/example_dags/example_kubernetes_executor.py took 0.072 seconds
[2024-11-20T14:55:29.461+0000] {processor.py:186} INFO - Started process (PID=2762) to work on /home/airflow/.local/lib/python3.12/site-packages/airflow/example_dags/example_kubernetes_executor.py
[2024-11-20T14:55:29.462+0000] {processor.py:914} INFO - Processing file /home/airflow/.local/lib/python3.12/site-packages/airflow/example_dags/example_kubernetes_executor.py for tasks to queue
[2024-11-20T14:55:29.464+0000] {logging_mixin.py:190} INFO - [2024-11-20T14:55:29.463+0000] {dagbag.py:588} INFO - Filling up the DagBag from /home/airflow/.local/lib/python3.12/site-packages/airflow/example_dags/example_kubernetes_executor.py
[2024-11-20T14:55:29.473+0000] {processor.py:925} INFO - DAG(s) 'example_kubernetes_executor' retrieved from /home/airflow/.local/lib/python3.12/site-packages/airflow/example_dags/example_kubernetes_executor.py
[2024-11-20T14:55:29.497+0000] {logging_mixin.py:190} INFO - [2024-11-20T14:55:29.497+0000] {dag.py:3239} INFO - Sync 1 DAGs
[2024-11-20T14:55:29.506+0000] {logging_mixin.py:190} INFO - [2024-11-20T14:55:29.505+0000] {dag.py:4180} INFO - Setting next_dagrun for example_kubernetes_executor to None, run_after=None
[2024-11-20T14:55:29.521+0000] {processor.py:208} INFO - Processing /home/airflow/.local/lib/python3.12/site-packages/airflow/example_dags/example_kubernetes_executor.py took 0.064 seconds
[2024-11-20T14:56:00.388+0000] {processor.py:186} INFO - Started process (PID=2825) to work on /home/airflow/.local/lib/python3.12/site-packages/airflow/example_dags/example_kubernetes_executor.py
[2024-11-20T14:56:00.388+0000] {processor.py:914} INFO - Processing file /home/airflow/.local/lib/python3.12/site-packages/airflow/example_dags/example_kubernetes_executor.py for tasks to queue
[2024-11-20T14:56:00.391+0000] {logging_mixin.py:190} INFO - [2024-11-20T14:56:00.390+0000] {dagbag.py:588} INFO - Filling up the DagBag from /home/airflow/.local/lib/python3.12/site-packages/airflow/example_dags/example_kubernetes_executor.py
[2024-11-20T14:56:00.400+0000] {processor.py:925} INFO - DAG(s) 'example_kubernetes_executor' retrieved from /home/airflow/.local/lib/python3.12/site-packages/airflow/example_dags/example_kubernetes_executor.py
[2024-11-20T14:56:00.425+0000] {logging_mixin.py:190} INFO - [2024-11-20T14:56:00.425+0000] {dag.py:3239} INFO - Sync 1 DAGs
[2024-11-20T14:56:00.436+0000] {logging_mixin.py:190} INFO - [2024-11-20T14:56:00.436+0000] {dag.py:4180} INFO - Setting next_dagrun for example_kubernetes_executor to None, run_after=None
[2024-11-20T14:56:00.450+0000] {processor.py:208} INFO - Processing /home/airflow/.local/lib/python3.12/site-packages/airflow/example_dags/example_kubernetes_executor.py took 0.067 seconds
[2024-11-20T14:56:31.021+0000] {processor.py:186} INFO - Started process (PID=2888) to work on /home/airflow/.local/lib/python3.12/site-packages/airflow/example_dags/example_kubernetes_executor.py
[2024-11-20T14:56:31.022+0000] {processor.py:914} INFO - Processing file /home/airflow/.local/lib/python3.12/site-packages/airflow/example_dags/example_kubernetes_executor.py for tasks to queue
[2024-11-20T14:56:31.025+0000] {logging_mixin.py:190} INFO - [2024-11-20T14:56:31.025+0000] {dagbag.py:588} INFO - Filling up the DagBag from /home/airflow/.local/lib/python3.12/site-packages/airflow/example_dags/example_kubernetes_executor.py
[2024-11-20T14:56:31.036+0000] {processor.py:925} INFO - DAG(s) 'example_kubernetes_executor' retrieved from /home/airflow/.local/lib/python3.12/site-packages/airflow/example_dags/example_kubernetes_executor.py
[2024-11-20T14:56:31.065+0000] {logging_mixin.py:190} INFO - [2024-11-20T14:56:31.065+0000] {dag.py:3239} INFO - Sync 1 DAGs
[2024-11-20T14:56:31.075+0000] {logging_mixin.py:190} INFO - [2024-11-20T14:56:31.075+0000] {dag.py:4180} INFO - Setting next_dagrun for example_kubernetes_executor to None, run_after=None
[2024-11-20T14:56:31.094+0000] {processor.py:208} INFO - Processing /home/airflow/.local/lib/python3.12/site-packages/airflow/example_dags/example_kubernetes_executor.py took 0.080 seconds
[2024-11-20T14:57:02.283+0000] {processor.py:186} INFO - Started process (PID=2951) to work on /home/airflow/.local/lib/python3.12/site-packages/airflow/example_dags/example_kubernetes_executor.py
[2024-11-20T14:57:02.284+0000] {processor.py:914} INFO - Processing file /home/airflow/.local/lib/python3.12/site-packages/airflow/example_dags/example_kubernetes_executor.py for tasks to queue
[2024-11-20T14:57:02.286+0000] {logging_mixin.py:190} INFO - [2024-11-20T14:57:02.286+0000] {dagbag.py:588} INFO - Filling up the DagBag from /home/airflow/.local/lib/python3.12/site-packages/airflow/example_dags/example_kubernetes_executor.py
[2024-11-20T14:57:02.295+0000] {processor.py:925} INFO - DAG(s) 'example_kubernetes_executor' retrieved from /home/airflow/.local/lib/python3.12/site-packages/airflow/example_dags/example_kubernetes_executor.py
[2024-11-20T14:57:02.321+0000] {logging_mixin.py:190} INFO - [2024-11-20T14:57:02.321+0000] {dag.py:3239} INFO - Sync 1 DAGs
[2024-11-20T14:57:02.330+0000] {logging_mixin.py:190} INFO - [2024-11-20T14:57:02.330+0000] {dag.py:4180} INFO - Setting next_dagrun for example_kubernetes_executor to None, run_after=None
[2024-11-20T14:57:02.349+0000] {processor.py:208} INFO - Processing /home/airflow/.local/lib/python3.12/site-packages/airflow/example_dags/example_kubernetes_executor.py took 0.070 seconds
[2024-11-20T14:57:33.276+0000] {processor.py:186} INFO - Started process (PID=3014) to work on /home/airflow/.local/lib/python3.12/site-packages/airflow/example_dags/example_kubernetes_executor.py
[2024-11-20T14:57:33.277+0000] {processor.py:914} INFO - Processing file /home/airflow/.local/lib/python3.12/site-packages/airflow/example_dags/example_kubernetes_executor.py for tasks to queue
[2024-11-20T14:57:33.279+0000] {logging_mixin.py:190} INFO - [2024-11-20T14:57:33.278+0000] {dagbag.py:588} INFO - Filling up the DagBag from /home/airflow/.local/lib/python3.12/site-packages/airflow/example_dags/example_kubernetes_executor.py
[2024-11-20T14:57:33.289+0000] {processor.py:925} INFO - DAG(s) 'example_kubernetes_executor' retrieved from /home/airflow/.local/lib/python3.12/site-packages/airflow/example_dags/example_kubernetes_executor.py
[2024-11-20T14:57:33.313+0000] {logging_mixin.py:190} INFO - [2024-11-20T14:57:33.312+0000] {dag.py:3239} INFO - Sync 1 DAGs
[2024-11-20T14:57:33.323+0000] {logging_mixin.py:190} INFO - [2024-11-20T14:57:33.323+0000] {dag.py:4180} INFO - Setting next_dagrun for example_kubernetes_executor to None, run_after=None
[2024-11-20T14:57:33.338+0000] {processor.py:208} INFO - Processing /home/airflow/.local/lib/python3.12/site-packages/airflow/example_dags/example_kubernetes_executor.py took 0.065 seconds
[2024-11-20T14:58:04.389+0000] {processor.py:186} INFO - Started process (PID=3077) to work on /home/airflow/.local/lib/python3.12/site-packages/airflow/example_dags/example_kubernetes_executor.py
[2024-11-20T14:58:04.390+0000] {processor.py:914} INFO - Processing file /home/airflow/.local/lib/python3.12/site-packages/airflow/example_dags/example_kubernetes_executor.py for tasks to queue
[2024-11-20T14:58:04.392+0000] {logging_mixin.py:190} INFO - [2024-11-20T14:58:04.392+0000] {dagbag.py:588} INFO - Filling up the DagBag from /home/airflow/.local/lib/python3.12/site-packages/airflow/example_dags/example_kubernetes_executor.py
[2024-11-20T14:58:04.402+0000] {processor.py:925} INFO - DAG(s) 'example_kubernetes_executor' retrieved from /home/airflow/.local/lib/python3.12/site-packages/airflow/example_dags/example_kubernetes_executor.py
[2024-11-20T14:58:04.427+0000] {logging_mixin.py:190} INFO - [2024-11-20T14:58:04.427+0000] {dag.py:3239} INFO - Sync 1 DAGs
[2024-11-20T14:58:04.436+0000] {logging_mixin.py:190} INFO - [2024-11-20T14:58:04.436+0000] {dag.py:4180} INFO - Setting next_dagrun for example_kubernetes_executor to None, run_after=None
[2024-11-20T14:58:04.451+0000] {processor.py:208} INFO - Processing /home/airflow/.local/lib/python3.12/site-packages/airflow/example_dags/example_kubernetes_executor.py took 0.066 seconds
[2024-11-20T14:58:35.059+0000] {processor.py:186} INFO - Started process (PID=3140) to work on /home/airflow/.local/lib/python3.12/site-packages/airflow/example_dags/example_kubernetes_executor.py
[2024-11-20T14:58:35.060+0000] {processor.py:914} INFO - Processing file /home/airflow/.local/lib/python3.12/site-packages/airflow/example_dags/example_kubernetes_executor.py for tasks to queue
[2024-11-20T14:58:35.062+0000] {logging_mixin.py:190} INFO - [2024-11-20T14:58:35.062+0000] {dagbag.py:588} INFO - Filling up the DagBag from /home/airflow/.local/lib/python3.12/site-packages/airflow/example_dags/example_kubernetes_executor.py
[2024-11-20T14:58:35.071+0000] {processor.py:925} INFO - DAG(s) 'example_kubernetes_executor' retrieved from /home/airflow/.local/lib/python3.12/site-packages/airflow/example_dags/example_kubernetes_executor.py
[2024-11-20T14:58:35.096+0000] {logging_mixin.py:190} INFO - [2024-11-20T14:58:35.096+0000] {dag.py:3239} INFO - Sync 1 DAGs
[2024-11-20T14:58:35.105+0000] {logging_mixin.py:190} INFO - [2024-11-20T14:58:35.105+0000] {dag.py:4180} INFO - Setting next_dagrun for example_kubernetes_executor to None, run_after=None
[2024-11-20T14:58:35.118+0000] {processor.py:208} INFO - Processing /home/airflow/.local/lib/python3.12/site-packages/airflow/example_dags/example_kubernetes_executor.py took 0.063 seconds
[2024-11-20T14:59:05.854+0000] {processor.py:186} INFO - Started process (PID=3203) to work on /home/airflow/.local/lib/python3.12/site-packages/airflow/example_dags/example_kubernetes_executor.py
[2024-11-20T14:59:05.855+0000] {processor.py:914} INFO - Processing file /home/airflow/.local/lib/python3.12/site-packages/airflow/example_dags/example_kubernetes_executor.py for tasks to queue
[2024-11-20T14:59:05.856+0000] {logging_mixin.py:190} INFO - [2024-11-20T14:59:05.856+0000] {dagbag.py:588} INFO - Filling up the DagBag from /home/airflow/.local/lib/python3.12/site-packages/airflow/example_dags/example_kubernetes_executor.py
[2024-11-20T14:59:05.866+0000] {processor.py:925} INFO - DAG(s) 'example_kubernetes_executor' retrieved from /home/airflow/.local/lib/python3.12/site-packages/airflow/example_dags/example_kubernetes_executor.py
[2024-11-20T14:59:05.889+0000] {logging_mixin.py:190} INFO - [2024-11-20T14:59:05.889+0000] {dag.py:3239} INFO - Sync 1 DAGs
[2024-11-20T14:59:05.898+0000] {logging_mixin.py:190} INFO - [2024-11-20T14:59:05.898+0000] {dag.py:4180} INFO - Setting next_dagrun for example_kubernetes_executor to None, run_after=None
[2024-11-20T14:59:05.913+0000] {processor.py:208} INFO - Processing /home/airflow/.local/lib/python3.12/site-packages/airflow/example_dags/example_kubernetes_executor.py took 0.062 seconds
[2024-11-20T14:59:36.948+0000] {processor.py:186} INFO - Started process (PID=3266) to work on /home/airflow/.local/lib/python3.12/site-packages/airflow/example_dags/example_kubernetes_executor.py
[2024-11-20T14:59:36.949+0000] {processor.py:914} INFO - Processing file /home/airflow/.local/lib/python3.12/site-packages/airflow/example_dags/example_kubernetes_executor.py for tasks to queue
[2024-11-20T14:59:36.951+0000] {logging_mixin.py:190} INFO - [2024-11-20T14:59:36.951+0000] {dagbag.py:588} INFO - Filling up the DagBag from /home/airflow/.local/lib/python3.12/site-packages/airflow/example_dags/example_kubernetes_executor.py
[2024-11-20T14:59:36.964+0000] {processor.py:925} INFO - DAG(s) 'example_kubernetes_executor' retrieved from /home/airflow/.local/lib/python3.12/site-packages/airflow/example_dags/example_kubernetes_executor.py
[2024-11-20T14:59:37.118+0000] {logging_mixin.py:190} INFO - [2024-11-20T14:59:37.118+0000] {dag.py:3239} INFO - Sync 1 DAGs
[2024-11-20T14:59:37.126+0000] {logging_mixin.py:190} INFO - [2024-11-20T14:59:37.126+0000] {dag.py:4180} INFO - Setting next_dagrun for example_kubernetes_executor to None, run_after=None
[2024-11-20T14:59:37.144+0000] {processor.py:208} INFO - Processing /home/airflow/.local/lib/python3.12/site-packages/airflow/example_dags/example_kubernetes_executor.py took 0.200 seconds
[2024-11-20T15:00:07.290+0000] {processor.py:186} INFO - Started process (PID=3335) to work on /home/airflow/.local/lib/python3.12/site-packages/airflow/example_dags/example_kubernetes_executor.py
[2024-11-20T15:00:07.291+0000] {processor.py:914} INFO - Processing file /home/airflow/.local/lib/python3.12/site-packages/airflow/example_dags/example_kubernetes_executor.py for tasks to queue
[2024-11-20T15:00:07.293+0000] {logging_mixin.py:190} INFO - [2024-11-20T15:00:07.293+0000] {dagbag.py:588} INFO - Filling up the DagBag from /home/airflow/.local/lib/python3.12/site-packages/airflow/example_dags/example_kubernetes_executor.py
[2024-11-20T15:00:07.303+0000] {processor.py:925} INFO - DAG(s) 'example_kubernetes_executor' retrieved from /home/airflow/.local/lib/python3.12/site-packages/airflow/example_dags/example_kubernetes_executor.py
[2024-11-20T15:00:07.327+0000] {logging_mixin.py:190} INFO - [2024-11-20T15:00:07.327+0000] {dag.py:3239} INFO - Sync 1 DAGs
[2024-11-20T15:00:07.449+0000] {logging_mixin.py:190} INFO - [2024-11-20T15:00:07.449+0000] {dag.py:4180} INFO - Setting next_dagrun for example_kubernetes_executor to None, run_after=None
[2024-11-20T15:00:07.463+0000] {processor.py:208} INFO - Processing /home/airflow/.local/lib/python3.12/site-packages/airflow/example_dags/example_kubernetes_executor.py took 0.177 seconds
[2024-11-20T15:00:38.282+0000] {processor.py:186} INFO - Started process (PID=3398) to work on /home/airflow/.local/lib/python3.12/site-packages/airflow/example_dags/example_kubernetes_executor.py
[2024-11-20T15:00:38.283+0000] {processor.py:914} INFO - Processing file /home/airflow/.local/lib/python3.12/site-packages/airflow/example_dags/example_kubernetes_executor.py for tasks to queue
[2024-11-20T15:00:38.285+0000] {logging_mixin.py:190} INFO - [2024-11-20T15:00:38.285+0000] {dagbag.py:588} INFO - Filling up the DagBag from /home/airflow/.local/lib/python3.12/site-packages/airflow/example_dags/example_kubernetes_executor.py
[2024-11-20T15:00:38.294+0000] {processor.py:925} INFO - DAG(s) 'example_kubernetes_executor' retrieved from /home/airflow/.local/lib/python3.12/site-packages/airflow/example_dags/example_kubernetes_executor.py
[2024-11-20T15:00:38.320+0000] {logging_mixin.py:190} INFO - [2024-11-20T15:00:38.320+0000] {dag.py:3239} INFO - Sync 1 DAGs
[2024-11-20T15:00:38.331+0000] {logging_mixin.py:190} INFO - [2024-11-20T15:00:38.330+0000] {dag.py:4180} INFO - Setting next_dagrun for example_kubernetes_executor to None, run_after=None
[2024-11-20T15:00:38.347+0000] {processor.py:208} INFO - Processing /home/airflow/.local/lib/python3.12/site-packages/airflow/example_dags/example_kubernetes_executor.py took 0.069 seconds
[2024-11-20T15:01:09.235+0000] {processor.py:186} INFO - Started process (PID=3461) to work on /home/airflow/.local/lib/python3.12/site-packages/airflow/example_dags/example_kubernetes_executor.py
[2024-11-20T15:01:09.236+0000] {processor.py:914} INFO - Processing file /home/airflow/.local/lib/python3.12/site-packages/airflow/example_dags/example_kubernetes_executor.py for tasks to queue
[2024-11-20T15:01:09.238+0000] {logging_mixin.py:190} INFO - [2024-11-20T15:01:09.237+0000] {dagbag.py:588} INFO - Filling up the DagBag from /home/airflow/.local/lib/python3.12/site-packages/airflow/example_dags/example_kubernetes_executor.py
[2024-11-20T15:01:09.247+0000] {processor.py:925} INFO - DAG(s) 'example_kubernetes_executor' retrieved from /home/airflow/.local/lib/python3.12/site-packages/airflow/example_dags/example_kubernetes_executor.py
[2024-11-20T15:01:09.272+0000] {logging_mixin.py:190} INFO - [2024-11-20T15:01:09.271+0000] {dag.py:3239} INFO - Sync 1 DAGs
[2024-11-20T15:01:09.281+0000] {logging_mixin.py:190} INFO - [2024-11-20T15:01:09.281+0000] {dag.py:4180} INFO - Setting next_dagrun for example_kubernetes_executor to None, run_after=None
[2024-11-20T15:01:09.298+0000] {processor.py:208} INFO - Processing /home/airflow/.local/lib/python3.12/site-packages/airflow/example_dags/example_kubernetes_executor.py took 0.067 seconds
[2024-11-20T15:01:40.110+0000] {processor.py:186} INFO - Started process (PID=3524) to work on /home/airflow/.local/lib/python3.12/site-packages/airflow/example_dags/example_kubernetes_executor.py
[2024-11-20T15:01:40.111+0000] {processor.py:914} INFO - Processing file /home/airflow/.local/lib/python3.12/site-packages/airflow/example_dags/example_kubernetes_executor.py for tasks to queue
[2024-11-20T15:01:40.113+0000] {logging_mixin.py:190} INFO - [2024-11-20T15:01:40.113+0000] {dagbag.py:588} INFO - Filling up the DagBag from /home/airflow/.local/lib/python3.12/site-packages/airflow/example_dags/example_kubernetes_executor.py
[2024-11-20T15:01:40.123+0000] {processor.py:925} INFO - DAG(s) 'example_kubernetes_executor' retrieved from /home/airflow/.local/lib/python3.12/site-packages/airflow/example_dags/example_kubernetes_executor.py
[2024-11-20T15:01:40.149+0000] {logging_mixin.py:190} INFO - [2024-11-20T15:01:40.149+0000] {dag.py:3239} INFO - Sync 1 DAGs
[2024-11-20T15:01:40.159+0000] {logging_mixin.py:190} INFO - [2024-11-20T15:01:40.158+0000] {dag.py:4180} INFO - Setting next_dagrun for example_kubernetes_executor to None, run_after=None
[2024-11-20T15:01:40.175+0000] {processor.py:208} INFO - Processing /home/airflow/.local/lib/python3.12/site-packages/airflow/example_dags/example_kubernetes_executor.py took 0.069 seconds
[2024-11-20T15:02:10.221+0000] {processor.py:186} INFO - Started process (PID=3586) to work on /home/airflow/.local/lib/python3.12/site-packages/airflow/example_dags/example_kubernetes_executor.py
[2024-11-20T15:02:10.222+0000] {processor.py:914} INFO - Processing file /home/airflow/.local/lib/python3.12/site-packages/airflow/example_dags/example_kubernetes_executor.py for tasks to queue
[2024-11-20T15:02:10.224+0000] {logging_mixin.py:190} INFO - [2024-11-20T15:02:10.224+0000] {dagbag.py:588} INFO - Filling up the DagBag from /home/airflow/.local/lib/python3.12/site-packages/airflow/example_dags/example_kubernetes_executor.py
[2024-11-20T15:02:10.233+0000] {processor.py:925} INFO - DAG(s) 'example_kubernetes_executor' retrieved from /home/airflow/.local/lib/python3.12/site-packages/airflow/example_dags/example_kubernetes_executor.py
[2024-11-20T15:02:10.258+0000] {logging_mixin.py:190} INFO - [2024-11-20T15:02:10.258+0000] {dag.py:3239} INFO - Sync 1 DAGs
[2024-11-20T15:02:10.267+0000] {logging_mixin.py:190} INFO - [2024-11-20T15:02:10.267+0000] {dag.py:4180} INFO - Setting next_dagrun for example_kubernetes_executor to None, run_after=None
[2024-11-20T15:02:10.282+0000] {processor.py:208} INFO - Processing /home/airflow/.local/lib/python3.12/site-packages/airflow/example_dags/example_kubernetes_executor.py took 0.065 seconds
[2024-11-20T15:02:41.093+0000] {processor.py:186} INFO - Started process (PID=3650) to work on /home/airflow/.local/lib/python3.12/site-packages/airflow/example_dags/example_kubernetes_executor.py
[2024-11-20T15:02:41.094+0000] {processor.py:914} INFO - Processing file /home/airflow/.local/lib/python3.12/site-packages/airflow/example_dags/example_kubernetes_executor.py for tasks to queue
[2024-11-20T15:02:41.096+0000] {logging_mixin.py:190} INFO - [2024-11-20T15:02:41.095+0000] {dagbag.py:588} INFO - Filling up the DagBag from /home/airflow/.local/lib/python3.12/site-packages/airflow/example_dags/example_kubernetes_executor.py
[2024-11-20T15:02:41.105+0000] {processor.py:925} INFO - DAG(s) 'example_kubernetes_executor' retrieved from /home/airflow/.local/lib/python3.12/site-packages/airflow/example_dags/example_kubernetes_executor.py
[2024-11-20T15:02:41.130+0000] {logging_mixin.py:190} INFO - [2024-11-20T15:02:41.130+0000] {dag.py:3239} INFO - Sync 1 DAGs
[2024-11-20T15:02:41.139+0000] {logging_mixin.py:190} INFO - [2024-11-20T15:02:41.138+0000] {dag.py:4180} INFO - Setting next_dagrun for example_kubernetes_executor to None, run_after=None
[2024-11-20T15:02:41.152+0000] {processor.py:208} INFO - Processing /home/airflow/.local/lib/python3.12/site-packages/airflow/example_dags/example_kubernetes_executor.py took 0.063 seconds
