[2024-11-20T14:27:52.235+0000] {processor.py:186} INFO - Started process (PID=118) to work on /home/airflow/.local/lib/python3.12/site-packages/airflow/example_dags/example_branch_python_dop_operator_3.py
[2024-11-20T14:27:52.236+0000] {processor.py:914} INFO - Processing file /home/airflow/.local/lib/python3.12/site-packages/airflow/example_dags/example_branch_python_dop_operator_3.py for tasks to queue
[2024-11-20T14:27:52.238+0000] {logging_mixin.py:190} INFO - [2024-11-20T14:27:52.238+0000] {dagbag.py:588} INFO - Filling up the DagBag from /home/airflow/.local/lib/python3.12/site-packages/airflow/example_dags/example_branch_python_dop_operator_3.py
[2024-11-20T14:27:52.246+0000] {processor.py:925} INFO - DAG(s) 'example_branch_dop_operator_v3' retrieved from /home/airflow/.local/lib/python3.12/site-packages/airflow/example_dags/example_branch_python_dop_operator_3.py
[2024-11-20T14:27:52.312+0000] {logging_mixin.py:190} INFO - [2024-11-20T14:27:52.312+0000] {override.py:1911} INFO - Created Permission View: can read on DAG:example_branch_dop_operator_v3
[2024-11-20T14:27:52.321+0000] {logging_mixin.py:190} INFO - [2024-11-20T14:27:52.321+0000] {override.py:1911} INFO - Created Permission View: can edit on DAG:example_branch_dop_operator_v3
[2024-11-20T14:27:52.328+0000] {logging_mixin.py:190} INFO - [2024-11-20T14:27:52.327+0000] {override.py:1911} INFO - Created Permission View: can delete on DAG:example_branch_dop_operator_v3
[2024-11-20T14:27:52.335+0000] {logging_mixin.py:190} INFO - [2024-11-20T14:27:52.335+0000] {override.py:1911} INFO - Created Permission View: can read on DAG Run:example_branch_dop_operator_v3
[2024-11-20T14:27:52.341+0000] {logging_mixin.py:190} INFO - [2024-11-20T14:27:52.341+0000] {override.py:1911} INFO - Created Permission View: menu access on DAG Run:example_branch_dop_operator_v3
[2024-11-20T14:27:52.348+0000] {logging_mixin.py:190} INFO - [2024-11-20T14:27:52.348+0000] {override.py:1911} INFO - Created Permission View: can create on DAG Run:example_branch_dop_operator_v3
[2024-11-20T14:27:52.354+0000] {logging_mixin.py:190} INFO - [2024-11-20T14:27:52.354+0000] {override.py:1911} INFO - Created Permission View: can delete on DAG Run:example_branch_dop_operator_v3
[2024-11-20T14:27:52.355+0000] {logging_mixin.py:190} INFO - [2024-11-20T14:27:52.354+0000] {dag.py:3239} INFO - Sync 1 DAGs
[2024-11-20T14:27:52.364+0000] {logging_mixin.py:190} INFO - [2024-11-20T14:27:52.364+0000] {dag.py:3262} INFO - Creating ORM DAG for example_branch_dop_operator_v3
[2024-11-20T14:27:52.373+0000] {logging_mixin.py:190} INFO - [2024-11-20T14:27:52.373+0000] {dag.py:4180} INFO - Setting next_dagrun for example_branch_dop_operator_v3 to 2024-11-20 14:26:00+00:00, run_after=2024-11-20 14:27:00+00:00
[2024-11-20T14:27:52.387+0000] {processor.py:208} INFO - Processing /home/airflow/.local/lib/python3.12/site-packages/airflow/example_dags/example_branch_python_dop_operator_3.py took 0.156 seconds
[2024-11-20T14:28:23.129+0000] {processor.py:186} INFO - Started process (PID=181) to work on /home/airflow/.local/lib/python3.12/site-packages/airflow/example_dags/example_branch_python_dop_operator_3.py
[2024-11-20T14:28:23.130+0000] {processor.py:914} INFO - Processing file /home/airflow/.local/lib/python3.12/site-packages/airflow/example_dags/example_branch_python_dop_operator_3.py for tasks to queue
[2024-11-20T14:28:23.134+0000] {logging_mixin.py:190} INFO - [2024-11-20T14:28:23.133+0000] {dagbag.py:588} INFO - Filling up the DagBag from /home/airflow/.local/lib/python3.12/site-packages/airflow/example_dags/example_branch_python_dop_operator_3.py
[2024-11-20T14:28:23.141+0000] {processor.py:925} INFO - DAG(s) 'example_branch_dop_operator_v3' retrieved from /home/airflow/.local/lib/python3.12/site-packages/airflow/example_dags/example_branch_python_dop_operator_3.py
[2024-11-20T14:28:23.162+0000] {logging_mixin.py:190} INFO - [2024-11-20T14:28:23.162+0000] {dag.py:3239} INFO - Sync 1 DAGs
[2024-11-20T14:28:23.183+0000] {logging_mixin.py:190} INFO - [2024-11-20T14:28:23.183+0000] {dag.py:4180} INFO - Setting next_dagrun for example_branch_dop_operator_v3 to 2024-11-20 14:27:00+00:00, run_after=2024-11-20 14:28:00+00:00
[2024-11-20T14:28:23.202+0000] {processor.py:208} INFO - Processing /home/airflow/.local/lib/python3.12/site-packages/airflow/example_dags/example_branch_python_dop_operator_3.py took 0.078 seconds
[2024-11-20T14:28:53.340+0000] {processor.py:186} INFO - Started process (PID=243) to work on /home/airflow/.local/lib/python3.12/site-packages/airflow/example_dags/example_branch_python_dop_operator_3.py
[2024-11-20T14:28:53.341+0000] {processor.py:914} INFO - Processing file /home/airflow/.local/lib/python3.12/site-packages/airflow/example_dags/example_branch_python_dop_operator_3.py for tasks to queue
[2024-11-20T14:28:53.343+0000] {logging_mixin.py:190} INFO - [2024-11-20T14:28:53.343+0000] {dagbag.py:588} INFO - Filling up the DagBag from /home/airflow/.local/lib/python3.12/site-packages/airflow/example_dags/example_branch_python_dop_operator_3.py
[2024-11-20T14:28:53.351+0000] {processor.py:925} INFO - DAG(s) 'example_branch_dop_operator_v3' retrieved from /home/airflow/.local/lib/python3.12/site-packages/airflow/example_dags/example_branch_python_dop_operator_3.py
[2024-11-20T14:28:53.366+0000] {logging_mixin.py:190} INFO - [2024-11-20T14:28:53.366+0000] {dag.py:3239} INFO - Sync 1 DAGs
[2024-11-20T14:28:53.383+0000] {logging_mixin.py:190} INFO - [2024-11-20T14:28:53.383+0000] {dag.py:4180} INFO - Setting next_dagrun for example_branch_dop_operator_v3 to 2024-11-20 14:27:00+00:00, run_after=2024-11-20 14:28:00+00:00
[2024-11-20T14:28:53.400+0000] {processor.py:208} INFO - Processing /home/airflow/.local/lib/python3.12/site-packages/airflow/example_dags/example_branch_python_dop_operator_3.py took 0.064 seconds
[2024-11-20T14:29:23.770+0000] {processor.py:186} INFO - Started process (PID=305) to work on /home/airflow/.local/lib/python3.12/site-packages/airflow/example_dags/example_branch_python_dop_operator_3.py
[2024-11-20T14:29:23.771+0000] {processor.py:914} INFO - Processing file /home/airflow/.local/lib/python3.12/site-packages/airflow/example_dags/example_branch_python_dop_operator_3.py for tasks to queue
[2024-11-20T14:29:23.772+0000] {logging_mixin.py:190} INFO - [2024-11-20T14:29:23.772+0000] {dagbag.py:588} INFO - Filling up the DagBag from /home/airflow/.local/lib/python3.12/site-packages/airflow/example_dags/example_branch_python_dop_operator_3.py
[2024-11-20T14:29:23.779+0000] {processor.py:925} INFO - DAG(s) 'example_branch_dop_operator_v3' retrieved from /home/airflow/.local/lib/python3.12/site-packages/airflow/example_dags/example_branch_python_dop_operator_3.py
[2024-11-20T14:29:23.791+0000] {logging_mixin.py:190} INFO - [2024-11-20T14:29:23.791+0000] {dag.py:3239} INFO - Sync 1 DAGs
[2024-11-20T14:29:23.807+0000] {logging_mixin.py:190} INFO - [2024-11-20T14:29:23.807+0000] {dag.py:4180} INFO - Setting next_dagrun for example_branch_dop_operator_v3 to 2024-11-20 14:28:00+00:00, run_after=2024-11-20 14:29:00+00:00
[2024-11-20T14:29:23.824+0000] {processor.py:208} INFO - Processing /home/airflow/.local/lib/python3.12/site-packages/airflow/example_dags/example_branch_python_dop_operator_3.py took 0.058 seconds
[2024-11-20T14:29:54.056+0000] {processor.py:186} INFO - Started process (PID=368) to work on /home/airflow/.local/lib/python3.12/site-packages/airflow/example_dags/example_branch_python_dop_operator_3.py
[2024-11-20T14:29:54.057+0000] {processor.py:914} INFO - Processing file /home/airflow/.local/lib/python3.12/site-packages/airflow/example_dags/example_branch_python_dop_operator_3.py for tasks to queue
[2024-11-20T14:29:54.059+0000] {logging_mixin.py:190} INFO - [2024-11-20T14:29:54.059+0000] {dagbag.py:588} INFO - Filling up the DagBag from /home/airflow/.local/lib/python3.12/site-packages/airflow/example_dags/example_branch_python_dop_operator_3.py
[2024-11-20T14:29:54.066+0000] {processor.py:925} INFO - DAG(s) 'example_branch_dop_operator_v3' retrieved from /home/airflow/.local/lib/python3.12/site-packages/airflow/example_dags/example_branch_python_dop_operator_3.py
[2024-11-20T14:29:54.078+0000] {logging_mixin.py:190} INFO - [2024-11-20T14:29:54.078+0000] {dag.py:3239} INFO - Sync 1 DAGs
[2024-11-20T14:29:54.095+0000] {logging_mixin.py:190} INFO - [2024-11-20T14:29:54.095+0000] {dag.py:4180} INFO - Setting next_dagrun for example_branch_dop_operator_v3 to 2024-11-20 14:28:00+00:00, run_after=2024-11-20 14:29:00+00:00
[2024-11-20T14:29:54.109+0000] {processor.py:208} INFO - Processing /home/airflow/.local/lib/python3.12/site-packages/airflow/example_dags/example_branch_python_dop_operator_3.py took 0.057 seconds
[2024-11-20T14:30:24.415+0000] {processor.py:186} INFO - Started process (PID=431) to work on /home/airflow/.local/lib/python3.12/site-packages/airflow/example_dags/example_branch_python_dop_operator_3.py
[2024-11-20T14:30:24.416+0000] {processor.py:914} INFO - Processing file /home/airflow/.local/lib/python3.12/site-packages/airflow/example_dags/example_branch_python_dop_operator_3.py for tasks to queue
[2024-11-20T14:30:24.418+0000] {logging_mixin.py:190} INFO - [2024-11-20T14:30:24.418+0000] {dagbag.py:588} INFO - Filling up the DagBag from /home/airflow/.local/lib/python3.12/site-packages/airflow/example_dags/example_branch_python_dop_operator_3.py
[2024-11-20T14:30:24.425+0000] {processor.py:925} INFO - DAG(s) 'example_branch_dop_operator_v3' retrieved from /home/airflow/.local/lib/python3.12/site-packages/airflow/example_dags/example_branch_python_dop_operator_3.py
[2024-11-20T14:30:24.439+0000] {logging_mixin.py:190} INFO - [2024-11-20T14:30:24.439+0000] {dag.py:3239} INFO - Sync 1 DAGs
[2024-11-20T14:30:24.457+0000] {logging_mixin.py:190} INFO - [2024-11-20T14:30:24.457+0000] {dag.py:4180} INFO - Setting next_dagrun for example_branch_dop_operator_v3 to 2024-11-20 14:29:00+00:00, run_after=2024-11-20 14:30:00+00:00
[2024-11-20T14:30:24.475+0000] {processor.py:208} INFO - Processing /home/airflow/.local/lib/python3.12/site-packages/airflow/example_dags/example_branch_python_dop_operator_3.py took 0.064 seconds
[2024-11-20T14:30:54.955+0000] {processor.py:186} INFO - Started process (PID=495) to work on /home/airflow/.local/lib/python3.12/site-packages/airflow/example_dags/example_branch_python_dop_operator_3.py
[2024-11-20T14:30:54.956+0000] {processor.py:914} INFO - Processing file /home/airflow/.local/lib/python3.12/site-packages/airflow/example_dags/example_branch_python_dop_operator_3.py for tasks to queue
[2024-11-20T14:30:54.958+0000] {logging_mixin.py:190} INFO - [2024-11-20T14:30:54.958+0000] {dagbag.py:588} INFO - Filling up the DagBag from /home/airflow/.local/lib/python3.12/site-packages/airflow/example_dags/example_branch_python_dop_operator_3.py
[2024-11-20T14:30:54.965+0000] {processor.py:925} INFO - DAG(s) 'example_branch_dop_operator_v3' retrieved from /home/airflow/.local/lib/python3.12/site-packages/airflow/example_dags/example_branch_python_dop_operator_3.py
[2024-11-20T14:30:54.979+0000] {logging_mixin.py:190} INFO - [2024-11-20T14:30:54.979+0000] {dag.py:3239} INFO - Sync 1 DAGs
[2024-11-20T14:30:54.996+0000] {logging_mixin.py:190} INFO - [2024-11-20T14:30:54.996+0000] {dag.py:4180} INFO - Setting next_dagrun for example_branch_dop_operator_v3 to 2024-11-20 14:29:00+00:00, run_after=2024-11-20 14:30:00+00:00
[2024-11-20T14:30:55.012+0000] {processor.py:208} INFO - Processing /home/airflow/.local/lib/python3.12/site-packages/airflow/example_dags/example_branch_python_dop_operator_3.py took 0.061 seconds
[2024-11-20T14:31:25.404+0000] {processor.py:186} INFO - Started process (PID=558) to work on /home/airflow/.local/lib/python3.12/site-packages/airflow/example_dags/example_branch_python_dop_operator_3.py
[2024-11-20T14:31:25.405+0000] {processor.py:914} INFO - Processing file /home/airflow/.local/lib/python3.12/site-packages/airflow/example_dags/example_branch_python_dop_operator_3.py for tasks to queue
[2024-11-20T14:31:25.407+0000] {logging_mixin.py:190} INFO - [2024-11-20T14:31:25.407+0000] {dagbag.py:588} INFO - Filling up the DagBag from /home/airflow/.local/lib/python3.12/site-packages/airflow/example_dags/example_branch_python_dop_operator_3.py
[2024-11-20T14:31:25.414+0000] {processor.py:925} INFO - DAG(s) 'example_branch_dop_operator_v3' retrieved from /home/airflow/.local/lib/python3.12/site-packages/airflow/example_dags/example_branch_python_dop_operator_3.py
[2024-11-20T14:31:25.428+0000] {logging_mixin.py:190} INFO - [2024-11-20T14:31:25.428+0000] {dag.py:3239} INFO - Sync 1 DAGs
[2024-11-20T14:31:25.445+0000] {logging_mixin.py:190} INFO - [2024-11-20T14:31:25.445+0000] {dag.py:4180} INFO - Setting next_dagrun for example_branch_dop_operator_v3 to 2024-11-20 14:30:00+00:00, run_after=2024-11-20 14:31:00+00:00
[2024-11-20T14:31:25.459+0000] {processor.py:208} INFO - Processing /home/airflow/.local/lib/python3.12/site-packages/airflow/example_dags/example_branch_python_dop_operator_3.py took 0.059 seconds
[2024-11-20T14:31:56.215+0000] {processor.py:186} INFO - Started process (PID=621) to work on /home/airflow/.local/lib/python3.12/site-packages/airflow/example_dags/example_branch_python_dop_operator_3.py
[2024-11-20T14:31:56.216+0000] {processor.py:914} INFO - Processing file /home/airflow/.local/lib/python3.12/site-packages/airflow/example_dags/example_branch_python_dop_operator_3.py for tasks to queue
[2024-11-20T14:31:56.218+0000] {logging_mixin.py:190} INFO - [2024-11-20T14:31:56.218+0000] {dagbag.py:588} INFO - Filling up the DagBag from /home/airflow/.local/lib/python3.12/site-packages/airflow/example_dags/example_branch_python_dop_operator_3.py
[2024-11-20T14:31:56.225+0000] {processor.py:925} INFO - DAG(s) 'example_branch_dop_operator_v3' retrieved from /home/airflow/.local/lib/python3.12/site-packages/airflow/example_dags/example_branch_python_dop_operator_3.py
[2024-11-20T14:31:56.238+0000] {logging_mixin.py:190} INFO - [2024-11-20T14:31:56.238+0000] {dag.py:3239} INFO - Sync 1 DAGs
[2024-11-20T14:31:56.254+0000] {logging_mixin.py:190} INFO - [2024-11-20T14:31:56.254+0000] {dag.py:4180} INFO - Setting next_dagrun for example_branch_dop_operator_v3 to 2024-11-20 14:30:00+00:00, run_after=2024-11-20 14:31:00+00:00
[2024-11-20T14:31:56.268+0000] {processor.py:208} INFO - Processing /home/airflow/.local/lib/python3.12/site-packages/airflow/example_dags/example_branch_python_dop_operator_3.py took 0.056 seconds
[2024-11-20T14:32:27.349+0000] {processor.py:186} INFO - Started process (PID=684) to work on /home/airflow/.local/lib/python3.12/site-packages/airflow/example_dags/example_branch_python_dop_operator_3.py
[2024-11-20T14:32:27.349+0000] {processor.py:914} INFO - Processing file /home/airflow/.local/lib/python3.12/site-packages/airflow/example_dags/example_branch_python_dop_operator_3.py for tasks to queue
[2024-11-20T14:32:27.351+0000] {logging_mixin.py:190} INFO - [2024-11-20T14:32:27.351+0000] {dagbag.py:588} INFO - Filling up the DagBag from /home/airflow/.local/lib/python3.12/site-packages/airflow/example_dags/example_branch_python_dop_operator_3.py
[2024-11-20T14:32:27.358+0000] {processor.py:925} INFO - DAG(s) 'example_branch_dop_operator_v3' retrieved from /home/airflow/.local/lib/python3.12/site-packages/airflow/example_dags/example_branch_python_dop_operator_3.py
[2024-11-20T14:32:27.371+0000] {logging_mixin.py:190} INFO - [2024-11-20T14:32:27.370+0000] {dag.py:3239} INFO - Sync 1 DAGs
[2024-11-20T14:32:27.386+0000] {logging_mixin.py:190} INFO - [2024-11-20T14:32:27.386+0000] {dag.py:4180} INFO - Setting next_dagrun for example_branch_dop_operator_v3 to 2024-11-20 14:31:00+00:00, run_after=2024-11-20 14:32:00+00:00
[2024-11-20T14:32:27.399+0000] {processor.py:208} INFO - Processing /home/airflow/.local/lib/python3.12/site-packages/airflow/example_dags/example_branch_python_dop_operator_3.py took 0.055 seconds
[2024-11-20T14:32:58.192+0000] {processor.py:186} INFO - Started process (PID=746) to work on /home/airflow/.local/lib/python3.12/site-packages/airflow/example_dags/example_branch_python_dop_operator_3.py
[2024-11-20T14:32:58.193+0000] {processor.py:914} INFO - Processing file /home/airflow/.local/lib/python3.12/site-packages/airflow/example_dags/example_branch_python_dop_operator_3.py for tasks to queue
[2024-11-20T14:32:58.195+0000] {logging_mixin.py:190} INFO - [2024-11-20T14:32:58.194+0000] {dagbag.py:588} INFO - Filling up the DagBag from /home/airflow/.local/lib/python3.12/site-packages/airflow/example_dags/example_branch_python_dop_operator_3.py
[2024-11-20T14:32:58.202+0000] {processor.py:925} INFO - DAG(s) 'example_branch_dop_operator_v3' retrieved from /home/airflow/.local/lib/python3.12/site-packages/airflow/example_dags/example_branch_python_dop_operator_3.py
[2024-11-20T14:32:58.214+0000] {logging_mixin.py:190} INFO - [2024-11-20T14:32:58.214+0000] {dag.py:3239} INFO - Sync 1 DAGs
[2024-11-20T14:32:58.230+0000] {logging_mixin.py:190} INFO - [2024-11-20T14:32:58.230+0000] {dag.py:4180} INFO - Setting next_dagrun for example_branch_dop_operator_v3 to 2024-11-20 14:31:00+00:00, run_after=2024-11-20 14:32:00+00:00
[2024-11-20T14:32:58.245+0000] {processor.py:208} INFO - Processing /home/airflow/.local/lib/python3.12/site-packages/airflow/example_dags/example_branch_python_dop_operator_3.py took 0.058 seconds
[2024-11-20T14:33:28.770+0000] {processor.py:186} INFO - Started process (PID=809) to work on /home/airflow/.local/lib/python3.12/site-packages/airflow/example_dags/example_branch_python_dop_operator_3.py
[2024-11-20T14:33:28.772+0000] {processor.py:914} INFO - Processing file /home/airflow/.local/lib/python3.12/site-packages/airflow/example_dags/example_branch_python_dop_operator_3.py for tasks to queue
[2024-11-20T14:33:28.775+0000] {logging_mixin.py:190} INFO - [2024-11-20T14:33:28.774+0000] {dagbag.py:588} INFO - Filling up the DagBag from /home/airflow/.local/lib/python3.12/site-packages/airflow/example_dags/example_branch_python_dop_operator_3.py
[2024-11-20T14:33:28.782+0000] {processor.py:925} INFO - DAG(s) 'example_branch_dop_operator_v3' retrieved from /home/airflow/.local/lib/python3.12/site-packages/airflow/example_dags/example_branch_python_dop_operator_3.py
[2024-11-20T14:33:28.807+0000] {logging_mixin.py:190} INFO - [2024-11-20T14:33:28.807+0000] {dag.py:3239} INFO - Sync 1 DAGs
[2024-11-20T14:33:28.826+0000] {logging_mixin.py:190} INFO - [2024-11-20T14:33:28.826+0000] {dag.py:4180} INFO - Setting next_dagrun for example_branch_dop_operator_v3 to 2024-11-20 14:32:00+00:00, run_after=2024-11-20 14:33:00+00:00
[2024-11-20T14:33:28.841+0000] {processor.py:208} INFO - Processing /home/airflow/.local/lib/python3.12/site-packages/airflow/example_dags/example_branch_python_dop_operator_3.py took 0.074 seconds
[2024-11-20T14:33:59.333+0000] {processor.py:186} INFO - Started process (PID=872) to work on /home/airflow/.local/lib/python3.12/site-packages/airflow/example_dags/example_branch_python_dop_operator_3.py
[2024-11-20T14:33:59.334+0000] {processor.py:914} INFO - Processing file /home/airflow/.local/lib/python3.12/site-packages/airflow/example_dags/example_branch_python_dop_operator_3.py for tasks to queue
[2024-11-20T14:33:59.336+0000] {logging_mixin.py:190} INFO - [2024-11-20T14:33:59.336+0000] {dagbag.py:588} INFO - Filling up the DagBag from /home/airflow/.local/lib/python3.12/site-packages/airflow/example_dags/example_branch_python_dop_operator_3.py
[2024-11-20T14:33:59.343+0000] {processor.py:925} INFO - DAG(s) 'example_branch_dop_operator_v3' retrieved from /home/airflow/.local/lib/python3.12/site-packages/airflow/example_dags/example_branch_python_dop_operator_3.py
[2024-11-20T14:33:59.356+0000] {logging_mixin.py:190} INFO - [2024-11-20T14:33:59.356+0000] {dag.py:3239} INFO - Sync 1 DAGs
[2024-11-20T14:33:59.374+0000] {logging_mixin.py:190} INFO - [2024-11-20T14:33:59.374+0000] {dag.py:4180} INFO - Setting next_dagrun for example_branch_dop_operator_v3 to 2024-11-20 14:32:00+00:00, run_after=2024-11-20 14:33:00+00:00
[2024-11-20T14:33:59.388+0000] {processor.py:208} INFO - Processing /home/airflow/.local/lib/python3.12/site-packages/airflow/example_dags/example_branch_python_dop_operator_3.py took 0.058 seconds
[2024-11-20T14:34:29.950+0000] {processor.py:186} INFO - Started process (PID=935) to work on /home/airflow/.local/lib/python3.12/site-packages/airflow/example_dags/example_branch_python_dop_operator_3.py
[2024-11-20T14:34:29.951+0000] {processor.py:914} INFO - Processing file /home/airflow/.local/lib/python3.12/site-packages/airflow/example_dags/example_branch_python_dop_operator_3.py for tasks to queue
[2024-11-20T14:34:29.953+0000] {logging_mixin.py:190} INFO - [2024-11-20T14:34:29.953+0000] {dagbag.py:588} INFO - Filling up the DagBag from /home/airflow/.local/lib/python3.12/site-packages/airflow/example_dags/example_branch_python_dop_operator_3.py
[2024-11-20T14:34:29.960+0000] {processor.py:925} INFO - DAG(s) 'example_branch_dop_operator_v3' retrieved from /home/airflow/.local/lib/python3.12/site-packages/airflow/example_dags/example_branch_python_dop_operator_3.py
[2024-11-20T14:34:29.973+0000] {logging_mixin.py:190} INFO - [2024-11-20T14:34:29.972+0000] {dag.py:3239} INFO - Sync 1 DAGs
[2024-11-20T14:34:29.988+0000] {logging_mixin.py:190} INFO - [2024-11-20T14:34:29.988+0000] {dag.py:4180} INFO - Setting next_dagrun for example_branch_dop_operator_v3 to 2024-11-20 14:33:00+00:00, run_after=2024-11-20 14:34:00+00:00
[2024-11-20T14:34:30.002+0000] {processor.py:208} INFO - Processing /home/airflow/.local/lib/python3.12/site-packages/airflow/example_dags/example_branch_python_dop_operator_3.py took 0.057 seconds
[2024-11-20T14:35:00.907+0000] {processor.py:186} INFO - Started process (PID=998) to work on /home/airflow/.local/lib/python3.12/site-packages/airflow/example_dags/example_branch_python_dop_operator_3.py
[2024-11-20T14:35:00.908+0000] {processor.py:914} INFO - Processing file /home/airflow/.local/lib/python3.12/site-packages/airflow/example_dags/example_branch_python_dop_operator_3.py for tasks to queue
[2024-11-20T14:35:00.910+0000] {logging_mixin.py:190} INFO - [2024-11-20T14:35:00.910+0000] {dagbag.py:588} INFO - Filling up the DagBag from /home/airflow/.local/lib/python3.12/site-packages/airflow/example_dags/example_branch_python_dop_operator_3.py
[2024-11-20T14:35:00.917+0000] {processor.py:925} INFO - DAG(s) 'example_branch_dop_operator_v3' retrieved from /home/airflow/.local/lib/python3.12/site-packages/airflow/example_dags/example_branch_python_dop_operator_3.py
[2024-11-20T14:35:00.930+0000] {logging_mixin.py:190} INFO - [2024-11-20T14:35:00.930+0000] {dag.py:3239} INFO - Sync 1 DAGs
[2024-11-20T14:35:00.946+0000] {logging_mixin.py:190} INFO - [2024-11-20T14:35:00.946+0000] {dag.py:4180} INFO - Setting next_dagrun for example_branch_dop_operator_v3 to 2024-11-20 14:34:00+00:00, run_after=2024-11-20 14:35:00+00:00
[2024-11-20T14:35:00.962+0000] {processor.py:208} INFO - Processing /home/airflow/.local/lib/python3.12/site-packages/airflow/example_dags/example_branch_python_dop_operator_3.py took 0.059 seconds
[2024-11-20T14:35:31.557+0000] {processor.py:186} INFO - Started process (PID=1061) to work on /home/airflow/.local/lib/python3.12/site-packages/airflow/example_dags/example_branch_python_dop_operator_3.py
[2024-11-20T14:35:31.558+0000] {processor.py:914} INFO - Processing file /home/airflow/.local/lib/python3.12/site-packages/airflow/example_dags/example_branch_python_dop_operator_3.py for tasks to queue
[2024-11-20T14:35:31.560+0000] {logging_mixin.py:190} INFO - [2024-11-20T14:35:31.560+0000] {dagbag.py:588} INFO - Filling up the DagBag from /home/airflow/.local/lib/python3.12/site-packages/airflow/example_dags/example_branch_python_dop_operator_3.py
[2024-11-20T14:35:31.567+0000] {processor.py:925} INFO - DAG(s) 'example_branch_dop_operator_v3' retrieved from /home/airflow/.local/lib/python3.12/site-packages/airflow/example_dags/example_branch_python_dop_operator_3.py
[2024-11-20T14:35:31.581+0000] {logging_mixin.py:190} INFO - [2024-11-20T14:35:31.580+0000] {dag.py:3239} INFO - Sync 1 DAGs
[2024-11-20T14:35:31.598+0000] {logging_mixin.py:190} INFO - [2024-11-20T14:35:31.598+0000] {dag.py:4180} INFO - Setting next_dagrun for example_branch_dop_operator_v3 to 2024-11-20 14:34:00+00:00, run_after=2024-11-20 14:35:00+00:00
[2024-11-20T14:35:31.612+0000] {processor.py:208} INFO - Processing /home/airflow/.local/lib/python3.12/site-packages/airflow/example_dags/example_branch_python_dop_operator_3.py took 0.058 seconds
[2024-11-20T14:36:02.403+0000] {processor.py:186} INFO - Started process (PID=1124) to work on /home/airflow/.local/lib/python3.12/site-packages/airflow/example_dags/example_branch_python_dop_operator_3.py
[2024-11-20T14:36:02.405+0000] {processor.py:914} INFO - Processing file /home/airflow/.local/lib/python3.12/site-packages/airflow/example_dags/example_branch_python_dop_operator_3.py for tasks to queue
[2024-11-20T14:36:02.406+0000] {logging_mixin.py:190} INFO - [2024-11-20T14:36:02.406+0000] {dagbag.py:588} INFO - Filling up the DagBag from /home/airflow/.local/lib/python3.12/site-packages/airflow/example_dags/example_branch_python_dop_operator_3.py
[2024-11-20T14:36:02.414+0000] {processor.py:925} INFO - DAG(s) 'example_branch_dop_operator_v3' retrieved from /home/airflow/.local/lib/python3.12/site-packages/airflow/example_dags/example_branch_python_dop_operator_3.py
[2024-11-20T14:36:02.427+0000] {logging_mixin.py:190} INFO - [2024-11-20T14:36:02.427+0000] {dag.py:3239} INFO - Sync 1 DAGs
[2024-11-20T14:36:02.444+0000] {logging_mixin.py:190} INFO - [2024-11-20T14:36:02.444+0000] {dag.py:4180} INFO - Setting next_dagrun for example_branch_dop_operator_v3 to 2024-11-20 14:35:00+00:00, run_after=2024-11-20 14:36:00+00:00
[2024-11-20T14:36:02.457+0000] {processor.py:208} INFO - Processing /home/airflow/.local/lib/python3.12/site-packages/airflow/example_dags/example_branch_python_dop_operator_3.py took 0.058 seconds
[2024-11-20T14:36:32.824+0000] {processor.py:186} INFO - Started process (PID=1187) to work on /home/airflow/.local/lib/python3.12/site-packages/airflow/example_dags/example_branch_python_dop_operator_3.py
[2024-11-20T14:36:32.824+0000] {processor.py:914} INFO - Processing file /home/airflow/.local/lib/python3.12/site-packages/airflow/example_dags/example_branch_python_dop_operator_3.py for tasks to queue
[2024-11-20T14:36:32.826+0000] {logging_mixin.py:190} INFO - [2024-11-20T14:36:32.826+0000] {dagbag.py:588} INFO - Filling up the DagBag from /home/airflow/.local/lib/python3.12/site-packages/airflow/example_dags/example_branch_python_dop_operator_3.py
[2024-11-20T14:36:32.834+0000] {processor.py:925} INFO - DAG(s) 'example_branch_dop_operator_v3' retrieved from /home/airflow/.local/lib/python3.12/site-packages/airflow/example_dags/example_branch_python_dop_operator_3.py
[2024-11-20T14:36:32.848+0000] {logging_mixin.py:190} INFO - [2024-11-20T14:36:32.848+0000] {dag.py:3239} INFO - Sync 1 DAGs
[2024-11-20T14:36:32.866+0000] {logging_mixin.py:190} INFO - [2024-11-20T14:36:32.866+0000] {dag.py:4180} INFO - Setting next_dagrun for example_branch_dop_operator_v3 to 2024-11-20 14:35:00+00:00, run_after=2024-11-20 14:36:00+00:00
[2024-11-20T14:36:32.883+0000] {processor.py:208} INFO - Processing /home/airflow/.local/lib/python3.12/site-packages/airflow/example_dags/example_branch_python_dop_operator_3.py took 0.064 seconds
[2024-11-20T14:37:03.257+0000] {processor.py:186} INFO - Started process (PID=1250) to work on /home/airflow/.local/lib/python3.12/site-packages/airflow/example_dags/example_branch_python_dop_operator_3.py
[2024-11-20T14:37:03.259+0000] {processor.py:914} INFO - Processing file /home/airflow/.local/lib/python3.12/site-packages/airflow/example_dags/example_branch_python_dop_operator_3.py for tasks to queue
[2024-11-20T14:37:03.261+0000] {logging_mixin.py:190} INFO - [2024-11-20T14:37:03.261+0000] {dagbag.py:588} INFO - Filling up the DagBag from /home/airflow/.local/lib/python3.12/site-packages/airflow/example_dags/example_branch_python_dop_operator_3.py
[2024-11-20T14:37:03.269+0000] {processor.py:925} INFO - DAG(s) 'example_branch_dop_operator_v3' retrieved from /home/airflow/.local/lib/python3.12/site-packages/airflow/example_dags/example_branch_python_dop_operator_3.py
[2024-11-20T14:37:03.283+0000] {logging_mixin.py:190} INFO - [2024-11-20T14:37:03.282+0000] {dag.py:3239} INFO - Sync 1 DAGs
[2024-11-20T14:37:03.299+0000] {logging_mixin.py:190} INFO - [2024-11-20T14:37:03.299+0000] {dag.py:4180} INFO - Setting next_dagrun for example_branch_dop_operator_v3 to 2024-11-20 14:36:00+00:00, run_after=2024-11-20 14:37:00+00:00
[2024-11-20T14:37:03.311+0000] {processor.py:208} INFO - Processing /home/airflow/.local/lib/python3.12/site-packages/airflow/example_dags/example_branch_python_dop_operator_3.py took 0.059 seconds
[2024-11-20T14:37:34.066+0000] {processor.py:186} INFO - Started process (PID=1313) to work on /home/airflow/.local/lib/python3.12/site-packages/airflow/example_dags/example_branch_python_dop_operator_3.py
[2024-11-20T14:37:34.067+0000] {processor.py:914} INFO - Processing file /home/airflow/.local/lib/python3.12/site-packages/airflow/example_dags/example_branch_python_dop_operator_3.py for tasks to queue
[2024-11-20T14:37:34.069+0000] {logging_mixin.py:190} INFO - [2024-11-20T14:37:34.069+0000] {dagbag.py:588} INFO - Filling up the DagBag from /home/airflow/.local/lib/python3.12/site-packages/airflow/example_dags/example_branch_python_dop_operator_3.py
[2024-11-20T14:37:34.076+0000] {processor.py:925} INFO - DAG(s) 'example_branch_dop_operator_v3' retrieved from /home/airflow/.local/lib/python3.12/site-packages/airflow/example_dags/example_branch_python_dop_operator_3.py
[2024-11-20T14:37:34.089+0000] {logging_mixin.py:190} INFO - [2024-11-20T14:37:34.089+0000] {dag.py:3239} INFO - Sync 1 DAGs
[2024-11-20T14:37:34.105+0000] {logging_mixin.py:190} INFO - [2024-11-20T14:37:34.105+0000] {dag.py:4180} INFO - Setting next_dagrun for example_branch_dop_operator_v3 to 2024-11-20 14:36:00+00:00, run_after=2024-11-20 14:37:00+00:00
[2024-11-20T14:37:34.121+0000] {processor.py:208} INFO - Processing /home/airflow/.local/lib/python3.12/site-packages/airflow/example_dags/example_branch_python_dop_operator_3.py took 0.058 seconds
[2024-11-20T14:38:04.778+0000] {processor.py:186} INFO - Started process (PID=1376) to work on /home/airflow/.local/lib/python3.12/site-packages/airflow/example_dags/example_branch_python_dop_operator_3.py
[2024-11-20T14:38:04.780+0000] {processor.py:914} INFO - Processing file /home/airflow/.local/lib/python3.12/site-packages/airflow/example_dags/example_branch_python_dop_operator_3.py for tasks to queue
[2024-11-20T14:38:04.782+0000] {logging_mixin.py:190} INFO - [2024-11-20T14:38:04.782+0000] {dagbag.py:588} INFO - Filling up the DagBag from /home/airflow/.local/lib/python3.12/site-packages/airflow/example_dags/example_branch_python_dop_operator_3.py
[2024-11-20T14:38:04.790+0000] {processor.py:925} INFO - DAG(s) 'example_branch_dop_operator_v3' retrieved from /home/airflow/.local/lib/python3.12/site-packages/airflow/example_dags/example_branch_python_dop_operator_3.py
[2024-11-20T14:38:04.802+0000] {logging_mixin.py:190} INFO - [2024-11-20T14:38:04.802+0000] {dag.py:3239} INFO - Sync 1 DAGs
[2024-11-20T14:38:04.818+0000] {logging_mixin.py:190} INFO - [2024-11-20T14:38:04.818+0000] {dag.py:4180} INFO - Setting next_dagrun for example_branch_dop_operator_v3 to 2024-11-20 14:37:00+00:00, run_after=2024-11-20 14:38:00+00:00
[2024-11-20T14:38:04.832+0000] {processor.py:208} INFO - Processing /home/airflow/.local/lib/python3.12/site-packages/airflow/example_dags/example_branch_python_dop_operator_3.py took 0.058 seconds
[2024-11-20T14:38:35.428+0000] {processor.py:186} INFO - Started process (PID=1439) to work on /home/airflow/.local/lib/python3.12/site-packages/airflow/example_dags/example_branch_python_dop_operator_3.py
[2024-11-20T14:38:35.429+0000] {processor.py:914} INFO - Processing file /home/airflow/.local/lib/python3.12/site-packages/airflow/example_dags/example_branch_python_dop_operator_3.py for tasks to queue
[2024-11-20T14:38:35.431+0000] {logging_mixin.py:190} INFO - [2024-11-20T14:38:35.431+0000] {dagbag.py:588} INFO - Filling up the DagBag from /home/airflow/.local/lib/python3.12/site-packages/airflow/example_dags/example_branch_python_dop_operator_3.py
[2024-11-20T14:38:35.438+0000] {processor.py:925} INFO - DAG(s) 'example_branch_dop_operator_v3' retrieved from /home/airflow/.local/lib/python3.12/site-packages/airflow/example_dags/example_branch_python_dop_operator_3.py
[2024-11-20T14:38:35.451+0000] {logging_mixin.py:190} INFO - [2024-11-20T14:38:35.451+0000] {dag.py:3239} INFO - Sync 1 DAGs
[2024-11-20T14:38:35.467+0000] {logging_mixin.py:190} INFO - [2024-11-20T14:38:35.467+0000] {dag.py:4180} INFO - Setting next_dagrun for example_branch_dop_operator_v3 to 2024-11-20 14:37:00+00:00, run_after=2024-11-20 14:38:00+00:00
[2024-11-20T14:38:35.484+0000] {processor.py:208} INFO - Processing /home/airflow/.local/lib/python3.12/site-packages/airflow/example_dags/example_branch_python_dop_operator_3.py took 0.060 seconds
[2024-11-20T14:39:06.555+0000] {processor.py:186} INFO - Started process (PID=1502) to work on /home/airflow/.local/lib/python3.12/site-packages/airflow/example_dags/example_branch_python_dop_operator_3.py
[2024-11-20T14:39:06.556+0000] {processor.py:914} INFO - Processing file /home/airflow/.local/lib/python3.12/site-packages/airflow/example_dags/example_branch_python_dop_operator_3.py for tasks to queue
[2024-11-20T14:39:06.557+0000] {logging_mixin.py:190} INFO - [2024-11-20T14:39:06.557+0000] {dagbag.py:588} INFO - Filling up the DagBag from /home/airflow/.local/lib/python3.12/site-packages/airflow/example_dags/example_branch_python_dop_operator_3.py
[2024-11-20T14:39:06.564+0000] {processor.py:925} INFO - DAG(s) 'example_branch_dop_operator_v3' retrieved from /home/airflow/.local/lib/python3.12/site-packages/airflow/example_dags/example_branch_python_dop_operator_3.py
[2024-11-20T14:39:06.576+0000] {logging_mixin.py:190} INFO - [2024-11-20T14:39:06.576+0000] {dag.py:3239} INFO - Sync 1 DAGs
[2024-11-20T14:39:06.593+0000] {logging_mixin.py:190} INFO - [2024-11-20T14:39:06.593+0000] {dag.py:4180} INFO - Setting next_dagrun for example_branch_dop_operator_v3 to 2024-11-20 14:38:00+00:00, run_after=2024-11-20 14:39:00+00:00
[2024-11-20T14:39:06.609+0000] {processor.py:208} INFO - Processing /home/airflow/.local/lib/python3.12/site-packages/airflow/example_dags/example_branch_python_dop_operator_3.py took 0.058 seconds
[2024-11-20T14:39:37.909+0000] {processor.py:186} INFO - Started process (PID=1565) to work on /home/airflow/.local/lib/python3.12/site-packages/airflow/example_dags/example_branch_python_dop_operator_3.py
[2024-11-20T14:39:37.910+0000] {processor.py:914} INFO - Processing file /home/airflow/.local/lib/python3.12/site-packages/airflow/example_dags/example_branch_python_dop_operator_3.py for tasks to queue
[2024-11-20T14:39:37.912+0000] {logging_mixin.py:190} INFO - [2024-11-20T14:39:37.912+0000] {dagbag.py:588} INFO - Filling up the DagBag from /home/airflow/.local/lib/python3.12/site-packages/airflow/example_dags/example_branch_python_dop_operator_3.py
[2024-11-20T14:39:37.919+0000] {processor.py:925} INFO - DAG(s) 'example_branch_dop_operator_v3' retrieved from /home/airflow/.local/lib/python3.12/site-packages/airflow/example_dags/example_branch_python_dop_operator_3.py
[2024-11-20T14:39:37.934+0000] {logging_mixin.py:190} INFO - [2024-11-20T14:39:37.933+0000] {dag.py:3239} INFO - Sync 1 DAGs
[2024-11-20T14:39:37.951+0000] {logging_mixin.py:190} INFO - [2024-11-20T14:39:37.951+0000] {dag.py:4180} INFO - Setting next_dagrun for example_branch_dop_operator_v3 to 2024-11-20 14:38:00+00:00, run_after=2024-11-20 14:39:00+00:00
[2024-11-20T14:39:37.968+0000] {processor.py:208} INFO - Processing /home/airflow/.local/lib/python3.12/site-packages/airflow/example_dags/example_branch_python_dop_operator_3.py took 0.063 seconds
[2024-11-20T14:40:08.325+0000] {processor.py:186} INFO - Started process (PID=1628) to work on /home/airflow/.local/lib/python3.12/site-packages/airflow/example_dags/example_branch_python_dop_operator_3.py
[2024-11-20T14:40:08.326+0000] {processor.py:914} INFO - Processing file /home/airflow/.local/lib/python3.12/site-packages/airflow/example_dags/example_branch_python_dop_operator_3.py for tasks to queue
[2024-11-20T14:40:08.328+0000] {logging_mixin.py:190} INFO - [2024-11-20T14:40:08.328+0000] {dagbag.py:588} INFO - Filling up the DagBag from /home/airflow/.local/lib/python3.12/site-packages/airflow/example_dags/example_branch_python_dop_operator_3.py
[2024-11-20T14:40:08.335+0000] {processor.py:925} INFO - DAG(s) 'example_branch_dop_operator_v3' retrieved from /home/airflow/.local/lib/python3.12/site-packages/airflow/example_dags/example_branch_python_dop_operator_3.py
[2024-11-20T14:40:08.347+0000] {logging_mixin.py:190} INFO - [2024-11-20T14:40:08.347+0000] {dag.py:3239} INFO - Sync 1 DAGs
[2024-11-20T14:40:08.363+0000] {logging_mixin.py:190} INFO - [2024-11-20T14:40:08.363+0000] {dag.py:4180} INFO - Setting next_dagrun for example_branch_dop_operator_v3 to 2024-11-20 14:39:00+00:00, run_after=2024-11-20 14:40:00+00:00
[2024-11-20T14:40:08.377+0000] {processor.py:208} INFO - Processing /home/airflow/.local/lib/python3.12/site-packages/airflow/example_dags/example_branch_python_dop_operator_3.py took 0.056 seconds
[2024-11-20T14:40:39.234+0000] {processor.py:186} INFO - Started process (PID=1691) to work on /home/airflow/.local/lib/python3.12/site-packages/airflow/example_dags/example_branch_python_dop_operator_3.py
[2024-11-20T14:40:39.235+0000] {processor.py:914} INFO - Processing file /home/airflow/.local/lib/python3.12/site-packages/airflow/example_dags/example_branch_python_dop_operator_3.py for tasks to queue
[2024-11-20T14:40:39.236+0000] {logging_mixin.py:190} INFO - [2024-11-20T14:40:39.236+0000] {dagbag.py:588} INFO - Filling up the DagBag from /home/airflow/.local/lib/python3.12/site-packages/airflow/example_dags/example_branch_python_dop_operator_3.py
[2024-11-20T14:40:39.243+0000] {processor.py:925} INFO - DAG(s) 'example_branch_dop_operator_v3' retrieved from /home/airflow/.local/lib/python3.12/site-packages/airflow/example_dags/example_branch_python_dop_operator_3.py
[2024-11-20T14:40:39.257+0000] {logging_mixin.py:190} INFO - [2024-11-20T14:40:39.257+0000] {dag.py:3239} INFO - Sync 1 DAGs
[2024-11-20T14:40:39.273+0000] {logging_mixin.py:190} INFO - [2024-11-20T14:40:39.273+0000] {dag.py:4180} INFO - Setting next_dagrun for example_branch_dop_operator_v3 to 2024-11-20 14:39:00+00:00, run_after=2024-11-20 14:40:00+00:00
[2024-11-20T14:40:39.286+0000] {processor.py:208} INFO - Processing /home/airflow/.local/lib/python3.12/site-packages/airflow/example_dags/example_branch_python_dop_operator_3.py took 0.056 seconds
[2024-11-20T14:41:09.955+0000] {processor.py:186} INFO - Started process (PID=1754) to work on /home/airflow/.local/lib/python3.12/site-packages/airflow/example_dags/example_branch_python_dop_operator_3.py
[2024-11-20T14:41:09.956+0000] {processor.py:914} INFO - Processing file /home/airflow/.local/lib/python3.12/site-packages/airflow/example_dags/example_branch_python_dop_operator_3.py for tasks to queue
[2024-11-20T14:41:09.958+0000] {logging_mixin.py:190} INFO - [2024-11-20T14:41:09.958+0000] {dagbag.py:588} INFO - Filling up the DagBag from /home/airflow/.local/lib/python3.12/site-packages/airflow/example_dags/example_branch_python_dop_operator_3.py
[2024-11-20T14:41:09.965+0000] {processor.py:925} INFO - DAG(s) 'example_branch_dop_operator_v3' retrieved from /home/airflow/.local/lib/python3.12/site-packages/airflow/example_dags/example_branch_python_dop_operator_3.py
[2024-11-20T14:41:09.978+0000] {logging_mixin.py:190} INFO - [2024-11-20T14:41:09.978+0000] {dag.py:3239} INFO - Sync 1 DAGs
[2024-11-20T14:41:09.994+0000] {logging_mixin.py:190} INFO - [2024-11-20T14:41:09.994+0000] {dag.py:4180} INFO - Setting next_dagrun for example_branch_dop_operator_v3 to 2024-11-20 14:40:00+00:00, run_after=2024-11-20 14:41:00+00:00
[2024-11-20T14:41:10.008+0000] {processor.py:208} INFO - Processing /home/airflow/.local/lib/python3.12/site-packages/airflow/example_dags/example_branch_python_dop_operator_3.py took 0.057 seconds
[2024-11-20T14:41:40.811+0000] {processor.py:186} INFO - Started process (PID=1817) to work on /home/airflow/.local/lib/python3.12/site-packages/airflow/example_dags/example_branch_python_dop_operator_3.py
[2024-11-20T14:41:40.812+0000] {processor.py:914} INFO - Processing file /home/airflow/.local/lib/python3.12/site-packages/airflow/example_dags/example_branch_python_dop_operator_3.py for tasks to queue
[2024-11-20T14:41:40.814+0000] {logging_mixin.py:190} INFO - [2024-11-20T14:41:40.814+0000] {dagbag.py:588} INFO - Filling up the DagBag from /home/airflow/.local/lib/python3.12/site-packages/airflow/example_dags/example_branch_python_dop_operator_3.py
[2024-11-20T14:41:40.820+0000] {processor.py:925} INFO - DAG(s) 'example_branch_dop_operator_v3' retrieved from /home/airflow/.local/lib/python3.12/site-packages/airflow/example_dags/example_branch_python_dop_operator_3.py
[2024-11-20T14:41:40.832+0000] {logging_mixin.py:190} INFO - [2024-11-20T14:41:40.831+0000] {dag.py:3239} INFO - Sync 1 DAGs
[2024-11-20T14:41:40.846+0000] {logging_mixin.py:190} INFO - [2024-11-20T14:41:40.846+0000] {dag.py:4180} INFO - Setting next_dagrun for example_branch_dop_operator_v3 to 2024-11-20 14:40:00+00:00, run_after=2024-11-20 14:41:00+00:00
[2024-11-20T14:41:40.860+0000] {processor.py:208} INFO - Processing /home/airflow/.local/lib/python3.12/site-packages/airflow/example_dags/example_branch_python_dop_operator_3.py took 0.052 seconds
[2024-11-20T14:42:11.736+0000] {processor.py:186} INFO - Started process (PID=1880) to work on /home/airflow/.local/lib/python3.12/site-packages/airflow/example_dags/example_branch_python_dop_operator_3.py
[2024-11-20T14:42:11.737+0000] {processor.py:914} INFO - Processing file /home/airflow/.local/lib/python3.12/site-packages/airflow/example_dags/example_branch_python_dop_operator_3.py for tasks to queue
[2024-11-20T14:42:11.739+0000] {logging_mixin.py:190} INFO - [2024-11-20T14:42:11.739+0000] {dagbag.py:588} INFO - Filling up the DagBag from /home/airflow/.local/lib/python3.12/site-packages/airflow/example_dags/example_branch_python_dop_operator_3.py
[2024-11-20T14:42:11.748+0000] {processor.py:925} INFO - DAG(s) 'example_branch_dop_operator_v3' retrieved from /home/airflow/.local/lib/python3.12/site-packages/airflow/example_dags/example_branch_python_dop_operator_3.py
[2024-11-20T14:42:11.762+0000] {logging_mixin.py:190} INFO - [2024-11-20T14:42:11.762+0000] {dag.py:3239} INFO - Sync 1 DAGs
[2024-11-20T14:42:11.780+0000] {logging_mixin.py:190} INFO - [2024-11-20T14:42:11.780+0000] {dag.py:4180} INFO - Setting next_dagrun for example_branch_dop_operator_v3 to 2024-11-20 14:41:00+00:00, run_after=2024-11-20 14:42:00+00:00
[2024-11-20T14:42:11.795+0000] {processor.py:208} INFO - Processing /home/airflow/.local/lib/python3.12/site-packages/airflow/example_dags/example_branch_python_dop_operator_3.py took 0.065 seconds
[2024-11-20T14:42:42.097+0000] {processor.py:186} INFO - Started process (PID=1943) to work on /home/airflow/.local/lib/python3.12/site-packages/airflow/example_dags/example_branch_python_dop_operator_3.py
[2024-11-20T14:42:42.098+0000] {processor.py:914} INFO - Processing file /home/airflow/.local/lib/python3.12/site-packages/airflow/example_dags/example_branch_python_dop_operator_3.py for tasks to queue
[2024-11-20T14:42:42.100+0000] {logging_mixin.py:190} INFO - [2024-11-20T14:42:42.100+0000] {dagbag.py:588} INFO - Filling up the DagBag from /home/airflow/.local/lib/python3.12/site-packages/airflow/example_dags/example_branch_python_dop_operator_3.py
[2024-11-20T14:42:42.106+0000] {processor.py:925} INFO - DAG(s) 'example_branch_dop_operator_v3' retrieved from /home/airflow/.local/lib/python3.12/site-packages/airflow/example_dags/example_branch_python_dop_operator_3.py
[2024-11-20T14:42:42.121+0000] {logging_mixin.py:190} INFO - [2024-11-20T14:42:42.121+0000] {dag.py:3239} INFO - Sync 1 DAGs
[2024-11-20T14:42:42.138+0000] {logging_mixin.py:190} INFO - [2024-11-20T14:42:42.138+0000] {dag.py:4180} INFO - Setting next_dagrun for example_branch_dop_operator_v3 to 2024-11-20 14:41:00+00:00, run_after=2024-11-20 14:42:00+00:00
[2024-11-20T14:42:42.153+0000] {processor.py:208} INFO - Processing /home/airflow/.local/lib/python3.12/site-packages/airflow/example_dags/example_branch_python_dop_operator_3.py took 0.059 seconds
[2024-11-20T14:43:13.250+0000] {processor.py:186} INFO - Started process (PID=2006) to work on /home/airflow/.local/lib/python3.12/site-packages/airflow/example_dags/example_branch_python_dop_operator_3.py
[2024-11-20T14:43:13.251+0000] {processor.py:914} INFO - Processing file /home/airflow/.local/lib/python3.12/site-packages/airflow/example_dags/example_branch_python_dop_operator_3.py for tasks to queue
[2024-11-20T14:43:13.253+0000] {logging_mixin.py:190} INFO - [2024-11-20T14:43:13.252+0000] {dagbag.py:588} INFO - Filling up the DagBag from /home/airflow/.local/lib/python3.12/site-packages/airflow/example_dags/example_branch_python_dop_operator_3.py
[2024-11-20T14:43:13.259+0000] {processor.py:925} INFO - DAG(s) 'example_branch_dop_operator_v3' retrieved from /home/airflow/.local/lib/python3.12/site-packages/airflow/example_dags/example_branch_python_dop_operator_3.py
[2024-11-20T14:43:13.269+0000] {logging_mixin.py:190} INFO - [2024-11-20T14:43:13.269+0000] {dag.py:3239} INFO - Sync 1 DAGs
[2024-11-20T14:43:13.283+0000] {logging_mixin.py:190} INFO - [2024-11-20T14:43:13.283+0000] {dag.py:4180} INFO - Setting next_dagrun for example_branch_dop_operator_v3 to 2024-11-20 14:42:00+00:00, run_after=2024-11-20 14:43:00+00:00
[2024-11-20T14:43:13.295+0000] {processor.py:208} INFO - Processing /home/airflow/.local/lib/python3.12/site-packages/airflow/example_dags/example_branch_python_dop_operator_3.py took 0.049 seconds
[2024-11-20T14:49:52.149+0000] {processor.py:186} INFO - Started process (PID=2072) to work on /home/airflow/.local/lib/python3.12/site-packages/airflow/example_dags/example_branch_python_dop_operator_3.py
[2024-11-20T14:49:52.152+0000] {processor.py:914} INFO - Processing file /home/airflow/.local/lib/python3.12/site-packages/airflow/example_dags/example_branch_python_dop_operator_3.py for tasks to queue
[2024-11-20T14:49:52.154+0000] {logging_mixin.py:190} INFO - [2024-11-20T14:49:52.154+0000] {dagbag.py:588} INFO - Filling up the DagBag from /home/airflow/.local/lib/python3.12/site-packages/airflow/example_dags/example_branch_python_dop_operator_3.py
[2024-11-20T14:49:52.161+0000] {processor.py:925} INFO - DAG(s) 'example_branch_dop_operator_v3' retrieved from /home/airflow/.local/lib/python3.12/site-packages/airflow/example_dags/example_branch_python_dop_operator_3.py
[2024-11-20T14:49:52.174+0000] {logging_mixin.py:190} INFO - [2024-11-20T14:49:52.173+0000] {dag.py:3239} INFO - Sync 1 DAGs
[2024-11-20T14:49:52.189+0000] {logging_mixin.py:190} INFO - [2024-11-20T14:49:52.188+0000] {dag.py:4180} INFO - Setting next_dagrun for example_branch_dop_operator_v3 to 2024-11-20 14:48:00+00:00, run_after=2024-11-20 14:49:00+00:00
[2024-11-20T14:49:52.202+0000] {processor.py:208} INFO - Processing /home/airflow/.local/lib/python3.12/site-packages/airflow/example_dags/example_branch_python_dop_operator_3.py took 0.057 seconds
[2024-11-20T14:50:23.886+0000] {processor.py:186} INFO - Started process (PID=2135) to work on /home/airflow/.local/lib/python3.12/site-packages/airflow/example_dags/example_branch_python_dop_operator_3.py
[2024-11-20T14:50:23.894+0000] {processor.py:914} INFO - Processing file /home/airflow/.local/lib/python3.12/site-packages/airflow/example_dags/example_branch_python_dop_operator_3.py for tasks to queue
[2024-11-20T14:50:23.896+0000] {logging_mixin.py:190} INFO - [2024-11-20T14:50:23.896+0000] {dagbag.py:588} INFO - Filling up the DagBag from /home/airflow/.local/lib/python3.12/site-packages/airflow/example_dags/example_branch_python_dop_operator_3.py
[2024-11-20T14:50:23.903+0000] {processor.py:925} INFO - DAG(s) 'example_branch_dop_operator_v3' retrieved from /home/airflow/.local/lib/python3.12/site-packages/airflow/example_dags/example_branch_python_dop_operator_3.py
[2024-11-20T14:50:23.915+0000] {logging_mixin.py:190} INFO - [2024-11-20T14:50:23.915+0000] {dag.py:3239} INFO - Sync 1 DAGs
[2024-11-20T14:50:23.943+0000] {logging_mixin.py:190} INFO - [2024-11-20T14:50:23.942+0000] {dag.py:4180} INFO - Setting next_dagrun for example_branch_dop_operator_v3 to 2024-11-20 14:49:00+00:00, run_after=2024-11-20 14:50:00+00:00
[2024-11-20T14:50:23.957+0000] {processor.py:208} INFO - Processing /home/airflow/.local/lib/python3.12/site-packages/airflow/example_dags/example_branch_python_dop_operator_3.py took 0.074 seconds
[2024-11-20T14:50:54.822+0000] {processor.py:186} INFO - Started process (PID=2198) to work on /home/airflow/.local/lib/python3.12/site-packages/airflow/example_dags/example_branch_python_dop_operator_3.py
[2024-11-20T14:50:54.823+0000] {processor.py:914} INFO - Processing file /home/airflow/.local/lib/python3.12/site-packages/airflow/example_dags/example_branch_python_dop_operator_3.py for tasks to queue
[2024-11-20T14:50:54.825+0000] {logging_mixin.py:190} INFO - [2024-11-20T14:50:54.824+0000] {dagbag.py:588} INFO - Filling up the DagBag from /home/airflow/.local/lib/python3.12/site-packages/airflow/example_dags/example_branch_python_dop_operator_3.py
[2024-11-20T14:50:54.831+0000] {processor.py:925} INFO - DAG(s) 'example_branch_dop_operator_v3' retrieved from /home/airflow/.local/lib/python3.12/site-packages/airflow/example_dags/example_branch_python_dop_operator_3.py
[2024-11-20T14:50:54.843+0000] {logging_mixin.py:190} INFO - [2024-11-20T14:50:54.843+0000] {dag.py:3239} INFO - Sync 1 DAGs
[2024-11-20T14:50:54.859+0000] {logging_mixin.py:190} INFO - [2024-11-20T14:50:54.859+0000] {dag.py:4180} INFO - Setting next_dagrun for example_branch_dop_operator_v3 to 2024-11-20 14:49:00+00:00, run_after=2024-11-20 14:50:00+00:00
[2024-11-20T14:50:54.877+0000] {processor.py:208} INFO - Processing /home/airflow/.local/lib/python3.12/site-packages/airflow/example_dags/example_branch_python_dop_operator_3.py took 0.059 seconds
[2024-11-20T14:51:25.613+0000] {processor.py:186} INFO - Started process (PID=2261) to work on /home/airflow/.local/lib/python3.12/site-packages/airflow/example_dags/example_branch_python_dop_operator_3.py
[2024-11-20T14:51:25.614+0000] {processor.py:914} INFO - Processing file /home/airflow/.local/lib/python3.12/site-packages/airflow/example_dags/example_branch_python_dop_operator_3.py for tasks to queue
[2024-11-20T14:51:25.616+0000] {logging_mixin.py:190} INFO - [2024-11-20T14:51:25.616+0000] {dagbag.py:588} INFO - Filling up the DagBag from /home/airflow/.local/lib/python3.12/site-packages/airflow/example_dags/example_branch_python_dop_operator_3.py
[2024-11-20T14:51:25.623+0000] {processor.py:925} INFO - DAG(s) 'example_branch_dop_operator_v3' retrieved from /home/airflow/.local/lib/python3.12/site-packages/airflow/example_dags/example_branch_python_dop_operator_3.py
[2024-11-20T14:51:25.636+0000] {logging_mixin.py:190} INFO - [2024-11-20T14:51:25.636+0000] {dag.py:3239} INFO - Sync 1 DAGs
[2024-11-20T14:51:25.653+0000] {logging_mixin.py:190} INFO - [2024-11-20T14:51:25.653+0000] {dag.py:4180} INFO - Setting next_dagrun for example_branch_dop_operator_v3 to 2024-11-20 14:50:00+00:00, run_after=2024-11-20 14:51:00+00:00
[2024-11-20T14:51:25.666+0000] {processor.py:208} INFO - Processing /home/airflow/.local/lib/python3.12/site-packages/airflow/example_dags/example_branch_python_dop_operator_3.py took 0.057 seconds
[2024-11-20T14:51:56.265+0000] {processor.py:186} INFO - Started process (PID=2324) to work on /home/airflow/.local/lib/python3.12/site-packages/airflow/example_dags/example_branch_python_dop_operator_3.py
[2024-11-20T14:51:56.266+0000] {processor.py:914} INFO - Processing file /home/airflow/.local/lib/python3.12/site-packages/airflow/example_dags/example_branch_python_dop_operator_3.py for tasks to queue
[2024-11-20T14:51:56.271+0000] {logging_mixin.py:190} INFO - [2024-11-20T14:51:56.271+0000] {dagbag.py:588} INFO - Filling up the DagBag from /home/airflow/.local/lib/python3.12/site-packages/airflow/example_dags/example_branch_python_dop_operator_3.py
[2024-11-20T14:51:56.279+0000] {processor.py:925} INFO - DAG(s) 'example_branch_dop_operator_v3' retrieved from /home/airflow/.local/lib/python3.12/site-packages/airflow/example_dags/example_branch_python_dop_operator_3.py
[2024-11-20T14:51:56.294+0000] {logging_mixin.py:190} INFO - [2024-11-20T14:51:56.294+0000] {dag.py:3239} INFO - Sync 1 DAGs
[2024-11-20T14:51:56.310+0000] {logging_mixin.py:190} INFO - [2024-11-20T14:51:56.309+0000] {dag.py:4180} INFO - Setting next_dagrun for example_branch_dop_operator_v3 to 2024-11-20 14:50:00+00:00, run_after=2024-11-20 14:51:00+00:00
[2024-11-20T14:51:56.322+0000] {processor.py:208} INFO - Processing /home/airflow/.local/lib/python3.12/site-packages/airflow/example_dags/example_branch_python_dop_operator_3.py took 0.062 seconds
[2024-11-20T14:52:26.830+0000] {processor.py:186} INFO - Started process (PID=2387) to work on /home/airflow/.local/lib/python3.12/site-packages/airflow/example_dags/example_branch_python_dop_operator_3.py
[2024-11-20T14:52:26.831+0000] {processor.py:914} INFO - Processing file /home/airflow/.local/lib/python3.12/site-packages/airflow/example_dags/example_branch_python_dop_operator_3.py for tasks to queue
[2024-11-20T14:52:26.833+0000] {logging_mixin.py:190} INFO - [2024-11-20T14:52:26.832+0000] {dagbag.py:588} INFO - Filling up the DagBag from /home/airflow/.local/lib/python3.12/site-packages/airflow/example_dags/example_branch_python_dop_operator_3.py
[2024-11-20T14:52:26.839+0000] {processor.py:925} INFO - DAG(s) 'example_branch_dop_operator_v3' retrieved from /home/airflow/.local/lib/python3.12/site-packages/airflow/example_dags/example_branch_python_dop_operator_3.py
[2024-11-20T14:52:26.852+0000] {logging_mixin.py:190} INFO - [2024-11-20T14:52:26.852+0000] {dag.py:3239} INFO - Sync 1 DAGs
[2024-11-20T14:52:26.867+0000] {logging_mixin.py:190} INFO - [2024-11-20T14:52:26.867+0000] {dag.py:4180} INFO - Setting next_dagrun for example_branch_dop_operator_v3 to 2024-11-20 14:51:00+00:00, run_after=2024-11-20 14:52:00+00:00
[2024-11-20T14:52:26.881+0000] {processor.py:208} INFO - Processing /home/airflow/.local/lib/python3.12/site-packages/airflow/example_dags/example_branch_python_dop_operator_3.py took 0.055 seconds
[2024-11-20T14:52:57.091+0000] {processor.py:186} INFO - Started process (PID=2449) to work on /home/airflow/.local/lib/python3.12/site-packages/airflow/example_dags/example_branch_python_dop_operator_3.py
[2024-11-20T14:52:57.092+0000] {processor.py:914} INFO - Processing file /home/airflow/.local/lib/python3.12/site-packages/airflow/example_dags/example_branch_python_dop_operator_3.py for tasks to queue
[2024-11-20T14:52:57.094+0000] {logging_mixin.py:190} INFO - [2024-11-20T14:52:57.094+0000] {dagbag.py:588} INFO - Filling up the DagBag from /home/airflow/.local/lib/python3.12/site-packages/airflow/example_dags/example_branch_python_dop_operator_3.py
[2024-11-20T14:52:57.101+0000] {processor.py:925} INFO - DAG(s) 'example_branch_dop_operator_v3' retrieved from /home/airflow/.local/lib/python3.12/site-packages/airflow/example_dags/example_branch_python_dop_operator_3.py
[2024-11-20T14:52:57.114+0000] {logging_mixin.py:190} INFO - [2024-11-20T14:52:57.114+0000] {dag.py:3239} INFO - Sync 1 DAGs
[2024-11-20T14:52:57.131+0000] {logging_mixin.py:190} INFO - [2024-11-20T14:52:57.131+0000] {dag.py:4180} INFO - Setting next_dagrun for example_branch_dop_operator_v3 to 2024-11-20 14:51:00+00:00, run_after=2024-11-20 14:52:00+00:00
[2024-11-20T14:52:57.144+0000] {processor.py:208} INFO - Processing /home/airflow/.local/lib/python3.12/site-packages/airflow/example_dags/example_branch_python_dop_operator_3.py took 0.058 seconds
[2024-11-20T14:53:27.458+0000] {processor.py:186} INFO - Started process (PID=2512) to work on /home/airflow/.local/lib/python3.12/site-packages/airflow/example_dags/example_branch_python_dop_operator_3.py
[2024-11-20T14:53:27.459+0000] {processor.py:914} INFO - Processing file /home/airflow/.local/lib/python3.12/site-packages/airflow/example_dags/example_branch_python_dop_operator_3.py for tasks to queue
[2024-11-20T14:53:27.461+0000] {logging_mixin.py:190} INFO - [2024-11-20T14:53:27.460+0000] {dagbag.py:588} INFO - Filling up the DagBag from /home/airflow/.local/lib/python3.12/site-packages/airflow/example_dags/example_branch_python_dop_operator_3.py
[2024-11-20T14:53:27.468+0000] {processor.py:925} INFO - DAG(s) 'example_branch_dop_operator_v3' retrieved from /home/airflow/.local/lib/python3.12/site-packages/airflow/example_dags/example_branch_python_dop_operator_3.py
[2024-11-20T14:53:27.482+0000] {logging_mixin.py:190} INFO - [2024-11-20T14:53:27.482+0000] {dag.py:3239} INFO - Sync 1 DAGs
[2024-11-20T14:53:27.500+0000] {logging_mixin.py:190} INFO - [2024-11-20T14:53:27.500+0000] {dag.py:4180} INFO - Setting next_dagrun for example_branch_dop_operator_v3 to 2024-11-20 14:52:00+00:00, run_after=2024-11-20 14:53:00+00:00
[2024-11-20T14:53:27.517+0000] {processor.py:208} INFO - Processing /home/airflow/.local/lib/python3.12/site-packages/airflow/example_dags/example_branch_python_dop_operator_3.py took 0.064 seconds
[2024-11-20T14:53:58.335+0000] {processor.py:186} INFO - Started process (PID=2575) to work on /home/airflow/.local/lib/python3.12/site-packages/airflow/example_dags/example_branch_python_dop_operator_3.py
[2024-11-20T14:53:58.336+0000] {processor.py:914} INFO - Processing file /home/airflow/.local/lib/python3.12/site-packages/airflow/example_dags/example_branch_python_dop_operator_3.py for tasks to queue
[2024-11-20T14:53:58.338+0000] {logging_mixin.py:190} INFO - [2024-11-20T14:53:58.338+0000] {dagbag.py:588} INFO - Filling up the DagBag from /home/airflow/.local/lib/python3.12/site-packages/airflow/example_dags/example_branch_python_dop_operator_3.py
[2024-11-20T14:53:58.346+0000] {processor.py:925} INFO - DAG(s) 'example_branch_dop_operator_v3' retrieved from /home/airflow/.local/lib/python3.12/site-packages/airflow/example_dags/example_branch_python_dop_operator_3.py
[2024-11-20T14:53:58.360+0000] {logging_mixin.py:190} INFO - [2024-11-20T14:53:58.360+0000] {dag.py:3239} INFO - Sync 1 DAGs
[2024-11-20T14:53:58.376+0000] {logging_mixin.py:190} INFO - [2024-11-20T14:53:58.376+0000] {dag.py:4180} INFO - Setting next_dagrun for example_branch_dop_operator_v3 to 2024-11-20 14:52:00+00:00, run_after=2024-11-20 14:53:00+00:00
[2024-11-20T14:53:58.397+0000] {processor.py:208} INFO - Processing /home/airflow/.local/lib/python3.12/site-packages/airflow/example_dags/example_branch_python_dop_operator_3.py took 0.066 seconds
[2024-11-20T14:54:28.685+0000] {processor.py:186} INFO - Started process (PID=2638) to work on /home/airflow/.local/lib/python3.12/site-packages/airflow/example_dags/example_branch_python_dop_operator_3.py
[2024-11-20T14:54:28.686+0000] {processor.py:914} INFO - Processing file /home/airflow/.local/lib/python3.12/site-packages/airflow/example_dags/example_branch_python_dop_operator_3.py for tasks to queue
[2024-11-20T14:54:28.688+0000] {logging_mixin.py:190} INFO - [2024-11-20T14:54:28.688+0000] {dagbag.py:588} INFO - Filling up the DagBag from /home/airflow/.local/lib/python3.12/site-packages/airflow/example_dags/example_branch_python_dop_operator_3.py
[2024-11-20T14:54:28.695+0000] {processor.py:925} INFO - DAG(s) 'example_branch_dop_operator_v3' retrieved from /home/airflow/.local/lib/python3.12/site-packages/airflow/example_dags/example_branch_python_dop_operator_3.py
[2024-11-20T14:54:28.708+0000] {logging_mixin.py:190} INFO - [2024-11-20T14:54:28.708+0000] {dag.py:3239} INFO - Sync 1 DAGs
[2024-11-20T14:54:28.724+0000] {logging_mixin.py:190} INFO - [2024-11-20T14:54:28.724+0000] {dag.py:4180} INFO - Setting next_dagrun for example_branch_dop_operator_v3 to 2024-11-20 14:53:00+00:00, run_after=2024-11-20 14:54:00+00:00
[2024-11-20T14:54:28.740+0000] {processor.py:208} INFO - Processing /home/airflow/.local/lib/python3.12/site-packages/airflow/example_dags/example_branch_python_dop_operator_3.py took 0.058 seconds
[2024-11-20T14:54:59.013+0000] {processor.py:186} INFO - Started process (PID=2701) to work on /home/airflow/.local/lib/python3.12/site-packages/airflow/example_dags/example_branch_python_dop_operator_3.py
[2024-11-20T14:54:59.014+0000] {processor.py:914} INFO - Processing file /home/airflow/.local/lib/python3.12/site-packages/airflow/example_dags/example_branch_python_dop_operator_3.py for tasks to queue
[2024-11-20T14:54:59.016+0000] {logging_mixin.py:190} INFO - [2024-11-20T14:54:59.016+0000] {dagbag.py:588} INFO - Filling up the DagBag from /home/airflow/.local/lib/python3.12/site-packages/airflow/example_dags/example_branch_python_dop_operator_3.py
[2024-11-20T14:54:59.023+0000] {processor.py:925} INFO - DAG(s) 'example_branch_dop_operator_v3' retrieved from /home/airflow/.local/lib/python3.12/site-packages/airflow/example_dags/example_branch_python_dop_operator_3.py
[2024-11-20T14:54:59.036+0000] {logging_mixin.py:190} INFO - [2024-11-20T14:54:59.036+0000] {dag.py:3239} INFO - Sync 1 DAGs
[2024-11-20T14:54:59.053+0000] {logging_mixin.py:190} INFO - [2024-11-20T14:54:59.053+0000] {dag.py:4180} INFO - Setting next_dagrun for example_branch_dop_operator_v3 to 2024-11-20 14:53:00+00:00, run_after=2024-11-20 14:54:00+00:00
[2024-11-20T14:54:59.070+0000] {processor.py:208} INFO - Processing /home/airflow/.local/lib/python3.12/site-packages/airflow/example_dags/example_branch_python_dop_operator_3.py took 0.061 seconds
[2024-11-20T14:55:29.556+0000] {processor.py:186} INFO - Started process (PID=2763) to work on /home/airflow/.local/lib/python3.12/site-packages/airflow/example_dags/example_branch_python_dop_operator_3.py
[2024-11-20T14:55:29.557+0000] {processor.py:914} INFO - Processing file /home/airflow/.local/lib/python3.12/site-packages/airflow/example_dags/example_branch_python_dop_operator_3.py for tasks to queue
[2024-11-20T14:55:29.559+0000] {logging_mixin.py:190} INFO - [2024-11-20T14:55:29.558+0000] {dagbag.py:588} INFO - Filling up the DagBag from /home/airflow/.local/lib/python3.12/site-packages/airflow/example_dags/example_branch_python_dop_operator_3.py
[2024-11-20T14:55:29.567+0000] {processor.py:925} INFO - DAG(s) 'example_branch_dop_operator_v3' retrieved from /home/airflow/.local/lib/python3.12/site-packages/airflow/example_dags/example_branch_python_dop_operator_3.py
[2024-11-20T14:55:29.594+0000] {logging_mixin.py:190} INFO - [2024-11-20T14:55:29.594+0000] {dag.py:3239} INFO - Sync 1 DAGs
[2024-11-20T14:55:29.609+0000] {logging_mixin.py:190} INFO - [2024-11-20T14:55:29.609+0000] {dag.py:4180} INFO - Setting next_dagrun for example_branch_dop_operator_v3 to 2024-11-20 14:54:00+00:00, run_after=2024-11-20 14:55:00+00:00
[2024-11-20T14:55:29.624+0000] {processor.py:208} INFO - Processing /home/airflow/.local/lib/python3.12/site-packages/airflow/example_dags/example_branch_python_dop_operator_3.py took 0.072 seconds
[2024-11-20T14:56:00.453+0000] {processor.py:186} INFO - Started process (PID=2826) to work on /home/airflow/.local/lib/python3.12/site-packages/airflow/example_dags/example_branch_python_dop_operator_3.py
[2024-11-20T14:56:00.454+0000] {processor.py:914} INFO - Processing file /home/airflow/.local/lib/python3.12/site-packages/airflow/example_dags/example_branch_python_dop_operator_3.py for tasks to queue
[2024-11-20T14:56:00.456+0000] {logging_mixin.py:190} INFO - [2024-11-20T14:56:00.456+0000] {dagbag.py:588} INFO - Filling up the DagBag from /home/airflow/.local/lib/python3.12/site-packages/airflow/example_dags/example_branch_python_dop_operator_3.py
[2024-11-20T14:56:00.466+0000] {processor.py:925} INFO - DAG(s) 'example_branch_dop_operator_v3' retrieved from /home/airflow/.local/lib/python3.12/site-packages/airflow/example_dags/example_branch_python_dop_operator_3.py
[2024-11-20T14:56:00.478+0000] {logging_mixin.py:190} INFO - [2024-11-20T14:56:00.478+0000] {dag.py:3239} INFO - Sync 1 DAGs
[2024-11-20T14:56:00.494+0000] {logging_mixin.py:190} INFO - [2024-11-20T14:56:00.494+0000] {dag.py:4180} INFO - Setting next_dagrun for example_branch_dop_operator_v3 to 2024-11-20 14:55:00+00:00, run_after=2024-11-20 14:56:00+00:00
[2024-11-20T14:56:00.508+0000] {processor.py:208} INFO - Processing /home/airflow/.local/lib/python3.12/site-packages/airflow/example_dags/example_branch_python_dop_operator_3.py took 0.058 seconds
[2024-11-20T14:56:31.146+0000] {processor.py:186} INFO - Started process (PID=2889) to work on /home/airflow/.local/lib/python3.12/site-packages/airflow/example_dags/example_branch_python_dop_operator_3.py
[2024-11-20T14:56:31.147+0000] {processor.py:914} INFO - Processing file /home/airflow/.local/lib/python3.12/site-packages/airflow/example_dags/example_branch_python_dop_operator_3.py for tasks to queue
[2024-11-20T14:56:31.149+0000] {logging_mixin.py:190} INFO - [2024-11-20T14:56:31.149+0000] {dagbag.py:588} INFO - Filling up the DagBag from /home/airflow/.local/lib/python3.12/site-packages/airflow/example_dags/example_branch_python_dop_operator_3.py
[2024-11-20T14:56:31.156+0000] {processor.py:925} INFO - DAG(s) 'example_branch_dop_operator_v3' retrieved from /home/airflow/.local/lib/python3.12/site-packages/airflow/example_dags/example_branch_python_dop_operator_3.py
[2024-11-20T14:56:31.168+0000] {logging_mixin.py:190} INFO - [2024-11-20T14:56:31.168+0000] {dag.py:3239} INFO - Sync 1 DAGs
[2024-11-20T14:56:31.185+0000] {logging_mixin.py:190} INFO - [2024-11-20T14:56:31.185+0000] {dag.py:4180} INFO - Setting next_dagrun for example_branch_dop_operator_v3 to 2024-11-20 14:55:00+00:00, run_after=2024-11-20 14:56:00+00:00
[2024-11-20T14:56:31.202+0000] {processor.py:208} INFO - Processing /home/airflow/.local/lib/python3.12/site-packages/airflow/example_dags/example_branch_python_dop_operator_3.py took 0.060 seconds
[2024-11-20T14:57:02.392+0000] {processor.py:186} INFO - Started process (PID=2952) to work on /home/airflow/.local/lib/python3.12/site-packages/airflow/example_dags/example_branch_python_dop_operator_3.py
[2024-11-20T14:57:02.393+0000] {processor.py:914} INFO - Processing file /home/airflow/.local/lib/python3.12/site-packages/airflow/example_dags/example_branch_python_dop_operator_3.py for tasks to queue
[2024-11-20T14:57:02.395+0000] {logging_mixin.py:190} INFO - [2024-11-20T14:57:02.395+0000] {dagbag.py:588} INFO - Filling up the DagBag from /home/airflow/.local/lib/python3.12/site-packages/airflow/example_dags/example_branch_python_dop_operator_3.py
[2024-11-20T14:57:02.402+0000] {processor.py:925} INFO - DAG(s) 'example_branch_dop_operator_v3' retrieved from /home/airflow/.local/lib/python3.12/site-packages/airflow/example_dags/example_branch_python_dop_operator_3.py
[2024-11-20T14:57:02.416+0000] {logging_mixin.py:190} INFO - [2024-11-20T14:57:02.416+0000] {dag.py:3239} INFO - Sync 1 DAGs
[2024-11-20T14:57:02.432+0000] {logging_mixin.py:190} INFO - [2024-11-20T14:57:02.432+0000] {dag.py:4180} INFO - Setting next_dagrun for example_branch_dop_operator_v3 to 2024-11-20 14:56:00+00:00, run_after=2024-11-20 14:57:00+00:00
[2024-11-20T14:57:02.450+0000] {processor.py:208} INFO - Processing /home/airflow/.local/lib/python3.12/site-packages/airflow/example_dags/example_branch_python_dop_operator_3.py took 0.062 seconds
[2024-11-20T14:57:33.296+0000] {processor.py:186} INFO - Started process (PID=3015) to work on /home/airflow/.local/lib/python3.12/site-packages/airflow/example_dags/example_branch_python_dop_operator_3.py
[2024-11-20T14:57:33.297+0000] {processor.py:914} INFO - Processing file /home/airflow/.local/lib/python3.12/site-packages/airflow/example_dags/example_branch_python_dop_operator_3.py for tasks to queue
[2024-11-20T14:57:33.299+0000] {logging_mixin.py:190} INFO - [2024-11-20T14:57:33.299+0000] {dagbag.py:588} INFO - Filling up the DagBag from /home/airflow/.local/lib/python3.12/site-packages/airflow/example_dags/example_branch_python_dop_operator_3.py
[2024-11-20T14:57:33.308+0000] {processor.py:925} INFO - DAG(s) 'example_branch_dop_operator_v3' retrieved from /home/airflow/.local/lib/python3.12/site-packages/airflow/example_dags/example_branch_python_dop_operator_3.py
[2024-11-20T14:57:33.323+0000] {logging_mixin.py:190} INFO - [2024-11-20T14:57:33.323+0000] {dag.py:3239} INFO - Sync 1 DAGs
[2024-11-20T14:57:33.342+0000] {logging_mixin.py:190} INFO - [2024-11-20T14:57:33.342+0000] {dag.py:4180} INFO - Setting next_dagrun for example_branch_dop_operator_v3 to 2024-11-20 14:56:00+00:00, run_after=2024-11-20 14:57:00+00:00
[2024-11-20T14:57:33.483+0000] {processor.py:208} INFO - Processing /home/airflow/.local/lib/python3.12/site-packages/airflow/example_dags/example_branch_python_dop_operator_3.py took 0.191 seconds
[2024-11-20T14:58:04.429+0000] {processor.py:186} INFO - Started process (PID=3078) to work on /home/airflow/.local/lib/python3.12/site-packages/airflow/example_dags/example_branch_python_dop_operator_3.py
[2024-11-20T14:58:04.430+0000] {processor.py:914} INFO - Processing file /home/airflow/.local/lib/python3.12/site-packages/airflow/example_dags/example_branch_python_dop_operator_3.py for tasks to queue
[2024-11-20T14:58:04.432+0000] {logging_mixin.py:190} INFO - [2024-11-20T14:58:04.431+0000] {dagbag.py:588} INFO - Filling up the DagBag from /home/airflow/.local/lib/python3.12/site-packages/airflow/example_dags/example_branch_python_dop_operator_3.py
[2024-11-20T14:58:04.439+0000] {processor.py:925} INFO - DAG(s) 'example_branch_dop_operator_v3' retrieved from /home/airflow/.local/lib/python3.12/site-packages/airflow/example_dags/example_branch_python_dop_operator_3.py
[2024-11-20T14:58:04.452+0000] {logging_mixin.py:190} INFO - [2024-11-20T14:58:04.452+0000] {dag.py:3239} INFO - Sync 1 DAGs
[2024-11-20T14:58:04.469+0000] {logging_mixin.py:190} INFO - [2024-11-20T14:58:04.469+0000] {dag.py:4180} INFO - Setting next_dagrun for example_branch_dop_operator_v3 to 2024-11-20 14:57:00+00:00, run_after=2024-11-20 14:58:00+00:00
[2024-11-20T14:58:04.485+0000] {processor.py:208} INFO - Processing /home/airflow/.local/lib/python3.12/site-packages/airflow/example_dags/example_branch_python_dop_operator_3.py took 0.060 seconds
[2024-11-20T14:58:35.110+0000] {processor.py:186} INFO - Started process (PID=3141) to work on /home/airflow/.local/lib/python3.12/site-packages/airflow/example_dags/example_branch_python_dop_operator_3.py
[2024-11-20T14:58:35.111+0000] {processor.py:914} INFO - Processing file /home/airflow/.local/lib/python3.12/site-packages/airflow/example_dags/example_branch_python_dop_operator_3.py for tasks to queue
[2024-11-20T14:58:35.114+0000] {logging_mixin.py:190} INFO - [2024-11-20T14:58:35.113+0000] {dagbag.py:588} INFO - Filling up the DagBag from /home/airflow/.local/lib/python3.12/site-packages/airflow/example_dags/example_branch_python_dop_operator_3.py
[2024-11-20T14:58:35.120+0000] {processor.py:925} INFO - DAG(s) 'example_branch_dop_operator_v3' retrieved from /home/airflow/.local/lib/python3.12/site-packages/airflow/example_dags/example_branch_python_dop_operator_3.py
[2024-11-20T14:58:35.135+0000] {logging_mixin.py:190} INFO - [2024-11-20T14:58:35.135+0000] {dag.py:3239} INFO - Sync 1 DAGs
[2024-11-20T14:58:35.151+0000] {logging_mixin.py:190} INFO - [2024-11-20T14:58:35.151+0000] {dag.py:4180} INFO - Setting next_dagrun for example_branch_dop_operator_v3 to 2024-11-20 14:57:00+00:00, run_after=2024-11-20 14:58:00+00:00
[2024-11-20T14:58:35.165+0000] {processor.py:208} INFO - Processing /home/airflow/.local/lib/python3.12/site-packages/airflow/example_dags/example_branch_python_dop_operator_3.py took 0.059 seconds
[2024-11-20T14:59:05.861+0000] {processor.py:186} INFO - Started process (PID=3204) to work on /home/airflow/.local/lib/python3.12/site-packages/airflow/example_dags/example_branch_python_dop_operator_3.py
[2024-11-20T14:59:05.862+0000] {processor.py:914} INFO - Processing file /home/airflow/.local/lib/python3.12/site-packages/airflow/example_dags/example_branch_python_dop_operator_3.py for tasks to queue
[2024-11-20T14:59:05.863+0000] {logging_mixin.py:190} INFO - [2024-11-20T14:59:05.863+0000] {dagbag.py:588} INFO - Filling up the DagBag from /home/airflow/.local/lib/python3.12/site-packages/airflow/example_dags/example_branch_python_dop_operator_3.py
[2024-11-20T14:59:05.871+0000] {processor.py:925} INFO - DAG(s) 'example_branch_dop_operator_v3' retrieved from /home/airflow/.local/lib/python3.12/site-packages/airflow/example_dags/example_branch_python_dop_operator_3.py
[2024-11-20T14:59:05.883+0000] {logging_mixin.py:190} INFO - [2024-11-20T14:59:05.883+0000] {dag.py:3239} INFO - Sync 1 DAGs
[2024-11-20T14:59:05.900+0000] {logging_mixin.py:190} INFO - [2024-11-20T14:59:05.900+0000] {dag.py:4180} INFO - Setting next_dagrun for example_branch_dop_operator_v3 to 2024-11-20 14:58:00+00:00, run_after=2024-11-20 14:59:00+00:00
[2024-11-20T14:59:05.916+0000] {processor.py:208} INFO - Processing /home/airflow/.local/lib/python3.12/site-packages/airflow/example_dags/example_branch_python_dop_operator_3.py took 0.059 seconds
[2024-11-20T14:59:36.971+0000] {processor.py:186} INFO - Started process (PID=3267) to work on /home/airflow/.local/lib/python3.12/site-packages/airflow/example_dags/example_branch_python_dop_operator_3.py
[2024-11-20T14:59:36.980+0000] {processor.py:914} INFO - Processing file /home/airflow/.local/lib/python3.12/site-packages/airflow/example_dags/example_branch_python_dop_operator_3.py for tasks to queue
[2024-11-20T14:59:36.984+0000] {logging_mixin.py:190} INFO - [2024-11-20T14:59:36.984+0000] {dagbag.py:588} INFO - Filling up the DagBag from /home/airflow/.local/lib/python3.12/site-packages/airflow/example_dags/example_branch_python_dop_operator_3.py
[2024-11-20T14:59:36.992+0000] {processor.py:925} INFO - DAG(s) 'example_branch_dop_operator_v3' retrieved from /home/airflow/.local/lib/python3.12/site-packages/airflow/example_dags/example_branch_python_dop_operator_3.py
[2024-11-20T14:59:37.007+0000] {logging_mixin.py:190} INFO - [2024-11-20T14:59:37.006+0000] {dag.py:3239} INFO - Sync 1 DAGs
[2024-11-20T14:59:37.136+0000] {logging_mixin.py:190} INFO - [2024-11-20T14:59:37.136+0000] {dag.py:4180} INFO - Setting next_dagrun for example_branch_dop_operator_v3 to 2024-11-20 14:58:00+00:00, run_after=2024-11-20 14:59:00+00:00
[2024-11-20T14:59:37.150+0000] {processor.py:208} INFO - Processing /home/airflow/.local/lib/python3.12/site-packages/airflow/example_dags/example_branch_python_dop_operator_3.py took 0.182 seconds
[2024-11-20T15:00:07.351+0000] {processor.py:186} INFO - Started process (PID=3336) to work on /home/airflow/.local/lib/python3.12/site-packages/airflow/example_dags/example_branch_python_dop_operator_3.py
[2024-11-20T15:00:07.353+0000] {processor.py:914} INFO - Processing file /home/airflow/.local/lib/python3.12/site-packages/airflow/example_dags/example_branch_python_dop_operator_3.py for tasks to queue
[2024-11-20T15:00:07.355+0000] {logging_mixin.py:190} INFO - [2024-11-20T15:00:07.354+0000] {dagbag.py:588} INFO - Filling up the DagBag from /home/airflow/.local/lib/python3.12/site-packages/airflow/example_dags/example_branch_python_dop_operator_3.py
[2024-11-20T15:00:07.362+0000] {processor.py:925} INFO - DAG(s) 'example_branch_dop_operator_v3' retrieved from /home/airflow/.local/lib/python3.12/site-packages/airflow/example_dags/example_branch_python_dop_operator_3.py
[2024-11-20T15:00:07.376+0000] {logging_mixin.py:190} INFO - [2024-11-20T15:00:07.376+0000] {dag.py:3239} INFO - Sync 1 DAGs
[2024-11-20T15:00:07.396+0000] {logging_mixin.py:190} INFO - [2024-11-20T15:00:07.396+0000] {dag.py:4180} INFO - Setting next_dagrun for example_branch_dop_operator_v3 to 2024-11-20 14:59:00+00:00, run_after=2024-11-20 15:00:00+00:00
[2024-11-20T15:00:07.515+0000] {processor.py:208} INFO - Processing /home/airflow/.local/lib/python3.12/site-packages/airflow/example_dags/example_branch_python_dop_operator_3.py took 0.168 seconds
[2024-11-20T15:00:38.385+0000] {processor.py:186} INFO - Started process (PID=3399) to work on /home/airflow/.local/lib/python3.12/site-packages/airflow/example_dags/example_branch_python_dop_operator_3.py
[2024-11-20T15:00:38.387+0000] {processor.py:914} INFO - Processing file /home/airflow/.local/lib/python3.12/site-packages/airflow/example_dags/example_branch_python_dop_operator_3.py for tasks to queue
[2024-11-20T15:00:38.389+0000] {logging_mixin.py:190} INFO - [2024-11-20T15:00:38.389+0000] {dagbag.py:588} INFO - Filling up the DagBag from /home/airflow/.local/lib/python3.12/site-packages/airflow/example_dags/example_branch_python_dop_operator_3.py
[2024-11-20T15:00:38.396+0000] {processor.py:925} INFO - DAG(s) 'example_branch_dop_operator_v3' retrieved from /home/airflow/.local/lib/python3.12/site-packages/airflow/example_dags/example_branch_python_dop_operator_3.py
[2024-11-20T15:00:38.409+0000] {logging_mixin.py:190} INFO - [2024-11-20T15:00:38.409+0000] {dag.py:3239} INFO - Sync 1 DAGs
[2024-11-20T15:00:38.426+0000] {logging_mixin.py:190} INFO - [2024-11-20T15:00:38.426+0000] {dag.py:4180} INFO - Setting next_dagrun for example_branch_dop_operator_v3 to 2024-11-20 14:59:00+00:00, run_after=2024-11-20 15:00:00+00:00
[2024-11-20T15:00:38.439+0000] {processor.py:208} INFO - Processing /home/airflow/.local/lib/python3.12/site-packages/airflow/example_dags/example_branch_python_dop_operator_3.py took 0.058 seconds
[2024-11-20T15:01:09.336+0000] {processor.py:186} INFO - Started process (PID=3462) to work on /home/airflow/.local/lib/python3.12/site-packages/airflow/example_dags/example_branch_python_dop_operator_3.py
[2024-11-20T15:01:09.337+0000] {processor.py:914} INFO - Processing file /home/airflow/.local/lib/python3.12/site-packages/airflow/example_dags/example_branch_python_dop_operator_3.py for tasks to queue
[2024-11-20T15:01:09.339+0000] {logging_mixin.py:190} INFO - [2024-11-20T15:01:09.339+0000] {dagbag.py:588} INFO - Filling up the DagBag from /home/airflow/.local/lib/python3.12/site-packages/airflow/example_dags/example_branch_python_dop_operator_3.py
[2024-11-20T15:01:09.346+0000] {processor.py:925} INFO - DAG(s) 'example_branch_dop_operator_v3' retrieved from /home/airflow/.local/lib/python3.12/site-packages/airflow/example_dags/example_branch_python_dop_operator_3.py
[2024-11-20T15:01:09.361+0000] {logging_mixin.py:190} INFO - [2024-11-20T15:01:09.361+0000] {dag.py:3239} INFO - Sync 1 DAGs
[2024-11-20T15:01:09.377+0000] {logging_mixin.py:190} INFO - [2024-11-20T15:01:09.377+0000] {dag.py:4180} INFO - Setting next_dagrun for example_branch_dop_operator_v3 to 2024-11-20 15:00:00+00:00, run_after=2024-11-20 15:01:00+00:00
[2024-11-20T15:01:09.394+0000] {processor.py:208} INFO - Processing /home/airflow/.local/lib/python3.12/site-packages/airflow/example_dags/example_branch_python_dop_operator_3.py took 0.062 seconds
[2024-11-20T15:01:40.208+0000] {processor.py:186} INFO - Started process (PID=3525) to work on /home/airflow/.local/lib/python3.12/site-packages/airflow/example_dags/example_branch_python_dop_operator_3.py
[2024-11-20T15:01:40.209+0000] {processor.py:914} INFO - Processing file /home/airflow/.local/lib/python3.12/site-packages/airflow/example_dags/example_branch_python_dop_operator_3.py for tasks to queue
[2024-11-20T15:01:40.211+0000] {logging_mixin.py:190} INFO - [2024-11-20T15:01:40.211+0000] {dagbag.py:588} INFO - Filling up the DagBag from /home/airflow/.local/lib/python3.12/site-packages/airflow/example_dags/example_branch_python_dop_operator_3.py
[2024-11-20T15:01:40.219+0000] {processor.py:925} INFO - DAG(s) 'example_branch_dop_operator_v3' retrieved from /home/airflow/.local/lib/python3.12/site-packages/airflow/example_dags/example_branch_python_dop_operator_3.py
[2024-11-20T15:01:40.234+0000] {logging_mixin.py:190} INFO - [2024-11-20T15:01:40.233+0000] {dag.py:3239} INFO - Sync 1 DAGs
[2024-11-20T15:01:40.250+0000] {logging_mixin.py:190} INFO - [2024-11-20T15:01:40.250+0000] {dag.py:4180} INFO - Setting next_dagrun for example_branch_dop_operator_v3 to 2024-11-20 15:00:00+00:00, run_after=2024-11-20 15:01:00+00:00
[2024-11-20T15:01:40.267+0000] {processor.py:208} INFO - Processing /home/airflow/.local/lib/python3.12/site-packages/airflow/example_dags/example_branch_python_dop_operator_3.py took 0.063 seconds
[2024-11-20T15:02:10.346+0000] {processor.py:186} INFO - Started process (PID=3587) to work on /home/airflow/.local/lib/python3.12/site-packages/airflow/example_dags/example_branch_python_dop_operator_3.py
[2024-11-20T15:02:10.347+0000] {processor.py:914} INFO - Processing file /home/airflow/.local/lib/python3.12/site-packages/airflow/example_dags/example_branch_python_dop_operator_3.py for tasks to queue
[2024-11-20T15:02:10.349+0000] {logging_mixin.py:190} INFO - [2024-11-20T15:02:10.349+0000] {dagbag.py:588} INFO - Filling up the DagBag from /home/airflow/.local/lib/python3.12/site-packages/airflow/example_dags/example_branch_python_dop_operator_3.py
[2024-11-20T15:02:10.356+0000] {processor.py:925} INFO - DAG(s) 'example_branch_dop_operator_v3' retrieved from /home/airflow/.local/lib/python3.12/site-packages/airflow/example_dags/example_branch_python_dop_operator_3.py
[2024-11-20T15:02:10.370+0000] {logging_mixin.py:190} INFO - [2024-11-20T15:02:10.370+0000] {dag.py:3239} INFO - Sync 1 DAGs
[2024-11-20T15:02:10.387+0000] {logging_mixin.py:190} INFO - [2024-11-20T15:02:10.387+0000] {dag.py:4180} INFO - Setting next_dagrun for example_branch_dop_operator_v3 to 2024-11-20 15:01:00+00:00, run_after=2024-11-20 15:02:00+00:00
[2024-11-20T15:02:10.405+0000] {processor.py:208} INFO - Processing /home/airflow/.local/lib/python3.12/site-packages/airflow/example_dags/example_branch_python_dop_operator_3.py took 0.066 seconds
[2024-11-20T15:02:41.191+0000] {processor.py:186} INFO - Started process (PID=3651) to work on /home/airflow/.local/lib/python3.12/site-packages/airflow/example_dags/example_branch_python_dop_operator_3.py
[2024-11-20T15:02:41.192+0000] {processor.py:914} INFO - Processing file /home/airflow/.local/lib/python3.12/site-packages/airflow/example_dags/example_branch_python_dop_operator_3.py for tasks to queue
[2024-11-20T15:02:41.194+0000] {logging_mixin.py:190} INFO - [2024-11-20T15:02:41.193+0000] {dagbag.py:588} INFO - Filling up the DagBag from /home/airflow/.local/lib/python3.12/site-packages/airflow/example_dags/example_branch_python_dop_operator_3.py
[2024-11-20T15:02:41.201+0000] {processor.py:925} INFO - DAG(s) 'example_branch_dop_operator_v3' retrieved from /home/airflow/.local/lib/python3.12/site-packages/airflow/example_dags/example_branch_python_dop_operator_3.py
[2024-11-20T15:02:41.213+0000] {logging_mixin.py:190} INFO - [2024-11-20T15:02:41.213+0000] {dag.py:3239} INFO - Sync 1 DAGs
[2024-11-20T15:02:41.229+0000] {logging_mixin.py:190} INFO - [2024-11-20T15:02:41.229+0000] {dag.py:4180} INFO - Setting next_dagrun for example_branch_dop_operator_v3 to 2024-11-20 15:01:00+00:00, run_after=2024-11-20 15:02:00+00:00
[2024-11-20T15:02:41.243+0000] {processor.py:208} INFO - Processing /home/airflow/.local/lib/python3.12/site-packages/airflow/example_dags/example_branch_python_dop_operator_3.py took 0.057 seconds
