[2025-01-19T13:02:06.978+0000] {local_task_job_runner.py:123} INFO - ::group::Pre task execution logs
[2025-01-19T13:02:06.987+0000] {taskinstance.py:2613} INFO - Dependencies all met for dep_context=non-requeueable deps ti=<TaskInstance: Data_Pipeline.agg_smoker manual__2025-01-19T13:02:03.352047+00:00 [queued]>
[2025-01-19T13:02:06.992+0000] {taskinstance.py:2613} INFO - Dependencies all met for dep_context=requeueable deps ti=<TaskInstance: Data_Pipeline.agg_smoker manual__2025-01-19T13:02:03.352047+00:00 [queued]>
[2025-01-19T13:02:06.993+0000] {taskinstance.py:2866} INFO - Starting attempt 1 of 1
[2025-01-19T13:02:07.002+0000] {taskinstance.py:2889} INFO - Executing <Task(PythonOperator): agg_smoker> on 2025-01-19 13:02:03.352047+00:00
[2025-01-19T13:02:07.007+0000] {warnings.py:112} WARNING - /home/***/.local/lib/python3.12/site-packages/***/task/task_runner/standard_task_runner.py:70: DeprecationWarning: This process (pid=1377) is multi-threaded, use of fork() may lead to deadlocks in the child.
  pid = os.fork()

[2025-01-19T13:02:07.009+0000] {standard_task_runner.py:72} INFO - Started process 1380 to run task
[2025-01-19T13:02:07.009+0000] {standard_task_runner.py:104} INFO - Running: ['***', 'tasks', 'run', 'Data_Pipeline', 'agg_smoker', 'manual__2025-01-19T13:02:03.352047+00:00', '--job-id', '88', '--raw', '--subdir', 'DAGS_FOLDER/code.py', '--cfg-path', '/tmp/tmpdf2mtop6']
[2025-01-19T13:02:07.010+0000] {standard_task_runner.py:105} INFO - Job 88: Subtask agg_smoker
[2025-01-19T13:02:07.040+0000] {task_command.py:467} INFO - Running <TaskInstance: Data_Pipeline.agg_smoker manual__2025-01-19T13:02:03.352047+00:00 [running]> on host d862c0b259f4
[2025-01-19T13:02:07.089+0000] {taskinstance.py:3132} INFO - Exporting env vars: AIRFLOW_CTX_DAG_OWNER='***' AIRFLOW_CTX_DAG_ID='Data_Pipeline' AIRFLOW_CTX_TASK_ID='agg_smoker' AIRFLOW_CTX_EXECUTION_DATE='2025-01-19T13:02:03.352047+00:00' AIRFLOW_CTX_TRY_NUMBER='1' AIRFLOW_CTX_DAG_RUN_ID='manual__2025-01-19T13:02:03.352047+00:00'
[2025-01-19T13:02:07.092+0000] {taskinstance.py:731} INFO - ::endgroup::
[2025-01-19T13:02:07.116+0000] {warnings.py:112} WARNING - /opt/***/dags/code.py:19: FutureWarning: Passing literal json to 'read_json' is deprecated and will be removed in a future version. To read from a literal string, wrap it in a 'StringIO' object.
  df=pd.read_json(data_json)

[2025-01-19T13:02:07.126+0000] {python.py:240} INFO - Done. Returned value was: 39.182156133829
[2025-01-19T13:02:07.141+0000] {taskinstance.py:340} INFO - ::group::Post task execution logs
[2025-01-19T13:02:07.142+0000] {taskinstance.py:352} INFO - Marking task as SUCCESS. dag_id=Data_Pipeline, task_id=agg_smoker, run_id=manual__2025-01-19T13:02:03.352047+00:00, execution_date=20250119T130203, start_date=20250119T130206, end_date=20250119T130207
[2025-01-19T13:02:07.184+0000] {local_task_job_runner.py:266} INFO - Task exited with return code 0
[2025-01-19T13:02:07.193+0000] {taskinstance.py:3895} INFO - 0 downstream tasks scheduled from follow-on schedule check
[2025-01-19T13:02:07.197+0000] {local_task_job_runner.py:245} INFO - ::endgroup::
