[2025-01-19T13:26:02.507+0000] {local_task_job_runner.py:123} INFO - ::group::Pre task execution logs
[2025-01-19T13:26:02.515+0000] {taskinstance.py:2613} INFO - Dependencies all met for dep_context=non-requeueable deps ti=<TaskInstance: Data_Pipeline.mean_age manual__2025-01-19T13:25:58.721563+00:00 [queued]>
[2025-01-19T13:26:02.520+0000] {taskinstance.py:2613} INFO - Dependencies all met for dep_context=requeueable deps ti=<TaskInstance: Data_Pipeline.mean_age manual__2025-01-19T13:25:58.721563+00:00 [queued]>
[2025-01-19T13:26:02.521+0000] {taskinstance.py:2866} INFO - Starting attempt 1 of 1
[2025-01-19T13:26:02.531+0000] {taskinstance.py:2889} INFO - Executing <Task(PythonOperator): mean_age> on 2025-01-19 13:25:58.721563+00:00
[2025-01-19T13:26:02.535+0000] {warnings.py:112} WARNING - /home/***/.local/lib/python3.12/site-packages/***/task/task_runner/standard_task_runner.py:70: DeprecationWarning: This process (pid=344) is multi-threaded, use of fork() may lead to deadlocks in the child.
  pid = os.fork()

[2025-01-19T13:26:02.537+0000] {standard_task_runner.py:72} INFO - Started process 348 to run task
[2025-01-19T13:26:02.536+0000] {standard_task_runner.py:104} INFO - Running: ['***', 'tasks', 'run', 'Data_Pipeline', 'mean_age', 'manual__2025-01-19T13:25:58.721563+00:00', '--job-id', '119', '--raw', '--subdir', 'DAGS_FOLDER/code.py', '--cfg-path', '/tmp/tmpkl05pgkx']
[2025-01-19T13:26:02.538+0000] {standard_task_runner.py:105} INFO - Job 119: Subtask mean_age
[2025-01-19T13:26:02.575+0000] {task_command.py:467} INFO - Running <TaskInstance: Data_Pipeline.mean_age manual__2025-01-19T13:25:58.721563+00:00 [running]> on host c9c93e379960
[2025-01-19T13:26:02.624+0000] {taskinstance.py:3132} INFO - Exporting env vars: AIRFLOW_CTX_DAG_OWNER='***' AIRFLOW_CTX_DAG_ID='Data_Pipeline' AIRFLOW_CTX_TASK_ID='mean_age' AIRFLOW_CTX_EXECUTION_DATE='2025-01-19T13:25:58.721563+00:00' AIRFLOW_CTX_TRY_NUMBER='1' AIRFLOW_CTX_DAG_RUN_ID='manual__2025-01-19T13:25:58.721563+00:00'
[2025-01-19T13:26:02.625+0000] {taskinstance.py:731} INFO - ::endgroup::
[2025-01-19T13:26:02.645+0000] {warnings.py:112} WARNING - /opt/***/dags/code.py:19: FutureWarning: Passing literal json to 'read_json' is deprecated and will be removed in a future version. To read from a literal string, wrap it in a 'StringIO' object.
  df=pd.read_json(data_json)

[2025-01-19T13:26:02.655+0000] {python.py:240} INFO - Done. Returned value was: 39.182156133829
[2025-01-19T13:26:02.669+0000] {taskinstance.py:340} INFO - ::group::Post task execution logs
[2025-01-19T13:26:02.669+0000] {taskinstance.py:352} INFO - Marking task as SUCCESS. dag_id=Data_Pipeline, task_id=mean_age, run_id=manual__2025-01-19T13:25:58.721563+00:00, execution_date=20250119T132558, start_date=20250119T132602, end_date=20250119T132602
[2025-01-19T13:26:02.711+0000] {local_task_job_runner.py:266} INFO - Task exited with return code 0
[2025-01-19T13:26:02.721+0000] {taskinstance.py:3895} INFO - 0 downstream tasks scheduled from follow-on schedule check
[2025-01-19T13:26:02.724+0000] {local_task_job_runner.py:245} INFO - ::endgroup::
