[2025-01-22T09:19:04.588+0000] {local_task_job_runner.py:123} INFO - ::group::Pre task execution logs
[2025-01-22T09:19:04.599+0000] {taskinstance.py:2613} INFO - Dependencies all met for dep_context=non-requeueable deps ti=<TaskInstance: branching_2.can_drive manual__2025-01-22T09:19:02.003225+00:00 [queued]>
[2025-01-22T09:19:04.604+0000] {taskinstance.py:2613} INFO - Dependencies all met for dep_context=requeueable deps ti=<TaskInstance: branching_2.can_drive manual__2025-01-22T09:19:02.003225+00:00 [queued]>
[2025-01-22T09:19:04.605+0000] {taskinstance.py:2866} INFO - Starting attempt 1 of 1
[2025-01-22T09:19:04.614+0000] {taskinstance.py:2889} INFO - Executing <Task(PythonOperator): can_drive> on 2025-01-22 09:19:02.003225+00:00
[2025-01-22T09:19:04.618+0000] {warnings.py:112} WARNING - /home/***/.local/lib/python3.12/site-packages/***/task/task_runner/standard_task_runner.py:70: DeprecationWarning: This process (pid=759) is multi-threaded, use of fork() may lead to deadlocks in the child.
  pid = os.fork()

[2025-01-22T09:19:04.619+0000] {standard_task_runner.py:72} INFO - Started process 760 to run task
[2025-01-22T09:19:04.619+0000] {standard_task_runner.py:104} INFO - Running: ['***', 'tasks', 'run', 'branching_2', 'can_drive', 'manual__2025-01-22T09:19:02.003225+00:00', '--job-id', '204', '--raw', '--subdir', 'DAGS_FOLDER/b.py', '--cfg-path', '/tmp/tmpkh0cubz4']
[2025-01-22T09:19:04.620+0000] {standard_task_runner.py:105} INFO - Job 204: Subtask can_drive
[2025-01-22T09:19:04.647+0000] {task_command.py:467} INFO - Running <TaskInstance: branching_2.can_drive manual__2025-01-22T09:19:02.003225+00:00 [running]> on host 7854821b9569
[2025-01-22T09:19:04.694+0000] {taskinstance.py:3132} INFO - Exporting env vars: AIRFLOW_CTX_DAG_OWNER='***' AIRFLOW_CTX_DAG_ID='branching_2' AIRFLOW_CTX_TASK_ID='can_drive' AIRFLOW_CTX_EXECUTION_DATE='2025-01-22T09:19:02.003225+00:00' AIRFLOW_CTX_TRY_NUMBER='1' AIRFLOW_CTX_DAG_RUN_ID='manual__2025-01-22T09:19:02.003225+00:00'
[2025-01-22T09:19:04.695+0000] {taskinstance.py:731} INFO - ::endgroup::
[2025-01-22T09:19:04.702+0000] {logging_mixin.py:190} INFO - you can drive !
[2025-01-22T09:19:04.703+0000] {python.py:240} INFO - Done. Returned value was: None
[2025-01-22T09:19:04.709+0000] {taskinstance.py:340} INFO - ::group::Post task execution logs
[2025-01-22T09:19:04.710+0000] {taskinstance.py:352} INFO - Marking task as SUCCESS. dag_id=branching_2, task_id=can_drive, run_id=manual__2025-01-22T09:19:02.003225+00:00, execution_date=20250122T091902, start_date=20250122T091904, end_date=20250122T091904
[2025-01-22T09:19:04.753+0000] {local_task_job_runner.py:266} INFO - Task exited with return code 0
[2025-01-22T09:19:04.765+0000] {taskinstance.py:3895} INFO - 0 downstream tasks scheduled from follow-on schedule check
[2025-01-22T09:19:04.769+0000] {local_task_job_runner.py:245} INFO - ::endgroup::
