[2025-01-21T08:37:02.963+0000] {processor.py:186} INFO - Started process (PID=90) to work on /opt/airflow/dags/code.py
[2025-01-21T08:37:02.965+0000] {processor.py:914} INFO - Processing file /opt/airflow/dags/code.py for tasks to queue
[2025-01-21T08:37:02.967+0000] {logging_mixin.py:190} INFO - [2025-01-21T08:37:02.967+0000] {dagbag.py:588} INFO - Filling up the DagBag from /opt/airflow/dags/code.py
[2025-01-21T08:37:03.310+0000] {processor.py:925} INFO - DAG(s) 'Data_Pipeline' retrieved from /opt/airflow/dags/code.py
[2025-01-21T08:37:03.323+0000] {logging_mixin.py:190} INFO - [2025-01-21T08:37:03.323+0000] {dag.py:3239} INFO - Sync 1 DAGs
[2025-01-21T08:37:03.336+0000] {logging_mixin.py:190} INFO - [2025-01-21T08:37:03.336+0000] {dag.py:4180} INFO - Setting next_dagrun for Data_Pipeline to None, run_after=None
[2025-01-21T08:37:03.349+0000] {processor.py:208} INFO - Processing /opt/airflow/dags/code.py took 0.390 seconds
[2025-01-21T08:37:33.675+0000] {processor.py:186} INFO - Started process (PID=101) to work on /opt/airflow/dags/code.py
[2025-01-21T08:37:33.675+0000] {processor.py:914} INFO - Processing file /opt/airflow/dags/code.py for tasks to queue
[2025-01-21T08:37:33.677+0000] {logging_mixin.py:190} INFO - [2025-01-21T08:37:33.677+0000] {dagbag.py:588} INFO - Filling up the DagBag from /opt/airflow/dags/code.py
[2025-01-21T08:37:33.978+0000] {processor.py:925} INFO - DAG(s) 'Data_Pipeline' retrieved from /opt/airflow/dags/code.py
[2025-01-21T08:37:33.990+0000] {logging_mixin.py:190} INFO - [2025-01-21T08:37:33.990+0000] {dag.py:3239} INFO - Sync 1 DAGs
[2025-01-21T08:37:33.999+0000] {logging_mixin.py:190} INFO - [2025-01-21T08:37:33.999+0000] {dag.py:4180} INFO - Setting next_dagrun for Data_Pipeline to None, run_after=None
[2025-01-21T08:37:34.011+0000] {processor.py:208} INFO - Processing /opt/airflow/dags/code.py took 0.340 seconds
[2025-01-21T08:38:04.383+0000] {processor.py:186} INFO - Started process (PID=112) to work on /opt/airflow/dags/code.py
[2025-01-21T08:38:04.384+0000] {processor.py:914} INFO - Processing file /opt/airflow/dags/code.py for tasks to queue
[2025-01-21T08:38:04.386+0000] {logging_mixin.py:190} INFO - [2025-01-21T08:38:04.386+0000] {dagbag.py:588} INFO - Filling up the DagBag from /opt/airflow/dags/code.py
[2025-01-21T08:38:04.682+0000] {processor.py:925} INFO - DAG(s) 'Data_Pipeline' retrieved from /opt/airflow/dags/code.py
[2025-01-21T08:38:04.696+0000] {logging_mixin.py:190} INFO - [2025-01-21T08:38:04.696+0000] {dag.py:3239} INFO - Sync 1 DAGs
[2025-01-21T08:38:04.707+0000] {logging_mixin.py:190} INFO - [2025-01-21T08:38:04.706+0000] {dag.py:4180} INFO - Setting next_dagrun for Data_Pipeline to None, run_after=None
[2025-01-21T08:38:04.719+0000] {processor.py:208} INFO - Processing /opt/airflow/dags/code.py took 0.340 seconds
[2025-01-21T08:38:35.075+0000] {processor.py:186} INFO - Started process (PID=123) to work on /opt/airflow/dags/code.py
[2025-01-21T08:38:35.076+0000] {processor.py:914} INFO - Processing file /opt/airflow/dags/code.py for tasks to queue
[2025-01-21T08:38:35.080+0000] {logging_mixin.py:190} INFO - [2025-01-21T08:38:35.080+0000] {dagbag.py:588} INFO - Filling up the DagBag from /opt/airflow/dags/code.py
[2025-01-21T08:38:35.387+0000] {processor.py:925} INFO - DAG(s) 'Data_Pipeline' retrieved from /opt/airflow/dags/code.py
[2025-01-21T08:38:35.401+0000] {logging_mixin.py:190} INFO - [2025-01-21T08:38:35.401+0000] {dag.py:3239} INFO - Sync 1 DAGs
[2025-01-21T08:38:35.412+0000] {logging_mixin.py:190} INFO - [2025-01-21T08:38:35.411+0000] {dag.py:4180} INFO - Setting next_dagrun for Data_Pipeline to None, run_after=None
[2025-01-21T08:38:35.424+0000] {processor.py:208} INFO - Processing /opt/airflow/dags/code.py took 0.353 seconds
[2025-01-21T08:39:05.693+0000] {processor.py:186} INFO - Started process (PID=134) to work on /opt/airflow/dags/code.py
[2025-01-21T08:39:05.694+0000] {processor.py:914} INFO - Processing file /opt/airflow/dags/code.py for tasks to queue
[2025-01-21T08:39:05.696+0000] {logging_mixin.py:190} INFO - [2025-01-21T08:39:05.696+0000] {dagbag.py:588} INFO - Filling up the DagBag from /opt/airflow/dags/code.py
[2025-01-21T08:39:05.979+0000] {processor.py:925} INFO - DAG(s) 'Data_Pipeline' retrieved from /opt/airflow/dags/code.py
[2025-01-21T08:39:05.994+0000] {logging_mixin.py:190} INFO - [2025-01-21T08:39:05.993+0000] {dag.py:3239} INFO - Sync 1 DAGs
[2025-01-21T08:39:06.008+0000] {logging_mixin.py:190} INFO - [2025-01-21T08:39:06.008+0000] {dag.py:4180} INFO - Setting next_dagrun for Data_Pipeline to None, run_after=None
[2025-01-21T08:39:06.021+0000] {processor.py:208} INFO - Processing /opt/airflow/dags/code.py took 0.330 seconds
[2025-01-21T08:39:36.225+0000] {processor.py:186} INFO - Started process (PID=143) to work on /opt/airflow/dags/code.py
[2025-01-21T08:39:36.226+0000] {processor.py:914} INFO - Processing file /opt/airflow/dags/code.py for tasks to queue
[2025-01-21T08:39:36.227+0000] {logging_mixin.py:190} INFO - [2025-01-21T08:39:36.227+0000] {dagbag.py:588} INFO - Filling up the DagBag from /opt/airflow/dags/code.py
[2025-01-21T08:39:36.523+0000] {processor.py:925} INFO - DAG(s) 'Data_Pipeline' retrieved from /opt/airflow/dags/code.py
[2025-01-21T08:39:36.538+0000] {logging_mixin.py:190} INFO - [2025-01-21T08:39:36.537+0000] {dag.py:3239} INFO - Sync 1 DAGs
[2025-01-21T08:39:36.548+0000] {logging_mixin.py:190} INFO - [2025-01-21T08:39:36.548+0000] {dag.py:4180} INFO - Setting next_dagrun for Data_Pipeline to None, run_after=None
[2025-01-21T08:39:36.562+0000] {processor.py:208} INFO - Processing /opt/airflow/dags/code.py took 0.340 seconds
[2025-01-21T08:40:06.807+0000] {processor.py:186} INFO - Started process (PID=153) to work on /opt/airflow/dags/code.py
[2025-01-21T08:40:06.808+0000] {processor.py:914} INFO - Processing file /opt/airflow/dags/code.py for tasks to queue
[2025-01-21T08:40:06.808+0000] {logging_mixin.py:190} INFO - [2025-01-21T08:40:06.808+0000] {dagbag.py:588} INFO - Filling up the DagBag from /opt/airflow/dags/code.py
[2025-01-21T08:40:07.101+0000] {processor.py:925} INFO - DAG(s) 'Data_Pipeline' retrieved from /opt/airflow/dags/code.py
[2025-01-21T08:40:07.116+0000] {logging_mixin.py:190} INFO - [2025-01-21T08:40:07.115+0000] {dag.py:3239} INFO - Sync 1 DAGs
[2025-01-21T08:40:07.127+0000] {logging_mixin.py:190} INFO - [2025-01-21T08:40:07.127+0000] {dag.py:4180} INFO - Setting next_dagrun for Data_Pipeline to None, run_after=None
[2025-01-21T08:40:07.144+0000] {processor.py:208} INFO - Processing /opt/airflow/dags/code.py took 0.340 seconds
