[2025-01-23T12:31:19.988+0000] {local_task_job_runner.py:123} INFO - ::group::Pre task execution logs
[2025-01-23T12:31:20.001+0000] {taskinstance.py:2613} INFO - Dependencies all met for dep_context=non-requeueable deps ti=<TaskInstance: taskgroupbs_edgelabels.filter_by_southeast manual__2025-01-23T12:31:15.588266+00:00 [queued]>
[2025-01-23T12:31:20.006+0000] {taskinstance.py:2613} INFO - Dependencies all met for dep_context=requeueable deps ti=<TaskInstance: taskgroupbs_edgelabels.filter_by_southeast manual__2025-01-23T12:31:15.588266+00:00 [queued]>
[2025-01-23T12:31:20.007+0000] {taskinstance.py:2866} INFO - Starting attempt 1 of 1
[2025-01-23T12:31:20.016+0000] {taskinstance.py:2889} INFO - Executing <Task(PythonOperator): filter_by_southeast> on 2025-01-23 12:31:15.588266+00:00
[2025-01-23T12:31:20.021+0000] {warnings.py:112} WARNING - /home/***/.local/lib/python3.12/site-packages/***/task/task_runner/standard_task_runner.py:70: DeprecationWarning: This process (pid=1888) is multi-threaded, use of fork() may lead to deadlocks in the child.
  pid = os.fork()

[2025-01-23T12:31:20.023+0000] {standard_task_runner.py:72} INFO - Started process 1890 to run task
[2025-01-23T12:31:20.023+0000] {standard_task_runner.py:104} INFO - Running: ['***', 'tasks', 'run', 'taskgroupbs_edgelabels', 'filter_by_southeast', 'manual__2025-01-23T12:31:15.588266+00:00', '--job-id', '373', '--raw', '--subdir', 'DAGS_FOLDER/taskgroups_edgelabels.py', '--cfg-path', '/tmp/tmpq4f5ecds']
[2025-01-23T12:31:20.025+0000] {standard_task_runner.py:105} INFO - Job 373: Subtask filter_by_southeast
[2025-01-23T12:31:20.055+0000] {task_command.py:467} INFO - Running <TaskInstance: taskgroupbs_edgelabels.filter_by_southeast manual__2025-01-23T12:31:15.588266+00:00 [running]> on host 7854821b9569
[2025-01-23T12:31:20.208+0000] {taskinstance.py:3132} INFO - Exporting env vars: AIRFLOW_CTX_DAG_OWNER='mohamed' AIRFLOW_CTX_DAG_ID='taskgroupbs_edgelabels' AIRFLOW_CTX_TASK_ID='filter_by_southeast' AIRFLOW_CTX_EXECUTION_DATE='2025-01-23T12:31:15.588266+00:00' AIRFLOW_CTX_TRY_NUMBER='1' AIRFLOW_CTX_DAG_RUN_ID='manual__2025-01-23T12:31:15.588266+00:00'
[2025-01-23T12:31:20.209+0000] {taskinstance.py:731} INFO - ::endgroup::
[2025-01-23T12:31:20.225+0000] {warnings.py:112} WARNING - /opt/***/dags/functions.py:111: FutureWarning: Passing literal json to 'read_json' is deprecated and will be removed in a future version. To read from a literal string, wrap it in a 'StringIO' object.
  df=pd.read_json(json_data)

[2025-01-23T12:31:20.242+0000] {python.py:240} INFO - Done. Returned value was: None
[2025-01-23T12:31:20.247+0000] {taskinstance.py:340} INFO - ::group::Post task execution logs
[2025-01-23T12:31:20.248+0000] {taskinstance.py:352} INFO - Marking task as SUCCESS. dag_id=taskgroupbs_edgelabels, task_id=filter_by_southeast, run_id=manual__2025-01-23T12:31:15.588266+00:00, execution_date=20250123T123115, start_date=20250123T123120, end_date=20250123T123120
[2025-01-23T12:31:20.277+0000] {local_task_job_runner.py:266} INFO - Task exited with return code 0
[2025-01-23T12:31:20.287+0000] {taskinstance.py:3895} INFO - 0 downstream tasks scheduled from follow-on schedule check
[2025-01-23T12:31:20.290+0000] {local_task_job_runner.py:245} INFO - ::endgroup::
