[2025-01-23T12:53:02.502+0000] {local_task_job_runner.py:123} INFO - ::group::Pre task execution logs
[2025-01-23T12:53:02.511+0000] {taskinstance.py:2613} INFO - Dependencies all met for dep_context=non-requeueable deps ti=<TaskInstance: taskgroupbs_edgelabels.branch manual__2025-01-23T12:52:59.669948+00:00 [queued]>
[2025-01-23T12:53:02.516+0000] {taskinstance.py:2613} INFO - Dependencies all met for dep_context=requeueable deps ti=<TaskInstance: taskgroupbs_edgelabels.branch manual__2025-01-23T12:52:59.669948+00:00 [queued]>
[2025-01-23T12:53:02.516+0000] {taskinstance.py:2866} INFO - Starting attempt 1 of 1
[2025-01-23T12:53:02.526+0000] {taskinstance.py:2889} INFO - Executing <Task(BranchPythonOperator): branch> on 2025-01-23 12:52:59.669948+00:00
[2025-01-23T12:53:02.530+0000] {warnings.py:112} WARNING - /home/***/.local/lib/python3.12/site-packages/***/task/task_runner/standard_task_runner.py:70: DeprecationWarning: This process (pid=2287) is multi-threaded, use of fork() may lead to deadlocks in the child.
  pid = os.fork()

[2025-01-23T12:53:02.531+0000] {standard_task_runner.py:72} INFO - Started process 2289 to run task
[2025-01-23T12:53:02.531+0000] {standard_task_runner.py:104} INFO - Running: ['***', 'tasks', 'run', 'taskgroupbs_edgelabels', 'branch', 'manual__2025-01-23T12:52:59.669948+00:00', '--job-id', '401', '--raw', '--subdir', 'DAGS_FOLDER/taskgroups_edgelabels.py', '--cfg-path', '/tmp/tmpy7p3jlvd']
[2025-01-23T12:53:02.534+0000] {standard_task_runner.py:105} INFO - Job 401: Subtask branch
[2025-01-23T12:53:02.560+0000] {task_command.py:467} INFO - Running <TaskInstance: taskgroupbs_edgelabels.branch manual__2025-01-23T12:52:59.669948+00:00 [running]> on host 7854821b9569
[2025-01-23T12:53:02.743+0000] {taskinstance.py:3132} INFO - Exporting env vars: AIRFLOW_CTX_DAG_OWNER='mohamed' AIRFLOW_CTX_DAG_ID='taskgroupbs_edgelabels' AIRFLOW_CTX_TASK_ID='branch' AIRFLOW_CTX_EXECUTION_DATE='2025-01-23T12:52:59.669948+00:00' AIRFLOW_CTX_TRY_NUMBER='1' AIRFLOW_CTX_DAG_RUN_ID='manual__2025-01-23T12:52:59.669948+00:00'
[2025-01-23T12:53:02.744+0000] {taskinstance.py:731} INFO - ::endgroup::
[2025-01-23T12:53:02.752+0000] {baseoperator.py:421} WARNING - BranchPythonOperator.execute cannot be called outside TaskInstance!
[2025-01-23T12:53:02.758+0000] {python.py:240} INFO - Done. Returned value was: None
[2025-01-23T12:53:02.758+0000] {branch.py:38} INFO - Branch into None
[2025-01-23T12:53:02.759+0000] {skipmixin.py:230} INFO - Following branch ()
[2025-01-23T12:53:02.766+0000] {skipmixin.py:278} INFO - Skipping tasks [('grouping.groupby_smoker_', -1), ('filtering.filter_by_southwest', -1), ('filtering.filter_by_southeast', -1)]
[2025-01-23T12:53:02.780+0000] {taskinstance.py:340} INFO - ::group::Post task execution logs
[2025-01-23T12:53:02.781+0000] {taskinstance.py:352} INFO - Marking task as SUCCESS. dag_id=taskgroupbs_edgelabels, task_id=branch, run_id=manual__2025-01-23T12:52:59.669948+00:00, execution_date=20250123T125259, start_date=20250123T125302, end_date=20250123T125302
[2025-01-23T12:53:02.828+0000] {local_task_job_runner.py:266} INFO - Task exited with return code 0
[2025-01-23T12:53:02.837+0000] {taskinstance.py:3895} INFO - 0 downstream tasks scheduled from follow-on schedule check
[2025-01-23T12:53:02.840+0000] {local_task_job_runner.py:245} INFO - ::endgroup::
