[2025-01-20T11:39:16.879+0000] {local_task_job_runner.py:123} INFO - ::group::Pre task execution logs
[2025-01-20T11:39:16.888+0000] {taskinstance.py:2613} INFO - Dependencies all met for dep_context=non-requeueable deps ti=<TaskInstance: postgres_query_dag.fetch_data_from_postgres manual__2025-01-20T11:39:16.403146+00:00 [queued]>
[2025-01-20T11:39:16.893+0000] {taskinstance.py:2613} INFO - Dependencies all met for dep_context=requeueable deps ti=<TaskInstance: postgres_query_dag.fetch_data_from_postgres manual__2025-01-20T11:39:16.403146+00:00 [queued]>
[2025-01-20T11:39:16.894+0000] {taskinstance.py:2866} INFO - Starting attempt 1 of 2
[2025-01-20T11:39:16.903+0000] {taskinstance.py:2889} INFO - Executing <Task(PythonOperator): fetch_data_from_postgres> on 2025-01-20 11:39:16.403146+00:00
[2025-01-20T11:39:16.907+0000] {warnings.py:112} WARNING - /home/***/.local/lib/python3.12/site-packages/***/task/task_runner/standard_task_runner.py:70: DeprecationWarning: This process (pid=1107) is multi-threaded, use of fork() may lead to deadlocks in the child.
  pid = os.fork()

[2025-01-20T11:39:16.909+0000] {standard_task_runner.py:72} INFO - Started process 1108 to run task
[2025-01-20T11:39:16.908+0000] {standard_task_runner.py:104} INFO - Running: ['***', 'tasks', 'run', 'postgres_query_dag', 'fetch_data_from_postgres', 'manual__2025-01-20T11:39:16.403146+00:00', '--job-id', '148', '--raw', '--subdir', 'DAGS_FOLDER/pipeline.py', '--cfg-path', '/tmp/tmphu0s32ue']
[2025-01-20T11:39:16.910+0000] {standard_task_runner.py:105} INFO - Job 148: Subtask fetch_data_from_postgres
[2025-01-20T11:39:16.942+0000] {task_command.py:467} INFO - Running <TaskInstance: postgres_query_dag.fetch_data_from_postgres manual__2025-01-20T11:39:16.403146+00:00 [running]> on host 7854821b9569
[2025-01-20T11:39:16.993+0000] {taskinstance.py:3132} INFO - Exporting env vars: AIRFLOW_CTX_DAG_OWNER='***' AIRFLOW_CTX_DAG_ID='postgres_query_dag' AIRFLOW_CTX_TASK_ID='fetch_data_from_postgres' AIRFLOW_CTX_EXECUTION_DATE='2025-01-20T11:39:16.403146+00:00' AIRFLOW_CTX_TRY_NUMBER='1' AIRFLOW_CTX_DAG_RUN_ID='manual__2025-01-20T11:39:16.403146+00:00'
[2025-01-20T11:39:16.994+0000] {taskinstance.py:731} INFO - ::endgroup::
[2025-01-20T11:39:17.009+0000] {base.py:84} INFO - Retrieving connection 'connection'
[2025-01-20T11:39:18.686+0000] {logging_mixin.py:190} INFO - Résultats de la requête :
[2025-01-20T11:39:18.687+0000] {logging_mixin.py:190} INFO - (1, 'Penelope', 'Guiness', datetime.datetime(2013, 5, 26, 14, 47, 57, 620000))
[2025-01-20T11:39:18.688+0000] {logging_mixin.py:190} INFO - (2, 'Nick', 'Wahlberg', datetime.datetime(2013, 5, 26, 14, 47, 57, 620000))
[2025-01-20T11:39:18.688+0000] {logging_mixin.py:190} INFO - (3, 'Ed', 'Chase', datetime.datetime(2013, 5, 26, 14, 47, 57, 620000))
[2025-01-20T11:39:18.689+0000] {logging_mixin.py:190} INFO - (4, 'Jennifer', 'Davis', datetime.datetime(2013, 5, 26, 14, 47, 57, 620000))
[2025-01-20T11:39:18.691+0000] {logging_mixin.py:190} INFO - (5, 'Johnny', 'Lollobrigida', datetime.datetime(2013, 5, 26, 14, 47, 57, 620000))
[2025-01-20T11:39:18.691+0000] {logging_mixin.py:190} INFO - (6, 'Bette', 'Nicholson', datetime.datetime(2013, 5, 26, 14, 47, 57, 620000))
[2025-01-20T11:39:18.692+0000] {logging_mixin.py:190} INFO - (7, 'Grace', 'Mostel', datetime.datetime(2013, 5, 26, 14, 47, 57, 620000))
[2025-01-20T11:39:18.692+0000] {logging_mixin.py:190} INFO - (8, 'Matthew', 'Johansson', datetime.datetime(2013, 5, 26, 14, 47, 57, 620000))
[2025-01-20T11:39:18.693+0000] {logging_mixin.py:190} INFO - (9, 'Joe', 'Swank', datetime.datetime(2013, 5, 26, 14, 47, 57, 620000))
[2025-01-20T11:39:18.693+0000] {logging_mixin.py:190} INFO - (10, 'Christian', 'Gable', datetime.datetime(2013, 5, 26, 14, 47, 57, 620000))
[2025-01-20T11:39:18.693+0000] {python.py:240} INFO - Done. Returned value was: None
[2025-01-20T11:39:18.699+0000] {taskinstance.py:340} INFO - ::group::Post task execution logs
[2025-01-20T11:39:18.700+0000] {taskinstance.py:352} INFO - Marking task as SUCCESS. dag_id=postgres_query_dag, task_id=fetch_data_from_postgres, run_id=manual__2025-01-20T11:39:16.403146+00:00, execution_date=20250120T113916, start_date=20250120T113916, end_date=20250120T113918
[2025-01-20T11:39:18.731+0000] {local_task_job_runner.py:266} INFO - Task exited with return code 0
[2025-01-20T11:39:18.741+0000] {taskinstance.py:3895} INFO - 0 downstream tasks scheduled from follow-on schedule check
[2025-01-20T11:39:18.744+0000] {local_task_job_runner.py:245} INFO - ::endgroup::
