[2025-01-23T13:01:11.005+0000] {local_task_job_runner.py:123} INFO - ::group::Pre task execution logs
[2025-01-23T13:01:11.014+0000] {taskinstance.py:2613} INFO - Dependencies all met for dep_context=non-requeueable deps ti=<TaskInstance: taskgroupbs_edgelabels.branch manual__2025-01-23T13:01:07.641641+00:00 [queued]>
[2025-01-23T13:01:11.019+0000] {taskinstance.py:2613} INFO - Dependencies all met for dep_context=requeueable deps ti=<TaskInstance: taskgroupbs_edgelabels.branch manual__2025-01-23T13:01:07.641641+00:00 [queued]>
[2025-01-23T13:01:11.020+0000] {taskinstance.py:2866} INFO - Starting attempt 1 of 1
[2025-01-23T13:01:11.028+0000] {taskinstance.py:2889} INFO - Executing <Task(BranchPythonOperator): branch> on 2025-01-23 13:01:07.641641+00:00
[2025-01-23T13:01:11.034+0000] {warnings.py:112} WARNING - /home/***/.local/lib/python3.12/site-packages/***/task/task_runner/standard_task_runner.py:70: DeprecationWarning: This process (pid=2474) is multi-threaded, use of fork() may lead to deadlocks in the child.
  pid = os.fork()

[2025-01-23T13:01:11.035+0000] {standard_task_runner.py:72} INFO - Started process 2476 to run task
[2025-01-23T13:01:11.035+0000] {standard_task_runner.py:104} INFO - Running: ['***', 'tasks', 'run', 'taskgroupbs_edgelabels', 'branch', 'manual__2025-01-23T13:01:07.641641+00:00', '--job-id', '420', '--raw', '--subdir', 'DAGS_FOLDER/taskgroups_edgelabels.py', '--cfg-path', '/tmp/tmp_qxoival']
[2025-01-23T13:01:11.037+0000] {standard_task_runner.py:105} INFO - Job 420: Subtask branch
[2025-01-23T13:01:11.063+0000] {task_command.py:467} INFO - Running <TaskInstance: taskgroupbs_edgelabels.branch manual__2025-01-23T13:01:07.641641+00:00 [running]> on host 7854821b9569
[2025-01-23T13:01:11.210+0000] {taskinstance.py:3132} INFO - Exporting env vars: AIRFLOW_CTX_DAG_OWNER='mohamed' AIRFLOW_CTX_DAG_ID='taskgroupbs_edgelabels' AIRFLOW_CTX_TASK_ID='branch' AIRFLOW_CTX_EXECUTION_DATE='2025-01-23T13:01:07.641641+00:00' AIRFLOW_CTX_TRY_NUMBER='1' AIRFLOW_CTX_DAG_RUN_ID='manual__2025-01-23T13:01:07.641641+00:00'
[2025-01-23T13:01:11.211+0000] {taskinstance.py:731} INFO - ::endgroup::
[2025-01-23T13:01:11.218+0000] {baseoperator.py:421} WARNING - BranchPythonOperator.execute cannot be called outside TaskInstance!
[2025-01-23T13:01:11.224+0000] {python.py:240} INFO - Done. Returned value was: grouping.groupby_smoker_
[2025-01-23T13:01:11.225+0000] {branch.py:38} INFO - Branch into grouping.groupby_smoker_
[2025-01-23T13:01:11.225+0000] {skipmixin.py:230} INFO - Following branch ('grouping.groupby_smoker_',)
[2025-01-23T13:01:11.231+0000] {skipmixin.py:278} INFO - Skipping tasks [('filtering.filter_by_southwest', -1), ('filtering.filter_by_southeast', -1)]
[2025-01-23T13:01:11.252+0000] {taskinstance.py:340} INFO - ::group::Post task execution logs
[2025-01-23T13:01:11.253+0000] {taskinstance.py:352} INFO - Marking task as SUCCESS. dag_id=taskgroupbs_edgelabels, task_id=branch, run_id=manual__2025-01-23T13:01:07.641641+00:00, execution_date=20250123T130107, start_date=20250123T130111, end_date=20250123T130111
[2025-01-23T13:01:11.290+0000] {local_task_job_runner.py:266} INFO - Task exited with return code 0
[2025-01-23T13:01:11.399+0000] {taskinstance.py:3895} INFO - 1 downstream tasks scheduled from follow-on schedule check
[2025-01-23T13:01:11.403+0000] {local_task_job_runner.py:245} INFO - ::endgroup::
