[2025-01-21T09:30:47.823+0000] {local_task_job_runner.py:123} INFO - ::group::Pre task execution logs
[2025-01-21T09:30:47.834+0000] {taskinstance.py:2613} INFO - Dependencies all met for dep_context=non-requeueable deps ti=<TaskInstance: branching.can_drive manual__2025-01-21T09:30:44.921007+00:00 [queued]>
[2025-01-21T09:30:47.840+0000] {taskinstance.py:2613} INFO - Dependencies all met for dep_context=requeueable deps ti=<TaskInstance: branching.can_drive manual__2025-01-21T09:30:44.921007+00:00 [queued]>
[2025-01-21T09:30:47.840+0000] {taskinstance.py:2866} INFO - Starting attempt 1 of 1
[2025-01-21T09:30:47.849+0000] {taskinstance.py:2889} INFO - Executing <Task(PythonOperator): can_drive> on 2025-01-21 09:30:44.921007+00:00
[2025-01-21T09:30:47.853+0000] {warnings.py:112} WARNING - /home/***/.local/lib/python3.12/site-packages/***/task/task_runner/standard_task_runner.py:70: DeprecationWarning: This process (pid=864) is multi-threaded, use of fork() may lead to deadlocks in the child.
  pid = os.fork()

[2025-01-21T09:30:47.855+0000] {standard_task_runner.py:72} INFO - Started process 867 to run task
[2025-01-21T09:30:47.855+0000] {standard_task_runner.py:104} INFO - Running: ['***', 'tasks', 'run', 'branching', 'can_drive', 'manual__2025-01-21T09:30:44.921007+00:00', '--job-id', '176', '--raw', '--subdir', 'DAGS_FOLDER/branching.py', '--cfg-path', '/tmp/tmpel8t418z']
[2025-01-21T09:30:47.856+0000] {standard_task_runner.py:105} INFO - Job 176: Subtask can_drive
[2025-01-21T09:30:47.884+0000] {task_command.py:467} INFO - Running <TaskInstance: branching.can_drive manual__2025-01-21T09:30:44.921007+00:00 [running]> on host 7854821b9569
[2025-01-21T09:30:47.934+0000] {taskinstance.py:3132} INFO - Exporting env vars: AIRFLOW_CTX_DAG_OWNER='***' AIRFLOW_CTX_DAG_ID='branching' AIRFLOW_CTX_TASK_ID='can_drive' AIRFLOW_CTX_EXECUTION_DATE='2025-01-21T09:30:44.921007+00:00' AIRFLOW_CTX_TRY_NUMBER='1' AIRFLOW_CTX_DAG_RUN_ID='manual__2025-01-21T09:30:44.921007+00:00'
[2025-01-21T09:30:47.935+0000] {taskinstance.py:731} INFO - ::endgroup::
[2025-01-21T09:30:47.944+0000] {logging_mixin.py:190} INFO - Yay ! you are eligible for driving
[2025-01-21T09:30:47.944+0000] {python.py:240} INFO - Done. Returned value was: None
[2025-01-21T09:30:47.950+0000] {taskinstance.py:340} INFO - ::group::Post task execution logs
[2025-01-21T09:30:47.951+0000] {taskinstance.py:352} INFO - Marking task as SUCCESS. dag_id=branching, task_id=can_drive, run_id=manual__2025-01-21T09:30:44.921007+00:00, execution_date=20250121T093044, start_date=20250121T093047, end_date=20250121T093047
[2025-01-21T09:30:47.990+0000] {local_task_job_runner.py:266} INFO - Task exited with return code 0
[2025-01-21T09:30:47.999+0000] {taskinstance.py:3895} INFO - 0 downstream tasks scheduled from follow-on schedule check
[2025-01-21T09:30:48.002+0000] {local_task_job_runner.py:245} INFO - ::endgroup::
