[2025-01-22T11:14:45.654+0000] {local_task_job_runner.py:123} INFO - ::group::Pre task execution logs
[2025-01-22T11:14:45.666+0000] {taskinstance.py:2613} INFO - Dependencies all met for dep_context=non-requeueable deps ti=<TaskInstance: branching_variables.filter_southest manual__2025-01-22T11:14:41.369556+00:00 [queued]>
[2025-01-22T11:14:45.672+0000] {taskinstance.py:2613} INFO - Dependencies all met for dep_context=requeueable deps ti=<TaskInstance: branching_variables.filter_southest manual__2025-01-22T11:14:41.369556+00:00 [queued]>
[2025-01-22T11:14:45.673+0000] {taskinstance.py:2866} INFO - Starting attempt 1 of 1
[2025-01-22T11:14:45.682+0000] {taskinstance.py:2889} INFO - Executing <Task(PythonOperator): filter_southest> on 2025-01-22 11:14:41.369556+00:00
[2025-01-22T11:14:45.687+0000] {warnings.py:112} WARNING - /home/***/.local/lib/python3.12/site-packages/***/task/task_runner/standard_task_runner.py:70: DeprecationWarning: This process (pid=2561) is multi-threaded, use of fork() may lead to deadlocks in the child.
  pid = os.fork()

[2025-01-22T11:14:45.689+0000] {standard_task_runner.py:72} INFO - Started process 2563 to run task
[2025-01-22T11:14:45.688+0000] {standard_task_runner.py:104} INFO - Running: ['***', 'tasks', 'run', 'branching_variables', 'filter_southest', 'manual__2025-01-22T11:14:41.369556+00:00', '--job-id', '278', '--raw', '--subdir', 'DAGS_FOLDER/branching_variables.py', '--cfg-path', '/tmp/tmp2_0t50m8']
[2025-01-22T11:14:45.690+0000] {standard_task_runner.py:105} INFO - Job 278: Subtask filter_southest
[2025-01-22T11:14:45.719+0000] {task_command.py:467} INFO - Running <TaskInstance: branching_variables.filter_southest manual__2025-01-22T11:14:41.369556+00:00 [running]> on host 7854821b9569
[2025-01-22T11:14:45.873+0000] {taskinstance.py:3132} INFO - Exporting env vars: AIRFLOW_CTX_DAG_OWNER='mohamed' AIRFLOW_CTX_DAG_ID='branching_variables' AIRFLOW_CTX_TASK_ID='filter_southest' AIRFLOW_CTX_EXECUTION_DATE='2025-01-22T11:14:41.369556+00:00' AIRFLOW_CTX_TRY_NUMBER='1' AIRFLOW_CTX_DAG_RUN_ID='manual__2025-01-22T11:14:41.369556+00:00'
[2025-01-22T11:14:45.874+0000] {taskinstance.py:731} INFO - ::endgroup::
[2025-01-22T11:14:45.897+0000] {warnings.py:112} WARNING - /opt/***/dags/functions.py:69: FutureWarning: Passing literal json to 'read_json' is deprecated and will be removed in a future version. To read from a literal string, wrap it in a 'StringIO' object.
  df=pd.read_json(json_data)

[2025-01-22T11:14:45.906+0000] {python.py:240} INFO - Done. Returned value was: {"age":{},"sex":{},"bmi":{},"children":{},"smoker":{},"region":{},"charges":{}}
[2025-01-22T11:14:45.921+0000] {taskinstance.py:340} INFO - ::group::Post task execution logs
[2025-01-22T11:14:45.922+0000] {taskinstance.py:352} INFO - Marking task as SUCCESS. dag_id=branching_variables, task_id=filter_southest, run_id=manual__2025-01-22T11:14:41.369556+00:00, execution_date=20250122T111441, start_date=20250122T111445, end_date=20250122T111445
[2025-01-22T11:14:45.984+0000] {local_task_job_runner.py:266} INFO - Task exited with return code 0
[2025-01-22T11:14:45.993+0000] {taskinstance.py:3895} INFO - 0 downstream tasks scheduled from follow-on schedule check
[2025-01-22T11:14:45.998+0000] {local_task_job_runner.py:245} INFO - ::endgroup::
