[2025-01-23T09:51:24.418+0000] {local_task_job_runner.py:123} INFO - ::group::Pre task execution logs
[2025-01-23T09:51:24.427+0000] {taskinstance.py:2613} INFO - Dependencies all met for dep_context=non-requeueable deps ti=<TaskInstance: taskgroupbs_edgelabels.drop_null manual__2025-01-23T09:51:22.294623+00:00 [queued]>
[2025-01-23T09:51:24.432+0000] {taskinstance.py:2613} INFO - Dependencies all met for dep_context=requeueable deps ti=<TaskInstance: taskgroupbs_edgelabels.drop_null manual__2025-01-23T09:51:22.294623+00:00 [queued]>
[2025-01-23T09:51:24.432+0000] {taskinstance.py:2866} INFO - Starting attempt 1 of 1
[2025-01-23T09:51:24.441+0000] {taskinstance.py:2889} INFO - Executing <Task(PythonOperator): drop_null> on 2025-01-23 09:51:22.294623+00:00
[2025-01-23T09:51:24.446+0000] {warnings.py:112} WARNING - /home/***/.local/lib/python3.12/site-packages/***/task/task_runner/standard_task_runner.py:70: DeprecationWarning: This process (pid=1295) is multi-threaded, use of fork() may lead to deadlocks in the child.
  pid = os.fork()

[2025-01-23T09:51:24.447+0000] {standard_task_runner.py:72} INFO - Started process 1297 to run task
[2025-01-23T09:51:24.447+0000] {standard_task_runner.py:104} INFO - Running: ['***', 'tasks', 'run', 'taskgroupbs_edgelabels', 'drop_null', 'manual__2025-01-23T09:51:22.294623+00:00', '--job-id', '347', '--raw', '--subdir', 'DAGS_FOLDER/taskgroups_edgelabels.py', '--cfg-path', '/tmp/tmpqt7b7fd7']
[2025-01-23T09:51:24.449+0000] {standard_task_runner.py:105} INFO - Job 347: Subtask drop_null
[2025-01-23T09:51:24.477+0000] {task_command.py:467} INFO - Running <TaskInstance: taskgroupbs_edgelabels.drop_null manual__2025-01-23T09:51:22.294623+00:00 [running]> on host 7854821b9569
[2025-01-23T09:51:24.619+0000] {taskinstance.py:3132} INFO - Exporting env vars: AIRFLOW_CTX_DAG_OWNER='mohamed' AIRFLOW_CTX_DAG_ID='taskgroupbs_edgelabels' AIRFLOW_CTX_TASK_ID='drop_null' AIRFLOW_CTX_EXECUTION_DATE='2025-01-23T09:51:22.294623+00:00' AIRFLOW_CTX_TRY_NUMBER='1' AIRFLOW_CTX_DAG_RUN_ID='manual__2025-01-23T09:51:22.294623+00:00'
[2025-01-23T09:51:24.620+0000] {taskinstance.py:731} INFO - ::endgroup::
[2025-01-23T09:51:24.639+0000] {warnings.py:112} WARNING - /opt/***/dags/functions.py:92: FutureWarning: Passing literal json to 'read_json' is deprecated and will be removed in a future version. To read from a literal string, wrap it in a 'StringIO' object.
  df=pd.read_json(json_data)

[2025-01-23T09:51:24.662+0000] {python.py:240} INFO - Done. Returned value was: None
[2025-01-23T09:51:24.667+0000] {taskinstance.py:340} INFO - ::group::Post task execution logs
[2025-01-23T09:51:24.668+0000] {taskinstance.py:352} INFO - Marking task as SUCCESS. dag_id=taskgroupbs_edgelabels, task_id=drop_null, run_id=manual__2025-01-23T09:51:22.294623+00:00, execution_date=20250123T095122, start_date=20250123T095124, end_date=20250123T095124
[2025-01-23T09:51:24.702+0000] {local_task_job_runner.py:266} INFO - Task exited with return code 0
[2025-01-23T09:51:24.718+0000] {taskinstance.py:3895} INFO - 1 downstream tasks scheduled from follow-on schedule check
[2025-01-23T09:51:24.723+0000] {local_task_job_runner.py:245} INFO - ::endgroup::
