[2025-01-23T09:24:33.210+0000] {local_task_job_runner.py:123} INFO - ::group::Pre task execution logs
[2025-01-23T09:24:33.219+0000] {taskinstance.py:2613} INFO - Dependencies all met for dep_context=non-requeueable deps ti=<TaskInstance: Data_Pipeline.mean_age manual__2025-01-23T09:24:29.713001+00:00 [queued]>
[2025-01-23T09:24:33.224+0000] {taskinstance.py:2613} INFO - Dependencies all met for dep_context=requeueable deps ti=<TaskInstance: Data_Pipeline.mean_age manual__2025-01-23T09:24:29.713001+00:00 [queued]>
[2025-01-23T09:24:33.225+0000] {taskinstance.py:2866} INFO - Starting attempt 1 of 1
[2025-01-23T09:24:33.235+0000] {taskinstance.py:2889} INFO - Executing <Task(PythonOperator): mean_age> on 2025-01-23 09:24:29.713001+00:00
[2025-01-23T09:24:33.240+0000] {warnings.py:112} WARNING - /home/***/.local/lib/python3.12/site-packages/***/task/task_runner/standard_task_runner.py:70: DeprecationWarning: This process (pid=806) is multi-threaded, use of fork() may lead to deadlocks in the child.
  pid = os.fork()

[2025-01-23T09:24:33.242+0000] {standard_task_runner.py:72} INFO - Started process 813 to run task
[2025-01-23T09:24:33.241+0000] {standard_task_runner.py:104} INFO - Running: ['***', 'tasks', 'run', 'Data_Pipeline', 'mean_age', 'manual__2025-01-23T09:24:29.713001+00:00', '--job-id', '313', '--raw', '--subdir', 'DAGS_FOLDER/group_by.py', '--cfg-path', '/tmp/tmpdkwvxmc1']
[2025-01-23T09:24:33.244+0000] {standard_task_runner.py:105} INFO - Job 313: Subtask mean_age
[2025-01-23T09:24:33.281+0000] {task_command.py:467} INFO - Running <TaskInstance: Data_Pipeline.mean_age manual__2025-01-23T09:24:29.713001+00:00 [running]> on host 7854821b9569
[2025-01-23T09:24:33.336+0000] {taskinstance.py:3132} INFO - Exporting env vars: AIRFLOW_CTX_DAG_OWNER='***' AIRFLOW_CTX_DAG_ID='Data_Pipeline' AIRFLOW_CTX_TASK_ID='mean_age' AIRFLOW_CTX_EXECUTION_DATE='2025-01-23T09:24:29.713001+00:00' AIRFLOW_CTX_TRY_NUMBER='1' AIRFLOW_CTX_DAG_RUN_ID='manual__2025-01-23T09:24:29.713001+00:00'
[2025-01-23T09:24:33.338+0000] {taskinstance.py:731} INFO - ::endgroup::
[2025-01-23T09:24:33.365+0000] {warnings.py:112} WARNING - /opt/***/dags/group_by.py:19: FutureWarning: Passing literal json to 'read_json' is deprecated and will be removed in a future version. To read from a literal string, wrap it in a 'StringIO' object.
  df=pd.read_json(data_json)

[2025-01-23T09:24:33.376+0000] {python.py:240} INFO - Done. Returned value was: 39.182156133829
[2025-01-23T09:24:33.391+0000] {taskinstance.py:340} INFO - ::group::Post task execution logs
[2025-01-23T09:24:33.393+0000] {taskinstance.py:352} INFO - Marking task as SUCCESS. dag_id=Data_Pipeline, task_id=mean_age, run_id=manual__2025-01-23T09:24:29.713001+00:00, execution_date=20250123T092429, start_date=20250123T092433, end_date=20250123T092433
[2025-01-23T09:24:33.457+0000] {local_task_job_runner.py:266} INFO - Task exited with return code 0
[2025-01-23T09:24:33.466+0000] {taskinstance.py:3895} INFO - 0 downstream tasks scheduled from follow-on schedule check
[2025-01-23T09:24:33.469+0000] {local_task_job_runner.py:245} INFO - ::endgroup::
