[2025-01-22T10:35:40.547+0000] {local_task_job_runner.py:123} INFO - ::group::Pre task execution logs
[2025-01-22T10:35:40.557+0000] {taskinstance.py:2613} INFO - Dependencies all met for dep_context=non-requeueable deps ti=<TaskInstance: branching_variables.branch manual__2025-01-22T10:35:36.157297+00:00 [queued]>
[2025-01-22T10:35:40.561+0000] {taskinstance.py:2613} INFO - Dependencies all met for dep_context=requeueable deps ti=<TaskInstance: branching_variables.branch manual__2025-01-22T10:35:36.157297+00:00 [queued]>
[2025-01-22T10:35:40.562+0000] {taskinstance.py:2866} INFO - Starting attempt 1 of 1
[2025-01-22T10:35:40.572+0000] {taskinstance.py:2889} INFO - Executing <Task(BranchPythonOperator): branch> on 2025-01-22 10:35:36.157297+00:00
[2025-01-22T10:35:40.577+0000] {warnings.py:112} WARNING - /home/***/.local/lib/python3.12/site-packages/***/task/task_runner/standard_task_runner.py:70: DeprecationWarning: This process (pid=1864) is multi-threaded, use of fork() may lead to deadlocks in the child.
  pid = os.fork()

[2025-01-22T10:35:40.578+0000] {standard_task_runner.py:72} INFO - Started process 1866 to run task
[2025-01-22T10:35:40.578+0000] {standard_task_runner.py:104} INFO - Running: ['***', 'tasks', 'run', 'branching_variables', 'branch', 'manual__2025-01-22T10:35:36.157297+00:00', '--job-id', '231', '--raw', '--subdir', 'DAGS_FOLDER/branching_variables.py', '--cfg-path', '/tmp/tmpjfnx2ax2']
[2025-01-22T10:35:40.580+0000] {standard_task_runner.py:105} INFO - Job 231: Subtask branch
[2025-01-22T10:35:40.607+0000] {task_command.py:467} INFO - Running <TaskInstance: branching_variables.branch manual__2025-01-22T10:35:36.157297+00:00 [running]> on host 7854821b9569
[2025-01-22T10:35:40.762+0000] {taskinstance.py:3132} INFO - Exporting env vars: AIRFLOW_CTX_DAG_OWNER='mohamed' AIRFLOW_CTX_DAG_ID='branching_variables' AIRFLOW_CTX_TASK_ID='branch' AIRFLOW_CTX_EXECUTION_DATE='2025-01-22T10:35:36.157297+00:00' AIRFLOW_CTX_TRY_NUMBER='1' AIRFLOW_CTX_DAG_RUN_ID='manual__2025-01-22T10:35:36.157297+00:00'
[2025-01-22T10:35:40.763+0000] {taskinstance.py:731} INFO - ::endgroup::
[2025-01-22T10:35:40.770+0000] {baseoperator.py:421} WARNING - BranchPythonOperator.execute cannot be called outside TaskInstance!
[2025-01-22T10:35:40.775+0000] {python.py:240} INFO - Done. Returned value was: filter_southwest
[2025-01-22T10:35:40.775+0000] {branch.py:38} INFO - Branch into filter_southwest
[2025-01-22T10:35:40.776+0000] {skipmixin.py:230} INFO - Following branch ('filter_southwest',)
[2025-01-22T10:35:40.780+0000] {skipmixin.py:278} INFO - Skipping tasks []
[2025-01-22T10:35:40.797+0000] {taskinstance.py:340} INFO - ::group::Post task execution logs
[2025-01-22T10:35:40.798+0000] {taskinstance.py:352} INFO - Marking task as SUCCESS. dag_id=branching_variables, task_id=branch, run_id=manual__2025-01-22T10:35:36.157297+00:00, execution_date=20250122T103536, start_date=20250122T103540, end_date=20250122T103540
[2025-01-22T10:35:40.833+0000] {local_task_job_runner.py:266} INFO - Task exited with return code 0
[2025-01-22T10:35:40.850+0000] {taskinstance.py:3895} INFO - 1 downstream tasks scheduled from follow-on schedule check
[2025-01-22T10:35:40.855+0000] {local_task_job_runner.py:245} INFO - ::endgroup::
