[2025-01-22T11:10:36.390+0000] {local_task_job_runner.py:123} INFO - ::group::Pre task execution logs
[2025-01-22T11:10:36.399+0000] {taskinstance.py:2613} INFO - Dependencies all met for dep_context=non-requeueable deps ti=<TaskInstance: branching_variables.branch manual__2025-01-22T11:10:33.103130+00:00 [queued]>
[2025-01-22T11:10:36.404+0000] {taskinstance.py:2613} INFO - Dependencies all met for dep_context=requeueable deps ti=<TaskInstance: branching_variables.branch manual__2025-01-22T11:10:33.103130+00:00 [queued]>
[2025-01-22T11:10:36.405+0000] {taskinstance.py:2866} INFO - Starting attempt 1 of 1
[2025-01-22T11:10:36.414+0000] {taskinstance.py:2889} INFO - Executing <Task(BranchPythonOperator): branch> on 2025-01-22 11:10:33.103130+00:00
[2025-01-22T11:10:36.419+0000] {warnings.py:112} WARNING - /home/***/.local/lib/python3.12/site-packages/***/task/task_runner/standard_task_runner.py:70: DeprecationWarning: This process (pid=2450) is multi-threaded, use of fork() may lead to deadlocks in the child.
  pid = os.fork()

[2025-01-22T11:10:36.421+0000] {standard_task_runner.py:72} INFO - Started process 2452 to run task
[2025-01-22T11:10:36.420+0000] {standard_task_runner.py:104} INFO - Running: ['***', 'tasks', 'run', 'branching_variables', 'branch', 'manual__2025-01-22T11:10:33.103130+00:00', '--job-id', '264', '--raw', '--subdir', 'DAGS_FOLDER/branching_variables.py', '--cfg-path', '/tmp/tmp_297czlx']
[2025-01-22T11:10:36.422+0000] {standard_task_runner.py:105} INFO - Job 264: Subtask branch
[2025-01-22T11:10:36.448+0000] {task_command.py:467} INFO - Running <TaskInstance: branching_variables.branch manual__2025-01-22T11:10:33.103130+00:00 [running]> on host 7854821b9569
[2025-01-22T11:10:36.601+0000] {taskinstance.py:3132} INFO - Exporting env vars: AIRFLOW_CTX_DAG_OWNER='mohamed' AIRFLOW_CTX_DAG_ID='branching_variables' AIRFLOW_CTX_TASK_ID='branch' AIRFLOW_CTX_EXECUTION_DATE='2025-01-22T11:10:33.103130+00:00' AIRFLOW_CTX_TRY_NUMBER='1' AIRFLOW_CTX_DAG_RUN_ID='manual__2025-01-22T11:10:33.103130+00:00'
[2025-01-22T11:10:36.603+0000] {taskinstance.py:731} INFO - ::endgroup::
[2025-01-22T11:10:36.610+0000] {baseoperator.py:421} WARNING - BranchPythonOperator.execute cannot be called outside TaskInstance!
[2025-01-22T11:10:36.619+0000] {python.py:240} INFO - Done. Returned value was: filter_southest
[2025-01-22T11:10:36.620+0000] {branch.py:38} INFO - Branch into filter_southest
[2025-01-22T11:10:36.621+0000] {skipmixin.py:230} INFO - Following branch ('filter_southest',)
[2025-01-22T11:10:36.628+0000] {skipmixin.py:278} INFO - Skipping tasks [('group_by', -1), ('filter_southwest', -1)]
[2025-01-22T11:10:36.648+0000] {taskinstance.py:340} INFO - ::group::Post task execution logs
[2025-01-22T11:10:36.649+0000] {taskinstance.py:352} INFO - Marking task as SUCCESS. dag_id=branching_variables, task_id=branch, run_id=manual__2025-01-22T11:10:33.103130+00:00, execution_date=20250122T111033, start_date=20250122T111036, end_date=20250122T111036
[2025-01-22T11:10:36.677+0000] {local_task_job_runner.py:266} INFO - Task exited with return code 0
[2025-01-22T11:10:36.685+0000] {taskinstance.py:3895} INFO - 0 downstream tasks scheduled from follow-on schedule check
[2025-01-22T11:10:36.689+0000] {local_task_job_runner.py:245} INFO - ::endgroup::
