[2025-01-22T11:48:26.293+0000] {local_task_job_runner.py:123} INFO - ::group::Pre task execution logs
[2025-01-22T11:48:26.303+0000] {taskinstance.py:2613} INFO - Dependencies all met for dep_context=non-requeueable deps ti=<TaskInstance: taskgroups_edgelabels.drop_null manual__2025-01-22T11:48:24.232261+00:00 [queued]>
[2025-01-22T11:48:26.308+0000] {taskinstance.py:2613} INFO - Dependencies all met for dep_context=requeueable deps ti=<TaskInstance: taskgroups_edgelabels.drop_null manual__2025-01-22T11:48:24.232261+00:00 [queued]>
[2025-01-22T11:48:26.309+0000] {taskinstance.py:2866} INFO - Starting attempt 1 of 1
[2025-01-22T11:48:26.318+0000] {taskinstance.py:2889} INFO - Executing <Task(PythonOperator): drop_null> on 2025-01-22 11:48:24.232261+00:00
[2025-01-22T11:48:26.324+0000] {warnings.py:112} WARNING - /home/***/.local/lib/python3.12/site-packages/***/task/task_runner/standard_task_runner.py:70: DeprecationWarning: This process (pid=3075) is multi-threaded, use of fork() may lead to deadlocks in the child.
  pid = os.fork()

[2025-01-22T11:48:26.325+0000] {standard_task_runner.py:72} INFO - Started process 3077 to run task
[2025-01-22T11:48:26.325+0000] {standard_task_runner.py:104} INFO - Running: ['***', 'tasks', 'run', 'taskgroups_edgelabels', 'drop_null', 'manual__2025-01-22T11:48:24.232261+00:00', '--job-id', '295', '--raw', '--subdir', 'DAGS_FOLDER/taskgroups_edgelabels.py', '--cfg-path', '/tmp/tmpaswgvwv2']
[2025-01-22T11:48:26.327+0000] {standard_task_runner.py:105} INFO - Job 295: Subtask drop_null
[2025-01-22T11:48:26.356+0000] {task_command.py:467} INFO - Running <TaskInstance: taskgroups_edgelabels.drop_null manual__2025-01-22T11:48:24.232261+00:00 [running]> on host 7854821b9569
[2025-01-22T11:48:26.502+0000] {taskinstance.py:3132} INFO - Exporting env vars: AIRFLOW_CTX_DAG_OWNER='mohamed' AIRFLOW_CTX_DAG_ID='taskgroups_edgelabels' AIRFLOW_CTX_TASK_ID='drop_null' AIRFLOW_CTX_EXECUTION_DATE='2025-01-22T11:48:24.232261+00:00' AIRFLOW_CTX_TRY_NUMBER='1' AIRFLOW_CTX_DAG_RUN_ID='manual__2025-01-22T11:48:24.232261+00:00'
[2025-01-22T11:48:26.504+0000] {taskinstance.py:731} INFO - ::endgroup::
[2025-01-22T11:48:26.526+0000] {warnings.py:112} WARNING - /opt/***/dags/functions.py:92: FutureWarning: Passing literal json to 'read_json' is deprecated and will be removed in a future version. To read from a literal string, wrap it in a 'StringIO' object.
  df=pd.read_json(json_data)

[2025-01-22T11:48:26.552+0000] {python.py:240} INFO - Done. Returned value was: None
[2025-01-22T11:48:26.557+0000] {taskinstance.py:340} INFO - ::group::Post task execution logs
[2025-01-22T11:48:26.558+0000] {taskinstance.py:352} INFO - Marking task as SUCCESS. dag_id=taskgroups_edgelabels, task_id=drop_null, run_id=manual__2025-01-22T11:48:24.232261+00:00, execution_date=20250122T114824, start_date=20250122T114826, end_date=20250122T114826
[2025-01-22T11:48:26.621+0000] {local_task_job_runner.py:266} INFO - Task exited with return code 0
[2025-01-22T11:48:26.637+0000] {taskinstance.py:3895} INFO - 1 downstream tasks scheduled from follow-on schedule check
[2025-01-22T11:48:26.640+0000] {local_task_job_runner.py:245} INFO - ::endgroup::
