[2025-01-19T10:58:53.747+0000] {local_task_job_runner.py:123} INFO - ::group::Pre task execution logs
[2025-01-19T10:58:53.757+0000] {taskinstance.py:2613} INFO - Dependencies all met for dep_context=non-requeueable deps ti=<TaskInstance: Data_Pipeline.not_null manual__2025-01-19T10:58:52.941423+00:00 [queued]>
[2025-01-19T10:58:53.764+0000] {taskinstance.py:2613} INFO - Dependencies all met for dep_context=requeueable deps ti=<TaskInstance: Data_Pipeline.not_null manual__2025-01-19T10:58:52.941423+00:00 [queued]>
[2025-01-19T10:58:53.765+0000] {taskinstance.py:2866} INFO - Starting attempt 1 of 1
[2025-01-19T10:58:53.779+0000] {taskinstance.py:2889} INFO - Executing <Task(PythonOperator): not_null> on 2025-01-19 10:58:52.941423+00:00
[2025-01-19T10:58:53.785+0000] {warnings.py:112} WARNING - /home/***/.local/lib/python3.12/site-packages/***/task/task_runner/standard_task_runner.py:70: DeprecationWarning: This process (pid=383) is multi-threaded, use of fork() may lead to deadlocks in the child.
  pid = os.fork()

[2025-01-19T10:58:53.787+0000] {standard_task_runner.py:104} INFO - Running: ['***', 'tasks', 'run', 'Data_Pipeline', 'not_null', 'manual__2025-01-19T10:58:52.941423+00:00', '--job-id', '53', '--raw', '--subdir', 'DAGS_FOLDER/code.py', '--cfg-path', '/tmp/tmp17enlul4']
[2025-01-19T10:58:53.790+0000] {standard_task_runner.py:72} INFO - Started process 388 to run task
[2025-01-19T10:58:53.790+0000] {standard_task_runner.py:105} INFO - Job 53: Subtask not_null
[2025-01-19T10:58:53.828+0000] {task_command.py:467} INFO - Running <TaskInstance: Data_Pipeline.not_null manual__2025-01-19T10:58:52.941423+00:00 [running]> on host d862c0b259f4
[2025-01-19T10:58:53.881+0000] {taskinstance.py:3132} INFO - Exporting env vars: AIRFLOW_CTX_DAG_OWNER='***' AIRFLOW_CTX_DAG_ID='Data_Pipeline' AIRFLOW_CTX_TASK_ID='not_null' AIRFLOW_CTX_EXECUTION_DATE='2025-01-19T10:58:52.941423+00:00' AIRFLOW_CTX_TRY_NUMBER='1' AIRFLOW_CTX_DAG_RUN_ID='manual__2025-01-19T10:58:52.941423+00:00'
[2025-01-19T10:58:53.883+0000] {taskinstance.py:731} INFO - ::endgroup::
[2025-01-19T10:58:53.902+0000] {logging_mixin.py:190} INFO - None
[2025-01-19T10:58:53.904+0000] {python.py:240} INFO - Done. Returned value was: None
[2025-01-19T10:58:53.909+0000] {taskinstance.py:340} INFO - ::group::Post task execution logs
[2025-01-19T10:58:53.911+0000] {taskinstance.py:352} INFO - Marking task as SUCCESS. dag_id=Data_Pipeline, task_id=not_null, run_id=manual__2025-01-19T10:58:52.941423+00:00, execution_date=20250119T105852, start_date=20250119T105853, end_date=20250119T105853
[2025-01-19T10:58:53.965+0000] {local_task_job_runner.py:266} INFO - Task exited with return code 0
[2025-01-19T10:58:53.975+0000] {taskinstance.py:3895} INFO - 0 downstream tasks scheduled from follow-on schedule check
[2025-01-19T10:58:53.979+0000] {local_task_job_runner.py:245} INFO - ::endgroup::
