[2025-01-19T13:04:42.425+0000] {local_task_job_runner.py:123} INFO - ::group::Pre task execution logs
[2025-01-19T13:04:42.434+0000] {taskinstance.py:2613} INFO - Dependencies all met for dep_context=non-requeueable deps ti=<TaskInstance: Data_Pipeline.mean_age manual__2025-01-19T13:04:38.845712+00:00 [queued]>
[2025-01-19T13:04:42.439+0000] {taskinstance.py:2613} INFO - Dependencies all met for dep_context=requeueable deps ti=<TaskInstance: Data_Pipeline.mean_age manual__2025-01-19T13:04:38.845712+00:00 [queued]>
[2025-01-19T13:04:42.439+0000] {taskinstance.py:2866} INFO - Starting attempt 1 of 1
[2025-01-19T13:04:42.451+0000] {taskinstance.py:2889} INFO - Executing <Task(PythonOperator): mean_age> on 2025-01-19 13:04:38.845712+00:00
[2025-01-19T13:04:42.455+0000] {warnings.py:112} WARNING - /home/***/.local/lib/python3.12/site-packages/***/task/task_runner/standard_task_runner.py:70: DeprecationWarning: This process (pid=1460) is multi-threaded, use of fork() may lead to deadlocks in the child.
  pid = os.fork()

[2025-01-19T13:04:42.456+0000] {standard_task_runner.py:72} INFO - Started process 1464 to run task
[2025-01-19T13:04:42.457+0000] {standard_task_runner.py:104} INFO - Running: ['***', 'tasks', 'run', 'Data_Pipeline', 'mean_age', 'manual__2025-01-19T13:04:38.845712+00:00', '--job-id', '100', '--raw', '--subdir', 'DAGS_FOLDER/code.py', '--cfg-path', '/tmp/tmp11a9_y84']
[2025-01-19T13:04:42.459+0000] {standard_task_runner.py:105} INFO - Job 100: Subtask mean_age
[2025-01-19T13:04:42.490+0000] {task_command.py:467} INFO - Running <TaskInstance: Data_Pipeline.mean_age manual__2025-01-19T13:04:38.845712+00:00 [running]> on host d862c0b259f4
[2025-01-19T13:04:42.546+0000] {taskinstance.py:3132} INFO - Exporting env vars: AIRFLOW_CTX_DAG_OWNER='***' AIRFLOW_CTX_DAG_ID='Data_Pipeline' AIRFLOW_CTX_TASK_ID='mean_age' AIRFLOW_CTX_EXECUTION_DATE='2025-01-19T13:04:38.845712+00:00' AIRFLOW_CTX_TRY_NUMBER='1' AIRFLOW_CTX_DAG_RUN_ID='manual__2025-01-19T13:04:38.845712+00:00'
[2025-01-19T13:04:42.547+0000] {taskinstance.py:731} INFO - ::endgroup::
[2025-01-19T13:04:42.570+0000] {warnings.py:112} WARNING - /opt/***/dags/code.py:19: FutureWarning: Passing literal json to 'read_json' is deprecated and will be removed in a future version. To read from a literal string, wrap it in a 'StringIO' object.
  df=pd.read_json(data_json)

[2025-01-19T13:04:42.579+0000] {python.py:240} INFO - Done. Returned value was: 39.182156133829
[2025-01-19T13:04:42.595+0000] {taskinstance.py:340} INFO - ::group::Post task execution logs
[2025-01-19T13:04:42.596+0000] {taskinstance.py:352} INFO - Marking task as SUCCESS. dag_id=Data_Pipeline, task_id=mean_age, run_id=manual__2025-01-19T13:04:38.845712+00:00, execution_date=20250119T130438, start_date=20250119T130442, end_date=20250119T130442
[2025-01-19T13:04:42.630+0000] {local_task_job_runner.py:266} INFO - Task exited with return code 0
[2025-01-19T13:04:42.636+0000] {local_task_job_runner.py:245} INFO - ::endgroup::
