[2025-01-19T11:01:06.586+0000] {local_task_job_runner.py:123} INFO - ::group::Pre task execution logs
[2025-01-19T11:01:06.595+0000] {taskinstance.py:2613} INFO - Dependencies all met for dep_context=non-requeueable deps ti=<TaskInstance: Data_Pipeline.not_null manual__2025-01-19T11:01:05.073113+00:00 [queued]>
[2025-01-19T11:01:06.600+0000] {taskinstance.py:2613} INFO - Dependencies all met for dep_context=requeueable deps ti=<TaskInstance: Data_Pipeline.not_null manual__2025-01-19T11:01:05.073113+00:00 [queued]>
[2025-01-19T11:01:06.601+0000] {taskinstance.py:2866} INFO - Starting attempt 1 of 1
[2025-01-19T11:01:06.611+0000] {taskinstance.py:2889} INFO - Executing <Task(PythonOperator): not_null> on 2025-01-19 11:01:05.073113+00:00
[2025-01-19T11:01:06.616+0000] {warnings.py:112} WARNING - /home/***/.local/lib/python3.12/site-packages/***/task/task_runner/standard_task_runner.py:70: DeprecationWarning: This process (pid=426) is multi-threaded, use of fork() may lead to deadlocks in the child.
  pid = os.fork()

[2025-01-19T11:01:06.618+0000] {standard_task_runner.py:72} INFO - Started process 430 to run task
[2025-01-19T11:01:06.617+0000] {standard_task_runner.py:104} INFO - Running: ['***', 'tasks', 'run', 'Data_Pipeline', 'not_null', 'manual__2025-01-19T11:01:05.073113+00:00', '--job-id', '55', '--raw', '--subdir', 'DAGS_FOLDER/code.py', '--cfg-path', '/tmp/tmpd8z7u0ix']
[2025-01-19T11:01:06.619+0000] {standard_task_runner.py:105} INFO - Job 55: Subtask not_null
[2025-01-19T11:01:06.654+0000] {task_command.py:467} INFO - Running <TaskInstance: Data_Pipeline.not_null manual__2025-01-19T11:01:05.073113+00:00 [running]> on host d862c0b259f4
[2025-01-19T11:01:06.710+0000] {taskinstance.py:3132} INFO - Exporting env vars: AIRFLOW_CTX_DAG_OWNER='***' AIRFLOW_CTX_DAG_ID='Data_Pipeline' AIRFLOW_CTX_TASK_ID='not_null' AIRFLOW_CTX_EXECUTION_DATE='2025-01-19T11:01:05.073113+00:00' AIRFLOW_CTX_TRY_NUMBER='1' AIRFLOW_CTX_DAG_RUN_ID='manual__2025-01-19T11:01:05.073113+00:00'
[2025-01-19T11:01:06.712+0000] {taskinstance.py:731} INFO - ::endgroup::
[2025-01-19T11:01:06.728+0000] {logging_mixin.py:190} INFO - None
[2025-01-19T11:01:06.729+0000] {python.py:240} INFO - Done. Returned value was: None
[2025-01-19T11:01:06.735+0000] {taskinstance.py:340} INFO - ::group::Post task execution logs
[2025-01-19T11:01:06.736+0000] {taskinstance.py:352} INFO - Marking task as SUCCESS. dag_id=Data_Pipeline, task_id=not_null, run_id=manual__2025-01-19T11:01:05.073113+00:00, execution_date=20250119T110105, start_date=20250119T110106, end_date=20250119T110106
[2025-01-19T11:01:06.792+0000] {local_task_job_runner.py:266} INFO - Task exited with return code 0
[2025-01-19T11:01:06.803+0000] {taskinstance.py:3895} INFO - 0 downstream tasks scheduled from follow-on schedule check
[2025-01-19T11:01:06.808+0000] {local_task_job_runner.py:245} INFO - ::endgroup::
