[2025-01-23T09:50:45.574+0000] {local_task_job_runner.py:123} INFO - ::group::Pre task execution logs
[2025-01-23T09:50:45.588+0000] {taskinstance.py:2613} INFO - Dependencies all met for dep_context=non-requeueable deps ti=<TaskInstance: taskgroupbs_edgelabels.filter_by_southest manual__2025-01-23T09:50:41.464053+00:00 [queued]>
[2025-01-23T09:50:45.594+0000] {taskinstance.py:2613} INFO - Dependencies all met for dep_context=requeueable deps ti=<TaskInstance: taskgroupbs_edgelabels.filter_by_southest manual__2025-01-23T09:50:41.464053+00:00 [queued]>
[2025-01-23T09:50:45.595+0000] {taskinstance.py:2866} INFO - Starting attempt 1 of 1
[2025-01-23T09:50:45.606+0000] {taskinstance.py:2889} INFO - Executing <Task(PythonOperator): filter_by_southest> on 2025-01-23 09:50:41.464053+00:00
[2025-01-23T09:50:45.611+0000] {warnings.py:112} WARNING - /home/***/.local/lib/python3.12/site-packages/***/task/task_runner/standard_task_runner.py:70: DeprecationWarning: This process (pid=1280) is multi-threaded, use of fork() may lead to deadlocks in the child.
  pid = os.fork()

[2025-01-23T09:50:45.613+0000] {standard_task_runner.py:72} INFO - Started process 1282 to run task
[2025-01-23T09:50:45.612+0000] {standard_task_runner.py:104} INFO - Running: ['***', 'tasks', 'run', 'taskgroupbs_edgelabels', 'filter_by_southest', 'manual__2025-01-23T09:50:41.464053+00:00', '--job-id', '345', '--raw', '--subdir', 'DAGS_FOLDER/taskgroups_edgelabels.py', '--cfg-path', '/tmp/tmp_y2thf2i']
[2025-01-23T09:50:45.614+0000] {standard_task_runner.py:105} INFO - Job 345: Subtask filter_by_southest
[2025-01-23T09:50:45.645+0000] {task_command.py:467} INFO - Running <TaskInstance: taskgroupbs_edgelabels.filter_by_southest manual__2025-01-23T09:50:41.464053+00:00 [running]> on host 7854821b9569
[2025-01-23T09:50:45.818+0000] {taskinstance.py:3132} INFO - Exporting env vars: AIRFLOW_CTX_DAG_OWNER='mohamed' AIRFLOW_CTX_DAG_ID='taskgroupbs_edgelabels' AIRFLOW_CTX_TASK_ID='filter_by_southest' AIRFLOW_CTX_EXECUTION_DATE='2025-01-23T09:50:41.464053+00:00' AIRFLOW_CTX_TRY_NUMBER='1' AIRFLOW_CTX_DAG_RUN_ID='manual__2025-01-23T09:50:41.464053+00:00'
[2025-01-23T09:50:45.819+0000] {taskinstance.py:731} INFO - ::endgroup::
[2025-01-23T09:50:45.838+0000] {warnings.py:112} WARNING - /opt/***/dags/functions.py:105: FutureWarning: Passing literal json to 'read_json' is deprecated and will be removed in a future version. To read from a literal string, wrap it in a 'StringIO' object.
  df=pd.read_json(json_data)

[2025-01-23T09:50:45.858+0000] {python.py:240} INFO - Done. Returned value was: None
[2025-01-23T09:50:45.864+0000] {taskinstance.py:340} INFO - ::group::Post task execution logs
[2025-01-23T09:50:45.865+0000] {taskinstance.py:352} INFO - Marking task as SUCCESS. dag_id=taskgroupbs_edgelabels, task_id=filter_by_southest, run_id=manual__2025-01-23T09:50:41.464053+00:00, execution_date=20250123T095041, start_date=20250123T095045, end_date=20250123T095045
[2025-01-23T09:50:45.907+0000] {local_task_job_runner.py:266} INFO - Task exited with return code 0
[2025-01-23T09:50:45.917+0000] {taskinstance.py:3895} INFO - 0 downstream tasks scheduled from follow-on schedule check
[2025-01-23T09:50:45.920+0000] {local_task_job_runner.py:245} INFO - ::endgroup::
