[2025-01-23T09:53:02.973+0000] {local_task_job_runner.py:123} INFO - ::group::Pre task execution logs
[2025-01-23T09:53:02.986+0000] {taskinstance.py:2613} INFO - Dependencies all met for dep_context=non-requeueable deps ti=<TaskInstance: taskgroupbs_edgelabels.filter_by_southwest manual__2025-01-23T09:52:59.424987+00:00 [queued]>
[2025-01-23T09:53:02.992+0000] {taskinstance.py:2613} INFO - Dependencies all met for dep_context=requeueable deps ti=<TaskInstance: taskgroupbs_edgelabels.filter_by_southwest manual__2025-01-23T09:52:59.424987+00:00 [queued]>
[2025-01-23T09:53:02.993+0000] {taskinstance.py:2866} INFO - Starting attempt 1 of 1
[2025-01-23T09:53:03.003+0000] {taskinstance.py:2889} INFO - Executing <Task(PythonOperator): filter_by_southwest> on 2025-01-23 09:52:59.424987+00:00
[2025-01-23T09:53:03.008+0000] {warnings.py:112} WARNING - /home/***/.local/lib/python3.12/site-packages/***/task/task_runner/standard_task_runner.py:70: DeprecationWarning: This process (pid=1353) is multi-threaded, use of fork() may lead to deadlocks in the child.
  pid = os.fork()

[2025-01-23T09:53:03.009+0000] {standard_task_runner.py:72} INFO - Started process 1355 to run task
[2025-01-23T09:53:03.009+0000] {standard_task_runner.py:104} INFO - Running: ['***', 'tasks', 'run', 'taskgroupbs_edgelabels', 'filter_by_southwest', 'manual__2025-01-23T09:52:59.424987+00:00', '--job-id', '356', '--raw', '--subdir', 'DAGS_FOLDER/taskgroups_edgelabels.py', '--cfg-path', '/tmp/tmplw8p1m22']
[2025-01-23T09:53:03.011+0000] {standard_task_runner.py:105} INFO - Job 356: Subtask filter_by_southwest
[2025-01-23T09:53:03.041+0000] {task_command.py:467} INFO - Running <TaskInstance: taskgroupbs_edgelabels.filter_by_southwest manual__2025-01-23T09:52:59.424987+00:00 [running]> on host 7854821b9569
[2025-01-23T09:53:03.197+0000] {taskinstance.py:3132} INFO - Exporting env vars: AIRFLOW_CTX_DAG_OWNER='mohamed' AIRFLOW_CTX_DAG_ID='taskgroupbs_edgelabels' AIRFLOW_CTX_TASK_ID='filter_by_southwest' AIRFLOW_CTX_EXECUTION_DATE='2025-01-23T09:52:59.424987+00:00' AIRFLOW_CTX_TRY_NUMBER='1' AIRFLOW_CTX_DAG_RUN_ID='manual__2025-01-23T09:52:59.424987+00:00'
[2025-01-23T09:53:03.198+0000] {taskinstance.py:731} INFO - ::endgroup::
[2025-01-23T09:53:03.214+0000] {warnings.py:112} WARNING - /opt/***/dags/functions.py:105: FutureWarning: Passing literal json to 'read_json' is deprecated and will be removed in a future version. To read from a literal string, wrap it in a 'StringIO' object.
  df=pd.read_json(json_data)

[2025-01-23T09:53:03.233+0000] {python.py:240} INFO - Done. Returned value was: None
[2025-01-23T09:53:03.238+0000] {taskinstance.py:340} INFO - ::group::Post task execution logs
[2025-01-23T09:53:03.238+0000] {taskinstance.py:352} INFO - Marking task as SUCCESS. dag_id=taskgroupbs_edgelabels, task_id=filter_by_southwest, run_id=manual__2025-01-23T09:52:59.424987+00:00, execution_date=20250123T095259, start_date=20250123T095302, end_date=20250123T095303
[2025-01-23T09:53:03.264+0000] {local_task_job_runner.py:266} INFO - Task exited with return code 0
[2025-01-23T09:53:03.274+0000] {taskinstance.py:3895} INFO - 0 downstream tasks scheduled from follow-on schedule check
[2025-01-23T09:53:03.278+0000] {local_task_job_runner.py:245} INFO - ::endgroup::
