[2025-01-20T13:41:34.125+0000] {local_task_job_runner.py:123} INFO - ::group::Pre task execution logs
[2025-01-20T13:41:34.134+0000] {taskinstance.py:2613} INFO - Dependencies all met for dep_context=non-requeueable deps ti=<TaskInstance: connection_postgre.groupby_rental manual__2025-01-20T13:41:30.104066+00:00 [queued]>
[2025-01-20T13:41:34.140+0000] {taskinstance.py:2613} INFO - Dependencies all met for dep_context=requeueable deps ti=<TaskInstance: connection_postgre.groupby_rental manual__2025-01-20T13:41:30.104066+00:00 [queued]>
[2025-01-20T13:41:34.141+0000] {taskinstance.py:2866} INFO - Starting attempt 1 of 1
[2025-01-20T13:41:34.150+0000] {taskinstance.py:2889} INFO - Executing <Task(PythonOperator): groupby_rental> on 2025-01-20 13:41:30.104066+00:00
[2025-01-20T13:41:34.155+0000] {warnings.py:112} WARNING - /home/***/.local/lib/python3.12/site-packages/***/task/task_runner/standard_task_runner.py:70: DeprecationWarning: This process (pid=2223) is multi-threaded, use of fork() may lead to deadlocks in the child.
  pid = os.fork()

[2025-01-20T13:41:34.156+0000] {standard_task_runner.py:72} INFO - Started process 2225 to run task
[2025-01-20T13:41:34.156+0000] {standard_task_runner.py:104} INFO - Running: ['***', 'tasks', 'run', 'connection_postgre', 'groupby_rental', 'manual__2025-01-20T13:41:30.104066+00:00', '--job-id', '158', '--raw', '--subdir', 'DAGS_FOLDER/postgre.py', '--cfg-path', '/tmp/tmpwt1nin_j']
[2025-01-20T13:41:34.158+0000] {standard_task_runner.py:105} INFO - Job 158: Subtask groupby_rental
[2025-01-20T13:41:34.186+0000] {task_command.py:467} INFO - Running <TaskInstance: connection_postgre.groupby_rental manual__2025-01-20T13:41:30.104066+00:00 [running]> on host 7854821b9569
[2025-01-20T13:41:34.332+0000] {taskinstance.py:3132} INFO - Exporting env vars: AIRFLOW_CTX_DAG_OWNER='***' AIRFLOW_CTX_DAG_ID='connection_postgre' AIRFLOW_CTX_TASK_ID='groupby_rental' AIRFLOW_CTX_EXECUTION_DATE='2025-01-20T13:41:30.104066+00:00' AIRFLOW_CTX_TRY_NUMBER='1' AIRFLOW_CTX_DAG_RUN_ID='manual__2025-01-20T13:41:30.104066+00:00'
[2025-01-20T13:41:34.334+0000] {taskinstance.py:731} INFO - ::endgroup::
[2025-01-20T13:41:34.373+0000] {warnings.py:112} WARNING - /opt/***/dags/postgre.py:23: FutureWarning: Passing literal json to 'read_json' is deprecated and will be removed in a future version. To read from a literal string, wrap it in a 'StringIO' object.
  df=pd.read_json(json_data)

[2025-01-20T13:41:34.459+0000] {python.py:240} INFO - Done. Returned value was: None
[2025-01-20T13:41:34.465+0000] {taskinstance.py:340} INFO - ::group::Post task execution logs
[2025-01-20T13:41:34.466+0000] {taskinstance.py:352} INFO - Marking task as SUCCESS. dag_id=connection_postgre, task_id=groupby_rental, run_id=manual__2025-01-20T13:41:30.104066+00:00, execution_date=20250120T134130, start_date=20250120T134134, end_date=20250120T134134
[2025-01-20T13:41:34.531+0000] {local_task_job_runner.py:266} INFO - Task exited with return code 0
[2025-01-20T13:41:34.541+0000] {taskinstance.py:3895} INFO - 0 downstream tasks scheduled from follow-on schedule check
[2025-01-20T13:41:34.544+0000] {local_task_job_runner.py:245} INFO - ::endgroup::
